[2024-11-28T08:47:14.231+0000] {local_task_job_runner.py:123} INFO - ::group::Pre task execution logs
[2024-11-28T08:47:14.236+0000] {taskinstance.py:2613} INFO - Dependencies all met for dep_context=non-requeueable deps ti=<TaskInstance: download_rocket_launches.get_pictures manual__2024-11-28T08:47:10.289617+00:00 [queued]>
[2024-11-28T08:47:14.238+0000] {taskinstance.py:2613} INFO - Dependencies all met for dep_context=requeueable deps ti=<TaskInstance: download_rocket_launches.get_pictures manual__2024-11-28T08:47:10.289617+00:00 [queued]>
[2024-11-28T08:47:14.238+0000] {taskinstance.py:2866} INFO - Starting attempt 1 of 1
[2024-11-28T08:47:14.242+0000] {taskinstance.py:2889} INFO - Executing <Task(PythonOperator): get_pictures> on 2024-11-28 08:47:10.289617+00:00
[2024-11-28T08:47:14.244+0000] {warnings.py:112} WARNING - /home/***/.local/lib/python3.12/site-packages/***/task/task_runner/standard_task_runner.py:70: DeprecationWarning: This process (pid=1376) is multi-threaded, use of fork() may lead to deadlocks in the child.
  pid = os.fork()

[2024-11-28T08:47:14.245+0000] {standard_task_runner.py:72} INFO - Started process 1377 to run task
[2024-11-28T08:47:14.245+0000] {standard_task_runner.py:104} INFO - Running: ['***', 'tasks', 'run', 'download_rocket_launches', 'get_pictures', 'manual__2024-11-28T08:47:10.289617+00:00', '--job-id', '6', '--raw', '--subdir', 'DAGS_FOLDER/download_rocket_launch.py', '--cfg-path', '/tmp/tmpebnjxoys']
[2024-11-28T08:47:14.246+0000] {standard_task_runner.py:105} INFO - Job 6: Subtask get_pictures
[2024-11-28T08:47:14.264+0000] {task_command.py:467} INFO - Running <TaskInstance: download_rocket_launches.get_pictures manual__2024-11-28T08:47:10.289617+00:00 [running]> on host 7949ba71cb80
[2024-11-28T08:47:14.289+0000] {taskinstance.py:3132} INFO - Exporting env vars: AIRFLOW_CTX_DAG_OWNER='***' AIRFLOW_CTX_DAG_ID='download_rocket_launches' AIRFLOW_CTX_TASK_ID='get_pictures' AIRFLOW_CTX_EXECUTION_DATE='2024-11-28T08:47:10.289617+00:00' AIRFLOW_CTX_TRY_NUMBER='1' AIRFLOW_CTX_DAG_RUN_ID='manual__2024-11-28T08:47:10.289617+00:00'
[2024-11-28T08:47:14.290+0000] {logging_mixin.py:190} INFO - Task instance is in running state
[2024-11-28T08:47:14.290+0000] {logging_mixin.py:190} INFO -  Previous state of the Task instance: queued
[2024-11-28T08:47:14.290+0000] {logging_mixin.py:190} INFO - Current task name:get_pictures state:running start_date:2024-11-28 08:47:14.236556+00:00
[2024-11-28T08:47:14.290+0000] {logging_mixin.py:190} INFO - Dag name:download_rocket_launches and current dag run status:running
[2024-11-28T08:47:14.290+0000] {taskinstance.py:731} INFO - ::endgroup::
[2024-11-28T08:47:14.484+0000] {logging_mixin.py:190} INFO - Downloaded https://thespacedevs-prod.nyc3.digitaloceanspaces.com/media/images/soyuz_2.1b_image_20230802085331.jpg to /tmp/images/soyuz_2.1b_image_20230802085331.jpg
[2024-11-28T08:47:14.623+0000] {logging_mixin.py:190} INFO - Downloaded https://thespacedevs-prod.nyc3.digitaloceanspaces.com/media/images/soyuz_on_the_la_image_20241127185454.jpg to /tmp/images/soyuz_on_the_la_image_20241127185454.jpg
[2024-11-28T08:47:14.797+0000] {logging_mixin.py:190} INFO - Downloaded https://thespacedevs-prod.nyc3.digitaloceanspaces.com/media/images/falcon2520925_image_20221009234147.png to /tmp/images/falcon2520925_image_20221009234147.png
[2024-11-28T08:47:14.955+0000] {logging_mixin.py:190} INFO - Downloaded https://thespacedevs-prod.nyc3.digitaloceanspaces.com/media/images/falcon_9_on_slc_image_20241024165956.jpg to /tmp/images/falcon_9_on_slc_image_20241024165956.jpg
[2024-11-28T08:47:14.956+0000] {logging_mixin.py:190} INFO - None appears to be an invalid URL.
[2024-11-28T08:47:15.217+0000] {logging_mixin.py:190} INFO - Downloaded https://thespacedevs-prod.nyc3.digitaloceanspaces.com/media/images/cz-6a_liftoff__image_20241020123401.jpg to /tmp/images/cz-6a_liftoff__image_20241020123401.jpg
[2024-11-28T08:47:15.398+0000] {logging_mixin.py:190} INFO - Downloaded https://thespacedevs-prod.nyc3.digitaloceanspaces.com/media/images/long2520march25203_image_20190222031215.jpeg to /tmp/images/long2520march25203_image_20190222031215.jpeg
[2024-11-28T08:47:15.587+0000] {logging_mixin.py:190} INFO - Downloaded https://thespacedevs-prod.nyc3.digitaloceanspaces.com/media/images/falcon2520925_image_20221009234147.png to /tmp/images/falcon2520925_image_20221009234147.png
[2024-11-28T08:47:15.787+0000] {logging_mixin.py:190} INFO - Downloaded https://thespacedevs-prod.nyc3.digitaloceanspaces.com/media/images/falcon2520925_image_20221009234147.png to /tmp/images/falcon2520925_image_20221009234147.png
[2024-11-28T08:47:16.031+0000] {logging_mixin.py:190} INFO - Downloaded https://thespacedevs-prod.nyc3.digitaloceanspaces.com/media/images/pslv_image_20190224012254.jpeg to /tmp/images/pslv_image_20190224012254.jpeg
[2024-11-28T08:47:16.033+0000] {python.py:240} INFO - Done. Returned value was: None
[2024-11-28T08:47:16.048+0000] {taskinstance.py:340} INFO - ::group::Post task execution logs
[2024-11-28T08:47:16.049+0000] {taskinstance.py:352} INFO - Marking task as SUCCESS. dag_id=download_rocket_launches, task_id=get_pictures, run_id=manual__2024-11-28T08:47:10.289617+00:00, execution_date=20241128T084710, start_date=20241128T084714, end_date=20241128T084716
[2024-11-28T08:47:16.057+0000] {logging_mixin.py:190} INFO - Task instance in success state
[2024-11-28T08:47:16.057+0000] {logging_mixin.py:190} INFO -  Previous state of the Task instance: running
[2024-11-28T08:47:16.057+0000] {logging_mixin.py:190} INFO - Dag name:download_rocket_launches queued_at:2024-11-28 08:47:10.304266+00:00
[2024-11-28T08:47:16.057+0000] {logging_mixin.py:190} INFO - Task hostname:7949ba71cb80 operator:PythonOperator
[2024-11-28T08:47:16.087+0000] {local_task_job_runner.py:266} INFO - Task exited with return code 0
[2024-11-28T08:47:16.104+0000] {taskinstance.py:3895} INFO - 1 downstream tasks scheduled from follow-on schedule check
[2024-11-28T08:47:16.105+0000] {local_task_job_runner.py:245} INFO - ::endgroup::
