[2024-12-19T21:55:22.429+0000] {local_task_job_runner.py:123} INFO - ::group::Pre task execution logs
[2024-12-19T21:55:22.496+0000] {taskinstance.py:2613} INFO - Dependencies all met for dep_context=non-requeueable deps ti=<TaskInstance: atomic_idm.fetch_events scheduled__2024-11-25T00:00:00+00:00 [queued]>
[2024-12-19T21:55:22.519+0000] {taskinstance.py:2613} INFO - Dependencies all met for dep_context=requeueable deps ti=<TaskInstance: atomic_idm.fetch_events scheduled__2024-11-25T00:00:00+00:00 [queued]>
[2024-12-19T21:55:22.525+0000] {taskinstance.py:2866} INFO - Starting attempt 1 of 1
[2024-12-19T21:55:22.847+0000] {taskinstance.py:2889} INFO - Executing <Task(BashOperator): fetch_events> on 2024-11-25 00:00:00+00:00
[2024-12-19T21:55:22.856+0000] {warnings.py:112} WARNING - /home/***/.local/lib/python3.12/site-packages/***/task/task_runner/standard_task_runner.py:70: DeprecationWarning: This process (pid=387) is multi-threaded, use of fork() may lead to deadlocks in the child.
  pid = os.fork()

[2024-12-19T21:55:22.861+0000] {standard_task_runner.py:72} INFO - Started process 419 to run task
[2024-12-19T21:55:22.867+0000] {standard_task_runner.py:104} INFO - Running: ['***', 'tasks', 'run', 'atomic_idm', 'fetch_events', 'scheduled__2024-11-25T00:00:00+00:00', '--job-id', '188', '--raw', '--subdir', 'DAGS_FOLDER/atomicity_idempotency.py', '--cfg-path', '/tmp/tmpmezrymp6']
[2024-12-19T21:55:22.873+0000] {standard_task_runner.py:105} INFO - Job 188: Subtask fetch_events
[2024-12-19T21:55:22.986+0000] {task_command.py:467} INFO - Running <TaskInstance: atomic_idm.fetch_events scheduled__2024-11-25T00:00:00+00:00 [running]> on host 447a91cba43e
[2024-12-19T21:55:23.131+0000] {taskinstance.py:3132} INFO - Exporting env vars: AIRFLOW_CTX_DAG_OWNER='***' AIRFLOW_CTX_DAG_ID='atomic_idm' AIRFLOW_CTX_TASK_ID='fetch_events' AIRFLOW_CTX_EXECUTION_DATE='2024-11-25T00:00:00+00:00' AIRFLOW_CTX_TRY_NUMBER='1' AIRFLOW_CTX_DAG_RUN_ID='scheduled__2024-11-25T00:00:00+00:00'
[2024-12-19T21:55:23.135+0000] {logging_mixin.py:190} INFO - Task instance is in running state
[2024-12-19T21:55:23.137+0000] {logging_mixin.py:190} INFO -  Previous state of the Task instance: queued
[2024-12-19T21:55:23.138+0000] {logging_mixin.py:190} INFO - Current task name:fetch_events state:running start_date:2024-12-19 21:55:22.501683+00:00
[2024-12-19T21:55:23.140+0000] {logging_mixin.py:190} INFO - Dag name:atomic_idm and current dag run status:running
[2024-12-19T21:55:23.144+0000] {taskinstance.py:731} INFO - ::endgroup::
[2024-12-19T21:55:23.147+0000] {subprocess.py:78} INFO - Tmp dir root location: /tmp
[2024-12-19T21:55:23.156+0000] {subprocess.py:88} INFO - Running command: ['/usr/bin/bash', '-c', 'curl -o /tmp/data/events.json_2024-11-25 http://events_api:5000/events?start_date=2024-12-19&end_date=2024-12-20']
[2024-12-19T21:55:23.175+0000] {subprocess.py:99} INFO - Output:
[2024-12-19T21:55:23.200+0000] {subprocess.py:106} INFO -   % Total    % Received % Xferd  Average Speed   Time    Time     Time  Current
[2024-12-19T21:55:23.202+0000] {subprocess.py:106} INFO -                                  Dload  Upload   Total   Spent    Left  Speed
[2024-12-19T21:55:23.208+0000] {subprocess.py:106} INFO -   0     0    0     0    0     0      0      0 --:--:-- --:--:-- --:--:--     0100     3  100     3    0     0    256      0 --:--:-- --:--:-- --:--:--   272
[2024-12-19T21:55:23.210+0000] {subprocess.py:110} INFO - Command exited with return code 0
[2024-12-19T21:55:23.305+0000] {taskinstance.py:340} INFO - ::group::Post task execution logs
[2024-12-19T21:55:23.312+0000] {taskinstance.py:352} INFO - Marking task as SUCCESS. dag_id=atomic_idm, task_id=fetch_events, run_id=scheduled__2024-11-25T00:00:00+00:00, execution_date=20241125T000000, start_date=20241219T215522, end_date=20241219T215523
[2024-12-19T21:55:23.358+0000] {logging_mixin.py:190} INFO - Task instance in success state
[2024-12-19T21:55:23.366+0000] {logging_mixin.py:190} INFO -  Previous state of the Task instance: running
[2024-12-19T21:55:23.374+0000] {logging_mixin.py:190} INFO - Dag name:atomic_idm queued_at:2024-12-19 21:55:20.401489+00:00
[2024-12-19T21:55:23.389+0000] {logging_mixin.py:190} INFO - Task hostname:447a91cba43e operator:BashOperator
[2024-12-19T21:55:23.431+0000] {local_task_job_runner.py:266} INFO - Task exited with return code 0
[2024-12-19T21:55:23.521+0000] {taskinstance.py:3895} INFO - 1 downstream tasks scheduled from follow-on schedule check
[2024-12-19T21:55:23.526+0000] {local_task_job_runner.py:245} INFO - ::endgroup::
