[2024-11-29T07:57:57.495+0000] {processor.py:186} INFO - Started process (PID=58) to work on /home/airflow/.local/lib/python3.12/site-packages/airflow/example_dags/example_branch_python_dop_operator_3.py
[2024-11-29T07:57:57.496+0000] {processor.py:914} INFO - Processing file /home/airflow/.local/lib/python3.12/site-packages/airflow/example_dags/example_branch_python_dop_operator_3.py for tasks to queue
[2024-11-29T07:57:57.497+0000] {logging_mixin.py:190} INFO - [2024-11-29T07:57:57.496+0000] {dagbag.py:588} INFO - Filling up the DagBag from /home/airflow/.local/lib/python3.12/site-packages/airflow/example_dags/example_branch_python_dop_operator_3.py
[2024-11-29T07:57:57.502+0000] {processor.py:925} INFO - DAG(s) 'example_branch_dop_operator_v3' retrieved from /home/airflow/.local/lib/python3.12/site-packages/airflow/example_dags/example_branch_python_dop_operator_3.py
[2024-11-29T07:57:57.512+0000] {logging_mixin.py:190} INFO - [2024-11-29T07:57:57.512+0000] {dag.py:3239} INFO - Sync 1 DAGs
[2024-11-29T07:57:57.522+0000] {logging_mixin.py:190} INFO - [2024-11-29T07:57:57.522+0000] {dag.py:4180} INFO - Setting next_dagrun for example_branch_dop_operator_v3 to 2024-11-29 07:56:00+00:00, run_after=2024-11-29 07:57:00+00:00
[2024-11-29T07:57:57.529+0000] {processor.py:208} INFO - Processing /home/airflow/.local/lib/python3.12/site-packages/airflow/example_dags/example_branch_python_dop_operator_3.py took 0.036 seconds
[2024-11-29T07:58:27.847+0000] {processor.py:186} INFO - Started process (PID=122) to work on /home/airflow/.local/lib/python3.12/site-packages/airflow/example_dags/example_branch_python_dop_operator_3.py
[2024-11-29T07:58:27.848+0000] {processor.py:914} INFO - Processing file /home/airflow/.local/lib/python3.12/site-packages/airflow/example_dags/example_branch_python_dop_operator_3.py for tasks to queue
[2024-11-29T07:58:27.848+0000] {logging_mixin.py:190} INFO - [2024-11-29T07:58:27.848+0000] {dagbag.py:588} INFO - Filling up the DagBag from /home/airflow/.local/lib/python3.12/site-packages/airflow/example_dags/example_branch_python_dop_operator_3.py
[2024-11-29T07:58:27.852+0000] {processor.py:925} INFO - DAG(s) 'example_branch_dop_operator_v3' retrieved from /home/airflow/.local/lib/python3.12/site-packages/airflow/example_dags/example_branch_python_dop_operator_3.py
[2024-11-29T07:58:27.859+0000] {logging_mixin.py:190} INFO - [2024-11-29T07:58:27.859+0000] {dag.py:3239} INFO - Sync 1 DAGs
[2024-11-29T07:58:27.868+0000] {logging_mixin.py:190} INFO - [2024-11-29T07:58:27.868+0000] {dag.py:4180} INFO - Setting next_dagrun for example_branch_dop_operator_v3 to 2024-11-29 07:57:00+00:00, run_after=2024-11-29 07:58:00+00:00
[2024-11-29T07:58:27.874+0000] {processor.py:208} INFO - Processing /home/airflow/.local/lib/python3.12/site-packages/airflow/example_dags/example_branch_python_dop_operator_3.py took 0.029 seconds
[2024-11-29T07:58:58.135+0000] {processor.py:186} INFO - Started process (PID=185) to work on /home/airflow/.local/lib/python3.12/site-packages/airflow/example_dags/example_branch_python_dop_operator_3.py
[2024-11-29T07:58:58.136+0000] {processor.py:914} INFO - Processing file /home/airflow/.local/lib/python3.12/site-packages/airflow/example_dags/example_branch_python_dop_operator_3.py for tasks to queue
[2024-11-29T07:58:58.138+0000] {logging_mixin.py:190} INFO - [2024-11-29T07:58:58.138+0000] {dagbag.py:588} INFO - Filling up the DagBag from /home/airflow/.local/lib/python3.12/site-packages/airflow/example_dags/example_branch_python_dop_operator_3.py
[2024-11-29T07:58:58.143+0000] {processor.py:925} INFO - DAG(s) 'example_branch_dop_operator_v3' retrieved from /home/airflow/.local/lib/python3.12/site-packages/airflow/example_dags/example_branch_python_dop_operator_3.py
[2024-11-29T07:58:58.150+0000] {logging_mixin.py:190} INFO - [2024-11-29T07:58:58.150+0000] {dag.py:3239} INFO - Sync 1 DAGs
[2024-11-29T07:58:58.159+0000] {logging_mixin.py:190} INFO - [2024-11-29T07:58:58.159+0000] {dag.py:4180} INFO - Setting next_dagrun for example_branch_dop_operator_v3 to 2024-11-29 07:57:00+00:00, run_after=2024-11-29 07:58:00+00:00
[2024-11-29T07:58:58.165+0000] {processor.py:208} INFO - Processing /home/airflow/.local/lib/python3.12/site-packages/airflow/example_dags/example_branch_python_dop_operator_3.py took 0.032 seconds
[2024-11-29T07:59:28.281+0000] {processor.py:186} INFO - Started process (PID=248) to work on /home/airflow/.local/lib/python3.12/site-packages/airflow/example_dags/example_branch_python_dop_operator_3.py
[2024-11-29T07:59:28.282+0000] {processor.py:914} INFO - Processing file /home/airflow/.local/lib/python3.12/site-packages/airflow/example_dags/example_branch_python_dop_operator_3.py for tasks to queue
[2024-11-29T07:59:28.283+0000] {logging_mixin.py:190} INFO - [2024-11-29T07:59:28.283+0000] {dagbag.py:588} INFO - Filling up the DagBag from /home/airflow/.local/lib/python3.12/site-packages/airflow/example_dags/example_branch_python_dop_operator_3.py
[2024-11-29T07:59:28.288+0000] {processor.py:925} INFO - DAG(s) 'example_branch_dop_operator_v3' retrieved from /home/airflow/.local/lib/python3.12/site-packages/airflow/example_dags/example_branch_python_dop_operator_3.py
[2024-11-29T07:59:28.300+0000] {logging_mixin.py:190} INFO - [2024-11-29T07:59:28.300+0000] {dag.py:3239} INFO - Sync 1 DAGs
[2024-11-29T07:59:28.308+0000] {logging_mixin.py:190} INFO - [2024-11-29T07:59:28.308+0000] {dag.py:4180} INFO - Setting next_dagrun for example_branch_dop_operator_v3 to 2024-11-29 07:58:00+00:00, run_after=2024-11-29 07:59:00+00:00
[2024-11-29T07:59:28.316+0000] {processor.py:208} INFO - Processing /home/airflow/.local/lib/python3.12/site-packages/airflow/example_dags/example_branch_python_dop_operator_3.py took 0.038 seconds
[2024-11-29T07:59:59.644+0000] {processor.py:186} INFO - Started process (PID=314) to work on /home/airflow/.local/lib/python3.12/site-packages/airflow/example_dags/example_branch_python_dop_operator_3.py
[2024-11-29T07:59:59.645+0000] {processor.py:914} INFO - Processing file /home/airflow/.local/lib/python3.12/site-packages/airflow/example_dags/example_branch_python_dop_operator_3.py for tasks to queue
[2024-11-29T07:59:59.646+0000] {logging_mixin.py:190} INFO - [2024-11-29T07:59:59.646+0000] {dagbag.py:588} INFO - Filling up the DagBag from /home/airflow/.local/lib/python3.12/site-packages/airflow/example_dags/example_branch_python_dop_operator_3.py
[2024-11-29T07:59:59.650+0000] {processor.py:925} INFO - DAG(s) 'example_branch_dop_operator_v3' retrieved from /home/airflow/.local/lib/python3.12/site-packages/airflow/example_dags/example_branch_python_dop_operator_3.py
[2024-11-29T07:59:59.658+0000] {logging_mixin.py:190} INFO - [2024-11-29T07:59:59.658+0000] {dag.py:3239} INFO - Sync 1 DAGs
[2024-11-29T07:59:59.666+0000] {logging_mixin.py:190} INFO - [2024-11-29T07:59:59.666+0000] {dag.py:4180} INFO - Setting next_dagrun for example_branch_dop_operator_v3 to 2024-11-29 07:58:00+00:00, run_after=2024-11-29 07:59:00+00:00
[2024-11-29T07:59:59.672+0000] {processor.py:208} INFO - Processing /home/airflow/.local/lib/python3.12/site-packages/airflow/example_dags/example_branch_python_dop_operator_3.py took 0.030 seconds
[2024-11-29T08:00:30.699+0000] {processor.py:186} INFO - Started process (PID=378) to work on /home/airflow/.local/lib/python3.12/site-packages/airflow/example_dags/example_branch_python_dop_operator_3.py
[2024-11-29T08:00:30.699+0000] {processor.py:914} INFO - Processing file /home/airflow/.local/lib/python3.12/site-packages/airflow/example_dags/example_branch_python_dop_operator_3.py for tasks to queue
[2024-11-29T08:00:30.700+0000] {logging_mixin.py:190} INFO - [2024-11-29T08:00:30.700+0000] {dagbag.py:588} INFO - Filling up the DagBag from /home/airflow/.local/lib/python3.12/site-packages/airflow/example_dags/example_branch_python_dop_operator_3.py
[2024-11-29T08:00:30.704+0000] {processor.py:925} INFO - DAG(s) 'example_branch_dop_operator_v3' retrieved from /home/airflow/.local/lib/python3.12/site-packages/airflow/example_dags/example_branch_python_dop_operator_3.py
[2024-11-29T08:00:30.712+0000] {logging_mixin.py:190} INFO - [2024-11-29T08:00:30.712+0000] {dag.py:3239} INFO - Sync 1 DAGs
[2024-11-29T08:00:30.721+0000] {logging_mixin.py:190} INFO - [2024-11-29T08:00:30.721+0000] {dag.py:4180} INFO - Setting next_dagrun for example_branch_dop_operator_v3 to 2024-11-29 07:59:00+00:00, run_after=2024-11-29 08:00:00+00:00
[2024-11-29T08:00:30.727+0000] {processor.py:208} INFO - Processing /home/airflow/.local/lib/python3.12/site-packages/airflow/example_dags/example_branch_python_dop_operator_3.py took 0.031 seconds
[2024-11-29T08:01:01.873+0000] {processor.py:186} INFO - Started process (PID=442) to work on /home/airflow/.local/lib/python3.12/site-packages/airflow/example_dags/example_branch_python_dop_operator_3.py
[2024-11-29T08:01:01.874+0000] {processor.py:914} INFO - Processing file /home/airflow/.local/lib/python3.12/site-packages/airflow/example_dags/example_branch_python_dop_operator_3.py for tasks to queue
[2024-11-29T08:01:01.875+0000] {logging_mixin.py:190} INFO - [2024-11-29T08:01:01.875+0000] {dagbag.py:588} INFO - Filling up the DagBag from /home/airflow/.local/lib/python3.12/site-packages/airflow/example_dags/example_branch_python_dop_operator_3.py
[2024-11-29T08:01:01.881+0000] {processor.py:925} INFO - DAG(s) 'example_branch_dop_operator_v3' retrieved from /home/airflow/.local/lib/python3.12/site-packages/airflow/example_dags/example_branch_python_dop_operator_3.py
[2024-11-29T08:01:01.889+0000] {logging_mixin.py:190} INFO - [2024-11-29T08:01:01.889+0000] {dag.py:3239} INFO - Sync 1 DAGs
[2024-11-29T08:01:01.902+0000] {logging_mixin.py:190} INFO - [2024-11-29T08:01:01.902+0000] {dag.py:4180} INFO - Setting next_dagrun for example_branch_dop_operator_v3 to 2024-11-29 08:00:00+00:00, run_after=2024-11-29 08:01:00+00:00
[2024-11-29T08:01:01.910+0000] {processor.py:208} INFO - Processing /home/airflow/.local/lib/python3.12/site-packages/airflow/example_dags/example_branch_python_dop_operator_3.py took 0.039 seconds
[2024-11-29T08:01:33.040+0000] {processor.py:186} INFO - Started process (PID=506) to work on /home/airflow/.local/lib/python3.12/site-packages/airflow/example_dags/example_branch_python_dop_operator_3.py
[2024-11-29T08:01:33.040+0000] {processor.py:914} INFO - Processing file /home/airflow/.local/lib/python3.12/site-packages/airflow/example_dags/example_branch_python_dop_operator_3.py for tasks to queue
[2024-11-29T08:01:33.041+0000] {logging_mixin.py:190} INFO - [2024-11-29T08:01:33.041+0000] {dagbag.py:588} INFO - Filling up the DagBag from /home/airflow/.local/lib/python3.12/site-packages/airflow/example_dags/example_branch_python_dop_operator_3.py
[2024-11-29T08:01:33.045+0000] {processor.py:925} INFO - DAG(s) 'example_branch_dop_operator_v3' retrieved from /home/airflow/.local/lib/python3.12/site-packages/airflow/example_dags/example_branch_python_dop_operator_3.py
[2024-11-29T08:01:33.053+0000] {logging_mixin.py:190} INFO - [2024-11-29T08:01:33.052+0000] {dag.py:3239} INFO - Sync 1 DAGs
[2024-11-29T08:01:33.062+0000] {logging_mixin.py:190} INFO - [2024-11-29T08:01:33.062+0000] {dag.py:4180} INFO - Setting next_dagrun for example_branch_dop_operator_v3 to 2024-11-29 08:00:00+00:00, run_after=2024-11-29 08:01:00+00:00
[2024-11-29T08:01:33.069+0000] {processor.py:208} INFO - Processing /home/airflow/.local/lib/python3.12/site-packages/airflow/example_dags/example_branch_python_dop_operator_3.py took 0.032 seconds
[2024-11-29T08:02:04.242+0000] {processor.py:186} INFO - Started process (PID=570) to work on /home/airflow/.local/lib/python3.12/site-packages/airflow/example_dags/example_branch_python_dop_operator_3.py
[2024-11-29T08:02:04.243+0000] {processor.py:914} INFO - Processing file /home/airflow/.local/lib/python3.12/site-packages/airflow/example_dags/example_branch_python_dop_operator_3.py for tasks to queue
[2024-11-29T08:02:04.243+0000] {logging_mixin.py:190} INFO - [2024-11-29T08:02:04.243+0000] {dagbag.py:588} INFO - Filling up the DagBag from /home/airflow/.local/lib/python3.12/site-packages/airflow/example_dags/example_branch_python_dop_operator_3.py
[2024-11-29T08:02:04.247+0000] {processor.py:925} INFO - DAG(s) 'example_branch_dop_operator_v3' retrieved from /home/airflow/.local/lib/python3.12/site-packages/airflow/example_dags/example_branch_python_dop_operator_3.py
[2024-11-29T08:02:04.255+0000] {logging_mixin.py:190} INFO - [2024-11-29T08:02:04.255+0000] {dag.py:3239} INFO - Sync 1 DAGs
[2024-11-29T08:02:04.264+0000] {logging_mixin.py:190} INFO - [2024-11-29T08:02:04.264+0000] {dag.py:4180} INFO - Setting next_dagrun for example_branch_dop_operator_v3 to 2024-11-29 08:01:00+00:00, run_after=2024-11-29 08:02:00+00:00
[2024-11-29T08:02:04.271+0000] {processor.py:208} INFO - Processing /home/airflow/.local/lib/python3.12/site-packages/airflow/example_dags/example_branch_python_dop_operator_3.py took 0.032 seconds
[2024-11-29T08:02:34.505+0000] {processor.py:186} INFO - Started process (PID=633) to work on /home/airflow/.local/lib/python3.12/site-packages/airflow/example_dags/example_branch_python_dop_operator_3.py
[2024-11-29T08:02:34.505+0000] {processor.py:914} INFO - Processing file /home/airflow/.local/lib/python3.12/site-packages/airflow/example_dags/example_branch_python_dop_operator_3.py for tasks to queue
[2024-11-29T08:02:34.506+0000] {logging_mixin.py:190} INFO - [2024-11-29T08:02:34.506+0000] {dagbag.py:588} INFO - Filling up the DagBag from /home/airflow/.local/lib/python3.12/site-packages/airflow/example_dags/example_branch_python_dop_operator_3.py
[2024-11-29T08:02:34.510+0000] {processor.py:925} INFO - DAG(s) 'example_branch_dop_operator_v3' retrieved from /home/airflow/.local/lib/python3.12/site-packages/airflow/example_dags/example_branch_python_dop_operator_3.py
[2024-11-29T08:02:34.518+0000] {logging_mixin.py:190} INFO - [2024-11-29T08:02:34.518+0000] {dag.py:3239} INFO - Sync 1 DAGs
[2024-11-29T08:02:34.527+0000] {logging_mixin.py:190} INFO - [2024-11-29T08:02:34.527+0000] {dag.py:4180} INFO - Setting next_dagrun for example_branch_dop_operator_v3 to 2024-11-29 08:01:00+00:00, run_after=2024-11-29 08:02:00+00:00
[2024-11-29T08:02:34.533+0000] {processor.py:208} INFO - Processing /home/airflow/.local/lib/python3.12/site-packages/airflow/example_dags/example_branch_python_dop_operator_3.py took 0.030 seconds
[2024-11-29T08:03:04.677+0000] {processor.py:186} INFO - Started process (PID=696) to work on /home/airflow/.local/lib/python3.12/site-packages/airflow/example_dags/example_branch_python_dop_operator_3.py
[2024-11-29T08:03:04.679+0000] {processor.py:914} INFO - Processing file /home/airflow/.local/lib/python3.12/site-packages/airflow/example_dags/example_branch_python_dop_operator_3.py for tasks to queue
[2024-11-29T08:03:04.680+0000] {logging_mixin.py:190} INFO - [2024-11-29T08:03:04.680+0000] {dagbag.py:588} INFO - Filling up the DagBag from /home/airflow/.local/lib/python3.12/site-packages/airflow/example_dags/example_branch_python_dop_operator_3.py
[2024-11-29T08:03:04.684+0000] {processor.py:925} INFO - DAG(s) 'example_branch_dop_operator_v3' retrieved from /home/airflow/.local/lib/python3.12/site-packages/airflow/example_dags/example_branch_python_dop_operator_3.py
[2024-11-29T08:03:04.694+0000] {logging_mixin.py:190} INFO - [2024-11-29T08:03:04.694+0000] {dag.py:3239} INFO - Sync 1 DAGs
[2024-11-29T08:03:04.704+0000] {logging_mixin.py:190} INFO - [2024-11-29T08:03:04.704+0000] {dag.py:4180} INFO - Setting next_dagrun for example_branch_dop_operator_v3 to 2024-11-29 08:02:00+00:00, run_after=2024-11-29 08:03:00+00:00
[2024-11-29T08:03:04.713+0000] {processor.py:208} INFO - Processing /home/airflow/.local/lib/python3.12/site-packages/airflow/example_dags/example_branch_python_dop_operator_3.py took 0.039 seconds
[2024-11-29T08:03:34.892+0000] {processor.py:186} INFO - Started process (PID=760) to work on /home/airflow/.local/lib/python3.12/site-packages/airflow/example_dags/example_branch_python_dop_operator_3.py
[2024-11-29T08:03:34.892+0000] {processor.py:914} INFO - Processing file /home/airflow/.local/lib/python3.12/site-packages/airflow/example_dags/example_branch_python_dop_operator_3.py for tasks to queue
[2024-11-29T08:03:34.893+0000] {logging_mixin.py:190} INFO - [2024-11-29T08:03:34.893+0000] {dagbag.py:588} INFO - Filling up the DagBag from /home/airflow/.local/lib/python3.12/site-packages/airflow/example_dags/example_branch_python_dop_operator_3.py
[2024-11-29T08:03:34.897+0000] {processor.py:925} INFO - DAG(s) 'example_branch_dop_operator_v3' retrieved from /home/airflow/.local/lib/python3.12/site-packages/airflow/example_dags/example_branch_python_dop_operator_3.py
[2024-11-29T08:03:34.905+0000] {logging_mixin.py:190} INFO - [2024-11-29T08:03:34.905+0000] {dag.py:3239} INFO - Sync 1 DAGs
[2024-11-29T08:03:34.914+0000] {logging_mixin.py:190} INFO - [2024-11-29T08:03:34.914+0000] {dag.py:4180} INFO - Setting next_dagrun for example_branch_dop_operator_v3 to 2024-11-29 08:02:00+00:00, run_after=2024-11-29 08:03:00+00:00
[2024-11-29T08:03:34.920+0000] {processor.py:208} INFO - Processing /home/airflow/.local/lib/python3.12/site-packages/airflow/example_dags/example_branch_python_dop_operator_3.py took 0.030 seconds
[2024-11-29T08:04:05.369+0000] {processor.py:186} INFO - Started process (PID=824) to work on /home/airflow/.local/lib/python3.12/site-packages/airflow/example_dags/example_branch_python_dop_operator_3.py
[2024-11-29T08:04:05.369+0000] {processor.py:914} INFO - Processing file /home/airflow/.local/lib/python3.12/site-packages/airflow/example_dags/example_branch_python_dop_operator_3.py for tasks to queue
[2024-11-29T08:04:05.370+0000] {logging_mixin.py:190} INFO - [2024-11-29T08:04:05.370+0000] {dagbag.py:588} INFO - Filling up the DagBag from /home/airflow/.local/lib/python3.12/site-packages/airflow/example_dags/example_branch_python_dop_operator_3.py
[2024-11-29T08:04:05.374+0000] {processor.py:925} INFO - DAG(s) 'example_branch_dop_operator_v3' retrieved from /home/airflow/.local/lib/python3.12/site-packages/airflow/example_dags/example_branch_python_dop_operator_3.py
[2024-11-29T08:04:05.381+0000] {logging_mixin.py:190} INFO - [2024-11-29T08:04:05.381+0000] {dag.py:3239} INFO - Sync 1 DAGs
[2024-11-29T08:04:05.391+0000] {logging_mixin.py:190} INFO - [2024-11-29T08:04:05.391+0000] {dag.py:4180} INFO - Setting next_dagrun for example_branch_dop_operator_v3 to 2024-11-29 08:03:00+00:00, run_after=2024-11-29 08:04:00+00:00
[2024-11-29T08:04:05.397+0000] {processor.py:208} INFO - Processing /home/airflow/.local/lib/python3.12/site-packages/airflow/example_dags/example_branch_python_dop_operator_3.py took 0.030 seconds
[2024-11-29T08:04:35.439+0000] {processor.py:186} INFO - Started process (PID=887) to work on /home/airflow/.local/lib/python3.12/site-packages/airflow/example_dags/example_branch_python_dop_operator_3.py
[2024-11-29T08:04:35.443+0000] {processor.py:914} INFO - Processing file /home/airflow/.local/lib/python3.12/site-packages/airflow/example_dags/example_branch_python_dop_operator_3.py for tasks to queue
[2024-11-29T08:04:35.445+0000] {logging_mixin.py:190} INFO - [2024-11-29T08:04:35.445+0000] {dagbag.py:588} INFO - Filling up the DagBag from /home/airflow/.local/lib/python3.12/site-packages/airflow/example_dags/example_branch_python_dop_operator_3.py
[2024-11-29T08:04:35.450+0000] {processor.py:925} INFO - DAG(s) 'example_branch_dop_operator_v3' retrieved from /home/airflow/.local/lib/python3.12/site-packages/airflow/example_dags/example_branch_python_dop_operator_3.py
[2024-11-29T08:04:35.457+0000] {logging_mixin.py:190} INFO - [2024-11-29T08:04:35.456+0000] {dag.py:3239} INFO - Sync 1 DAGs
[2024-11-29T08:04:35.466+0000] {logging_mixin.py:190} INFO - [2024-11-29T08:04:35.466+0000] {dag.py:4180} INFO - Setting next_dagrun for example_branch_dop_operator_v3 to 2024-11-29 08:03:00+00:00, run_after=2024-11-29 08:04:00+00:00
[2024-11-29T08:04:35.474+0000] {processor.py:208} INFO - Processing /home/airflow/.local/lib/python3.12/site-packages/airflow/example_dags/example_branch_python_dop_operator_3.py took 0.038 seconds
[2024-11-29T08:05:05.990+0000] {processor.py:186} INFO - Started process (PID=952) to work on /home/airflow/.local/lib/python3.12/site-packages/airflow/example_dags/example_branch_python_dop_operator_3.py
[2024-11-29T08:05:05.991+0000] {processor.py:914} INFO - Processing file /home/airflow/.local/lib/python3.12/site-packages/airflow/example_dags/example_branch_python_dop_operator_3.py for tasks to queue
[2024-11-29T08:05:05.992+0000] {logging_mixin.py:190} INFO - [2024-11-29T08:05:05.991+0000] {dagbag.py:588} INFO - Filling up the DagBag from /home/airflow/.local/lib/python3.12/site-packages/airflow/example_dags/example_branch_python_dop_operator_3.py
[2024-11-29T08:05:05.997+0000] {processor.py:925} INFO - DAG(s) 'example_branch_dop_operator_v3' retrieved from /home/airflow/.local/lib/python3.12/site-packages/airflow/example_dags/example_branch_python_dop_operator_3.py
[2024-11-29T08:05:06.005+0000] {logging_mixin.py:190} INFO - [2024-11-29T08:05:06.005+0000] {dag.py:3239} INFO - Sync 1 DAGs
[2024-11-29T08:05:06.016+0000] {logging_mixin.py:190} INFO - [2024-11-29T08:05:06.016+0000] {dag.py:4180} INFO - Setting next_dagrun for example_branch_dop_operator_v3 to 2024-11-29 08:04:00+00:00, run_after=2024-11-29 08:05:00+00:00
[2024-11-29T08:05:06.022+0000] {processor.py:208} INFO - Processing /home/airflow/.local/lib/python3.12/site-packages/airflow/example_dags/example_branch_python_dop_operator_3.py took 0.035 seconds
[2024-11-29T08:05:36.139+0000] {processor.py:186} INFO - Started process (PID=1016) to work on /home/airflow/.local/lib/python3.12/site-packages/airflow/example_dags/example_branch_python_dop_operator_3.py
[2024-11-29T08:05:36.140+0000] {processor.py:914} INFO - Processing file /home/airflow/.local/lib/python3.12/site-packages/airflow/example_dags/example_branch_python_dop_operator_3.py for tasks to queue
[2024-11-29T08:05:36.141+0000] {logging_mixin.py:190} INFO - [2024-11-29T08:05:36.140+0000] {dagbag.py:588} INFO - Filling up the DagBag from /home/airflow/.local/lib/python3.12/site-packages/airflow/example_dags/example_branch_python_dop_operator_3.py
[2024-11-29T08:05:36.146+0000] {processor.py:925} INFO - DAG(s) 'example_branch_dop_operator_v3' retrieved from /home/airflow/.local/lib/python3.12/site-packages/airflow/example_dags/example_branch_python_dop_operator_3.py
[2024-11-29T08:05:36.157+0000] {logging_mixin.py:190} INFO - [2024-11-29T08:05:36.157+0000] {dag.py:3239} INFO - Sync 1 DAGs
[2024-11-29T08:05:36.167+0000] {logging_mixin.py:190} INFO - [2024-11-29T08:05:36.167+0000] {dag.py:4180} INFO - Setting next_dagrun for example_branch_dop_operator_v3 to 2024-11-29 08:04:00+00:00, run_after=2024-11-29 08:05:00+00:00
[2024-11-29T08:05:36.173+0000] {processor.py:208} INFO - Processing /home/airflow/.local/lib/python3.12/site-packages/airflow/example_dags/example_branch_python_dop_operator_3.py took 0.038 seconds
[2024-11-29T08:06:06.267+0000] {processor.py:186} INFO - Started process (PID=1079) to work on /home/airflow/.local/lib/python3.12/site-packages/airflow/example_dags/example_branch_python_dop_operator_3.py
[2024-11-29T08:06:06.267+0000] {processor.py:914} INFO - Processing file /home/airflow/.local/lib/python3.12/site-packages/airflow/example_dags/example_branch_python_dop_operator_3.py for tasks to queue
[2024-11-29T08:06:06.268+0000] {logging_mixin.py:190} INFO - [2024-11-29T08:06:06.268+0000] {dagbag.py:588} INFO - Filling up the DagBag from /home/airflow/.local/lib/python3.12/site-packages/airflow/example_dags/example_branch_python_dop_operator_3.py
[2024-11-29T08:06:06.273+0000] {processor.py:925} INFO - DAG(s) 'example_branch_dop_operator_v3' retrieved from /home/airflow/.local/lib/python3.12/site-packages/airflow/example_dags/example_branch_python_dop_operator_3.py
[2024-11-29T08:06:06.281+0000] {logging_mixin.py:190} INFO - [2024-11-29T08:06:06.281+0000] {dag.py:3239} INFO - Sync 1 DAGs
[2024-11-29T08:06:06.291+0000] {logging_mixin.py:190} INFO - [2024-11-29T08:06:06.291+0000] {dag.py:4180} INFO - Setting next_dagrun for example_branch_dop_operator_v3 to 2024-11-29 08:05:00+00:00, run_after=2024-11-29 08:06:00+00:00
[2024-11-29T08:06:06.300+0000] {processor.py:208} INFO - Processing /home/airflow/.local/lib/python3.12/site-packages/airflow/example_dags/example_branch_python_dop_operator_3.py took 0.035 seconds
[2024-11-29T08:06:36.379+0000] {processor.py:186} INFO - Started process (PID=1143) to work on /home/airflow/.local/lib/python3.12/site-packages/airflow/example_dags/example_branch_python_dop_operator_3.py
[2024-11-29T08:06:36.381+0000] {processor.py:914} INFO - Processing file /home/airflow/.local/lib/python3.12/site-packages/airflow/example_dags/example_branch_python_dop_operator_3.py for tasks to queue
[2024-11-29T08:06:36.382+0000] {logging_mixin.py:190} INFO - [2024-11-29T08:06:36.382+0000] {dagbag.py:588} INFO - Filling up the DagBag from /home/airflow/.local/lib/python3.12/site-packages/airflow/example_dags/example_branch_python_dop_operator_3.py
[2024-11-29T08:06:36.388+0000] {processor.py:925} INFO - DAG(s) 'example_branch_dop_operator_v3' retrieved from /home/airflow/.local/lib/python3.12/site-packages/airflow/example_dags/example_branch_python_dop_operator_3.py
[2024-11-29T08:06:36.397+0000] {logging_mixin.py:190} INFO - [2024-11-29T08:06:36.396+0000] {dag.py:3239} INFO - Sync 1 DAGs
[2024-11-29T08:06:36.405+0000] {logging_mixin.py:190} INFO - [2024-11-29T08:06:36.405+0000] {dag.py:4180} INFO - Setting next_dagrun for example_branch_dop_operator_v3 to 2024-11-29 08:05:00+00:00, run_after=2024-11-29 08:06:00+00:00
[2024-11-29T08:06:36.411+0000] {processor.py:208} INFO - Processing /home/airflow/.local/lib/python3.12/site-packages/airflow/example_dags/example_branch_python_dop_operator_3.py took 0.034 seconds
[2024-11-29T08:07:06.798+0000] {processor.py:186} INFO - Started process (PID=1207) to work on /home/airflow/.local/lib/python3.12/site-packages/airflow/example_dags/example_branch_python_dop_operator_3.py
[2024-11-29T08:07:06.800+0000] {processor.py:914} INFO - Processing file /home/airflow/.local/lib/python3.12/site-packages/airflow/example_dags/example_branch_python_dop_operator_3.py for tasks to queue
[2024-11-29T08:07:06.802+0000] {logging_mixin.py:190} INFO - [2024-11-29T08:07:06.802+0000] {dagbag.py:588} INFO - Filling up the DagBag from /home/airflow/.local/lib/python3.12/site-packages/airflow/example_dags/example_branch_python_dop_operator_3.py
[2024-11-29T08:07:06.806+0000] {processor.py:925} INFO - DAG(s) 'example_branch_dop_operator_v3' retrieved from /home/airflow/.local/lib/python3.12/site-packages/airflow/example_dags/example_branch_python_dop_operator_3.py
[2024-11-29T08:07:06.813+0000] {logging_mixin.py:190} INFO - [2024-11-29T08:07:06.813+0000] {dag.py:3239} INFO - Sync 1 DAGs
[2024-11-29T08:07:06.822+0000] {logging_mixin.py:190} INFO - [2024-11-29T08:07:06.822+0000] {dag.py:4180} INFO - Setting next_dagrun for example_branch_dop_operator_v3 to 2024-11-29 08:06:00+00:00, run_after=2024-11-29 08:07:00+00:00
[2024-11-29T08:07:06.831+0000] {processor.py:208} INFO - Processing /home/airflow/.local/lib/python3.12/site-packages/airflow/example_dags/example_branch_python_dop_operator_3.py took 0.035 seconds
[2024-11-29T08:07:37.900+0000] {processor.py:186} INFO - Started process (PID=1272) to work on /home/airflow/.local/lib/python3.12/site-packages/airflow/example_dags/example_branch_python_dop_operator_3.py
[2024-11-29T08:07:37.900+0000] {processor.py:914} INFO - Processing file /home/airflow/.local/lib/python3.12/site-packages/airflow/example_dags/example_branch_python_dop_operator_3.py for tasks to queue
[2024-11-29T08:07:37.901+0000] {logging_mixin.py:190} INFO - [2024-11-29T08:07:37.901+0000] {dagbag.py:588} INFO - Filling up the DagBag from /home/airflow/.local/lib/python3.12/site-packages/airflow/example_dags/example_branch_python_dop_operator_3.py
[2024-11-29T08:07:37.905+0000] {processor.py:925} INFO - DAG(s) 'example_branch_dop_operator_v3' retrieved from /home/airflow/.local/lib/python3.12/site-packages/airflow/example_dags/example_branch_python_dop_operator_3.py
[2024-11-29T08:07:37.912+0000] {logging_mixin.py:190} INFO - [2024-11-29T08:07:37.912+0000] {dag.py:3239} INFO - Sync 1 DAGs
[2024-11-29T08:07:37.921+0000] {logging_mixin.py:190} INFO - [2024-11-29T08:07:37.921+0000] {dag.py:4180} INFO - Setting next_dagrun for example_branch_dop_operator_v3 to 2024-11-29 08:06:00+00:00, run_after=2024-11-29 08:07:00+00:00
[2024-11-29T08:07:37.926+0000] {processor.py:208} INFO - Processing /home/airflow/.local/lib/python3.12/site-packages/airflow/example_dags/example_branch_python_dop_operator_3.py took 0.029 seconds
[2024-11-29T08:15:51.518+0000] {processor.py:186} INFO - Started process (PID=1332) to work on /home/airflow/.local/lib/python3.12/site-packages/airflow/example_dags/example_branch_python_dop_operator_3.py
[2024-11-29T08:15:51.519+0000] {processor.py:914} INFO - Processing file /home/airflow/.local/lib/python3.12/site-packages/airflow/example_dags/example_branch_python_dop_operator_3.py for tasks to queue
[2024-11-29T08:15:51.519+0000] {logging_mixin.py:190} INFO - [2024-11-29T08:15:51.519+0000] {dagbag.py:588} INFO - Filling up the DagBag from /home/airflow/.local/lib/python3.12/site-packages/airflow/example_dags/example_branch_python_dop_operator_3.py
[2024-11-29T08:15:51.523+0000] {processor.py:925} INFO - DAG(s) 'example_branch_dop_operator_v3' retrieved from /home/airflow/.local/lib/python3.12/site-packages/airflow/example_dags/example_branch_python_dop_operator_3.py
[2024-11-29T08:15:51.531+0000] {logging_mixin.py:190} INFO - [2024-11-29T08:15:51.531+0000] {dag.py:3239} INFO - Sync 1 DAGs
[2024-11-29T08:15:51.542+0000] {logging_mixin.py:190} INFO - [2024-11-29T08:15:51.542+0000] {dag.py:4180} INFO - Setting next_dagrun for example_branch_dop_operator_v3 to 2024-11-29 08:14:00+00:00, run_after=2024-11-29 08:15:00+00:00
[2024-11-29T08:15:51.548+0000] {processor.py:208} INFO - Processing /home/airflow/.local/lib/python3.12/site-packages/airflow/example_dags/example_branch_python_dop_operator_3.py took 0.032 seconds
[2024-11-29T08:18:42.145+0000] {processor.py:186} INFO - Started process (PID=1380) to work on /home/airflow/.local/lib/python3.12/site-packages/airflow/example_dags/example_branch_python_dop_operator_3.py
[2024-11-29T08:18:42.146+0000] {processor.py:914} INFO - Processing file /home/airflow/.local/lib/python3.12/site-packages/airflow/example_dags/example_branch_python_dop_operator_3.py for tasks to queue
[2024-11-29T08:18:42.148+0000] {logging_mixin.py:190} INFO - [2024-11-29T08:18:42.148+0000] {dagbag.py:588} INFO - Filling up the DagBag from /home/airflow/.local/lib/python3.12/site-packages/airflow/example_dags/example_branch_python_dop_operator_3.py
[2024-11-29T08:18:42.153+0000] {processor.py:925} INFO - DAG(s) 'example_branch_dop_operator_v3' retrieved from /home/airflow/.local/lib/python3.12/site-packages/airflow/example_dags/example_branch_python_dop_operator_3.py
[2024-11-29T08:18:42.164+0000] {logging_mixin.py:190} INFO - [2024-11-29T08:18:42.164+0000] {dag.py:3239} INFO - Sync 1 DAGs
[2024-11-29T08:18:42.177+0000] {logging_mixin.py:190} INFO - [2024-11-29T08:18:42.177+0000] {dag.py:4180} INFO - Setting next_dagrun for example_branch_dop_operator_v3 to 2024-11-29 08:17:00+00:00, run_after=2024-11-29 08:18:00+00:00
[2024-11-29T08:18:42.186+0000] {processor.py:208} INFO - Processing /home/airflow/.local/lib/python3.12/site-packages/airflow/example_dags/example_branch_python_dop_operator_3.py took 0.043 seconds
[2024-11-29T08:19:13.344+0000] {processor.py:186} INFO - Started process (PID=1444) to work on /home/airflow/.local/lib/python3.12/site-packages/airflow/example_dags/example_branch_python_dop_operator_3.py
[2024-11-29T08:19:13.345+0000] {processor.py:914} INFO - Processing file /home/airflow/.local/lib/python3.12/site-packages/airflow/example_dags/example_branch_python_dop_operator_3.py for tasks to queue
[2024-11-29T08:19:13.346+0000] {logging_mixin.py:190} INFO - [2024-11-29T08:19:13.345+0000] {dagbag.py:588} INFO - Filling up the DagBag from /home/airflow/.local/lib/python3.12/site-packages/airflow/example_dags/example_branch_python_dop_operator_3.py
[2024-11-29T08:19:13.351+0000] {processor.py:925} INFO - DAG(s) 'example_branch_dop_operator_v3' retrieved from /home/airflow/.local/lib/python3.12/site-packages/airflow/example_dags/example_branch_python_dop_operator_3.py
[2024-11-29T08:19:13.359+0000] {logging_mixin.py:190} INFO - [2024-11-29T08:19:13.358+0000] {dag.py:3239} INFO - Sync 1 DAGs
[2024-11-29T08:19:13.371+0000] {logging_mixin.py:190} INFO - [2024-11-29T08:19:13.371+0000] {dag.py:4180} INFO - Setting next_dagrun for example_branch_dop_operator_v3 to 2024-11-29 08:18:00+00:00, run_after=2024-11-29 08:19:00+00:00
[2024-11-29T08:19:13.378+0000] {processor.py:208} INFO - Processing /home/airflow/.local/lib/python3.12/site-packages/airflow/example_dags/example_branch_python_dop_operator_3.py took 0.036 seconds
