[2024-11-29T07:57:58.714+0000] {processor.py:186} INFO - Started process (PID=91) to work on /home/airflow/.local/lib/python3.12/site-packages/airflow/example_dags/example_sensors.py
[2024-11-29T07:57:58.714+0000] {processor.py:914} INFO - Processing file /home/airflow/.local/lib/python3.12/site-packages/airflow/example_dags/example_sensors.py for tasks to queue
[2024-11-29T07:57:58.715+0000] {logging_mixin.py:190} INFO - [2024-11-29T07:57:58.715+0000] {dagbag.py:588} INFO - Filling up the DagBag from /home/airflow/.local/lib/python3.12/site-packages/airflow/example_dags/example_sensors.py
[2024-11-29T07:57:58.721+0000] {processor.py:925} INFO - DAG(s) 'example_sensors' retrieved from /home/airflow/.local/lib/python3.12/site-packages/airflow/example_dags/example_sensors.py
[2024-11-29T07:57:58.731+0000] {logging_mixin.py:190} INFO - [2024-11-29T07:57:58.731+0000] {dag.py:3239} INFO - Sync 1 DAGs
[2024-11-29T07:57:58.737+0000] {logging_mixin.py:190} INFO - [2024-11-29T07:57:58.737+0000] {dag.py:4180} INFO - Setting next_dagrun for example_sensors to None, run_after=None
[2024-11-29T07:57:58.743+0000] {processor.py:208} INFO - Processing /home/airflow/.local/lib/python3.12/site-packages/airflow/example_dags/example_sensors.py took 0.032 seconds
[2024-11-29T07:58:28.789+0000] {processor.py:186} INFO - Started process (PID=154) to work on /home/airflow/.local/lib/python3.12/site-packages/airflow/example_dags/example_sensors.py
[2024-11-29T07:58:28.791+0000] {processor.py:914} INFO - Processing file /home/airflow/.local/lib/python3.12/site-packages/airflow/example_dags/example_sensors.py for tasks to queue
[2024-11-29T07:58:28.792+0000] {logging_mixin.py:190} INFO - [2024-11-29T07:58:28.792+0000] {dagbag.py:588} INFO - Filling up the DagBag from /home/airflow/.local/lib/python3.12/site-packages/airflow/example_dags/example_sensors.py
[2024-11-29T07:58:28.796+0000] {processor.py:925} INFO - DAG(s) 'example_sensors' retrieved from /home/airflow/.local/lib/python3.12/site-packages/airflow/example_dags/example_sensors.py
[2024-11-29T07:58:28.807+0000] {logging_mixin.py:190} INFO - [2024-11-29T07:58:28.807+0000] {dag.py:3239} INFO - Sync 1 DAGs
[2024-11-29T07:58:28.813+0000] {logging_mixin.py:190} INFO - [2024-11-29T07:58:28.813+0000] {dag.py:4180} INFO - Setting next_dagrun for example_sensors to None, run_after=None
[2024-11-29T07:58:28.822+0000] {processor.py:208} INFO - Processing /home/airflow/.local/lib/python3.12/site-packages/airflow/example_dags/example_sensors.py took 0.036 seconds
[2024-11-29T07:58:59.169+0000] {processor.py:186} INFO - Started process (PID=218) to work on /home/airflow/.local/lib/python3.12/site-packages/airflow/example_dags/example_sensors.py
[2024-11-29T07:58:59.170+0000] {processor.py:914} INFO - Processing file /home/airflow/.local/lib/python3.12/site-packages/airflow/example_dags/example_sensors.py for tasks to queue
[2024-11-29T07:58:59.170+0000] {logging_mixin.py:190} INFO - [2024-11-29T07:58:59.170+0000] {dagbag.py:588} INFO - Filling up the DagBag from /home/airflow/.local/lib/python3.12/site-packages/airflow/example_dags/example_sensors.py
[2024-11-29T07:58:59.175+0000] {processor.py:925} INFO - DAG(s) 'example_sensors' retrieved from /home/airflow/.local/lib/python3.12/site-packages/airflow/example_dags/example_sensors.py
[2024-11-29T07:58:59.184+0000] {logging_mixin.py:190} INFO - [2024-11-29T07:58:59.184+0000] {dag.py:3239} INFO - Sync 1 DAGs
[2024-11-29T07:58:59.189+0000] {logging_mixin.py:190} INFO - [2024-11-29T07:58:59.189+0000] {dag.py:4180} INFO - Setting next_dagrun for example_sensors to None, run_after=None
[2024-11-29T07:58:59.195+0000] {processor.py:208} INFO - Processing /home/airflow/.local/lib/python3.12/site-packages/airflow/example_dags/example_sensors.py took 0.028 seconds
[2024-11-29T07:59:29.440+0000] {processor.py:186} INFO - Started process (PID=282) to work on /home/airflow/.local/lib/python3.12/site-packages/airflow/example_dags/example_sensors.py
[2024-11-29T07:59:29.440+0000] {processor.py:914} INFO - Processing file /home/airflow/.local/lib/python3.12/site-packages/airflow/example_dags/example_sensors.py for tasks to queue
[2024-11-29T07:59:29.441+0000] {logging_mixin.py:190} INFO - [2024-11-29T07:59:29.441+0000] {dagbag.py:588} INFO - Filling up the DagBag from /home/airflow/.local/lib/python3.12/site-packages/airflow/example_dags/example_sensors.py
[2024-11-29T07:59:29.445+0000] {processor.py:925} INFO - DAG(s) 'example_sensors' retrieved from /home/airflow/.local/lib/python3.12/site-packages/airflow/example_dags/example_sensors.py
[2024-11-29T07:59:29.456+0000] {logging_mixin.py:190} INFO - [2024-11-29T07:59:29.456+0000] {dag.py:3239} INFO - Sync 1 DAGs
[2024-11-29T07:59:29.462+0000] {logging_mixin.py:190} INFO - [2024-11-29T07:59:29.462+0000] {dag.py:4180} INFO - Setting next_dagrun for example_sensors to None, run_after=None
[2024-11-29T07:59:29.472+0000] {processor.py:208} INFO - Processing /home/airflow/.local/lib/python3.12/site-packages/airflow/example_dags/example_sensors.py took 0.034 seconds
[2024-11-29T08:00:00.520+0000] {processor.py:186} INFO - Started process (PID=347) to work on /home/airflow/.local/lib/python3.12/site-packages/airflow/example_dags/example_sensors.py
[2024-11-29T08:00:00.520+0000] {processor.py:914} INFO - Processing file /home/airflow/.local/lib/python3.12/site-packages/airflow/example_dags/example_sensors.py for tasks to queue
[2024-11-29T08:00:00.521+0000] {logging_mixin.py:190} INFO - [2024-11-29T08:00:00.521+0000] {dagbag.py:588} INFO - Filling up the DagBag from /home/airflow/.local/lib/python3.12/site-packages/airflow/example_dags/example_sensors.py
[2024-11-29T08:00:00.525+0000] {processor.py:925} INFO - DAG(s) 'example_sensors' retrieved from /home/airflow/.local/lib/python3.12/site-packages/airflow/example_dags/example_sensors.py
[2024-11-29T08:00:00.535+0000] {logging_mixin.py:190} INFO - [2024-11-29T08:00:00.535+0000] {dag.py:3239} INFO - Sync 1 DAGs
[2024-11-29T08:00:00.540+0000] {logging_mixin.py:190} INFO - [2024-11-29T08:00:00.539+0000] {dag.py:4180} INFO - Setting next_dagrun for example_sensors to None, run_after=None
[2024-11-29T08:00:00.546+0000] {processor.py:208} INFO - Processing /home/airflow/.local/lib/python3.12/site-packages/airflow/example_dags/example_sensors.py took 0.028 seconds
[2024-11-29T08:00:31.547+0000] {processor.py:186} INFO - Started process (PID=411) to work on /home/airflow/.local/lib/python3.12/site-packages/airflow/example_dags/example_sensors.py
[2024-11-29T08:00:31.548+0000] {processor.py:914} INFO - Processing file /home/airflow/.local/lib/python3.12/site-packages/airflow/example_dags/example_sensors.py for tasks to queue
[2024-11-29T08:00:31.548+0000] {logging_mixin.py:190} INFO - [2024-11-29T08:00:31.548+0000] {dagbag.py:588} INFO - Filling up the DagBag from /home/airflow/.local/lib/python3.12/site-packages/airflow/example_dags/example_sensors.py
[2024-11-29T08:00:31.553+0000] {processor.py:925} INFO - DAG(s) 'example_sensors' retrieved from /home/airflow/.local/lib/python3.12/site-packages/airflow/example_dags/example_sensors.py
[2024-11-29T08:00:31.562+0000] {logging_mixin.py:190} INFO - [2024-11-29T08:00:31.562+0000] {dag.py:3239} INFO - Sync 1 DAGs
[2024-11-29T08:00:31.567+0000] {logging_mixin.py:190} INFO - [2024-11-29T08:00:31.567+0000] {dag.py:4180} INFO - Setting next_dagrun for example_sensors to None, run_after=None
[2024-11-29T08:00:31.574+0000] {processor.py:208} INFO - Processing /home/airflow/.local/lib/python3.12/site-packages/airflow/example_dags/example_sensors.py took 0.029 seconds
[2024-11-29T08:01:02.788+0000] {processor.py:186} INFO - Started process (PID=475) to work on /home/airflow/.local/lib/python3.12/site-packages/airflow/example_dags/example_sensors.py
[2024-11-29T08:01:02.789+0000] {processor.py:914} INFO - Processing file /home/airflow/.local/lib/python3.12/site-packages/airflow/example_dags/example_sensors.py for tasks to queue
[2024-11-29T08:01:02.790+0000] {logging_mixin.py:190} INFO - [2024-11-29T08:01:02.790+0000] {dagbag.py:588} INFO - Filling up the DagBag from /home/airflow/.local/lib/python3.12/site-packages/airflow/example_dags/example_sensors.py
[2024-11-29T08:01:02.794+0000] {processor.py:925} INFO - DAG(s) 'example_sensors' retrieved from /home/airflow/.local/lib/python3.12/site-packages/airflow/example_dags/example_sensors.py
[2024-11-29T08:01:02.804+0000] {logging_mixin.py:190} INFO - [2024-11-29T08:01:02.804+0000] {dag.py:3239} INFO - Sync 1 DAGs
[2024-11-29T08:01:02.809+0000] {logging_mixin.py:190} INFO - [2024-11-29T08:01:02.809+0000] {dag.py:4180} INFO - Setting next_dagrun for example_sensors to None, run_after=None
[2024-11-29T08:01:02.815+0000] {processor.py:208} INFO - Processing /home/airflow/.local/lib/python3.12/site-packages/airflow/example_dags/example_sensors.py took 0.028 seconds
[2024-11-29T08:01:33.987+0000] {processor.py:186} INFO - Started process (PID=539) to work on /home/airflow/.local/lib/python3.12/site-packages/airflow/example_dags/example_sensors.py
[2024-11-29T08:01:33.987+0000] {processor.py:914} INFO - Processing file /home/airflow/.local/lib/python3.12/site-packages/airflow/example_dags/example_sensors.py for tasks to queue
[2024-11-29T08:01:33.988+0000] {logging_mixin.py:190} INFO - [2024-11-29T08:01:33.987+0000] {dagbag.py:588} INFO - Filling up the DagBag from /home/airflow/.local/lib/python3.12/site-packages/airflow/example_dags/example_sensors.py
[2024-11-29T08:01:33.992+0000] {processor.py:925} INFO - DAG(s) 'example_sensors' retrieved from /home/airflow/.local/lib/python3.12/site-packages/airflow/example_dags/example_sensors.py
[2024-11-29T08:01:34.003+0000] {logging_mixin.py:190} INFO - [2024-11-29T08:01:34.003+0000] {dag.py:3239} INFO - Sync 1 DAGs
[2024-11-29T08:01:34.009+0000] {logging_mixin.py:190} INFO - [2024-11-29T08:01:34.009+0000] {dag.py:4180} INFO - Setting next_dagrun for example_sensors to None, run_after=None
[2024-11-29T08:01:34.018+0000] {processor.py:208} INFO - Processing /home/airflow/.local/lib/python3.12/site-packages/airflow/example_dags/example_sensors.py took 0.034 seconds
[2024-11-29T08:02:05.351+0000] {processor.py:186} INFO - Started process (PID=603) to work on /home/airflow/.local/lib/python3.12/site-packages/airflow/example_dags/example_sensors.py
[2024-11-29T08:02:05.353+0000] {processor.py:914} INFO - Processing file /home/airflow/.local/lib/python3.12/site-packages/airflow/example_dags/example_sensors.py for tasks to queue
[2024-11-29T08:02:05.354+0000] {logging_mixin.py:190} INFO - [2024-11-29T08:02:05.354+0000] {dagbag.py:588} INFO - Filling up the DagBag from /home/airflow/.local/lib/python3.12/site-packages/airflow/example_dags/example_sensors.py
[2024-11-29T08:02:05.359+0000] {processor.py:925} INFO - DAG(s) 'example_sensors' retrieved from /home/airflow/.local/lib/python3.12/site-packages/airflow/example_dags/example_sensors.py
[2024-11-29T08:02:05.370+0000] {logging_mixin.py:190} INFO - [2024-11-29T08:02:05.370+0000] {dag.py:3239} INFO - Sync 1 DAGs
[2024-11-29T08:02:05.378+0000] {logging_mixin.py:190} INFO - [2024-11-29T08:02:05.378+0000] {dag.py:4180} INFO - Setting next_dagrun for example_sensors to None, run_after=None
[2024-11-29T08:02:05.387+0000] {processor.py:208} INFO - Processing /home/airflow/.local/lib/python3.12/site-packages/airflow/example_dags/example_sensors.py took 0.038 seconds
[2024-11-29T08:02:35.629+0000] {processor.py:186} INFO - Started process (PID=667) to work on /home/airflow/.local/lib/python3.12/site-packages/airflow/example_dags/example_sensors.py
[2024-11-29T08:02:35.629+0000] {processor.py:914} INFO - Processing file /home/airflow/.local/lib/python3.12/site-packages/airflow/example_dags/example_sensors.py for tasks to queue
[2024-11-29T08:02:35.631+0000] {logging_mixin.py:190} INFO - [2024-11-29T08:02:35.631+0000] {dagbag.py:588} INFO - Filling up the DagBag from /home/airflow/.local/lib/python3.12/site-packages/airflow/example_dags/example_sensors.py
[2024-11-29T08:02:35.637+0000] {processor.py:925} INFO - DAG(s) 'example_sensors' retrieved from /home/airflow/.local/lib/python3.12/site-packages/airflow/example_dags/example_sensors.py
[2024-11-29T08:02:35.648+0000] {logging_mixin.py:190} INFO - [2024-11-29T08:02:35.648+0000] {dag.py:3239} INFO - Sync 1 DAGs
[2024-11-29T08:02:35.653+0000] {logging_mixin.py:190} INFO - [2024-11-29T08:02:35.653+0000] {dag.py:4180} INFO - Setting next_dagrun for example_sensors to None, run_after=None
[2024-11-29T08:02:35.664+0000] {processor.py:208} INFO - Processing /home/airflow/.local/lib/python3.12/site-packages/airflow/example_dags/example_sensors.py took 0.037 seconds
[2024-11-29T08:03:06.035+0000] {processor.py:186} INFO - Started process (PID=731) to work on /home/airflow/.local/lib/python3.12/site-packages/airflow/example_dags/example_sensors.py
[2024-11-29T08:03:06.035+0000] {processor.py:914} INFO - Processing file /home/airflow/.local/lib/python3.12/site-packages/airflow/example_dags/example_sensors.py for tasks to queue
[2024-11-29T08:03:06.036+0000] {logging_mixin.py:190} INFO - [2024-11-29T08:03:06.036+0000] {dagbag.py:588} INFO - Filling up the DagBag from /home/airflow/.local/lib/python3.12/site-packages/airflow/example_dags/example_sensors.py
[2024-11-29T08:03:06.040+0000] {processor.py:925} INFO - DAG(s) 'example_sensors' retrieved from /home/airflow/.local/lib/python3.12/site-packages/airflow/example_dags/example_sensors.py
[2024-11-29T08:03:06.050+0000] {logging_mixin.py:190} INFO - [2024-11-29T08:03:06.049+0000] {dag.py:3239} INFO - Sync 1 DAGs
[2024-11-29T08:03:06.055+0000] {logging_mixin.py:190} INFO - [2024-11-29T08:03:06.055+0000] {dag.py:4180} INFO - Setting next_dagrun for example_sensors to None, run_after=None
[2024-11-29T08:03:06.064+0000] {processor.py:208} INFO - Processing /home/airflow/.local/lib/python3.12/site-packages/airflow/example_dags/example_sensors.py took 0.031 seconds
[2024-11-29T08:03:36.471+0000] {processor.py:186} INFO - Started process (PID=795) to work on /home/airflow/.local/lib/python3.12/site-packages/airflow/example_dags/example_sensors.py
[2024-11-29T08:03:36.471+0000] {processor.py:914} INFO - Processing file /home/airflow/.local/lib/python3.12/site-packages/airflow/example_dags/example_sensors.py for tasks to queue
[2024-11-29T08:03:36.472+0000] {logging_mixin.py:190} INFO - [2024-11-29T08:03:36.472+0000] {dagbag.py:588} INFO - Filling up the DagBag from /home/airflow/.local/lib/python3.12/site-packages/airflow/example_dags/example_sensors.py
[2024-11-29T08:03:36.476+0000] {processor.py:925} INFO - DAG(s) 'example_sensors' retrieved from /home/airflow/.local/lib/python3.12/site-packages/airflow/example_dags/example_sensors.py
[2024-11-29T08:03:36.486+0000] {logging_mixin.py:190} INFO - [2024-11-29T08:03:36.486+0000] {dag.py:3239} INFO - Sync 1 DAGs
[2024-11-29T08:03:36.491+0000] {logging_mixin.py:190} INFO - [2024-11-29T08:03:36.491+0000] {dag.py:4180} INFO - Setting next_dagrun for example_sensors to None, run_after=None
[2024-11-29T08:03:36.497+0000] {processor.py:208} INFO - Processing /home/airflow/.local/lib/python3.12/site-packages/airflow/example_dags/example_sensors.py took 0.028 seconds
[2024-11-29T08:04:07.688+0000] {processor.py:186} INFO - Started process (PID=859) to work on /home/airflow/.local/lib/python3.12/site-packages/airflow/example_dags/example_sensors.py
[2024-11-29T08:04:07.689+0000] {processor.py:914} INFO - Processing file /home/airflow/.local/lib/python3.12/site-packages/airflow/example_dags/example_sensors.py for tasks to queue
[2024-11-29T08:04:07.691+0000] {logging_mixin.py:190} INFO - [2024-11-29T08:04:07.690+0000] {dagbag.py:588} INFO - Filling up the DagBag from /home/airflow/.local/lib/python3.12/site-packages/airflow/example_dags/example_sensors.py
[2024-11-29T08:04:07.696+0000] {processor.py:925} INFO - DAG(s) 'example_sensors' retrieved from /home/airflow/.local/lib/python3.12/site-packages/airflow/example_dags/example_sensors.py
[2024-11-29T08:04:07.706+0000] {logging_mixin.py:190} INFO - [2024-11-29T08:04:07.706+0000] {dag.py:3239} INFO - Sync 1 DAGs
[2024-11-29T08:04:07.711+0000] {logging_mixin.py:190} INFO - [2024-11-29T08:04:07.711+0000] {dag.py:4180} INFO - Setting next_dagrun for example_sensors to None, run_after=None
[2024-11-29T08:04:07.717+0000] {processor.py:208} INFO - Processing /home/airflow/.local/lib/python3.12/site-packages/airflow/example_dags/example_sensors.py took 0.031 seconds
[2024-11-29T08:04:38.128+0000] {processor.py:186} INFO - Started process (PID=923) to work on /home/airflow/.local/lib/python3.12/site-packages/airflow/example_dags/example_sensors.py
[2024-11-29T08:04:38.131+0000] {processor.py:914} INFO - Processing file /home/airflow/.local/lib/python3.12/site-packages/airflow/example_dags/example_sensors.py for tasks to queue
[2024-11-29T08:04:38.132+0000] {logging_mixin.py:190} INFO - [2024-11-29T08:04:38.132+0000] {dagbag.py:588} INFO - Filling up the DagBag from /home/airflow/.local/lib/python3.12/site-packages/airflow/example_dags/example_sensors.py
[2024-11-29T08:04:38.136+0000] {processor.py:925} INFO - DAG(s) 'example_sensors' retrieved from /home/airflow/.local/lib/python3.12/site-packages/airflow/example_dags/example_sensors.py
[2024-11-29T08:04:38.146+0000] {logging_mixin.py:190} INFO - [2024-11-29T08:04:38.146+0000] {dag.py:3239} INFO - Sync 1 DAGs
[2024-11-29T08:04:38.151+0000] {logging_mixin.py:190} INFO - [2024-11-29T08:04:38.151+0000] {dag.py:4180} INFO - Setting next_dagrun for example_sensors to None, run_after=None
[2024-11-29T08:04:38.157+0000] {processor.py:208} INFO - Processing /home/airflow/.local/lib/python3.12/site-packages/airflow/example_dags/example_sensors.py took 0.031 seconds
[2024-11-29T08:05:09.329+0000] {processor.py:186} INFO - Started process (PID=987) to work on /home/airflow/.local/lib/python3.12/site-packages/airflow/example_dags/example_sensors.py
[2024-11-29T08:05:09.331+0000] {processor.py:914} INFO - Processing file /home/airflow/.local/lib/python3.12/site-packages/airflow/example_dags/example_sensors.py for tasks to queue
[2024-11-29T08:05:09.332+0000] {logging_mixin.py:190} INFO - [2024-11-29T08:05:09.332+0000] {dagbag.py:588} INFO - Filling up the DagBag from /home/airflow/.local/lib/python3.12/site-packages/airflow/example_dags/example_sensors.py
[2024-11-29T08:05:09.337+0000] {processor.py:925} INFO - DAG(s) 'example_sensors' retrieved from /home/airflow/.local/lib/python3.12/site-packages/airflow/example_dags/example_sensors.py
[2024-11-29T08:05:09.350+0000] {logging_mixin.py:190} INFO - [2024-11-29T08:05:09.350+0000] {dag.py:3239} INFO - Sync 1 DAGs
[2024-11-29T08:05:09.355+0000] {logging_mixin.py:190} INFO - [2024-11-29T08:05:09.354+0000] {dag.py:4180} INFO - Setting next_dagrun for example_sensors to None, run_after=None
[2024-11-29T08:05:09.363+0000] {processor.py:208} INFO - Processing /home/airflow/.local/lib/python3.12/site-packages/airflow/example_dags/example_sensors.py took 0.037 seconds
[2024-11-29T08:05:40.592+0000] {processor.py:186} INFO - Started process (PID=1051) to work on /home/airflow/.local/lib/python3.12/site-packages/airflow/example_dags/example_sensors.py
[2024-11-29T08:05:40.594+0000] {processor.py:914} INFO - Processing file /home/airflow/.local/lib/python3.12/site-packages/airflow/example_dags/example_sensors.py for tasks to queue
[2024-11-29T08:05:40.595+0000] {logging_mixin.py:190} INFO - [2024-11-29T08:05:40.595+0000] {dagbag.py:588} INFO - Filling up the DagBag from /home/airflow/.local/lib/python3.12/site-packages/airflow/example_dags/example_sensors.py
[2024-11-29T08:05:40.600+0000] {processor.py:925} INFO - DAG(s) 'example_sensors' retrieved from /home/airflow/.local/lib/python3.12/site-packages/airflow/example_dags/example_sensors.py
[2024-11-29T08:05:40.612+0000] {logging_mixin.py:190} INFO - [2024-11-29T08:05:40.612+0000] {dag.py:3239} INFO - Sync 1 DAGs
[2024-11-29T08:05:40.621+0000] {logging_mixin.py:190} INFO - [2024-11-29T08:05:40.621+0000] {dag.py:4180} INFO - Setting next_dagrun for example_sensors to None, run_after=None
[2024-11-29T08:05:40.629+0000] {processor.py:208} INFO - Processing /home/airflow/.local/lib/python3.12/site-packages/airflow/example_dags/example_sensors.py took 0.039 seconds
[2024-11-29T08:06:11.591+0000] {processor.py:186} INFO - Started process (PID=1115) to work on /home/airflow/.local/lib/python3.12/site-packages/airflow/example_dags/example_sensors.py
[2024-11-29T08:06:11.592+0000] {processor.py:914} INFO - Processing file /home/airflow/.local/lib/python3.12/site-packages/airflow/example_dags/example_sensors.py for tasks to queue
[2024-11-29T08:06:11.593+0000] {logging_mixin.py:190} INFO - [2024-11-29T08:06:11.592+0000] {dagbag.py:588} INFO - Filling up the DagBag from /home/airflow/.local/lib/python3.12/site-packages/airflow/example_dags/example_sensors.py
[2024-11-29T08:06:11.597+0000] {processor.py:925} INFO - DAG(s) 'example_sensors' retrieved from /home/airflow/.local/lib/python3.12/site-packages/airflow/example_dags/example_sensors.py
[2024-11-29T08:06:11.607+0000] {logging_mixin.py:190} INFO - [2024-11-29T08:06:11.607+0000] {dag.py:3239} INFO - Sync 1 DAGs
[2024-11-29T08:06:11.612+0000] {logging_mixin.py:190} INFO - [2024-11-29T08:06:11.612+0000] {dag.py:4180} INFO - Setting next_dagrun for example_sensors to None, run_after=None
[2024-11-29T08:06:11.621+0000] {processor.py:208} INFO - Processing /home/airflow/.local/lib/python3.12/site-packages/airflow/example_dags/example_sensors.py took 0.032 seconds
[2024-11-29T08:06:42.104+0000] {processor.py:186} INFO - Started process (PID=1179) to work on /home/airflow/.local/lib/python3.12/site-packages/airflow/example_dags/example_sensors.py
[2024-11-29T08:06:42.104+0000] {processor.py:914} INFO - Processing file /home/airflow/.local/lib/python3.12/site-packages/airflow/example_dags/example_sensors.py for tasks to queue
[2024-11-29T08:06:42.105+0000] {logging_mixin.py:190} INFO - [2024-11-29T08:06:42.105+0000] {dagbag.py:588} INFO - Filling up the DagBag from /home/airflow/.local/lib/python3.12/site-packages/airflow/example_dags/example_sensors.py
[2024-11-29T08:06:42.109+0000] {processor.py:925} INFO - DAG(s) 'example_sensors' retrieved from /home/airflow/.local/lib/python3.12/site-packages/airflow/example_dags/example_sensors.py
[2024-11-29T08:06:42.119+0000] {logging_mixin.py:190} INFO - [2024-11-29T08:06:42.118+0000] {dag.py:3239} INFO - Sync 1 DAGs
[2024-11-29T08:06:42.123+0000] {logging_mixin.py:190} INFO - [2024-11-29T08:06:42.123+0000] {dag.py:4180} INFO - Setting next_dagrun for example_sensors to None, run_after=None
[2024-11-29T08:06:42.129+0000] {processor.py:208} INFO - Processing /home/airflow/.local/lib/python3.12/site-packages/airflow/example_dags/example_sensors.py took 0.028 seconds
[2024-11-29T08:07:13.129+0000] {processor.py:186} INFO - Started process (PID=1243) to work on /home/airflow/.local/lib/python3.12/site-packages/airflow/example_dags/example_sensors.py
[2024-11-29T08:07:13.131+0000] {processor.py:914} INFO - Processing file /home/airflow/.local/lib/python3.12/site-packages/airflow/example_dags/example_sensors.py for tasks to queue
[2024-11-29T08:07:13.133+0000] {logging_mixin.py:190} INFO - [2024-11-29T08:07:13.133+0000] {dagbag.py:588} INFO - Filling up the DagBag from /home/airflow/.local/lib/python3.12/site-packages/airflow/example_dags/example_sensors.py
[2024-11-29T08:07:13.137+0000] {processor.py:925} INFO - DAG(s) 'example_sensors' retrieved from /home/airflow/.local/lib/python3.12/site-packages/airflow/example_dags/example_sensors.py
[2024-11-29T08:07:13.147+0000] {logging_mixin.py:190} INFO - [2024-11-29T08:07:13.147+0000] {dag.py:3239} INFO - Sync 1 DAGs
[2024-11-29T08:07:13.152+0000] {logging_mixin.py:190} INFO - [2024-11-29T08:07:13.152+0000] {dag.py:4180} INFO - Setting next_dagrun for example_sensors to None, run_after=None
[2024-11-29T08:07:13.158+0000] {processor.py:208} INFO - Processing /home/airflow/.local/lib/python3.12/site-packages/airflow/example_dags/example_sensors.py took 0.031 seconds
[2024-11-29T08:15:50.757+0000] {processor.py:186} INFO - Started process (PID=1307) to work on /home/airflow/.local/lib/python3.12/site-packages/airflow/example_dags/example_sensors.py
[2024-11-29T08:15:50.758+0000] {processor.py:914} INFO - Processing file /home/airflow/.local/lib/python3.12/site-packages/airflow/example_dags/example_sensors.py for tasks to queue
[2024-11-29T08:15:50.759+0000] {logging_mixin.py:190} INFO - [2024-11-29T08:15:50.759+0000] {dagbag.py:588} INFO - Filling up the DagBag from /home/airflow/.local/lib/python3.12/site-packages/airflow/example_dags/example_sensors.py
[2024-11-29T08:15:50.763+0000] {processor.py:925} INFO - DAG(s) 'example_sensors' retrieved from /home/airflow/.local/lib/python3.12/site-packages/airflow/example_dags/example_sensors.py
[2024-11-29T08:15:50.773+0000] {logging_mixin.py:190} INFO - [2024-11-29T08:15:50.773+0000] {dag.py:3239} INFO - Sync 1 DAGs
[2024-11-29T08:15:50.780+0000] {logging_mixin.py:190} INFO - [2024-11-29T08:15:50.780+0000] {dag.py:4180} INFO - Setting next_dagrun for example_sensors to None, run_after=None
[2024-11-29T08:15:50.787+0000] {processor.py:208} INFO - Processing /home/airflow/.local/lib/python3.12/site-packages/airflow/example_dags/example_sensors.py took 0.033 seconds
[2024-11-29T08:18:43.051+0000] {processor.py:186} INFO - Started process (PID=1413) to work on /home/airflow/.local/lib/python3.12/site-packages/airflow/example_dags/example_sensors.py
[2024-11-29T08:18:43.051+0000] {processor.py:914} INFO - Processing file /home/airflow/.local/lib/python3.12/site-packages/airflow/example_dags/example_sensors.py for tasks to queue
[2024-11-29T08:18:43.052+0000] {logging_mixin.py:190} INFO - [2024-11-29T08:18:43.052+0000] {dagbag.py:588} INFO - Filling up the DagBag from /home/airflow/.local/lib/python3.12/site-packages/airflow/example_dags/example_sensors.py
[2024-11-29T08:18:43.057+0000] {processor.py:925} INFO - DAG(s) 'example_sensors' retrieved from /home/airflow/.local/lib/python3.12/site-packages/airflow/example_dags/example_sensors.py
[2024-11-29T08:18:43.067+0000] {logging_mixin.py:190} INFO - [2024-11-29T08:18:43.067+0000] {dag.py:3239} INFO - Sync 1 DAGs
[2024-11-29T08:18:43.072+0000] {logging_mixin.py:190} INFO - [2024-11-29T08:18:43.072+0000] {dag.py:4180} INFO - Setting next_dagrun for example_sensors to None, run_after=None
[2024-11-29T08:18:43.078+0000] {processor.py:208} INFO - Processing /home/airflow/.local/lib/python3.12/site-packages/airflow/example_dags/example_sensors.py took 0.031 seconds
[2024-11-29T08:19:14.244+0000] {processor.py:186} INFO - Started process (PID=1477) to work on /home/airflow/.local/lib/python3.12/site-packages/airflow/example_dags/example_sensors.py
[2024-11-29T08:19:14.244+0000] {processor.py:914} INFO - Processing file /home/airflow/.local/lib/python3.12/site-packages/airflow/example_dags/example_sensors.py for tasks to queue
[2024-11-29T08:19:14.245+0000] {logging_mixin.py:190} INFO - [2024-11-29T08:19:14.245+0000] {dagbag.py:588} INFO - Filling up the DagBag from /home/airflow/.local/lib/python3.12/site-packages/airflow/example_dags/example_sensors.py
[2024-11-29T08:19:14.250+0000] {processor.py:925} INFO - DAG(s) 'example_sensors' retrieved from /home/airflow/.local/lib/python3.12/site-packages/airflow/example_dags/example_sensors.py
[2024-11-29T08:19:14.260+0000] {logging_mixin.py:190} INFO - [2024-11-29T08:19:14.260+0000] {dag.py:3239} INFO - Sync 1 DAGs
[2024-11-29T08:19:14.265+0000] {logging_mixin.py:190} INFO - [2024-11-29T08:19:14.265+0000] {dag.py:4180} INFO - Setting next_dagrun for example_sensors to None, run_after=None
[2024-11-29T08:19:14.271+0000] {processor.py:208} INFO - Processing /home/airflow/.local/lib/python3.12/site-packages/airflow/example_dags/example_sensors.py took 0.029 seconds
