[2024-11-29T07:57:58.538+0000] {processor.py:186} INFO - Started process (PID=88) to work on /home/airflow/.local/lib/python3.12/site-packages/airflow/example_dags/example_datasets.py
[2024-11-29T07:57:58.539+0000] {processor.py:914} INFO - Processing file /home/airflow/.local/lib/python3.12/site-packages/airflow/example_dags/example_datasets.py for tasks to queue
[2024-11-29T07:57:58.540+0000] {logging_mixin.py:190} INFO - [2024-11-29T07:57:58.539+0000] {dagbag.py:588} INFO - Filling up the DagBag from /home/airflow/.local/lib/python3.12/site-packages/airflow/example_dags/example_datasets.py
[2024-11-29T07:57:58.777+0000] {processor.py:925} INFO - DAG(s) 'dataset_produces_2', 'dataset_produces_1', 'conditional_dataset_and_time_based_timetable', 'dataset_consumes_1', 'dataset_consumes_unknown_never_scheduled', 'consume_1_or_both_2_and_3_with_dataset_expressions', 'dataset_consumes_1_never_scheduled', 'consume_1_or_2_with_dataset_expressions', 'dataset_consumes_1_and_2', 'consume_1_and_2_with_dataset_expressions' retrieved from /home/airflow/.local/lib/python3.12/site-packages/airflow/example_dags/example_datasets.py
[2024-11-29T07:57:58.791+0000] {logging_mixin.py:190} INFO - [2024-11-29T07:57:58.791+0000] {dag.py:3239} INFO - Sync 10 DAGs
[2024-11-29T07:57:58.803+0000] {logging_mixin.py:190} INFO - [2024-11-29T07:57:58.803+0000] {dag.py:4180} INFO - Setting next_dagrun for conditional_dataset_and_time_based_timetable to 2024-11-27 01:00:00+00:00, run_after=2024-11-27 01:00:00+00:00
[2024-11-29T07:57:58.805+0000] {logging_mixin.py:190} INFO - [2024-11-29T07:57:58.805+0000] {dag.py:4180} INFO - Setting next_dagrun for consume_1_and_2_with_dataset_expressions to None, run_after=None
[2024-11-29T07:57:58.807+0000] {logging_mixin.py:190} INFO - [2024-11-29T07:57:58.807+0000] {dag.py:4180} INFO - Setting next_dagrun for consume_1_or_2_with_dataset_expressions to None, run_after=None
[2024-11-29T07:57:58.815+0000] {logging_mixin.py:190} INFO - [2024-11-29T07:57:58.815+0000] {dag.py:4180} INFO - Setting next_dagrun for consume_1_or_both_2_and_3_with_dataset_expressions to None, run_after=None
[2024-11-29T07:57:58.819+0000] {logging_mixin.py:190} INFO - [2024-11-29T07:57:58.818+0000] {dag.py:4180} INFO - Setting next_dagrun for dataset_consumes_1 to None, run_after=None
[2024-11-29T07:57:58.819+0000] {logging_mixin.py:190} INFO - [2024-11-29T07:57:58.819+0000] {dag.py:4180} INFO - Setting next_dagrun for dataset_consumes_1_and_2 to None, run_after=None
[2024-11-29T07:57:58.820+0000] {logging_mixin.py:190} INFO - [2024-11-29T07:57:58.820+0000] {dag.py:4180} INFO - Setting next_dagrun for dataset_consumes_1_never_scheduled to None, run_after=None
[2024-11-29T07:57:58.820+0000] {logging_mixin.py:190} INFO - [2024-11-29T07:57:58.820+0000] {dag.py:4180} INFO - Setting next_dagrun for dataset_consumes_unknown_never_scheduled to None, run_after=None
[2024-11-29T07:57:58.821+0000] {logging_mixin.py:190} INFO - [2024-11-29T07:57:58.821+0000] {dag.py:4180} INFO - Setting next_dagrun for dataset_produces_1 to 2024-11-28 00:00:00+00:00, run_after=2024-11-29 00:00:00+00:00
[2024-11-29T07:57:58.825+0000] {logging_mixin.py:190} INFO - [2024-11-29T07:57:58.825+0000] {dag.py:4180} INFO - Setting next_dagrun for dataset_produces_2 to None, run_after=None
[2024-11-29T07:57:58.837+0000] {processor.py:208} INFO - Processing /home/airflow/.local/lib/python3.12/site-packages/airflow/example_dags/example_datasets.py took 0.302 seconds
[2024-11-29T07:58:28.878+0000] {processor.py:186} INFO - Started process (PID=157) to work on /home/airflow/.local/lib/python3.12/site-packages/airflow/example_dags/example_datasets.py
[2024-11-29T07:58:28.878+0000] {processor.py:914} INFO - Processing file /home/airflow/.local/lib/python3.12/site-packages/airflow/example_dags/example_datasets.py for tasks to queue
[2024-11-29T07:58:28.879+0000] {logging_mixin.py:190} INFO - [2024-11-29T07:58:28.879+0000] {dagbag.py:588} INFO - Filling up the DagBag from /home/airflow/.local/lib/python3.12/site-packages/airflow/example_dags/example_datasets.py
[2024-11-29T07:58:29.079+0000] {processor.py:925} INFO - DAG(s) 'dataset_consumes_1', 'consume_1_or_2_with_dataset_expressions', 'dataset_produces_2', 'dataset_consumes_1_and_2', 'conditional_dataset_and_time_based_timetable', 'dataset_produces_1', 'consume_1_and_2_with_dataset_expressions', 'dataset_consumes_unknown_never_scheduled', 'dataset_consumes_1_never_scheduled', 'consume_1_or_both_2_and_3_with_dataset_expressions' retrieved from /home/airflow/.local/lib/python3.12/site-packages/airflow/example_dags/example_datasets.py
[2024-11-29T07:58:29.090+0000] {logging_mixin.py:190} INFO - [2024-11-29T07:58:29.090+0000] {dag.py:3239} INFO - Sync 10 DAGs
[2024-11-29T07:58:29.098+0000] {logging_mixin.py:190} INFO - [2024-11-29T07:58:29.098+0000] {dag.py:4180} INFO - Setting next_dagrun for conditional_dataset_and_time_based_timetable to 2024-11-27 01:00:00+00:00, run_after=2024-11-27 01:00:00+00:00
[2024-11-29T07:58:29.099+0000] {logging_mixin.py:190} INFO - [2024-11-29T07:58:29.099+0000] {dag.py:4180} INFO - Setting next_dagrun for consume_1_and_2_with_dataset_expressions to None, run_after=None
[2024-11-29T07:58:29.099+0000] {logging_mixin.py:190} INFO - [2024-11-29T07:58:29.099+0000] {dag.py:4180} INFO - Setting next_dagrun for consume_1_or_2_with_dataset_expressions to None, run_after=None
[2024-11-29T07:58:29.100+0000] {logging_mixin.py:190} INFO - [2024-11-29T07:58:29.100+0000] {dag.py:4180} INFO - Setting next_dagrun for consume_1_or_both_2_and_3_with_dataset_expressions to None, run_after=None
[2024-11-29T07:58:29.100+0000] {logging_mixin.py:190} INFO - [2024-11-29T07:58:29.100+0000] {dag.py:4180} INFO - Setting next_dagrun for dataset_consumes_1 to None, run_after=None
[2024-11-29T07:58:29.100+0000] {logging_mixin.py:190} INFO - [2024-11-29T07:58:29.100+0000] {dag.py:4180} INFO - Setting next_dagrun for dataset_consumes_1_and_2 to None, run_after=None
[2024-11-29T07:58:29.101+0000] {logging_mixin.py:190} INFO - [2024-11-29T07:58:29.101+0000] {dag.py:4180} INFO - Setting next_dagrun for dataset_consumes_1_never_scheduled to None, run_after=None
[2024-11-29T07:58:29.101+0000] {logging_mixin.py:190} INFO - [2024-11-29T07:58:29.101+0000] {dag.py:4180} INFO - Setting next_dagrun for dataset_consumes_unknown_never_scheduled to None, run_after=None
[2024-11-29T07:58:29.102+0000] {logging_mixin.py:190} INFO - [2024-11-29T07:58:29.102+0000] {dag.py:4180} INFO - Setting next_dagrun for dataset_produces_1 to 2024-11-28 00:00:00+00:00, run_after=2024-11-29 00:00:00+00:00
[2024-11-29T07:58:29.102+0000] {logging_mixin.py:190} INFO - [2024-11-29T07:58:29.102+0000] {dag.py:4180} INFO - Setting next_dagrun for dataset_produces_2 to None, run_after=None
[2024-11-29T07:58:29.110+0000] {processor.py:208} INFO - Processing /home/airflow/.local/lib/python3.12/site-packages/airflow/example_dags/example_datasets.py took 0.235 seconds
[2024-11-29T07:58:59.177+0000] {processor.py:186} INFO - Started process (PID=219) to work on /home/airflow/.local/lib/python3.12/site-packages/airflow/example_dags/example_datasets.py
[2024-11-29T07:58:59.177+0000] {processor.py:914} INFO - Processing file /home/airflow/.local/lib/python3.12/site-packages/airflow/example_dags/example_datasets.py for tasks to queue
[2024-11-29T07:58:59.178+0000] {logging_mixin.py:190} INFO - [2024-11-29T07:58:59.178+0000] {dagbag.py:588} INFO - Filling up the DagBag from /home/airflow/.local/lib/python3.12/site-packages/airflow/example_dags/example_datasets.py
[2024-11-29T07:58:59.410+0000] {processor.py:925} INFO - DAG(s) 'consume_1_and_2_with_dataset_expressions', 'dataset_consumes_1', 'conditional_dataset_and_time_based_timetable', 'consume_1_or_both_2_and_3_with_dataset_expressions', 'dataset_consumes_unknown_never_scheduled', 'consume_1_or_2_with_dataset_expressions', 'dataset_produces_2', 'dataset_consumes_1_and_2', 'dataset_consumes_1_never_scheduled', 'dataset_produces_1' retrieved from /home/airflow/.local/lib/python3.12/site-packages/airflow/example_dags/example_datasets.py
[2024-11-29T07:58:59.426+0000] {logging_mixin.py:190} INFO - [2024-11-29T07:58:59.426+0000] {dag.py:3239} INFO - Sync 10 DAGs
[2024-11-29T07:58:59.435+0000] {logging_mixin.py:190} INFO - [2024-11-29T07:58:59.435+0000] {dag.py:4180} INFO - Setting next_dagrun for conditional_dataset_and_time_based_timetable to 2024-11-27 01:00:00+00:00, run_after=2024-11-27 01:00:00+00:00
[2024-11-29T07:58:59.437+0000] {logging_mixin.py:190} INFO - [2024-11-29T07:58:59.437+0000] {dag.py:4180} INFO - Setting next_dagrun for consume_1_and_2_with_dataset_expressions to None, run_after=None
[2024-11-29T07:58:59.437+0000] {logging_mixin.py:190} INFO - [2024-11-29T07:58:59.437+0000] {dag.py:4180} INFO - Setting next_dagrun for consume_1_or_2_with_dataset_expressions to None, run_after=None
[2024-11-29T07:58:59.439+0000] {logging_mixin.py:190} INFO - [2024-11-29T07:58:59.439+0000] {dag.py:4180} INFO - Setting next_dagrun for consume_1_or_both_2_and_3_with_dataset_expressions to None, run_after=None
[2024-11-29T07:58:59.439+0000] {logging_mixin.py:190} INFO - [2024-11-29T07:58:59.439+0000] {dag.py:4180} INFO - Setting next_dagrun for dataset_consumes_1 to None, run_after=None
[2024-11-29T07:58:59.440+0000] {logging_mixin.py:190} INFO - [2024-11-29T07:58:59.440+0000] {dag.py:4180} INFO - Setting next_dagrun for dataset_consumes_1_and_2 to None, run_after=None
[2024-11-29T07:58:59.440+0000] {logging_mixin.py:190} INFO - [2024-11-29T07:58:59.440+0000] {dag.py:4180} INFO - Setting next_dagrun for dataset_consumes_1_never_scheduled to None, run_after=None
[2024-11-29T07:58:59.441+0000] {logging_mixin.py:190} INFO - [2024-11-29T07:58:59.441+0000] {dag.py:4180} INFO - Setting next_dagrun for dataset_consumes_unknown_never_scheduled to None, run_after=None
[2024-11-29T07:58:59.441+0000] {logging_mixin.py:190} INFO - [2024-11-29T07:58:59.441+0000] {dag.py:4180} INFO - Setting next_dagrun for dataset_produces_1 to 2024-11-28 00:00:00+00:00, run_after=2024-11-29 00:00:00+00:00
[2024-11-29T07:58:59.442+0000] {logging_mixin.py:190} INFO - [2024-11-29T07:58:59.442+0000] {dag.py:4180} INFO - Setting next_dagrun for dataset_produces_2 to None, run_after=None
[2024-11-29T07:58:59.453+0000] {processor.py:208} INFO - Processing /home/airflow/.local/lib/python3.12/site-packages/airflow/example_dags/example_datasets.py took 0.279 seconds
[2024-11-29T07:59:29.552+0000] {processor.py:186} INFO - Started process (PID=287) to work on /home/airflow/.local/lib/python3.12/site-packages/airflow/example_dags/example_datasets.py
[2024-11-29T07:59:29.552+0000] {processor.py:914} INFO - Processing file /home/airflow/.local/lib/python3.12/site-packages/airflow/example_dags/example_datasets.py for tasks to queue
[2024-11-29T07:59:29.553+0000] {logging_mixin.py:190} INFO - [2024-11-29T07:59:29.553+0000] {dagbag.py:588} INFO - Filling up the DagBag from /home/airflow/.local/lib/python3.12/site-packages/airflow/example_dags/example_datasets.py
[2024-11-29T07:59:29.779+0000] {processor.py:925} INFO - DAG(s) 'consume_1_or_2_with_dataset_expressions', 'consume_1_or_both_2_and_3_with_dataset_expressions', 'dataset_consumes_1_never_scheduled', 'dataset_consumes_1_and_2', 'dataset_consumes_unknown_never_scheduled', 'conditional_dataset_and_time_based_timetable', 'dataset_produces_1', 'dataset_produces_2', 'dataset_consumes_1', 'consume_1_and_2_with_dataset_expressions' retrieved from /home/airflow/.local/lib/python3.12/site-packages/airflow/example_dags/example_datasets.py
[2024-11-29T07:59:29.791+0000] {logging_mixin.py:190} INFO - [2024-11-29T07:59:29.791+0000] {dag.py:3239} INFO - Sync 10 DAGs
[2024-11-29T07:59:29.798+0000] {logging_mixin.py:190} INFO - [2024-11-29T07:59:29.798+0000] {dag.py:4180} INFO - Setting next_dagrun for conditional_dataset_and_time_based_timetable to 2024-11-27 01:00:00+00:00, run_after=2024-11-27 01:00:00+00:00
[2024-11-29T07:59:29.799+0000] {logging_mixin.py:190} INFO - [2024-11-29T07:59:29.799+0000] {dag.py:4180} INFO - Setting next_dagrun for consume_1_and_2_with_dataset_expressions to None, run_after=None
[2024-11-29T07:59:29.799+0000] {logging_mixin.py:190} INFO - [2024-11-29T07:59:29.799+0000] {dag.py:4180} INFO - Setting next_dagrun for consume_1_or_2_with_dataset_expressions to None, run_after=None
[2024-11-29T07:59:29.800+0000] {logging_mixin.py:190} INFO - [2024-11-29T07:59:29.800+0000] {dag.py:4180} INFO - Setting next_dagrun for consume_1_or_both_2_and_3_with_dataset_expressions to None, run_after=None
[2024-11-29T07:59:29.800+0000] {logging_mixin.py:190} INFO - [2024-11-29T07:59:29.800+0000] {dag.py:4180} INFO - Setting next_dagrun for dataset_consumes_1 to None, run_after=None
[2024-11-29T07:59:29.801+0000] {logging_mixin.py:190} INFO - [2024-11-29T07:59:29.801+0000] {dag.py:4180} INFO - Setting next_dagrun for dataset_consumes_1_and_2 to None, run_after=None
[2024-11-29T07:59:29.801+0000] {logging_mixin.py:190} INFO - [2024-11-29T07:59:29.801+0000] {dag.py:4180} INFO - Setting next_dagrun for dataset_consumes_1_never_scheduled to None, run_after=None
[2024-11-29T07:59:29.801+0000] {logging_mixin.py:190} INFO - [2024-11-29T07:59:29.801+0000] {dag.py:4180} INFO - Setting next_dagrun for dataset_consumes_unknown_never_scheduled to None, run_after=None
[2024-11-29T07:59:29.802+0000] {logging_mixin.py:190} INFO - [2024-11-29T07:59:29.802+0000] {dag.py:4180} INFO - Setting next_dagrun for dataset_produces_1 to 2024-11-28 00:00:00+00:00, run_after=2024-11-29 00:00:00+00:00
[2024-11-29T07:59:29.802+0000] {logging_mixin.py:190} INFO - [2024-11-29T07:59:29.802+0000] {dag.py:4180} INFO - Setting next_dagrun for dataset_produces_2 to None, run_after=None
[2024-11-29T07:59:29.811+0000] {processor.py:208} INFO - Processing /home/airflow/.local/lib/python3.12/site-packages/airflow/example_dags/example_datasets.py took 0.262 seconds
[2024-11-29T08:00:00.438+0000] {processor.py:186} INFO - Started process (PID=344) to work on /home/airflow/.local/lib/python3.12/site-packages/airflow/example_dags/example_datasets.py
[2024-11-29T08:00:00.439+0000] {processor.py:914} INFO - Processing file /home/airflow/.local/lib/python3.12/site-packages/airflow/example_dags/example_datasets.py for tasks to queue
[2024-11-29T08:00:00.440+0000] {logging_mixin.py:190} INFO - [2024-11-29T08:00:00.439+0000] {dagbag.py:588} INFO - Filling up the DagBag from /home/airflow/.local/lib/python3.12/site-packages/airflow/example_dags/example_datasets.py
[2024-11-29T08:00:00.669+0000] {processor.py:925} INFO - DAG(s) 'consume_1_or_2_with_dataset_expressions', 'dataset_consumes_1_never_scheduled', 'dataset_consumes_1_and_2', 'consume_1_and_2_with_dataset_expressions', 'dataset_consumes_unknown_never_scheduled', 'consume_1_or_both_2_and_3_with_dataset_expressions', 'dataset_produces_1', 'dataset_produces_2', 'dataset_consumes_1', 'conditional_dataset_and_time_based_timetable' retrieved from /home/airflow/.local/lib/python3.12/site-packages/airflow/example_dags/example_datasets.py
[2024-11-29T08:00:00.688+0000] {logging_mixin.py:190} INFO - [2024-11-29T08:00:00.688+0000] {dag.py:3239} INFO - Sync 10 DAGs
[2024-11-29T08:00:00.696+0000] {logging_mixin.py:190} INFO - [2024-11-29T08:00:00.696+0000] {dag.py:4180} INFO - Setting next_dagrun for conditional_dataset_and_time_based_timetable to 2024-11-27 01:00:00+00:00, run_after=2024-11-27 01:00:00+00:00
[2024-11-29T08:00:00.702+0000] {logging_mixin.py:190} INFO - [2024-11-29T08:00:00.701+0000] {dag.py:4180} INFO - Setting next_dagrun for consume_1_and_2_with_dataset_expressions to None, run_after=None
[2024-11-29T08:00:00.702+0000] {logging_mixin.py:190} INFO - [2024-11-29T08:00:00.702+0000] {dag.py:4180} INFO - Setting next_dagrun for consume_1_or_2_with_dataset_expressions to None, run_after=None
[2024-11-29T08:00:00.702+0000] {logging_mixin.py:190} INFO - [2024-11-29T08:00:00.702+0000] {dag.py:4180} INFO - Setting next_dagrun for consume_1_or_both_2_and_3_with_dataset_expressions to None, run_after=None
[2024-11-29T08:00:00.703+0000] {logging_mixin.py:190} INFO - [2024-11-29T08:00:00.703+0000] {dag.py:4180} INFO - Setting next_dagrun for dataset_consumes_1 to None, run_after=None
[2024-11-29T08:00:00.703+0000] {logging_mixin.py:190} INFO - [2024-11-29T08:00:00.703+0000] {dag.py:4180} INFO - Setting next_dagrun for dataset_consumes_1_and_2 to None, run_after=None
[2024-11-29T08:00:00.703+0000] {logging_mixin.py:190} INFO - [2024-11-29T08:00:00.703+0000] {dag.py:4180} INFO - Setting next_dagrun for dataset_consumes_1_never_scheduled to None, run_after=None
[2024-11-29T08:00:00.704+0000] {logging_mixin.py:190} INFO - [2024-11-29T08:00:00.704+0000] {dag.py:4180} INFO - Setting next_dagrun for dataset_consumes_unknown_never_scheduled to None, run_after=None
[2024-11-29T08:00:00.705+0000] {logging_mixin.py:190} INFO - [2024-11-29T08:00:00.705+0000] {dag.py:4180} INFO - Setting next_dagrun for dataset_produces_1 to 2024-11-28 00:00:00+00:00, run_after=2024-11-29 00:00:00+00:00
[2024-11-29T08:00:00.706+0000] {logging_mixin.py:190} INFO - [2024-11-29T08:00:00.706+0000] {dag.py:4180} INFO - Setting next_dagrun for dataset_produces_2 to None, run_after=None
[2024-11-29T08:00:00.720+0000] {processor.py:208} INFO - Processing /home/airflow/.local/lib/python3.12/site-packages/airflow/example_dags/example_datasets.py took 0.285 seconds
[2024-11-29T08:00:31.462+0000] {processor.py:186} INFO - Started process (PID=408) to work on /home/airflow/.local/lib/python3.12/site-packages/airflow/example_dags/example_datasets.py
[2024-11-29T08:00:31.465+0000] {processor.py:914} INFO - Processing file /home/airflow/.local/lib/python3.12/site-packages/airflow/example_dags/example_datasets.py for tasks to queue
[2024-11-29T08:00:31.467+0000] {logging_mixin.py:190} INFO - [2024-11-29T08:00:31.467+0000] {dagbag.py:588} INFO - Filling up the DagBag from /home/airflow/.local/lib/python3.12/site-packages/airflow/example_dags/example_datasets.py
[2024-11-29T08:00:31.698+0000] {processor.py:925} INFO - DAG(s) 'dataset_consumes_1', 'consume_1_or_2_with_dataset_expressions', 'consume_1_or_both_2_and_3_with_dataset_expressions', 'dataset_produces_1', 'conditional_dataset_and_time_based_timetable', 'dataset_consumes_unknown_never_scheduled', 'dataset_consumes_1_never_scheduled', 'consume_1_and_2_with_dataset_expressions', 'dataset_consumes_1_and_2', 'dataset_produces_2' retrieved from /home/airflow/.local/lib/python3.12/site-packages/airflow/example_dags/example_datasets.py
[2024-11-29T08:00:31.714+0000] {logging_mixin.py:190} INFO - [2024-11-29T08:00:31.714+0000] {dag.py:3239} INFO - Sync 10 DAGs
[2024-11-29T08:00:31.723+0000] {logging_mixin.py:190} INFO - [2024-11-29T08:00:31.722+0000] {dag.py:4180} INFO - Setting next_dagrun for conditional_dataset_and_time_based_timetable to 2024-11-27 01:00:00+00:00, run_after=2024-11-27 01:00:00+00:00
[2024-11-29T08:00:31.724+0000] {logging_mixin.py:190} INFO - [2024-11-29T08:00:31.724+0000] {dag.py:4180} INFO - Setting next_dagrun for consume_1_and_2_with_dataset_expressions to None, run_after=None
[2024-11-29T08:00:31.724+0000] {logging_mixin.py:190} INFO - [2024-11-29T08:00:31.724+0000] {dag.py:4180} INFO - Setting next_dagrun for consume_1_or_2_with_dataset_expressions to None, run_after=None
[2024-11-29T08:00:31.725+0000] {logging_mixin.py:190} INFO - [2024-11-29T08:00:31.724+0000] {dag.py:4180} INFO - Setting next_dagrun for consume_1_or_both_2_and_3_with_dataset_expressions to None, run_after=None
[2024-11-29T08:00:31.725+0000] {logging_mixin.py:190} INFO - [2024-11-29T08:00:31.725+0000] {dag.py:4180} INFO - Setting next_dagrun for dataset_consumes_1 to None, run_after=None
[2024-11-29T08:00:31.725+0000] {logging_mixin.py:190} INFO - [2024-11-29T08:00:31.725+0000] {dag.py:4180} INFO - Setting next_dagrun for dataset_consumes_1_and_2 to None, run_after=None
[2024-11-29T08:00:31.726+0000] {logging_mixin.py:190} INFO - [2024-11-29T08:00:31.725+0000] {dag.py:4180} INFO - Setting next_dagrun for dataset_consumes_1_never_scheduled to None, run_after=None
[2024-11-29T08:00:31.726+0000] {logging_mixin.py:190} INFO - [2024-11-29T08:00:31.726+0000] {dag.py:4180} INFO - Setting next_dagrun for dataset_consumes_unknown_never_scheduled to None, run_after=None
[2024-11-29T08:00:31.726+0000] {logging_mixin.py:190} INFO - [2024-11-29T08:00:31.726+0000] {dag.py:4180} INFO - Setting next_dagrun for dataset_produces_1 to 2024-11-28 00:00:00+00:00, run_after=2024-11-29 00:00:00+00:00
[2024-11-29T08:00:31.727+0000] {logging_mixin.py:190} INFO - [2024-11-29T08:00:31.727+0000] {dag.py:4180} INFO - Setting next_dagrun for dataset_produces_2 to None, run_after=None
[2024-11-29T08:00:31.736+0000] {processor.py:208} INFO - Processing /home/airflow/.local/lib/python3.12/site-packages/airflow/example_dags/example_datasets.py took 0.276 seconds
[2024-11-29T08:01:02.653+0000] {processor.py:186} INFO - Started process (PID=472) to work on /home/airflow/.local/lib/python3.12/site-packages/airflow/example_dags/example_datasets.py
[2024-11-29T08:01:02.654+0000] {processor.py:914} INFO - Processing file /home/airflow/.local/lib/python3.12/site-packages/airflow/example_dags/example_datasets.py for tasks to queue
[2024-11-29T08:01:02.654+0000] {logging_mixin.py:190} INFO - [2024-11-29T08:01:02.654+0000] {dagbag.py:588} INFO - Filling up the DagBag from /home/airflow/.local/lib/python3.12/site-packages/airflow/example_dags/example_datasets.py
[2024-11-29T08:01:02.895+0000] {processor.py:925} INFO - DAG(s) 'dataset_produces_2', 'conditional_dataset_and_time_based_timetable', 'dataset_consumes_1_never_scheduled', 'dataset_consumes_unknown_never_scheduled', 'dataset_consumes_1', 'consume_1_or_2_with_dataset_expressions', 'consume_1_and_2_with_dataset_expressions', 'dataset_consumes_1_and_2', 'dataset_produces_1', 'consume_1_or_both_2_and_3_with_dataset_expressions' retrieved from /home/airflow/.local/lib/python3.12/site-packages/airflow/example_dags/example_datasets.py
[2024-11-29T08:01:02.916+0000] {logging_mixin.py:190} INFO - [2024-11-29T08:01:02.916+0000] {dag.py:3239} INFO - Sync 10 DAGs
[2024-11-29T08:01:02.926+0000] {logging_mixin.py:190} INFO - [2024-11-29T08:01:02.926+0000] {dag.py:4180} INFO - Setting next_dagrun for conditional_dataset_and_time_based_timetable to 2024-11-27 01:00:00+00:00, run_after=2024-11-27 01:00:00+00:00
[2024-11-29T08:01:02.929+0000] {logging_mixin.py:190} INFO - [2024-11-29T08:01:02.929+0000] {dag.py:4180} INFO - Setting next_dagrun for consume_1_and_2_with_dataset_expressions to None, run_after=None
[2024-11-29T08:01:02.930+0000] {logging_mixin.py:190} INFO - [2024-11-29T08:01:02.930+0000] {dag.py:4180} INFO - Setting next_dagrun for consume_1_or_2_with_dataset_expressions to None, run_after=None
[2024-11-29T08:01:02.931+0000] {logging_mixin.py:190} INFO - [2024-11-29T08:01:02.931+0000] {dag.py:4180} INFO - Setting next_dagrun for consume_1_or_both_2_and_3_with_dataset_expressions to None, run_after=None
[2024-11-29T08:01:02.932+0000] {logging_mixin.py:190} INFO - [2024-11-29T08:01:02.931+0000] {dag.py:4180} INFO - Setting next_dagrun for dataset_consumes_1 to None, run_after=None
[2024-11-29T08:01:02.932+0000] {logging_mixin.py:190} INFO - [2024-11-29T08:01:02.932+0000] {dag.py:4180} INFO - Setting next_dagrun for dataset_consumes_1_and_2 to None, run_after=None
[2024-11-29T08:01:02.932+0000] {logging_mixin.py:190} INFO - [2024-11-29T08:01:02.932+0000] {dag.py:4180} INFO - Setting next_dagrun for dataset_consumes_1_never_scheduled to None, run_after=None
[2024-11-29T08:01:02.933+0000] {logging_mixin.py:190} INFO - [2024-11-29T08:01:02.933+0000] {dag.py:4180} INFO - Setting next_dagrun for dataset_consumes_unknown_never_scheduled to None, run_after=None
[2024-11-29T08:01:02.934+0000] {logging_mixin.py:190} INFO - [2024-11-29T08:01:02.934+0000] {dag.py:4180} INFO - Setting next_dagrun for dataset_produces_1 to 2024-11-28 00:00:00+00:00, run_after=2024-11-29 00:00:00+00:00
[2024-11-29T08:01:02.934+0000] {logging_mixin.py:190} INFO - [2024-11-29T08:01:02.934+0000] {dag.py:4180} INFO - Setting next_dagrun for dataset_produces_2 to None, run_after=None
[2024-11-29T08:01:02.946+0000] {processor.py:208} INFO - Processing /home/airflow/.local/lib/python3.12/site-packages/airflow/example_dags/example_datasets.py took 0.295 seconds
[2024-11-29T08:01:33.795+0000] {processor.py:186} INFO - Started process (PID=536) to work on /home/airflow/.local/lib/python3.12/site-packages/airflow/example_dags/example_datasets.py
[2024-11-29T08:01:33.795+0000] {processor.py:914} INFO - Processing file /home/airflow/.local/lib/python3.12/site-packages/airflow/example_dags/example_datasets.py for tasks to queue
[2024-11-29T08:01:33.796+0000] {logging_mixin.py:190} INFO - [2024-11-29T08:01:33.796+0000] {dagbag.py:588} INFO - Filling up the DagBag from /home/airflow/.local/lib/python3.12/site-packages/airflow/example_dags/example_datasets.py
[2024-11-29T08:01:34.031+0000] {processor.py:925} INFO - DAG(s) 'dataset_produces_1', 'consume_1_and_2_with_dataset_expressions', 'consume_1_or_both_2_and_3_with_dataset_expressions', 'dataset_consumes_1_and_2', 'dataset_produces_2', 'dataset_consumes_unknown_never_scheduled', 'conditional_dataset_and_time_based_timetable', 'consume_1_or_2_with_dataset_expressions', 'dataset_consumes_1_never_scheduled', 'dataset_consumes_1' retrieved from /home/airflow/.local/lib/python3.12/site-packages/airflow/example_dags/example_datasets.py
[2024-11-29T08:01:34.048+0000] {logging_mixin.py:190} INFO - [2024-11-29T08:01:34.048+0000] {dag.py:3239} INFO - Sync 10 DAGs
[2024-11-29T08:01:34.057+0000] {logging_mixin.py:190} INFO - [2024-11-29T08:01:34.057+0000] {dag.py:4180} INFO - Setting next_dagrun for conditional_dataset_and_time_based_timetable to 2024-11-27 01:00:00+00:00, run_after=2024-11-27 01:00:00+00:00
[2024-11-29T08:01:34.058+0000] {logging_mixin.py:190} INFO - [2024-11-29T08:01:34.058+0000] {dag.py:4180} INFO - Setting next_dagrun for consume_1_and_2_with_dataset_expressions to None, run_after=None
[2024-11-29T08:01:34.060+0000] {logging_mixin.py:190} INFO - [2024-11-29T08:01:34.060+0000] {dag.py:4180} INFO - Setting next_dagrun for consume_1_or_2_with_dataset_expressions to None, run_after=None
[2024-11-29T08:01:34.060+0000] {logging_mixin.py:190} INFO - [2024-11-29T08:01:34.060+0000] {dag.py:4180} INFO - Setting next_dagrun for consume_1_or_both_2_and_3_with_dataset_expressions to None, run_after=None
[2024-11-29T08:01:34.063+0000] {logging_mixin.py:190} INFO - [2024-11-29T08:01:34.063+0000] {dag.py:4180} INFO - Setting next_dagrun for dataset_consumes_1 to None, run_after=None
[2024-11-29T08:01:34.064+0000] {logging_mixin.py:190} INFO - [2024-11-29T08:01:34.064+0000] {dag.py:4180} INFO - Setting next_dagrun for dataset_consumes_1_and_2 to None, run_after=None
[2024-11-29T08:01:34.064+0000] {logging_mixin.py:190} INFO - [2024-11-29T08:01:34.064+0000] {dag.py:4180} INFO - Setting next_dagrun for dataset_consumes_1_never_scheduled to None, run_after=None
[2024-11-29T08:01:34.064+0000] {logging_mixin.py:190} INFO - [2024-11-29T08:01:34.064+0000] {dag.py:4180} INFO - Setting next_dagrun for dataset_consumes_unknown_never_scheduled to None, run_after=None
[2024-11-29T08:01:34.065+0000] {logging_mixin.py:190} INFO - [2024-11-29T08:01:34.065+0000] {dag.py:4180} INFO - Setting next_dagrun for dataset_produces_1 to 2024-11-28 00:00:00+00:00, run_after=2024-11-29 00:00:00+00:00
[2024-11-29T08:01:34.066+0000] {logging_mixin.py:190} INFO - [2024-11-29T08:01:34.066+0000] {dag.py:4180} INFO - Setting next_dagrun for dataset_produces_2 to None, run_after=None
[2024-11-29T08:01:34.075+0000] {processor.py:208} INFO - Processing /home/airflow/.local/lib/python3.12/site-packages/airflow/example_dags/example_datasets.py took 0.282 seconds
[2024-11-29T08:02:04.980+0000] {processor.py:186} INFO - Started process (PID=600) to work on /home/airflow/.local/lib/python3.12/site-packages/airflow/example_dags/example_datasets.py
[2024-11-29T08:02:04.981+0000] {processor.py:914} INFO - Processing file /home/airflow/.local/lib/python3.12/site-packages/airflow/example_dags/example_datasets.py for tasks to queue
[2024-11-29T08:02:04.982+0000] {logging_mixin.py:190} INFO - [2024-11-29T08:02:04.982+0000] {dagbag.py:588} INFO - Filling up the DagBag from /home/airflow/.local/lib/python3.12/site-packages/airflow/example_dags/example_datasets.py
[2024-11-29T08:02:05.236+0000] {processor.py:925} INFO - DAG(s) 'dataset_consumes_1_never_scheduled', 'dataset_produces_2', 'consume_1_or_both_2_and_3_with_dataset_expressions', 'consume_1_or_2_with_dataset_expressions', 'dataset_consumes_1', 'conditional_dataset_and_time_based_timetable', 'dataset_consumes_unknown_never_scheduled', 'consume_1_and_2_with_dataset_expressions', 'dataset_produces_1', 'dataset_consumes_1_and_2' retrieved from /home/airflow/.local/lib/python3.12/site-packages/airflow/example_dags/example_datasets.py
[2024-11-29T08:02:05.300+0000] {logging_mixin.py:190} INFO - [2024-11-29T08:02:05.300+0000] {dag.py:3239} INFO - Sync 10 DAGs
[2024-11-29T08:02:05.314+0000] {logging_mixin.py:190} INFO - [2024-11-29T08:02:05.314+0000] {dag.py:4180} INFO - Setting next_dagrun for conditional_dataset_and_time_based_timetable to 2024-11-27 01:00:00+00:00, run_after=2024-11-27 01:00:00+00:00
[2024-11-29T08:02:05.321+0000] {logging_mixin.py:190} INFO - [2024-11-29T08:02:05.321+0000] {dag.py:4180} INFO - Setting next_dagrun for consume_1_and_2_with_dataset_expressions to None, run_after=None
[2024-11-29T08:02:05.324+0000] {logging_mixin.py:190} INFO - [2024-11-29T08:02:05.324+0000] {dag.py:4180} INFO - Setting next_dagrun for consume_1_or_2_with_dataset_expressions to None, run_after=None
[2024-11-29T08:02:05.325+0000] {logging_mixin.py:190} INFO - [2024-11-29T08:02:05.325+0000] {dag.py:4180} INFO - Setting next_dagrun for consume_1_or_both_2_and_3_with_dataset_expressions to None, run_after=None
[2024-11-29T08:02:05.325+0000] {logging_mixin.py:190} INFO - [2024-11-29T08:02:05.325+0000] {dag.py:4180} INFO - Setting next_dagrun for dataset_consumes_1 to None, run_after=None
[2024-11-29T08:02:05.326+0000] {logging_mixin.py:190} INFO - [2024-11-29T08:02:05.326+0000] {dag.py:4180} INFO - Setting next_dagrun for dataset_consumes_1_and_2 to None, run_after=None
[2024-11-29T08:02:05.327+0000] {logging_mixin.py:190} INFO - [2024-11-29T08:02:05.327+0000] {dag.py:4180} INFO - Setting next_dagrun for dataset_consumes_1_never_scheduled to None, run_after=None
[2024-11-29T08:02:05.328+0000] {logging_mixin.py:190} INFO - [2024-11-29T08:02:05.328+0000] {dag.py:4180} INFO - Setting next_dagrun for dataset_consumes_unknown_never_scheduled to None, run_after=None
[2024-11-29T08:02:05.330+0000] {logging_mixin.py:190} INFO - [2024-11-29T08:02:05.330+0000] {dag.py:4180} INFO - Setting next_dagrun for dataset_produces_1 to 2024-11-28 00:00:00+00:00, run_after=2024-11-29 00:00:00+00:00
[2024-11-29T08:02:05.330+0000] {logging_mixin.py:190} INFO - [2024-11-29T08:02:05.330+0000] {dag.py:4180} INFO - Setting next_dagrun for dataset_produces_2 to None, run_after=None
[2024-11-29T08:02:05.349+0000] {processor.py:208} INFO - Processing /home/airflow/.local/lib/python3.12/site-packages/airflow/example_dags/example_datasets.py took 0.373 seconds
[2024-11-29T08:02:35.386+0000] {processor.py:186} INFO - Started process (PID=665) to work on /home/airflow/.local/lib/python3.12/site-packages/airflow/example_dags/example_datasets.py
[2024-11-29T08:02:35.386+0000] {processor.py:914} INFO - Processing file /home/airflow/.local/lib/python3.12/site-packages/airflow/example_dags/example_datasets.py for tasks to queue
[2024-11-29T08:02:35.387+0000] {logging_mixin.py:190} INFO - [2024-11-29T08:02:35.387+0000] {dagbag.py:588} INFO - Filling up the DagBag from /home/airflow/.local/lib/python3.12/site-packages/airflow/example_dags/example_datasets.py
[2024-11-29T08:02:35.643+0000] {processor.py:925} INFO - DAG(s) 'dataset_produces_1', 'dataset_consumes_1', 'dataset_produces_2', 'consume_1_or_both_2_and_3_with_dataset_expressions', 'dataset_consumes_1_and_2', 'dataset_consumes_1_never_scheduled', 'dataset_consumes_unknown_never_scheduled', 'consume_1_or_2_with_dataset_expressions', 'conditional_dataset_and_time_based_timetable', 'consume_1_and_2_with_dataset_expressions' retrieved from /home/airflow/.local/lib/python3.12/site-packages/airflow/example_dags/example_datasets.py
[2024-11-29T08:02:35.661+0000] {logging_mixin.py:190} INFO - [2024-11-29T08:02:35.661+0000] {dag.py:3239} INFO - Sync 10 DAGs
[2024-11-29T08:02:35.670+0000] {logging_mixin.py:190} INFO - [2024-11-29T08:02:35.670+0000] {dag.py:4180} INFO - Setting next_dagrun for conditional_dataset_and_time_based_timetable to 2024-11-27 01:00:00+00:00, run_after=2024-11-27 01:00:00+00:00
[2024-11-29T08:02:35.671+0000] {logging_mixin.py:190} INFO - [2024-11-29T08:02:35.671+0000] {dag.py:4180} INFO - Setting next_dagrun for consume_1_and_2_with_dataset_expressions to None, run_after=None
[2024-11-29T08:02:35.672+0000] {logging_mixin.py:190} INFO - [2024-11-29T08:02:35.672+0000] {dag.py:4180} INFO - Setting next_dagrun for consume_1_or_2_with_dataset_expressions to None, run_after=None
[2024-11-29T08:02:35.672+0000] {logging_mixin.py:190} INFO - [2024-11-29T08:02:35.672+0000] {dag.py:4180} INFO - Setting next_dagrun for consume_1_or_both_2_and_3_with_dataset_expressions to None, run_after=None
[2024-11-29T08:02:35.672+0000] {logging_mixin.py:190} INFO - [2024-11-29T08:02:35.672+0000] {dag.py:4180} INFO - Setting next_dagrun for dataset_consumes_1 to None, run_after=None
[2024-11-29T08:02:35.673+0000] {logging_mixin.py:190} INFO - [2024-11-29T08:02:35.673+0000] {dag.py:4180} INFO - Setting next_dagrun for dataset_consumes_1_and_2 to None, run_after=None
[2024-11-29T08:02:35.673+0000] {logging_mixin.py:190} INFO - [2024-11-29T08:02:35.673+0000] {dag.py:4180} INFO - Setting next_dagrun for dataset_consumes_1_never_scheduled to None, run_after=None
[2024-11-29T08:02:35.673+0000] {logging_mixin.py:190} INFO - [2024-11-29T08:02:35.673+0000] {dag.py:4180} INFO - Setting next_dagrun for dataset_consumes_unknown_never_scheduled to None, run_after=None
[2024-11-29T08:02:35.674+0000] {logging_mixin.py:190} INFO - [2024-11-29T08:02:35.674+0000] {dag.py:4180} INFO - Setting next_dagrun for dataset_produces_1 to 2024-11-28 00:00:00+00:00, run_after=2024-11-29 00:00:00+00:00
[2024-11-29T08:02:35.674+0000] {logging_mixin.py:190} INFO - [2024-11-29T08:02:35.674+0000] {dag.py:4180} INFO - Setting next_dagrun for dataset_produces_2 to None, run_after=None
[2024-11-29T08:02:35.684+0000] {processor.py:208} INFO - Processing /home/airflow/.local/lib/python3.12/site-packages/airflow/example_dags/example_datasets.py took 0.301 seconds
[2024-11-29T08:03:05.743+0000] {processor.py:186} INFO - Started process (PID=729) to work on /home/airflow/.local/lib/python3.12/site-packages/airflow/example_dags/example_datasets.py
[2024-11-29T08:03:05.744+0000] {processor.py:914} INFO - Processing file /home/airflow/.local/lib/python3.12/site-packages/airflow/example_dags/example_datasets.py for tasks to queue
[2024-11-29T08:03:05.745+0000] {logging_mixin.py:190} INFO - [2024-11-29T08:03:05.745+0000] {dagbag.py:588} INFO - Filling up the DagBag from /home/airflow/.local/lib/python3.12/site-packages/airflow/example_dags/example_datasets.py
[2024-11-29T08:03:05.973+0000] {processor.py:925} INFO - DAG(s) 'consume_1_and_2_with_dataset_expressions', 'conditional_dataset_and_time_based_timetable', 'dataset_consumes_1_and_2', 'dataset_produces_2', 'dataset_produces_1', 'consume_1_or_both_2_and_3_with_dataset_expressions', 'dataset_consumes_1', 'dataset_consumes_unknown_never_scheduled', 'consume_1_or_2_with_dataset_expressions', 'dataset_consumes_1_never_scheduled' retrieved from /home/airflow/.local/lib/python3.12/site-packages/airflow/example_dags/example_datasets.py
[2024-11-29T08:03:05.991+0000] {logging_mixin.py:190} INFO - [2024-11-29T08:03:05.991+0000] {dag.py:3239} INFO - Sync 10 DAGs
[2024-11-29T08:03:06.000+0000] {logging_mixin.py:190} INFO - [2024-11-29T08:03:06.000+0000] {dag.py:4180} INFO - Setting next_dagrun for conditional_dataset_and_time_based_timetable to 2024-11-27 01:00:00+00:00, run_after=2024-11-27 01:00:00+00:00
[2024-11-29T08:03:06.001+0000] {logging_mixin.py:190} INFO - [2024-11-29T08:03:06.001+0000] {dag.py:4180} INFO - Setting next_dagrun for consume_1_and_2_with_dataset_expressions to None, run_after=None
[2024-11-29T08:03:06.002+0000] {logging_mixin.py:190} INFO - [2024-11-29T08:03:06.002+0000] {dag.py:4180} INFO - Setting next_dagrun for consume_1_or_2_with_dataset_expressions to None, run_after=None
[2024-11-29T08:03:06.002+0000] {logging_mixin.py:190} INFO - [2024-11-29T08:03:06.002+0000] {dag.py:4180} INFO - Setting next_dagrun for consume_1_or_both_2_and_3_with_dataset_expressions to None, run_after=None
[2024-11-29T08:03:06.002+0000] {logging_mixin.py:190} INFO - [2024-11-29T08:03:06.002+0000] {dag.py:4180} INFO - Setting next_dagrun for dataset_consumes_1 to None, run_after=None
[2024-11-29T08:03:06.003+0000] {logging_mixin.py:190} INFO - [2024-11-29T08:03:06.003+0000] {dag.py:4180} INFO - Setting next_dagrun for dataset_consumes_1_and_2 to None, run_after=None
[2024-11-29T08:03:06.005+0000] {logging_mixin.py:190} INFO - [2024-11-29T08:03:06.005+0000] {dag.py:4180} INFO - Setting next_dagrun for dataset_consumes_1_never_scheduled to None, run_after=None
[2024-11-29T08:03:06.006+0000] {logging_mixin.py:190} INFO - [2024-11-29T08:03:06.006+0000] {dag.py:4180} INFO - Setting next_dagrun for dataset_consumes_unknown_never_scheduled to None, run_after=None
[2024-11-29T08:03:06.007+0000] {logging_mixin.py:190} INFO - [2024-11-29T08:03:06.007+0000] {dag.py:4180} INFO - Setting next_dagrun for dataset_produces_1 to 2024-11-28 00:00:00+00:00, run_after=2024-11-29 00:00:00+00:00
[2024-11-29T08:03:06.008+0000] {logging_mixin.py:190} INFO - [2024-11-29T08:03:06.008+0000] {dag.py:4180} INFO - Setting next_dagrun for dataset_produces_2 to None, run_after=None
[2024-11-29T08:03:06.021+0000] {processor.py:208} INFO - Processing /home/airflow/.local/lib/python3.12/site-packages/airflow/example_dags/example_datasets.py took 0.280 seconds
[2024-11-29T08:03:36.111+0000] {processor.py:186} INFO - Started process (PID=792) to work on /home/airflow/.local/lib/python3.12/site-packages/airflow/example_dags/example_datasets.py
[2024-11-29T08:03:36.112+0000] {processor.py:914} INFO - Processing file /home/airflow/.local/lib/python3.12/site-packages/airflow/example_dags/example_datasets.py for tasks to queue
[2024-11-29T08:03:36.113+0000] {logging_mixin.py:190} INFO - [2024-11-29T08:03:36.113+0000] {dagbag.py:588} INFO - Filling up the DagBag from /home/airflow/.local/lib/python3.12/site-packages/airflow/example_dags/example_datasets.py
[2024-11-29T08:03:36.409+0000] {processor.py:925} INFO - DAG(s) 'dataset_produces_1', 'conditional_dataset_and_time_based_timetable', 'dataset_consumes_1_and_2', 'dataset_consumes_1', 'consume_1_and_2_with_dataset_expressions', 'consume_1_or_both_2_and_3_with_dataset_expressions', 'consume_1_or_2_with_dataset_expressions', 'dataset_produces_2', 'dataset_consumes_unknown_never_scheduled', 'dataset_consumes_1_never_scheduled' retrieved from /home/airflow/.local/lib/python3.12/site-packages/airflow/example_dags/example_datasets.py
[2024-11-29T08:03:36.424+0000] {logging_mixin.py:190} INFO - [2024-11-29T08:03:36.424+0000] {dag.py:3239} INFO - Sync 10 DAGs
[2024-11-29T08:03:36.432+0000] {logging_mixin.py:190} INFO - [2024-11-29T08:03:36.432+0000] {dag.py:4180} INFO - Setting next_dagrun for conditional_dataset_and_time_based_timetable to 2024-11-27 01:00:00+00:00, run_after=2024-11-27 01:00:00+00:00
[2024-11-29T08:03:36.434+0000] {logging_mixin.py:190} INFO - [2024-11-29T08:03:36.434+0000] {dag.py:4180} INFO - Setting next_dagrun for consume_1_and_2_with_dataset_expressions to None, run_after=None
[2024-11-29T08:03:36.435+0000] {logging_mixin.py:190} INFO - [2024-11-29T08:03:36.435+0000] {dag.py:4180} INFO - Setting next_dagrun for consume_1_or_2_with_dataset_expressions to None, run_after=None
[2024-11-29T08:03:36.436+0000] {logging_mixin.py:190} INFO - [2024-11-29T08:03:36.436+0000] {dag.py:4180} INFO - Setting next_dagrun for consume_1_or_both_2_and_3_with_dataset_expressions to None, run_after=None
[2024-11-29T08:03:36.437+0000] {logging_mixin.py:190} INFO - [2024-11-29T08:03:36.437+0000] {dag.py:4180} INFO - Setting next_dagrun for dataset_consumes_1 to None, run_after=None
[2024-11-29T08:03:36.437+0000] {logging_mixin.py:190} INFO - [2024-11-29T08:03:36.437+0000] {dag.py:4180} INFO - Setting next_dagrun for dataset_consumes_1_and_2 to None, run_after=None
[2024-11-29T08:03:36.438+0000] {logging_mixin.py:190} INFO - [2024-11-29T08:03:36.438+0000] {dag.py:4180} INFO - Setting next_dagrun for dataset_consumes_1_never_scheduled to None, run_after=None
[2024-11-29T08:03:36.438+0000] {logging_mixin.py:190} INFO - [2024-11-29T08:03:36.438+0000] {dag.py:4180} INFO - Setting next_dagrun for dataset_consumes_unknown_never_scheduled to None, run_after=None
[2024-11-29T08:03:36.439+0000] {logging_mixin.py:190} INFO - [2024-11-29T08:03:36.439+0000] {dag.py:4180} INFO - Setting next_dagrun for dataset_produces_1 to 2024-11-28 00:00:00+00:00, run_after=2024-11-29 00:00:00+00:00
[2024-11-29T08:03:36.446+0000] {logging_mixin.py:190} INFO - [2024-11-29T08:03:36.446+0000] {dag.py:4180} INFO - Setting next_dagrun for dataset_produces_2 to None, run_after=None
[2024-11-29T08:03:36.460+0000] {processor.py:208} INFO - Processing /home/airflow/.local/lib/python3.12/site-packages/airflow/example_dags/example_datasets.py took 0.351 seconds
[2024-11-29T08:04:07.349+0000] {processor.py:186} INFO - Started process (PID=856) to work on /home/airflow/.local/lib/python3.12/site-packages/airflow/example_dags/example_datasets.py
[2024-11-29T08:04:07.350+0000] {processor.py:914} INFO - Processing file /home/airflow/.local/lib/python3.12/site-packages/airflow/example_dags/example_datasets.py for tasks to queue
[2024-11-29T08:04:07.350+0000] {logging_mixin.py:190} INFO - [2024-11-29T08:04:07.350+0000] {dagbag.py:588} INFO - Filling up the DagBag from /home/airflow/.local/lib/python3.12/site-packages/airflow/example_dags/example_datasets.py
[2024-11-29T08:04:07.600+0000] {processor.py:925} INFO - DAG(s) 'dataset_consumes_1', 'conditional_dataset_and_time_based_timetable', 'dataset_produces_1', 'dataset_produces_2', 'consume_1_and_2_with_dataset_expressions', 'consume_1_or_2_with_dataset_expressions', 'dataset_consumes_unknown_never_scheduled', 'dataset_consumes_1_and_2', 'dataset_consumes_1_never_scheduled', 'consume_1_or_both_2_and_3_with_dataset_expressions' retrieved from /home/airflow/.local/lib/python3.12/site-packages/airflow/example_dags/example_datasets.py
[2024-11-29T08:04:07.617+0000] {logging_mixin.py:190} INFO - [2024-11-29T08:04:07.617+0000] {dag.py:3239} INFO - Sync 10 DAGs
[2024-11-29T08:04:07.624+0000] {logging_mixin.py:190} INFO - [2024-11-29T08:04:07.624+0000] {dag.py:4180} INFO - Setting next_dagrun for conditional_dataset_and_time_based_timetable to 2024-11-27 01:00:00+00:00, run_after=2024-11-27 01:00:00+00:00
[2024-11-29T08:04:07.626+0000] {logging_mixin.py:190} INFO - [2024-11-29T08:04:07.626+0000] {dag.py:4180} INFO - Setting next_dagrun for consume_1_and_2_with_dataset_expressions to None, run_after=None
[2024-11-29T08:04:07.627+0000] {logging_mixin.py:190} INFO - [2024-11-29T08:04:07.627+0000] {dag.py:4180} INFO - Setting next_dagrun for consume_1_or_2_with_dataset_expressions to None, run_after=None
[2024-11-29T08:04:07.627+0000] {logging_mixin.py:190} INFO - [2024-11-29T08:04:07.627+0000] {dag.py:4180} INFO - Setting next_dagrun for consume_1_or_both_2_and_3_with_dataset_expressions to None, run_after=None
[2024-11-29T08:04:07.628+0000] {logging_mixin.py:190} INFO - [2024-11-29T08:04:07.628+0000] {dag.py:4180} INFO - Setting next_dagrun for dataset_consumes_1 to None, run_after=None
[2024-11-29T08:04:07.629+0000] {logging_mixin.py:190} INFO - [2024-11-29T08:04:07.629+0000] {dag.py:4180} INFO - Setting next_dagrun for dataset_consumes_1_and_2 to None, run_after=None
[2024-11-29T08:04:07.630+0000] {logging_mixin.py:190} INFO - [2024-11-29T08:04:07.630+0000] {dag.py:4180} INFO - Setting next_dagrun for dataset_consumes_1_never_scheduled to None, run_after=None
[2024-11-29T08:04:07.632+0000] {logging_mixin.py:190} INFO - [2024-11-29T08:04:07.632+0000] {dag.py:4180} INFO - Setting next_dagrun for dataset_consumes_unknown_never_scheduled to None, run_after=None
[2024-11-29T08:04:07.632+0000] {logging_mixin.py:190} INFO - [2024-11-29T08:04:07.632+0000] {dag.py:4180} INFO - Setting next_dagrun for dataset_produces_1 to 2024-11-28 00:00:00+00:00, run_after=2024-11-29 00:00:00+00:00
[2024-11-29T08:04:07.633+0000] {logging_mixin.py:190} INFO - [2024-11-29T08:04:07.633+0000] {dag.py:4180} INFO - Setting next_dagrun for dataset_produces_2 to None, run_after=None
[2024-11-29T08:04:07.642+0000] {processor.py:208} INFO - Processing /home/airflow/.local/lib/python3.12/site-packages/airflow/example_dags/example_datasets.py took 0.295 seconds
[2024-11-29T08:04:37.806+0000] {processor.py:186} INFO - Started process (PID=920) to work on /home/airflow/.local/lib/python3.12/site-packages/airflow/example_dags/example_datasets.py
[2024-11-29T08:04:37.807+0000] {processor.py:914} INFO - Processing file /home/airflow/.local/lib/python3.12/site-packages/airflow/example_dags/example_datasets.py for tasks to queue
[2024-11-29T08:04:37.808+0000] {logging_mixin.py:190} INFO - [2024-11-29T08:04:37.808+0000] {dagbag.py:588} INFO - Filling up the DagBag from /home/airflow/.local/lib/python3.12/site-packages/airflow/example_dags/example_datasets.py
[2024-11-29T08:04:38.040+0000] {processor.py:925} INFO - DAG(s) 'dataset_consumes_1_and_2', 'dataset_produces_2', 'consume_1_or_2_with_dataset_expressions', 'consume_1_and_2_with_dataset_expressions', 'dataset_produces_1', 'dataset_consumes_1', 'consume_1_or_both_2_and_3_with_dataset_expressions', 'dataset_consumes_unknown_never_scheduled', 'conditional_dataset_and_time_based_timetable', 'dataset_consumes_1_never_scheduled' retrieved from /home/airflow/.local/lib/python3.12/site-packages/airflow/example_dags/example_datasets.py
[2024-11-29T08:04:38.057+0000] {logging_mixin.py:190} INFO - [2024-11-29T08:04:38.056+0000] {dag.py:3239} INFO - Sync 10 DAGs
[2024-11-29T08:04:38.065+0000] {logging_mixin.py:190} INFO - [2024-11-29T08:04:38.065+0000] {dag.py:4180} INFO - Setting next_dagrun for conditional_dataset_and_time_based_timetable to 2024-11-27 01:00:00+00:00, run_after=2024-11-27 01:00:00+00:00
[2024-11-29T08:04:38.068+0000] {logging_mixin.py:190} INFO - [2024-11-29T08:04:38.067+0000] {dag.py:4180} INFO - Setting next_dagrun for consume_1_and_2_with_dataset_expressions to None, run_after=None
[2024-11-29T08:04:38.069+0000] {logging_mixin.py:190} INFO - [2024-11-29T08:04:38.069+0000] {dag.py:4180} INFO - Setting next_dagrun for consume_1_or_2_with_dataset_expressions to None, run_after=None
[2024-11-29T08:04:38.070+0000] {logging_mixin.py:190} INFO - [2024-11-29T08:04:38.070+0000] {dag.py:4180} INFO - Setting next_dagrun for consume_1_or_both_2_and_3_with_dataset_expressions to None, run_after=None
[2024-11-29T08:04:38.071+0000] {logging_mixin.py:190} INFO - [2024-11-29T08:04:38.071+0000] {dag.py:4180} INFO - Setting next_dagrun for dataset_consumes_1 to None, run_after=None
[2024-11-29T08:04:38.072+0000] {logging_mixin.py:190} INFO - [2024-11-29T08:04:38.072+0000] {dag.py:4180} INFO - Setting next_dagrun for dataset_consumes_1_and_2 to None, run_after=None
[2024-11-29T08:04:38.073+0000] {logging_mixin.py:190} INFO - [2024-11-29T08:04:38.073+0000] {dag.py:4180} INFO - Setting next_dagrun for dataset_consumes_1_never_scheduled to None, run_after=None
[2024-11-29T08:04:38.073+0000] {logging_mixin.py:190} INFO - [2024-11-29T08:04:38.073+0000] {dag.py:4180} INFO - Setting next_dagrun for dataset_consumes_unknown_never_scheduled to None, run_after=None
[2024-11-29T08:04:38.074+0000] {logging_mixin.py:190} INFO - [2024-11-29T08:04:38.074+0000] {dag.py:4180} INFO - Setting next_dagrun for dataset_produces_1 to 2024-11-28 00:00:00+00:00, run_after=2024-11-29 00:00:00+00:00
[2024-11-29T08:04:38.074+0000] {logging_mixin.py:190} INFO - [2024-11-29T08:04:38.074+0000] {dag.py:4180} INFO - Setting next_dagrun for dataset_produces_2 to None, run_after=None
[2024-11-29T08:04:38.083+0000] {processor.py:208} INFO - Processing /home/airflow/.local/lib/python3.12/site-packages/airflow/example_dags/example_datasets.py took 0.279 seconds
[2024-11-29T08:05:08.984+0000] {processor.py:186} INFO - Started process (PID=984) to work on /home/airflow/.local/lib/python3.12/site-packages/airflow/example_dags/example_datasets.py
[2024-11-29T08:05:08.987+0000] {processor.py:914} INFO - Processing file /home/airflow/.local/lib/python3.12/site-packages/airflow/example_dags/example_datasets.py for tasks to queue
[2024-11-29T08:05:08.989+0000] {logging_mixin.py:190} INFO - [2024-11-29T08:05:08.989+0000] {dagbag.py:588} INFO - Filling up the DagBag from /home/airflow/.local/lib/python3.12/site-packages/airflow/example_dags/example_datasets.py
[2024-11-29T08:05:09.247+0000] {processor.py:925} INFO - DAG(s) 'dataset_produces_2', 'conditional_dataset_and_time_based_timetable', 'consume_1_or_both_2_and_3_with_dataset_expressions', 'consume_1_or_2_with_dataset_expressions', 'dataset_consumes_1_never_scheduled', 'consume_1_and_2_with_dataset_expressions', 'dataset_consumes_1', 'dataset_consumes_1_and_2', 'dataset_consumes_unknown_never_scheduled', 'dataset_produces_1' retrieved from /home/airflow/.local/lib/python3.12/site-packages/airflow/example_dags/example_datasets.py
[2024-11-29T08:05:09.267+0000] {logging_mixin.py:190} INFO - [2024-11-29T08:05:09.266+0000] {dag.py:3239} INFO - Sync 10 DAGs
[2024-11-29T08:05:09.276+0000] {logging_mixin.py:190} INFO - [2024-11-29T08:05:09.276+0000] {dag.py:4180} INFO - Setting next_dagrun for conditional_dataset_and_time_based_timetable to 2024-11-27 01:00:00+00:00, run_after=2024-11-27 01:00:00+00:00
[2024-11-29T08:05:09.277+0000] {logging_mixin.py:190} INFO - [2024-11-29T08:05:09.277+0000] {dag.py:4180} INFO - Setting next_dagrun for consume_1_and_2_with_dataset_expressions to None, run_after=None
[2024-11-29T08:05:09.278+0000] {logging_mixin.py:190} INFO - [2024-11-29T08:05:09.278+0000] {dag.py:4180} INFO - Setting next_dagrun for consume_1_or_2_with_dataset_expressions to None, run_after=None
[2024-11-29T08:05:09.278+0000] {logging_mixin.py:190} INFO - [2024-11-29T08:05:09.278+0000] {dag.py:4180} INFO - Setting next_dagrun for consume_1_or_both_2_and_3_with_dataset_expressions to None, run_after=None
[2024-11-29T08:05:09.279+0000] {logging_mixin.py:190} INFO - [2024-11-29T08:05:09.279+0000] {dag.py:4180} INFO - Setting next_dagrun for dataset_consumes_1 to None, run_after=None
[2024-11-29T08:05:09.279+0000] {logging_mixin.py:190} INFO - [2024-11-29T08:05:09.279+0000] {dag.py:4180} INFO - Setting next_dagrun for dataset_consumes_1_and_2 to None, run_after=None
[2024-11-29T08:05:09.280+0000] {logging_mixin.py:190} INFO - [2024-11-29T08:05:09.279+0000] {dag.py:4180} INFO - Setting next_dagrun for dataset_consumes_1_never_scheduled to None, run_after=None
[2024-11-29T08:05:09.280+0000] {logging_mixin.py:190} INFO - [2024-11-29T08:05:09.280+0000] {dag.py:4180} INFO - Setting next_dagrun for dataset_consumes_unknown_never_scheduled to None, run_after=None
[2024-11-29T08:05:09.281+0000] {logging_mixin.py:190} INFO - [2024-11-29T08:05:09.281+0000] {dag.py:4180} INFO - Setting next_dagrun for dataset_produces_1 to 2024-11-28 00:00:00+00:00, run_after=2024-11-29 00:00:00+00:00
[2024-11-29T08:05:09.281+0000] {logging_mixin.py:190} INFO - [2024-11-29T08:05:09.281+0000] {dag.py:4180} INFO - Setting next_dagrun for dataset_produces_2 to None, run_after=None
[2024-11-29T08:05:09.291+0000] {processor.py:208} INFO - Processing /home/airflow/.local/lib/python3.12/site-packages/airflow/example_dags/example_datasets.py took 0.309 seconds
[2024-11-29T08:05:40.183+0000] {processor.py:186} INFO - Started process (PID=1048) to work on /home/airflow/.local/lib/python3.12/site-packages/airflow/example_dags/example_datasets.py
[2024-11-29T08:05:40.185+0000] {processor.py:914} INFO - Processing file /home/airflow/.local/lib/python3.12/site-packages/airflow/example_dags/example_datasets.py for tasks to queue
[2024-11-29T08:05:40.186+0000] {logging_mixin.py:190} INFO - [2024-11-29T08:05:40.186+0000] {dagbag.py:588} INFO - Filling up the DagBag from /home/airflow/.local/lib/python3.12/site-packages/airflow/example_dags/example_datasets.py
[2024-11-29T08:05:40.482+0000] {processor.py:925} INFO - DAG(s) 'dataset_consumes_1_never_scheduled', 'dataset_consumes_1', 'consume_1_and_2_with_dataset_expressions', 'dataset_produces_1', 'consume_1_or_both_2_and_3_with_dataset_expressions', 'consume_1_or_2_with_dataset_expressions', 'dataset_consumes_unknown_never_scheduled', 'conditional_dataset_and_time_based_timetable', 'dataset_produces_2', 'dataset_consumes_1_and_2' retrieved from /home/airflow/.local/lib/python3.12/site-packages/airflow/example_dags/example_datasets.py
[2024-11-29T08:05:40.498+0000] {logging_mixin.py:190} INFO - [2024-11-29T08:05:40.498+0000] {dag.py:3239} INFO - Sync 10 DAGs
[2024-11-29T08:05:40.515+0000] {logging_mixin.py:190} INFO - [2024-11-29T08:05:40.515+0000] {dag.py:4180} INFO - Setting next_dagrun for conditional_dataset_and_time_based_timetable to 2024-11-27 01:00:00+00:00, run_after=2024-11-27 01:00:00+00:00
[2024-11-29T08:05:40.518+0000] {logging_mixin.py:190} INFO - [2024-11-29T08:05:40.518+0000] {dag.py:4180} INFO - Setting next_dagrun for consume_1_and_2_with_dataset_expressions to None, run_after=None
[2024-11-29T08:05:40.519+0000] {logging_mixin.py:190} INFO - [2024-11-29T08:05:40.519+0000] {dag.py:4180} INFO - Setting next_dagrun for consume_1_or_2_with_dataset_expressions to None, run_after=None
[2024-11-29T08:05:40.519+0000] {logging_mixin.py:190} INFO - [2024-11-29T08:05:40.519+0000] {dag.py:4180} INFO - Setting next_dagrun for consume_1_or_both_2_and_3_with_dataset_expressions to None, run_after=None
[2024-11-29T08:05:40.520+0000] {logging_mixin.py:190} INFO - [2024-11-29T08:05:40.520+0000] {dag.py:4180} INFO - Setting next_dagrun for dataset_consumes_1 to None, run_after=None
[2024-11-29T08:05:40.520+0000] {logging_mixin.py:190} INFO - [2024-11-29T08:05:40.520+0000] {dag.py:4180} INFO - Setting next_dagrun for dataset_consumes_1_and_2 to None, run_after=None
[2024-11-29T08:05:40.521+0000] {logging_mixin.py:190} INFO - [2024-11-29T08:05:40.521+0000] {dag.py:4180} INFO - Setting next_dagrun for dataset_consumes_1_never_scheduled to None, run_after=None
[2024-11-29T08:05:40.522+0000] {logging_mixin.py:190} INFO - [2024-11-29T08:05:40.522+0000] {dag.py:4180} INFO - Setting next_dagrun for dataset_consumes_unknown_never_scheduled to None, run_after=None
[2024-11-29T08:05:40.523+0000] {logging_mixin.py:190} INFO - [2024-11-29T08:05:40.523+0000] {dag.py:4180} INFO - Setting next_dagrun for dataset_produces_1 to 2024-11-28 00:00:00+00:00, run_after=2024-11-29 00:00:00+00:00
[2024-11-29T08:05:40.524+0000] {logging_mixin.py:190} INFO - [2024-11-29T08:05:40.524+0000] {dag.py:4180} INFO - Setting next_dagrun for dataset_produces_2 to None, run_after=None
[2024-11-29T08:05:40.539+0000] {processor.py:208} INFO - Processing /home/airflow/.local/lib/python3.12/site-packages/airflow/example_dags/example_datasets.py took 0.360 seconds
[2024-11-29T08:06:11.262+0000] {processor.py:186} INFO - Started process (PID=1112) to work on /home/airflow/.local/lib/python3.12/site-packages/airflow/example_dags/example_datasets.py
[2024-11-29T08:06:11.267+0000] {processor.py:914} INFO - Processing file /home/airflow/.local/lib/python3.12/site-packages/airflow/example_dags/example_datasets.py for tasks to queue
[2024-11-29T08:06:11.271+0000] {logging_mixin.py:190} INFO - [2024-11-29T08:06:11.270+0000] {dagbag.py:588} INFO - Filling up the DagBag from /home/airflow/.local/lib/python3.12/site-packages/airflow/example_dags/example_datasets.py
[2024-11-29T08:06:11.493+0000] {processor.py:925} INFO - DAG(s) 'dataset_consumes_1_and_2', 'conditional_dataset_and_time_based_timetable', 'consume_1_and_2_with_dataset_expressions', 'dataset_produces_1', 'dataset_consumes_1_never_scheduled', 'dataset_consumes_1', 'consume_1_or_both_2_and_3_with_dataset_expressions', 'consume_1_or_2_with_dataset_expressions', 'dataset_consumes_unknown_never_scheduled', 'dataset_produces_2' retrieved from /home/airflow/.local/lib/python3.12/site-packages/airflow/example_dags/example_datasets.py
[2024-11-29T08:06:11.514+0000] {logging_mixin.py:190} INFO - [2024-11-29T08:06:11.514+0000] {dag.py:3239} INFO - Sync 10 DAGs
[2024-11-29T08:06:11.523+0000] {logging_mixin.py:190} INFO - [2024-11-29T08:06:11.523+0000] {dag.py:4180} INFO - Setting next_dagrun for conditional_dataset_and_time_based_timetable to 2024-11-27 01:00:00+00:00, run_after=2024-11-27 01:00:00+00:00
[2024-11-29T08:06:11.525+0000] {logging_mixin.py:190} INFO - [2024-11-29T08:06:11.525+0000] {dag.py:4180} INFO - Setting next_dagrun for consume_1_and_2_with_dataset_expressions to None, run_after=None
[2024-11-29T08:06:11.526+0000] {logging_mixin.py:190} INFO - [2024-11-29T08:06:11.526+0000] {dag.py:4180} INFO - Setting next_dagrun for consume_1_or_2_with_dataset_expressions to None, run_after=None
[2024-11-29T08:06:11.526+0000] {logging_mixin.py:190} INFO - [2024-11-29T08:06:11.526+0000] {dag.py:4180} INFO - Setting next_dagrun for consume_1_or_both_2_and_3_with_dataset_expressions to None, run_after=None
[2024-11-29T08:06:11.527+0000] {logging_mixin.py:190} INFO - [2024-11-29T08:06:11.527+0000] {dag.py:4180} INFO - Setting next_dagrun for dataset_consumes_1 to None, run_after=None
[2024-11-29T08:06:11.527+0000] {logging_mixin.py:190} INFO - [2024-11-29T08:06:11.527+0000] {dag.py:4180} INFO - Setting next_dagrun for dataset_consumes_1_and_2 to None, run_after=None
[2024-11-29T08:06:11.528+0000] {logging_mixin.py:190} INFO - [2024-11-29T08:06:11.528+0000] {dag.py:4180} INFO - Setting next_dagrun for dataset_consumes_1_never_scheduled to None, run_after=None
[2024-11-29T08:06:11.529+0000] {logging_mixin.py:190} INFO - [2024-11-29T08:06:11.529+0000] {dag.py:4180} INFO - Setting next_dagrun for dataset_consumes_unknown_never_scheduled to None, run_after=None
[2024-11-29T08:06:11.530+0000] {logging_mixin.py:190} INFO - [2024-11-29T08:06:11.530+0000] {dag.py:4180} INFO - Setting next_dagrun for dataset_produces_1 to 2024-11-28 00:00:00+00:00, run_after=2024-11-29 00:00:00+00:00
[2024-11-29T08:06:11.532+0000] {logging_mixin.py:190} INFO - [2024-11-29T08:06:11.531+0000] {dag.py:4180} INFO - Setting next_dagrun for dataset_produces_2 to None, run_after=None
[2024-11-29T08:06:11.543+0000] {processor.py:208} INFO - Processing /home/airflow/.local/lib/python3.12/site-packages/airflow/example_dags/example_datasets.py took 0.285 seconds
[2024-11-29T08:06:41.708+0000] {processor.py:186} INFO - Started process (PID=1176) to work on /home/airflow/.local/lib/python3.12/site-packages/airflow/example_dags/example_datasets.py
[2024-11-29T08:06:41.710+0000] {processor.py:914} INFO - Processing file /home/airflow/.local/lib/python3.12/site-packages/airflow/example_dags/example_datasets.py for tasks to queue
[2024-11-29T08:06:41.713+0000] {logging_mixin.py:190} INFO - [2024-11-29T08:06:41.713+0000] {dagbag.py:588} INFO - Filling up the DagBag from /home/airflow/.local/lib/python3.12/site-packages/airflow/example_dags/example_datasets.py
[2024-11-29T08:06:42.012+0000] {processor.py:925} INFO - DAG(s) 'dataset_produces_2', 'dataset_produces_1', 'dataset_consumes_1', 'consume_1_and_2_with_dataset_expressions', 'dataset_consumes_1_and_2', 'conditional_dataset_and_time_based_timetable', 'consume_1_or_both_2_and_3_with_dataset_expressions', 'dataset_consumes_1_never_scheduled', 'consume_1_or_2_with_dataset_expressions', 'dataset_consumes_unknown_never_scheduled' retrieved from /home/airflow/.local/lib/python3.12/site-packages/airflow/example_dags/example_datasets.py
[2024-11-29T08:06:42.027+0000] {logging_mixin.py:190} INFO - [2024-11-29T08:06:42.027+0000] {dag.py:3239} INFO - Sync 10 DAGs
[2024-11-29T08:06:42.036+0000] {logging_mixin.py:190} INFO - [2024-11-29T08:06:42.036+0000] {dag.py:4180} INFO - Setting next_dagrun for conditional_dataset_and_time_based_timetable to 2024-11-27 01:00:00+00:00, run_after=2024-11-27 01:00:00+00:00
[2024-11-29T08:06:42.037+0000] {logging_mixin.py:190} INFO - [2024-11-29T08:06:42.037+0000] {dag.py:4180} INFO - Setting next_dagrun for consume_1_and_2_with_dataset_expressions to None, run_after=None
[2024-11-29T08:06:42.038+0000] {logging_mixin.py:190} INFO - [2024-11-29T08:06:42.038+0000] {dag.py:4180} INFO - Setting next_dagrun for consume_1_or_2_with_dataset_expressions to None, run_after=None
[2024-11-29T08:06:42.039+0000] {logging_mixin.py:190} INFO - [2024-11-29T08:06:42.038+0000] {dag.py:4180} INFO - Setting next_dagrun for consume_1_or_both_2_and_3_with_dataset_expressions to None, run_after=None
[2024-11-29T08:06:42.039+0000] {logging_mixin.py:190} INFO - [2024-11-29T08:06:42.039+0000] {dag.py:4180} INFO - Setting next_dagrun for dataset_consumes_1 to None, run_after=None
[2024-11-29T08:06:42.040+0000] {logging_mixin.py:190} INFO - [2024-11-29T08:06:42.040+0000] {dag.py:4180} INFO - Setting next_dagrun for dataset_consumes_1_and_2 to None, run_after=None
[2024-11-29T08:06:42.042+0000] {logging_mixin.py:190} INFO - [2024-11-29T08:06:42.042+0000] {dag.py:4180} INFO - Setting next_dagrun for dataset_consumes_1_never_scheduled to None, run_after=None
[2024-11-29T08:06:42.043+0000] {logging_mixin.py:190} INFO - [2024-11-29T08:06:42.043+0000] {dag.py:4180} INFO - Setting next_dagrun for dataset_consumes_unknown_never_scheduled to None, run_after=None
[2024-11-29T08:06:42.043+0000] {logging_mixin.py:190} INFO - [2024-11-29T08:06:42.043+0000] {dag.py:4180} INFO - Setting next_dagrun for dataset_produces_1 to 2024-11-28 00:00:00+00:00, run_after=2024-11-29 00:00:00+00:00
[2024-11-29T08:06:42.044+0000] {logging_mixin.py:190} INFO - [2024-11-29T08:06:42.044+0000] {dag.py:4180} INFO - Setting next_dagrun for dataset_produces_2 to None, run_after=None
[2024-11-29T08:06:42.054+0000] {processor.py:208} INFO - Processing /home/airflow/.local/lib/python3.12/site-packages/airflow/example_dags/example_datasets.py took 0.351 seconds
[2024-11-29T08:07:12.812+0000] {processor.py:186} INFO - Started process (PID=1240) to work on /home/airflow/.local/lib/python3.12/site-packages/airflow/example_dags/example_datasets.py
[2024-11-29T08:07:12.814+0000] {processor.py:914} INFO - Processing file /home/airflow/.local/lib/python3.12/site-packages/airflow/example_dags/example_datasets.py for tasks to queue
[2024-11-29T08:07:12.815+0000] {logging_mixin.py:190} INFO - [2024-11-29T08:07:12.815+0000] {dagbag.py:588} INFO - Filling up the DagBag from /home/airflow/.local/lib/python3.12/site-packages/airflow/example_dags/example_datasets.py
[2024-11-29T08:07:13.041+0000] {processor.py:925} INFO - DAG(s) 'conditional_dataset_and_time_based_timetable', 'dataset_consumes_1_never_scheduled', 'dataset_consumes_1_and_2', 'dataset_consumes_1', 'consume_1_or_both_2_and_3_with_dataset_expressions', 'dataset_produces_1', 'dataset_produces_2', 'dataset_consumes_unknown_never_scheduled', 'consume_1_and_2_with_dataset_expressions', 'consume_1_or_2_with_dataset_expressions' retrieved from /home/airflow/.local/lib/python3.12/site-packages/airflow/example_dags/example_datasets.py
[2024-11-29T08:07:13.057+0000] {logging_mixin.py:190} INFO - [2024-11-29T08:07:13.057+0000] {dag.py:3239} INFO - Sync 10 DAGs
[2024-11-29T08:07:13.067+0000] {logging_mixin.py:190} INFO - [2024-11-29T08:07:13.067+0000] {dag.py:4180} INFO - Setting next_dagrun for conditional_dataset_and_time_based_timetable to 2024-11-27 01:00:00+00:00, run_after=2024-11-27 01:00:00+00:00
[2024-11-29T08:07:13.068+0000] {logging_mixin.py:190} INFO - [2024-11-29T08:07:13.068+0000] {dag.py:4180} INFO - Setting next_dagrun for consume_1_and_2_with_dataset_expressions to None, run_after=None
[2024-11-29T08:07:13.071+0000] {logging_mixin.py:190} INFO - [2024-11-29T08:07:13.070+0000] {dag.py:4180} INFO - Setting next_dagrun for consume_1_or_2_with_dataset_expressions to None, run_after=None
[2024-11-29T08:07:13.071+0000] {logging_mixin.py:190} INFO - [2024-11-29T08:07:13.071+0000] {dag.py:4180} INFO - Setting next_dagrun for consume_1_or_both_2_and_3_with_dataset_expressions to None, run_after=None
[2024-11-29T08:07:13.072+0000] {logging_mixin.py:190} INFO - [2024-11-29T08:07:13.072+0000] {dag.py:4180} INFO - Setting next_dagrun for dataset_consumes_1 to None, run_after=None
[2024-11-29T08:07:13.073+0000] {logging_mixin.py:190} INFO - [2024-11-29T08:07:13.073+0000] {dag.py:4180} INFO - Setting next_dagrun for dataset_consumes_1_and_2 to None, run_after=None
[2024-11-29T08:07:13.075+0000] {logging_mixin.py:190} INFO - [2024-11-29T08:07:13.075+0000] {dag.py:4180} INFO - Setting next_dagrun for dataset_consumes_1_never_scheduled to None, run_after=None
[2024-11-29T08:07:13.075+0000] {logging_mixin.py:190} INFO - [2024-11-29T08:07:13.075+0000] {dag.py:4180} INFO - Setting next_dagrun for dataset_consumes_unknown_never_scheduled to None, run_after=None
[2024-11-29T08:07:13.076+0000] {logging_mixin.py:190} INFO - [2024-11-29T08:07:13.076+0000] {dag.py:4180} INFO - Setting next_dagrun for dataset_produces_1 to 2024-11-28 00:00:00+00:00, run_after=2024-11-29 00:00:00+00:00
[2024-11-29T08:07:13.076+0000] {logging_mixin.py:190} INFO - [2024-11-29T08:07:13.076+0000] {dag.py:4180} INFO - Setting next_dagrun for dataset_produces_2 to None, run_after=None
[2024-11-29T08:07:13.086+0000] {processor.py:208} INFO - Processing /home/airflow/.local/lib/python3.12/site-packages/airflow/example_dags/example_datasets.py took 0.277 seconds
[2024-11-29T08:07:43.948+0000] {processor.py:186} INFO - Started process (PID=1304) to work on /home/airflow/.local/lib/python3.12/site-packages/airflow/example_dags/example_datasets.py
[2024-11-29T08:07:43.951+0000] {processor.py:914} INFO - Processing file /home/airflow/.local/lib/python3.12/site-packages/airflow/example_dags/example_datasets.py for tasks to queue
[2024-11-29T08:07:43.954+0000] {logging_mixin.py:190} INFO - [2024-11-29T08:07:43.954+0000] {dagbag.py:588} INFO - Filling up the DagBag from /home/airflow/.local/lib/python3.12/site-packages/airflow/example_dags/example_datasets.py
[2024-11-29T08:15:50.659+0000] {processor.py:925} INFO - DAG(s) 'consume_1_or_2_with_dataset_expressions', 'consume_1_and_2_with_dataset_expressions', 'dataset_consumes_1_and_2', 'dataset_consumes_1_never_scheduled', 'conditional_dataset_and_time_based_timetable', 'dataset_produces_2', 'dataset_consumes_unknown_never_scheduled', 'dataset_produces_1', 'consume_1_or_both_2_and_3_with_dataset_expressions', 'dataset_consumes_1' retrieved from /home/airflow/.local/lib/python3.12/site-packages/airflow/example_dags/example_datasets.py
[2024-11-29T08:15:50.676+0000] {logging_mixin.py:190} INFO - [2024-11-29T08:15:50.676+0000] {dag.py:3239} INFO - Sync 10 DAGs
[2024-11-29T08:15:50.684+0000] {logging_mixin.py:190} INFO - [2024-11-29T08:15:50.684+0000] {dag.py:4180} INFO - Setting next_dagrun for conditional_dataset_and_time_based_timetable to 2024-11-27 01:00:00+00:00, run_after=2024-11-27 01:00:00+00:00
[2024-11-29T08:15:50.686+0000] {logging_mixin.py:190} INFO - [2024-11-29T08:15:50.686+0000] {dag.py:4180} INFO - Setting next_dagrun for consume_1_and_2_with_dataset_expressions to None, run_after=None
[2024-11-29T08:15:50.686+0000] {logging_mixin.py:190} INFO - [2024-11-29T08:15:50.686+0000] {dag.py:4180} INFO - Setting next_dagrun for consume_1_or_2_with_dataset_expressions to None, run_after=None
[2024-11-29T08:15:50.687+0000] {logging_mixin.py:190} INFO - [2024-11-29T08:15:50.687+0000] {dag.py:4180} INFO - Setting next_dagrun for consume_1_or_both_2_and_3_with_dataset_expressions to None, run_after=None
[2024-11-29T08:15:50.687+0000] {logging_mixin.py:190} INFO - [2024-11-29T08:15:50.687+0000] {dag.py:4180} INFO - Setting next_dagrun for dataset_consumes_1 to None, run_after=None
[2024-11-29T08:15:50.688+0000] {logging_mixin.py:190} INFO - [2024-11-29T08:15:50.688+0000] {dag.py:4180} INFO - Setting next_dagrun for dataset_consumes_1_and_2 to None, run_after=None
[2024-11-29T08:15:50.689+0000] {logging_mixin.py:190} INFO - [2024-11-29T08:15:50.689+0000] {dag.py:4180} INFO - Setting next_dagrun for dataset_consumes_1_never_scheduled to None, run_after=None
[2024-11-29T08:15:50.689+0000] {logging_mixin.py:190} INFO - [2024-11-29T08:15:50.689+0000] {dag.py:4180} INFO - Setting next_dagrun for dataset_consumes_unknown_never_scheduled to None, run_after=None
[2024-11-29T08:15:50.691+0000] {logging_mixin.py:190} INFO - [2024-11-29T08:15:50.691+0000] {dag.py:4180} INFO - Setting next_dagrun for dataset_produces_1 to 2024-11-28 00:00:00+00:00, run_after=2024-11-29 00:00:00+00:00
[2024-11-29T08:15:50.692+0000] {logging_mixin.py:190} INFO - [2024-11-29T08:15:50.692+0000] {dag.py:4180} INFO - Setting next_dagrun for dataset_produces_2 to None, run_after=None
[2024-11-29T08:15:50.703+0000] {processor.py:208} INFO - Processing /home/airflow/.local/lib/python3.12/site-packages/airflow/example_dags/example_datasets.py took 0.270 seconds
[2024-11-29T08:18:42.957+0000] {processor.py:186} INFO - Started process (PID=1410) to work on /home/airflow/.local/lib/python3.12/site-packages/airflow/example_dags/example_datasets.py
[2024-11-29T08:18:42.958+0000] {processor.py:914} INFO - Processing file /home/airflow/.local/lib/python3.12/site-packages/airflow/example_dags/example_datasets.py for tasks to queue
[2024-11-29T08:18:42.959+0000] {logging_mixin.py:190} INFO - [2024-11-29T08:18:42.959+0000] {dagbag.py:588} INFO - Filling up the DagBag from /home/airflow/.local/lib/python3.12/site-packages/airflow/example_dags/example_datasets.py
[2024-11-29T08:18:43.186+0000] {processor.py:925} INFO - DAG(s) 'consume_1_or_both_2_and_3_with_dataset_expressions', 'consume_1_and_2_with_dataset_expressions', 'dataset_consumes_unknown_never_scheduled', 'dataset_consumes_1', 'dataset_consumes_1_and_2', 'dataset_consumes_1_never_scheduled', 'dataset_produces_2', 'dataset_produces_1', 'consume_1_or_2_with_dataset_expressions', 'conditional_dataset_and_time_based_timetable' retrieved from /home/airflow/.local/lib/python3.12/site-packages/airflow/example_dags/example_datasets.py
[2024-11-29T08:18:43.202+0000] {logging_mixin.py:190} INFO - [2024-11-29T08:18:43.202+0000] {dag.py:3239} INFO - Sync 10 DAGs
[2024-11-29T08:18:43.211+0000] {logging_mixin.py:190} INFO - [2024-11-29T08:18:43.211+0000] {dag.py:4180} INFO - Setting next_dagrun for conditional_dataset_and_time_based_timetable to 2024-11-27 01:00:00+00:00, run_after=2024-11-27 01:00:00+00:00
[2024-11-29T08:18:43.214+0000] {logging_mixin.py:190} INFO - [2024-11-29T08:18:43.213+0000] {dag.py:4180} INFO - Setting next_dagrun for consume_1_and_2_with_dataset_expressions to None, run_after=None
[2024-11-29T08:18:43.214+0000] {logging_mixin.py:190} INFO - [2024-11-29T08:18:43.214+0000] {dag.py:4180} INFO - Setting next_dagrun for consume_1_or_2_with_dataset_expressions to None, run_after=None
[2024-11-29T08:18:43.215+0000] {logging_mixin.py:190} INFO - [2024-11-29T08:18:43.215+0000] {dag.py:4180} INFO - Setting next_dagrun for consume_1_or_both_2_and_3_with_dataset_expressions to None, run_after=None
[2024-11-29T08:18:43.215+0000] {logging_mixin.py:190} INFO - [2024-11-29T08:18:43.215+0000] {dag.py:4180} INFO - Setting next_dagrun for dataset_consumes_1 to None, run_after=None
[2024-11-29T08:18:43.216+0000] {logging_mixin.py:190} INFO - [2024-11-29T08:18:43.216+0000] {dag.py:4180} INFO - Setting next_dagrun for dataset_consumes_1_and_2 to None, run_after=None
[2024-11-29T08:18:43.216+0000] {logging_mixin.py:190} INFO - [2024-11-29T08:18:43.216+0000] {dag.py:4180} INFO - Setting next_dagrun for dataset_consumes_1_never_scheduled to None, run_after=None
[2024-11-29T08:18:43.218+0000] {logging_mixin.py:190} INFO - [2024-11-29T08:18:43.217+0000] {dag.py:4180} INFO - Setting next_dagrun for dataset_consumes_unknown_never_scheduled to None, run_after=None
[2024-11-29T08:18:43.219+0000] {logging_mixin.py:190} INFO - [2024-11-29T08:18:43.218+0000] {dag.py:4180} INFO - Setting next_dagrun for dataset_produces_1 to 2024-11-28 00:00:00+00:00, run_after=2024-11-29 00:00:00+00:00
[2024-11-29T08:18:43.219+0000] {logging_mixin.py:190} INFO - [2024-11-29T08:18:43.219+0000] {dag.py:4180} INFO - Setting next_dagrun for dataset_produces_2 to None, run_after=None
[2024-11-29T08:18:43.232+0000] {processor.py:208} INFO - Processing /home/airflow/.local/lib/python3.12/site-packages/airflow/example_dags/example_datasets.py took 0.278 seconds
[2024-11-29T08:19:14.146+0000] {processor.py:186} INFO - Started process (PID=1474) to work on /home/airflow/.local/lib/python3.12/site-packages/airflow/example_dags/example_datasets.py
[2024-11-29T08:19:14.146+0000] {processor.py:914} INFO - Processing file /home/airflow/.local/lib/python3.12/site-packages/airflow/example_dags/example_datasets.py for tasks to queue
[2024-11-29T08:19:14.147+0000] {logging_mixin.py:190} INFO - [2024-11-29T08:19:14.147+0000] {dagbag.py:588} INFO - Filling up the DagBag from /home/airflow/.local/lib/python3.12/site-packages/airflow/example_dags/example_datasets.py
[2024-11-29T08:19:14.371+0000] {processor.py:925} INFO - DAG(s) 'dataset_produces_1', 'dataset_consumes_unknown_never_scheduled', 'consume_1_or_2_with_dataset_expressions', 'dataset_consumes_1_never_scheduled', 'consume_1_or_both_2_and_3_with_dataset_expressions', 'dataset_produces_2', 'consume_1_and_2_with_dataset_expressions', 'dataset_consumes_1_and_2', 'conditional_dataset_and_time_based_timetable', 'dataset_consumes_1' retrieved from /home/airflow/.local/lib/python3.12/site-packages/airflow/example_dags/example_datasets.py
[2024-11-29T08:19:14.387+0000] {logging_mixin.py:190} INFO - [2024-11-29T08:19:14.387+0000] {dag.py:3239} INFO - Sync 10 DAGs
[2024-11-29T08:19:14.395+0000] {logging_mixin.py:190} INFO - [2024-11-29T08:19:14.395+0000] {dag.py:4180} INFO - Setting next_dagrun for conditional_dataset_and_time_based_timetable to 2024-11-27 01:00:00+00:00, run_after=2024-11-27 01:00:00+00:00
[2024-11-29T08:19:14.399+0000] {logging_mixin.py:190} INFO - [2024-11-29T08:19:14.399+0000] {dag.py:4180} INFO - Setting next_dagrun for consume_1_and_2_with_dataset_expressions to None, run_after=None
[2024-11-29T08:19:14.399+0000] {logging_mixin.py:190} INFO - [2024-11-29T08:19:14.399+0000] {dag.py:4180} INFO - Setting next_dagrun for consume_1_or_2_with_dataset_expressions to None, run_after=None
[2024-11-29T08:19:14.400+0000] {logging_mixin.py:190} INFO - [2024-11-29T08:19:14.400+0000] {dag.py:4180} INFO - Setting next_dagrun for consume_1_or_both_2_and_3_with_dataset_expressions to None, run_after=None
[2024-11-29T08:19:14.400+0000] {logging_mixin.py:190} INFO - [2024-11-29T08:19:14.400+0000] {dag.py:4180} INFO - Setting next_dagrun for dataset_consumes_1 to None, run_after=None
[2024-11-29T08:19:14.400+0000] {logging_mixin.py:190} INFO - [2024-11-29T08:19:14.400+0000] {dag.py:4180} INFO - Setting next_dagrun for dataset_consumes_1_and_2 to None, run_after=None
[2024-11-29T08:19:14.401+0000] {logging_mixin.py:190} INFO - [2024-11-29T08:19:14.401+0000] {dag.py:4180} INFO - Setting next_dagrun for dataset_consumes_1_never_scheduled to None, run_after=None
[2024-11-29T08:19:14.401+0000] {logging_mixin.py:190} INFO - [2024-11-29T08:19:14.401+0000] {dag.py:4180} INFO - Setting next_dagrun for dataset_consumes_unknown_never_scheduled to None, run_after=None
[2024-11-29T08:19:14.402+0000] {logging_mixin.py:190} INFO - [2024-11-29T08:19:14.402+0000] {dag.py:4180} INFO - Setting next_dagrun for dataset_produces_1 to 2024-11-28 00:00:00+00:00, run_after=2024-11-29 00:00:00+00:00
[2024-11-29T08:19:14.403+0000] {logging_mixin.py:190} INFO - [2024-11-29T08:19:14.403+0000] {dag.py:4180} INFO - Setting next_dagrun for dataset_produces_2 to None, run_after=None
[2024-11-29T08:19:14.415+0000] {processor.py:208} INFO - Processing /home/airflow/.local/lib/python3.12/site-packages/airflow/example_dags/example_datasets.py took 0.272 seconds
