[2024-11-29T07:57:58.427+0000] {processor.py:186} INFO - Started process (PID=84) to work on /home/airflow/.local/lib/python3.12/site-packages/airflow/example_dags/example_workday_timetable.py
[2024-11-29T07:57:58.429+0000] {processor.py:914} INFO - Processing file /home/airflow/.local/lib/python3.12/site-packages/airflow/example_dags/example_workday_timetable.py for tasks to queue
[2024-11-29T07:57:58.430+0000] {logging_mixin.py:190} INFO - [2024-11-29T07:57:58.430+0000] {dagbag.py:588} INFO - Filling up the DagBag from /home/airflow/.local/lib/python3.12/site-packages/airflow/example_dags/example_workday_timetable.py
[2024-11-29T07:57:58.433+0000] {processor.py:925} INFO - DAG(s) 'example_workday_timetable' retrieved from /home/airflow/.local/lib/python3.12/site-packages/airflow/example_dags/example_workday_timetable.py
[2024-11-29T07:57:58.440+0000] {logging_mixin.py:190} INFO - [2024-11-29T07:57:58.439+0000] {dag.py:3239} INFO - Sync 1 DAGs
[2024-11-29T07:57:58.472+0000] {logging_mixin.py:190} INFO - [2024-11-29T07:57:58.472+0000] {dag.py:4180} INFO - Setting next_dagrun for example_workday_timetable to 2021-01-04 00:00:00+00:00, run_after=2021-01-05 00:00:00+00:00
[2024-11-29T07:57:58.482+0000] {processor.py:208} INFO - Processing /home/airflow/.local/lib/python3.12/site-packages/airflow/example_dags/example_workday_timetable.py took 0.057 seconds
[2024-11-29T07:58:28.657+0000] {processor.py:186} INFO - Started process (PID=148) to work on /home/airflow/.local/lib/python3.12/site-packages/airflow/example_dags/example_workday_timetable.py
[2024-11-29T07:58:28.658+0000] {processor.py:914} INFO - Processing file /home/airflow/.local/lib/python3.12/site-packages/airflow/example_dags/example_workday_timetable.py for tasks to queue
[2024-11-29T07:58:28.659+0000] {logging_mixin.py:190} INFO - [2024-11-29T07:58:28.659+0000] {dagbag.py:588} INFO - Filling up the DagBag from /home/airflow/.local/lib/python3.12/site-packages/airflow/example_dags/example_workday_timetable.py
[2024-11-29T07:58:28.661+0000] {processor.py:925} INFO - DAG(s) 'example_workday_timetable' retrieved from /home/airflow/.local/lib/python3.12/site-packages/airflow/example_dags/example_workday_timetable.py
[2024-11-29T07:58:28.671+0000] {logging_mixin.py:190} INFO - [2024-11-29T07:58:28.671+0000] {dag.py:3239} INFO - Sync 1 DAGs
[2024-11-29T07:58:28.692+0000] {logging_mixin.py:190} INFO - [2024-11-29T07:58:28.692+0000] {dag.py:4180} INFO - Setting next_dagrun for example_workday_timetable to 2021-01-04 00:00:00+00:00, run_after=2021-01-05 00:00:00+00:00
[2024-11-29T07:58:28.701+0000] {processor.py:208} INFO - Processing /home/airflow/.local/lib/python3.12/site-packages/airflow/example_dags/example_workday_timetable.py took 0.046 seconds
[2024-11-29T07:58:58.971+0000] {processor.py:186} INFO - Started process (PID=212) to work on /home/airflow/.local/lib/python3.12/site-packages/airflow/example_dags/example_workday_timetable.py
[2024-11-29T07:58:58.972+0000] {processor.py:914} INFO - Processing file /home/airflow/.local/lib/python3.12/site-packages/airflow/example_dags/example_workday_timetable.py for tasks to queue
[2024-11-29T07:58:58.972+0000] {logging_mixin.py:190} INFO - [2024-11-29T07:58:58.972+0000] {dagbag.py:588} INFO - Filling up the DagBag from /home/airflow/.local/lib/python3.12/site-packages/airflow/example_dags/example_workday_timetable.py
[2024-11-29T07:58:58.975+0000] {processor.py:925} INFO - DAG(s) 'example_workday_timetable' retrieved from /home/airflow/.local/lib/python3.12/site-packages/airflow/example_dags/example_workday_timetable.py
[2024-11-29T07:58:58.983+0000] {logging_mixin.py:190} INFO - [2024-11-29T07:58:58.983+0000] {dag.py:3239} INFO - Sync 1 DAGs
[2024-11-29T07:58:59.004+0000] {logging_mixin.py:190} INFO - [2024-11-29T07:58:59.004+0000] {dag.py:4180} INFO - Setting next_dagrun for example_workday_timetable to 2021-01-04 00:00:00+00:00, run_after=2021-01-05 00:00:00+00:00
[2024-11-29T07:58:59.012+0000] {processor.py:208} INFO - Processing /home/airflow/.local/lib/python3.12/site-packages/airflow/example_dags/example_workday_timetable.py took 0.043 seconds
[2024-11-29T07:59:29.252+0000] {processor.py:186} INFO - Started process (PID=276) to work on /home/airflow/.local/lib/python3.12/site-packages/airflow/example_dags/example_workday_timetable.py
[2024-11-29T07:59:29.252+0000] {processor.py:914} INFO - Processing file /home/airflow/.local/lib/python3.12/site-packages/airflow/example_dags/example_workday_timetable.py for tasks to queue
[2024-11-29T07:59:29.253+0000] {logging_mixin.py:190} INFO - [2024-11-29T07:59:29.253+0000] {dagbag.py:588} INFO - Filling up the DagBag from /home/airflow/.local/lib/python3.12/site-packages/airflow/example_dags/example_workday_timetable.py
[2024-11-29T07:59:29.256+0000] {processor.py:925} INFO - DAG(s) 'example_workday_timetable' retrieved from /home/airflow/.local/lib/python3.12/site-packages/airflow/example_dags/example_workday_timetable.py
[2024-11-29T07:59:29.264+0000] {logging_mixin.py:190} INFO - [2024-11-29T07:59:29.263+0000] {dag.py:3239} INFO - Sync 1 DAGs
[2024-11-29T07:59:29.284+0000] {logging_mixin.py:190} INFO - [2024-11-29T07:59:29.284+0000] {dag.py:4180} INFO - Setting next_dagrun for example_workday_timetable to 2021-01-04 00:00:00+00:00, run_after=2021-01-05 00:00:00+00:00
[2024-11-29T07:59:29.290+0000] {processor.py:208} INFO - Processing /home/airflow/.local/lib/python3.12/site-packages/airflow/example_dags/example_workday_timetable.py took 0.041 seconds
[2024-11-29T08:00:00.292+0000] {processor.py:186} INFO - Started process (PID=340) to work on /home/airflow/.local/lib/python3.12/site-packages/airflow/example_dags/example_workday_timetable.py
[2024-11-29T08:00:00.292+0000] {processor.py:914} INFO - Processing file /home/airflow/.local/lib/python3.12/site-packages/airflow/example_dags/example_workday_timetable.py for tasks to queue
[2024-11-29T08:00:00.293+0000] {logging_mixin.py:190} INFO - [2024-11-29T08:00:00.293+0000] {dagbag.py:588} INFO - Filling up the DagBag from /home/airflow/.local/lib/python3.12/site-packages/airflow/example_dags/example_workday_timetable.py
[2024-11-29T08:00:00.296+0000] {processor.py:925} INFO - DAG(s) 'example_workday_timetable' retrieved from /home/airflow/.local/lib/python3.12/site-packages/airflow/example_dags/example_workday_timetable.py
[2024-11-29T08:00:00.303+0000] {logging_mixin.py:190} INFO - [2024-11-29T08:00:00.303+0000] {dag.py:3239} INFO - Sync 1 DAGs
[2024-11-29T08:00:00.324+0000] {logging_mixin.py:190} INFO - [2024-11-29T08:00:00.323+0000] {dag.py:4180} INFO - Setting next_dagrun for example_workday_timetable to 2021-01-04 00:00:00+00:00, run_after=2021-01-05 00:00:00+00:00
[2024-11-29T08:00:00.330+0000] {processor.py:208} INFO - Processing /home/airflow/.local/lib/python3.12/site-packages/airflow/example_dags/example_workday_timetable.py took 0.040 seconds
[2024-11-29T08:00:31.310+0000] {processor.py:186} INFO - Started process (PID=404) to work on /home/airflow/.local/lib/python3.12/site-packages/airflow/example_dags/example_workday_timetable.py
[2024-11-29T08:00:31.310+0000] {processor.py:914} INFO - Processing file /home/airflow/.local/lib/python3.12/site-packages/airflow/example_dags/example_workday_timetable.py for tasks to queue
[2024-11-29T08:00:31.311+0000] {logging_mixin.py:190} INFO - [2024-11-29T08:00:31.311+0000] {dagbag.py:588} INFO - Filling up the DagBag from /home/airflow/.local/lib/python3.12/site-packages/airflow/example_dags/example_workday_timetable.py
[2024-11-29T08:00:31.313+0000] {processor.py:925} INFO - DAG(s) 'example_workday_timetable' retrieved from /home/airflow/.local/lib/python3.12/site-packages/airflow/example_dags/example_workday_timetable.py
[2024-11-29T08:00:31.321+0000] {logging_mixin.py:190} INFO - [2024-11-29T08:00:31.321+0000] {dag.py:3239} INFO - Sync 1 DAGs
[2024-11-29T08:00:31.341+0000] {logging_mixin.py:190} INFO - [2024-11-29T08:00:31.341+0000] {dag.py:4180} INFO - Setting next_dagrun for example_workday_timetable to 2021-01-04 00:00:00+00:00, run_after=2021-01-05 00:00:00+00:00
[2024-11-29T08:00:31.347+0000] {processor.py:208} INFO - Processing /home/airflow/.local/lib/python3.12/site-packages/airflow/example_dags/example_workday_timetable.py took 0.040 seconds
[2024-11-29T08:01:02.500+0000] {processor.py:186} INFO - Started process (PID=468) to work on /home/airflow/.local/lib/python3.12/site-packages/airflow/example_dags/example_workday_timetable.py
[2024-11-29T08:01:02.500+0000] {processor.py:914} INFO - Processing file /home/airflow/.local/lib/python3.12/site-packages/airflow/example_dags/example_workday_timetable.py for tasks to queue
[2024-11-29T08:01:02.501+0000] {logging_mixin.py:190} INFO - [2024-11-29T08:01:02.501+0000] {dagbag.py:588} INFO - Filling up the DagBag from /home/airflow/.local/lib/python3.12/site-packages/airflow/example_dags/example_workday_timetable.py
[2024-11-29T08:01:02.503+0000] {processor.py:925} INFO - DAG(s) 'example_workday_timetable' retrieved from /home/airflow/.local/lib/python3.12/site-packages/airflow/example_dags/example_workday_timetable.py
[2024-11-29T08:01:02.510+0000] {logging_mixin.py:190} INFO - [2024-11-29T08:01:02.510+0000] {dag.py:3239} INFO - Sync 1 DAGs
[2024-11-29T08:01:02.530+0000] {logging_mixin.py:190} INFO - [2024-11-29T08:01:02.530+0000] {dag.py:4180} INFO - Setting next_dagrun for example_workday_timetable to 2021-01-04 00:00:00+00:00, run_after=2021-01-05 00:00:00+00:00
[2024-11-29T08:01:02.536+0000] {processor.py:208} INFO - Processing /home/airflow/.local/lib/python3.12/site-packages/airflow/example_dags/example_workday_timetable.py took 0.038 seconds
[2024-11-29T08:01:33.644+0000] {processor.py:186} INFO - Started process (PID=531) to work on /home/airflow/.local/lib/python3.12/site-packages/airflow/example_dags/example_workday_timetable.py
[2024-11-29T08:01:33.645+0000] {processor.py:914} INFO - Processing file /home/airflow/.local/lib/python3.12/site-packages/airflow/example_dags/example_workday_timetable.py for tasks to queue
[2024-11-29T08:01:33.646+0000] {logging_mixin.py:190} INFO - [2024-11-29T08:01:33.646+0000] {dagbag.py:588} INFO - Filling up the DagBag from /home/airflow/.local/lib/python3.12/site-packages/airflow/example_dags/example_workday_timetable.py
[2024-11-29T08:01:33.648+0000] {processor.py:925} INFO - DAG(s) 'example_workday_timetable' retrieved from /home/airflow/.local/lib/python3.12/site-packages/airflow/example_dags/example_workday_timetable.py
[2024-11-29T08:01:33.656+0000] {logging_mixin.py:190} INFO - [2024-11-29T08:01:33.656+0000] {dag.py:3239} INFO - Sync 1 DAGs
[2024-11-29T08:01:33.675+0000] {logging_mixin.py:190} INFO - [2024-11-29T08:01:33.675+0000] {dag.py:4180} INFO - Setting next_dagrun for example_workday_timetable to 2021-01-04 00:00:00+00:00, run_after=2021-01-05 00:00:00+00:00
[2024-11-29T08:01:33.681+0000] {processor.py:208} INFO - Processing /home/airflow/.local/lib/python3.12/site-packages/airflow/example_dags/example_workday_timetable.py took 0.039 seconds
[2024-11-29T08:02:04.842+0000] {processor.py:186} INFO - Started process (PID=595) to work on /home/airflow/.local/lib/python3.12/site-packages/airflow/example_dags/example_workday_timetable.py
[2024-11-29T08:02:04.843+0000] {processor.py:914} INFO - Processing file /home/airflow/.local/lib/python3.12/site-packages/airflow/example_dags/example_workday_timetable.py for tasks to queue
[2024-11-29T08:02:04.844+0000] {logging_mixin.py:190} INFO - [2024-11-29T08:02:04.844+0000] {dagbag.py:588} INFO - Filling up the DagBag from /home/airflow/.local/lib/python3.12/site-packages/airflow/example_dags/example_workday_timetable.py
[2024-11-29T08:02:04.848+0000] {processor.py:925} INFO - DAG(s) 'example_workday_timetable' retrieved from /home/airflow/.local/lib/python3.12/site-packages/airflow/example_dags/example_workday_timetable.py
[2024-11-29T08:02:04.855+0000] {logging_mixin.py:190} INFO - [2024-11-29T08:02:04.855+0000] {dag.py:3239} INFO - Sync 1 DAGs
[2024-11-29T08:02:04.874+0000] {logging_mixin.py:190} INFO - [2024-11-29T08:02:04.874+0000] {dag.py:4180} INFO - Setting next_dagrun for example_workday_timetable to 2021-01-04 00:00:00+00:00, run_after=2021-01-05 00:00:00+00:00
[2024-11-29T08:02:04.886+0000] {processor.py:208} INFO - Processing /home/airflow/.local/lib/python3.12/site-packages/airflow/example_dags/example_workday_timetable.py took 0.046 seconds
[2024-11-29T08:02:35.220+0000] {processor.py:186} INFO - Started process (PID=659) to work on /home/airflow/.local/lib/python3.12/site-packages/airflow/example_dags/example_workday_timetable.py
[2024-11-29T08:02:35.221+0000] {processor.py:914} INFO - Processing file /home/airflow/.local/lib/python3.12/site-packages/airflow/example_dags/example_workday_timetable.py for tasks to queue
[2024-11-29T08:02:35.221+0000] {logging_mixin.py:190} INFO - [2024-11-29T08:02:35.221+0000] {dagbag.py:588} INFO - Filling up the DagBag from /home/airflow/.local/lib/python3.12/site-packages/airflow/example_dags/example_workday_timetable.py
[2024-11-29T08:02:35.226+0000] {processor.py:925} INFO - DAG(s) 'example_workday_timetable' retrieved from /home/airflow/.local/lib/python3.12/site-packages/airflow/example_dags/example_workday_timetable.py
[2024-11-29T08:02:35.233+0000] {logging_mixin.py:190} INFO - [2024-11-29T08:02:35.233+0000] {dag.py:3239} INFO - Sync 1 DAGs
[2024-11-29T08:02:35.254+0000] {logging_mixin.py:190} INFO - [2024-11-29T08:02:35.254+0000] {dag.py:4180} INFO - Setting next_dagrun for example_workday_timetable to 2021-01-04 00:00:00+00:00, run_after=2021-01-05 00:00:00+00:00
[2024-11-29T08:02:35.261+0000] {processor.py:208} INFO - Processing /home/airflow/.local/lib/python3.12/site-packages/airflow/example_dags/example_workday_timetable.py took 0.044 seconds
[2024-11-29T08:03:05.618+0000] {processor.py:186} INFO - Started process (PID=723) to work on /home/airflow/.local/lib/python3.12/site-packages/airflow/example_dags/example_workday_timetable.py
[2024-11-29T08:03:05.618+0000] {processor.py:914} INFO - Processing file /home/airflow/.local/lib/python3.12/site-packages/airflow/example_dags/example_workday_timetable.py for tasks to queue
[2024-11-29T08:03:05.619+0000] {logging_mixin.py:190} INFO - [2024-11-29T08:03:05.619+0000] {dagbag.py:588} INFO - Filling up the DagBag from /home/airflow/.local/lib/python3.12/site-packages/airflow/example_dags/example_workday_timetable.py
[2024-11-29T08:03:05.624+0000] {processor.py:925} INFO - DAG(s) 'example_workday_timetable' retrieved from /home/airflow/.local/lib/python3.12/site-packages/airflow/example_dags/example_workday_timetable.py
[2024-11-29T08:03:05.631+0000] {logging_mixin.py:190} INFO - [2024-11-29T08:03:05.631+0000] {dag.py:3239} INFO - Sync 1 DAGs
[2024-11-29T08:03:05.651+0000] {logging_mixin.py:190} INFO - [2024-11-29T08:03:05.651+0000] {dag.py:4180} INFO - Setting next_dagrun for example_workday_timetable to 2021-01-04 00:00:00+00:00, run_after=2021-01-05 00:00:00+00:00
[2024-11-29T08:03:05.658+0000] {processor.py:208} INFO - Processing /home/airflow/.local/lib/python3.12/site-packages/airflow/example_dags/example_workday_timetable.py took 0.043 seconds
[2024-11-29T08:03:35.977+0000] {processor.py:186} INFO - Started process (PID=787) to work on /home/airflow/.local/lib/python3.12/site-packages/airflow/example_dags/example_workday_timetable.py
[2024-11-29T08:03:35.978+0000] {processor.py:914} INFO - Processing file /home/airflow/.local/lib/python3.12/site-packages/airflow/example_dags/example_workday_timetable.py for tasks to queue
[2024-11-29T08:03:35.981+0000] {logging_mixin.py:190} INFO - [2024-11-29T08:03:35.981+0000] {dagbag.py:588} INFO - Filling up the DagBag from /home/airflow/.local/lib/python3.12/site-packages/airflow/example_dags/example_workday_timetable.py
[2024-11-29T08:03:35.984+0000] {processor.py:925} INFO - DAG(s) 'example_workday_timetable' retrieved from /home/airflow/.local/lib/python3.12/site-packages/airflow/example_dags/example_workday_timetable.py
[2024-11-29T08:03:35.996+0000] {logging_mixin.py:190} INFO - [2024-11-29T08:03:35.996+0000] {dag.py:3239} INFO - Sync 1 DAGs
[2024-11-29T08:03:36.018+0000] {logging_mixin.py:190} INFO - [2024-11-29T08:03:36.018+0000] {dag.py:4180} INFO - Setting next_dagrun for example_workday_timetable to 2021-01-04 00:00:00+00:00, run_after=2021-01-05 00:00:00+00:00
[2024-11-29T08:03:36.025+0000] {processor.py:208} INFO - Processing /home/airflow/.local/lib/python3.12/site-packages/airflow/example_dags/example_workday_timetable.py took 0.050 seconds
[2024-11-29T08:04:06.263+0000] {processor.py:186} INFO - Started process (PID=851) to work on /home/airflow/.local/lib/python3.12/site-packages/airflow/example_dags/example_workday_timetable.py
[2024-11-29T08:04:06.264+0000] {processor.py:914} INFO - Processing file /home/airflow/.local/lib/python3.12/site-packages/airflow/example_dags/example_workday_timetable.py for tasks to queue
[2024-11-29T08:04:06.265+0000] {logging_mixin.py:190} INFO - [2024-11-29T08:04:06.265+0000] {dagbag.py:588} INFO - Filling up the DagBag from /home/airflow/.local/lib/python3.12/site-packages/airflow/example_dags/example_workday_timetable.py
[2024-11-29T08:04:06.270+0000] {processor.py:925} INFO - DAG(s) 'example_workday_timetable' retrieved from /home/airflow/.local/lib/python3.12/site-packages/airflow/example_dags/example_workday_timetable.py
[2024-11-29T08:04:06.278+0000] {logging_mixin.py:190} INFO - [2024-11-29T08:04:06.278+0000] {dag.py:3239} INFO - Sync 1 DAGs
[2024-11-29T08:04:06.297+0000] {logging_mixin.py:190} INFO - [2024-11-29T08:04:06.297+0000] {dag.py:4180} INFO - Setting next_dagrun for example_workday_timetable to 2021-01-04 00:00:00+00:00, run_after=2021-01-05 00:00:00+00:00
[2024-11-29T08:04:06.303+0000] {processor.py:208} INFO - Processing /home/airflow/.local/lib/python3.12/site-packages/airflow/example_dags/example_workday_timetable.py took 0.043 seconds
[2024-11-29T08:04:36.694+0000] {processor.py:186} INFO - Started process (PID=915) to work on /home/airflow/.local/lib/python3.12/site-packages/airflow/example_dags/example_workday_timetable.py
[2024-11-29T08:04:36.696+0000] {processor.py:914} INFO - Processing file /home/airflow/.local/lib/python3.12/site-packages/airflow/example_dags/example_workday_timetable.py for tasks to queue
[2024-11-29T08:04:36.698+0000] {logging_mixin.py:190} INFO - [2024-11-29T08:04:36.698+0000] {dagbag.py:588} INFO - Filling up the DagBag from /home/airflow/.local/lib/python3.12/site-packages/airflow/example_dags/example_workday_timetable.py
[2024-11-29T08:04:36.702+0000] {processor.py:925} INFO - DAG(s) 'example_workday_timetable' retrieved from /home/airflow/.local/lib/python3.12/site-packages/airflow/example_dags/example_workday_timetable.py
[2024-11-29T08:04:36.713+0000] {logging_mixin.py:190} INFO - [2024-11-29T08:04:36.712+0000] {dag.py:3239} INFO - Sync 1 DAGs
[2024-11-29T08:04:36.734+0000] {logging_mixin.py:190} INFO - [2024-11-29T08:04:36.734+0000] {dag.py:4180} INFO - Setting next_dagrun for example_workday_timetable to 2021-01-04 00:00:00+00:00, run_after=2021-01-05 00:00:00+00:00
[2024-11-29T08:04:36.742+0000] {processor.py:208} INFO - Processing /home/airflow/.local/lib/python3.12/site-packages/airflow/example_dags/example_workday_timetable.py took 0.051 seconds
[2024-11-29T08:05:06.870+0000] {processor.py:186} INFO - Started process (PID=979) to work on /home/airflow/.local/lib/python3.12/site-packages/airflow/example_dags/example_workday_timetable.py
[2024-11-29T08:05:06.871+0000] {processor.py:914} INFO - Processing file /home/airflow/.local/lib/python3.12/site-packages/airflow/example_dags/example_workday_timetable.py for tasks to queue
[2024-11-29T08:05:06.872+0000] {logging_mixin.py:190} INFO - [2024-11-29T08:05:06.871+0000] {dagbag.py:588} INFO - Filling up the DagBag from /home/airflow/.local/lib/python3.12/site-packages/airflow/example_dags/example_workday_timetable.py
[2024-11-29T08:05:06.874+0000] {processor.py:925} INFO - DAG(s) 'example_workday_timetable' retrieved from /home/airflow/.local/lib/python3.12/site-packages/airflow/example_dags/example_workday_timetable.py
[2024-11-29T08:05:06.883+0000] {logging_mixin.py:190} INFO - [2024-11-29T08:05:06.883+0000] {dag.py:3239} INFO - Sync 1 DAGs
[2024-11-29T08:05:06.903+0000] {logging_mixin.py:190} INFO - [2024-11-29T08:05:06.903+0000] {dag.py:4180} INFO - Setting next_dagrun for example_workday_timetable to 2021-01-04 00:00:00+00:00, run_after=2021-01-05 00:00:00+00:00
[2024-11-29T08:05:06.913+0000] {processor.py:208} INFO - Processing /home/airflow/.local/lib/python3.12/site-packages/airflow/example_dags/example_workday_timetable.py took 0.045 seconds
[2024-11-29T08:05:36.963+0000] {processor.py:186} INFO - Started process (PID=1043) to work on /home/airflow/.local/lib/python3.12/site-packages/airflow/example_dags/example_workday_timetable.py
[2024-11-29T08:05:36.964+0000] {processor.py:914} INFO - Processing file /home/airflow/.local/lib/python3.12/site-packages/airflow/example_dags/example_workday_timetable.py for tasks to queue
[2024-11-29T08:05:36.965+0000] {logging_mixin.py:190} INFO - [2024-11-29T08:05:36.965+0000] {dagbag.py:588} INFO - Filling up the DagBag from /home/airflow/.local/lib/python3.12/site-packages/airflow/example_dags/example_workday_timetable.py
[2024-11-29T08:05:36.967+0000] {processor.py:925} INFO - DAG(s) 'example_workday_timetable' retrieved from /home/airflow/.local/lib/python3.12/site-packages/airflow/example_dags/example_workday_timetable.py
[2024-11-29T08:05:36.975+0000] {logging_mixin.py:190} INFO - [2024-11-29T08:05:36.975+0000] {dag.py:3239} INFO - Sync 1 DAGs
[2024-11-29T08:05:36.995+0000] {logging_mixin.py:190} INFO - [2024-11-29T08:05:36.995+0000] {dag.py:4180} INFO - Setting next_dagrun for example_workday_timetable to 2021-01-04 00:00:00+00:00, run_after=2021-01-05 00:00:00+00:00
[2024-11-29T08:05:37.001+0000] {processor.py:208} INFO - Processing /home/airflow/.local/lib/python3.12/site-packages/airflow/example_dags/example_workday_timetable.py took 0.040 seconds
[2024-11-29T08:06:07.082+0000] {processor.py:186} INFO - Started process (PID=1106) to work on /home/airflow/.local/lib/python3.12/site-packages/airflow/example_dags/example_workday_timetable.py
[2024-11-29T08:06:07.083+0000] {processor.py:914} INFO - Processing file /home/airflow/.local/lib/python3.12/site-packages/airflow/example_dags/example_workday_timetable.py for tasks to queue
[2024-11-29T08:06:07.083+0000] {logging_mixin.py:190} INFO - [2024-11-29T08:06:07.083+0000] {dagbag.py:588} INFO - Filling up the DagBag from /home/airflow/.local/lib/python3.12/site-packages/airflow/example_dags/example_workday_timetable.py
[2024-11-29T08:06:07.088+0000] {processor.py:925} INFO - DAG(s) 'example_workday_timetable' retrieved from /home/airflow/.local/lib/python3.12/site-packages/airflow/example_dags/example_workday_timetable.py
[2024-11-29T08:06:07.095+0000] {logging_mixin.py:190} INFO - [2024-11-29T08:06:07.094+0000] {dag.py:3239} INFO - Sync 1 DAGs
[2024-11-29T08:06:07.115+0000] {logging_mixin.py:190} INFO - [2024-11-29T08:06:07.115+0000] {dag.py:4180} INFO - Setting next_dagrun for example_workday_timetable to 2021-01-04 00:00:00+00:00, run_after=2021-01-05 00:00:00+00:00
[2024-11-29T08:06:07.121+0000] {processor.py:208} INFO - Processing /home/airflow/.local/lib/python3.12/site-packages/airflow/example_dags/example_workday_timetable.py took 0.041 seconds
[2024-11-29T08:06:37.340+0000] {processor.py:186} INFO - Started process (PID=1170) to work on /home/airflow/.local/lib/python3.12/site-packages/airflow/example_dags/example_workday_timetable.py
[2024-11-29T08:06:37.341+0000] {processor.py:914} INFO - Processing file /home/airflow/.local/lib/python3.12/site-packages/airflow/example_dags/example_workday_timetable.py for tasks to queue
[2024-11-29T08:06:37.341+0000] {logging_mixin.py:190} INFO - [2024-11-29T08:06:37.341+0000] {dagbag.py:588} INFO - Filling up the DagBag from /home/airflow/.local/lib/python3.12/site-packages/airflow/example_dags/example_workday_timetable.py
[2024-11-29T08:06:37.344+0000] {processor.py:925} INFO - DAG(s) 'example_workday_timetable' retrieved from /home/airflow/.local/lib/python3.12/site-packages/airflow/example_dags/example_workday_timetable.py
[2024-11-29T08:06:37.352+0000] {logging_mixin.py:190} INFO - [2024-11-29T08:06:37.352+0000] {dag.py:3239} INFO - Sync 1 DAGs
[2024-11-29T08:06:37.375+0000] {logging_mixin.py:190} INFO - [2024-11-29T08:06:37.375+0000] {dag.py:4180} INFO - Setting next_dagrun for example_workday_timetable to 2021-01-04 00:00:00+00:00, run_after=2021-01-05 00:00:00+00:00
[2024-11-29T08:06:37.381+0000] {processor.py:208} INFO - Processing /home/airflow/.local/lib/python3.12/site-packages/airflow/example_dags/example_workday_timetable.py took 0.044 seconds
[2024-11-29T08:07:07.504+0000] {processor.py:186} INFO - Started process (PID=1234) to work on /home/airflow/.local/lib/python3.12/site-packages/airflow/example_dags/example_workday_timetable.py
[2024-11-29T08:07:07.504+0000] {processor.py:914} INFO - Processing file /home/airflow/.local/lib/python3.12/site-packages/airflow/example_dags/example_workday_timetable.py for tasks to queue
[2024-11-29T08:07:07.505+0000] {logging_mixin.py:190} INFO - [2024-11-29T08:07:07.505+0000] {dagbag.py:588} INFO - Filling up the DagBag from /home/airflow/.local/lib/python3.12/site-packages/airflow/example_dags/example_workday_timetable.py
[2024-11-29T08:07:07.507+0000] {processor.py:925} INFO - DAG(s) 'example_workday_timetable' retrieved from /home/airflow/.local/lib/python3.12/site-packages/airflow/example_dags/example_workday_timetable.py
[2024-11-29T08:07:07.514+0000] {logging_mixin.py:190} INFO - [2024-11-29T08:07:07.514+0000] {dag.py:3239} INFO - Sync 1 DAGs
[2024-11-29T08:07:07.533+0000] {logging_mixin.py:190} INFO - [2024-11-29T08:07:07.533+0000] {dag.py:4180} INFO - Setting next_dagrun for example_workday_timetable to 2021-01-04 00:00:00+00:00, run_after=2021-01-05 00:00:00+00:00
[2024-11-29T08:07:07.539+0000] {processor.py:208} INFO - Processing /home/airflow/.local/lib/python3.12/site-packages/airflow/example_dags/example_workday_timetable.py took 0.038 seconds
[2024-11-29T08:07:38.508+0000] {processor.py:186} INFO - Started process (PID=1297) to work on /home/airflow/.local/lib/python3.12/site-packages/airflow/example_dags/example_workday_timetable.py
[2024-11-29T08:07:38.509+0000] {processor.py:914} INFO - Processing file /home/airflow/.local/lib/python3.12/site-packages/airflow/example_dags/example_workday_timetable.py for tasks to queue
[2024-11-29T08:07:38.510+0000] {logging_mixin.py:190} INFO - [2024-11-29T08:07:38.510+0000] {dagbag.py:588} INFO - Filling up the DagBag from /home/airflow/.local/lib/python3.12/site-packages/airflow/example_dags/example_workday_timetable.py
[2024-11-29T08:07:38.514+0000] {processor.py:925} INFO - DAG(s) 'example_workday_timetable' retrieved from /home/airflow/.local/lib/python3.12/site-packages/airflow/example_dags/example_workday_timetable.py
[2024-11-29T08:07:38.522+0000] {logging_mixin.py:190} INFO - [2024-11-29T08:07:38.522+0000] {dag.py:3239} INFO - Sync 1 DAGs
[2024-11-29T08:07:38.544+0000] {logging_mixin.py:190} INFO - [2024-11-29T08:07:38.544+0000] {dag.py:4180} INFO - Setting next_dagrun for example_workday_timetable to 2021-01-04 00:00:00+00:00, run_after=2021-01-05 00:00:00+00:00
[2024-11-29T08:07:38.552+0000] {processor.py:208} INFO - Processing /home/airflow/.local/lib/python3.12/site-packages/airflow/example_dags/example_workday_timetable.py took 0.047 seconds
[2024-11-29T08:15:52.189+0000] {processor.py:186} INFO - Started process (PID=1357) to work on /home/airflow/.local/lib/python3.12/site-packages/airflow/example_dags/example_workday_timetable.py
[2024-11-29T08:15:52.189+0000] {processor.py:914} INFO - Processing file /home/airflow/.local/lib/python3.12/site-packages/airflow/example_dags/example_workday_timetable.py for tasks to queue
[2024-11-29T08:15:52.190+0000] {logging_mixin.py:190} INFO - [2024-11-29T08:15:52.190+0000] {dagbag.py:588} INFO - Filling up the DagBag from /home/airflow/.local/lib/python3.12/site-packages/airflow/example_dags/example_workday_timetable.py
[2024-11-29T08:15:52.193+0000] {processor.py:925} INFO - DAG(s) 'example_workday_timetable' retrieved from /home/airflow/.local/lib/python3.12/site-packages/airflow/example_dags/example_workday_timetable.py
[2024-11-29T08:15:52.206+0000] {logging_mixin.py:190} INFO - [2024-11-29T08:15:52.206+0000] {dag.py:3239} INFO - Sync 1 DAGs
[2024-11-29T08:15:52.226+0000] {logging_mixin.py:190} INFO - [2024-11-29T08:15:52.226+0000] {dag.py:4180} INFO - Setting next_dagrun for example_workday_timetable to 2021-01-04 00:00:00+00:00, run_after=2021-01-05 00:00:00+00:00
[2024-11-29T08:15:52.233+0000] {processor.py:208} INFO - Processing /home/airflow/.local/lib/python3.12/site-packages/airflow/example_dags/example_workday_timetable.py took 0.046 seconds
[2024-11-29T08:18:42.848+0000] {processor.py:186} INFO - Started process (PID=1406) to work on /home/airflow/.local/lib/python3.12/site-packages/airflow/example_dags/example_workday_timetable.py
[2024-11-29T08:18:42.849+0000] {processor.py:914} INFO - Processing file /home/airflow/.local/lib/python3.12/site-packages/airflow/example_dags/example_workday_timetable.py for tasks to queue
[2024-11-29T08:18:42.850+0000] {logging_mixin.py:190} INFO - [2024-11-29T08:18:42.849+0000] {dagbag.py:588} INFO - Filling up the DagBag from /home/airflow/.local/lib/python3.12/site-packages/airflow/example_dags/example_workday_timetable.py
[2024-11-29T08:18:42.854+0000] {processor.py:925} INFO - DAG(s) 'example_workday_timetable' retrieved from /home/airflow/.local/lib/python3.12/site-packages/airflow/example_dags/example_workday_timetable.py
[2024-11-29T08:18:42.862+0000] {logging_mixin.py:190} INFO - [2024-11-29T08:18:42.862+0000] {dag.py:3239} INFO - Sync 1 DAGs
[2024-11-29T08:18:42.885+0000] {logging_mixin.py:190} INFO - [2024-11-29T08:18:42.885+0000] {dag.py:4180} INFO - Setting next_dagrun for example_workday_timetable to 2021-01-04 00:00:00+00:00, run_after=2021-01-05 00:00:00+00:00
[2024-11-29T08:18:42.900+0000] {processor.py:208} INFO - Processing /home/airflow/.local/lib/python3.12/site-packages/airflow/example_dags/example_workday_timetable.py took 0.055 seconds
[2024-11-29T08:19:14.007+0000] {processor.py:186} INFO - Started process (PID=1470) to work on /home/airflow/.local/lib/python3.12/site-packages/airflow/example_dags/example_workday_timetable.py
[2024-11-29T08:19:14.008+0000] {processor.py:914} INFO - Processing file /home/airflow/.local/lib/python3.12/site-packages/airflow/example_dags/example_workday_timetable.py for tasks to queue
[2024-11-29T08:19:14.008+0000] {logging_mixin.py:190} INFO - [2024-11-29T08:19:14.008+0000] {dagbag.py:588} INFO - Filling up the DagBag from /home/airflow/.local/lib/python3.12/site-packages/airflow/example_dags/example_workday_timetable.py
[2024-11-29T08:19:14.011+0000] {processor.py:925} INFO - DAG(s) 'example_workday_timetable' retrieved from /home/airflow/.local/lib/python3.12/site-packages/airflow/example_dags/example_workday_timetable.py
[2024-11-29T08:19:14.018+0000] {logging_mixin.py:190} INFO - [2024-11-29T08:19:14.018+0000] {dag.py:3239} INFO - Sync 1 DAGs
[2024-11-29T08:19:14.038+0000] {logging_mixin.py:190} INFO - [2024-11-29T08:19:14.038+0000] {dag.py:4180} INFO - Setting next_dagrun for example_workday_timetable to 2021-01-04 00:00:00+00:00, run_after=2021-01-05 00:00:00+00:00
[2024-11-29T08:19:14.044+0000] {processor.py:208} INFO - Processing /home/airflow/.local/lib/python3.12/site-packages/airflow/example_dags/example_workday_timetable.py took 0.039 seconds
