[2024-11-29T07:57:58.335+0000] {processor.py:186} INFO - Started process (PID=81) to work on /home/airflow/.local/lib/python3.12/site-packages/airflow/example_dags/example_branch_operator_decorator.py
[2024-11-29T07:57:58.336+0000] {processor.py:914} INFO - Processing file /home/airflow/.local/lib/python3.12/site-packages/airflow/example_dags/example_branch_operator_decorator.py for tasks to queue
[2024-11-29T07:57:58.336+0000] {logging_mixin.py:190} INFO - [2024-11-29T07:57:58.336+0000] {dagbag.py:588} INFO - Filling up the DagBag from /home/airflow/.local/lib/python3.12/site-packages/airflow/example_dags/example_branch_operator_decorator.py
[2024-11-29T07:57:58.345+0000] {processor.py:925} INFO - DAG(s) 'example_branch_python_operator_decorator' retrieved from /home/airflow/.local/lib/python3.12/site-packages/airflow/example_dags/example_branch_operator_decorator.py
[2024-11-29T07:57:58.394+0000] {logging_mixin.py:190} INFO - [2024-11-29T07:57:58.393+0000] {dag.py:3239} INFO - Sync 1 DAGs
[2024-11-29T07:57:58.403+0000] {logging_mixin.py:190} INFO - [2024-11-29T07:57:58.403+0000] {dag.py:4180} INFO - Setting next_dagrun for example_branch_python_operator_decorator to 2024-11-28 00:00:00+00:00, run_after=2024-11-29 00:00:00+00:00
[2024-11-29T07:57:58.415+0000] {processor.py:208} INFO - Processing /home/airflow/.local/lib/python3.12/site-packages/airflow/example_dags/example_branch_operator_decorator.py took 0.082 seconds
[2024-11-29T07:58:28.570+0000] {processor.py:186} INFO - Started process (PID=145) to work on /home/airflow/.local/lib/python3.12/site-packages/airflow/example_dags/example_branch_operator_decorator.py
[2024-11-29T07:58:28.570+0000] {processor.py:914} INFO - Processing file /home/airflow/.local/lib/python3.12/site-packages/airflow/example_dags/example_branch_operator_decorator.py for tasks to queue
[2024-11-29T07:58:28.571+0000] {logging_mixin.py:190} INFO - [2024-11-29T07:58:28.571+0000] {dagbag.py:588} INFO - Filling up the DagBag from /home/airflow/.local/lib/python3.12/site-packages/airflow/example_dags/example_branch_operator_decorator.py
[2024-11-29T07:58:28.579+0000] {processor.py:925} INFO - DAG(s) 'example_branch_python_operator_decorator' retrieved from /home/airflow/.local/lib/python3.12/site-packages/airflow/example_dags/example_branch_operator_decorator.py
[2024-11-29T07:58:28.589+0000] {logging_mixin.py:190} INFO - [2024-11-29T07:58:28.589+0000] {dag.py:3239} INFO - Sync 1 DAGs
[2024-11-29T07:58:28.598+0000] {logging_mixin.py:190} INFO - [2024-11-29T07:58:28.598+0000] {dag.py:4180} INFO - Setting next_dagrun for example_branch_python_operator_decorator to 2024-11-28 00:00:00+00:00, run_after=2024-11-29 00:00:00+00:00
[2024-11-29T07:58:28.606+0000] {processor.py:208} INFO - Processing /home/airflow/.local/lib/python3.12/site-packages/airflow/example_dags/example_branch_operator_decorator.py took 0.038 seconds
[2024-11-29T07:58:58.852+0000] {processor.py:186} INFO - Started process (PID=209) to work on /home/airflow/.local/lib/python3.12/site-packages/airflow/example_dags/example_branch_operator_decorator.py
[2024-11-29T07:58:58.853+0000] {processor.py:914} INFO - Processing file /home/airflow/.local/lib/python3.12/site-packages/airflow/example_dags/example_branch_operator_decorator.py for tasks to queue
[2024-11-29T07:58:58.854+0000] {logging_mixin.py:190} INFO - [2024-11-29T07:58:58.854+0000] {dagbag.py:588} INFO - Filling up the DagBag from /home/airflow/.local/lib/python3.12/site-packages/airflow/example_dags/example_branch_operator_decorator.py
[2024-11-29T07:58:58.863+0000] {processor.py:925} INFO - DAG(s) 'example_branch_python_operator_decorator' retrieved from /home/airflow/.local/lib/python3.12/site-packages/airflow/example_dags/example_branch_operator_decorator.py
[2024-11-29T07:58:58.876+0000] {logging_mixin.py:190} INFO - [2024-11-29T07:58:58.876+0000] {dag.py:3239} INFO - Sync 1 DAGs
[2024-11-29T07:58:58.884+0000] {logging_mixin.py:190} INFO - [2024-11-29T07:58:58.884+0000] {dag.py:4180} INFO - Setting next_dagrun for example_branch_python_operator_decorator to 2024-11-28 00:00:00+00:00, run_after=2024-11-29 00:00:00+00:00
[2024-11-29T07:58:58.890+0000] {processor.py:208} INFO - Processing /home/airflow/.local/lib/python3.12/site-packages/airflow/example_dags/example_branch_operator_decorator.py took 0.040 seconds
[2024-11-29T07:59:29.135+0000] {processor.py:186} INFO - Started process (PID=273) to work on /home/airflow/.local/lib/python3.12/site-packages/airflow/example_dags/example_branch_operator_decorator.py
[2024-11-29T07:59:29.136+0000] {processor.py:914} INFO - Processing file /home/airflow/.local/lib/python3.12/site-packages/airflow/example_dags/example_branch_operator_decorator.py for tasks to queue
[2024-11-29T07:59:29.137+0000] {logging_mixin.py:190} INFO - [2024-11-29T07:59:29.137+0000] {dagbag.py:588} INFO - Filling up the DagBag from /home/airflow/.local/lib/python3.12/site-packages/airflow/example_dags/example_branch_operator_decorator.py
[2024-11-29T07:59:29.145+0000] {processor.py:925} INFO - DAG(s) 'example_branch_python_operator_decorator' retrieved from /home/airflow/.local/lib/python3.12/site-packages/airflow/example_dags/example_branch_operator_decorator.py
[2024-11-29T07:59:29.159+0000] {logging_mixin.py:190} INFO - [2024-11-29T07:59:29.159+0000] {dag.py:3239} INFO - Sync 1 DAGs
[2024-11-29T07:59:29.168+0000] {logging_mixin.py:190} INFO - [2024-11-29T07:59:29.168+0000] {dag.py:4180} INFO - Setting next_dagrun for example_branch_python_operator_decorator to 2024-11-28 00:00:00+00:00, run_after=2024-11-29 00:00:00+00:00
[2024-11-29T07:59:29.175+0000] {processor.py:208} INFO - Processing /home/airflow/.local/lib/python3.12/site-packages/airflow/example_dags/example_branch_operator_decorator.py took 0.041 seconds
[2024-11-29T08:00:00.188+0000] {processor.py:186} INFO - Started process (PID=337) to work on /home/airflow/.local/lib/python3.12/site-packages/airflow/example_dags/example_branch_operator_decorator.py
[2024-11-29T08:00:00.189+0000] {processor.py:914} INFO - Processing file /home/airflow/.local/lib/python3.12/site-packages/airflow/example_dags/example_branch_operator_decorator.py for tasks to queue
[2024-11-29T08:00:00.190+0000] {logging_mixin.py:190} INFO - [2024-11-29T08:00:00.190+0000] {dagbag.py:588} INFO - Filling up the DagBag from /home/airflow/.local/lib/python3.12/site-packages/airflow/example_dags/example_branch_operator_decorator.py
[2024-11-29T08:00:00.197+0000] {processor.py:925} INFO - DAG(s) 'example_branch_python_operator_decorator' retrieved from /home/airflow/.local/lib/python3.12/site-packages/airflow/example_dags/example_branch_operator_decorator.py
[2024-11-29T08:00:00.207+0000] {logging_mixin.py:190} INFO - [2024-11-29T08:00:00.206+0000] {dag.py:3239} INFO - Sync 1 DAGs
[2024-11-29T08:00:00.214+0000] {logging_mixin.py:190} INFO - [2024-11-29T08:00:00.214+0000] {dag.py:4180} INFO - Setting next_dagrun for example_branch_python_operator_decorator to 2024-11-28 00:00:00+00:00, run_after=2024-11-29 00:00:00+00:00
[2024-11-29T08:00:00.221+0000] {processor.py:208} INFO - Processing /home/airflow/.local/lib/python3.12/site-packages/airflow/example_dags/example_branch_operator_decorator.py took 0.034 seconds
[2024-11-29T08:00:31.202+0000] {processor.py:186} INFO - Started process (PID=400) to work on /home/airflow/.local/lib/python3.12/site-packages/airflow/example_dags/example_branch_operator_decorator.py
[2024-11-29T08:00:31.203+0000] {processor.py:914} INFO - Processing file /home/airflow/.local/lib/python3.12/site-packages/airflow/example_dags/example_branch_operator_decorator.py for tasks to queue
[2024-11-29T08:00:31.203+0000] {logging_mixin.py:190} INFO - [2024-11-29T08:00:31.203+0000] {dagbag.py:588} INFO - Filling up the DagBag from /home/airflow/.local/lib/python3.12/site-packages/airflow/example_dags/example_branch_operator_decorator.py
[2024-11-29T08:00:31.211+0000] {processor.py:925} INFO - DAG(s) 'example_branch_python_operator_decorator' retrieved from /home/airflow/.local/lib/python3.12/site-packages/airflow/example_dags/example_branch_operator_decorator.py
[2024-11-29T08:00:31.222+0000] {logging_mixin.py:190} INFO - [2024-11-29T08:00:31.222+0000] {dag.py:3239} INFO - Sync 1 DAGs
[2024-11-29T08:00:31.233+0000] {logging_mixin.py:190} INFO - [2024-11-29T08:00:31.233+0000] {dag.py:4180} INFO - Setting next_dagrun for example_branch_python_operator_decorator to 2024-11-28 00:00:00+00:00, run_after=2024-11-29 00:00:00+00:00
[2024-11-29T08:00:31.238+0000] {processor.py:208} INFO - Processing /home/airflow/.local/lib/python3.12/site-packages/airflow/example_dags/example_branch_operator_decorator.py took 0.038 seconds
[2024-11-29T08:01:02.399+0000] {processor.py:186} INFO - Started process (PID=464) to work on /home/airflow/.local/lib/python3.12/site-packages/airflow/example_dags/example_branch_operator_decorator.py
[2024-11-29T08:01:02.400+0000] {processor.py:914} INFO - Processing file /home/airflow/.local/lib/python3.12/site-packages/airflow/example_dags/example_branch_operator_decorator.py for tasks to queue
[2024-11-29T08:01:02.401+0000] {logging_mixin.py:190} INFO - [2024-11-29T08:01:02.401+0000] {dagbag.py:588} INFO - Filling up the DagBag from /home/airflow/.local/lib/python3.12/site-packages/airflow/example_dags/example_branch_operator_decorator.py
[2024-11-29T08:01:02.409+0000] {processor.py:925} INFO - DAG(s) 'example_branch_python_operator_decorator' retrieved from /home/airflow/.local/lib/python3.12/site-packages/airflow/example_dags/example_branch_operator_decorator.py
[2024-11-29T08:01:02.419+0000] {logging_mixin.py:190} INFO - [2024-11-29T08:01:02.419+0000] {dag.py:3239} INFO - Sync 1 DAGs
[2024-11-29T08:01:02.427+0000] {logging_mixin.py:190} INFO - [2024-11-29T08:01:02.427+0000] {dag.py:4180} INFO - Setting next_dagrun for example_branch_python_operator_decorator to 2024-11-28 00:00:00+00:00, run_after=2024-11-29 00:00:00+00:00
[2024-11-29T08:01:02.434+0000] {processor.py:208} INFO - Processing /home/airflow/.local/lib/python3.12/site-packages/airflow/example_dags/example_branch_operator_decorator.py took 0.037 seconds
[2024-11-29T08:01:33.572+0000] {processor.py:186} INFO - Started process (PID=528) to work on /home/airflow/.local/lib/python3.12/site-packages/airflow/example_dags/example_branch_operator_decorator.py
[2024-11-29T08:01:33.572+0000] {processor.py:914} INFO - Processing file /home/airflow/.local/lib/python3.12/site-packages/airflow/example_dags/example_branch_operator_decorator.py for tasks to queue
[2024-11-29T08:01:33.573+0000] {logging_mixin.py:190} INFO - [2024-11-29T08:01:33.573+0000] {dagbag.py:588} INFO - Filling up the DagBag from /home/airflow/.local/lib/python3.12/site-packages/airflow/example_dags/example_branch_operator_decorator.py
[2024-11-29T08:01:33.580+0000] {processor.py:925} INFO - DAG(s) 'example_branch_python_operator_decorator' retrieved from /home/airflow/.local/lib/python3.12/site-packages/airflow/example_dags/example_branch_operator_decorator.py
[2024-11-29T08:01:33.589+0000] {logging_mixin.py:190} INFO - [2024-11-29T08:01:33.589+0000] {dag.py:3239} INFO - Sync 1 DAGs
[2024-11-29T08:01:33.596+0000] {logging_mixin.py:190} INFO - [2024-11-29T08:01:33.596+0000] {dag.py:4180} INFO - Setting next_dagrun for example_branch_python_operator_decorator to 2024-11-28 00:00:00+00:00, run_after=2024-11-29 00:00:00+00:00
[2024-11-29T08:01:33.601+0000] {processor.py:208} INFO - Processing /home/airflow/.local/lib/python3.12/site-packages/airflow/example_dags/example_branch_operator_decorator.py took 0.031 seconds
[2024-11-29T08:02:04.785+0000] {processor.py:186} INFO - Started process (PID=592) to work on /home/airflow/.local/lib/python3.12/site-packages/airflow/example_dags/example_branch_operator_decorator.py
[2024-11-29T08:02:04.786+0000] {processor.py:914} INFO - Processing file /home/airflow/.local/lib/python3.12/site-packages/airflow/example_dags/example_branch_operator_decorator.py for tasks to queue
[2024-11-29T08:02:04.786+0000] {logging_mixin.py:190} INFO - [2024-11-29T08:02:04.786+0000] {dagbag.py:588} INFO - Filling up the DagBag from /home/airflow/.local/lib/python3.12/site-packages/airflow/example_dags/example_branch_operator_decorator.py
[2024-11-29T08:02:04.794+0000] {processor.py:925} INFO - DAG(s) 'example_branch_python_operator_decorator' retrieved from /home/airflow/.local/lib/python3.12/site-packages/airflow/example_dags/example_branch_operator_decorator.py
[2024-11-29T08:02:04.806+0000] {logging_mixin.py:190} INFO - [2024-11-29T08:02:04.806+0000] {dag.py:3239} INFO - Sync 1 DAGs
[2024-11-29T08:02:04.814+0000] {logging_mixin.py:190} INFO - [2024-11-29T08:02:04.814+0000] {dag.py:4180} INFO - Setting next_dagrun for example_branch_python_operator_decorator to 2024-11-28 00:00:00+00:00, run_after=2024-11-29 00:00:00+00:00
[2024-11-29T08:02:04.824+0000] {processor.py:208} INFO - Processing /home/airflow/.local/lib/python3.12/site-packages/airflow/example_dags/example_branch_operator_decorator.py took 0.041 seconds
[2024-11-29T08:02:35.163+0000] {processor.py:186} INFO - Started process (PID=656) to work on /home/airflow/.local/lib/python3.12/site-packages/airflow/example_dags/example_branch_operator_decorator.py
[2024-11-29T08:02:35.164+0000] {processor.py:914} INFO - Processing file /home/airflow/.local/lib/python3.12/site-packages/airflow/example_dags/example_branch_operator_decorator.py for tasks to queue
[2024-11-29T08:02:35.165+0000] {logging_mixin.py:190} INFO - [2024-11-29T08:02:35.165+0000] {dagbag.py:588} INFO - Filling up the DagBag from /home/airflow/.local/lib/python3.12/site-packages/airflow/example_dags/example_branch_operator_decorator.py
[2024-11-29T08:02:35.173+0000] {processor.py:925} INFO - DAG(s) 'example_branch_python_operator_decorator' retrieved from /home/airflow/.local/lib/python3.12/site-packages/airflow/example_dags/example_branch_operator_decorator.py
[2024-11-29T08:02:35.184+0000] {logging_mixin.py:190} INFO - [2024-11-29T08:02:35.184+0000] {dag.py:3239} INFO - Sync 1 DAGs
[2024-11-29T08:02:35.192+0000] {logging_mixin.py:190} INFO - [2024-11-29T08:02:35.192+0000] {dag.py:4180} INFO - Setting next_dagrun for example_branch_python_operator_decorator to 2024-11-28 00:00:00+00:00, run_after=2024-11-29 00:00:00+00:00
[2024-11-29T08:02:35.201+0000] {processor.py:208} INFO - Processing /home/airflow/.local/lib/python3.12/site-packages/airflow/example_dags/example_branch_operator_decorator.py took 0.040 seconds
[2024-11-29T08:03:05.565+0000] {processor.py:186} INFO - Started process (PID=720) to work on /home/airflow/.local/lib/python3.12/site-packages/airflow/example_dags/example_branch_operator_decorator.py
[2024-11-29T08:03:05.566+0000] {processor.py:914} INFO - Processing file /home/airflow/.local/lib/python3.12/site-packages/airflow/example_dags/example_branch_operator_decorator.py for tasks to queue
[2024-11-29T08:03:05.566+0000] {logging_mixin.py:190} INFO - [2024-11-29T08:03:05.566+0000] {dagbag.py:588} INFO - Filling up the DagBag from /home/airflow/.local/lib/python3.12/site-packages/airflow/example_dags/example_branch_operator_decorator.py
[2024-11-29T08:03:05.575+0000] {processor.py:925} INFO - DAG(s) 'example_branch_python_operator_decorator' retrieved from /home/airflow/.local/lib/python3.12/site-packages/airflow/example_dags/example_branch_operator_decorator.py
[2024-11-29T08:03:05.585+0000] {logging_mixin.py:190} INFO - [2024-11-29T08:03:05.585+0000] {dag.py:3239} INFO - Sync 1 DAGs
[2024-11-29T08:03:05.594+0000] {logging_mixin.py:190} INFO - [2024-11-29T08:03:05.594+0000] {dag.py:4180} INFO - Setting next_dagrun for example_branch_python_operator_decorator to 2024-11-28 00:00:00+00:00, run_after=2024-11-29 00:00:00+00:00
[2024-11-29T08:03:05.600+0000] {processor.py:208} INFO - Processing /home/airflow/.local/lib/python3.12/site-packages/airflow/example_dags/example_branch_operator_decorator.py took 0.037 seconds
[2024-11-29T08:03:35.896+0000] {processor.py:186} INFO - Started process (PID=784) to work on /home/airflow/.local/lib/python3.12/site-packages/airflow/example_dags/example_branch_operator_decorator.py
[2024-11-29T08:03:35.896+0000] {processor.py:914} INFO - Processing file /home/airflow/.local/lib/python3.12/site-packages/airflow/example_dags/example_branch_operator_decorator.py for tasks to queue
[2024-11-29T08:03:35.897+0000] {logging_mixin.py:190} INFO - [2024-11-29T08:03:35.897+0000] {dagbag.py:588} INFO - Filling up the DagBag from /home/airflow/.local/lib/python3.12/site-packages/airflow/example_dags/example_branch_operator_decorator.py
[2024-11-29T08:03:35.905+0000] {processor.py:925} INFO - DAG(s) 'example_branch_python_operator_decorator' retrieved from /home/airflow/.local/lib/python3.12/site-packages/airflow/example_dags/example_branch_operator_decorator.py
[2024-11-29T08:03:35.918+0000] {logging_mixin.py:190} INFO - [2024-11-29T08:03:35.918+0000] {dag.py:3239} INFO - Sync 1 DAGs
[2024-11-29T08:03:35.926+0000] {logging_mixin.py:190} INFO - [2024-11-29T08:03:35.926+0000] {dag.py:4180} INFO - Setting next_dagrun for example_branch_python_operator_decorator to 2024-11-28 00:00:00+00:00, run_after=2024-11-29 00:00:00+00:00
[2024-11-29T08:03:35.934+0000] {processor.py:208} INFO - Processing /home/airflow/.local/lib/python3.12/site-packages/airflow/example_dags/example_branch_operator_decorator.py took 0.040 seconds
[2024-11-29T08:04:06.184+0000] {processor.py:186} INFO - Started process (PID=848) to work on /home/airflow/.local/lib/python3.12/site-packages/airflow/example_dags/example_branch_operator_decorator.py
[2024-11-29T08:04:06.184+0000] {processor.py:914} INFO - Processing file /home/airflow/.local/lib/python3.12/site-packages/airflow/example_dags/example_branch_operator_decorator.py for tasks to queue
[2024-11-29T08:04:06.185+0000] {logging_mixin.py:190} INFO - [2024-11-29T08:04:06.185+0000] {dagbag.py:588} INFO - Filling up the DagBag from /home/airflow/.local/lib/python3.12/site-packages/airflow/example_dags/example_branch_operator_decorator.py
[2024-11-29T08:04:06.193+0000] {processor.py:925} INFO - DAG(s) 'example_branch_python_operator_decorator' retrieved from /home/airflow/.local/lib/python3.12/site-packages/airflow/example_dags/example_branch_operator_decorator.py
[2024-11-29T08:04:06.206+0000] {logging_mixin.py:190} INFO - [2024-11-29T08:04:06.206+0000] {dag.py:3239} INFO - Sync 1 DAGs
[2024-11-29T08:04:06.217+0000] {logging_mixin.py:190} INFO - [2024-11-29T08:04:06.217+0000] {dag.py:4180} INFO - Setting next_dagrun for example_branch_python_operator_decorator to 2024-11-28 00:00:00+00:00, run_after=2024-11-29 00:00:00+00:00
[2024-11-29T08:04:06.224+0000] {processor.py:208} INFO - Processing /home/airflow/.local/lib/python3.12/site-packages/airflow/example_dags/example_branch_operator_decorator.py took 0.042 seconds
[2024-11-29T08:04:36.621+0000] {processor.py:186} INFO - Started process (PID=912) to work on /home/airflow/.local/lib/python3.12/site-packages/airflow/example_dags/example_branch_operator_decorator.py
[2024-11-29T08:04:36.622+0000] {processor.py:914} INFO - Processing file /home/airflow/.local/lib/python3.12/site-packages/airflow/example_dags/example_branch_operator_decorator.py for tasks to queue
[2024-11-29T08:04:36.623+0000] {logging_mixin.py:190} INFO - [2024-11-29T08:04:36.623+0000] {dagbag.py:588} INFO - Filling up the DagBag from /home/airflow/.local/lib/python3.12/site-packages/airflow/example_dags/example_branch_operator_decorator.py
[2024-11-29T08:04:36.632+0000] {processor.py:925} INFO - DAG(s) 'example_branch_python_operator_decorator' retrieved from /home/airflow/.local/lib/python3.12/site-packages/airflow/example_dags/example_branch_operator_decorator.py
[2024-11-29T08:04:36.647+0000] {logging_mixin.py:190} INFO - [2024-11-29T08:04:36.647+0000] {dag.py:3239} INFO - Sync 1 DAGs
[2024-11-29T08:04:36.659+0000] {logging_mixin.py:190} INFO - [2024-11-29T08:04:36.659+0000] {dag.py:4180} INFO - Setting next_dagrun for example_branch_python_operator_decorator to 2024-11-28 00:00:00+00:00, run_after=2024-11-29 00:00:00+00:00
[2024-11-29T08:04:36.672+0000] {processor.py:208} INFO - Processing /home/airflow/.local/lib/python3.12/site-packages/airflow/example_dags/example_branch_operator_decorator.py took 0.055 seconds
[2024-11-29T08:05:06.739+0000] {processor.py:186} INFO - Started process (PID=976) to work on /home/airflow/.local/lib/python3.12/site-packages/airflow/example_dags/example_branch_operator_decorator.py
[2024-11-29T08:05:06.740+0000] {processor.py:914} INFO - Processing file /home/airflow/.local/lib/python3.12/site-packages/airflow/example_dags/example_branch_operator_decorator.py for tasks to queue
[2024-11-29T08:05:06.740+0000] {logging_mixin.py:190} INFO - [2024-11-29T08:05:06.740+0000] {dagbag.py:588} INFO - Filling up the DagBag from /home/airflow/.local/lib/python3.12/site-packages/airflow/example_dags/example_branch_operator_decorator.py
[2024-11-29T08:05:06.749+0000] {processor.py:925} INFO - DAG(s) 'example_branch_python_operator_decorator' retrieved from /home/airflow/.local/lib/python3.12/site-packages/airflow/example_dags/example_branch_operator_decorator.py
[2024-11-29T08:05:06.760+0000] {logging_mixin.py:190} INFO - [2024-11-29T08:05:06.760+0000] {dag.py:3239} INFO - Sync 1 DAGs
[2024-11-29T08:05:06.768+0000] {logging_mixin.py:190} INFO - [2024-11-29T08:05:06.768+0000] {dag.py:4180} INFO - Setting next_dagrun for example_branch_python_operator_decorator to 2024-11-28 00:00:00+00:00, run_after=2024-11-29 00:00:00+00:00
[2024-11-29T08:05:06.774+0000] {processor.py:208} INFO - Processing /home/airflow/.local/lib/python3.12/site-packages/airflow/example_dags/example_branch_operator_decorator.py took 0.037 seconds
[2024-11-29T08:05:36.860+0000] {processor.py:186} INFO - Started process (PID=1039) to work on /home/airflow/.local/lib/python3.12/site-packages/airflow/example_dags/example_branch_operator_decorator.py
[2024-11-29T08:05:36.861+0000] {processor.py:914} INFO - Processing file /home/airflow/.local/lib/python3.12/site-packages/airflow/example_dags/example_branch_operator_decorator.py for tasks to queue
[2024-11-29T08:05:36.861+0000] {logging_mixin.py:190} INFO - [2024-11-29T08:05:36.861+0000] {dagbag.py:588} INFO - Filling up the DagBag from /home/airflow/.local/lib/python3.12/site-packages/airflow/example_dags/example_branch_operator_decorator.py
[2024-11-29T08:05:36.869+0000] {processor.py:925} INFO - DAG(s) 'example_branch_python_operator_decorator' retrieved from /home/airflow/.local/lib/python3.12/site-packages/airflow/example_dags/example_branch_operator_decorator.py
[2024-11-29T08:05:36.881+0000] {logging_mixin.py:190} INFO - [2024-11-29T08:05:36.881+0000] {dag.py:3239} INFO - Sync 1 DAGs
[2024-11-29T08:05:36.889+0000] {logging_mixin.py:190} INFO - [2024-11-29T08:05:36.889+0000] {dag.py:4180} INFO - Setting next_dagrun for example_branch_python_operator_decorator to 2024-11-28 00:00:00+00:00, run_after=2024-11-29 00:00:00+00:00
[2024-11-29T08:05:36.895+0000] {processor.py:208} INFO - Processing /home/airflow/.local/lib/python3.12/site-packages/airflow/example_dags/example_branch_operator_decorator.py took 0.037 seconds
[2024-11-29T08:06:07.033+0000] {processor.py:186} INFO - Started process (PID=1103) to work on /home/airflow/.local/lib/python3.12/site-packages/airflow/example_dags/example_branch_operator_decorator.py
[2024-11-29T08:06:07.033+0000] {processor.py:914} INFO - Processing file /home/airflow/.local/lib/python3.12/site-packages/airflow/example_dags/example_branch_operator_decorator.py for tasks to queue
[2024-11-29T08:06:07.034+0000] {logging_mixin.py:190} INFO - [2024-11-29T08:06:07.034+0000] {dagbag.py:588} INFO - Filling up the DagBag from /home/airflow/.local/lib/python3.12/site-packages/airflow/example_dags/example_branch_operator_decorator.py
[2024-11-29T08:06:07.042+0000] {processor.py:925} INFO - DAG(s) 'example_branch_python_operator_decorator' retrieved from /home/airflow/.local/lib/python3.12/site-packages/airflow/example_dags/example_branch_operator_decorator.py
[2024-11-29T08:06:07.054+0000] {logging_mixin.py:190} INFO - [2024-11-29T08:06:07.054+0000] {dag.py:3239} INFO - Sync 1 DAGs
[2024-11-29T08:06:07.064+0000] {logging_mixin.py:190} INFO - [2024-11-29T08:06:07.064+0000] {dag.py:4180} INFO - Setting next_dagrun for example_branch_python_operator_decorator to 2024-11-28 00:00:00+00:00, run_after=2024-11-29 00:00:00+00:00
[2024-11-29T08:06:07.070+0000] {processor.py:208} INFO - Processing /home/airflow/.local/lib/python3.12/site-packages/airflow/example_dags/example_branch_operator_decorator.py took 0.039 seconds
[2024-11-29T08:06:37.228+0000] {processor.py:186} INFO - Started process (PID=1167) to work on /home/airflow/.local/lib/python3.12/site-packages/airflow/example_dags/example_branch_operator_decorator.py
[2024-11-29T08:06:37.229+0000] {processor.py:914} INFO - Processing file /home/airflow/.local/lib/python3.12/site-packages/airflow/example_dags/example_branch_operator_decorator.py for tasks to queue
[2024-11-29T08:06:37.230+0000] {logging_mixin.py:190} INFO - [2024-11-29T08:06:37.229+0000] {dagbag.py:588} INFO - Filling up the DagBag from /home/airflow/.local/lib/python3.12/site-packages/airflow/example_dags/example_branch_operator_decorator.py
[2024-11-29T08:06:37.237+0000] {processor.py:925} INFO - DAG(s) 'example_branch_python_operator_decorator' retrieved from /home/airflow/.local/lib/python3.12/site-packages/airflow/example_dags/example_branch_operator_decorator.py
[2024-11-29T08:06:37.247+0000] {logging_mixin.py:190} INFO - [2024-11-29T08:06:37.247+0000] {dag.py:3239} INFO - Sync 1 DAGs
[2024-11-29T08:06:37.255+0000] {logging_mixin.py:190} INFO - [2024-11-29T08:06:37.255+0000] {dag.py:4180} INFO - Setting next_dagrun for example_branch_python_operator_decorator to 2024-11-28 00:00:00+00:00, run_after=2024-11-29 00:00:00+00:00
[2024-11-29T08:06:37.261+0000] {processor.py:208} INFO - Processing /home/airflow/.local/lib/python3.12/site-packages/airflow/example_dags/example_branch_operator_decorator.py took 0.035 seconds
[2024-11-29T08:07:07.419+0000] {processor.py:186} INFO - Started process (PID=1230) to work on /home/airflow/.local/lib/python3.12/site-packages/airflow/example_dags/example_branch_operator_decorator.py
[2024-11-29T08:07:07.420+0000] {processor.py:914} INFO - Processing file /home/airflow/.local/lib/python3.12/site-packages/airflow/example_dags/example_branch_operator_decorator.py for tasks to queue
[2024-11-29T08:07:07.421+0000] {logging_mixin.py:190} INFO - [2024-11-29T08:07:07.421+0000] {dagbag.py:588} INFO - Filling up the DagBag from /home/airflow/.local/lib/python3.12/site-packages/airflow/example_dags/example_branch_operator_decorator.py
[2024-11-29T08:07:07.428+0000] {processor.py:925} INFO - DAG(s) 'example_branch_python_operator_decorator' retrieved from /home/airflow/.local/lib/python3.12/site-packages/airflow/example_dags/example_branch_operator_decorator.py
[2024-11-29T08:07:07.439+0000] {logging_mixin.py:190} INFO - [2024-11-29T08:07:07.439+0000] {dag.py:3239} INFO - Sync 1 DAGs
[2024-11-29T08:07:07.449+0000] {logging_mixin.py:190} INFO - [2024-11-29T08:07:07.449+0000] {dag.py:4180} INFO - Setting next_dagrun for example_branch_python_operator_decorator to 2024-11-28 00:00:00+00:00, run_after=2024-11-29 00:00:00+00:00
[2024-11-29T08:07:07.456+0000] {processor.py:208} INFO - Processing /home/airflow/.local/lib/python3.12/site-packages/airflow/example_dags/example_branch_operator_decorator.py took 0.039 seconds
[2024-11-29T08:07:38.431+0000] {processor.py:186} INFO - Started process (PID=1294) to work on /home/airflow/.local/lib/python3.12/site-packages/airflow/example_dags/example_branch_operator_decorator.py
[2024-11-29T08:07:38.432+0000] {processor.py:914} INFO - Processing file /home/airflow/.local/lib/python3.12/site-packages/airflow/example_dags/example_branch_operator_decorator.py for tasks to queue
[2024-11-29T08:07:38.433+0000] {logging_mixin.py:190} INFO - [2024-11-29T08:07:38.432+0000] {dagbag.py:588} INFO - Filling up the DagBag from /home/airflow/.local/lib/python3.12/site-packages/airflow/example_dags/example_branch_operator_decorator.py
[2024-11-29T08:07:38.440+0000] {processor.py:925} INFO - DAG(s) 'example_branch_python_operator_decorator' retrieved from /home/airflow/.local/lib/python3.12/site-packages/airflow/example_dags/example_branch_operator_decorator.py
[2024-11-29T08:07:38.452+0000] {logging_mixin.py:190} INFO - [2024-11-29T08:07:38.452+0000] {dag.py:3239} INFO - Sync 1 DAGs
[2024-11-29T08:07:38.462+0000] {logging_mixin.py:190} INFO - [2024-11-29T08:07:38.462+0000] {dag.py:4180} INFO - Setting next_dagrun for example_branch_python_operator_decorator to 2024-11-28 00:00:00+00:00, run_after=2024-11-29 00:00:00+00:00
[2024-11-29T08:07:38.472+0000] {processor.py:208} INFO - Processing /home/airflow/.local/lib/python3.12/site-packages/airflow/example_dags/example_branch_operator_decorator.py took 0.042 seconds
[2024-11-29T08:15:52.111+0000] {processor.py:186} INFO - Started process (PID=1354) to work on /home/airflow/.local/lib/python3.12/site-packages/airflow/example_dags/example_branch_operator_decorator.py
[2024-11-29T08:15:52.112+0000] {processor.py:914} INFO - Processing file /home/airflow/.local/lib/python3.12/site-packages/airflow/example_dags/example_branch_operator_decorator.py for tasks to queue
[2024-11-29T08:15:52.112+0000] {logging_mixin.py:190} INFO - [2024-11-29T08:15:52.112+0000] {dagbag.py:588} INFO - Filling up the DagBag from /home/airflow/.local/lib/python3.12/site-packages/airflow/example_dags/example_branch_operator_decorator.py
[2024-11-29T08:15:52.120+0000] {processor.py:925} INFO - DAG(s) 'example_branch_python_operator_decorator' retrieved from /home/airflow/.local/lib/python3.12/site-packages/airflow/example_dags/example_branch_operator_decorator.py
[2024-11-29T08:15:52.131+0000] {logging_mixin.py:190} INFO - [2024-11-29T08:15:52.131+0000] {dag.py:3239} INFO - Sync 1 DAGs
[2024-11-29T08:15:52.139+0000] {logging_mixin.py:190} INFO - [2024-11-29T08:15:52.139+0000] {dag.py:4180} INFO - Setting next_dagrun for example_branch_python_operator_decorator to 2024-11-28 00:00:00+00:00, run_after=2024-11-29 00:00:00+00:00
[2024-11-29T08:15:52.147+0000] {processor.py:208} INFO - Processing /home/airflow/.local/lib/python3.12/site-packages/airflow/example_dags/example_branch_operator_decorator.py took 0.038 seconds
[2024-11-29T08:18:42.755+0000] {processor.py:186} INFO - Started process (PID=1403) to work on /home/airflow/.local/lib/python3.12/site-packages/airflow/example_dags/example_branch_operator_decorator.py
[2024-11-29T08:18:42.756+0000] {processor.py:914} INFO - Processing file /home/airflow/.local/lib/python3.12/site-packages/airflow/example_dags/example_branch_operator_decorator.py for tasks to queue
[2024-11-29T08:18:42.756+0000] {logging_mixin.py:190} INFO - [2024-11-29T08:18:42.756+0000] {dagbag.py:588} INFO - Filling up the DagBag from /home/airflow/.local/lib/python3.12/site-packages/airflow/example_dags/example_branch_operator_decorator.py
[2024-11-29T08:18:42.765+0000] {processor.py:925} INFO - DAG(s) 'example_branch_python_operator_decorator' retrieved from /home/airflow/.local/lib/python3.12/site-packages/airflow/example_dags/example_branch_operator_decorator.py
[2024-11-29T08:18:42.775+0000] {logging_mixin.py:190} INFO - [2024-11-29T08:18:42.775+0000] {dag.py:3239} INFO - Sync 1 DAGs
[2024-11-29T08:18:42.783+0000] {logging_mixin.py:190} INFO - [2024-11-29T08:18:42.783+0000] {dag.py:4180} INFO - Setting next_dagrun for example_branch_python_operator_decorator to 2024-11-28 00:00:00+00:00, run_after=2024-11-29 00:00:00+00:00
[2024-11-29T08:18:42.789+0000] {processor.py:208} INFO - Processing /home/airflow/.local/lib/python3.12/site-packages/airflow/example_dags/example_branch_operator_decorator.py took 0.036 seconds
[2024-11-29T08:19:13.899+0000] {processor.py:186} INFO - Started process (PID=1467) to work on /home/airflow/.local/lib/python3.12/site-packages/airflow/example_dags/example_branch_operator_decorator.py
[2024-11-29T08:19:13.899+0000] {processor.py:914} INFO - Processing file /home/airflow/.local/lib/python3.12/site-packages/airflow/example_dags/example_branch_operator_decorator.py for tasks to queue
[2024-11-29T08:19:13.900+0000] {logging_mixin.py:190} INFO - [2024-11-29T08:19:13.900+0000] {dagbag.py:588} INFO - Filling up the DagBag from /home/airflow/.local/lib/python3.12/site-packages/airflow/example_dags/example_branch_operator_decorator.py
[2024-11-29T08:19:13.908+0000] {processor.py:925} INFO - DAG(s) 'example_branch_python_operator_decorator' retrieved from /home/airflow/.local/lib/python3.12/site-packages/airflow/example_dags/example_branch_operator_decorator.py
[2024-11-29T08:19:13.918+0000] {logging_mixin.py:190} INFO - [2024-11-29T08:19:13.918+0000] {dag.py:3239} INFO - Sync 1 DAGs
[2024-11-29T08:19:13.926+0000] {logging_mixin.py:190} INFO - [2024-11-29T08:19:13.926+0000] {dag.py:4180} INFO - Setting next_dagrun for example_branch_python_operator_decorator to 2024-11-28 00:00:00+00:00, run_after=2024-11-29 00:00:00+00:00
[2024-11-29T08:19:13.932+0000] {processor.py:208} INFO - Processing /home/airflow/.local/lib/python3.12/site-packages/airflow/example_dags/example_branch_operator_decorator.py took 0.035 seconds
