[2024-11-29T07:57:57.278+0000] {processor.py:186} INFO - Started process (PID=53) to work on /home/airflow/.local/lib/python3.12/site-packages/airflow/example_dags/example_outlet_event_extra.py
[2024-11-29T07:57:57.279+0000] {processor.py:914} INFO - Processing file /home/airflow/.local/lib/python3.12/site-packages/airflow/example_dags/example_outlet_event_extra.py for tasks to queue
[2024-11-29T07:57:57.280+0000] {logging_mixin.py:190} INFO - [2024-11-29T07:57:57.280+0000] {dagbag.py:588} INFO - Filling up the DagBag from /home/airflow/.local/lib/python3.12/site-packages/airflow/example_dags/example_outlet_event_extra.py
[2024-11-29T07:57:57.527+0000] {processor.py:925} INFO - DAG(s) 'dataset_with_extra_by_context', 'dataset_with_extra_by_yield', 'dataset_with_extra_from_classic_operator' retrieved from /home/airflow/.local/lib/python3.12/site-packages/airflow/example_dags/example_outlet_event_extra.py
[2024-11-29T07:57:57.540+0000] {logging_mixin.py:190} INFO - [2024-11-29T07:57:57.540+0000] {dag.py:3239} INFO - Sync 3 DAGs
[2024-11-29T07:57:57.548+0000] {logging_mixin.py:190} INFO - [2024-11-29T07:57:57.548+0000] {dag.py:4180} INFO - Setting next_dagrun for dataset_with_extra_by_context to 2024-11-28 00:00:00+00:00, run_after=2024-11-29 00:00:00+00:00
[2024-11-29T07:57:57.553+0000] {logging_mixin.py:190} INFO - [2024-11-29T07:57:57.553+0000] {dag.py:4180} INFO - Setting next_dagrun for dataset_with_extra_by_yield to 2024-11-28 00:00:00+00:00, run_after=2024-11-29 00:00:00+00:00
[2024-11-29T07:57:57.553+0000] {logging_mixin.py:190} INFO - [2024-11-29T07:57:57.553+0000] {dag.py:4180} INFO - Setting next_dagrun for dataset_with_extra_from_classic_operator to 2024-11-28 00:00:00+00:00, run_after=2024-11-29 00:00:00+00:00
[2024-11-29T07:57:57.566+0000] {processor.py:208} INFO - Processing /home/airflow/.local/lib/python3.12/site-packages/airflow/example_dags/example_outlet_event_extra.py took 0.290 seconds
[2024-11-29T07:58:27.792+0000] {processor.py:186} INFO - Started process (PID=120) to work on /home/airflow/.local/lib/python3.12/site-packages/airflow/example_dags/example_outlet_event_extra.py
[2024-11-29T07:58:27.792+0000] {processor.py:914} INFO - Processing file /home/airflow/.local/lib/python3.12/site-packages/airflow/example_dags/example_outlet_event_extra.py for tasks to queue
[2024-11-29T07:58:27.794+0000] {logging_mixin.py:190} INFO - [2024-11-29T07:58:27.793+0000] {dagbag.py:588} INFO - Filling up the DagBag from /home/airflow/.local/lib/python3.12/site-packages/airflow/example_dags/example_outlet_event_extra.py
[2024-11-29T07:58:28.022+0000] {processor.py:925} INFO - DAG(s) 'dataset_with_extra_by_yield', 'dataset_with_extra_from_classic_operator', 'dataset_with_extra_by_context' retrieved from /home/airflow/.local/lib/python3.12/site-packages/airflow/example_dags/example_outlet_event_extra.py
[2024-11-29T07:58:28.030+0000] {logging_mixin.py:190} INFO - [2024-11-29T07:58:28.030+0000] {dag.py:3239} INFO - Sync 3 DAGs
[2024-11-29T07:58:28.039+0000] {logging_mixin.py:190} INFO - [2024-11-29T07:58:28.039+0000] {dag.py:4180} INFO - Setting next_dagrun for dataset_with_extra_by_context to 2024-11-28 00:00:00+00:00, run_after=2024-11-29 00:00:00+00:00
[2024-11-29T07:58:28.044+0000] {logging_mixin.py:190} INFO - [2024-11-29T07:58:28.044+0000] {dag.py:4180} INFO - Setting next_dagrun for dataset_with_extra_by_yield to 2024-11-28 00:00:00+00:00, run_after=2024-11-29 00:00:00+00:00
[2024-11-29T07:58:28.046+0000] {logging_mixin.py:190} INFO - [2024-11-29T07:58:28.046+0000] {dag.py:4180} INFO - Setting next_dagrun for dataset_with_extra_from_classic_operator to 2024-11-28 00:00:00+00:00, run_after=2024-11-29 00:00:00+00:00
[2024-11-29T07:58:28.053+0000] {processor.py:208} INFO - Processing /home/airflow/.local/lib/python3.12/site-packages/airflow/example_dags/example_outlet_event_extra.py took 0.263 seconds
[2024-11-29T07:58:58.239+0000] {processor.py:186} INFO - Started process (PID=187) to work on /home/airflow/.local/lib/python3.12/site-packages/airflow/example_dags/example_outlet_event_extra.py
[2024-11-29T07:58:58.240+0000] {processor.py:914} INFO - Processing file /home/airflow/.local/lib/python3.12/site-packages/airflow/example_dags/example_outlet_event_extra.py for tasks to queue
[2024-11-29T07:58:58.241+0000] {logging_mixin.py:190} INFO - [2024-11-29T07:58:58.241+0000] {dagbag.py:588} INFO - Filling up the DagBag from /home/airflow/.local/lib/python3.12/site-packages/airflow/example_dags/example_outlet_event_extra.py
[2024-11-29T07:58:58.468+0000] {processor.py:925} INFO - DAG(s) 'dataset_with_extra_by_context', 'dataset_with_extra_by_yield', 'dataset_with_extra_from_classic_operator' retrieved from /home/airflow/.local/lib/python3.12/site-packages/airflow/example_dags/example_outlet_event_extra.py
[2024-11-29T07:58:58.482+0000] {logging_mixin.py:190} INFO - [2024-11-29T07:58:58.482+0000] {dag.py:3239} INFO - Sync 3 DAGs
[2024-11-29T07:58:58.491+0000] {logging_mixin.py:190} INFO - [2024-11-29T07:58:58.491+0000] {dag.py:4180} INFO - Setting next_dagrun for dataset_with_extra_by_context to 2024-11-28 00:00:00+00:00, run_after=2024-11-29 00:00:00+00:00
[2024-11-29T07:58:58.493+0000] {logging_mixin.py:190} INFO - [2024-11-29T07:58:58.493+0000] {dag.py:4180} INFO - Setting next_dagrun for dataset_with_extra_by_yield to 2024-11-28 00:00:00+00:00, run_after=2024-11-29 00:00:00+00:00
[2024-11-29T07:58:58.493+0000] {logging_mixin.py:190} INFO - [2024-11-29T07:58:58.493+0000] {dag.py:4180} INFO - Setting next_dagrun for dataset_with_extra_from_classic_operator to 2024-11-28 00:00:00+00:00, run_after=2024-11-29 00:00:00+00:00
[2024-11-29T07:58:58.503+0000] {processor.py:208} INFO - Processing /home/airflow/.local/lib/python3.12/site-packages/airflow/example_dags/example_outlet_event_extra.py took 0.266 seconds
[2024-11-29T07:59:28.599+0000] {processor.py:186} INFO - Started process (PID=252) to work on /home/airflow/.local/lib/python3.12/site-packages/airflow/example_dags/example_outlet_event_extra.py
[2024-11-29T07:59:28.599+0000] {processor.py:914} INFO - Processing file /home/airflow/.local/lib/python3.12/site-packages/airflow/example_dags/example_outlet_event_extra.py for tasks to queue
[2024-11-29T07:59:28.600+0000] {logging_mixin.py:190} INFO - [2024-11-29T07:59:28.600+0000] {dagbag.py:588} INFO - Filling up the DagBag from /home/airflow/.local/lib/python3.12/site-packages/airflow/example_dags/example_outlet_event_extra.py
[2024-11-29T07:59:28.826+0000] {processor.py:925} INFO - DAG(s) 'dataset_with_extra_by_yield', 'dataset_with_extra_from_classic_operator', 'dataset_with_extra_by_context' retrieved from /home/airflow/.local/lib/python3.12/site-packages/airflow/example_dags/example_outlet_event_extra.py
[2024-11-29T07:59:28.836+0000] {logging_mixin.py:190} INFO - [2024-11-29T07:59:28.836+0000] {dag.py:3239} INFO - Sync 3 DAGs
[2024-11-29T07:59:28.843+0000] {logging_mixin.py:190} INFO - [2024-11-29T07:59:28.843+0000] {dag.py:4180} INFO - Setting next_dagrun for dataset_with_extra_by_context to 2024-11-28 00:00:00+00:00, run_after=2024-11-29 00:00:00+00:00
[2024-11-29T07:59:28.847+0000] {logging_mixin.py:190} INFO - [2024-11-29T07:59:28.847+0000] {dag.py:4180} INFO - Setting next_dagrun for dataset_with_extra_by_yield to 2024-11-28 00:00:00+00:00, run_after=2024-11-29 00:00:00+00:00
[2024-11-29T07:59:28.848+0000] {logging_mixin.py:190} INFO - [2024-11-29T07:59:28.848+0000] {dag.py:4180} INFO - Setting next_dagrun for dataset_with_extra_from_classic_operator to 2024-11-28 00:00:00+00:00, run_after=2024-11-29 00:00:00+00:00
[2024-11-29T07:59:28.854+0000] {processor.py:208} INFO - Processing /home/airflow/.local/lib/python3.12/site-packages/airflow/example_dags/example_outlet_event_extra.py took 0.258 seconds
[2024-11-29T07:59:59.476+0000] {processor.py:186} INFO - Started process (PID=309) to work on /home/airflow/.local/lib/python3.12/site-packages/airflow/example_dags/example_outlet_event_extra.py
[2024-11-29T07:59:59.476+0000] {processor.py:914} INFO - Processing file /home/airflow/.local/lib/python3.12/site-packages/airflow/example_dags/example_outlet_event_extra.py for tasks to queue
[2024-11-29T07:59:59.477+0000] {logging_mixin.py:190} INFO - [2024-11-29T07:59:59.477+0000] {dagbag.py:588} INFO - Filling up the DagBag from /home/airflow/.local/lib/python3.12/site-packages/airflow/example_dags/example_outlet_event_extra.py
[2024-11-29T07:59:59.701+0000] {processor.py:925} INFO - DAG(s) 'dataset_with_extra_by_context', 'dataset_with_extra_by_yield', 'dataset_with_extra_from_classic_operator' retrieved from /home/airflow/.local/lib/python3.12/site-packages/airflow/example_dags/example_outlet_event_extra.py
[2024-11-29T07:59:59.714+0000] {logging_mixin.py:190} INFO - [2024-11-29T07:59:59.714+0000] {dag.py:3239} INFO - Sync 3 DAGs
[2024-11-29T07:59:59.723+0000] {logging_mixin.py:190} INFO - [2024-11-29T07:59:59.723+0000] {dag.py:4180} INFO - Setting next_dagrun for dataset_with_extra_by_context to 2024-11-28 00:00:00+00:00, run_after=2024-11-29 00:00:00+00:00
[2024-11-29T07:59:59.726+0000] {logging_mixin.py:190} INFO - [2024-11-29T07:59:59.726+0000] {dag.py:4180} INFO - Setting next_dagrun for dataset_with_extra_by_yield to 2024-11-28 00:00:00+00:00, run_after=2024-11-29 00:00:00+00:00
[2024-11-29T07:59:59.727+0000] {logging_mixin.py:190} INFO - [2024-11-29T07:59:59.727+0000] {dag.py:4180} INFO - Setting next_dagrun for dataset_with_extra_from_classic_operator to 2024-11-28 00:00:00+00:00, run_after=2024-11-29 00:00:00+00:00
[2024-11-29T07:59:59.735+0000] {processor.py:208} INFO - Processing /home/airflow/.local/lib/python3.12/site-packages/airflow/example_dags/example_outlet_event_extra.py took 0.262 seconds
[2024-11-29T08:00:30.527+0000] {processor.py:186} INFO - Started process (PID=373) to work on /home/airflow/.local/lib/python3.12/site-packages/airflow/example_dags/example_outlet_event_extra.py
[2024-11-29T08:00:30.527+0000] {processor.py:914} INFO - Processing file /home/airflow/.local/lib/python3.12/site-packages/airflow/example_dags/example_outlet_event_extra.py for tasks to queue
[2024-11-29T08:00:30.528+0000] {logging_mixin.py:190} INFO - [2024-11-29T08:00:30.528+0000] {dagbag.py:588} INFO - Filling up the DagBag from /home/airflow/.local/lib/python3.12/site-packages/airflow/example_dags/example_outlet_event_extra.py
[2024-11-29T08:00:30.752+0000] {processor.py:925} INFO - DAG(s) 'dataset_with_extra_by_yield', 'dataset_with_extra_by_context', 'dataset_with_extra_from_classic_operator' retrieved from /home/airflow/.local/lib/python3.12/site-packages/airflow/example_dags/example_outlet_event_extra.py
[2024-11-29T08:00:30.762+0000] {logging_mixin.py:190} INFO - [2024-11-29T08:00:30.762+0000] {dag.py:3239} INFO - Sync 3 DAGs
[2024-11-29T08:00:30.770+0000] {logging_mixin.py:190} INFO - [2024-11-29T08:00:30.770+0000] {dag.py:4180} INFO - Setting next_dagrun for dataset_with_extra_by_context to 2024-11-28 00:00:00+00:00, run_after=2024-11-29 00:00:00+00:00
[2024-11-29T08:00:30.772+0000] {logging_mixin.py:190} INFO - [2024-11-29T08:00:30.772+0000] {dag.py:4180} INFO - Setting next_dagrun for dataset_with_extra_by_yield to 2024-11-28 00:00:00+00:00, run_after=2024-11-29 00:00:00+00:00
[2024-11-29T08:00:30.773+0000] {logging_mixin.py:190} INFO - [2024-11-29T08:00:30.773+0000] {dag.py:4180} INFO - Setting next_dagrun for dataset_with_extra_from_classic_operator to 2024-11-28 00:00:00+00:00, run_after=2024-11-29 00:00:00+00:00
[2024-11-29T08:00:30.782+0000] {processor.py:208} INFO - Processing /home/airflow/.local/lib/python3.12/site-packages/airflow/example_dags/example_outlet_event_extra.py took 0.257 seconds
[2024-11-29T08:01:01.575+0000] {processor.py:186} INFO - Started process (PID=437) to work on /home/airflow/.local/lib/python3.12/site-packages/airflow/example_dags/example_outlet_event_extra.py
[2024-11-29T08:01:01.575+0000] {processor.py:914} INFO - Processing file /home/airflow/.local/lib/python3.12/site-packages/airflow/example_dags/example_outlet_event_extra.py for tasks to queue
[2024-11-29T08:01:01.576+0000] {logging_mixin.py:190} INFO - [2024-11-29T08:01:01.576+0000] {dagbag.py:588} INFO - Filling up the DagBag from /home/airflow/.local/lib/python3.12/site-packages/airflow/example_dags/example_outlet_event_extra.py
[2024-11-29T08:01:01.775+0000] {processor.py:925} INFO - DAG(s) 'dataset_with_extra_by_context', 'dataset_with_extra_by_yield', 'dataset_with_extra_from_classic_operator' retrieved from /home/airflow/.local/lib/python3.12/site-packages/airflow/example_dags/example_outlet_event_extra.py
[2024-11-29T08:01:01.782+0000] {logging_mixin.py:190} INFO - [2024-11-29T08:01:01.782+0000] {dag.py:3239} INFO - Sync 3 DAGs
[2024-11-29T08:01:01.789+0000] {logging_mixin.py:190} INFO - [2024-11-29T08:01:01.789+0000] {dag.py:4180} INFO - Setting next_dagrun for dataset_with_extra_by_context to 2024-11-28 00:00:00+00:00, run_after=2024-11-29 00:00:00+00:00
[2024-11-29T08:01:01.790+0000] {logging_mixin.py:190} INFO - [2024-11-29T08:01:01.790+0000] {dag.py:4180} INFO - Setting next_dagrun for dataset_with_extra_by_yield to 2024-11-28 00:00:00+00:00, run_after=2024-11-29 00:00:00+00:00
[2024-11-29T08:01:01.791+0000] {logging_mixin.py:190} INFO - [2024-11-29T08:01:01.791+0000] {dag.py:4180} INFO - Setting next_dagrun for dataset_with_extra_from_classic_operator to 2024-11-28 00:00:00+00:00, run_after=2024-11-29 00:00:00+00:00
[2024-11-29T08:01:01.797+0000] {processor.py:208} INFO - Processing /home/airflow/.local/lib/python3.12/site-packages/airflow/example_dags/example_outlet_event_extra.py took 0.224 seconds
[2024-11-29T08:01:32.872+0000] {processor.py:186} INFO - Started process (PID=501) to work on /home/airflow/.local/lib/python3.12/site-packages/airflow/example_dags/example_outlet_event_extra.py
[2024-11-29T08:01:32.872+0000] {processor.py:914} INFO - Processing file /home/airflow/.local/lib/python3.12/site-packages/airflow/example_dags/example_outlet_event_extra.py for tasks to queue
[2024-11-29T08:01:32.874+0000] {logging_mixin.py:190} INFO - [2024-11-29T08:01:32.874+0000] {dagbag.py:588} INFO - Filling up the DagBag from /home/airflow/.local/lib/python3.12/site-packages/airflow/example_dags/example_outlet_event_extra.py
[2024-11-29T08:01:33.105+0000] {processor.py:925} INFO - DAG(s) 'dataset_with_extra_by_context', 'dataset_with_extra_from_classic_operator', 'dataset_with_extra_by_yield' retrieved from /home/airflow/.local/lib/python3.12/site-packages/airflow/example_dags/example_outlet_event_extra.py
[2024-11-29T08:01:33.115+0000] {logging_mixin.py:190} INFO - [2024-11-29T08:01:33.115+0000] {dag.py:3239} INFO - Sync 3 DAGs
[2024-11-29T08:01:33.124+0000] {logging_mixin.py:190} INFO - [2024-11-29T08:01:33.124+0000] {dag.py:4180} INFO - Setting next_dagrun for dataset_with_extra_by_context to 2024-11-28 00:00:00+00:00, run_after=2024-11-29 00:00:00+00:00
[2024-11-29T08:01:33.127+0000] {logging_mixin.py:190} INFO - [2024-11-29T08:01:33.127+0000] {dag.py:4180} INFO - Setting next_dagrun for dataset_with_extra_by_yield to 2024-11-28 00:00:00+00:00, run_after=2024-11-29 00:00:00+00:00
[2024-11-29T08:01:33.127+0000] {logging_mixin.py:190} INFO - [2024-11-29T08:01:33.127+0000] {dag.py:4180} INFO - Setting next_dagrun for dataset_with_extra_from_classic_operator to 2024-11-28 00:00:00+00:00, run_after=2024-11-29 00:00:00+00:00
[2024-11-29T08:01:33.136+0000] {processor.py:208} INFO - Processing /home/airflow/.local/lib/python3.12/site-packages/airflow/example_dags/example_outlet_event_extra.py took 0.267 seconds
[2024-11-29T08:02:04.072+0000] {processor.py:186} INFO - Started process (PID=565) to work on /home/airflow/.local/lib/python3.12/site-packages/airflow/example_dags/example_outlet_event_extra.py
[2024-11-29T08:02:04.074+0000] {processor.py:914} INFO - Processing file /home/airflow/.local/lib/python3.12/site-packages/airflow/example_dags/example_outlet_event_extra.py for tasks to queue
[2024-11-29T08:02:04.075+0000] {logging_mixin.py:190} INFO - [2024-11-29T08:02:04.075+0000] {dagbag.py:588} INFO - Filling up the DagBag from /home/airflow/.local/lib/python3.12/site-packages/airflow/example_dags/example_outlet_event_extra.py
[2024-11-29T08:02:04.306+0000] {processor.py:925} INFO - DAG(s) 'dataset_with_extra_from_classic_operator', 'dataset_with_extra_by_context', 'dataset_with_extra_by_yield' retrieved from /home/airflow/.local/lib/python3.12/site-packages/airflow/example_dags/example_outlet_event_extra.py
[2024-11-29T08:02:04.320+0000] {logging_mixin.py:190} INFO - [2024-11-29T08:02:04.320+0000] {dag.py:3239} INFO - Sync 3 DAGs
[2024-11-29T08:02:04.328+0000] {logging_mixin.py:190} INFO - [2024-11-29T08:02:04.328+0000] {dag.py:4180} INFO - Setting next_dagrun for dataset_with_extra_by_context to 2024-11-28 00:00:00+00:00, run_after=2024-11-29 00:00:00+00:00
[2024-11-29T08:02:04.331+0000] {logging_mixin.py:190} INFO - [2024-11-29T08:02:04.331+0000] {dag.py:4180} INFO - Setting next_dagrun for dataset_with_extra_by_yield to 2024-11-28 00:00:00+00:00, run_after=2024-11-29 00:00:00+00:00
[2024-11-29T08:02:04.333+0000] {logging_mixin.py:190} INFO - [2024-11-29T08:02:04.333+0000] {dag.py:4180} INFO - Setting next_dagrun for dataset_with_extra_from_classic_operator to 2024-11-28 00:00:00+00:00, run_after=2024-11-29 00:00:00+00:00
[2024-11-29T08:02:04.342+0000] {processor.py:208} INFO - Processing /home/airflow/.local/lib/python3.12/site-packages/airflow/example_dags/example_outlet_event_extra.py took 0.272 seconds
[2024-11-29T08:02:34.619+0000] {processor.py:186} INFO - Started process (PID=635) to work on /home/airflow/.local/lib/python3.12/site-packages/airflow/example_dags/example_outlet_event_extra.py
[2024-11-29T08:02:34.619+0000] {processor.py:914} INFO - Processing file /home/airflow/.local/lib/python3.12/site-packages/airflow/example_dags/example_outlet_event_extra.py for tasks to queue
[2024-11-29T08:02:34.620+0000] {logging_mixin.py:190} INFO - [2024-11-29T08:02:34.620+0000] {dagbag.py:588} INFO - Filling up the DagBag from /home/airflow/.local/lib/python3.12/site-packages/airflow/example_dags/example_outlet_event_extra.py
[2024-11-29T08:02:34.845+0000] {processor.py:925} INFO - DAG(s) 'dataset_with_extra_by_yield', 'dataset_with_extra_by_context', 'dataset_with_extra_from_classic_operator' retrieved from /home/airflow/.local/lib/python3.12/site-packages/airflow/example_dags/example_outlet_event_extra.py
[2024-11-29T08:02:34.858+0000] {logging_mixin.py:190} INFO - [2024-11-29T08:02:34.858+0000] {dag.py:3239} INFO - Sync 3 DAGs
[2024-11-29T08:02:34.865+0000] {logging_mixin.py:190} INFO - [2024-11-29T08:02:34.865+0000] {dag.py:4180} INFO - Setting next_dagrun for dataset_with_extra_by_context to 2024-11-28 00:00:00+00:00, run_after=2024-11-29 00:00:00+00:00
[2024-11-29T08:02:34.868+0000] {logging_mixin.py:190} INFO - [2024-11-29T08:02:34.868+0000] {dag.py:4180} INFO - Setting next_dagrun for dataset_with_extra_by_yield to 2024-11-28 00:00:00+00:00, run_after=2024-11-29 00:00:00+00:00
[2024-11-29T08:02:34.869+0000] {logging_mixin.py:190} INFO - [2024-11-29T08:02:34.869+0000] {dag.py:4180} INFO - Setting next_dagrun for dataset_with_extra_from_classic_operator to 2024-11-28 00:00:00+00:00, run_after=2024-11-29 00:00:00+00:00
[2024-11-29T08:02:34.875+0000] {processor.py:208} INFO - Processing /home/airflow/.local/lib/python3.12/site-packages/airflow/example_dags/example_outlet_event_extra.py took 0.258 seconds
[2024-11-29T08:03:05.057+0000] {processor.py:186} INFO - Started process (PID=701) to work on /home/airflow/.local/lib/python3.12/site-packages/airflow/example_dags/example_outlet_event_extra.py
[2024-11-29T08:03:05.058+0000] {processor.py:914} INFO - Processing file /home/airflow/.local/lib/python3.12/site-packages/airflow/example_dags/example_outlet_event_extra.py for tasks to queue
[2024-11-29T08:03:05.058+0000] {logging_mixin.py:190} INFO - [2024-11-29T08:03:05.058+0000] {dagbag.py:588} INFO - Filling up the DagBag from /home/airflow/.local/lib/python3.12/site-packages/airflow/example_dags/example_outlet_event_extra.py
[2024-11-29T08:03:05.281+0000] {processor.py:925} INFO - DAG(s) 'dataset_with_extra_by_context', 'dataset_with_extra_from_classic_operator', 'dataset_with_extra_by_yield' retrieved from /home/airflow/.local/lib/python3.12/site-packages/airflow/example_dags/example_outlet_event_extra.py
[2024-11-29T08:03:05.290+0000] {logging_mixin.py:190} INFO - [2024-11-29T08:03:05.289+0000] {dag.py:3239} INFO - Sync 3 DAGs
[2024-11-29T08:03:05.297+0000] {logging_mixin.py:190} INFO - [2024-11-29T08:03:05.297+0000] {dag.py:4180} INFO - Setting next_dagrun for dataset_with_extra_by_context to 2024-11-28 00:00:00+00:00, run_after=2024-11-29 00:00:00+00:00
[2024-11-29T08:03:05.299+0000] {logging_mixin.py:190} INFO - [2024-11-29T08:03:05.299+0000] {dag.py:4180} INFO - Setting next_dagrun for dataset_with_extra_by_yield to 2024-11-28 00:00:00+00:00, run_after=2024-11-29 00:00:00+00:00
[2024-11-29T08:03:05.302+0000] {logging_mixin.py:190} INFO - [2024-11-29T08:03:05.302+0000] {dag.py:4180} INFO - Setting next_dagrun for dataset_with_extra_from_classic_operator to 2024-11-28 00:00:00+00:00, run_after=2024-11-29 00:00:00+00:00
[2024-11-29T08:03:05.308+0000] {processor.py:208} INFO - Processing /home/airflow/.local/lib/python3.12/site-packages/airflow/example_dags/example_outlet_event_extra.py took 0.254 seconds
[2024-11-29T08:03:35.426+0000] {processor.py:186} INFO - Started process (PID=769) to work on /home/airflow/.local/lib/python3.12/site-packages/airflow/example_dags/example_outlet_event_extra.py
[2024-11-29T08:03:35.426+0000] {processor.py:914} INFO - Processing file /home/airflow/.local/lib/python3.12/site-packages/airflow/example_dags/example_outlet_event_extra.py for tasks to queue
[2024-11-29T08:03:35.427+0000] {logging_mixin.py:190} INFO - [2024-11-29T08:03:35.427+0000] {dagbag.py:588} INFO - Filling up the DagBag from /home/airflow/.local/lib/python3.12/site-packages/airflow/example_dags/example_outlet_event_extra.py
[2024-11-29T08:03:35.685+0000] {processor.py:925} INFO - DAG(s) 'dataset_with_extra_by_context', 'dataset_with_extra_by_yield', 'dataset_with_extra_from_classic_operator' retrieved from /home/airflow/.local/lib/python3.12/site-packages/airflow/example_dags/example_outlet_event_extra.py
[2024-11-29T08:03:35.695+0000] {logging_mixin.py:190} INFO - [2024-11-29T08:03:35.695+0000] {dag.py:3239} INFO - Sync 3 DAGs
[2024-11-29T08:03:35.704+0000] {logging_mixin.py:190} INFO - [2024-11-29T08:03:35.704+0000] {dag.py:4180} INFO - Setting next_dagrun for dataset_with_extra_by_context to 2024-11-28 00:00:00+00:00, run_after=2024-11-29 00:00:00+00:00
[2024-11-29T08:03:35.705+0000] {logging_mixin.py:190} INFO - [2024-11-29T08:03:35.705+0000] {dag.py:4180} INFO - Setting next_dagrun for dataset_with_extra_by_yield to 2024-11-28 00:00:00+00:00, run_after=2024-11-29 00:00:00+00:00
[2024-11-29T08:03:35.706+0000] {logging_mixin.py:190} INFO - [2024-11-29T08:03:35.706+0000] {dag.py:4180} INFO - Setting next_dagrun for dataset_with_extra_from_classic_operator to 2024-11-28 00:00:00+00:00, run_after=2024-11-29 00:00:00+00:00
[2024-11-29T08:03:35.712+0000] {processor.py:208} INFO - Processing /home/airflow/.local/lib/python3.12/site-packages/airflow/example_dags/example_outlet_event_extra.py took 0.289 seconds
[2024-11-29T08:04:05.866+0000] {processor.py:186} INFO - Started process (PID=838) to work on /home/airflow/.local/lib/python3.12/site-packages/airflow/example_dags/example_outlet_event_extra.py
[2024-11-29T08:04:05.866+0000] {processor.py:914} INFO - Processing file /home/airflow/.local/lib/python3.12/site-packages/airflow/example_dags/example_outlet_event_extra.py for tasks to queue
[2024-11-29T08:04:05.867+0000] {logging_mixin.py:190} INFO - [2024-11-29T08:04:05.867+0000] {dagbag.py:588} INFO - Filling up the DagBag from /home/airflow/.local/lib/python3.12/site-packages/airflow/example_dags/example_outlet_event_extra.py
[2024-11-29T08:04:06.094+0000] {processor.py:925} INFO - DAG(s) 'dataset_with_extra_from_classic_operator', 'dataset_with_extra_by_context', 'dataset_with_extra_by_yield' retrieved from /home/airflow/.local/lib/python3.12/site-packages/airflow/example_dags/example_outlet_event_extra.py
[2024-11-29T08:04:06.105+0000] {logging_mixin.py:190} INFO - [2024-11-29T08:04:06.105+0000] {dag.py:3239} INFO - Sync 3 DAGs
[2024-11-29T08:04:06.113+0000] {logging_mixin.py:190} INFO - [2024-11-29T08:04:06.112+0000] {dag.py:4180} INFO - Setting next_dagrun for dataset_with_extra_by_context to 2024-11-28 00:00:00+00:00, run_after=2024-11-29 00:00:00+00:00
[2024-11-29T08:04:06.114+0000] {logging_mixin.py:190} INFO - [2024-11-29T08:04:06.114+0000] {dag.py:4180} INFO - Setting next_dagrun for dataset_with_extra_by_yield to 2024-11-28 00:00:00+00:00, run_after=2024-11-29 00:00:00+00:00
[2024-11-29T08:04:06.116+0000] {logging_mixin.py:190} INFO - [2024-11-29T08:04:06.115+0000] {dag.py:4180} INFO - Setting next_dagrun for dataset_with_extra_from_classic_operator to 2024-11-28 00:00:00+00:00, run_after=2024-11-29 00:00:00+00:00
[2024-11-29T08:04:06.124+0000] {processor.py:208} INFO - Processing /home/airflow/.local/lib/python3.12/site-packages/airflow/example_dags/example_outlet_event_extra.py took 0.260 seconds
[2024-11-29T08:04:36.185+0000] {processor.py:186} INFO - Started process (PID=903) to work on /home/airflow/.local/lib/python3.12/site-packages/airflow/example_dags/example_outlet_event_extra.py
[2024-11-29T08:04:36.188+0000] {processor.py:914} INFO - Processing file /home/airflow/.local/lib/python3.12/site-packages/airflow/example_dags/example_outlet_event_extra.py for tasks to queue
[2024-11-29T08:04:36.192+0000] {logging_mixin.py:190} INFO - [2024-11-29T08:04:36.192+0000] {dagbag.py:588} INFO - Filling up the DagBag from /home/airflow/.local/lib/python3.12/site-packages/airflow/example_dags/example_outlet_event_extra.py
[2024-11-29T08:04:36.551+0000] {processor.py:925} INFO - DAG(s) 'dataset_with_extra_by_yield', 'dataset_with_extra_from_classic_operator', 'dataset_with_extra_by_context' retrieved from /home/airflow/.local/lib/python3.12/site-packages/airflow/example_dags/example_outlet_event_extra.py
[2024-11-29T08:04:36.565+0000] {logging_mixin.py:190} INFO - [2024-11-29T08:04:36.564+0000] {dag.py:3239} INFO - Sync 3 DAGs
[2024-11-29T08:04:36.572+0000] {logging_mixin.py:190} INFO - [2024-11-29T08:04:36.572+0000] {dag.py:4180} INFO - Setting next_dagrun for dataset_with_extra_by_context to 2024-11-28 00:00:00+00:00, run_after=2024-11-29 00:00:00+00:00
[2024-11-29T08:04:36.575+0000] {logging_mixin.py:190} INFO - [2024-11-29T08:04:36.575+0000] {dag.py:4180} INFO - Setting next_dagrun for dataset_with_extra_by_yield to 2024-11-28 00:00:00+00:00, run_after=2024-11-29 00:00:00+00:00
[2024-11-29T08:04:36.578+0000] {logging_mixin.py:190} INFO - [2024-11-29T08:04:36.578+0000] {dag.py:4180} INFO - Setting next_dagrun for dataset_with_extra_from_classic_operator to 2024-11-28 00:00:00+00:00, run_after=2024-11-29 00:00:00+00:00
[2024-11-29T08:04:36.585+0000] {processor.py:208} INFO - Processing /home/airflow/.local/lib/python3.12/site-packages/airflow/example_dags/example_outlet_event_extra.py took 0.403 seconds
[2024-11-29T08:05:06.632+0000] {processor.py:186} INFO - Started process (PID=972) to work on /home/airflow/.local/lib/python3.12/site-packages/airflow/example_dags/example_outlet_event_extra.py
[2024-11-29T08:05:06.634+0000] {processor.py:914} INFO - Processing file /home/airflow/.local/lib/python3.12/site-packages/airflow/example_dags/example_outlet_event_extra.py for tasks to queue
[2024-11-29T08:05:06.635+0000] {logging_mixin.py:190} INFO - [2024-11-29T08:05:06.635+0000] {dagbag.py:588} INFO - Filling up the DagBag from /home/airflow/.local/lib/python3.12/site-packages/airflow/example_dags/example_outlet_event_extra.py
[2024-11-29T08:05:06.858+0000] {processor.py:925} INFO - DAG(s) 'dataset_with_extra_by_yield', 'dataset_with_extra_from_classic_operator', 'dataset_with_extra_by_context' retrieved from /home/airflow/.local/lib/python3.12/site-packages/airflow/example_dags/example_outlet_event_extra.py
[2024-11-29T08:05:06.867+0000] {logging_mixin.py:190} INFO - [2024-11-29T08:05:06.867+0000] {dag.py:3239} INFO - Sync 3 DAGs
[2024-11-29T08:05:06.876+0000] {logging_mixin.py:190} INFO - [2024-11-29T08:05:06.876+0000] {dag.py:4180} INFO - Setting next_dagrun for dataset_with_extra_by_context to 2024-11-28 00:00:00+00:00, run_after=2024-11-29 00:00:00+00:00
[2024-11-29T08:05:06.878+0000] {logging_mixin.py:190} INFO - [2024-11-29T08:05:06.878+0000] {dag.py:4180} INFO - Setting next_dagrun for dataset_with_extra_by_yield to 2024-11-28 00:00:00+00:00, run_after=2024-11-29 00:00:00+00:00
[2024-11-29T08:05:06.880+0000] {logging_mixin.py:190} INFO - [2024-11-29T08:05:06.880+0000] {dag.py:4180} INFO - Setting next_dagrun for dataset_with_extra_from_classic_operator to 2024-11-28 00:00:00+00:00, run_after=2024-11-29 00:00:00+00:00
[2024-11-29T08:05:06.889+0000] {processor.py:208} INFO - Processing /home/airflow/.local/lib/python3.12/site-packages/airflow/example_dags/example_outlet_event_extra.py took 0.259 seconds
[2024-11-29T08:05:36.905+0000] {processor.py:186} INFO - Started process (PID=1041) to work on /home/airflow/.local/lib/python3.12/site-packages/airflow/example_dags/example_outlet_event_extra.py
[2024-11-29T08:05:36.906+0000] {processor.py:914} INFO - Processing file /home/airflow/.local/lib/python3.12/site-packages/airflow/example_dags/example_outlet_event_extra.py for tasks to queue
[2024-11-29T08:05:36.907+0000] {logging_mixin.py:190} INFO - [2024-11-29T08:05:36.906+0000] {dagbag.py:588} INFO - Filling up the DagBag from /home/airflow/.local/lib/python3.12/site-packages/airflow/example_dags/example_outlet_event_extra.py
[2024-11-29T08:05:37.132+0000] {processor.py:925} INFO - DAG(s) 'dataset_with_extra_by_context', 'dataset_with_extra_by_yield', 'dataset_with_extra_from_classic_operator' retrieved from /home/airflow/.local/lib/python3.12/site-packages/airflow/example_dags/example_outlet_event_extra.py
[2024-11-29T08:05:37.139+0000] {logging_mixin.py:190} INFO - [2024-11-29T08:05:37.139+0000] {dag.py:3239} INFO - Sync 3 DAGs
[2024-11-29T08:05:37.146+0000] {logging_mixin.py:190} INFO - [2024-11-29T08:05:37.146+0000] {dag.py:4180} INFO - Setting next_dagrun for dataset_with_extra_by_context to 2024-11-28 00:00:00+00:00, run_after=2024-11-29 00:00:00+00:00
[2024-11-29T08:05:37.147+0000] {logging_mixin.py:190} INFO - [2024-11-29T08:05:37.147+0000] {dag.py:4180} INFO - Setting next_dagrun for dataset_with_extra_by_yield to 2024-11-28 00:00:00+00:00, run_after=2024-11-29 00:00:00+00:00
[2024-11-29T08:05:37.148+0000] {logging_mixin.py:190} INFO - [2024-11-29T08:05:37.148+0000] {dag.py:4180} INFO - Setting next_dagrun for dataset_with_extra_from_classic_operator to 2024-11-28 00:00:00+00:00, run_after=2024-11-29 00:00:00+00:00
[2024-11-29T08:05:37.153+0000] {processor.py:208} INFO - Processing /home/airflow/.local/lib/python3.12/site-packages/airflow/example_dags/example_outlet_event_extra.py took 0.250 seconds
[2024-11-29T08:06:07.177+0000] {processor.py:186} INFO - Started process (PID=1110) to work on /home/airflow/.local/lib/python3.12/site-packages/airflow/example_dags/example_outlet_event_extra.py
[2024-11-29T08:06:07.178+0000] {processor.py:914} INFO - Processing file /home/airflow/.local/lib/python3.12/site-packages/airflow/example_dags/example_outlet_event_extra.py for tasks to queue
[2024-11-29T08:06:07.179+0000] {logging_mixin.py:190} INFO - [2024-11-29T08:06:07.179+0000] {dagbag.py:588} INFO - Filling up the DagBag from /home/airflow/.local/lib/python3.12/site-packages/airflow/example_dags/example_outlet_event_extra.py
[2024-11-29T08:06:07.379+0000] {processor.py:925} INFO - DAG(s) 'dataset_with_extra_by_context', 'dataset_with_extra_from_classic_operator', 'dataset_with_extra_by_yield' retrieved from /home/airflow/.local/lib/python3.12/site-packages/airflow/example_dags/example_outlet_event_extra.py
[2024-11-29T08:06:07.386+0000] {logging_mixin.py:190} INFO - [2024-11-29T08:06:07.386+0000] {dag.py:3239} INFO - Sync 3 DAGs
[2024-11-29T08:06:07.392+0000] {logging_mixin.py:190} INFO - [2024-11-29T08:06:07.392+0000] {dag.py:4180} INFO - Setting next_dagrun for dataset_with_extra_by_context to 2024-11-28 00:00:00+00:00, run_after=2024-11-29 00:00:00+00:00
[2024-11-29T08:06:07.394+0000] {logging_mixin.py:190} INFO - [2024-11-29T08:06:07.394+0000] {dag.py:4180} INFO - Setting next_dagrun for dataset_with_extra_by_yield to 2024-11-28 00:00:00+00:00, run_after=2024-11-29 00:00:00+00:00
[2024-11-29T08:06:07.394+0000] {logging_mixin.py:190} INFO - [2024-11-29T08:06:07.394+0000] {dag.py:4180} INFO - Setting next_dagrun for dataset_with_extra_from_classic_operator to 2024-11-28 00:00:00+00:00, run_after=2024-11-29 00:00:00+00:00
[2024-11-29T08:06:07.400+0000] {processor.py:208} INFO - Processing /home/airflow/.local/lib/python3.12/site-packages/airflow/example_dags/example_outlet_event_extra.py took 0.225 seconds
[2024-11-29T08:06:37.424+0000] {processor.py:186} INFO - Started process (PID=1174) to work on /home/airflow/.local/lib/python3.12/site-packages/airflow/example_dags/example_outlet_event_extra.py
[2024-11-29T08:06:37.425+0000] {processor.py:914} INFO - Processing file /home/airflow/.local/lib/python3.12/site-packages/airflow/example_dags/example_outlet_event_extra.py for tasks to queue
[2024-11-29T08:06:37.426+0000] {logging_mixin.py:190} INFO - [2024-11-29T08:06:37.426+0000] {dagbag.py:588} INFO - Filling up the DagBag from /home/airflow/.local/lib/python3.12/site-packages/airflow/example_dags/example_outlet_event_extra.py
[2024-11-29T08:06:37.627+0000] {processor.py:925} INFO - DAG(s) 'dataset_with_extra_from_classic_operator', 'dataset_with_extra_by_context', 'dataset_with_extra_by_yield' retrieved from /home/airflow/.local/lib/python3.12/site-packages/airflow/example_dags/example_outlet_event_extra.py
[2024-11-29T08:06:37.634+0000] {logging_mixin.py:190} INFO - [2024-11-29T08:06:37.634+0000] {dag.py:3239} INFO - Sync 3 DAGs
[2024-11-29T08:06:37.641+0000] {logging_mixin.py:190} INFO - [2024-11-29T08:06:37.641+0000] {dag.py:4180} INFO - Setting next_dagrun for dataset_with_extra_by_context to 2024-11-28 00:00:00+00:00, run_after=2024-11-29 00:00:00+00:00
[2024-11-29T08:06:37.642+0000] {logging_mixin.py:190} INFO - [2024-11-29T08:06:37.642+0000] {dag.py:4180} INFO - Setting next_dagrun for dataset_with_extra_by_yield to 2024-11-28 00:00:00+00:00, run_after=2024-11-29 00:00:00+00:00
[2024-11-29T08:06:37.643+0000] {logging_mixin.py:190} INFO - [2024-11-29T08:06:37.643+0000] {dag.py:4180} INFO - Setting next_dagrun for dataset_with_extra_from_classic_operator to 2024-11-28 00:00:00+00:00, run_after=2024-11-29 00:00:00+00:00
[2024-11-29T08:06:37.648+0000] {processor.py:208} INFO - Processing /home/airflow/.local/lib/python3.12/site-packages/airflow/example_dags/example_outlet_event_extra.py took 0.226 seconds
[2024-11-29T08:07:07.736+0000] {processor.py:186} INFO - Started process (PID=1238) to work on /home/airflow/.local/lib/python3.12/site-packages/airflow/example_dags/example_outlet_event_extra.py
[2024-11-29T08:07:07.736+0000] {processor.py:914} INFO - Processing file /home/airflow/.local/lib/python3.12/site-packages/airflow/example_dags/example_outlet_event_extra.py for tasks to queue
[2024-11-29T08:07:07.737+0000] {logging_mixin.py:190} INFO - [2024-11-29T08:07:07.737+0000] {dagbag.py:588} INFO - Filling up the DagBag from /home/airflow/.local/lib/python3.12/site-packages/airflow/example_dags/example_outlet_event_extra.py
[2024-11-29T08:07:07.931+0000] {processor.py:925} INFO - DAG(s) 'dataset_with_extra_by_context', 'dataset_with_extra_from_classic_operator', 'dataset_with_extra_by_yield' retrieved from /home/airflow/.local/lib/python3.12/site-packages/airflow/example_dags/example_outlet_event_extra.py
[2024-11-29T08:07:07.938+0000] {logging_mixin.py:190} INFO - [2024-11-29T08:07:07.938+0000] {dag.py:3239} INFO - Sync 3 DAGs
[2024-11-29T08:07:07.945+0000] {logging_mixin.py:190} INFO - [2024-11-29T08:07:07.944+0000] {dag.py:4180} INFO - Setting next_dagrun for dataset_with_extra_by_context to 2024-11-28 00:00:00+00:00, run_after=2024-11-29 00:00:00+00:00
[2024-11-29T08:07:07.946+0000] {logging_mixin.py:190} INFO - [2024-11-29T08:07:07.946+0000] {dag.py:4180} INFO - Setting next_dagrun for dataset_with_extra_by_yield to 2024-11-28 00:00:00+00:00, run_after=2024-11-29 00:00:00+00:00
[2024-11-29T08:07:07.947+0000] {logging_mixin.py:190} INFO - [2024-11-29T08:07:07.946+0000] {dag.py:4180} INFO - Setting next_dagrun for dataset_with_extra_from_classic_operator to 2024-11-28 00:00:00+00:00, run_after=2024-11-29 00:00:00+00:00
[2024-11-29T08:07:07.952+0000] {processor.py:208} INFO - Processing /home/airflow/.local/lib/python3.12/site-packages/airflow/example_dags/example_outlet_event_extra.py took 0.218 seconds
[2024-11-29T08:07:38.616+0000] {processor.py:186} INFO - Started process (PID=1302) to work on /home/airflow/.local/lib/python3.12/site-packages/airflow/example_dags/example_outlet_event_extra.py
[2024-11-29T08:07:38.617+0000] {processor.py:914} INFO - Processing file /home/airflow/.local/lib/python3.12/site-packages/airflow/example_dags/example_outlet_event_extra.py for tasks to queue
[2024-11-29T08:07:38.618+0000] {logging_mixin.py:190} INFO - [2024-11-29T08:07:38.617+0000] {dagbag.py:588} INFO - Filling up the DagBag from /home/airflow/.local/lib/python3.12/site-packages/airflow/example_dags/example_outlet_event_extra.py
[2024-11-29T08:07:38.830+0000] {processor.py:925} INFO - DAG(s) 'dataset_with_extra_from_classic_operator', 'dataset_with_extra_by_yield', 'dataset_with_extra_by_context' retrieved from /home/airflow/.local/lib/python3.12/site-packages/airflow/example_dags/example_outlet_event_extra.py
[2024-11-29T08:07:38.842+0000] {logging_mixin.py:190} INFO - [2024-11-29T08:07:38.841+0000] {dag.py:3239} INFO - Sync 3 DAGs
[2024-11-29T08:07:38.849+0000] {logging_mixin.py:190} INFO - [2024-11-29T08:07:38.849+0000] {dag.py:4180} INFO - Setting next_dagrun for dataset_with_extra_by_context to 2024-11-28 00:00:00+00:00, run_after=2024-11-29 00:00:00+00:00
[2024-11-29T08:07:38.851+0000] {logging_mixin.py:190} INFO - [2024-11-29T08:07:38.851+0000] {dag.py:4180} INFO - Setting next_dagrun for dataset_with_extra_by_yield to 2024-11-28 00:00:00+00:00, run_after=2024-11-29 00:00:00+00:00
[2024-11-29T08:07:38.851+0000] {logging_mixin.py:190} INFO - [2024-11-29T08:07:38.851+0000] {dag.py:4180} INFO - Setting next_dagrun for dataset_with_extra_from_classic_operator to 2024-11-28 00:00:00+00:00, run_after=2024-11-29 00:00:00+00:00
[2024-11-29T08:07:38.857+0000] {processor.py:208} INFO - Processing /home/airflow/.local/lib/python3.12/site-packages/airflow/example_dags/example_outlet_event_extra.py took 0.243 seconds
[2024-11-29T08:15:51.362+0000] {processor.py:186} INFO - Started process (PID=1327) to work on /home/airflow/.local/lib/python3.12/site-packages/airflow/example_dags/example_outlet_event_extra.py
[2024-11-29T08:15:51.365+0000] {processor.py:914} INFO - Processing file /home/airflow/.local/lib/python3.12/site-packages/airflow/example_dags/example_outlet_event_extra.py for tasks to queue
[2024-11-29T08:15:51.366+0000] {logging_mixin.py:190} INFO - [2024-11-29T08:15:51.366+0000] {dagbag.py:588} INFO - Filling up the DagBag from /home/airflow/.local/lib/python3.12/site-packages/airflow/example_dags/example_outlet_event_extra.py
[2024-11-29T08:15:51.588+0000] {processor.py:925} INFO - DAG(s) 'dataset_with_extra_from_classic_operator', 'dataset_with_extra_by_context', 'dataset_with_extra_by_yield' retrieved from /home/airflow/.local/lib/python3.12/site-packages/airflow/example_dags/example_outlet_event_extra.py
[2024-11-29T08:15:51.603+0000] {logging_mixin.py:190} INFO - [2024-11-29T08:15:51.603+0000] {dag.py:3239} INFO - Sync 3 DAGs
[2024-11-29T08:15:51.611+0000] {logging_mixin.py:190} INFO - [2024-11-29T08:15:51.611+0000] {dag.py:4180} INFO - Setting next_dagrun for dataset_with_extra_by_context to 2024-11-28 00:00:00+00:00, run_after=2024-11-29 00:00:00+00:00
[2024-11-29T08:15:51.613+0000] {logging_mixin.py:190} INFO - [2024-11-29T08:15:51.613+0000] {dag.py:4180} INFO - Setting next_dagrun for dataset_with_extra_by_yield to 2024-11-28 00:00:00+00:00, run_after=2024-11-29 00:00:00+00:00
[2024-11-29T08:15:51.614+0000] {logging_mixin.py:190} INFO - [2024-11-29T08:15:51.614+0000] {dag.py:4180} INFO - Setting next_dagrun for dataset_with_extra_from_classic_operator to 2024-11-28 00:00:00+00:00, run_after=2024-11-29 00:00:00+00:00
[2024-11-29T08:15:51.624+0000] {processor.py:208} INFO - Processing /home/airflow/.local/lib/python3.12/site-packages/airflow/example_dags/example_outlet_event_extra.py took 0.265 seconds
[2024-11-29T08:18:41.805+0000] {processor.py:186} INFO - Started process (PID=1375) to work on /home/airflow/.local/lib/python3.12/site-packages/airflow/example_dags/example_outlet_event_extra.py
[2024-11-29T08:18:41.806+0000] {processor.py:914} INFO - Processing file /home/airflow/.local/lib/python3.12/site-packages/airflow/example_dags/example_outlet_event_extra.py for tasks to queue
[2024-11-29T08:18:41.807+0000] {logging_mixin.py:190} INFO - [2024-11-29T08:18:41.806+0000] {dagbag.py:588} INFO - Filling up the DagBag from /home/airflow/.local/lib/python3.12/site-packages/airflow/example_dags/example_outlet_event_extra.py
[2024-11-29T08:18:42.037+0000] {processor.py:925} INFO - DAG(s) 'dataset_with_extra_by_yield', 'dataset_with_extra_from_classic_operator', 'dataset_with_extra_by_context' retrieved from /home/airflow/.local/lib/python3.12/site-packages/airflow/example_dags/example_outlet_event_extra.py
[2024-11-29T08:18:42.045+0000] {logging_mixin.py:190} INFO - [2024-11-29T08:18:42.045+0000] {dag.py:3239} INFO - Sync 3 DAGs
[2024-11-29T08:18:42.051+0000] {logging_mixin.py:190} INFO - [2024-11-29T08:18:42.051+0000] {dag.py:4180} INFO - Setting next_dagrun for dataset_with_extra_by_context to 2024-11-28 00:00:00+00:00, run_after=2024-11-29 00:00:00+00:00
[2024-11-29T08:18:42.053+0000] {logging_mixin.py:190} INFO - [2024-11-29T08:18:42.053+0000] {dag.py:4180} INFO - Setting next_dagrun for dataset_with_extra_by_yield to 2024-11-28 00:00:00+00:00, run_after=2024-11-29 00:00:00+00:00
[2024-11-29T08:18:42.054+0000] {logging_mixin.py:190} INFO - [2024-11-29T08:18:42.054+0000] {dag.py:4180} INFO - Setting next_dagrun for dataset_with_extra_from_classic_operator to 2024-11-28 00:00:00+00:00, run_after=2024-11-29 00:00:00+00:00
[2024-11-29T08:18:42.059+0000] {processor.py:208} INFO - Processing /home/airflow/.local/lib/python3.12/site-packages/airflow/example_dags/example_outlet_event_extra.py took 0.256 seconds
[2024-11-29T08:19:13.054+0000] {processor.py:186} INFO - Started process (PID=1439) to work on /home/airflow/.local/lib/python3.12/site-packages/airflow/example_dags/example_outlet_event_extra.py
[2024-11-29T08:19:13.054+0000] {processor.py:914} INFO - Processing file /home/airflow/.local/lib/python3.12/site-packages/airflow/example_dags/example_outlet_event_extra.py for tasks to queue
[2024-11-29T08:19:13.055+0000] {logging_mixin.py:190} INFO - [2024-11-29T08:19:13.055+0000] {dagbag.py:588} INFO - Filling up the DagBag from /home/airflow/.local/lib/python3.12/site-packages/airflow/example_dags/example_outlet_event_extra.py
[2024-11-29T08:19:13.243+0000] {processor.py:925} INFO - DAG(s) 'dataset_with_extra_from_classic_operator', 'dataset_with_extra_by_context', 'dataset_with_extra_by_yield' retrieved from /home/airflow/.local/lib/python3.12/site-packages/airflow/example_dags/example_outlet_event_extra.py
[2024-11-29T08:19:13.250+0000] {logging_mixin.py:190} INFO - [2024-11-29T08:19:13.250+0000] {dag.py:3239} INFO - Sync 3 DAGs
[2024-11-29T08:19:13.257+0000] {logging_mixin.py:190} INFO - [2024-11-29T08:19:13.257+0000] {dag.py:4180} INFO - Setting next_dagrun for dataset_with_extra_by_context to 2024-11-28 00:00:00+00:00, run_after=2024-11-29 00:00:00+00:00
[2024-11-29T08:19:13.258+0000] {logging_mixin.py:190} INFO - [2024-11-29T08:19:13.258+0000] {dag.py:4180} INFO - Setting next_dagrun for dataset_with_extra_by_yield to 2024-11-28 00:00:00+00:00, run_after=2024-11-29 00:00:00+00:00
[2024-11-29T08:19:13.259+0000] {logging_mixin.py:190} INFO - [2024-11-29T08:19:13.259+0000] {dag.py:4180} INFO - Setting next_dagrun for dataset_with_extra_from_classic_operator to 2024-11-28 00:00:00+00:00, run_after=2024-11-29 00:00:00+00:00
[2024-11-29T08:19:13.264+0000] {processor.py:208} INFO - Processing /home/airflow/.local/lib/python3.12/site-packages/airflow/example_dags/example_outlet_event_extra.py took 0.212 seconds
