[2024-11-29T07:57:57.671+0000] {processor.py:186} INFO - Started process (PID=62) to work on /home/airflow/.local/lib/python3.12/site-packages/airflow/example_dags/example_setup_teardown.py
[2024-11-29T07:57:57.672+0000] {processor.py:914} INFO - Processing file /home/airflow/.local/lib/python3.12/site-packages/airflow/example_dags/example_setup_teardown.py for tasks to queue
[2024-11-29T07:57:57.675+0000] {logging_mixin.py:190} INFO - [2024-11-29T07:57:57.675+0000] {dagbag.py:588} INFO - Filling up the DagBag from /home/airflow/.local/lib/python3.12/site-packages/airflow/example_dags/example_setup_teardown.py
[2024-11-29T07:57:57.683+0000] {processor.py:925} INFO - DAG(s) 'example_setup_teardown' retrieved from /home/airflow/.local/lib/python3.12/site-packages/airflow/example_dags/example_setup_teardown.py
[2024-11-29T07:57:57.695+0000] {logging_mixin.py:190} INFO - [2024-11-29T07:57:57.695+0000] {dag.py:3239} INFO - Sync 1 DAGs
[2024-11-29T07:57:57.703+0000] {logging_mixin.py:190} INFO - [2024-11-29T07:57:57.703+0000] {dag.py:4180} INFO - Setting next_dagrun for example_setup_teardown to None, run_after=None
[2024-11-29T07:57:57.713+0000] {processor.py:208} INFO - Processing /home/airflow/.local/lib/python3.12/site-packages/airflow/example_dags/example_setup_teardown.py took 0.044 seconds
[2024-11-29T07:58:28.025+0000] {processor.py:186} INFO - Started process (PID=126) to work on /home/airflow/.local/lib/python3.12/site-packages/airflow/example_dags/example_setup_teardown.py
[2024-11-29T07:58:28.028+0000] {processor.py:914} INFO - Processing file /home/airflow/.local/lib/python3.12/site-packages/airflow/example_dags/example_setup_teardown.py for tasks to queue
[2024-11-29T07:58:28.028+0000] {logging_mixin.py:190} INFO - [2024-11-29T07:58:28.028+0000] {dagbag.py:588} INFO - Filling up the DagBag from /home/airflow/.local/lib/python3.12/site-packages/airflow/example_dags/example_setup_teardown.py
[2024-11-29T07:58:28.031+0000] {processor.py:925} INFO - DAG(s) 'example_setup_teardown' retrieved from /home/airflow/.local/lib/python3.12/site-packages/airflow/example_dags/example_setup_teardown.py
[2024-11-29T07:58:28.042+0000] {logging_mixin.py:190} INFO - [2024-11-29T07:58:28.042+0000] {dag.py:3239} INFO - Sync 1 DAGs
[2024-11-29T07:58:28.047+0000] {logging_mixin.py:190} INFO - [2024-11-29T07:58:28.047+0000] {dag.py:4180} INFO - Setting next_dagrun for example_setup_teardown to None, run_after=None
[2024-11-29T07:58:28.053+0000] {processor.py:208} INFO - Processing /home/airflow/.local/lib/python3.12/site-packages/airflow/example_dags/example_setup_teardown.py took 0.031 seconds
[2024-11-29T07:58:58.327+0000] {processor.py:186} INFO - Started process (PID=190) to work on /home/airflow/.local/lib/python3.12/site-packages/airflow/example_dags/example_setup_teardown.py
[2024-11-29T07:58:58.327+0000] {processor.py:914} INFO - Processing file /home/airflow/.local/lib/python3.12/site-packages/airflow/example_dags/example_setup_teardown.py for tasks to queue
[2024-11-29T07:58:58.328+0000] {logging_mixin.py:190} INFO - [2024-11-29T07:58:58.328+0000] {dagbag.py:588} INFO - Filling up the DagBag from /home/airflow/.local/lib/python3.12/site-packages/airflow/example_dags/example_setup_teardown.py
[2024-11-29T07:58:58.331+0000] {processor.py:925} INFO - DAG(s) 'example_setup_teardown' retrieved from /home/airflow/.local/lib/python3.12/site-packages/airflow/example_dags/example_setup_teardown.py
[2024-11-29T07:58:58.338+0000] {logging_mixin.py:190} INFO - [2024-11-29T07:58:58.338+0000] {dag.py:3239} INFO - Sync 1 DAGs
[2024-11-29T07:58:58.343+0000] {logging_mixin.py:190} INFO - [2024-11-29T07:58:58.343+0000] {dag.py:4180} INFO - Setting next_dagrun for example_setup_teardown to None, run_after=None
[2024-11-29T07:58:58.349+0000] {processor.py:208} INFO - Processing /home/airflow/.local/lib/python3.12/site-packages/airflow/example_dags/example_setup_teardown.py took 0.025 seconds
[2024-11-29T07:59:28.662+0000] {processor.py:186} INFO - Started process (PID=254) to work on /home/airflow/.local/lib/python3.12/site-packages/airflow/example_dags/example_setup_teardown.py
[2024-11-29T07:59:28.662+0000] {processor.py:914} INFO - Processing file /home/airflow/.local/lib/python3.12/site-packages/airflow/example_dags/example_setup_teardown.py for tasks to queue
[2024-11-29T07:59:28.663+0000] {logging_mixin.py:190} INFO - [2024-11-29T07:59:28.663+0000] {dagbag.py:588} INFO - Filling up the DagBag from /home/airflow/.local/lib/python3.12/site-packages/airflow/example_dags/example_setup_teardown.py
[2024-11-29T07:59:28.666+0000] {processor.py:925} INFO - DAG(s) 'example_setup_teardown' retrieved from /home/airflow/.local/lib/python3.12/site-packages/airflow/example_dags/example_setup_teardown.py
[2024-11-29T07:59:28.673+0000] {logging_mixin.py:190} INFO - [2024-11-29T07:59:28.673+0000] {dag.py:3239} INFO - Sync 1 DAGs
[2024-11-29T07:59:28.678+0000] {logging_mixin.py:190} INFO - [2024-11-29T07:59:28.678+0000] {dag.py:4180} INFO - Setting next_dagrun for example_setup_teardown to None, run_after=None
[2024-11-29T07:59:28.683+0000] {processor.py:208} INFO - Processing /home/airflow/.local/lib/python3.12/site-packages/airflow/example_dags/example_setup_teardown.py took 0.024 seconds
[2024-11-29T07:59:59.777+0000] {processor.py:186} INFO - Started process (PID=318) to work on /home/airflow/.local/lib/python3.12/site-packages/airflow/example_dags/example_setup_teardown.py
[2024-11-29T07:59:59.778+0000] {processor.py:914} INFO - Processing file /home/airflow/.local/lib/python3.12/site-packages/airflow/example_dags/example_setup_teardown.py for tasks to queue
[2024-11-29T07:59:59.779+0000] {logging_mixin.py:190} INFO - [2024-11-29T07:59:59.779+0000] {dagbag.py:588} INFO - Filling up the DagBag from /home/airflow/.local/lib/python3.12/site-packages/airflow/example_dags/example_setup_teardown.py
[2024-11-29T07:59:59.783+0000] {processor.py:925} INFO - DAG(s) 'example_setup_teardown' retrieved from /home/airflow/.local/lib/python3.12/site-packages/airflow/example_dags/example_setup_teardown.py
[2024-11-29T07:59:59.792+0000] {logging_mixin.py:190} INFO - [2024-11-29T07:59:59.791+0000] {dag.py:3239} INFO - Sync 1 DAGs
[2024-11-29T07:59:59.796+0000] {logging_mixin.py:190} INFO - [2024-11-29T07:59:59.796+0000] {dag.py:4180} INFO - Setting next_dagrun for example_setup_teardown to None, run_after=None
[2024-11-29T07:59:59.802+0000] {processor.py:208} INFO - Processing /home/airflow/.local/lib/python3.12/site-packages/airflow/example_dags/example_setup_teardown.py took 0.027 seconds
[2024-11-29T08:00:30.841+0000] {processor.py:186} INFO - Started process (PID=382) to work on /home/airflow/.local/lib/python3.12/site-packages/airflow/example_dags/example_setup_teardown.py
[2024-11-29T08:00:30.841+0000] {processor.py:914} INFO - Processing file /home/airflow/.local/lib/python3.12/site-packages/airflow/example_dags/example_setup_teardown.py for tasks to queue
[2024-11-29T08:00:30.842+0000] {logging_mixin.py:190} INFO - [2024-11-29T08:00:30.842+0000] {dagbag.py:588} INFO - Filling up the DagBag from /home/airflow/.local/lib/python3.12/site-packages/airflow/example_dags/example_setup_teardown.py
[2024-11-29T08:00:30.845+0000] {processor.py:925} INFO - DAG(s) 'example_setup_teardown' retrieved from /home/airflow/.local/lib/python3.12/site-packages/airflow/example_dags/example_setup_teardown.py
[2024-11-29T08:00:30.853+0000] {logging_mixin.py:190} INFO - [2024-11-29T08:00:30.853+0000] {dag.py:3239} INFO - Sync 1 DAGs
[2024-11-29T08:00:30.859+0000] {logging_mixin.py:190} INFO - [2024-11-29T08:00:30.859+0000] {dag.py:4180} INFO - Setting next_dagrun for example_setup_teardown to None, run_after=None
[2024-11-29T08:00:30.868+0000] {processor.py:208} INFO - Processing /home/airflow/.local/lib/python3.12/site-packages/airflow/example_dags/example_setup_teardown.py took 0.029 seconds
[2024-11-29T08:01:02.012+0000] {processor.py:186} INFO - Started process (PID=446) to work on /home/airflow/.local/lib/python3.12/site-packages/airflow/example_dags/example_setup_teardown.py
[2024-11-29T08:01:02.012+0000] {processor.py:914} INFO - Processing file /home/airflow/.local/lib/python3.12/site-packages/airflow/example_dags/example_setup_teardown.py for tasks to queue
[2024-11-29T08:01:02.013+0000] {logging_mixin.py:190} INFO - [2024-11-29T08:01:02.013+0000] {dagbag.py:588} INFO - Filling up the DagBag from /home/airflow/.local/lib/python3.12/site-packages/airflow/example_dags/example_setup_teardown.py
[2024-11-29T08:01:02.016+0000] {processor.py:925} INFO - DAG(s) 'example_setup_teardown' retrieved from /home/airflow/.local/lib/python3.12/site-packages/airflow/example_dags/example_setup_teardown.py
[2024-11-29T08:01:02.025+0000] {logging_mixin.py:190} INFO - [2024-11-29T08:01:02.025+0000] {dag.py:3239} INFO - Sync 1 DAGs
[2024-11-29T08:01:02.031+0000] {logging_mixin.py:190} INFO - [2024-11-29T08:01:02.030+0000] {dag.py:4180} INFO - Setting next_dagrun for example_setup_teardown to None, run_after=None
[2024-11-29T08:01:02.041+0000] {processor.py:208} INFO - Processing /home/airflow/.local/lib/python3.12/site-packages/airflow/example_dags/example_setup_teardown.py took 0.031 seconds
[2024-11-29T08:01:33.187+0000] {processor.py:186} INFO - Started process (PID=510) to work on /home/airflow/.local/lib/python3.12/site-packages/airflow/example_dags/example_setup_teardown.py
[2024-11-29T08:01:33.188+0000] {processor.py:914} INFO - Processing file /home/airflow/.local/lib/python3.12/site-packages/airflow/example_dags/example_setup_teardown.py for tasks to queue
[2024-11-29T08:01:33.189+0000] {logging_mixin.py:190} INFO - [2024-11-29T08:01:33.189+0000] {dagbag.py:588} INFO - Filling up the DagBag from /home/airflow/.local/lib/python3.12/site-packages/airflow/example_dags/example_setup_teardown.py
[2024-11-29T08:01:33.193+0000] {processor.py:925} INFO - DAG(s) 'example_setup_teardown' retrieved from /home/airflow/.local/lib/python3.12/site-packages/airflow/example_dags/example_setup_teardown.py
[2024-11-29T08:01:33.201+0000] {logging_mixin.py:190} INFO - [2024-11-29T08:01:33.201+0000] {dag.py:3239} INFO - Sync 1 DAGs
[2024-11-29T08:01:33.207+0000] {logging_mixin.py:190} INFO - [2024-11-29T08:01:33.207+0000] {dag.py:4180} INFO - Setting next_dagrun for example_setup_teardown to None, run_after=None
[2024-11-29T08:01:33.213+0000] {processor.py:208} INFO - Processing /home/airflow/.local/lib/python3.12/site-packages/airflow/example_dags/example_setup_teardown.py took 0.028 seconds
[2024-11-29T08:02:04.385+0000] {processor.py:186} INFO - Started process (PID=574) to work on /home/airflow/.local/lib/python3.12/site-packages/airflow/example_dags/example_setup_teardown.py
[2024-11-29T08:02:04.386+0000] {processor.py:914} INFO - Processing file /home/airflow/.local/lib/python3.12/site-packages/airflow/example_dags/example_setup_teardown.py for tasks to queue
[2024-11-29T08:02:04.387+0000] {logging_mixin.py:190} INFO - [2024-11-29T08:02:04.387+0000] {dagbag.py:588} INFO - Filling up the DagBag from /home/airflow/.local/lib/python3.12/site-packages/airflow/example_dags/example_setup_teardown.py
[2024-11-29T08:02:04.391+0000] {processor.py:925} INFO - DAG(s) 'example_setup_teardown' retrieved from /home/airflow/.local/lib/python3.12/site-packages/airflow/example_dags/example_setup_teardown.py
[2024-11-29T08:02:04.399+0000] {logging_mixin.py:190} INFO - [2024-11-29T08:02:04.399+0000] {dag.py:3239} INFO - Sync 1 DAGs
[2024-11-29T08:02:04.404+0000] {logging_mixin.py:190} INFO - [2024-11-29T08:02:04.404+0000] {dag.py:4180} INFO - Setting next_dagrun for example_setup_teardown to None, run_after=None
[2024-11-29T08:02:04.412+0000] {processor.py:208} INFO - Processing /home/airflow/.local/lib/python3.12/site-packages/airflow/example_dags/example_setup_teardown.py took 0.028 seconds
[2024-11-29T08:02:34.711+0000] {processor.py:186} INFO - Started process (PID=638) to work on /home/airflow/.local/lib/python3.12/site-packages/airflow/example_dags/example_setup_teardown.py
[2024-11-29T08:02:34.712+0000] {processor.py:914} INFO - Processing file /home/airflow/.local/lib/python3.12/site-packages/airflow/example_dags/example_setup_teardown.py for tasks to queue
[2024-11-29T08:02:34.716+0000] {logging_mixin.py:190} INFO - [2024-11-29T08:02:34.716+0000] {dagbag.py:588} INFO - Filling up the DagBag from /home/airflow/.local/lib/python3.12/site-packages/airflow/example_dags/example_setup_teardown.py
[2024-11-29T08:02:34.720+0000] {processor.py:925} INFO - DAG(s) 'example_setup_teardown' retrieved from /home/airflow/.local/lib/python3.12/site-packages/airflow/example_dags/example_setup_teardown.py
[2024-11-29T08:02:34.727+0000] {logging_mixin.py:190} INFO - [2024-11-29T08:02:34.727+0000] {dag.py:3239} INFO - Sync 1 DAGs
[2024-11-29T08:02:34.733+0000] {logging_mixin.py:190} INFO - [2024-11-29T08:02:34.733+0000] {dag.py:4180} INFO - Setting next_dagrun for example_setup_teardown to None, run_after=None
[2024-11-29T08:02:34.739+0000] {processor.py:208} INFO - Processing /home/airflow/.local/lib/python3.12/site-packages/airflow/example_dags/example_setup_teardown.py took 0.030 seconds
[2024-11-29T08:03:05.072+0000] {processor.py:186} INFO - Started process (PID=702) to work on /home/airflow/.local/lib/python3.12/site-packages/airflow/example_dags/example_setup_teardown.py
[2024-11-29T08:03:05.073+0000] {processor.py:914} INFO - Processing file /home/airflow/.local/lib/python3.12/site-packages/airflow/example_dags/example_setup_teardown.py for tasks to queue
[2024-11-29T08:03:05.074+0000] {logging_mixin.py:190} INFO - [2024-11-29T08:03:05.074+0000] {dagbag.py:588} INFO - Filling up the DagBag from /home/airflow/.local/lib/python3.12/site-packages/airflow/example_dags/example_setup_teardown.py
[2024-11-29T08:03:05.078+0000] {processor.py:925} INFO - DAG(s) 'example_setup_teardown' retrieved from /home/airflow/.local/lib/python3.12/site-packages/airflow/example_dags/example_setup_teardown.py
[2024-11-29T08:03:05.087+0000] {logging_mixin.py:190} INFO - [2024-11-29T08:03:05.087+0000] {dag.py:3239} INFO - Sync 1 DAGs
[2024-11-29T08:03:05.092+0000] {logging_mixin.py:190} INFO - [2024-11-29T08:03:05.092+0000] {dag.py:4180} INFO - Setting next_dagrun for example_setup_teardown to None, run_after=None
[2024-11-29T08:03:05.098+0000] {processor.py:208} INFO - Processing /home/airflow/.local/lib/python3.12/site-packages/airflow/example_dags/example_setup_teardown.py took 0.028 seconds
[2024-11-29T08:03:35.330+0000] {processor.py:186} INFO - Started process (PID=765) to work on /home/airflow/.local/lib/python3.12/site-packages/airflow/example_dags/example_setup_teardown.py
[2024-11-29T08:03:35.333+0000] {processor.py:914} INFO - Processing file /home/airflow/.local/lib/python3.12/site-packages/airflow/example_dags/example_setup_teardown.py for tasks to queue
[2024-11-29T08:03:35.334+0000] {logging_mixin.py:190} INFO - [2024-11-29T08:03:35.334+0000] {dagbag.py:588} INFO - Filling up the DagBag from /home/airflow/.local/lib/python3.12/site-packages/airflow/example_dags/example_setup_teardown.py
[2024-11-29T08:03:35.337+0000] {processor.py:925} INFO - DAG(s) 'example_setup_teardown' retrieved from /home/airflow/.local/lib/python3.12/site-packages/airflow/example_dags/example_setup_teardown.py
[2024-11-29T08:03:35.350+0000] {logging_mixin.py:190} INFO - [2024-11-29T08:03:35.350+0000] {dag.py:3239} INFO - Sync 1 DAGs
[2024-11-29T08:03:35.357+0000] {logging_mixin.py:190} INFO - [2024-11-29T08:03:35.357+0000] {dag.py:4180} INFO - Setting next_dagrun for example_setup_teardown to None, run_after=None
[2024-11-29T08:03:35.363+0000] {processor.py:208} INFO - Processing /home/airflow/.local/lib/python3.12/site-packages/airflow/example_dags/example_setup_teardown.py took 0.035 seconds
[2024-11-29T08:04:05.633+0000] {processor.py:186} INFO - Started process (PID=829) to work on /home/airflow/.local/lib/python3.12/site-packages/airflow/example_dags/example_setup_teardown.py
[2024-11-29T08:04:05.634+0000] {processor.py:914} INFO - Processing file /home/airflow/.local/lib/python3.12/site-packages/airflow/example_dags/example_setup_teardown.py for tasks to queue
[2024-11-29T08:04:05.638+0000] {logging_mixin.py:190} INFO - [2024-11-29T08:04:05.637+0000] {dagbag.py:588} INFO - Filling up the DagBag from /home/airflow/.local/lib/python3.12/site-packages/airflow/example_dags/example_setup_teardown.py
[2024-11-29T08:04:05.641+0000] {processor.py:925} INFO - DAG(s) 'example_setup_teardown' retrieved from /home/airflow/.local/lib/python3.12/site-packages/airflow/example_dags/example_setup_teardown.py
[2024-11-29T08:04:05.649+0000] {logging_mixin.py:190} INFO - [2024-11-29T08:04:05.648+0000] {dag.py:3239} INFO - Sync 1 DAGs
[2024-11-29T08:04:05.654+0000] {logging_mixin.py:190} INFO - [2024-11-29T08:04:05.653+0000] {dag.py:4180} INFO - Setting next_dagrun for example_setup_teardown to None, run_after=None
[2024-11-29T08:04:05.661+0000] {processor.py:208} INFO - Processing /home/airflow/.local/lib/python3.12/site-packages/airflow/example_dags/example_setup_teardown.py took 0.030 seconds
[2024-11-29T08:04:35.871+0000] {processor.py:186} INFO - Started process (PID=893) to work on /home/airflow/.local/lib/python3.12/site-packages/airflow/example_dags/example_setup_teardown.py
[2024-11-29T08:04:35.872+0000] {processor.py:914} INFO - Processing file /home/airflow/.local/lib/python3.12/site-packages/airflow/example_dags/example_setup_teardown.py for tasks to queue
[2024-11-29T08:04:35.872+0000] {logging_mixin.py:190} INFO - [2024-11-29T08:04:35.872+0000] {dagbag.py:588} INFO - Filling up the DagBag from /home/airflow/.local/lib/python3.12/site-packages/airflow/example_dags/example_setup_teardown.py
[2024-11-29T08:04:35.876+0000] {processor.py:925} INFO - DAG(s) 'example_setup_teardown' retrieved from /home/airflow/.local/lib/python3.12/site-packages/airflow/example_dags/example_setup_teardown.py
[2024-11-29T08:04:35.884+0000] {logging_mixin.py:190} INFO - [2024-11-29T08:04:35.883+0000] {dag.py:3239} INFO - Sync 1 DAGs
[2024-11-29T08:04:35.889+0000] {logging_mixin.py:190} INFO - [2024-11-29T08:04:35.888+0000] {dag.py:4180} INFO - Setting next_dagrun for example_setup_teardown to None, run_after=None
[2024-11-29T08:04:35.894+0000] {processor.py:208} INFO - Processing /home/airflow/.local/lib/python3.12/site-packages/airflow/example_dags/example_setup_teardown.py took 0.026 seconds
[2024-11-29T08:05:06.195+0000] {processor.py:186} INFO - Started process (PID=957) to work on /home/airflow/.local/lib/python3.12/site-packages/airflow/example_dags/example_setup_teardown.py
[2024-11-29T08:05:06.195+0000] {processor.py:914} INFO - Processing file /home/airflow/.local/lib/python3.12/site-packages/airflow/example_dags/example_setup_teardown.py for tasks to queue
[2024-11-29T08:05:06.196+0000] {logging_mixin.py:190} INFO - [2024-11-29T08:05:06.196+0000] {dagbag.py:588} INFO - Filling up the DagBag from /home/airflow/.local/lib/python3.12/site-packages/airflow/example_dags/example_setup_teardown.py
[2024-11-29T08:05:06.200+0000] {processor.py:925} INFO - DAG(s) 'example_setup_teardown' retrieved from /home/airflow/.local/lib/python3.12/site-packages/airflow/example_dags/example_setup_teardown.py
[2024-11-29T08:05:06.208+0000] {logging_mixin.py:190} INFO - [2024-11-29T08:05:06.208+0000] {dag.py:3239} INFO - Sync 1 DAGs
[2024-11-29T08:05:06.213+0000] {logging_mixin.py:190} INFO - [2024-11-29T08:05:06.213+0000] {dag.py:4180} INFO - Setting next_dagrun for example_setup_teardown to None, run_after=None
[2024-11-29T08:05:06.220+0000] {processor.py:208} INFO - Processing /home/airflow/.local/lib/python3.12/site-packages/airflow/example_dags/example_setup_teardown.py took 0.027 seconds
[2024-11-29T08:05:36.333+0000] {processor.py:186} INFO - Started process (PID=1020) to work on /home/airflow/.local/lib/python3.12/site-packages/airflow/example_dags/example_setup_teardown.py
[2024-11-29T08:05:36.334+0000] {processor.py:914} INFO - Processing file /home/airflow/.local/lib/python3.12/site-packages/airflow/example_dags/example_setup_teardown.py for tasks to queue
[2024-11-29T08:05:36.336+0000] {logging_mixin.py:190} INFO - [2024-11-29T08:05:36.336+0000] {dagbag.py:588} INFO - Filling up the DagBag from /home/airflow/.local/lib/python3.12/site-packages/airflow/example_dags/example_setup_teardown.py
[2024-11-29T08:05:36.339+0000] {processor.py:925} INFO - DAG(s) 'example_setup_teardown' retrieved from /home/airflow/.local/lib/python3.12/site-packages/airflow/example_dags/example_setup_teardown.py
[2024-11-29T08:05:36.348+0000] {logging_mixin.py:190} INFO - [2024-11-29T08:05:36.347+0000] {dag.py:3239} INFO - Sync 1 DAGs
[2024-11-29T08:05:36.353+0000] {logging_mixin.py:190} INFO - [2024-11-29T08:05:36.353+0000] {dag.py:4180} INFO - Setting next_dagrun for example_setup_teardown to None, run_after=None
[2024-11-29T08:05:36.359+0000] {processor.py:208} INFO - Processing /home/airflow/.local/lib/python3.12/site-packages/airflow/example_dags/example_setup_teardown.py took 0.028 seconds
[2024-11-29T08:06:06.383+0000] {processor.py:186} INFO - Started process (PID=1083) to work on /home/airflow/.local/lib/python3.12/site-packages/airflow/example_dags/example_setup_teardown.py
[2024-11-29T08:06:06.383+0000] {processor.py:914} INFO - Processing file /home/airflow/.local/lib/python3.12/site-packages/airflow/example_dags/example_setup_teardown.py for tasks to queue
[2024-11-29T08:06:06.384+0000] {logging_mixin.py:190} INFO - [2024-11-29T08:06:06.384+0000] {dagbag.py:588} INFO - Filling up the DagBag from /home/airflow/.local/lib/python3.12/site-packages/airflow/example_dags/example_setup_teardown.py
[2024-11-29T08:06:06.387+0000] {processor.py:925} INFO - DAG(s) 'example_setup_teardown' retrieved from /home/airflow/.local/lib/python3.12/site-packages/airflow/example_dags/example_setup_teardown.py
[2024-11-29T08:06:06.394+0000] {logging_mixin.py:190} INFO - [2024-11-29T08:06:06.394+0000] {dag.py:3239} INFO - Sync 1 DAGs
[2024-11-29T08:06:06.398+0000] {logging_mixin.py:190} INFO - [2024-11-29T08:06:06.398+0000] {dag.py:4180} INFO - Setting next_dagrun for example_setup_teardown to None, run_after=None
[2024-11-29T08:06:06.403+0000] {processor.py:208} INFO - Processing /home/airflow/.local/lib/python3.12/site-packages/airflow/example_dags/example_setup_teardown.py took 0.023 seconds
[2024-11-29T08:06:36.457+0000] {processor.py:186} INFO - Started process (PID=1147) to work on /home/airflow/.local/lib/python3.12/site-packages/airflow/example_dags/example_setup_teardown.py
[2024-11-29T08:06:36.458+0000] {processor.py:914} INFO - Processing file /home/airflow/.local/lib/python3.12/site-packages/airflow/example_dags/example_setup_teardown.py for tasks to queue
[2024-11-29T08:06:36.458+0000] {logging_mixin.py:190} INFO - [2024-11-29T08:06:36.458+0000] {dagbag.py:588} INFO - Filling up the DagBag from /home/airflow/.local/lib/python3.12/site-packages/airflow/example_dags/example_setup_teardown.py
[2024-11-29T08:06:36.462+0000] {processor.py:925} INFO - DAG(s) 'example_setup_teardown' retrieved from /home/airflow/.local/lib/python3.12/site-packages/airflow/example_dags/example_setup_teardown.py
[2024-11-29T08:06:36.472+0000] {logging_mixin.py:190} INFO - [2024-11-29T08:06:36.472+0000] {dag.py:3239} INFO - Sync 1 DAGs
[2024-11-29T08:06:36.477+0000] {logging_mixin.py:190} INFO - [2024-11-29T08:06:36.477+0000] {dag.py:4180} INFO - Setting next_dagrun for example_setup_teardown to None, run_after=None
[2024-11-29T08:06:36.484+0000] {processor.py:208} INFO - Processing /home/airflow/.local/lib/python3.12/site-packages/airflow/example_dags/example_setup_teardown.py took 0.029 seconds
[2024-11-29T08:07:06.939+0000] {processor.py:186} INFO - Started process (PID=1211) to work on /home/airflow/.local/lib/python3.12/site-packages/airflow/example_dags/example_setup_teardown.py
[2024-11-29T08:07:06.939+0000] {processor.py:914} INFO - Processing file /home/airflow/.local/lib/python3.12/site-packages/airflow/example_dags/example_setup_teardown.py for tasks to queue
[2024-11-29T08:07:06.940+0000] {logging_mixin.py:190} INFO - [2024-11-29T08:07:06.940+0000] {dagbag.py:588} INFO - Filling up the DagBag from /home/airflow/.local/lib/python3.12/site-packages/airflow/example_dags/example_setup_teardown.py
[2024-11-29T08:07:06.943+0000] {processor.py:925} INFO - DAG(s) 'example_setup_teardown' retrieved from /home/airflow/.local/lib/python3.12/site-packages/airflow/example_dags/example_setup_teardown.py
[2024-11-29T08:07:06.954+0000] {logging_mixin.py:190} INFO - [2024-11-29T08:07:06.953+0000] {dag.py:3239} INFO - Sync 1 DAGs
[2024-11-29T08:07:06.958+0000] {logging_mixin.py:190} INFO - [2024-11-29T08:07:06.958+0000] {dag.py:4180} INFO - Setting next_dagrun for example_setup_teardown to None, run_after=None
[2024-11-29T08:07:06.970+0000] {processor.py:208} INFO - Processing /home/airflow/.local/lib/python3.12/site-packages/airflow/example_dags/example_setup_teardown.py took 0.034 seconds
[2024-11-29T08:07:38.053+0000] {processor.py:186} INFO - Started process (PID=1276) to work on /home/airflow/.local/lib/python3.12/site-packages/airflow/example_dags/example_setup_teardown.py
[2024-11-29T08:07:38.053+0000] {processor.py:914} INFO - Processing file /home/airflow/.local/lib/python3.12/site-packages/airflow/example_dags/example_setup_teardown.py for tasks to queue
[2024-11-29T08:07:38.054+0000] {logging_mixin.py:190} INFO - [2024-11-29T08:07:38.054+0000] {dagbag.py:588} INFO - Filling up the DagBag from /home/airflow/.local/lib/python3.12/site-packages/airflow/example_dags/example_setup_teardown.py
[2024-11-29T08:07:38.058+0000] {processor.py:925} INFO - DAG(s) 'example_setup_teardown' retrieved from /home/airflow/.local/lib/python3.12/site-packages/airflow/example_dags/example_setup_teardown.py
[2024-11-29T08:07:38.065+0000] {logging_mixin.py:190} INFO - [2024-11-29T08:07:38.065+0000] {dag.py:3239} INFO - Sync 1 DAGs
[2024-11-29T08:07:38.071+0000] {logging_mixin.py:190} INFO - [2024-11-29T08:07:38.071+0000] {dag.py:4180} INFO - Setting next_dagrun for example_setup_teardown to None, run_after=None
[2024-11-29T08:07:38.077+0000] {processor.py:208} INFO - Processing /home/airflow/.local/lib/python3.12/site-packages/airflow/example_dags/example_setup_teardown.py took 0.027 seconds
[2024-11-29T08:15:51.673+0000] {processor.py:186} INFO - Started process (PID=1336) to work on /home/airflow/.local/lib/python3.12/site-packages/airflow/example_dags/example_setup_teardown.py
[2024-11-29T08:15:51.676+0000] {processor.py:914} INFO - Processing file /home/airflow/.local/lib/python3.12/site-packages/airflow/example_dags/example_setup_teardown.py for tasks to queue
[2024-11-29T08:15:51.677+0000] {logging_mixin.py:190} INFO - [2024-11-29T08:15:51.677+0000] {dagbag.py:588} INFO - Filling up the DagBag from /home/airflow/.local/lib/python3.12/site-packages/airflow/example_dags/example_setup_teardown.py
[2024-11-29T08:15:51.681+0000] {processor.py:925} INFO - DAG(s) 'example_setup_teardown' retrieved from /home/airflow/.local/lib/python3.12/site-packages/airflow/example_dags/example_setup_teardown.py
[2024-11-29T08:15:51.690+0000] {logging_mixin.py:190} INFO - [2024-11-29T08:15:51.690+0000] {dag.py:3239} INFO - Sync 1 DAGs
[2024-11-29T08:15:51.697+0000] {logging_mixin.py:190} INFO - [2024-11-29T08:15:51.697+0000] {dag.py:4180} INFO - Setting next_dagrun for example_setup_teardown to None, run_after=None
[2024-11-29T08:15:51.704+0000] {processor.py:208} INFO - Processing /home/airflow/.local/lib/python3.12/site-packages/airflow/example_dags/example_setup_teardown.py took 0.033 seconds
[2024-11-29T08:18:42.270+0000] {processor.py:186} INFO - Started process (PID=1384) to work on /home/airflow/.local/lib/python3.12/site-packages/airflow/example_dags/example_setup_teardown.py
[2024-11-29T08:18:42.271+0000] {processor.py:914} INFO - Processing file /home/airflow/.local/lib/python3.12/site-packages/airflow/example_dags/example_setup_teardown.py for tasks to queue
[2024-11-29T08:18:42.272+0000] {logging_mixin.py:190} INFO - [2024-11-29T08:18:42.272+0000] {dagbag.py:588} INFO - Filling up the DagBag from /home/airflow/.local/lib/python3.12/site-packages/airflow/example_dags/example_setup_teardown.py
[2024-11-29T08:18:42.275+0000] {processor.py:925} INFO - DAG(s) 'example_setup_teardown' retrieved from /home/airflow/.local/lib/python3.12/site-packages/airflow/example_dags/example_setup_teardown.py
[2024-11-29T08:18:42.283+0000] {logging_mixin.py:190} INFO - [2024-11-29T08:18:42.283+0000] {dag.py:3239} INFO - Sync 1 DAGs
[2024-11-29T08:18:42.290+0000] {logging_mixin.py:190} INFO - [2024-11-29T08:18:42.289+0000] {dag.py:4180} INFO - Setting next_dagrun for example_setup_teardown to None, run_after=None
[2024-11-29T08:18:42.296+0000] {processor.py:208} INFO - Processing /home/airflow/.local/lib/python3.12/site-packages/airflow/example_dags/example_setup_teardown.py took 0.028 seconds
[2024-11-29T08:19:13.487+0000] {processor.py:186} INFO - Started process (PID=1448) to work on /home/airflow/.local/lib/python3.12/site-packages/airflow/example_dags/example_setup_teardown.py
[2024-11-29T08:19:13.487+0000] {processor.py:914} INFO - Processing file /home/airflow/.local/lib/python3.12/site-packages/airflow/example_dags/example_setup_teardown.py for tasks to queue
[2024-11-29T08:19:13.488+0000] {logging_mixin.py:190} INFO - [2024-11-29T08:19:13.488+0000] {dagbag.py:588} INFO - Filling up the DagBag from /home/airflow/.local/lib/python3.12/site-packages/airflow/example_dags/example_setup_teardown.py
[2024-11-29T08:19:13.491+0000] {processor.py:925} INFO - DAG(s) 'example_setup_teardown' retrieved from /home/airflow/.local/lib/python3.12/site-packages/airflow/example_dags/example_setup_teardown.py
[2024-11-29T08:19:13.498+0000] {logging_mixin.py:190} INFO - [2024-11-29T08:19:13.498+0000] {dag.py:3239} INFO - Sync 1 DAGs
[2024-11-29T08:19:13.502+0000] {logging_mixin.py:190} INFO - [2024-11-29T08:19:13.502+0000] {dag.py:4180} INFO - Setting next_dagrun for example_setup_teardown to None, run_after=None
[2024-11-29T08:19:13.507+0000] {processor.py:208} INFO - Processing /home/airflow/.local/lib/python3.12/site-packages/airflow/example_dags/example_setup_teardown.py took 0.023 seconds
