[2024-11-29T07:57:57.632+0000] {processor.py:186} INFO - Started process (PID=61) to work on /home/airflow/.local/lib/python3.12/site-packages/airflow/example_dags/example_branch_day_of_week_operator.py
[2024-11-29T07:57:57.633+0000] {processor.py:914} INFO - Processing file /home/airflow/.local/lib/python3.12/site-packages/airflow/example_dags/example_branch_day_of_week_operator.py for tasks to queue
[2024-11-29T07:57:57.633+0000] {logging_mixin.py:190} INFO - [2024-11-29T07:57:57.633+0000] {dagbag.py:588} INFO - Filling up the DagBag from /home/airflow/.local/lib/python3.12/site-packages/airflow/example_dags/example_branch_day_of_week_operator.py
[2024-11-29T07:57:57.638+0000] {processor.py:925} INFO - DAG(s) 'example_weekday_branch_operator' retrieved from /home/airflow/.local/lib/python3.12/site-packages/airflow/example_dags/example_branch_day_of_week_operator.py
[2024-11-29T07:57:57.647+0000] {logging_mixin.py:190} INFO - [2024-11-29T07:57:57.647+0000] {dag.py:3239} INFO - Sync 1 DAGs
[2024-11-29T07:57:57.655+0000] {logging_mixin.py:190} INFO - [2024-11-29T07:57:57.655+0000] {dag.py:4180} INFO - Setting next_dagrun for example_weekday_branch_operator to 2024-11-28 00:00:00+00:00, run_after=2024-11-29 00:00:00+00:00
[2024-11-29T07:57:57.661+0000] {processor.py:208} INFO - Processing /home/airflow/.local/lib/python3.12/site-packages/airflow/example_dags/example_branch_day_of_week_operator.py took 0.031 seconds
[2024-11-29T07:58:27.990+0000] {processor.py:186} INFO - Started process (PID=125) to work on /home/airflow/.local/lib/python3.12/site-packages/airflow/example_dags/example_branch_day_of_week_operator.py
[2024-11-29T07:58:27.990+0000] {processor.py:914} INFO - Processing file /home/airflow/.local/lib/python3.12/site-packages/airflow/example_dags/example_branch_day_of_week_operator.py for tasks to queue
[2024-11-29T07:58:27.991+0000] {logging_mixin.py:190} INFO - [2024-11-29T07:58:27.991+0000] {dagbag.py:588} INFO - Filling up the DagBag from /home/airflow/.local/lib/python3.12/site-packages/airflow/example_dags/example_branch_day_of_week_operator.py
[2024-11-29T07:58:27.995+0000] {processor.py:925} INFO - DAG(s) 'example_weekday_branch_operator' retrieved from /home/airflow/.local/lib/python3.12/site-packages/airflow/example_dags/example_branch_day_of_week_operator.py
[2024-11-29T07:58:28.002+0000] {logging_mixin.py:190} INFO - [2024-11-29T07:58:28.002+0000] {dag.py:3239} INFO - Sync 1 DAGs
[2024-11-29T07:58:28.010+0000] {logging_mixin.py:190} INFO - [2024-11-29T07:58:28.010+0000] {dag.py:4180} INFO - Setting next_dagrun for example_weekday_branch_operator to 2024-11-28 00:00:00+00:00, run_after=2024-11-29 00:00:00+00:00
[2024-11-29T07:58:28.016+0000] {processor.py:208} INFO - Processing /home/airflow/.local/lib/python3.12/site-packages/airflow/example_dags/example_branch_day_of_week_operator.py took 0.028 seconds
[2024-11-29T07:58:58.292+0000] {processor.py:186} INFO - Started process (PID=189) to work on /home/airflow/.local/lib/python3.12/site-packages/airflow/example_dags/example_branch_day_of_week_operator.py
[2024-11-29T07:58:58.293+0000] {processor.py:914} INFO - Processing file /home/airflow/.local/lib/python3.12/site-packages/airflow/example_dags/example_branch_day_of_week_operator.py for tasks to queue
[2024-11-29T07:58:58.293+0000] {logging_mixin.py:190} INFO - [2024-11-29T07:58:58.293+0000] {dagbag.py:588} INFO - Filling up the DagBag from /home/airflow/.local/lib/python3.12/site-packages/airflow/example_dags/example_branch_day_of_week_operator.py
[2024-11-29T07:58:58.297+0000] {processor.py:925} INFO - DAG(s) 'example_weekday_branch_operator' retrieved from /home/airflow/.local/lib/python3.12/site-packages/airflow/example_dags/example_branch_day_of_week_operator.py
[2024-11-29T07:58:58.305+0000] {logging_mixin.py:190} INFO - [2024-11-29T07:58:58.305+0000] {dag.py:3239} INFO - Sync 1 DAGs
[2024-11-29T07:58:58.312+0000] {logging_mixin.py:190} INFO - [2024-11-29T07:58:58.312+0000] {dag.py:4180} INFO - Setting next_dagrun for example_weekday_branch_operator to 2024-11-28 00:00:00+00:00, run_after=2024-11-29 00:00:00+00:00
[2024-11-29T07:58:58.318+0000] {processor.py:208} INFO - Processing /home/airflow/.local/lib/python3.12/site-packages/airflow/example_dags/example_branch_day_of_week_operator.py took 0.028 seconds
[2024-11-29T07:59:28.628+0000] {processor.py:186} INFO - Started process (PID=253) to work on /home/airflow/.local/lib/python3.12/site-packages/airflow/example_dags/example_branch_day_of_week_operator.py
[2024-11-29T07:59:28.628+0000] {processor.py:914} INFO - Processing file /home/airflow/.local/lib/python3.12/site-packages/airflow/example_dags/example_branch_day_of_week_operator.py for tasks to queue
[2024-11-29T07:59:28.629+0000] {logging_mixin.py:190} INFO - [2024-11-29T07:59:28.629+0000] {dagbag.py:588} INFO - Filling up the DagBag from /home/airflow/.local/lib/python3.12/site-packages/airflow/example_dags/example_branch_day_of_week_operator.py
[2024-11-29T07:59:28.632+0000] {processor.py:925} INFO - DAG(s) 'example_weekday_branch_operator' retrieved from /home/airflow/.local/lib/python3.12/site-packages/airflow/example_dags/example_branch_day_of_week_operator.py
[2024-11-29T07:59:28.640+0000] {logging_mixin.py:190} INFO - [2024-11-29T07:59:28.639+0000] {dag.py:3239} INFO - Sync 1 DAGs
[2024-11-29T07:59:28.648+0000] {logging_mixin.py:190} INFO - [2024-11-29T07:59:28.647+0000] {dag.py:4180} INFO - Setting next_dagrun for example_weekday_branch_operator to 2024-11-28 00:00:00+00:00, run_after=2024-11-29 00:00:00+00:00
[2024-11-29T07:59:28.653+0000] {processor.py:208} INFO - Processing /home/airflow/.local/lib/python3.12/site-packages/airflow/example_dags/example_branch_day_of_week_operator.py took 0.028 seconds
[2024-11-29T07:59:59.776+0000] {processor.py:186} INFO - Started process (PID=317) to work on /home/airflow/.local/lib/python3.12/site-packages/airflow/example_dags/example_branch_day_of_week_operator.py
[2024-11-29T07:59:59.778+0000] {processor.py:914} INFO - Processing file /home/airflow/.local/lib/python3.12/site-packages/airflow/example_dags/example_branch_day_of_week_operator.py for tasks to queue
[2024-11-29T07:59:59.779+0000] {logging_mixin.py:190} INFO - [2024-11-29T07:59:59.779+0000] {dagbag.py:588} INFO - Filling up the DagBag from /home/airflow/.local/lib/python3.12/site-packages/airflow/example_dags/example_branch_day_of_week_operator.py
[2024-11-29T07:59:59.784+0000] {processor.py:925} INFO - DAG(s) 'example_weekday_branch_operator' retrieved from /home/airflow/.local/lib/python3.12/site-packages/airflow/example_dags/example_branch_day_of_week_operator.py
[2024-11-29T07:59:59.792+0000] {logging_mixin.py:190} INFO - [2024-11-29T07:59:59.792+0000] {dag.py:3239} INFO - Sync 1 DAGs
[2024-11-29T07:59:59.802+0000] {logging_mixin.py:190} INFO - [2024-11-29T07:59:59.802+0000] {dag.py:4180} INFO - Setting next_dagrun for example_weekday_branch_operator to 2024-11-28 00:00:00+00:00, run_after=2024-11-29 00:00:00+00:00
[2024-11-29T07:59:59.809+0000] {processor.py:208} INFO - Processing /home/airflow/.local/lib/python3.12/site-packages/airflow/example_dags/example_branch_day_of_week_operator.py took 0.035 seconds
[2024-11-29T08:00:30.807+0000] {processor.py:186} INFO - Started process (PID=381) to work on /home/airflow/.local/lib/python3.12/site-packages/airflow/example_dags/example_branch_day_of_week_operator.py
[2024-11-29T08:00:30.808+0000] {processor.py:914} INFO - Processing file /home/airflow/.local/lib/python3.12/site-packages/airflow/example_dags/example_branch_day_of_week_operator.py for tasks to queue
[2024-11-29T08:00:30.809+0000] {logging_mixin.py:190} INFO - [2024-11-29T08:00:30.809+0000] {dagbag.py:588} INFO - Filling up the DagBag from /home/airflow/.local/lib/python3.12/site-packages/airflow/example_dags/example_branch_day_of_week_operator.py
[2024-11-29T08:00:30.813+0000] {processor.py:925} INFO - DAG(s) 'example_weekday_branch_operator' retrieved from /home/airflow/.local/lib/python3.12/site-packages/airflow/example_dags/example_branch_day_of_week_operator.py
[2024-11-29T08:00:30.820+0000] {logging_mixin.py:190} INFO - [2024-11-29T08:00:30.820+0000] {dag.py:3239} INFO - Sync 1 DAGs
[2024-11-29T08:00:30.828+0000] {logging_mixin.py:190} INFO - [2024-11-29T08:00:30.828+0000] {dag.py:4180} INFO - Setting next_dagrun for example_weekday_branch_operator to 2024-11-28 00:00:00+00:00, run_after=2024-11-29 00:00:00+00:00
[2024-11-29T08:00:30.835+0000] {processor.py:208} INFO - Processing /home/airflow/.local/lib/python3.12/site-packages/airflow/example_dags/example_branch_day_of_week_operator.py took 0.031 seconds
[2024-11-29T08:01:01.974+0000] {processor.py:186} INFO - Started process (PID=445) to work on /home/airflow/.local/lib/python3.12/site-packages/airflow/example_dags/example_branch_day_of_week_operator.py
[2024-11-29T08:01:01.975+0000] {processor.py:914} INFO - Processing file /home/airflow/.local/lib/python3.12/site-packages/airflow/example_dags/example_branch_day_of_week_operator.py for tasks to queue
[2024-11-29T08:01:01.976+0000] {logging_mixin.py:190} INFO - [2024-11-29T08:01:01.976+0000] {dagbag.py:588} INFO - Filling up the DagBag from /home/airflow/.local/lib/python3.12/site-packages/airflow/example_dags/example_branch_day_of_week_operator.py
[2024-11-29T08:01:01.982+0000] {processor.py:925} INFO - DAG(s) 'example_weekday_branch_operator' retrieved from /home/airflow/.local/lib/python3.12/site-packages/airflow/example_dags/example_branch_day_of_week_operator.py
[2024-11-29T08:01:01.990+0000] {logging_mixin.py:190} INFO - [2024-11-29T08:01:01.990+0000] {dag.py:3239} INFO - Sync 1 DAGs
[2024-11-29T08:01:01.998+0000] {logging_mixin.py:190} INFO - [2024-11-29T08:01:01.998+0000] {dag.py:4180} INFO - Setting next_dagrun for example_weekday_branch_operator to 2024-11-28 00:00:00+00:00, run_after=2024-11-29 00:00:00+00:00
[2024-11-29T08:01:02.006+0000] {processor.py:208} INFO - Processing /home/airflow/.local/lib/python3.12/site-packages/airflow/example_dags/example_branch_day_of_week_operator.py took 0.034 seconds
[2024-11-29T08:01:33.158+0000] {processor.py:186} INFO - Started process (PID=509) to work on /home/airflow/.local/lib/python3.12/site-packages/airflow/example_dags/example_branch_day_of_week_operator.py
[2024-11-29T08:01:33.161+0000] {processor.py:914} INFO - Processing file /home/airflow/.local/lib/python3.12/site-packages/airflow/example_dags/example_branch_day_of_week_operator.py for tasks to queue
[2024-11-29T08:01:33.162+0000] {logging_mixin.py:190} INFO - [2024-11-29T08:01:33.162+0000] {dagbag.py:588} INFO - Filling up the DagBag from /home/airflow/.local/lib/python3.12/site-packages/airflow/example_dags/example_branch_day_of_week_operator.py
[2024-11-29T08:01:33.167+0000] {processor.py:925} INFO - DAG(s) 'example_weekday_branch_operator' retrieved from /home/airflow/.local/lib/python3.12/site-packages/airflow/example_dags/example_branch_day_of_week_operator.py
[2024-11-29T08:01:33.176+0000] {logging_mixin.py:190} INFO - [2024-11-29T08:01:33.176+0000] {dag.py:3239} INFO - Sync 1 DAGs
[2024-11-29T08:01:33.188+0000] {logging_mixin.py:190} INFO - [2024-11-29T08:01:33.187+0000] {dag.py:4180} INFO - Setting next_dagrun for example_weekday_branch_operator to 2024-11-28 00:00:00+00:00, run_after=2024-11-29 00:00:00+00:00
[2024-11-29T08:01:33.195+0000] {processor.py:208} INFO - Processing /home/airflow/.local/lib/python3.12/site-packages/airflow/example_dags/example_branch_day_of_week_operator.py took 0.040 seconds
[2024-11-29T08:02:04.384+0000] {processor.py:186} INFO - Started process (PID=573) to work on /home/airflow/.local/lib/python3.12/site-packages/airflow/example_dags/example_branch_day_of_week_operator.py
[2024-11-29T08:02:04.385+0000] {processor.py:914} INFO - Processing file /home/airflow/.local/lib/python3.12/site-packages/airflow/example_dags/example_branch_day_of_week_operator.py for tasks to queue
[2024-11-29T08:02:04.386+0000] {logging_mixin.py:190} INFO - [2024-11-29T08:02:04.385+0000] {dagbag.py:588} INFO - Filling up the DagBag from /home/airflow/.local/lib/python3.12/site-packages/airflow/example_dags/example_branch_day_of_week_operator.py
[2024-11-29T08:02:04.390+0000] {processor.py:925} INFO - DAG(s) 'example_weekday_branch_operator' retrieved from /home/airflow/.local/lib/python3.12/site-packages/airflow/example_dags/example_branch_day_of_week_operator.py
[2024-11-29T08:02:04.399+0000] {logging_mixin.py:190} INFO - [2024-11-29T08:02:04.398+0000] {dag.py:3239} INFO - Sync 1 DAGs
[2024-11-29T08:02:04.407+0000] {logging_mixin.py:190} INFO - [2024-11-29T08:02:04.407+0000] {dag.py:4180} INFO - Setting next_dagrun for example_weekday_branch_operator to 2024-11-28 00:00:00+00:00, run_after=2024-11-29 00:00:00+00:00
[2024-11-29T08:02:04.415+0000] {processor.py:208} INFO - Processing /home/airflow/.local/lib/python3.12/site-packages/airflow/example_dags/example_branch_day_of_week_operator.py took 0.034 seconds
[2024-11-29T08:02:34.671+0000] {processor.py:186} INFO - Started process (PID=637) to work on /home/airflow/.local/lib/python3.12/site-packages/airflow/example_dags/example_branch_day_of_week_operator.py
[2024-11-29T08:02:34.672+0000] {processor.py:914} INFO - Processing file /home/airflow/.local/lib/python3.12/site-packages/airflow/example_dags/example_branch_day_of_week_operator.py for tasks to queue
[2024-11-29T08:02:34.674+0000] {logging_mixin.py:190} INFO - [2024-11-29T08:02:34.674+0000] {dagbag.py:588} INFO - Filling up the DagBag from /home/airflow/.local/lib/python3.12/site-packages/airflow/example_dags/example_branch_day_of_week_operator.py
[2024-11-29T08:02:34.678+0000] {processor.py:925} INFO - DAG(s) 'example_weekday_branch_operator' retrieved from /home/airflow/.local/lib/python3.12/site-packages/airflow/example_dags/example_branch_day_of_week_operator.py
[2024-11-29T08:02:34.686+0000] {logging_mixin.py:190} INFO - [2024-11-29T08:02:34.686+0000] {dag.py:3239} INFO - Sync 1 DAGs
[2024-11-29T08:02:34.695+0000] {logging_mixin.py:190} INFO - [2024-11-29T08:02:34.695+0000] {dag.py:4180} INFO - Setting next_dagrun for example_weekday_branch_operator to 2024-11-28 00:00:00+00:00, run_after=2024-11-29 00:00:00+00:00
[2024-11-29T08:02:34.702+0000] {processor.py:208} INFO - Processing /home/airflow/.local/lib/python3.12/site-packages/airflow/example_dags/example_branch_day_of_week_operator.py took 0.033 seconds
[2024-11-29T08:03:05.032+0000] {processor.py:186} INFO - Started process (PID=700) to work on /home/airflow/.local/lib/python3.12/site-packages/airflow/example_dags/example_branch_day_of_week_operator.py
[2024-11-29T08:03:05.032+0000] {processor.py:914} INFO - Processing file /home/airflow/.local/lib/python3.12/site-packages/airflow/example_dags/example_branch_day_of_week_operator.py for tasks to queue
[2024-11-29T08:03:05.033+0000] {logging_mixin.py:190} INFO - [2024-11-29T08:03:05.033+0000] {dagbag.py:588} INFO - Filling up the DagBag from /home/airflow/.local/lib/python3.12/site-packages/airflow/example_dags/example_branch_day_of_week_operator.py
[2024-11-29T08:03:05.037+0000] {processor.py:925} INFO - DAG(s) 'example_weekday_branch_operator' retrieved from /home/airflow/.local/lib/python3.12/site-packages/airflow/example_dags/example_branch_day_of_week_operator.py
[2024-11-29T08:03:05.046+0000] {logging_mixin.py:190} INFO - [2024-11-29T08:03:05.046+0000] {dag.py:3239} INFO - Sync 1 DAGs
[2024-11-29T08:03:05.055+0000] {logging_mixin.py:190} INFO - [2024-11-29T08:03:05.055+0000] {dag.py:4180} INFO - Setting next_dagrun for example_weekday_branch_operator to 2024-11-28 00:00:00+00:00, run_after=2024-11-29 00:00:00+00:00
[2024-11-29T08:03:05.060+0000] {processor.py:208} INFO - Processing /home/airflow/.local/lib/python3.12/site-packages/airflow/example_dags/example_branch_day_of_week_operator.py took 0.031 seconds
[2024-11-29T08:03:35.297+0000] {processor.py:186} INFO - Started process (PID=764) to work on /home/airflow/.local/lib/python3.12/site-packages/airflow/example_dags/example_branch_day_of_week_operator.py
[2024-11-29T08:03:35.298+0000] {processor.py:914} INFO - Processing file /home/airflow/.local/lib/python3.12/site-packages/airflow/example_dags/example_branch_day_of_week_operator.py for tasks to queue
[2024-11-29T08:03:35.299+0000] {logging_mixin.py:190} INFO - [2024-11-29T08:03:35.299+0000] {dagbag.py:588} INFO - Filling up the DagBag from /home/airflow/.local/lib/python3.12/site-packages/airflow/example_dags/example_branch_day_of_week_operator.py
[2024-11-29T08:03:35.306+0000] {processor.py:925} INFO - DAG(s) 'example_weekday_branch_operator' retrieved from /home/airflow/.local/lib/python3.12/site-packages/airflow/example_dags/example_branch_day_of_week_operator.py
[2024-11-29T08:03:35.316+0000] {logging_mixin.py:190} INFO - [2024-11-29T08:03:35.316+0000] {dag.py:3239} INFO - Sync 1 DAGs
[2024-11-29T08:03:35.324+0000] {logging_mixin.py:190} INFO - [2024-11-29T08:03:35.324+0000] {dag.py:4180} INFO - Setting next_dagrun for example_weekday_branch_operator to 2024-11-28 00:00:00+00:00, run_after=2024-11-29 00:00:00+00:00
[2024-11-29T08:03:35.330+0000] {processor.py:208} INFO - Processing /home/airflow/.local/lib/python3.12/site-packages/airflow/example_dags/example_branch_day_of_week_operator.py took 0.035 seconds
[2024-11-29T08:04:05.593+0000] {processor.py:186} INFO - Started process (PID=828) to work on /home/airflow/.local/lib/python3.12/site-packages/airflow/example_dags/example_branch_day_of_week_operator.py
[2024-11-29T08:04:05.594+0000] {processor.py:914} INFO - Processing file /home/airflow/.local/lib/python3.12/site-packages/airflow/example_dags/example_branch_day_of_week_operator.py for tasks to queue
[2024-11-29T08:04:05.596+0000] {logging_mixin.py:190} INFO - [2024-11-29T08:04:05.595+0000] {dagbag.py:588} INFO - Filling up the DagBag from /home/airflow/.local/lib/python3.12/site-packages/airflow/example_dags/example_branch_day_of_week_operator.py
[2024-11-29T08:04:05.600+0000] {processor.py:925} INFO - DAG(s) 'example_weekday_branch_operator' retrieved from /home/airflow/.local/lib/python3.12/site-packages/airflow/example_dags/example_branch_day_of_week_operator.py
[2024-11-29T08:04:05.608+0000] {logging_mixin.py:190} INFO - [2024-11-29T08:04:05.608+0000] {dag.py:3239} INFO - Sync 1 DAGs
[2024-11-29T08:04:05.616+0000] {logging_mixin.py:190} INFO - [2024-11-29T08:04:05.616+0000] {dag.py:4180} INFO - Setting next_dagrun for example_weekday_branch_operator to 2024-11-28 00:00:00+00:00, run_after=2024-11-29 00:00:00+00:00
[2024-11-29T08:04:05.624+0000] {processor.py:208} INFO - Processing /home/airflow/.local/lib/python3.12/site-packages/airflow/example_dags/example_branch_day_of_week_operator.py took 0.033 seconds
[2024-11-29T08:04:35.832+0000] {processor.py:186} INFO - Started process (PID=892) to work on /home/airflow/.local/lib/python3.12/site-packages/airflow/example_dags/example_branch_day_of_week_operator.py
[2024-11-29T08:04:35.832+0000] {processor.py:914} INFO - Processing file /home/airflow/.local/lib/python3.12/site-packages/airflow/example_dags/example_branch_day_of_week_operator.py for tasks to queue
[2024-11-29T08:04:35.833+0000] {logging_mixin.py:190} INFO - [2024-11-29T08:04:35.833+0000] {dagbag.py:588} INFO - Filling up the DagBag from /home/airflow/.local/lib/python3.12/site-packages/airflow/example_dags/example_branch_day_of_week_operator.py
[2024-11-29T08:04:35.837+0000] {processor.py:925} INFO - DAG(s) 'example_weekday_branch_operator' retrieved from /home/airflow/.local/lib/python3.12/site-packages/airflow/example_dags/example_branch_day_of_week_operator.py
[2024-11-29T08:04:35.846+0000] {logging_mixin.py:190} INFO - [2024-11-29T08:04:35.845+0000] {dag.py:3239} INFO - Sync 1 DAGs
[2024-11-29T08:04:35.855+0000] {logging_mixin.py:190} INFO - [2024-11-29T08:04:35.854+0000] {dag.py:4180} INFO - Setting next_dagrun for example_weekday_branch_operator to 2024-11-28 00:00:00+00:00, run_after=2024-11-29 00:00:00+00:00
[2024-11-29T08:04:35.861+0000] {processor.py:208} INFO - Processing /home/airflow/.local/lib/python3.12/site-packages/airflow/example_dags/example_branch_day_of_week_operator.py took 0.031 seconds
[2024-11-29T08:05:06.159+0000] {processor.py:186} INFO - Started process (PID=956) to work on /home/airflow/.local/lib/python3.12/site-packages/airflow/example_dags/example_branch_day_of_week_operator.py
[2024-11-29T08:05:06.159+0000] {processor.py:914} INFO - Processing file /home/airflow/.local/lib/python3.12/site-packages/airflow/example_dags/example_branch_day_of_week_operator.py for tasks to queue
[2024-11-29T08:05:06.160+0000] {logging_mixin.py:190} INFO - [2024-11-29T08:05:06.160+0000] {dagbag.py:588} INFO - Filling up the DagBag from /home/airflow/.local/lib/python3.12/site-packages/airflow/example_dags/example_branch_day_of_week_operator.py
[2024-11-29T08:05:06.164+0000] {processor.py:925} INFO - DAG(s) 'example_weekday_branch_operator' retrieved from /home/airflow/.local/lib/python3.12/site-packages/airflow/example_dags/example_branch_day_of_week_operator.py
[2024-11-29T08:05:06.171+0000] {logging_mixin.py:190} INFO - [2024-11-29T08:05:06.171+0000] {dag.py:3239} INFO - Sync 1 DAGs
[2024-11-29T08:05:06.179+0000] {logging_mixin.py:190} INFO - [2024-11-29T08:05:06.179+0000] {dag.py:4180} INFO - Setting next_dagrun for example_weekday_branch_operator to 2024-11-28 00:00:00+00:00, run_after=2024-11-29 00:00:00+00:00
[2024-11-29T08:05:06.185+0000] {processor.py:208} INFO - Processing /home/airflow/.local/lib/python3.12/site-packages/airflow/example_dags/example_branch_day_of_week_operator.py took 0.029 seconds
[2024-11-29T08:05:36.293+0000] {processor.py:186} INFO - Started process (PID=1019) to work on /home/airflow/.local/lib/python3.12/site-packages/airflow/example_dags/example_branch_day_of_week_operator.py
[2024-11-29T08:05:36.294+0000] {processor.py:914} INFO - Processing file /home/airflow/.local/lib/python3.12/site-packages/airflow/example_dags/example_branch_day_of_week_operator.py for tasks to queue
[2024-11-29T08:05:36.294+0000] {logging_mixin.py:190} INFO - [2024-11-29T08:05:36.294+0000] {dagbag.py:588} INFO - Filling up the DagBag from /home/airflow/.local/lib/python3.12/site-packages/airflow/example_dags/example_branch_day_of_week_operator.py
[2024-11-29T08:05:36.299+0000] {processor.py:925} INFO - DAG(s) 'example_weekday_branch_operator' retrieved from /home/airflow/.local/lib/python3.12/site-packages/airflow/example_dags/example_branch_day_of_week_operator.py
[2024-11-29T08:05:36.306+0000] {logging_mixin.py:190} INFO - [2024-11-29T08:05:36.306+0000] {dag.py:3239} INFO - Sync 1 DAGs
[2024-11-29T08:05:36.315+0000] {logging_mixin.py:190} INFO - [2024-11-29T08:05:36.315+0000] {dag.py:4180} INFO - Setting next_dagrun for example_weekday_branch_operator to 2024-11-28 00:00:00+00:00, run_after=2024-11-29 00:00:00+00:00
[2024-11-29T08:05:36.321+0000] {processor.py:208} INFO - Processing /home/airflow/.local/lib/python3.12/site-packages/airflow/example_dags/example_branch_day_of_week_operator.py took 0.030 seconds
[2024-11-29T08:06:06.349+0000] {processor.py:186} INFO - Started process (PID=1082) to work on /home/airflow/.local/lib/python3.12/site-packages/airflow/example_dags/example_branch_day_of_week_operator.py
[2024-11-29T08:06:06.350+0000] {processor.py:914} INFO - Processing file /home/airflow/.local/lib/python3.12/site-packages/airflow/example_dags/example_branch_day_of_week_operator.py for tasks to queue
[2024-11-29T08:06:06.351+0000] {logging_mixin.py:190} INFO - [2024-11-29T08:06:06.351+0000] {dagbag.py:588} INFO - Filling up the DagBag from /home/airflow/.local/lib/python3.12/site-packages/airflow/example_dags/example_branch_day_of_week_operator.py
[2024-11-29T08:06:06.355+0000] {processor.py:925} INFO - DAG(s) 'example_weekday_branch_operator' retrieved from /home/airflow/.local/lib/python3.12/site-packages/airflow/example_dags/example_branch_day_of_week_operator.py
[2024-11-29T08:06:06.362+0000] {logging_mixin.py:190} INFO - [2024-11-29T08:06:06.361+0000] {dag.py:3239} INFO - Sync 1 DAGs
[2024-11-29T08:06:06.369+0000] {logging_mixin.py:190} INFO - [2024-11-29T08:06:06.369+0000] {dag.py:4180} INFO - Setting next_dagrun for example_weekday_branch_operator to 2024-11-28 00:00:00+00:00, run_after=2024-11-29 00:00:00+00:00
[2024-11-29T08:06:06.374+0000] {processor.py:208} INFO - Processing /home/airflow/.local/lib/python3.12/site-packages/airflow/example_dags/example_branch_day_of_week_operator.py took 0.028 seconds
[2024-11-29T08:06:36.450+0000] {processor.py:186} INFO - Started process (PID=1146) to work on /home/airflow/.local/lib/python3.12/site-packages/airflow/example_dags/example_branch_day_of_week_operator.py
[2024-11-29T08:06:36.450+0000] {processor.py:914} INFO - Processing file /home/airflow/.local/lib/python3.12/site-packages/airflow/example_dags/example_branch_day_of_week_operator.py for tasks to queue
[2024-11-29T08:06:36.451+0000] {logging_mixin.py:190} INFO - [2024-11-29T08:06:36.451+0000] {dagbag.py:588} INFO - Filling up the DagBag from /home/airflow/.local/lib/python3.12/site-packages/airflow/example_dags/example_branch_day_of_week_operator.py
[2024-11-29T08:06:36.455+0000] {processor.py:925} INFO - DAG(s) 'example_weekday_branch_operator' retrieved from /home/airflow/.local/lib/python3.12/site-packages/airflow/example_dags/example_branch_day_of_week_operator.py
[2024-11-29T08:06:36.464+0000] {logging_mixin.py:190} INFO - [2024-11-29T08:06:36.464+0000] {dag.py:3239} INFO - Sync 1 DAGs
[2024-11-29T08:06:36.472+0000] {logging_mixin.py:190} INFO - [2024-11-29T08:06:36.472+0000] {dag.py:4180} INFO - Setting next_dagrun for example_weekday_branch_operator to 2024-11-28 00:00:00+00:00, run_after=2024-11-29 00:00:00+00:00
[2024-11-29T08:06:36.480+0000] {processor.py:208} INFO - Processing /home/airflow/.local/lib/python3.12/site-packages/airflow/example_dags/example_branch_day_of_week_operator.py took 0.033 seconds
[2024-11-29T08:07:06.899+0000] {processor.py:186} INFO - Started process (PID=1210) to work on /home/airflow/.local/lib/python3.12/site-packages/airflow/example_dags/example_branch_day_of_week_operator.py
[2024-11-29T08:07:06.899+0000] {processor.py:914} INFO - Processing file /home/airflow/.local/lib/python3.12/site-packages/airflow/example_dags/example_branch_day_of_week_operator.py for tasks to queue
[2024-11-29T08:07:06.900+0000] {logging_mixin.py:190} INFO - [2024-11-29T08:07:06.900+0000] {dagbag.py:588} INFO - Filling up the DagBag from /home/airflow/.local/lib/python3.12/site-packages/airflow/example_dags/example_branch_day_of_week_operator.py
[2024-11-29T08:07:06.906+0000] {processor.py:925} INFO - DAG(s) 'example_weekday_branch_operator' retrieved from /home/airflow/.local/lib/python3.12/site-packages/airflow/example_dags/example_branch_day_of_week_operator.py
[2024-11-29T08:07:06.915+0000] {logging_mixin.py:190} INFO - [2024-11-29T08:07:06.915+0000] {dag.py:3239} INFO - Sync 1 DAGs
[2024-11-29T08:07:06.923+0000] {logging_mixin.py:190} INFO - [2024-11-29T08:07:06.923+0000] {dag.py:4180} INFO - Setting next_dagrun for example_weekday_branch_operator to 2024-11-28 00:00:00+00:00, run_after=2024-11-29 00:00:00+00:00
[2024-11-29T08:07:06.933+0000] {processor.py:208} INFO - Processing /home/airflow/.local/lib/python3.12/site-packages/airflow/example_dags/example_branch_day_of_week_operator.py took 0.036 seconds
[2024-11-29T08:07:38.018+0000] {processor.py:186} INFO - Started process (PID=1275) to work on /home/airflow/.local/lib/python3.12/site-packages/airflow/example_dags/example_branch_day_of_week_operator.py
[2024-11-29T08:07:38.019+0000] {processor.py:914} INFO - Processing file /home/airflow/.local/lib/python3.12/site-packages/airflow/example_dags/example_branch_day_of_week_operator.py for tasks to queue
[2024-11-29T08:07:38.020+0000] {logging_mixin.py:190} INFO - [2024-11-29T08:07:38.020+0000] {dagbag.py:588} INFO - Filling up the DagBag from /home/airflow/.local/lib/python3.12/site-packages/airflow/example_dags/example_branch_day_of_week_operator.py
[2024-11-29T08:07:38.027+0000] {processor.py:925} INFO - DAG(s) 'example_weekday_branch_operator' retrieved from /home/airflow/.local/lib/python3.12/site-packages/airflow/example_dags/example_branch_day_of_week_operator.py
[2024-11-29T08:07:38.034+0000] {logging_mixin.py:190} INFO - [2024-11-29T08:07:38.034+0000] {dag.py:3239} INFO - Sync 1 DAGs
[2024-11-29T08:07:38.044+0000] {logging_mixin.py:190} INFO - [2024-11-29T08:07:38.044+0000] {dag.py:4180} INFO - Setting next_dagrun for example_weekday_branch_operator to 2024-11-28 00:00:00+00:00, run_after=2024-11-29 00:00:00+00:00
[2024-11-29T08:07:38.050+0000] {processor.py:208} INFO - Processing /home/airflow/.local/lib/python3.12/site-packages/airflow/example_dags/example_branch_day_of_week_operator.py took 0.034 seconds
[2024-11-29T08:15:51.670+0000] {processor.py:186} INFO - Started process (PID=1335) to work on /home/airflow/.local/lib/python3.12/site-packages/airflow/example_dags/example_branch_day_of_week_operator.py
[2024-11-29T08:15:51.671+0000] {processor.py:914} INFO - Processing file /home/airflow/.local/lib/python3.12/site-packages/airflow/example_dags/example_branch_day_of_week_operator.py for tasks to queue
[2024-11-29T08:15:51.672+0000] {logging_mixin.py:190} INFO - [2024-11-29T08:15:51.672+0000] {dagbag.py:588} INFO - Filling up the DagBag from /home/airflow/.local/lib/python3.12/site-packages/airflow/example_dags/example_branch_day_of_week_operator.py
[2024-11-29T08:15:51.676+0000] {processor.py:925} INFO - DAG(s) 'example_weekday_branch_operator' retrieved from /home/airflow/.local/lib/python3.12/site-packages/airflow/example_dags/example_branch_day_of_week_operator.py
[2024-11-29T08:15:51.688+0000] {logging_mixin.py:190} INFO - [2024-11-29T08:15:51.688+0000] {dag.py:3239} INFO - Sync 1 DAGs
[2024-11-29T08:15:51.696+0000] {logging_mixin.py:190} INFO - [2024-11-29T08:15:51.696+0000] {dag.py:4180} INFO - Setting next_dagrun for example_weekday_branch_operator to 2024-11-28 00:00:00+00:00, run_after=2024-11-29 00:00:00+00:00
[2024-11-29T08:15:51.704+0000] {processor.py:208} INFO - Processing /home/airflow/.local/lib/python3.12/site-packages/airflow/example_dags/example_branch_day_of_week_operator.py took 0.036 seconds
[2024-11-29T08:18:42.249+0000] {processor.py:186} INFO - Started process (PID=1383) to work on /home/airflow/.local/lib/python3.12/site-packages/airflow/example_dags/example_branch_day_of_week_operator.py
[2024-11-29T08:18:42.249+0000] {processor.py:914} INFO - Processing file /home/airflow/.local/lib/python3.12/site-packages/airflow/example_dags/example_branch_day_of_week_operator.py for tasks to queue
[2024-11-29T08:18:42.251+0000] {logging_mixin.py:190} INFO - [2024-11-29T08:18:42.251+0000] {dagbag.py:588} INFO - Filling up the DagBag from /home/airflow/.local/lib/python3.12/site-packages/airflow/example_dags/example_branch_day_of_week_operator.py
[2024-11-29T08:18:42.257+0000] {processor.py:925} INFO - DAG(s) 'example_weekday_branch_operator' retrieved from /home/airflow/.local/lib/python3.12/site-packages/airflow/example_dags/example_branch_day_of_week_operator.py
[2024-11-29T08:18:42.268+0000] {logging_mixin.py:190} INFO - [2024-11-29T08:18:42.267+0000] {dag.py:3239} INFO - Sync 1 DAGs
[2024-11-29T08:18:42.276+0000] {logging_mixin.py:190} INFO - [2024-11-29T08:18:42.276+0000] {dag.py:4180} INFO - Setting next_dagrun for example_weekday_branch_operator to 2024-11-28 00:00:00+00:00, run_after=2024-11-29 00:00:00+00:00
[2024-11-29T08:18:42.282+0000] {processor.py:208} INFO - Processing /home/airflow/.local/lib/python3.12/site-packages/airflow/example_dags/example_branch_day_of_week_operator.py took 0.036 seconds
[2024-11-29T08:19:13.446+0000] {processor.py:186} INFO - Started process (PID=1447) to work on /home/airflow/.local/lib/python3.12/site-packages/airflow/example_dags/example_branch_day_of_week_operator.py
[2024-11-29T08:19:13.448+0000] {processor.py:914} INFO - Processing file /home/airflow/.local/lib/python3.12/site-packages/airflow/example_dags/example_branch_day_of_week_operator.py for tasks to queue
[2024-11-29T08:19:13.449+0000] {logging_mixin.py:190} INFO - [2024-11-29T08:19:13.449+0000] {dagbag.py:588} INFO - Filling up the DagBag from /home/airflow/.local/lib/python3.12/site-packages/airflow/example_dags/example_branch_day_of_week_operator.py
[2024-11-29T08:19:13.453+0000] {processor.py:925} INFO - DAG(s) 'example_weekday_branch_operator' retrieved from /home/airflow/.local/lib/python3.12/site-packages/airflow/example_dags/example_branch_day_of_week_operator.py
[2024-11-29T08:19:13.461+0000] {logging_mixin.py:190} INFO - [2024-11-29T08:19:13.461+0000] {dag.py:3239} INFO - Sync 1 DAGs
[2024-11-29T08:19:13.471+0000] {logging_mixin.py:190} INFO - [2024-11-29T08:19:13.471+0000] {dag.py:4180} INFO - Setting next_dagrun for example_weekday_branch_operator to 2024-11-28 00:00:00+00:00, run_after=2024-11-29 00:00:00+00:00
[2024-11-29T08:19:13.478+0000] {processor.py:208} INFO - Processing /home/airflow/.local/lib/python3.12/site-packages/airflow/example_dags/example_branch_day_of_week_operator.py took 0.034 seconds
