[2024-11-29T07:57:56.370+0000] {processor.py:186} INFO - Started process (PID=47) to work on /home/airflow/.local/lib/python3.12/site-packages/airflow/example_dags/example_sla_dag.py
[2024-11-29T07:57:56.371+0000] {processor.py:914} INFO - Processing file /home/airflow/.local/lib/python3.12/site-packages/airflow/example_dags/example_sla_dag.py for tasks to queue
[2024-11-29T07:57:56.375+0000] {logging_mixin.py:190} INFO - [2024-11-29T07:57:56.375+0000] {dagbag.py:588} INFO - Filling up the DagBag from /home/airflow/.local/lib/python3.12/site-packages/airflow/example_dags/example_sla_dag.py
[2024-11-29T07:57:56.382+0000] {processor.py:925} INFO - DAG(s) 'example_sla_dag' retrieved from /home/airflow/.local/lib/python3.12/site-packages/airflow/example_dags/example_sla_dag.py
[2024-11-29T07:57:56.393+0000] {logging_mixin.py:190} INFO - [2024-11-29T07:57:56.393+0000] {dag.py:3239} INFO - Sync 1 DAGs
[2024-11-29T07:57:56.402+0000] {logging_mixin.py:190} INFO - [2024-11-29T07:57:56.402+0000] {dag.py:4180} INFO - Setting next_dagrun for example_sla_dag to 2024-11-29 07:54:00+00:00, run_after=2024-11-29 07:56:00+00:00
[2024-11-29T07:57:56.409+0000] {processor.py:208} INFO - Processing /home/airflow/.local/lib/python3.12/site-packages/airflow/example_dags/example_sla_dag.py took 0.050 seconds
[2024-11-29T07:58:27.356+0000] {processor.py:186} INFO - Started process (PID=111) to work on /home/airflow/.local/lib/python3.12/site-packages/airflow/example_dags/example_sla_dag.py
[2024-11-29T07:58:27.356+0000] {processor.py:914} INFO - Processing file /home/airflow/.local/lib/python3.12/site-packages/airflow/example_dags/example_sla_dag.py for tasks to queue
[2024-11-29T07:58:27.357+0000] {logging_mixin.py:190} INFO - [2024-11-29T07:58:27.357+0000] {dagbag.py:588} INFO - Filling up the DagBag from /home/airflow/.local/lib/python3.12/site-packages/airflow/example_dags/example_sla_dag.py
[2024-11-29T07:58:27.361+0000] {processor.py:925} INFO - DAG(s) 'example_sla_dag' retrieved from /home/airflow/.local/lib/python3.12/site-packages/airflow/example_dags/example_sla_dag.py
[2024-11-29T07:58:27.368+0000] {logging_mixin.py:190} INFO - [2024-11-29T07:58:27.368+0000] {dag.py:3239} INFO - Sync 1 DAGs
[2024-11-29T07:58:27.376+0000] {logging_mixin.py:190} INFO - [2024-11-29T07:58:27.376+0000] {dag.py:4180} INFO - Setting next_dagrun for example_sla_dag to 2024-11-29 07:56:00+00:00, run_after=2024-11-29 07:58:00+00:00
[2024-11-29T07:58:27.381+0000] {processor.py:208} INFO - Processing /home/airflow/.local/lib/python3.12/site-packages/airflow/example_dags/example_sla_dag.py took 0.028 seconds
[2024-11-29T07:58:57.633+0000] {processor.py:186} INFO - Started process (PID=175) to work on /home/airflow/.local/lib/python3.12/site-packages/airflow/example_dags/example_sla_dag.py
[2024-11-29T07:58:57.634+0000] {processor.py:914} INFO - Processing file /home/airflow/.local/lib/python3.12/site-packages/airflow/example_dags/example_sla_dag.py for tasks to queue
[2024-11-29T07:58:57.634+0000] {logging_mixin.py:190} INFO - [2024-11-29T07:58:57.634+0000] {dagbag.py:588} INFO - Filling up the DagBag from /home/airflow/.local/lib/python3.12/site-packages/airflow/example_dags/example_sla_dag.py
[2024-11-29T07:58:57.639+0000] {processor.py:925} INFO - DAG(s) 'example_sla_dag' retrieved from /home/airflow/.local/lib/python3.12/site-packages/airflow/example_dags/example_sla_dag.py
[2024-11-29T07:58:57.645+0000] {logging_mixin.py:190} INFO - [2024-11-29T07:58:57.645+0000] {dag.py:3239} INFO - Sync 1 DAGs
[2024-11-29T07:58:57.654+0000] {logging_mixin.py:190} INFO - [2024-11-29T07:58:57.654+0000] {dag.py:4180} INFO - Setting next_dagrun for example_sla_dag to 2024-11-29 07:56:00+00:00, run_after=2024-11-29 07:58:00+00:00
[2024-11-29T07:58:57.659+0000] {processor.py:208} INFO - Processing /home/airflow/.local/lib/python3.12/site-packages/airflow/example_dags/example_sla_dag.py took 0.028 seconds
[2024-11-29T07:59:27.883+0000] {processor.py:186} INFO - Started process (PID=239) to work on /home/airflow/.local/lib/python3.12/site-packages/airflow/example_dags/example_sla_dag.py
[2024-11-29T07:59:27.883+0000] {processor.py:914} INFO - Processing file /home/airflow/.local/lib/python3.12/site-packages/airflow/example_dags/example_sla_dag.py for tasks to queue
[2024-11-29T07:59:27.884+0000] {logging_mixin.py:190} INFO - [2024-11-29T07:59:27.884+0000] {dagbag.py:588} INFO - Filling up the DagBag from /home/airflow/.local/lib/python3.12/site-packages/airflow/example_dags/example_sla_dag.py
[2024-11-29T07:59:27.889+0000] {processor.py:925} INFO - DAG(s) 'example_sla_dag' retrieved from /home/airflow/.local/lib/python3.12/site-packages/airflow/example_dags/example_sla_dag.py
[2024-11-29T07:59:27.899+0000] {logging_mixin.py:190} INFO - [2024-11-29T07:59:27.899+0000] {dag.py:3239} INFO - Sync 1 DAGs
[2024-11-29T07:59:27.908+0000] {logging_mixin.py:190} INFO - [2024-11-29T07:59:27.907+0000] {dag.py:4180} INFO - Setting next_dagrun for example_sla_dag to 2024-11-29 07:56:00+00:00, run_after=2024-11-29 07:58:00+00:00
[2024-11-29T07:59:27.915+0000] {processor.py:208} INFO - Processing /home/airflow/.local/lib/python3.12/site-packages/airflow/example_dags/example_sla_dag.py took 0.034 seconds
[2024-11-29T07:59:58.089+0000] {processor.py:186} INFO - Started process (PID=303) to work on /home/airflow/.local/lib/python3.12/site-packages/airflow/example_dags/example_sla_dag.py
[2024-11-29T07:59:58.089+0000] {processor.py:914} INFO - Processing file /home/airflow/.local/lib/python3.12/site-packages/airflow/example_dags/example_sla_dag.py for tasks to queue
[2024-11-29T07:59:58.090+0000] {logging_mixin.py:190} INFO - [2024-11-29T07:59:58.090+0000] {dagbag.py:588} INFO - Filling up the DagBag from /home/airflow/.local/lib/python3.12/site-packages/airflow/example_dags/example_sla_dag.py
[2024-11-29T07:59:58.094+0000] {processor.py:925} INFO - DAG(s) 'example_sla_dag' retrieved from /home/airflow/.local/lib/python3.12/site-packages/airflow/example_dags/example_sla_dag.py
[2024-11-29T07:59:58.101+0000] {logging_mixin.py:190} INFO - [2024-11-29T07:59:58.101+0000] {dag.py:3239} INFO - Sync 1 DAGs
[2024-11-29T07:59:58.109+0000] {logging_mixin.py:190} INFO - [2024-11-29T07:59:58.109+0000] {dag.py:4180} INFO - Setting next_dagrun for example_sla_dag to 2024-11-29 07:56:00+00:00, run_after=2024-11-29 07:58:00+00:00
[2024-11-29T07:59:58.115+0000] {processor.py:208} INFO - Processing /home/airflow/.local/lib/python3.12/site-packages/airflow/example_dags/example_sla_dag.py took 0.029 seconds
[2024-11-29T08:00:29.150+0000] {processor.py:186} INFO - Started process (PID=367) to work on /home/airflow/.local/lib/python3.12/site-packages/airflow/example_dags/example_sla_dag.py
[2024-11-29T08:00:29.150+0000] {processor.py:914} INFO - Processing file /home/airflow/.local/lib/python3.12/site-packages/airflow/example_dags/example_sla_dag.py for tasks to queue
[2024-11-29T08:00:29.151+0000] {logging_mixin.py:190} INFO - [2024-11-29T08:00:29.151+0000] {dagbag.py:588} INFO - Filling up the DagBag from /home/airflow/.local/lib/python3.12/site-packages/airflow/example_dags/example_sla_dag.py
[2024-11-29T08:00:29.155+0000] {processor.py:925} INFO - DAG(s) 'example_sla_dag' retrieved from /home/airflow/.local/lib/python3.12/site-packages/airflow/example_dags/example_sla_dag.py
[2024-11-29T08:00:29.164+0000] {logging_mixin.py:190} INFO - [2024-11-29T08:00:29.164+0000] {dag.py:3239} INFO - Sync 1 DAGs
[2024-11-29T08:00:29.175+0000] {logging_mixin.py:190} INFO - [2024-11-29T08:00:29.175+0000] {dag.py:4180} INFO - Setting next_dagrun for example_sla_dag to 2024-11-29 07:58:00+00:00, run_after=2024-11-29 08:00:00+00:00
[2024-11-29T08:00:29.183+0000] {processor.py:208} INFO - Processing /home/airflow/.local/lib/python3.12/site-packages/airflow/example_dags/example_sla_dag.py took 0.036 seconds
[2024-11-29T08:01:00.201+0000] {processor.py:186} INFO - Started process (PID=431) to work on /home/airflow/.local/lib/python3.12/site-packages/airflow/example_dags/example_sla_dag.py
[2024-11-29T08:01:00.203+0000] {processor.py:914} INFO - Processing file /home/airflow/.local/lib/python3.12/site-packages/airflow/example_dags/example_sla_dag.py for tasks to queue
[2024-11-29T08:01:00.204+0000] {logging_mixin.py:190} INFO - [2024-11-29T08:01:00.203+0000] {dagbag.py:588} INFO - Filling up the DagBag from /home/airflow/.local/lib/python3.12/site-packages/airflow/example_dags/example_sla_dag.py
[2024-11-29T08:01:00.208+0000] {processor.py:925} INFO - DAG(s) 'example_sla_dag' retrieved from /home/airflow/.local/lib/python3.12/site-packages/airflow/example_dags/example_sla_dag.py
[2024-11-29T08:01:00.215+0000] {logging_mixin.py:190} INFO - [2024-11-29T08:01:00.215+0000] {dag.py:3239} INFO - Sync 1 DAGs
[2024-11-29T08:01:00.226+0000] {logging_mixin.py:190} INFO - [2024-11-29T08:01:00.225+0000] {dag.py:4180} INFO - Setting next_dagrun for example_sla_dag to 2024-11-29 07:58:00+00:00, run_after=2024-11-29 08:00:00+00:00
[2024-11-29T08:01:00.235+0000] {processor.py:208} INFO - Processing /home/airflow/.local/lib/python3.12/site-packages/airflow/example_dags/example_sla_dag.py took 0.037 seconds
[2024-11-29T08:01:30.474+0000] {processor.py:186} INFO - Started process (PID=495) to work on /home/airflow/.local/lib/python3.12/site-packages/airflow/example_dags/example_sla_dag.py
[2024-11-29T08:01:30.476+0000] {processor.py:914} INFO - Processing file /home/airflow/.local/lib/python3.12/site-packages/airflow/example_dags/example_sla_dag.py for tasks to queue
[2024-11-29T08:01:30.477+0000] {logging_mixin.py:190} INFO - [2024-11-29T08:01:30.477+0000] {dagbag.py:588} INFO - Filling up the DagBag from /home/airflow/.local/lib/python3.12/site-packages/airflow/example_dags/example_sla_dag.py
[2024-11-29T08:01:30.481+0000] {processor.py:925} INFO - DAG(s) 'example_sla_dag' retrieved from /home/airflow/.local/lib/python3.12/site-packages/airflow/example_dags/example_sla_dag.py
[2024-11-29T08:01:30.489+0000] {logging_mixin.py:190} INFO - [2024-11-29T08:01:30.488+0000] {dag.py:3239} INFO - Sync 1 DAGs
[2024-11-29T08:01:30.498+0000] {logging_mixin.py:190} INFO - [2024-11-29T08:01:30.498+0000] {dag.py:4180} INFO - Setting next_dagrun for example_sla_dag to 2024-11-29 07:58:00+00:00, run_after=2024-11-29 08:00:00+00:00
[2024-11-29T08:01:30.506+0000] {processor.py:208} INFO - Processing /home/airflow/.local/lib/python3.12/site-packages/airflow/example_dags/example_sla_dag.py took 0.034 seconds
[2024-11-29T08:02:00.635+0000] {processor.py:186} INFO - Started process (PID=559) to work on /home/airflow/.local/lib/python3.12/site-packages/airflow/example_dags/example_sla_dag.py
[2024-11-29T08:02:00.636+0000] {processor.py:914} INFO - Processing file /home/airflow/.local/lib/python3.12/site-packages/airflow/example_dags/example_sla_dag.py for tasks to queue
[2024-11-29T08:02:00.637+0000] {logging_mixin.py:190} INFO - [2024-11-29T08:02:00.637+0000] {dagbag.py:588} INFO - Filling up the DagBag from /home/airflow/.local/lib/python3.12/site-packages/airflow/example_dags/example_sla_dag.py
[2024-11-29T08:02:00.641+0000] {processor.py:925} INFO - DAG(s) 'example_sla_dag' retrieved from /home/airflow/.local/lib/python3.12/site-packages/airflow/example_dags/example_sla_dag.py
[2024-11-29T08:02:00.649+0000] {logging_mixin.py:190} INFO - [2024-11-29T08:02:00.649+0000] {dag.py:3239} INFO - Sync 1 DAGs
[2024-11-29T08:02:00.659+0000] {logging_mixin.py:190} INFO - [2024-11-29T08:02:00.659+0000] {dag.py:4180} INFO - Setting next_dagrun for example_sla_dag to 2024-11-29 08:00:00+00:00, run_after=2024-11-29 08:02:00+00:00
[2024-11-29T08:02:00.666+0000] {processor.py:208} INFO - Processing /home/airflow/.local/lib/python3.12/site-packages/airflow/example_dags/example_sla_dag.py took 0.034 seconds
[2024-11-29T08:02:30.956+0000] {processor.py:186} INFO - Started process (PID=623) to work on /home/airflow/.local/lib/python3.12/site-packages/airflow/example_dags/example_sla_dag.py
[2024-11-29T08:02:30.957+0000] {processor.py:914} INFO - Processing file /home/airflow/.local/lib/python3.12/site-packages/airflow/example_dags/example_sla_dag.py for tasks to queue
[2024-11-29T08:02:30.958+0000] {logging_mixin.py:190} INFO - [2024-11-29T08:02:30.958+0000] {dagbag.py:588} INFO - Filling up the DagBag from /home/airflow/.local/lib/python3.12/site-packages/airflow/example_dags/example_sla_dag.py
[2024-11-29T08:02:30.963+0000] {processor.py:925} INFO - DAG(s) 'example_sla_dag' retrieved from /home/airflow/.local/lib/python3.12/site-packages/airflow/example_dags/example_sla_dag.py
[2024-11-29T08:02:30.972+0000] {logging_mixin.py:190} INFO - [2024-11-29T08:02:30.972+0000] {dag.py:3239} INFO - Sync 1 DAGs
[2024-11-29T08:02:30.981+0000] {logging_mixin.py:190} INFO - [2024-11-29T08:02:30.981+0000] {dag.py:4180} INFO - Setting next_dagrun for example_sla_dag to 2024-11-29 08:00:00+00:00, run_after=2024-11-29 08:02:00+00:00
[2024-11-29T08:02:30.988+0000] {processor.py:208} INFO - Processing /home/airflow/.local/lib/python3.12/site-packages/airflow/example_dags/example_sla_dag.py took 0.034 seconds
[2024-11-29T08:03:01.232+0000] {processor.py:186} INFO - Started process (PID=687) to work on /home/airflow/.local/lib/python3.12/site-packages/airflow/example_dags/example_sla_dag.py
[2024-11-29T08:03:01.233+0000] {processor.py:914} INFO - Processing file /home/airflow/.local/lib/python3.12/site-packages/airflow/example_dags/example_sla_dag.py for tasks to queue
[2024-11-29T08:03:01.234+0000] {logging_mixin.py:190} INFO - [2024-11-29T08:03:01.234+0000] {dagbag.py:588} INFO - Filling up the DagBag from /home/airflow/.local/lib/python3.12/site-packages/airflow/example_dags/example_sla_dag.py
[2024-11-29T08:03:01.238+0000] {processor.py:925} INFO - DAG(s) 'example_sla_dag' retrieved from /home/airflow/.local/lib/python3.12/site-packages/airflow/example_dags/example_sla_dag.py
[2024-11-29T08:03:01.245+0000] {logging_mixin.py:190} INFO - [2024-11-29T08:03:01.245+0000] {dag.py:3239} INFO - Sync 1 DAGs
[2024-11-29T08:03:01.253+0000] {logging_mixin.py:190} INFO - [2024-11-29T08:03:01.253+0000] {dag.py:4180} INFO - Setting next_dagrun for example_sla_dag to 2024-11-29 08:00:00+00:00, run_after=2024-11-29 08:02:00+00:00
[2024-11-29T08:03:01.258+0000] {processor.py:208} INFO - Processing /home/airflow/.local/lib/python3.12/site-packages/airflow/example_dags/example_sla_dag.py took 0.028 seconds
[2024-11-29T08:03:31.604+0000] {processor.py:186} INFO - Started process (PID=751) to work on /home/airflow/.local/lib/python3.12/site-packages/airflow/example_dags/example_sla_dag.py
[2024-11-29T08:03:31.604+0000] {processor.py:914} INFO - Processing file /home/airflow/.local/lib/python3.12/site-packages/airflow/example_dags/example_sla_dag.py for tasks to queue
[2024-11-29T08:03:31.605+0000] {logging_mixin.py:190} INFO - [2024-11-29T08:03:31.605+0000] {dagbag.py:588} INFO - Filling up the DagBag from /home/airflow/.local/lib/python3.12/site-packages/airflow/example_dags/example_sla_dag.py
[2024-11-29T08:03:31.612+0000] {processor.py:925} INFO - DAG(s) 'example_sla_dag' retrieved from /home/airflow/.local/lib/python3.12/site-packages/airflow/example_dags/example_sla_dag.py
[2024-11-29T08:03:31.622+0000] {logging_mixin.py:190} INFO - [2024-11-29T08:03:31.622+0000] {dag.py:3239} INFO - Sync 1 DAGs
[2024-11-29T08:03:31.633+0000] {logging_mixin.py:190} INFO - [2024-11-29T08:03:31.633+0000] {dag.py:4180} INFO - Setting next_dagrun for example_sla_dag to 2024-11-29 08:00:00+00:00, run_after=2024-11-29 08:02:00+00:00
[2024-11-29T08:03:31.640+0000] {processor.py:208} INFO - Processing /home/airflow/.local/lib/python3.12/site-packages/airflow/example_dags/example_sla_dag.py took 0.039 seconds
[2024-11-29T08:04:02.056+0000] {processor.py:186} INFO - Started process (PID=815) to work on /home/airflow/.local/lib/python3.12/site-packages/airflow/example_dags/example_sla_dag.py
[2024-11-29T08:04:02.057+0000] {processor.py:914} INFO - Processing file /home/airflow/.local/lib/python3.12/site-packages/airflow/example_dags/example_sla_dag.py for tasks to queue
[2024-11-29T08:04:02.058+0000] {logging_mixin.py:190} INFO - [2024-11-29T08:04:02.058+0000] {dagbag.py:588} INFO - Filling up the DagBag from /home/airflow/.local/lib/python3.12/site-packages/airflow/example_dags/example_sla_dag.py
[2024-11-29T08:04:02.062+0000] {processor.py:925} INFO - DAG(s) 'example_sla_dag' retrieved from /home/airflow/.local/lib/python3.12/site-packages/airflow/example_dags/example_sla_dag.py
[2024-11-29T08:04:02.071+0000] {logging_mixin.py:190} INFO - [2024-11-29T08:04:02.071+0000] {dag.py:3239} INFO - Sync 1 DAGs
[2024-11-29T08:04:02.082+0000] {logging_mixin.py:190} INFO - [2024-11-29T08:04:02.082+0000] {dag.py:4180} INFO - Setting next_dagrun for example_sla_dag to 2024-11-29 08:02:00+00:00, run_after=2024-11-29 08:04:00+00:00
[2024-11-29T08:04:02.092+0000] {processor.py:208} INFO - Processing /home/airflow/.local/lib/python3.12/site-packages/airflow/example_dags/example_sla_dag.py took 0.038 seconds
[2024-11-29T08:04:32.182+0000] {processor.py:186} INFO - Started process (PID=879) to work on /home/airflow/.local/lib/python3.12/site-packages/airflow/example_dags/example_sla_dag.py
[2024-11-29T08:04:32.182+0000] {processor.py:914} INFO - Processing file /home/airflow/.local/lib/python3.12/site-packages/airflow/example_dags/example_sla_dag.py for tasks to queue
[2024-11-29T08:04:32.183+0000] {logging_mixin.py:190} INFO - [2024-11-29T08:04:32.183+0000] {dagbag.py:588} INFO - Filling up the DagBag from /home/airflow/.local/lib/python3.12/site-packages/airflow/example_dags/example_sla_dag.py
[2024-11-29T08:04:32.188+0000] {processor.py:925} INFO - DAG(s) 'example_sla_dag' retrieved from /home/airflow/.local/lib/python3.12/site-packages/airflow/example_dags/example_sla_dag.py
[2024-11-29T08:04:32.195+0000] {logging_mixin.py:190} INFO - [2024-11-29T08:04:32.195+0000] {dag.py:3239} INFO - Sync 1 DAGs
[2024-11-29T08:04:32.203+0000] {logging_mixin.py:190} INFO - [2024-11-29T08:04:32.203+0000] {dag.py:4180} INFO - Setting next_dagrun for example_sla_dag to 2024-11-29 08:02:00+00:00, run_after=2024-11-29 08:04:00+00:00
[2024-11-29T08:04:32.208+0000] {processor.py:208} INFO - Processing /home/airflow/.local/lib/python3.12/site-packages/airflow/example_dags/example_sla_dag.py took 0.029 seconds
[2024-11-29T08:05:02.672+0000] {processor.py:186} INFO - Started process (PID=943) to work on /home/airflow/.local/lib/python3.12/site-packages/airflow/example_dags/example_sla_dag.py
[2024-11-29T08:05:02.674+0000] {processor.py:914} INFO - Processing file /home/airflow/.local/lib/python3.12/site-packages/airflow/example_dags/example_sla_dag.py for tasks to queue
[2024-11-29T08:05:02.675+0000] {logging_mixin.py:190} INFO - [2024-11-29T08:05:02.675+0000] {dagbag.py:588} INFO - Filling up the DagBag from /home/airflow/.local/lib/python3.12/site-packages/airflow/example_dags/example_sla_dag.py
[2024-11-29T08:05:02.680+0000] {processor.py:925} INFO - DAG(s) 'example_sla_dag' retrieved from /home/airflow/.local/lib/python3.12/site-packages/airflow/example_dags/example_sla_dag.py
[2024-11-29T08:05:02.687+0000] {logging_mixin.py:190} INFO - [2024-11-29T08:05:02.687+0000] {dag.py:3239} INFO - Sync 1 DAGs
[2024-11-29T08:05:02.697+0000] {logging_mixin.py:190} INFO - [2024-11-29T08:05:02.697+0000] {dag.py:4180} INFO - Setting next_dagrun for example_sla_dag to 2024-11-29 08:02:00+00:00, run_after=2024-11-29 08:04:00+00:00
[2024-11-29T08:05:02.707+0000] {processor.py:208} INFO - Processing /home/airflow/.local/lib/python3.12/site-packages/airflow/example_dags/example_sla_dag.py took 0.037 seconds
[2024-11-29T08:05:32.861+0000] {processor.py:186} INFO - Started process (PID=1007) to work on /home/airflow/.local/lib/python3.12/site-packages/airflow/example_dags/example_sla_dag.py
[2024-11-29T08:05:32.862+0000] {processor.py:914} INFO - Processing file /home/airflow/.local/lib/python3.12/site-packages/airflow/example_dags/example_sla_dag.py for tasks to queue
[2024-11-29T08:05:32.863+0000] {logging_mixin.py:190} INFO - [2024-11-29T08:05:32.863+0000] {dagbag.py:588} INFO - Filling up the DagBag from /home/airflow/.local/lib/python3.12/site-packages/airflow/example_dags/example_sla_dag.py
[2024-11-29T08:05:32.869+0000] {processor.py:925} INFO - DAG(s) 'example_sla_dag' retrieved from /home/airflow/.local/lib/python3.12/site-packages/airflow/example_dags/example_sla_dag.py
[2024-11-29T08:05:32.878+0000] {logging_mixin.py:190} INFO - [2024-11-29T08:05:32.878+0000] {dag.py:3239} INFO - Sync 1 DAGs
[2024-11-29T08:05:32.889+0000] {logging_mixin.py:190} INFO - [2024-11-29T08:05:32.889+0000] {dag.py:4180} INFO - Setting next_dagrun for example_sla_dag to 2024-11-29 08:02:00+00:00, run_after=2024-11-29 08:04:00+00:00
[2024-11-29T08:05:32.900+0000] {processor.py:208} INFO - Processing /home/airflow/.local/lib/python3.12/site-packages/airflow/example_dags/example_sla_dag.py took 0.042 seconds
[2024-11-29T08:06:03.083+0000] {processor.py:186} INFO - Started process (PID=1071) to work on /home/airflow/.local/lib/python3.12/site-packages/airflow/example_dags/example_sla_dag.py
[2024-11-29T08:06:03.083+0000] {processor.py:914} INFO - Processing file /home/airflow/.local/lib/python3.12/site-packages/airflow/example_dags/example_sla_dag.py for tasks to queue
[2024-11-29T08:06:03.084+0000] {logging_mixin.py:190} INFO - [2024-11-29T08:06:03.084+0000] {dagbag.py:588} INFO - Filling up the DagBag from /home/airflow/.local/lib/python3.12/site-packages/airflow/example_dags/example_sla_dag.py
[2024-11-29T08:06:03.088+0000] {processor.py:925} INFO - DAG(s) 'example_sla_dag' retrieved from /home/airflow/.local/lib/python3.12/site-packages/airflow/example_dags/example_sla_dag.py
[2024-11-29T08:06:03.095+0000] {logging_mixin.py:190} INFO - [2024-11-29T08:06:03.095+0000] {dag.py:3239} INFO - Sync 1 DAGs
[2024-11-29T08:06:03.105+0000] {logging_mixin.py:190} INFO - [2024-11-29T08:06:03.104+0000] {dag.py:4180} INFO - Setting next_dagrun for example_sla_dag to 2024-11-29 08:04:00+00:00, run_after=2024-11-29 08:06:00+00:00
[2024-11-29T08:06:03.112+0000] {processor.py:208} INFO - Processing /home/airflow/.local/lib/python3.12/site-packages/airflow/example_dags/example_sla_dag.py took 0.031 seconds
[2024-11-29T08:06:34.126+0000] {processor.py:186} INFO - Started process (PID=1135) to work on /home/airflow/.local/lib/python3.12/site-packages/airflow/example_dags/example_sla_dag.py
[2024-11-29T08:06:34.126+0000] {processor.py:914} INFO - Processing file /home/airflow/.local/lib/python3.12/site-packages/airflow/example_dags/example_sla_dag.py for tasks to queue
[2024-11-29T08:06:34.127+0000] {logging_mixin.py:190} INFO - [2024-11-29T08:06:34.127+0000] {dagbag.py:588} INFO - Filling up the DagBag from /home/airflow/.local/lib/python3.12/site-packages/airflow/example_dags/example_sla_dag.py
[2024-11-29T08:06:34.132+0000] {processor.py:925} INFO - DAG(s) 'example_sla_dag' retrieved from /home/airflow/.local/lib/python3.12/site-packages/airflow/example_dags/example_sla_dag.py
[2024-11-29T08:06:34.141+0000] {logging_mixin.py:190} INFO - [2024-11-29T08:06:34.141+0000] {dag.py:3239} INFO - Sync 1 DAGs
[2024-11-29T08:06:34.152+0000] {logging_mixin.py:190} INFO - [2024-11-29T08:06:34.152+0000] {dag.py:4180} INFO - Setting next_dagrun for example_sla_dag to 2024-11-29 08:04:00+00:00, run_after=2024-11-29 08:06:00+00:00
[2024-11-29T08:06:34.160+0000] {processor.py:208} INFO - Processing /home/airflow/.local/lib/python3.12/site-packages/airflow/example_dags/example_sla_dag.py took 0.037 seconds
[2024-11-29T08:07:04.601+0000] {processor.py:186} INFO - Started process (PID=1199) to work on /home/airflow/.local/lib/python3.12/site-packages/airflow/example_dags/example_sla_dag.py
[2024-11-29T08:07:04.605+0000] {processor.py:914} INFO - Processing file /home/airflow/.local/lib/python3.12/site-packages/airflow/example_dags/example_sla_dag.py for tasks to queue
[2024-11-29T08:07:04.606+0000] {logging_mixin.py:190} INFO - [2024-11-29T08:07:04.605+0000] {dagbag.py:588} INFO - Filling up the DagBag from /home/airflow/.local/lib/python3.12/site-packages/airflow/example_dags/example_sla_dag.py
[2024-11-29T08:07:04.610+0000] {processor.py:925} INFO - DAG(s) 'example_sla_dag' retrieved from /home/airflow/.local/lib/python3.12/site-packages/airflow/example_dags/example_sla_dag.py
[2024-11-29T08:07:04.617+0000] {logging_mixin.py:190} INFO - [2024-11-29T08:07:04.617+0000] {dag.py:3239} INFO - Sync 1 DAGs
[2024-11-29T08:07:04.628+0000] {logging_mixin.py:190} INFO - [2024-11-29T08:07:04.628+0000] {dag.py:4180} INFO - Setting next_dagrun for example_sla_dag to 2024-11-29 08:04:00+00:00, run_after=2024-11-29 08:06:00+00:00
[2024-11-29T08:07:04.637+0000] {processor.py:208} INFO - Processing /home/airflow/.local/lib/python3.12/site-packages/airflow/example_dags/example_sla_dag.py took 0.039 seconds
[2024-11-29T08:07:35.634+0000] {processor.py:186} INFO - Started process (PID=1263) to work on /home/airflow/.local/lib/python3.12/site-packages/airflow/example_dags/example_sla_dag.py
[2024-11-29T08:07:35.634+0000] {processor.py:914} INFO - Processing file /home/airflow/.local/lib/python3.12/site-packages/airflow/example_dags/example_sla_dag.py for tasks to queue
[2024-11-29T08:07:35.635+0000] {logging_mixin.py:190} INFO - [2024-11-29T08:07:35.635+0000] {dagbag.py:588} INFO - Filling up the DagBag from /home/airflow/.local/lib/python3.12/site-packages/airflow/example_dags/example_sla_dag.py
[2024-11-29T08:07:35.639+0000] {processor.py:925} INFO - DAG(s) 'example_sla_dag' retrieved from /home/airflow/.local/lib/python3.12/site-packages/airflow/example_dags/example_sla_dag.py
[2024-11-29T08:07:35.646+0000] {logging_mixin.py:190} INFO - [2024-11-29T08:07:35.646+0000] {dag.py:3239} INFO - Sync 1 DAGs
[2024-11-29T08:07:35.654+0000] {logging_mixin.py:190} INFO - [2024-11-29T08:07:35.654+0000] {dag.py:4180} INFO - Setting next_dagrun for example_sla_dag to 2024-11-29 08:04:00+00:00, run_after=2024-11-29 08:06:00+00:00
[2024-11-29T08:07:35.659+0000] {processor.py:208} INFO - Processing /home/airflow/.local/lib/python3.12/site-packages/airflow/example_dags/example_sla_dag.py took 0.028 seconds
[2024-11-29T08:15:51.001+0000] {processor.py:186} INFO - Started process (PID=1321) to work on /home/airflow/.local/lib/python3.12/site-packages/airflow/example_dags/example_sla_dag.py
[2024-11-29T08:15:51.005+0000] {processor.py:914} INFO - Processing file /home/airflow/.local/lib/python3.12/site-packages/airflow/example_dags/example_sla_dag.py for tasks to queue
[2024-11-29T08:15:51.006+0000] {logging_mixin.py:190} INFO - [2024-11-29T08:15:51.006+0000] {dagbag.py:588} INFO - Filling up the DagBag from /home/airflow/.local/lib/python3.12/site-packages/airflow/example_dags/example_sla_dag.py
[2024-11-29T08:15:51.011+0000] {processor.py:925} INFO - DAG(s) 'example_sla_dag' retrieved from /home/airflow/.local/lib/python3.12/site-packages/airflow/example_dags/example_sla_dag.py
[2024-11-29T08:15:51.023+0000] {logging_mixin.py:190} INFO - [2024-11-29T08:15:51.022+0000] {dag.py:3239} INFO - Sync 1 DAGs
[2024-11-29T08:15:51.031+0000] {logging_mixin.py:190} INFO - [2024-11-29T08:15:51.031+0000] {dag.py:4180} INFO - Setting next_dagrun for example_sla_dag to 2024-11-29 08:12:00+00:00, run_after=2024-11-29 08:14:00+00:00
[2024-11-29T08:15:51.038+0000] {processor.py:208} INFO - Processing /home/airflow/.local/lib/python3.12/site-packages/airflow/example_dags/example_sla_dag.py took 0.040 seconds
[2024-11-29T08:18:41.391+0000] {processor.py:186} INFO - Started process (PID=1369) to work on /home/airflow/.local/lib/python3.12/site-packages/airflow/example_dags/example_sla_dag.py
[2024-11-29T08:18:41.392+0000] {processor.py:914} INFO - Processing file /home/airflow/.local/lib/python3.12/site-packages/airflow/example_dags/example_sla_dag.py for tasks to queue
[2024-11-29T08:18:41.393+0000] {logging_mixin.py:190} INFO - [2024-11-29T08:18:41.393+0000] {dagbag.py:588} INFO - Filling up the DagBag from /home/airflow/.local/lib/python3.12/site-packages/airflow/example_dags/example_sla_dag.py
[2024-11-29T08:18:41.398+0000] {processor.py:925} INFO - DAG(s) 'example_sla_dag' retrieved from /home/airflow/.local/lib/python3.12/site-packages/airflow/example_dags/example_sla_dag.py
[2024-11-29T08:18:41.413+0000] {logging_mixin.py:190} INFO - [2024-11-29T08:18:41.413+0000] {dag.py:3239} INFO - Sync 1 DAGs
[2024-11-29T08:18:41.422+0000] {logging_mixin.py:190} INFO - [2024-11-29T08:18:41.422+0000] {dag.py:4180} INFO - Setting next_dagrun for example_sla_dag to 2024-11-29 08:16:00+00:00, run_after=2024-11-29 08:18:00+00:00
[2024-11-29T08:18:41.432+0000] {processor.py:208} INFO - Processing /home/airflow/.local/lib/python3.12/site-packages/airflow/example_dags/example_sla_dag.py took 0.045 seconds
[2024-11-29T08:19:11.711+0000] {processor.py:186} INFO - Started process (PID=1433) to work on /home/airflow/.local/lib/python3.12/site-packages/airflow/example_dags/example_sla_dag.py
[2024-11-29T08:19:11.711+0000] {processor.py:914} INFO - Processing file /home/airflow/.local/lib/python3.12/site-packages/airflow/example_dags/example_sla_dag.py for tasks to queue
[2024-11-29T08:19:11.712+0000] {logging_mixin.py:190} INFO - [2024-11-29T08:19:11.712+0000] {dagbag.py:588} INFO - Filling up the DagBag from /home/airflow/.local/lib/python3.12/site-packages/airflow/example_dags/example_sla_dag.py
[2024-11-29T08:19:11.717+0000] {processor.py:925} INFO - DAG(s) 'example_sla_dag' retrieved from /home/airflow/.local/lib/python3.12/site-packages/airflow/example_dags/example_sla_dag.py
[2024-11-29T08:19:11.727+0000] {logging_mixin.py:190} INFO - [2024-11-29T08:19:11.726+0000] {dag.py:3239} INFO - Sync 1 DAGs
[2024-11-29T08:19:11.739+0000] {logging_mixin.py:190} INFO - [2024-11-29T08:19:11.739+0000] {dag.py:4180} INFO - Setting next_dagrun for example_sla_dag to 2024-11-29 08:16:00+00:00, run_after=2024-11-29 08:18:00+00:00
[2024-11-29T08:19:11.747+0000] {processor.py:208} INFO - Processing /home/airflow/.local/lib/python3.12/site-packages/airflow/example_dags/example_sla_dag.py took 0.039 seconds
