[2024-11-29T07:57:57.674+0000] {processor.py:186} INFO - Started process (PID=63) to work on /home/airflow/.local/lib/python3.12/site-packages/airflow/example_dags/tutorial.py
[2024-11-29T07:57:57.675+0000] {processor.py:914} INFO - Processing file /home/airflow/.local/lib/python3.12/site-packages/airflow/example_dags/tutorial.py for tasks to queue
[2024-11-29T07:57:57.676+0000] {logging_mixin.py:190} INFO - [2024-11-29T07:57:57.676+0000] {dagbag.py:588} INFO - Filling up the DagBag from /home/airflow/.local/lib/python3.12/site-packages/airflow/example_dags/tutorial.py
[2024-11-29T07:57:57.682+0000] {processor.py:925} INFO - DAG(s) 'tutorial' retrieved from /home/airflow/.local/lib/python3.12/site-packages/airflow/example_dags/tutorial.py
[2024-11-29T07:57:57.694+0000] {logging_mixin.py:190} INFO - [2024-11-29T07:57:57.694+0000] {dag.py:3239} INFO - Sync 1 DAGs
[2024-11-29T07:57:57.704+0000] {logging_mixin.py:190} INFO - [2024-11-29T07:57:57.704+0000] {dag.py:4180} INFO - Setting next_dagrun for tutorial to 2024-11-28 00:00:00+00:00, run_after=2024-11-29 00:00:00+00:00
[2024-11-29T07:57:57.713+0000] {processor.py:208} INFO - Processing /home/airflow/.local/lib/python3.12/site-packages/airflow/example_dags/tutorial.py took 0.041 seconds
[2024-11-29T07:58:28.063+0000] {processor.py:186} INFO - Started process (PID=127) to work on /home/airflow/.local/lib/python3.12/site-packages/airflow/example_dags/tutorial.py
[2024-11-29T07:58:28.063+0000] {processor.py:914} INFO - Processing file /home/airflow/.local/lib/python3.12/site-packages/airflow/example_dags/tutorial.py for tasks to queue
[2024-11-29T07:58:28.064+0000] {logging_mixin.py:190} INFO - [2024-11-29T07:58:28.064+0000] {dagbag.py:588} INFO - Filling up the DagBag from /home/airflow/.local/lib/python3.12/site-packages/airflow/example_dags/tutorial.py
[2024-11-29T07:58:28.069+0000] {processor.py:925} INFO - DAG(s) 'tutorial' retrieved from /home/airflow/.local/lib/python3.12/site-packages/airflow/example_dags/tutorial.py
[2024-11-29T07:58:28.075+0000] {logging_mixin.py:190} INFO - [2024-11-29T07:58:28.075+0000] {dag.py:3239} INFO - Sync 1 DAGs
[2024-11-29T07:58:28.083+0000] {logging_mixin.py:190} INFO - [2024-11-29T07:58:28.083+0000] {dag.py:4180} INFO - Setting next_dagrun for tutorial to 2024-11-28 00:00:00+00:00, run_after=2024-11-29 00:00:00+00:00
[2024-11-29T07:58:28.089+0000] {processor.py:208} INFO - Processing /home/airflow/.local/lib/python3.12/site-packages/airflow/example_dags/tutorial.py took 0.029 seconds
[2024-11-29T07:58:58.359+0000] {processor.py:186} INFO - Started process (PID=191) to work on /home/airflow/.local/lib/python3.12/site-packages/airflow/example_dags/tutorial.py
[2024-11-29T07:58:58.359+0000] {processor.py:914} INFO - Processing file /home/airflow/.local/lib/python3.12/site-packages/airflow/example_dags/tutorial.py for tasks to queue
[2024-11-29T07:58:58.360+0000] {logging_mixin.py:190} INFO - [2024-11-29T07:58:58.360+0000] {dagbag.py:588} INFO - Filling up the DagBag from /home/airflow/.local/lib/python3.12/site-packages/airflow/example_dags/tutorial.py
[2024-11-29T07:58:58.363+0000] {processor.py:925} INFO - DAG(s) 'tutorial' retrieved from /home/airflow/.local/lib/python3.12/site-packages/airflow/example_dags/tutorial.py
[2024-11-29T07:58:58.371+0000] {logging_mixin.py:190} INFO - [2024-11-29T07:58:58.371+0000] {dag.py:3239} INFO - Sync 1 DAGs
[2024-11-29T07:58:58.379+0000] {logging_mixin.py:190} INFO - [2024-11-29T07:58:58.379+0000] {dag.py:4180} INFO - Setting next_dagrun for tutorial to 2024-11-28 00:00:00+00:00, run_after=2024-11-29 00:00:00+00:00
[2024-11-29T07:58:58.385+0000] {processor.py:208} INFO - Processing /home/airflow/.local/lib/python3.12/site-packages/airflow/example_dags/tutorial.py took 0.029 seconds
[2024-11-29T07:59:28.692+0000] {processor.py:186} INFO - Started process (PID=255) to work on /home/airflow/.local/lib/python3.12/site-packages/airflow/example_dags/tutorial.py
[2024-11-29T07:59:28.692+0000] {processor.py:914} INFO - Processing file /home/airflow/.local/lib/python3.12/site-packages/airflow/example_dags/tutorial.py for tasks to queue
[2024-11-29T07:59:28.693+0000] {logging_mixin.py:190} INFO - [2024-11-29T07:59:28.693+0000] {dagbag.py:588} INFO - Filling up the DagBag from /home/airflow/.local/lib/python3.12/site-packages/airflow/example_dags/tutorial.py
[2024-11-29T07:59:28.696+0000] {processor.py:925} INFO - DAG(s) 'tutorial' retrieved from /home/airflow/.local/lib/python3.12/site-packages/airflow/example_dags/tutorial.py
[2024-11-29T07:59:28.704+0000] {logging_mixin.py:190} INFO - [2024-11-29T07:59:28.704+0000] {dag.py:3239} INFO - Sync 1 DAGs
[2024-11-29T07:59:28.712+0000] {logging_mixin.py:190} INFO - [2024-11-29T07:59:28.712+0000] {dag.py:4180} INFO - Setting next_dagrun for tutorial to 2024-11-28 00:00:00+00:00, run_after=2024-11-29 00:00:00+00:00
[2024-11-29T07:59:28.718+0000] {processor.py:208} INFO - Processing /home/airflow/.local/lib/python3.12/site-packages/airflow/example_dags/tutorial.py took 0.028 seconds
[2024-11-29T07:59:59.814+0000] {processor.py:186} INFO - Started process (PID=319) to work on /home/airflow/.local/lib/python3.12/site-packages/airflow/example_dags/tutorial.py
[2024-11-29T07:59:59.814+0000] {processor.py:914} INFO - Processing file /home/airflow/.local/lib/python3.12/site-packages/airflow/example_dags/tutorial.py for tasks to queue
[2024-11-29T07:59:59.815+0000] {logging_mixin.py:190} INFO - [2024-11-29T07:59:59.815+0000] {dagbag.py:588} INFO - Filling up the DagBag from /home/airflow/.local/lib/python3.12/site-packages/airflow/example_dags/tutorial.py
[2024-11-29T07:59:59.818+0000] {processor.py:925} INFO - DAG(s) 'tutorial' retrieved from /home/airflow/.local/lib/python3.12/site-packages/airflow/example_dags/tutorial.py
[2024-11-29T07:59:59.826+0000] {logging_mixin.py:190} INFO - [2024-11-29T07:59:59.826+0000] {dag.py:3239} INFO - Sync 1 DAGs
[2024-11-29T07:59:59.834+0000] {logging_mixin.py:190} INFO - [2024-11-29T07:59:59.834+0000] {dag.py:4180} INFO - Setting next_dagrun for tutorial to 2024-11-28 00:00:00+00:00, run_after=2024-11-29 00:00:00+00:00
[2024-11-29T07:59:59.839+0000] {processor.py:208} INFO - Processing /home/airflow/.local/lib/python3.12/site-packages/airflow/example_dags/tutorial.py took 0.028 seconds
[2024-11-29T08:00:30.848+0000] {processor.py:186} INFO - Started process (PID=383) to work on /home/airflow/.local/lib/python3.12/site-packages/airflow/example_dags/tutorial.py
[2024-11-29T08:00:30.849+0000] {processor.py:914} INFO - Processing file /home/airflow/.local/lib/python3.12/site-packages/airflow/example_dags/tutorial.py for tasks to queue
[2024-11-29T08:00:30.850+0000] {logging_mixin.py:190} INFO - [2024-11-29T08:00:30.849+0000] {dagbag.py:588} INFO - Filling up the DagBag from /home/airflow/.local/lib/python3.12/site-packages/airflow/example_dags/tutorial.py
[2024-11-29T08:00:30.855+0000] {processor.py:925} INFO - DAG(s) 'tutorial' retrieved from /home/airflow/.local/lib/python3.12/site-packages/airflow/example_dags/tutorial.py
[2024-11-29T08:00:30.863+0000] {logging_mixin.py:190} INFO - [2024-11-29T08:00:30.863+0000] {dag.py:3239} INFO - Sync 1 DAGs
[2024-11-29T08:00:30.870+0000] {logging_mixin.py:190} INFO - [2024-11-29T08:00:30.870+0000] {dag.py:4180} INFO - Setting next_dagrun for tutorial to 2024-11-28 00:00:00+00:00, run_after=2024-11-29 00:00:00+00:00
[2024-11-29T08:00:30.876+0000] {processor.py:208} INFO - Processing /home/airflow/.local/lib/python3.12/site-packages/airflow/example_dags/tutorial.py took 0.030 seconds
[2024-11-29T08:01:02.016+0000] {processor.py:186} INFO - Started process (PID=447) to work on /home/airflow/.local/lib/python3.12/site-packages/airflow/example_dags/tutorial.py
[2024-11-29T08:01:02.016+0000] {processor.py:914} INFO - Processing file /home/airflow/.local/lib/python3.12/site-packages/airflow/example_dags/tutorial.py for tasks to queue
[2024-11-29T08:01:02.018+0000] {logging_mixin.py:190} INFO - [2024-11-29T08:01:02.018+0000] {dagbag.py:588} INFO - Filling up the DagBag from /home/airflow/.local/lib/python3.12/site-packages/airflow/example_dags/tutorial.py
[2024-11-29T08:01:02.021+0000] {processor.py:925} INFO - DAG(s) 'tutorial' retrieved from /home/airflow/.local/lib/python3.12/site-packages/airflow/example_dags/tutorial.py
[2024-11-29T08:01:02.030+0000] {logging_mixin.py:190} INFO - [2024-11-29T08:01:02.030+0000] {dag.py:3239} INFO - Sync 1 DAGs
[2024-11-29T08:01:02.037+0000] {logging_mixin.py:190} INFO - [2024-11-29T08:01:02.037+0000] {dag.py:4180} INFO - Setting next_dagrun for tutorial to 2024-11-28 00:00:00+00:00, run_after=2024-11-29 00:00:00+00:00
[2024-11-29T08:01:02.044+0000] {processor.py:208} INFO - Processing /home/airflow/.local/lib/python3.12/site-packages/airflow/example_dags/tutorial.py took 0.031 seconds
[2024-11-29T08:01:33.208+0000] {processor.py:186} INFO - Started process (PID=511) to work on /home/airflow/.local/lib/python3.12/site-packages/airflow/example_dags/tutorial.py
[2024-11-29T08:01:33.209+0000] {processor.py:914} INFO - Processing file /home/airflow/.local/lib/python3.12/site-packages/airflow/example_dags/tutorial.py for tasks to queue
[2024-11-29T08:01:33.209+0000] {logging_mixin.py:190} INFO - [2024-11-29T08:01:33.209+0000] {dagbag.py:588} INFO - Filling up the DagBag from /home/airflow/.local/lib/python3.12/site-packages/airflow/example_dags/tutorial.py
[2024-11-29T08:01:33.213+0000] {processor.py:925} INFO - DAG(s) 'tutorial' retrieved from /home/airflow/.local/lib/python3.12/site-packages/airflow/example_dags/tutorial.py
[2024-11-29T08:01:33.220+0000] {logging_mixin.py:190} INFO - [2024-11-29T08:01:33.220+0000] {dag.py:3239} INFO - Sync 1 DAGs
[2024-11-29T08:01:33.229+0000] {logging_mixin.py:190} INFO - [2024-11-29T08:01:33.229+0000] {dag.py:4180} INFO - Setting next_dagrun for tutorial to 2024-11-28 00:00:00+00:00, run_after=2024-11-29 00:00:00+00:00
[2024-11-29T08:01:33.239+0000] {processor.py:208} INFO - Processing /home/airflow/.local/lib/python3.12/site-packages/airflow/example_dags/tutorial.py took 0.033 seconds
[2024-11-29T08:02:04.421+0000] {processor.py:186} INFO - Started process (PID=575) to work on /home/airflow/.local/lib/python3.12/site-packages/airflow/example_dags/tutorial.py
[2024-11-29T08:02:04.422+0000] {processor.py:914} INFO - Processing file /home/airflow/.local/lib/python3.12/site-packages/airflow/example_dags/tutorial.py for tasks to queue
[2024-11-29T08:02:04.423+0000] {logging_mixin.py:190} INFO - [2024-11-29T08:02:04.423+0000] {dagbag.py:588} INFO - Filling up the DagBag from /home/airflow/.local/lib/python3.12/site-packages/airflow/example_dags/tutorial.py
[2024-11-29T08:02:04.426+0000] {processor.py:925} INFO - DAG(s) 'tutorial' retrieved from /home/airflow/.local/lib/python3.12/site-packages/airflow/example_dags/tutorial.py
[2024-11-29T08:02:04.434+0000] {logging_mixin.py:190} INFO - [2024-11-29T08:02:04.434+0000] {dag.py:3239} INFO - Sync 1 DAGs
[2024-11-29T08:02:04.442+0000] {logging_mixin.py:190} INFO - [2024-11-29T08:02:04.442+0000] {dag.py:4180} INFO - Setting next_dagrun for tutorial to 2024-11-28 00:00:00+00:00, run_after=2024-11-29 00:00:00+00:00
[2024-11-29T08:02:04.449+0000] {processor.py:208} INFO - Processing /home/airflow/.local/lib/python3.12/site-packages/airflow/example_dags/tutorial.py took 0.030 seconds
[2024-11-29T08:02:34.749+0000] {processor.py:186} INFO - Started process (PID=639) to work on /home/airflow/.local/lib/python3.12/site-packages/airflow/example_dags/tutorial.py
[2024-11-29T08:02:34.749+0000] {processor.py:914} INFO - Processing file /home/airflow/.local/lib/python3.12/site-packages/airflow/example_dags/tutorial.py for tasks to queue
[2024-11-29T08:02:34.750+0000] {logging_mixin.py:190} INFO - [2024-11-29T08:02:34.750+0000] {dagbag.py:588} INFO - Filling up the DagBag from /home/airflow/.local/lib/python3.12/site-packages/airflow/example_dags/tutorial.py
[2024-11-29T08:02:34.754+0000] {processor.py:925} INFO - DAG(s) 'tutorial' retrieved from /home/airflow/.local/lib/python3.12/site-packages/airflow/example_dags/tutorial.py
[2024-11-29T08:02:34.762+0000] {logging_mixin.py:190} INFO - [2024-11-29T08:02:34.762+0000] {dag.py:3239} INFO - Sync 1 DAGs
[2024-11-29T08:02:34.770+0000] {logging_mixin.py:190} INFO - [2024-11-29T08:02:34.770+0000] {dag.py:4180} INFO - Setting next_dagrun for tutorial to 2024-11-28 00:00:00+00:00, run_after=2024-11-29 00:00:00+00:00
[2024-11-29T08:02:34.776+0000] {processor.py:208} INFO - Processing /home/airflow/.local/lib/python3.12/site-packages/airflow/example_dags/tutorial.py took 0.030 seconds
[2024-11-29T08:03:05.115+0000] {processor.py:186} INFO - Started process (PID=703) to work on /home/airflow/.local/lib/python3.12/site-packages/airflow/example_dags/tutorial.py
[2024-11-29T08:03:05.115+0000] {processor.py:914} INFO - Processing file /home/airflow/.local/lib/python3.12/site-packages/airflow/example_dags/tutorial.py for tasks to queue
[2024-11-29T08:03:05.116+0000] {logging_mixin.py:190} INFO - [2024-11-29T08:03:05.116+0000] {dagbag.py:588} INFO - Filling up the DagBag from /home/airflow/.local/lib/python3.12/site-packages/airflow/example_dags/tutorial.py
[2024-11-29T08:03:05.119+0000] {processor.py:925} INFO - DAG(s) 'tutorial' retrieved from /home/airflow/.local/lib/python3.12/site-packages/airflow/example_dags/tutorial.py
[2024-11-29T08:03:05.126+0000] {logging_mixin.py:190} INFO - [2024-11-29T08:03:05.126+0000] {dag.py:3239} INFO - Sync 1 DAGs
[2024-11-29T08:03:05.133+0000] {logging_mixin.py:190} INFO - [2024-11-29T08:03:05.133+0000] {dag.py:4180} INFO - Setting next_dagrun for tutorial to 2024-11-28 00:00:00+00:00, run_after=2024-11-29 00:00:00+00:00
[2024-11-29T08:03:05.139+0000] {processor.py:208} INFO - Processing /home/airflow/.local/lib/python3.12/site-packages/airflow/example_dags/tutorial.py took 0.026 seconds
[2024-11-29T08:03:35.342+0000] {processor.py:186} INFO - Started process (PID=766) to work on /home/airflow/.local/lib/python3.12/site-packages/airflow/example_dags/tutorial.py
[2024-11-29T08:03:35.343+0000] {processor.py:914} INFO - Processing file /home/airflow/.local/lib/python3.12/site-packages/airflow/example_dags/tutorial.py for tasks to queue
[2024-11-29T08:03:35.344+0000] {logging_mixin.py:190} INFO - [2024-11-29T08:03:35.344+0000] {dagbag.py:588} INFO - Filling up the DagBag from /home/airflow/.local/lib/python3.12/site-packages/airflow/example_dags/tutorial.py
[2024-11-29T08:03:35.351+0000] {processor.py:925} INFO - DAG(s) 'tutorial' retrieved from /home/airflow/.local/lib/python3.12/site-packages/airflow/example_dags/tutorial.py
[2024-11-29T08:03:35.363+0000] {logging_mixin.py:190} INFO - [2024-11-29T08:03:35.363+0000] {dag.py:3239} INFO - Sync 1 DAGs
[2024-11-29T08:03:35.371+0000] {logging_mixin.py:190} INFO - [2024-11-29T08:03:35.371+0000] {dag.py:4180} INFO - Setting next_dagrun for tutorial to 2024-11-28 00:00:00+00:00, run_after=2024-11-29 00:00:00+00:00
[2024-11-29T08:03:35.377+0000] {processor.py:208} INFO - Processing /home/airflow/.local/lib/python3.12/site-packages/airflow/example_dags/tutorial.py took 0.037 seconds
[2024-11-29T08:04:05.671+0000] {processor.py:186} INFO - Started process (PID=830) to work on /home/airflow/.local/lib/python3.12/site-packages/airflow/example_dags/tutorial.py
[2024-11-29T08:04:05.672+0000] {processor.py:914} INFO - Processing file /home/airflow/.local/lib/python3.12/site-packages/airflow/example_dags/tutorial.py for tasks to queue
[2024-11-29T08:04:05.673+0000] {logging_mixin.py:190} INFO - [2024-11-29T08:04:05.673+0000] {dagbag.py:588} INFO - Filling up the DagBag from /home/airflow/.local/lib/python3.12/site-packages/airflow/example_dags/tutorial.py
[2024-11-29T08:04:05.677+0000] {processor.py:925} INFO - DAG(s) 'tutorial' retrieved from /home/airflow/.local/lib/python3.12/site-packages/airflow/example_dags/tutorial.py
[2024-11-29T08:04:05.684+0000] {logging_mixin.py:190} INFO - [2024-11-29T08:04:05.684+0000] {dag.py:3239} INFO - Sync 1 DAGs
[2024-11-29T08:04:05.692+0000] {logging_mixin.py:190} INFO - [2024-11-29T08:04:05.692+0000] {dag.py:4180} INFO - Setting next_dagrun for tutorial to 2024-11-28 00:00:00+00:00, run_after=2024-11-29 00:00:00+00:00
[2024-11-29T08:04:05.698+0000] {processor.py:208} INFO - Processing /home/airflow/.local/lib/python3.12/site-packages/airflow/example_dags/tutorial.py took 0.030 seconds
[2024-11-29T08:04:35.904+0000] {processor.py:186} INFO - Started process (PID=894) to work on /home/airflow/.local/lib/python3.12/site-packages/airflow/example_dags/tutorial.py
[2024-11-29T08:04:35.904+0000] {processor.py:914} INFO - Processing file /home/airflow/.local/lib/python3.12/site-packages/airflow/example_dags/tutorial.py for tasks to queue
[2024-11-29T08:04:35.905+0000] {logging_mixin.py:190} INFO - [2024-11-29T08:04:35.905+0000] {dagbag.py:588} INFO - Filling up the DagBag from /home/airflow/.local/lib/python3.12/site-packages/airflow/example_dags/tutorial.py
[2024-11-29T08:04:35.908+0000] {processor.py:925} INFO - DAG(s) 'tutorial' retrieved from /home/airflow/.local/lib/python3.12/site-packages/airflow/example_dags/tutorial.py
[2024-11-29T08:04:35.917+0000] {logging_mixin.py:190} INFO - [2024-11-29T08:04:35.916+0000] {dag.py:3239} INFO - Sync 1 DAGs
[2024-11-29T08:04:35.925+0000] {logging_mixin.py:190} INFO - [2024-11-29T08:04:35.925+0000] {dag.py:4180} INFO - Setting next_dagrun for tutorial to 2024-11-28 00:00:00+00:00, run_after=2024-11-29 00:00:00+00:00
[2024-11-29T08:04:35.931+0000] {processor.py:208} INFO - Processing /home/airflow/.local/lib/python3.12/site-packages/airflow/example_dags/tutorial.py took 0.030 seconds
[2024-11-29T08:05:06.230+0000] {processor.py:186} INFO - Started process (PID=958) to work on /home/airflow/.local/lib/python3.12/site-packages/airflow/example_dags/tutorial.py
[2024-11-29T08:05:06.230+0000] {processor.py:914} INFO - Processing file /home/airflow/.local/lib/python3.12/site-packages/airflow/example_dags/tutorial.py for tasks to queue
[2024-11-29T08:05:06.231+0000] {logging_mixin.py:190} INFO - [2024-11-29T08:05:06.231+0000] {dagbag.py:588} INFO - Filling up the DagBag from /home/airflow/.local/lib/python3.12/site-packages/airflow/example_dags/tutorial.py
[2024-11-29T08:05:06.235+0000] {processor.py:925} INFO - DAG(s) 'tutorial' retrieved from /home/airflow/.local/lib/python3.12/site-packages/airflow/example_dags/tutorial.py
[2024-11-29T08:05:06.243+0000] {logging_mixin.py:190} INFO - [2024-11-29T08:05:06.243+0000] {dag.py:3239} INFO - Sync 1 DAGs
[2024-11-29T08:05:06.251+0000] {logging_mixin.py:190} INFO - [2024-11-29T08:05:06.251+0000] {dag.py:4180} INFO - Setting next_dagrun for tutorial to 2024-11-28 00:00:00+00:00, run_after=2024-11-29 00:00:00+00:00
[2024-11-29T08:05:06.257+0000] {processor.py:208} INFO - Processing /home/airflow/.local/lib/python3.12/site-packages/airflow/example_dags/tutorial.py took 0.030 seconds
[2024-11-29T08:05:36.371+0000] {processor.py:186} INFO - Started process (PID=1021) to work on /home/airflow/.local/lib/python3.12/site-packages/airflow/example_dags/tutorial.py
[2024-11-29T08:05:36.371+0000] {processor.py:914} INFO - Processing file /home/airflow/.local/lib/python3.12/site-packages/airflow/example_dags/tutorial.py for tasks to queue
[2024-11-29T08:05:36.372+0000] {logging_mixin.py:190} INFO - [2024-11-29T08:05:36.372+0000] {dagbag.py:588} INFO - Filling up the DagBag from /home/airflow/.local/lib/python3.12/site-packages/airflow/example_dags/tutorial.py
[2024-11-29T08:05:36.375+0000] {processor.py:925} INFO - DAG(s) 'tutorial' retrieved from /home/airflow/.local/lib/python3.12/site-packages/airflow/example_dags/tutorial.py
[2024-11-29T08:05:36.383+0000] {logging_mixin.py:190} INFO - [2024-11-29T08:05:36.383+0000] {dag.py:3239} INFO - Sync 1 DAGs
[2024-11-29T08:05:36.394+0000] {logging_mixin.py:190} INFO - [2024-11-29T08:05:36.394+0000] {dag.py:4180} INFO - Setting next_dagrun for tutorial to 2024-11-28 00:00:00+00:00, run_after=2024-11-29 00:00:00+00:00
[2024-11-29T08:05:36.400+0000] {processor.py:208} INFO - Processing /home/airflow/.local/lib/python3.12/site-packages/airflow/example_dags/tutorial.py took 0.032 seconds
[2024-11-29T08:06:06.416+0000] {processor.py:186} INFO - Started process (PID=1085) to work on /home/airflow/.local/lib/python3.12/site-packages/airflow/example_dags/tutorial.py
[2024-11-29T08:06:06.417+0000] {processor.py:914} INFO - Processing file /home/airflow/.local/lib/python3.12/site-packages/airflow/example_dags/tutorial.py for tasks to queue
[2024-11-29T08:06:06.418+0000] {logging_mixin.py:190} INFO - [2024-11-29T08:06:06.418+0000] {dagbag.py:588} INFO - Filling up the DagBag from /home/airflow/.local/lib/python3.12/site-packages/airflow/example_dags/tutorial.py
[2024-11-29T08:06:06.421+0000] {processor.py:925} INFO - DAG(s) 'tutorial' retrieved from /home/airflow/.local/lib/python3.12/site-packages/airflow/example_dags/tutorial.py
[2024-11-29T08:06:06.429+0000] {logging_mixin.py:190} INFO - [2024-11-29T08:06:06.429+0000] {dag.py:3239} INFO - Sync 1 DAGs
[2024-11-29T08:06:06.439+0000] {logging_mixin.py:190} INFO - [2024-11-29T08:06:06.439+0000] {dag.py:4180} INFO - Setting next_dagrun for tutorial to 2024-11-28 00:00:00+00:00, run_after=2024-11-29 00:00:00+00:00
[2024-11-29T08:06:06.445+0000] {processor.py:208} INFO - Processing /home/airflow/.local/lib/python3.12/site-packages/airflow/example_dags/tutorial.py took 0.032 seconds
[2024-11-29T08:06:36.489+0000] {processor.py:186} INFO - Started process (PID=1148) to work on /home/airflow/.local/lib/python3.12/site-packages/airflow/example_dags/tutorial.py
[2024-11-29T08:06:36.490+0000] {processor.py:914} INFO - Processing file /home/airflow/.local/lib/python3.12/site-packages/airflow/example_dags/tutorial.py for tasks to queue
[2024-11-29T08:06:36.491+0000] {logging_mixin.py:190} INFO - [2024-11-29T08:06:36.490+0000] {dagbag.py:588} INFO - Filling up the DagBag from /home/airflow/.local/lib/python3.12/site-packages/airflow/example_dags/tutorial.py
[2024-11-29T08:06:36.493+0000] {processor.py:925} INFO - DAG(s) 'tutorial' retrieved from /home/airflow/.local/lib/python3.12/site-packages/airflow/example_dags/tutorial.py
[2024-11-29T08:06:36.500+0000] {logging_mixin.py:190} INFO - [2024-11-29T08:06:36.500+0000] {dag.py:3239} INFO - Sync 1 DAGs
[2024-11-29T08:06:36.507+0000] {logging_mixin.py:190} INFO - [2024-11-29T08:06:36.507+0000] {dag.py:4180} INFO - Setting next_dagrun for tutorial to 2024-11-28 00:00:00+00:00, run_after=2024-11-29 00:00:00+00:00
[2024-11-29T08:06:36.512+0000] {processor.py:208} INFO - Processing /home/airflow/.local/lib/python3.12/site-packages/airflow/example_dags/tutorial.py took 0.024 seconds
[2024-11-29T08:07:06.942+0000] {processor.py:186} INFO - Started process (PID=1212) to work on /home/airflow/.local/lib/python3.12/site-packages/airflow/example_dags/tutorial.py
[2024-11-29T08:07:06.943+0000] {processor.py:914} INFO - Processing file /home/airflow/.local/lib/python3.12/site-packages/airflow/example_dags/tutorial.py for tasks to queue
[2024-11-29T08:07:06.945+0000] {logging_mixin.py:190} INFO - [2024-11-29T08:07:06.945+0000] {dagbag.py:588} INFO - Filling up the DagBag from /home/airflow/.local/lib/python3.12/site-packages/airflow/example_dags/tutorial.py
[2024-11-29T08:07:06.949+0000] {processor.py:925} INFO - DAG(s) 'tutorial' retrieved from /home/airflow/.local/lib/python3.12/site-packages/airflow/example_dags/tutorial.py
[2024-11-29T08:07:06.961+0000] {logging_mixin.py:190} INFO - [2024-11-29T08:07:06.961+0000] {dag.py:3239} INFO - Sync 1 DAGs
[2024-11-29T08:07:06.969+0000] {logging_mixin.py:190} INFO - [2024-11-29T08:07:06.969+0000] {dag.py:4180} INFO - Setting next_dagrun for tutorial to 2024-11-28 00:00:00+00:00, run_after=2024-11-29 00:00:00+00:00
[2024-11-29T08:07:06.975+0000] {processor.py:208} INFO - Processing /home/airflow/.local/lib/python3.12/site-packages/airflow/example_dags/tutorial.py took 0.035 seconds
[2024-11-29T08:07:38.061+0000] {processor.py:186} INFO - Started process (PID=1277) to work on /home/airflow/.local/lib/python3.12/site-packages/airflow/example_dags/tutorial.py
[2024-11-29T08:07:38.061+0000] {processor.py:914} INFO - Processing file /home/airflow/.local/lib/python3.12/site-packages/airflow/example_dags/tutorial.py for tasks to queue
[2024-11-29T08:07:38.062+0000] {logging_mixin.py:190} INFO - [2024-11-29T08:07:38.062+0000] {dagbag.py:588} INFO - Filling up the DagBag from /home/airflow/.local/lib/python3.12/site-packages/airflow/example_dags/tutorial.py
[2024-11-29T08:07:38.068+0000] {processor.py:925} INFO - DAG(s) 'tutorial' retrieved from /home/airflow/.local/lib/python3.12/site-packages/airflow/example_dags/tutorial.py
[2024-11-29T08:07:38.078+0000] {logging_mixin.py:190} INFO - [2024-11-29T08:07:38.078+0000] {dag.py:3239} INFO - Sync 1 DAGs
[2024-11-29T08:07:38.086+0000] {logging_mixin.py:190} INFO - [2024-11-29T08:07:38.086+0000] {dag.py:4180} INFO - Setting next_dagrun for tutorial to 2024-11-28 00:00:00+00:00, run_after=2024-11-29 00:00:00+00:00
[2024-11-29T08:07:38.092+0000] {processor.py:208} INFO - Processing /home/airflow/.local/lib/python3.12/site-packages/airflow/example_dags/tutorial.py took 0.033 seconds
[2024-11-29T08:15:51.714+0000] {processor.py:186} INFO - Started process (PID=1337) to work on /home/airflow/.local/lib/python3.12/site-packages/airflow/example_dags/tutorial.py
[2024-11-29T08:15:51.714+0000] {processor.py:914} INFO - Processing file /home/airflow/.local/lib/python3.12/site-packages/airflow/example_dags/tutorial.py for tasks to queue
[2024-11-29T08:15:51.715+0000] {logging_mixin.py:190} INFO - [2024-11-29T08:15:51.715+0000] {dagbag.py:588} INFO - Filling up the DagBag from /home/airflow/.local/lib/python3.12/site-packages/airflow/example_dags/tutorial.py
[2024-11-29T08:15:51.718+0000] {processor.py:925} INFO - DAG(s) 'tutorial' retrieved from /home/airflow/.local/lib/python3.12/site-packages/airflow/example_dags/tutorial.py
[2024-11-29T08:15:51.725+0000] {logging_mixin.py:190} INFO - [2024-11-29T08:15:51.725+0000] {dag.py:3239} INFO - Sync 1 DAGs
[2024-11-29T08:15:51.733+0000] {logging_mixin.py:190} INFO - [2024-11-29T08:15:51.733+0000] {dag.py:4180} INFO - Setting next_dagrun for tutorial to 2024-11-28 00:00:00+00:00, run_after=2024-11-29 00:00:00+00:00
[2024-11-29T08:15:51.739+0000] {processor.py:208} INFO - Processing /home/airflow/.local/lib/python3.12/site-packages/airflow/example_dags/tutorial.py took 0.027 seconds
[2024-11-29T08:18:42.294+0000] {processor.py:186} INFO - Started process (PID=1385) to work on /home/airflow/.local/lib/python3.12/site-packages/airflow/example_dags/tutorial.py
[2024-11-29T08:18:42.295+0000] {processor.py:914} INFO - Processing file /home/airflow/.local/lib/python3.12/site-packages/airflow/example_dags/tutorial.py for tasks to queue
[2024-11-29T08:18:42.295+0000] {logging_mixin.py:190} INFO - [2024-11-29T08:18:42.295+0000] {dagbag.py:588} INFO - Filling up the DagBag from /home/airflow/.local/lib/python3.12/site-packages/airflow/example_dags/tutorial.py
[2024-11-29T08:18:42.299+0000] {processor.py:925} INFO - DAG(s) 'tutorial' retrieved from /home/airflow/.local/lib/python3.12/site-packages/airflow/example_dags/tutorial.py
[2024-11-29T08:18:42.307+0000] {logging_mixin.py:190} INFO - [2024-11-29T08:18:42.306+0000] {dag.py:3239} INFO - Sync 1 DAGs
[2024-11-29T08:18:42.315+0000] {logging_mixin.py:190} INFO - [2024-11-29T08:18:42.315+0000] {dag.py:4180} INFO - Setting next_dagrun for tutorial to 2024-11-28 00:00:00+00:00, run_after=2024-11-29 00:00:00+00:00
[2024-11-29T08:18:42.326+0000] {processor.py:208} INFO - Processing /home/airflow/.local/lib/python3.12/site-packages/airflow/example_dags/tutorial.py took 0.035 seconds
[2024-11-29T08:19:13.516+0000] {processor.py:186} INFO - Started process (PID=1449) to work on /home/airflow/.local/lib/python3.12/site-packages/airflow/example_dags/tutorial.py
[2024-11-29T08:19:13.517+0000] {processor.py:914} INFO - Processing file /home/airflow/.local/lib/python3.12/site-packages/airflow/example_dags/tutorial.py for tasks to queue
[2024-11-29T08:19:13.518+0000] {logging_mixin.py:190} INFO - [2024-11-29T08:19:13.517+0000] {dagbag.py:588} INFO - Filling up the DagBag from /home/airflow/.local/lib/python3.12/site-packages/airflow/example_dags/tutorial.py
[2024-11-29T08:19:13.521+0000] {processor.py:925} INFO - DAG(s) 'tutorial' retrieved from /home/airflow/.local/lib/python3.12/site-packages/airflow/example_dags/tutorial.py
[2024-11-29T08:19:13.530+0000] {logging_mixin.py:190} INFO - [2024-11-29T08:19:13.530+0000] {dag.py:3239} INFO - Sync 1 DAGs
[2024-11-29T08:19:13.538+0000] {logging_mixin.py:190} INFO - [2024-11-29T08:19:13.538+0000] {dag.py:4180} INFO - Setting next_dagrun for tutorial to 2024-11-28 00:00:00+00:00, run_after=2024-11-29 00:00:00+00:00
[2024-11-29T08:19:13.551+0000] {processor.py:208} INFO - Processing /home/airflow/.local/lib/python3.12/site-packages/airflow/example_dags/tutorial.py took 0.037 seconds
