[2024-12-19T21:43:31.165+0000] {local_task_job_runner.py:123} INFO - ::group::Pre task execution logs
[2024-12-19T21:43:31.191+0000] {taskinstance.py:2613} INFO - Dependencies all met for dep_context=non-requeueable deps ti=<TaskInstance: incremental_data_processing.fetch_events scheduled__2024-12-13T23:00:00+00:00 [queued]>
[2024-12-19T21:43:31.208+0000] {taskinstance.py:2613} INFO - Dependencies all met for dep_context=requeueable deps ti=<TaskInstance: incremental_data_processing.fetch_events scheduled__2024-12-13T23:00:00+00:00 [queued]>
[2024-12-19T21:43:31.209+0000] {taskinstance.py:2866} INFO - Starting attempt 1 of 1
[2024-12-19T21:43:31.411+0000] {taskinstance.py:2889} INFO - Executing <Task(BashOperator): fetch_events> on 2024-12-13 23:00:00+00:00
[2024-12-19T21:43:31.419+0000] {warnings.py:112} WARNING - /home/***/.local/lib/python3.12/site-packages/***/task/task_runner/standard_task_runner.py:70: DeprecationWarning: This process (pid=72) is multi-threaded, use of fork() may lead to deadlocks in the child.
  pid = os.fork()

[2024-12-19T21:43:31.425+0000] {standard_task_runner.py:72} INFO - Started process 107 to run task
[2024-12-19T21:43:31.435+0000] {standard_task_runner.py:104} INFO - Running: ['***', 'tasks', 'run', 'incremental_data_processing', 'fetch_events', 'scheduled__2024-12-13T23:00:00+00:00', '--job-id', '159', '--raw', '--subdir', 'DAGS_FOLDER/incremental_data_processing.py', '--cfg-path', '/tmp/tmpqu7ue1vv']
[2024-12-19T21:43:31.443+0000] {standard_task_runner.py:105} INFO - Job 159: Subtask fetch_events
[2024-12-19T21:43:31.699+0000] {task_command.py:467} INFO - Running <TaskInstance: incremental_data_processing.fetch_events scheduled__2024-12-13T23:00:00+00:00 [running]> on host 447a91cba43e
[2024-12-19T21:43:32.323+0000] {taskinstance.py:3132} INFO - Exporting env vars: AIRFLOW_CTX_DAG_OWNER='***' AIRFLOW_CTX_DAG_ID='incremental_data_processing' AIRFLOW_CTX_TASK_ID='fetch_events' AIRFLOW_CTX_EXECUTION_DATE='2024-12-13T23:00:00+00:00' AIRFLOW_CTX_TRY_NUMBER='1' AIRFLOW_CTX_DAG_RUN_ID='scheduled__2024-12-13T23:00:00+00:00'
[2024-12-19T21:43:32.329+0000] {logging_mixin.py:190} INFO - Task instance is in running state
[2024-12-19T21:43:32.335+0000] {logging_mixin.py:190} INFO -  Previous state of the Task instance: queued
[2024-12-19T21:43:32.336+0000] {logging_mixin.py:190} INFO - Current task name:fetch_events state:running start_date:2024-12-19 21:43:31.191973+00:00
[2024-12-19T21:43:32.337+0000] {logging_mixin.py:190} INFO - Dag name:incremental_data_processing and current dag run status:running
[2024-12-19T21:43:32.339+0000] {taskinstance.py:731} INFO - ::endgroup::
[2024-12-19T21:43:32.350+0000] {subprocess.py:78} INFO - Tmp dir root location: /tmp
[2024-12-19T21:43:32.355+0000] {subprocess.py:88} INFO - Running command: ['/usr/bin/bash', '-c', 'curl -o /tmp/data/events.json_2024-12-13 http://events_api:5000/events?start_date=2024-12-01&end_date=2024-12-02start_date=2024-12-13&end_date=2024-12-14']
[2024-12-19T21:43:32.432+0000] {subprocess.py:99} INFO - Output:
[2024-12-19T21:43:32.549+0000] {subprocess.py:106} INFO -   % Total    % Received % Xferd  Average Speed   Time    Time     Time  Current
[2024-12-19T21:43:32.550+0000] {subprocess.py:106} INFO -                                  Dload  Upload   Total   Spent    Left  Speed
[2024-12-19T21:43:33.396+0000] {subprocess.py:106} INFO -   0     0    0     0    0     0      0      0 --:--:-- --:--:-- --:--:--     0100 1086k  100 1086k    0     0  1284k      0 --:--:-- --:--:-- --:--:-- 1284k
[2024-12-19T21:43:33.397+0000] {subprocess.py:110} INFO - Command exited with return code 0
[2024-12-19T21:43:33.415+0000] {taskinstance.py:340} INFO - ::group::Post task execution logs
[2024-12-19T21:43:33.415+0000] {taskinstance.py:352} INFO - Marking task as SUCCESS. dag_id=incremental_data_processing, task_id=fetch_events, run_id=scheduled__2024-12-13T23:00:00+00:00, execution_date=20241213T230000, start_date=20241219T214331, end_date=20241219T214333
[2024-12-19T21:43:33.422+0000] {logging_mixin.py:190} INFO - Task instance in success state
[2024-12-19T21:43:33.422+0000] {logging_mixin.py:190} INFO -  Previous state of the Task instance: running
[2024-12-19T21:43:33.423+0000] {logging_mixin.py:190} INFO - Dag name:incremental_data_processing queued_at:2024-12-19 21:43:25.411918+00:00
[2024-12-19T21:43:33.423+0000] {logging_mixin.py:190} INFO - Task hostname:447a91cba43e operator:BashOperator
[2024-12-19T21:43:33.437+0000] {local_task_job_runner.py:266} INFO - Task exited with return code 0
[2024-12-19T21:43:33.453+0000] {taskinstance.py:3895} INFO - 1 downstream tasks scheduled from follow-on schedule check
[2024-12-19T21:43:33.454+0000] {local_task_job_runner.py:245} INFO - ::endgroup::
