[2024-12-19T22:01:02.552+0000] {local_task_job_runner.py:123} INFO - ::group::Pre task execution logs
[2024-12-19T22:01:02.558+0000] {taskinstance.py:2613} INFO - Dependencies all met for dep_context=non-requeueable deps ti=<TaskInstance: atomic_idm.fetch_events manual__2024-12-19T22:01:01.603761+00:00 [queued]>
[2024-12-19T22:01:02.561+0000] {taskinstance.py:2613} INFO - Dependencies all met for dep_context=requeueable deps ti=<TaskInstance: atomic_idm.fetch_events manual__2024-12-19T22:01:01.603761+00:00 [queued]>
[2024-12-19T22:01:02.561+0000] {taskinstance.py:2866} INFO - Starting attempt 1 of 1
[2024-12-19T22:01:02.671+0000] {taskinstance.py:2889} INFO - Executing <Task(BashOperator): fetch_events> on 2024-12-19 22:01:01.603761+00:00
[2024-12-19T22:01:02.675+0000] {warnings.py:112} WARNING - /home/***/.local/lib/python3.12/site-packages/***/task/task_runner/standard_task_runner.py:70: DeprecationWarning: This process (pid=755) is multi-threaded, use of fork() may lead to deadlocks in the child.
  pid = os.fork()

[2024-12-19T22:01:02.676+0000] {standard_task_runner.py:72} INFO - Started process 756 to run task
[2024-12-19T22:01:02.677+0000] {standard_task_runner.py:104} INFO - Running: ['***', 'tasks', 'run', 'atomic_idm', 'fetch_events', 'manual__2024-12-19T22:01:01.603761+00:00', '--job-id', '248', '--raw', '--subdir', 'DAGS_FOLDER/atomicity_idempotency.py', '--cfg-path', '/tmp/tmp85nawgs_']
[2024-12-19T22:01:02.677+0000] {standard_task_runner.py:105} INFO - Job 248: Subtask fetch_events
[2024-12-19T22:01:02.709+0000] {task_command.py:467} INFO - Running <TaskInstance: atomic_idm.fetch_events manual__2024-12-19T22:01:01.603761+00:00 [running]> on host 447a91cba43e
[2024-12-19T22:01:02.741+0000] {taskinstance.py:3132} INFO - Exporting env vars: AIRFLOW_CTX_DAG_OWNER='***' AIRFLOW_CTX_DAG_ID='atomic_idm' AIRFLOW_CTX_TASK_ID='fetch_events' AIRFLOW_CTX_EXECUTION_DATE='2024-12-19T22:01:01.603761+00:00' AIRFLOW_CTX_TRY_NUMBER='1' AIRFLOW_CTX_DAG_RUN_ID='manual__2024-12-19T22:01:01.603761+00:00'
[2024-12-19T22:01:02.742+0000] {logging_mixin.py:190} INFO - Task instance is in running state
[2024-12-19T22:01:02.742+0000] {logging_mixin.py:190} INFO -  Previous state of the Task instance: queued
[2024-12-19T22:01:02.742+0000] {logging_mixin.py:190} INFO - Current task name:fetch_events state:running start_date:2024-12-19 22:01:02.558466+00:00
[2024-12-19T22:01:02.742+0000] {logging_mixin.py:190} INFO - Dag name:atomic_idm and current dag run status:running
[2024-12-19T22:01:02.742+0000] {taskinstance.py:731} INFO - ::endgroup::
[2024-12-19T22:01:02.743+0000] {subprocess.py:78} INFO - Tmp dir root location: /tmp
[2024-12-19T22:01:02.743+0000] {subprocess.py:88} INFO - Running command: ['/usr/bin/bash', '-c', 'curl -o /tmp/data/events_2024-12-19 http://events_api:5000/events?start_date=2024-12-18&end_date=2024-12-19']
[2024-12-19T22:01:02.748+0000] {subprocess.py:99} INFO - Output:
[2024-12-19T22:01:02.752+0000] {subprocess.py:106} INFO -   % Total    % Received % Xferd  Average Speed   Time    Time     Time  Current
[2024-12-19T22:01:02.753+0000] {subprocess.py:106} INFO -                                  Dload  Upload   Total   Spent    Left  Speed
[2024-12-19T22:01:02.763+0000] {subprocess.py:106} INFO -   0     0    0     0    0     0      0      0 --:--:-- --:--:-- --:--:--     0100 24985  100 24985    0     0  2401k      0 --:--:-- --:--:-- --:--:-- 2439k
[2024-12-19T22:01:02.764+0000] {subprocess.py:110} INFO - Command exited with return code 0
[2024-12-19T22:01:02.774+0000] {taskinstance.py:340} INFO - ::group::Post task execution logs
[2024-12-19T22:01:02.774+0000] {taskinstance.py:352} INFO - Marking task as SUCCESS. dag_id=atomic_idm, task_id=fetch_events, run_id=manual__2024-12-19T22:01:01.603761+00:00, execution_date=20241219T220101, start_date=20241219T220102, end_date=20241219T220102
[2024-12-19T22:01:02.777+0000] {logging_mixin.py:190} INFO - Task instance in success state
[2024-12-19T22:01:02.777+0000] {logging_mixin.py:190} INFO -  Previous state of the Task instance: running
[2024-12-19T22:01:02.778+0000] {logging_mixin.py:190} INFO - Dag name:atomic_idm queued_at:2024-12-19 22:01:01.618821+00:00
[2024-12-19T22:01:02.778+0000] {logging_mixin.py:190} INFO - Task hostname:447a91cba43e operator:BashOperator
[2024-12-19T22:01:02.817+0000] {local_task_job_runner.py:266} INFO - Task exited with return code 0
[2024-12-19T22:01:02.825+0000] {taskinstance.py:3895} INFO - 1 downstream tasks scheduled from follow-on schedule check
[2024-12-19T22:01:02.826+0000] {local_task_job_runner.py:245} INFO - ::endgroup::
