[2024-12-02T23:43:48.007+0000] {local_task_job_runner.py:123} INFO - ::group::Pre task execution logs
[2024-12-02T23:43:48.027+0000] {taskinstance.py:2613} INFO - Dependencies all met for dep_context=non-requeueable deps ti=<TaskInstance: incremental_data_processing.fetch_events scheduled__2024-12-02T13:00:00+00:00 [queued]>
[2024-12-02T23:43:48.065+0000] {taskinstance.py:2613} INFO - Dependencies all met for dep_context=requeueable deps ti=<TaskInstance: incremental_data_processing.fetch_events scheduled__2024-12-02T13:00:00+00:00 [queued]>
[2024-12-02T23:43:48.066+0000] {taskinstance.py:2866} INFO - Starting attempt 1 of 1
[2024-12-02T23:43:48.096+0000] {taskinstance.py:2889} INFO - Executing <Task(BashOperator): fetch_events> on 2024-12-02 13:00:00+00:00
[2024-12-02T23:43:48.105+0000] {warnings.py:112} WARNING - /home/***/.local/lib/python3.12/site-packages/***/task/task_runner/standard_task_runner.py:70: DeprecationWarning: This process (pid=607) is multi-threaded, use of fork() may lead to deadlocks in the child.
  pid = os.fork()

[2024-12-02T23:43:48.110+0000] {standard_task_runner.py:72} INFO - Started process 639 to run task
[2024-12-02T23:43:48.110+0000] {standard_task_runner.py:104} INFO - Running: ['***', 'tasks', 'run', 'incremental_data_processing', 'fetch_events', 'scheduled__2024-12-02T13:00:00+00:00', '--job-id', '117', '--raw', '--subdir', 'DAGS_FOLDER/incremental_data_processing.py', '--cfg-path', '/tmp/tmpvy60pc_h']
[2024-12-02T23:43:48.111+0000] {standard_task_runner.py:105} INFO - Job 117: Subtask fetch_events
[2024-12-02T23:43:48.178+0000] {task_command.py:467} INFO - Running <TaskInstance: incremental_data_processing.fetch_events scheduled__2024-12-02T13:00:00+00:00 [running]> on host 91648beb4ae9
[2024-12-02T23:43:48.313+0000] {taskinstance.py:3132} INFO - Exporting env vars: AIRFLOW_CTX_DAG_OWNER='***' AIRFLOW_CTX_DAG_ID='incremental_data_processing' AIRFLOW_CTX_TASK_ID='fetch_events' AIRFLOW_CTX_EXECUTION_DATE='2024-12-02T13:00:00+00:00' AIRFLOW_CTX_TRY_NUMBER='1' AIRFLOW_CTX_DAG_RUN_ID='scheduled__2024-12-02T13:00:00+00:00'
[2024-12-02T23:43:48.319+0000] {logging_mixin.py:190} INFO - Task instance is in running state
[2024-12-02T23:43:48.320+0000] {logging_mixin.py:190} INFO -  Previous state of the Task instance: queued
[2024-12-02T23:43:48.322+0000] {logging_mixin.py:190} INFO - Current task name:fetch_events state:running start_date:2024-12-02 23:43:48.030312+00:00
[2024-12-02T23:43:48.322+0000] {logging_mixin.py:190} INFO - Dag name:incremental_data_processing and current dag run status:running
[2024-12-02T23:43:48.322+0000] {taskinstance.py:731} INFO - ::endgroup::
[2024-12-02T23:43:48.323+0000] {subprocess.py:78} INFO - Tmp dir root location: /tmp
[2024-12-02T23:43:48.324+0000] {subprocess.py:88} INFO - Running command: ['/usr/bin/bash', '-c', 'curl -o /tmp/data/events.json http://events_api:5000/events?start_date=2024-12-01&end_date=2024-12-02']
[2024-12-02T23:43:48.347+0000] {subprocess.py:99} INFO - Output:
[2024-12-02T23:43:48.364+0000] {subprocess.py:106} INFO -   % Total    % Received % Xferd  Average Speed   Time    Time     Time  Current
[2024-12-02T23:43:48.379+0000] {subprocess.py:106} INFO -                                  Dload  Upload   Total   Spent    Left  Speed
[2024-12-02T23:43:48.391+0000] {subprocess.py:106} INFO -   0     0    0     0    0     0      0      0 --:--:-- --:--:-- --:--:--     0100 38675  100 38675    0     0  1404k      0 --:--:-- --:--:-- --:--:-- 1452k
[2024-12-02T23:43:48.396+0000] {subprocess.py:110} INFO - Command exited with return code 0
[2024-12-02T23:43:48.460+0000] {taskinstance.py:340} INFO - ::group::Post task execution logs
[2024-12-02T23:43:48.465+0000] {taskinstance.py:352} INFO - Marking task as SUCCESS. dag_id=incremental_data_processing, task_id=fetch_events, run_id=scheduled__2024-12-02T13:00:00+00:00, execution_date=20241202T130000, start_date=20241202T234348, end_date=20241202T234348
[2024-12-02T23:43:48.506+0000] {logging_mixin.py:190} INFO - Task instance in success state
[2024-12-02T23:43:48.508+0000] {logging_mixin.py:190} INFO -  Previous state of the Task instance: running
[2024-12-02T23:43:48.510+0000] {logging_mixin.py:190} INFO - Dag name:incremental_data_processing queued_at:2024-12-02 23:43:45.728361+00:00
[2024-12-02T23:43:48.526+0000] {logging_mixin.py:190} INFO - Task hostname:91648beb4ae9 operator:BashOperator
[2024-12-02T23:43:48.616+0000] {local_task_job_runner.py:266} INFO - Task exited with return code 0
[2024-12-02T23:43:48.633+0000] {local_task_job_runner.py:245} INFO - ::endgroup::
