[2024-12-19T21:43:24.793+0000] {processor.py:186} INFO - Started process (PID=49) to work on /opt/airflow/dags/download_rocket_launch.py
[2024-12-19T21:43:24.794+0000] {processor.py:914} INFO - Processing file /opt/airflow/dags/download_rocket_launch.py for tasks to queue
[2024-12-19T21:43:24.796+0000] {logging_mixin.py:190} INFO - [2024-12-19T21:43:24.796+0000] {dagbag.py:588} INFO - Filling up the DagBag from /opt/airflow/dags/download_rocket_launch.py
[2024-12-19T21:43:24.807+0000] {processor.py:925} INFO - DAG(s) 'download_rocket_launches' retrieved from /opt/airflow/dags/download_rocket_launch.py
[2024-12-19T21:43:24.943+0000] {logging_mixin.py:190} INFO - [2024-12-19T21:43:24.942+0000] {dag.py:3239} INFO - Sync 1 DAGs
[2024-12-19T21:43:24.951+0000] {logging_mixin.py:190} INFO - [2024-12-19T21:43:24.950+0000] {dag.py:4180} INFO - Setting next_dagrun for download_rocket_launches to None, run_after=None
[2024-12-19T21:43:24.968+0000] {processor.py:208} INFO - Processing /opt/airflow/dags/download_rocket_launch.py took 0.178 seconds
[2024-12-19T21:43:55.482+0000] {processor.py:186} INFO - Started process (PID=125) to work on /opt/airflow/dags/download_rocket_launch.py
[2024-12-19T21:43:55.483+0000] {processor.py:914} INFO - Processing file /opt/airflow/dags/download_rocket_launch.py for tasks to queue
[2024-12-19T21:43:55.484+0000] {logging_mixin.py:190} INFO - [2024-12-19T21:43:55.483+0000] {dagbag.py:588} INFO - Filling up the DagBag from /opt/airflow/dags/download_rocket_launch.py
[2024-12-19T21:43:55.487+0000] {processor.py:925} INFO - DAG(s) 'download_rocket_launches' retrieved from /opt/airflow/dags/download_rocket_launch.py
[2024-12-19T21:43:55.496+0000] {logging_mixin.py:190} INFO - [2024-12-19T21:43:55.495+0000] {dag.py:3239} INFO - Sync 1 DAGs
[2024-12-19T21:43:55.503+0000] {logging_mixin.py:190} INFO - [2024-12-19T21:43:55.503+0000] {dag.py:4180} INFO - Setting next_dagrun for download_rocket_launches to None, run_after=None
[2024-12-19T21:43:55.512+0000] {processor.py:208} INFO - Processing /opt/airflow/dags/download_rocket_launch.py took 0.037 seconds
[2024-12-19T21:44:26.293+0000] {processor.py:186} INFO - Started process (PID=191) to work on /opt/airflow/dags/download_rocket_launch.py
[2024-12-19T21:44:26.297+0000] {processor.py:914} INFO - Processing file /opt/airflow/dags/download_rocket_launch.py for tasks to queue
[2024-12-19T21:44:26.298+0000] {logging_mixin.py:190} INFO - [2024-12-19T21:44:26.297+0000] {dagbag.py:588} INFO - Filling up the DagBag from /opt/airflow/dags/download_rocket_launch.py
[2024-12-19T21:44:26.305+0000] {processor.py:925} INFO - DAG(s) 'download_rocket_launches' retrieved from /opt/airflow/dags/download_rocket_launch.py
[2024-12-19T21:44:26.316+0000] {logging_mixin.py:190} INFO - [2024-12-19T21:44:26.316+0000] {dag.py:3239} INFO - Sync 1 DAGs
[2024-12-19T21:44:26.321+0000] {logging_mixin.py:190} INFO - [2024-12-19T21:44:26.321+0000] {dag.py:4180} INFO - Setting next_dagrun for download_rocket_launches to None, run_after=None
[2024-12-19T21:44:26.327+0000] {processor.py:208} INFO - Processing /opt/airflow/dags/download_rocket_launch.py took 0.037 seconds
[2024-12-19T21:44:56.907+0000] {processor.py:186} INFO - Started process (PID=258) to work on /opt/airflow/dags/download_rocket_launch.py
[2024-12-19T21:44:56.907+0000] {processor.py:914} INFO - Processing file /opt/airflow/dags/download_rocket_launch.py for tasks to queue
[2024-12-19T21:44:56.909+0000] {logging_mixin.py:190} INFO - [2024-12-19T21:44:56.909+0000] {dagbag.py:588} INFO - Filling up the DagBag from /opt/airflow/dags/download_rocket_launch.py
[2024-12-19T21:44:56.915+0000] {processor.py:925} INFO - DAG(s) 'download_rocket_launches' retrieved from /opt/airflow/dags/download_rocket_launch.py
[2024-12-19T21:44:56.925+0000] {logging_mixin.py:190} INFO - [2024-12-19T21:44:56.925+0000] {dag.py:3239} INFO - Sync 1 DAGs
[2024-12-19T21:44:56.930+0000] {logging_mixin.py:190} INFO - [2024-12-19T21:44:56.930+0000] {dag.py:4180} INFO - Setting next_dagrun for download_rocket_launches to None, run_after=None
[2024-12-19T21:44:56.937+0000] {processor.py:208} INFO - Processing /opt/airflow/dags/download_rocket_launch.py took 0.033 seconds
[2024-12-19T21:45:27.383+0000] {processor.py:186} INFO - Started process (PID=325) to work on /opt/airflow/dags/download_rocket_launch.py
[2024-12-19T21:45:27.384+0000] {processor.py:914} INFO - Processing file /opt/airflow/dags/download_rocket_launch.py for tasks to queue
[2024-12-19T21:45:27.386+0000] {logging_mixin.py:190} INFO - [2024-12-19T21:45:27.386+0000] {dagbag.py:588} INFO - Filling up the DagBag from /opt/airflow/dags/download_rocket_launch.py
[2024-12-19T21:45:27.390+0000] {processor.py:925} INFO - DAG(s) 'download_rocket_launches' retrieved from /opt/airflow/dags/download_rocket_launch.py
[2024-12-19T21:45:27.406+0000] {logging_mixin.py:190} INFO - [2024-12-19T21:45:27.406+0000] {dag.py:3239} INFO - Sync 1 DAGs
[2024-12-19T21:45:27.412+0000] {logging_mixin.py:190} INFO - [2024-12-19T21:45:27.412+0000] {dag.py:4180} INFO - Setting next_dagrun for download_rocket_launches to None, run_after=None
[2024-12-19T21:45:27.422+0000] {processor.py:208} INFO - Processing /opt/airflow/dags/download_rocket_launch.py took 0.041 seconds
[2024-12-19T21:45:57.802+0000] {processor.py:186} INFO - Started process (PID=392) to work on /opt/airflow/dags/download_rocket_launch.py
[2024-12-19T21:45:57.802+0000] {processor.py:914} INFO - Processing file /opt/airflow/dags/download_rocket_launch.py for tasks to queue
[2024-12-19T21:45:57.803+0000] {logging_mixin.py:190} INFO - [2024-12-19T21:45:57.803+0000] {dagbag.py:588} INFO - Filling up the DagBag from /opt/airflow/dags/download_rocket_launch.py
[2024-12-19T21:45:57.813+0000] {processor.py:925} INFO - DAG(s) 'download_rocket_launches' retrieved from /opt/airflow/dags/download_rocket_launch.py
[2024-12-19T21:45:57.824+0000] {logging_mixin.py:190} INFO - [2024-12-19T21:45:57.824+0000] {dag.py:3239} INFO - Sync 1 DAGs
[2024-12-19T21:45:57.829+0000] {logging_mixin.py:190} INFO - [2024-12-19T21:45:57.829+0000] {dag.py:4180} INFO - Setting next_dagrun for download_rocket_launches to None, run_after=None
[2024-12-19T21:45:57.835+0000] {processor.py:208} INFO - Processing /opt/airflow/dags/download_rocket_launch.py took 0.036 seconds
[2024-12-19T21:46:28.035+0000] {processor.py:186} INFO - Started process (PID=459) to work on /opt/airflow/dags/download_rocket_launch.py
[2024-12-19T21:46:28.036+0000] {processor.py:914} INFO - Processing file /opt/airflow/dags/download_rocket_launch.py for tasks to queue
[2024-12-19T21:46:28.037+0000] {logging_mixin.py:190} INFO - [2024-12-19T21:46:28.037+0000] {dagbag.py:588} INFO - Filling up the DagBag from /opt/airflow/dags/download_rocket_launch.py
[2024-12-19T21:46:28.046+0000] {processor.py:925} INFO - DAG(s) 'download_rocket_launches' retrieved from /opt/airflow/dags/download_rocket_launch.py
[2024-12-19T21:46:28.056+0000] {logging_mixin.py:190} INFO - [2024-12-19T21:46:28.056+0000] {dag.py:3239} INFO - Sync 1 DAGs
[2024-12-19T21:46:28.062+0000] {logging_mixin.py:190} INFO - [2024-12-19T21:46:28.061+0000] {dag.py:4180} INFO - Setting next_dagrun for download_rocket_launches to None, run_after=None
[2024-12-19T21:46:28.068+0000] {processor.py:208} INFO - Processing /opt/airflow/dags/download_rocket_launch.py took 0.036 seconds
[2024-12-19T21:46:58.322+0000] {processor.py:186} INFO - Started process (PID=526) to work on /opt/airflow/dags/download_rocket_launch.py
[2024-12-19T21:46:58.326+0000] {processor.py:914} INFO - Processing file /opt/airflow/dags/download_rocket_launch.py for tasks to queue
[2024-12-19T21:46:58.327+0000] {logging_mixin.py:190} INFO - [2024-12-19T21:46:58.327+0000] {dagbag.py:588} INFO - Filling up the DagBag from /opt/airflow/dags/download_rocket_launch.py
[2024-12-19T21:46:58.331+0000] {processor.py:925} INFO - DAG(s) 'download_rocket_launches' retrieved from /opt/airflow/dags/download_rocket_launch.py
[2024-12-19T21:46:58.343+0000] {logging_mixin.py:190} INFO - [2024-12-19T21:46:58.343+0000] {dag.py:3239} INFO - Sync 1 DAGs
[2024-12-19T21:46:58.350+0000] {logging_mixin.py:190} INFO - [2024-12-19T21:46:58.350+0000] {dag.py:4180} INFO - Setting next_dagrun for download_rocket_launches to None, run_after=None
[2024-12-19T21:46:58.356+0000] {processor.py:208} INFO - Processing /opt/airflow/dags/download_rocket_launch.py took 0.036 seconds
[2024-12-19T21:47:28.578+0000] {processor.py:186} INFO - Started process (PID=593) to work on /opt/airflow/dags/download_rocket_launch.py
[2024-12-19T21:47:28.582+0000] {processor.py:914} INFO - Processing file /opt/airflow/dags/download_rocket_launch.py for tasks to queue
[2024-12-19T21:47:28.583+0000] {logging_mixin.py:190} INFO - [2024-12-19T21:47:28.583+0000] {dagbag.py:588} INFO - Filling up the DagBag from /opt/airflow/dags/download_rocket_launch.py
[2024-12-19T21:47:28.587+0000] {processor.py:925} INFO - DAG(s) 'download_rocket_launches' retrieved from /opt/airflow/dags/download_rocket_launch.py
[2024-12-19T21:47:28.598+0000] {logging_mixin.py:190} INFO - [2024-12-19T21:47:28.598+0000] {dag.py:3239} INFO - Sync 1 DAGs
[2024-12-19T21:47:28.605+0000] {logging_mixin.py:190} INFO - [2024-12-19T21:47:28.604+0000] {dag.py:4180} INFO - Setting next_dagrun for download_rocket_launches to None, run_after=None
[2024-12-19T21:47:28.611+0000] {processor.py:208} INFO - Processing /opt/airflow/dags/download_rocket_launch.py took 0.036 seconds
[2024-12-19T21:47:58.772+0000] {processor.py:186} INFO - Started process (PID=660) to work on /opt/airflow/dags/download_rocket_launch.py
[2024-12-19T21:47:58.773+0000] {processor.py:914} INFO - Processing file /opt/airflow/dags/download_rocket_launch.py for tasks to queue
[2024-12-19T21:47:58.774+0000] {logging_mixin.py:190} INFO - [2024-12-19T21:47:58.774+0000] {dagbag.py:588} INFO - Filling up the DagBag from /opt/airflow/dags/download_rocket_launch.py
[2024-12-19T21:47:58.781+0000] {processor.py:925} INFO - DAG(s) 'download_rocket_launches' retrieved from /opt/airflow/dags/download_rocket_launch.py
[2024-12-19T21:47:58.792+0000] {logging_mixin.py:190} INFO - [2024-12-19T21:47:58.792+0000] {dag.py:3239} INFO - Sync 1 DAGs
[2024-12-19T21:47:58.797+0000] {logging_mixin.py:190} INFO - [2024-12-19T21:47:58.797+0000] {dag.py:4180} INFO - Setting next_dagrun for download_rocket_launches to None, run_after=None
[2024-12-19T21:47:58.803+0000] {processor.py:208} INFO - Processing /opt/airflow/dags/download_rocket_launch.py took 0.033 seconds
[2024-12-19T21:48:29.176+0000] {processor.py:186} INFO - Started process (PID=727) to work on /opt/airflow/dags/download_rocket_launch.py
[2024-12-19T21:48:29.176+0000] {processor.py:914} INFO - Processing file /opt/airflow/dags/download_rocket_launch.py for tasks to queue
[2024-12-19T21:48:29.178+0000] {logging_mixin.py:190} INFO - [2024-12-19T21:48:29.177+0000] {dagbag.py:588} INFO - Filling up the DagBag from /opt/airflow/dags/download_rocket_launch.py
[2024-12-19T21:48:29.181+0000] {processor.py:925} INFO - DAG(s) 'download_rocket_launches' retrieved from /opt/airflow/dags/download_rocket_launch.py
[2024-12-19T21:48:29.189+0000] {logging_mixin.py:190} INFO - [2024-12-19T21:48:29.189+0000] {dag.py:3239} INFO - Sync 1 DAGs
[2024-12-19T21:48:29.194+0000] {logging_mixin.py:190} INFO - [2024-12-19T21:48:29.194+0000] {dag.py:4180} INFO - Setting next_dagrun for download_rocket_launches to None, run_after=None
[2024-12-19T21:48:29.199+0000] {processor.py:208} INFO - Processing /opt/airflow/dags/download_rocket_launch.py took 0.026 seconds
[2024-12-19T21:48:59.345+0000] {processor.py:186} INFO - Started process (PID=794) to work on /opt/airflow/dags/download_rocket_launch.py
[2024-12-19T21:48:59.345+0000] {processor.py:914} INFO - Processing file /opt/airflow/dags/download_rocket_launch.py for tasks to queue
[2024-12-19T21:48:59.346+0000] {logging_mixin.py:190} INFO - [2024-12-19T21:48:59.346+0000] {dagbag.py:588} INFO - Filling up the DagBag from /opt/airflow/dags/download_rocket_launch.py
[2024-12-19T21:48:59.350+0000] {processor.py:925} INFO - DAG(s) 'download_rocket_launches' retrieved from /opt/airflow/dags/download_rocket_launch.py
[2024-12-19T21:48:59.357+0000] {logging_mixin.py:190} INFO - [2024-12-19T21:48:59.357+0000] {dag.py:3239} INFO - Sync 1 DAGs
[2024-12-19T21:48:59.362+0000] {logging_mixin.py:190} INFO - [2024-12-19T21:48:59.362+0000] {dag.py:4180} INFO - Setting next_dagrun for download_rocket_launches to None, run_after=None
[2024-12-19T21:48:59.368+0000] {processor.py:208} INFO - Processing /opt/airflow/dags/download_rocket_launch.py took 0.025 seconds
[2024-12-19T21:49:29.567+0000] {processor.py:186} INFO - Started process (PID=861) to work on /opt/airflow/dags/download_rocket_launch.py
[2024-12-19T21:49:29.567+0000] {processor.py:914} INFO - Processing file /opt/airflow/dags/download_rocket_launch.py for tasks to queue
[2024-12-19T21:49:29.568+0000] {logging_mixin.py:190} INFO - [2024-12-19T21:49:29.568+0000] {dagbag.py:588} INFO - Filling up the DagBag from /opt/airflow/dags/download_rocket_launch.py
[2024-12-19T21:49:29.572+0000] {processor.py:925} INFO - DAG(s) 'download_rocket_launches' retrieved from /opt/airflow/dags/download_rocket_launch.py
[2024-12-19T21:49:29.581+0000] {logging_mixin.py:190} INFO - [2024-12-19T21:49:29.580+0000] {dag.py:3239} INFO - Sync 1 DAGs
[2024-12-19T21:49:29.586+0000] {logging_mixin.py:190} INFO - [2024-12-19T21:49:29.586+0000] {dag.py:4180} INFO - Setting next_dagrun for download_rocket_launches to None, run_after=None
[2024-12-19T21:49:29.592+0000] {processor.py:208} INFO - Processing /opt/airflow/dags/download_rocket_launch.py took 0.027 seconds
[2024-12-19T21:49:59.774+0000] {processor.py:186} INFO - Started process (PID=928) to work on /opt/airflow/dags/download_rocket_launch.py
[2024-12-19T21:49:59.775+0000] {processor.py:914} INFO - Processing file /opt/airflow/dags/download_rocket_launch.py for tasks to queue
[2024-12-19T21:49:59.776+0000] {logging_mixin.py:190} INFO - [2024-12-19T21:49:59.776+0000] {dagbag.py:588} INFO - Filling up the DagBag from /opt/airflow/dags/download_rocket_launch.py
[2024-12-19T21:49:59.781+0000] {processor.py:925} INFO - DAG(s) 'download_rocket_launches' retrieved from /opt/airflow/dags/download_rocket_launch.py
[2024-12-19T21:49:59.790+0000] {logging_mixin.py:190} INFO - [2024-12-19T21:49:59.790+0000] {dag.py:3239} INFO - Sync 1 DAGs
[2024-12-19T21:49:59.798+0000] {logging_mixin.py:190} INFO - [2024-12-19T21:49:59.798+0000] {dag.py:4180} INFO - Setting next_dagrun for download_rocket_launches to None, run_after=None
[2024-12-19T21:49:59.805+0000] {processor.py:208} INFO - Processing /opt/airflow/dags/download_rocket_launch.py took 0.035 seconds
[2024-12-19T21:50:30.100+0000] {processor.py:186} INFO - Started process (PID=1000) to work on /opt/airflow/dags/download_rocket_launch.py
[2024-12-19T21:50:30.100+0000] {processor.py:914} INFO - Processing file /opt/airflow/dags/download_rocket_launch.py for tasks to queue
[2024-12-19T21:50:30.101+0000] {logging_mixin.py:190} INFO - [2024-12-19T21:50:30.101+0000] {dagbag.py:588} INFO - Filling up the DagBag from /opt/airflow/dags/download_rocket_launch.py
[2024-12-19T21:50:30.105+0000] {processor.py:925} INFO - DAG(s) 'download_rocket_launches' retrieved from /opt/airflow/dags/download_rocket_launch.py
[2024-12-19T21:50:30.112+0000] {logging_mixin.py:190} INFO - [2024-12-19T21:50:30.112+0000] {dag.py:3239} INFO - Sync 1 DAGs
[2024-12-19T21:50:30.117+0000] {logging_mixin.py:190} INFO - [2024-12-19T21:50:30.117+0000] {dag.py:4180} INFO - Setting next_dagrun for download_rocket_launches to None, run_after=None
[2024-12-19T21:50:30.123+0000] {processor.py:208} INFO - Processing /opt/airflow/dags/download_rocket_launch.py took 0.026 seconds
[2024-12-19T21:51:00.306+0000] {processor.py:186} INFO - Started process (PID=1067) to work on /opt/airflow/dags/download_rocket_launch.py
[2024-12-19T21:51:00.307+0000] {processor.py:914} INFO - Processing file /opt/airflow/dags/download_rocket_launch.py for tasks to queue
[2024-12-19T21:51:00.308+0000] {logging_mixin.py:190} INFO - [2024-12-19T21:51:00.308+0000] {dagbag.py:588} INFO - Filling up the DagBag from /opt/airflow/dags/download_rocket_launch.py
[2024-12-19T21:51:00.311+0000] {processor.py:925} INFO - DAG(s) 'download_rocket_launches' retrieved from /opt/airflow/dags/download_rocket_launch.py
[2024-12-19T21:51:00.318+0000] {logging_mixin.py:190} INFO - [2024-12-19T21:51:00.318+0000] {dag.py:3239} INFO - Sync 1 DAGs
[2024-12-19T21:51:00.323+0000] {logging_mixin.py:190} INFO - [2024-12-19T21:51:00.323+0000] {dag.py:4180} INFO - Setting next_dagrun for download_rocket_launches to None, run_after=None
[2024-12-19T21:51:00.328+0000] {processor.py:208} INFO - Processing /opt/airflow/dags/download_rocket_launch.py took 0.024 seconds
[2024-12-19T21:51:30.763+0000] {processor.py:186} INFO - Started process (PID=1134) to work on /opt/airflow/dags/download_rocket_launch.py
[2024-12-19T21:51:30.763+0000] {processor.py:914} INFO - Processing file /opt/airflow/dags/download_rocket_launch.py for tasks to queue
[2024-12-19T21:51:30.764+0000] {logging_mixin.py:190} INFO - [2024-12-19T21:51:30.764+0000] {dagbag.py:588} INFO - Filling up the DagBag from /opt/airflow/dags/download_rocket_launch.py
[2024-12-19T21:51:30.769+0000] {processor.py:925} INFO - DAG(s) 'download_rocket_launches' retrieved from /opt/airflow/dags/download_rocket_launch.py
[2024-12-19T21:51:30.777+0000] {logging_mixin.py:190} INFO - [2024-12-19T21:51:30.777+0000] {dag.py:3239} INFO - Sync 1 DAGs
[2024-12-19T21:51:30.783+0000] {logging_mixin.py:190} INFO - [2024-12-19T21:51:30.782+0000] {dag.py:4180} INFO - Setting next_dagrun for download_rocket_launches to None, run_after=None
[2024-12-19T21:51:30.788+0000] {processor.py:208} INFO - Processing /opt/airflow/dags/download_rocket_launch.py took 0.029 seconds
[2024-12-19T21:52:01.133+0000] {processor.py:186} INFO - Started process (PID=1201) to work on /opt/airflow/dags/download_rocket_launch.py
[2024-12-19T21:52:01.134+0000] {processor.py:914} INFO - Processing file /opt/airflow/dags/download_rocket_launch.py for tasks to queue
[2024-12-19T21:52:01.134+0000] {logging_mixin.py:190} INFO - [2024-12-19T21:52:01.134+0000] {dagbag.py:588} INFO - Filling up the DagBag from /opt/airflow/dags/download_rocket_launch.py
[2024-12-19T21:52:01.138+0000] {processor.py:925} INFO - DAG(s) 'download_rocket_launches' retrieved from /opt/airflow/dags/download_rocket_launch.py
[2024-12-19T21:52:01.146+0000] {logging_mixin.py:190} INFO - [2024-12-19T21:52:01.146+0000] {dag.py:3239} INFO - Sync 1 DAGs
[2024-12-19T21:52:01.151+0000] {logging_mixin.py:190} INFO - [2024-12-19T21:52:01.151+0000] {dag.py:4180} INFO - Setting next_dagrun for download_rocket_launches to None, run_after=None
[2024-12-19T21:52:01.156+0000] {processor.py:208} INFO - Processing /opt/airflow/dags/download_rocket_launch.py took 0.025 seconds
[2024-12-19T21:52:31.419+0000] {processor.py:186} INFO - Started process (PID=1268) to work on /opt/airflow/dags/download_rocket_launch.py
[2024-12-19T21:52:31.420+0000] {processor.py:914} INFO - Processing file /opt/airflow/dags/download_rocket_launch.py for tasks to queue
[2024-12-19T21:52:31.421+0000] {logging_mixin.py:190} INFO - [2024-12-19T21:52:31.421+0000] {dagbag.py:588} INFO - Filling up the DagBag from /opt/airflow/dags/download_rocket_launch.py
[2024-12-19T21:52:31.425+0000] {processor.py:925} INFO - DAG(s) 'download_rocket_launches' retrieved from /opt/airflow/dags/download_rocket_launch.py
[2024-12-19T21:52:31.433+0000] {logging_mixin.py:190} INFO - [2024-12-19T21:52:31.433+0000] {dag.py:3239} INFO - Sync 1 DAGs
[2024-12-19T21:52:31.438+0000] {logging_mixin.py:190} INFO - [2024-12-19T21:52:31.438+0000] {dag.py:4180} INFO - Setting next_dagrun for download_rocket_launches to None, run_after=None
[2024-12-19T21:52:31.444+0000] {processor.py:208} INFO - Processing /opt/airflow/dags/download_rocket_launch.py took 0.027 seconds
[2024-12-19T21:53:01.746+0000] {processor.py:186} INFO - Started process (PID=1335) to work on /opt/airflow/dags/download_rocket_launch.py
[2024-12-19T21:53:01.746+0000] {processor.py:914} INFO - Processing file /opt/airflow/dags/download_rocket_launch.py for tasks to queue
[2024-12-19T21:53:01.747+0000] {logging_mixin.py:190} INFO - [2024-12-19T21:53:01.747+0000] {dagbag.py:588} INFO - Filling up the DagBag from /opt/airflow/dags/download_rocket_launch.py
[2024-12-19T21:53:01.751+0000] {processor.py:925} INFO - DAG(s) 'download_rocket_launches' retrieved from /opt/airflow/dags/download_rocket_launch.py
[2024-12-19T21:53:01.758+0000] {logging_mixin.py:190} INFO - [2024-12-19T21:53:01.758+0000] {dag.py:3239} INFO - Sync 1 DAGs
[2024-12-19T21:53:01.764+0000] {logging_mixin.py:190} INFO - [2024-12-19T21:53:01.764+0000] {dag.py:4180} INFO - Setting next_dagrun for download_rocket_launches to None, run_after=None
[2024-12-19T21:53:01.769+0000] {processor.py:208} INFO - Processing /opt/airflow/dags/download_rocket_launch.py took 0.026 seconds
[2024-12-19T21:53:32.260+0000] {processor.py:186} INFO - Started process (PID=1402) to work on /opt/airflow/dags/download_rocket_launch.py
[2024-12-19T21:53:32.261+0000] {processor.py:914} INFO - Processing file /opt/airflow/dags/download_rocket_launch.py for tasks to queue
[2024-12-19T21:53:32.262+0000] {logging_mixin.py:190} INFO - [2024-12-19T21:53:32.262+0000] {dagbag.py:588} INFO - Filling up the DagBag from /opt/airflow/dags/download_rocket_launch.py
[2024-12-19T21:53:32.266+0000] {processor.py:925} INFO - DAG(s) 'download_rocket_launches' retrieved from /opt/airflow/dags/download_rocket_launch.py
[2024-12-19T21:53:32.275+0000] {logging_mixin.py:190} INFO - [2024-12-19T21:53:32.275+0000] {dag.py:3239} INFO - Sync 1 DAGs
[2024-12-19T21:53:32.281+0000] {logging_mixin.py:190} INFO - [2024-12-19T21:53:32.281+0000] {dag.py:4180} INFO - Setting next_dagrun for download_rocket_launches to None, run_after=None
[2024-12-19T21:53:32.290+0000] {processor.py:208} INFO - Processing /opt/airflow/dags/download_rocket_launch.py took 0.032 seconds
[2024-12-19T21:54:02.780+0000] {processor.py:186} INFO - Started process (PID=1469) to work on /opt/airflow/dags/download_rocket_launch.py
[2024-12-19T21:54:02.781+0000] {processor.py:914} INFO - Processing file /opt/airflow/dags/download_rocket_launch.py for tasks to queue
[2024-12-19T21:54:02.782+0000] {logging_mixin.py:190} INFO - [2024-12-19T21:54:02.781+0000] {dagbag.py:588} INFO - Filling up the DagBag from /opt/airflow/dags/download_rocket_launch.py
[2024-12-19T21:54:02.789+0000] {processor.py:925} INFO - DAG(s) 'download_rocket_launches' retrieved from /opt/airflow/dags/download_rocket_launch.py
[2024-12-19T21:54:02.811+0000] {logging_mixin.py:190} INFO - [2024-12-19T21:54:02.810+0000] {dag.py:3239} INFO - Sync 1 DAGs
[2024-12-19T21:54:02.817+0000] {logging_mixin.py:190} INFO - [2024-12-19T21:54:02.817+0000] {dag.py:4180} INFO - Setting next_dagrun for download_rocket_launches to None, run_after=None
[2024-12-19T21:54:02.824+0000] {processor.py:208} INFO - Processing /opt/airflow/dags/download_rocket_launch.py took 0.047 seconds
[2024-12-19T21:54:33.334+0000] {processor.py:186} INFO - Started process (PID=1536) to work on /opt/airflow/dags/download_rocket_launch.py
[2024-12-19T21:54:33.335+0000] {processor.py:914} INFO - Processing file /opt/airflow/dags/download_rocket_launch.py for tasks to queue
[2024-12-19T21:54:33.336+0000] {logging_mixin.py:190} INFO - [2024-12-19T21:54:33.336+0000] {dagbag.py:588} INFO - Filling up the DagBag from /opt/airflow/dags/download_rocket_launch.py
[2024-12-19T21:54:33.339+0000] {processor.py:925} INFO - DAG(s) 'download_rocket_launches' retrieved from /opt/airflow/dags/download_rocket_launch.py
[2024-12-19T21:54:33.347+0000] {logging_mixin.py:190} INFO - [2024-12-19T21:54:33.347+0000] {dag.py:3239} INFO - Sync 1 DAGs
[2024-12-19T21:54:33.352+0000] {logging_mixin.py:190} INFO - [2024-12-19T21:54:33.352+0000] {dag.py:4180} INFO - Setting next_dagrun for download_rocket_launches to None, run_after=None
[2024-12-19T21:54:33.358+0000] {processor.py:208} INFO - Processing /opt/airflow/dags/download_rocket_launch.py took 0.026 seconds
[2024-12-19T21:55:03.615+0000] {processor.py:186} INFO - Started process (PID=1604) to work on /opt/airflow/dags/download_rocket_launch.py
[2024-12-19T21:55:03.616+0000] {processor.py:914} INFO - Processing file /opt/airflow/dags/download_rocket_launch.py for tasks to queue
[2024-12-19T21:55:03.616+0000] {logging_mixin.py:190} INFO - [2024-12-19T21:55:03.616+0000] {dagbag.py:588} INFO - Filling up the DagBag from /opt/airflow/dags/download_rocket_launch.py
[2024-12-19T21:55:03.620+0000] {processor.py:925} INFO - DAG(s) 'download_rocket_launches' retrieved from /opt/airflow/dags/download_rocket_launch.py
[2024-12-19T21:55:03.628+0000] {logging_mixin.py:190} INFO - [2024-12-19T21:55:03.628+0000] {dag.py:3239} INFO - Sync 1 DAGs
[2024-12-19T21:55:03.633+0000] {logging_mixin.py:190} INFO - [2024-12-19T21:55:03.633+0000] {dag.py:4180} INFO - Setting next_dagrun for download_rocket_launches to None, run_after=None
[2024-12-19T21:55:03.639+0000] {processor.py:208} INFO - Processing /opt/airflow/dags/download_rocket_launch.py took 0.026 seconds
[2024-12-19T21:55:33.874+0000] {processor.py:186} INFO - Started process (PID=1689) to work on /opt/airflow/dags/download_rocket_launch.py
[2024-12-19T21:55:33.875+0000] {processor.py:914} INFO - Processing file /opt/airflow/dags/download_rocket_launch.py for tasks to queue
[2024-12-19T21:55:33.876+0000] {logging_mixin.py:190} INFO - [2024-12-19T21:55:33.876+0000] {dagbag.py:588} INFO - Filling up the DagBag from /opt/airflow/dags/download_rocket_launch.py
[2024-12-19T21:55:33.883+0000] {processor.py:925} INFO - DAG(s) 'download_rocket_launches' retrieved from /opt/airflow/dags/download_rocket_launch.py
[2024-12-19T21:55:33.893+0000] {logging_mixin.py:190} INFO - [2024-12-19T21:55:33.892+0000] {dag.py:3239} INFO - Sync 1 DAGs
[2024-12-19T21:55:33.898+0000] {logging_mixin.py:190} INFO - [2024-12-19T21:55:33.898+0000] {dag.py:4180} INFO - Setting next_dagrun for download_rocket_launches to None, run_after=None
[2024-12-19T21:55:33.904+0000] {processor.py:208} INFO - Processing /opt/airflow/dags/download_rocket_launch.py took 0.034 seconds
[2024-12-19T21:56:04.328+0000] {processor.py:186} INFO - Started process (PID=1776) to work on /opt/airflow/dags/download_rocket_launch.py
[2024-12-19T21:56:04.329+0000] {processor.py:914} INFO - Processing file /opt/airflow/dags/download_rocket_launch.py for tasks to queue
[2024-12-19T21:56:04.331+0000] {logging_mixin.py:190} INFO - [2024-12-19T21:56:04.331+0000] {dagbag.py:588} INFO - Filling up the DagBag from /opt/airflow/dags/download_rocket_launch.py
[2024-12-19T21:56:04.336+0000] {processor.py:925} INFO - DAG(s) 'download_rocket_launches' retrieved from /opt/airflow/dags/download_rocket_launch.py
[2024-12-19T21:56:04.347+0000] {logging_mixin.py:190} INFO - [2024-12-19T21:56:04.347+0000] {dag.py:3239} INFO - Sync 1 DAGs
[2024-12-19T21:56:04.352+0000] {logging_mixin.py:190} INFO - [2024-12-19T21:56:04.352+0000] {dag.py:4180} INFO - Setting next_dagrun for download_rocket_launches to None, run_after=None
[2024-12-19T21:56:04.361+0000] {processor.py:208} INFO - Processing /opt/airflow/dags/download_rocket_launch.py took 0.036 seconds
[2024-12-19T21:56:34.853+0000] {processor.py:186} INFO - Started process (PID=1844) to work on /opt/airflow/dags/download_rocket_launch.py
[2024-12-19T21:56:34.854+0000] {processor.py:914} INFO - Processing file /opt/airflow/dags/download_rocket_launch.py for tasks to queue
[2024-12-19T21:56:34.856+0000] {logging_mixin.py:190} INFO - [2024-12-19T21:56:34.856+0000] {dagbag.py:588} INFO - Filling up the DagBag from /opt/airflow/dags/download_rocket_launch.py
[2024-12-19T21:56:34.862+0000] {processor.py:925} INFO - DAG(s) 'download_rocket_launches' retrieved from /opt/airflow/dags/download_rocket_launch.py
[2024-12-19T21:56:34.873+0000] {logging_mixin.py:190} INFO - [2024-12-19T21:56:34.873+0000] {dag.py:3239} INFO - Sync 1 DAGs
[2024-12-19T21:56:34.879+0000] {logging_mixin.py:190} INFO - [2024-12-19T21:56:34.879+0000] {dag.py:4180} INFO - Setting next_dagrun for download_rocket_launches to None, run_after=None
[2024-12-19T21:56:34.891+0000] {processor.py:208} INFO - Processing /opt/airflow/dags/download_rocket_launch.py took 0.040 seconds
[2024-12-19T21:57:05.303+0000] {processor.py:186} INFO - Started process (PID=1911) to work on /opt/airflow/dags/download_rocket_launch.py
[2024-12-19T21:57:05.305+0000] {processor.py:914} INFO - Processing file /opt/airflow/dags/download_rocket_launch.py for tasks to queue
[2024-12-19T21:57:05.307+0000] {logging_mixin.py:190} INFO - [2024-12-19T21:57:05.307+0000] {dagbag.py:588} INFO - Filling up the DagBag from /opt/airflow/dags/download_rocket_launch.py
[2024-12-19T21:57:05.312+0000] {processor.py:925} INFO - DAG(s) 'download_rocket_launches' retrieved from /opt/airflow/dags/download_rocket_launch.py
[2024-12-19T21:57:05.322+0000] {logging_mixin.py:190} INFO - [2024-12-19T21:57:05.322+0000] {dag.py:3239} INFO - Sync 1 DAGs
[2024-12-19T21:57:05.328+0000] {logging_mixin.py:190} INFO - [2024-12-19T21:57:05.328+0000] {dag.py:4180} INFO - Setting next_dagrun for download_rocket_launches to None, run_after=None
[2024-12-19T21:57:05.338+0000] {processor.py:208} INFO - Processing /opt/airflow/dags/download_rocket_launch.py took 0.038 seconds
[2024-12-19T21:57:35.653+0000] {processor.py:186} INFO - Started process (PID=1978) to work on /opt/airflow/dags/download_rocket_launch.py
[2024-12-19T21:57:35.653+0000] {processor.py:914} INFO - Processing file /opt/airflow/dags/download_rocket_launch.py for tasks to queue
[2024-12-19T21:57:35.654+0000] {logging_mixin.py:190} INFO - [2024-12-19T21:57:35.654+0000] {dagbag.py:588} INFO - Filling up the DagBag from /opt/airflow/dags/download_rocket_launch.py
[2024-12-19T21:57:35.657+0000] {processor.py:925} INFO - DAG(s) 'download_rocket_launches' retrieved from /opt/airflow/dags/download_rocket_launch.py
[2024-12-19T21:57:35.665+0000] {logging_mixin.py:190} INFO - [2024-12-19T21:57:35.665+0000] {dag.py:3239} INFO - Sync 1 DAGs
[2024-12-19T21:57:35.670+0000] {logging_mixin.py:190} INFO - [2024-12-19T21:57:35.670+0000] {dag.py:4180} INFO - Setting next_dagrun for download_rocket_launches to None, run_after=None
[2024-12-19T21:57:35.676+0000] {processor.py:208} INFO - Processing /opt/airflow/dags/download_rocket_launch.py took 0.026 seconds
[2024-12-19T21:58:06.174+0000] {processor.py:186} INFO - Started process (PID=2046) to work on /opt/airflow/dags/download_rocket_launch.py
[2024-12-19T21:58:06.174+0000] {processor.py:914} INFO - Processing file /opt/airflow/dags/download_rocket_launch.py for tasks to queue
[2024-12-19T21:58:06.175+0000] {logging_mixin.py:190} INFO - [2024-12-19T21:58:06.175+0000] {dagbag.py:588} INFO - Filling up the DagBag from /opt/airflow/dags/download_rocket_launch.py
[2024-12-19T21:58:06.179+0000] {processor.py:925} INFO - DAG(s) 'download_rocket_launches' retrieved from /opt/airflow/dags/download_rocket_launch.py
[2024-12-19T21:58:06.186+0000] {logging_mixin.py:190} INFO - [2024-12-19T21:58:06.186+0000] {dag.py:3239} INFO - Sync 1 DAGs
[2024-12-19T21:58:06.191+0000] {logging_mixin.py:190} INFO - [2024-12-19T21:58:06.191+0000] {dag.py:4180} INFO - Setting next_dagrun for download_rocket_launches to None, run_after=None
[2024-12-19T21:58:06.197+0000] {processor.py:208} INFO - Processing /opt/airflow/dags/download_rocket_launch.py took 0.026 seconds
[2024-12-19T21:58:36.589+0000] {processor.py:186} INFO - Started process (PID=2113) to work on /opt/airflow/dags/download_rocket_launch.py
[2024-12-19T21:58:36.589+0000] {processor.py:914} INFO - Processing file /opt/airflow/dags/download_rocket_launch.py for tasks to queue
[2024-12-19T21:58:36.590+0000] {logging_mixin.py:190} INFO - [2024-12-19T21:58:36.590+0000] {dagbag.py:588} INFO - Filling up the DagBag from /opt/airflow/dags/download_rocket_launch.py
[2024-12-19T21:58:36.594+0000] {processor.py:925} INFO - DAG(s) 'download_rocket_launches' retrieved from /opt/airflow/dags/download_rocket_launch.py
[2024-12-19T21:58:36.602+0000] {logging_mixin.py:190} INFO - [2024-12-19T21:58:36.602+0000] {dag.py:3239} INFO - Sync 1 DAGs
[2024-12-19T21:58:36.607+0000] {logging_mixin.py:190} INFO - [2024-12-19T21:58:36.607+0000] {dag.py:4180} INFO - Setting next_dagrun for download_rocket_launches to None, run_after=None
[2024-12-19T21:58:36.613+0000] {processor.py:208} INFO - Processing /opt/airflow/dags/download_rocket_launch.py took 0.027 seconds
[2024-12-19T21:59:06.817+0000] {processor.py:186} INFO - Started process (PID=2180) to work on /opt/airflow/dags/download_rocket_launch.py
[2024-12-19T21:59:06.818+0000] {processor.py:914} INFO - Processing file /opt/airflow/dags/download_rocket_launch.py for tasks to queue
[2024-12-19T21:59:06.819+0000] {logging_mixin.py:190} INFO - [2024-12-19T21:59:06.818+0000] {dagbag.py:588} INFO - Filling up the DagBag from /opt/airflow/dags/download_rocket_launch.py
[2024-12-19T21:59:06.822+0000] {processor.py:925} INFO - DAG(s) 'download_rocket_launches' retrieved from /opt/airflow/dags/download_rocket_launch.py
[2024-12-19T21:59:06.830+0000] {logging_mixin.py:190} INFO - [2024-12-19T21:59:06.830+0000] {dag.py:3239} INFO - Sync 1 DAGs
[2024-12-19T21:59:06.835+0000] {logging_mixin.py:190} INFO - [2024-12-19T21:59:06.835+0000] {dag.py:4180} INFO - Setting next_dagrun for download_rocket_launches to None, run_after=None
[2024-12-19T21:59:06.841+0000] {processor.py:208} INFO - Processing /opt/airflow/dags/download_rocket_launch.py took 0.027 seconds
[2024-12-19T21:59:37.351+0000] {processor.py:186} INFO - Started process (PID=2247) to work on /opt/airflow/dags/download_rocket_launch.py
[2024-12-19T21:59:37.352+0000] {processor.py:914} INFO - Processing file /opt/airflow/dags/download_rocket_launch.py for tasks to queue
[2024-12-19T21:59:37.353+0000] {logging_mixin.py:190} INFO - [2024-12-19T21:59:37.352+0000] {dagbag.py:588} INFO - Filling up the DagBag from /opt/airflow/dags/download_rocket_launch.py
[2024-12-19T21:59:37.356+0000] {processor.py:925} INFO - DAG(s) 'download_rocket_launches' retrieved from /opt/airflow/dags/download_rocket_launch.py
[2024-12-19T21:59:37.364+0000] {logging_mixin.py:190} INFO - [2024-12-19T21:59:37.364+0000] {dag.py:3239} INFO - Sync 1 DAGs
[2024-12-19T21:59:37.369+0000] {logging_mixin.py:190} INFO - [2024-12-19T21:59:37.369+0000] {dag.py:4180} INFO - Setting next_dagrun for download_rocket_launches to None, run_after=None
[2024-12-19T21:59:37.375+0000] {processor.py:208} INFO - Processing /opt/airflow/dags/download_rocket_launch.py took 0.026 seconds
[2024-12-19T22:00:07.674+0000] {processor.py:186} INFO - Started process (PID=2314) to work on /opt/airflow/dags/download_rocket_launch.py
[2024-12-19T22:00:07.675+0000] {processor.py:914} INFO - Processing file /opt/airflow/dags/download_rocket_launch.py for tasks to queue
[2024-12-19T22:00:07.676+0000] {logging_mixin.py:190} INFO - [2024-12-19T22:00:07.675+0000] {dagbag.py:588} INFO - Filling up the DagBag from /opt/airflow/dags/download_rocket_launch.py
[2024-12-19T22:00:07.679+0000] {processor.py:925} INFO - DAG(s) 'download_rocket_launches' retrieved from /opt/airflow/dags/download_rocket_launch.py
[2024-12-19T22:00:07.687+0000] {logging_mixin.py:190} INFO - [2024-12-19T22:00:07.687+0000] {dag.py:3239} INFO - Sync 1 DAGs
[2024-12-19T22:00:07.692+0000] {logging_mixin.py:190} INFO - [2024-12-19T22:00:07.692+0000] {dag.py:4180} INFO - Setting next_dagrun for download_rocket_launches to None, run_after=None
[2024-12-19T22:00:07.697+0000] {processor.py:208} INFO - Processing /opt/airflow/dags/download_rocket_launch.py took 0.026 seconds
[2024-12-19T22:00:37.934+0000] {processor.py:186} INFO - Started process (PID=2382) to work on /opt/airflow/dags/download_rocket_launch.py
[2024-12-19T22:00:37.935+0000] {processor.py:914} INFO - Processing file /opt/airflow/dags/download_rocket_launch.py for tasks to queue
[2024-12-19T22:00:37.936+0000] {logging_mixin.py:190} INFO - [2024-12-19T22:00:37.936+0000] {dagbag.py:588} INFO - Filling up the DagBag from /opt/airflow/dags/download_rocket_launch.py
[2024-12-19T22:00:37.940+0000] {processor.py:925} INFO - DAG(s) 'download_rocket_launches' retrieved from /opt/airflow/dags/download_rocket_launch.py
[2024-12-19T22:00:37.949+0000] {logging_mixin.py:190} INFO - [2024-12-19T22:00:37.948+0000] {dag.py:3239} INFO - Sync 1 DAGs
[2024-12-19T22:00:37.955+0000] {logging_mixin.py:190} INFO - [2024-12-19T22:00:37.954+0000] {dag.py:4180} INFO - Setting next_dagrun for download_rocket_launches to None, run_after=None
[2024-12-19T22:00:37.964+0000] {processor.py:208} INFO - Processing /opt/airflow/dags/download_rocket_launch.py took 0.033 seconds
[2024-12-19T22:01:08.187+0000] {processor.py:186} INFO - Started process (PID=2449) to work on /opt/airflow/dags/download_rocket_launch.py
[2024-12-19T22:01:08.187+0000] {processor.py:914} INFO - Processing file /opt/airflow/dags/download_rocket_launch.py for tasks to queue
[2024-12-19T22:01:08.188+0000] {logging_mixin.py:190} INFO - [2024-12-19T22:01:08.188+0000] {dagbag.py:588} INFO - Filling up the DagBag from /opt/airflow/dags/download_rocket_launch.py
[2024-12-19T22:01:08.192+0000] {processor.py:925} INFO - DAG(s) 'download_rocket_launches' retrieved from /opt/airflow/dags/download_rocket_launch.py
[2024-12-19T22:01:08.199+0000] {logging_mixin.py:190} INFO - [2024-12-19T22:01:08.199+0000] {dag.py:3239} INFO - Sync 1 DAGs
[2024-12-19T22:01:08.204+0000] {logging_mixin.py:190} INFO - [2024-12-19T22:01:08.204+0000] {dag.py:4180} INFO - Setting next_dagrun for download_rocket_launches to None, run_after=None
[2024-12-19T22:01:08.210+0000] {processor.py:208} INFO - Processing /opt/airflow/dags/download_rocket_launch.py took 0.026 seconds
[2024-12-19T22:01:38.506+0000] {processor.py:186} INFO - Started process (PID=2516) to work on /opt/airflow/dags/download_rocket_launch.py
[2024-12-19T22:01:38.507+0000] {processor.py:914} INFO - Processing file /opt/airflow/dags/download_rocket_launch.py for tasks to queue
[2024-12-19T22:01:38.508+0000] {logging_mixin.py:190} INFO - [2024-12-19T22:01:38.507+0000] {dagbag.py:588} INFO - Filling up the DagBag from /opt/airflow/dags/download_rocket_launch.py
[2024-12-19T22:01:38.515+0000] {processor.py:925} INFO - DAG(s) 'download_rocket_launches' retrieved from /opt/airflow/dags/download_rocket_launch.py
[2024-12-19T22:01:38.524+0000] {logging_mixin.py:190} INFO - [2024-12-19T22:01:38.524+0000] {dag.py:3239} INFO - Sync 1 DAGs
[2024-12-19T22:01:38.530+0000] {logging_mixin.py:190} INFO - [2024-12-19T22:01:38.530+0000] {dag.py:4180} INFO - Setting next_dagrun for download_rocket_launches to None, run_after=None
[2024-12-19T22:01:38.539+0000] {processor.py:208} INFO - Processing /opt/airflow/dags/download_rocket_launch.py took 0.035 seconds
[2024-12-19T22:02:08.754+0000] {processor.py:186} INFO - Started process (PID=2583) to work on /opt/airflow/dags/download_rocket_launch.py
[2024-12-19T22:02:08.755+0000] {processor.py:914} INFO - Processing file /opt/airflow/dags/download_rocket_launch.py for tasks to queue
[2024-12-19T22:02:08.756+0000] {logging_mixin.py:190} INFO - [2024-12-19T22:02:08.756+0000] {dagbag.py:588} INFO - Filling up the DagBag from /opt/airflow/dags/download_rocket_launch.py
[2024-12-19T22:02:08.760+0000] {processor.py:925} INFO - DAG(s) 'download_rocket_launches' retrieved from /opt/airflow/dags/download_rocket_launch.py
[2024-12-19T22:02:08.768+0000] {logging_mixin.py:190} INFO - [2024-12-19T22:02:08.768+0000] {dag.py:3239} INFO - Sync 1 DAGs
[2024-12-19T22:02:08.774+0000] {logging_mixin.py:190} INFO - [2024-12-19T22:02:08.774+0000] {dag.py:4180} INFO - Setting next_dagrun for download_rocket_launches to None, run_after=None
[2024-12-19T22:02:08.782+0000] {processor.py:208} INFO - Processing /opt/airflow/dags/download_rocket_launch.py took 0.031 seconds
[2024-12-19T22:02:39.080+0000] {processor.py:186} INFO - Started process (PID=2651) to work on /opt/airflow/dags/download_rocket_launch.py
[2024-12-19T22:02:39.081+0000] {processor.py:914} INFO - Processing file /opt/airflow/dags/download_rocket_launch.py for tasks to queue
[2024-12-19T22:02:39.083+0000] {logging_mixin.py:190} INFO - [2024-12-19T22:02:39.082+0000] {dagbag.py:588} INFO - Filling up the DagBag from /opt/airflow/dags/download_rocket_launch.py
[2024-12-19T22:02:39.088+0000] {processor.py:925} INFO - DAG(s) 'download_rocket_launches' retrieved from /opt/airflow/dags/download_rocket_launch.py
[2024-12-19T22:02:39.098+0000] {logging_mixin.py:190} INFO - [2024-12-19T22:02:39.098+0000] {dag.py:3239} INFO - Sync 1 DAGs
[2024-12-19T22:02:39.105+0000] {logging_mixin.py:190} INFO - [2024-12-19T22:02:39.105+0000] {dag.py:4180} INFO - Setting next_dagrun for download_rocket_launches to None, run_after=None
[2024-12-19T22:02:39.116+0000] {processor.py:208} INFO - Processing /opt/airflow/dags/download_rocket_launch.py took 0.039 seconds
[2024-12-19T22:03:09.482+0000] {processor.py:186} INFO - Started process (PID=2718) to work on /opt/airflow/dags/download_rocket_launch.py
[2024-12-19T22:03:09.483+0000] {processor.py:914} INFO - Processing file /opt/airflow/dags/download_rocket_launch.py for tasks to queue
[2024-12-19T22:03:09.484+0000] {logging_mixin.py:190} INFO - [2024-12-19T22:03:09.484+0000] {dagbag.py:588} INFO - Filling up the DagBag from /opt/airflow/dags/download_rocket_launch.py
[2024-12-19T22:03:09.488+0000] {processor.py:925} INFO - DAG(s) 'download_rocket_launches' retrieved from /opt/airflow/dags/download_rocket_launch.py
[2024-12-19T22:03:09.496+0000] {logging_mixin.py:190} INFO - [2024-12-19T22:03:09.496+0000] {dag.py:3239} INFO - Sync 1 DAGs
[2024-12-19T22:03:09.501+0000] {logging_mixin.py:190} INFO - [2024-12-19T22:03:09.501+0000] {dag.py:4180} INFO - Setting next_dagrun for download_rocket_launches to None, run_after=None
[2024-12-19T22:03:09.507+0000] {processor.py:208} INFO - Processing /opt/airflow/dags/download_rocket_launch.py took 0.028 seconds
[2024-12-19T22:03:39.906+0000] {processor.py:186} INFO - Started process (PID=2785) to work on /opt/airflow/dags/download_rocket_launch.py
[2024-12-19T22:03:39.907+0000] {processor.py:914} INFO - Processing file /opt/airflow/dags/download_rocket_launch.py for tasks to queue
[2024-12-19T22:03:39.908+0000] {logging_mixin.py:190} INFO - [2024-12-19T22:03:39.908+0000] {dagbag.py:588} INFO - Filling up the DagBag from /opt/airflow/dags/download_rocket_launch.py
[2024-12-19T22:03:39.912+0000] {processor.py:925} INFO - DAG(s) 'download_rocket_launches' retrieved from /opt/airflow/dags/download_rocket_launch.py
[2024-12-19T22:03:39.919+0000] {logging_mixin.py:190} INFO - [2024-12-19T22:03:39.919+0000] {dag.py:3239} INFO - Sync 1 DAGs
[2024-12-19T22:03:39.924+0000] {logging_mixin.py:190} INFO - [2024-12-19T22:03:39.924+0000] {dag.py:4180} INFO - Setting next_dagrun for download_rocket_launches to None, run_after=None
[2024-12-19T22:03:39.929+0000] {processor.py:208} INFO - Processing /opt/airflow/dags/download_rocket_launch.py took 0.026 seconds
[2024-12-19T22:04:10.453+0000] {processor.py:186} INFO - Started process (PID=2852) to work on /opt/airflow/dags/download_rocket_launch.py
[2024-12-19T22:04:10.453+0000] {processor.py:914} INFO - Processing file /opt/airflow/dags/download_rocket_launch.py for tasks to queue
[2024-12-19T22:04:10.454+0000] {logging_mixin.py:190} INFO - [2024-12-19T22:04:10.454+0000] {dagbag.py:588} INFO - Filling up the DagBag from /opt/airflow/dags/download_rocket_launch.py
[2024-12-19T22:04:10.458+0000] {processor.py:925} INFO - DAG(s) 'download_rocket_launches' retrieved from /opt/airflow/dags/download_rocket_launch.py
[2024-12-19T22:04:10.465+0000] {logging_mixin.py:190} INFO - [2024-12-19T22:04:10.465+0000] {dag.py:3239} INFO - Sync 1 DAGs
[2024-12-19T22:04:10.470+0000] {logging_mixin.py:190} INFO - [2024-12-19T22:04:10.470+0000] {dag.py:4180} INFO - Setting next_dagrun for download_rocket_launches to None, run_after=None
[2024-12-19T22:04:10.476+0000] {processor.py:208} INFO - Processing /opt/airflow/dags/download_rocket_launch.py took 0.026 seconds
[2024-12-19T22:04:40.592+0000] {processor.py:186} INFO - Started process (PID=2919) to work on /opt/airflow/dags/download_rocket_launch.py
[2024-12-19T22:04:40.592+0000] {processor.py:914} INFO - Processing file /opt/airflow/dags/download_rocket_launch.py for tasks to queue
[2024-12-19T22:04:40.593+0000] {logging_mixin.py:190} INFO - [2024-12-19T22:04:40.593+0000] {dagbag.py:588} INFO - Filling up the DagBag from /opt/airflow/dags/download_rocket_launch.py
[2024-12-19T22:04:40.597+0000] {processor.py:925} INFO - DAG(s) 'download_rocket_launches' retrieved from /opt/airflow/dags/download_rocket_launch.py
[2024-12-19T22:04:40.605+0000] {logging_mixin.py:190} INFO - [2024-12-19T22:04:40.605+0000] {dag.py:3239} INFO - Sync 1 DAGs
[2024-12-19T22:04:40.610+0000] {logging_mixin.py:190} INFO - [2024-12-19T22:04:40.610+0000] {dag.py:4180} INFO - Setting next_dagrun for download_rocket_launches to None, run_after=None
[2024-12-19T22:04:40.615+0000] {processor.py:208} INFO - Processing /opt/airflow/dags/download_rocket_launch.py took 0.026 seconds
[2024-12-19T22:05:11.180+0000] {processor.py:186} INFO - Started process (PID=2986) to work on /opt/airflow/dags/download_rocket_launch.py
[2024-12-19T22:05:11.181+0000] {processor.py:914} INFO - Processing file /opt/airflow/dags/download_rocket_launch.py for tasks to queue
[2024-12-19T22:05:11.182+0000] {logging_mixin.py:190} INFO - [2024-12-19T22:05:11.182+0000] {dagbag.py:588} INFO - Filling up the DagBag from /opt/airflow/dags/download_rocket_launch.py
[2024-12-19T22:05:11.186+0000] {processor.py:925} INFO - DAG(s) 'download_rocket_launches' retrieved from /opt/airflow/dags/download_rocket_launch.py
[2024-12-19T22:05:11.194+0000] {logging_mixin.py:190} INFO - [2024-12-19T22:05:11.194+0000] {dag.py:3239} INFO - Sync 1 DAGs
[2024-12-19T22:05:11.199+0000] {logging_mixin.py:190} INFO - [2024-12-19T22:05:11.199+0000] {dag.py:4180} INFO - Setting next_dagrun for download_rocket_launches to None, run_after=None
[2024-12-19T22:05:11.205+0000] {processor.py:208} INFO - Processing /opt/airflow/dags/download_rocket_launch.py took 0.028 seconds
[2024-12-19T22:05:41.579+0000] {processor.py:186} INFO - Started process (PID=3054) to work on /opt/airflow/dags/download_rocket_launch.py
[2024-12-19T22:05:41.580+0000] {processor.py:914} INFO - Processing file /opt/airflow/dags/download_rocket_launch.py for tasks to queue
[2024-12-19T22:05:41.581+0000] {logging_mixin.py:190} INFO - [2024-12-19T22:05:41.581+0000] {dagbag.py:588} INFO - Filling up the DagBag from /opt/airflow/dags/download_rocket_launch.py
[2024-12-19T22:05:41.585+0000] {processor.py:925} INFO - DAG(s) 'download_rocket_launches' retrieved from /opt/airflow/dags/download_rocket_launch.py
[2024-12-19T22:05:41.594+0000] {logging_mixin.py:190} INFO - [2024-12-19T22:05:41.594+0000] {dag.py:3239} INFO - Sync 1 DAGs
[2024-12-19T22:05:41.601+0000] {logging_mixin.py:190} INFO - [2024-12-19T22:05:41.601+0000] {dag.py:4180} INFO - Setting next_dagrun for download_rocket_launches to None, run_after=None
[2024-12-19T22:05:41.607+0000] {processor.py:208} INFO - Processing /opt/airflow/dags/download_rocket_launch.py took 0.031 seconds
[2024-12-19T22:06:12.175+0000] {processor.py:186} INFO - Started process (PID=3121) to work on /opt/airflow/dags/download_rocket_launch.py
[2024-12-19T22:06:12.175+0000] {processor.py:914} INFO - Processing file /opt/airflow/dags/download_rocket_launch.py for tasks to queue
[2024-12-19T22:06:12.178+0000] {logging_mixin.py:190} INFO - [2024-12-19T22:06:12.178+0000] {dagbag.py:588} INFO - Filling up the DagBag from /opt/airflow/dags/download_rocket_launch.py
[2024-12-19T22:06:12.183+0000] {processor.py:925} INFO - DAG(s) 'download_rocket_launches' retrieved from /opt/airflow/dags/download_rocket_launch.py
[2024-12-19T22:06:12.194+0000] {logging_mixin.py:190} INFO - [2024-12-19T22:06:12.194+0000] {dag.py:3239} INFO - Sync 1 DAGs
[2024-12-19T22:06:12.201+0000] {logging_mixin.py:190} INFO - [2024-12-19T22:06:12.201+0000] {dag.py:4180} INFO - Setting next_dagrun for download_rocket_launches to None, run_after=None
[2024-12-19T22:06:12.210+0000] {processor.py:208} INFO - Processing /opt/airflow/dags/download_rocket_launch.py took 0.038 seconds
[2024-12-19T22:06:42.643+0000] {processor.py:186} INFO - Started process (PID=3188) to work on /opt/airflow/dags/download_rocket_launch.py
[2024-12-19T22:06:42.644+0000] {processor.py:914} INFO - Processing file /opt/airflow/dags/download_rocket_launch.py for tasks to queue
[2024-12-19T22:06:42.645+0000] {logging_mixin.py:190} INFO - [2024-12-19T22:06:42.645+0000] {dagbag.py:588} INFO - Filling up the DagBag from /opt/airflow/dags/download_rocket_launch.py
[2024-12-19T22:06:42.649+0000] {processor.py:925} INFO - DAG(s) 'download_rocket_launches' retrieved from /opt/airflow/dags/download_rocket_launch.py
[2024-12-19T22:06:42.658+0000] {logging_mixin.py:190} INFO - [2024-12-19T22:06:42.658+0000] {dag.py:3239} INFO - Sync 1 DAGs
[2024-12-19T22:06:42.663+0000] {logging_mixin.py:190} INFO - [2024-12-19T22:06:42.663+0000] {dag.py:4180} INFO - Setting next_dagrun for download_rocket_launches to None, run_after=None
[2024-12-19T22:06:42.670+0000] {processor.py:208} INFO - Processing /opt/airflow/dags/download_rocket_launch.py took 0.029 seconds
[2024-12-19T22:07:12.799+0000] {processor.py:186} INFO - Started process (PID=3255) to work on /opt/airflow/dags/download_rocket_launch.py
[2024-12-19T22:07:12.800+0000] {processor.py:914} INFO - Processing file /opt/airflow/dags/download_rocket_launch.py for tasks to queue
[2024-12-19T22:07:12.802+0000] {logging_mixin.py:190} INFO - [2024-12-19T22:07:12.802+0000] {dagbag.py:588} INFO - Filling up the DagBag from /opt/airflow/dags/download_rocket_launch.py
[2024-12-19T22:07:12.808+0000] {processor.py:925} INFO - DAG(s) 'download_rocket_launches' retrieved from /opt/airflow/dags/download_rocket_launch.py
[2024-12-19T22:07:12.818+0000] {logging_mixin.py:190} INFO - [2024-12-19T22:07:12.818+0000] {dag.py:3239} INFO - Sync 1 DAGs
[2024-12-19T22:07:12.827+0000] {logging_mixin.py:190} INFO - [2024-12-19T22:07:12.827+0000] {dag.py:4180} INFO - Setting next_dagrun for download_rocket_launches to None, run_after=None
[2024-12-19T22:07:12.851+0000] {processor.py:208} INFO - Processing /opt/airflow/dags/download_rocket_launch.py took 0.054 seconds
[2024-12-19T22:07:43.175+0000] {processor.py:186} INFO - Started process (PID=3322) to work on /opt/airflow/dags/download_rocket_launch.py
[2024-12-19T22:07:43.175+0000] {processor.py:914} INFO - Processing file /opt/airflow/dags/download_rocket_launch.py for tasks to queue
[2024-12-19T22:07:43.178+0000] {logging_mixin.py:190} INFO - [2024-12-19T22:07:43.178+0000] {dagbag.py:588} INFO - Filling up the DagBag from /opt/airflow/dags/download_rocket_launch.py
[2024-12-19T22:07:43.184+0000] {processor.py:925} INFO - DAG(s) 'download_rocket_launches' retrieved from /opt/airflow/dags/download_rocket_launch.py
[2024-12-19T22:07:43.193+0000] {logging_mixin.py:190} INFO - [2024-12-19T22:07:43.193+0000] {dag.py:3239} INFO - Sync 1 DAGs
[2024-12-19T22:07:43.201+0000] {logging_mixin.py:190} INFO - [2024-12-19T22:07:43.201+0000] {dag.py:4180} INFO - Setting next_dagrun for download_rocket_launches to None, run_after=None
[2024-12-19T22:07:43.214+0000] {processor.py:208} INFO - Processing /opt/airflow/dags/download_rocket_launch.py took 0.042 seconds
[2024-12-19T22:08:13.359+0000] {processor.py:186} INFO - Started process (PID=3390) to work on /opt/airflow/dags/download_rocket_launch.py
[2024-12-19T22:08:13.359+0000] {processor.py:914} INFO - Processing file /opt/airflow/dags/download_rocket_launch.py for tasks to queue
[2024-12-19T22:08:13.360+0000] {logging_mixin.py:190} INFO - [2024-12-19T22:08:13.360+0000] {dagbag.py:588} INFO - Filling up the DagBag from /opt/airflow/dags/download_rocket_launch.py
[2024-12-19T22:08:13.368+0000] {processor.py:925} INFO - DAG(s) 'download_rocket_launches' retrieved from /opt/airflow/dags/download_rocket_launch.py
[2024-12-19T22:08:13.378+0000] {logging_mixin.py:190} INFO - [2024-12-19T22:08:13.378+0000] {dag.py:3239} INFO - Sync 1 DAGs
[2024-12-19T22:08:13.385+0000] {logging_mixin.py:190} INFO - [2024-12-19T22:08:13.385+0000] {dag.py:4180} INFO - Setting next_dagrun for download_rocket_launches to None, run_after=None
[2024-12-19T22:08:13.397+0000] {processor.py:208} INFO - Processing /opt/airflow/dags/download_rocket_launch.py took 0.042 seconds
[2024-12-19T22:08:43.609+0000] {processor.py:186} INFO - Started process (PID=3457) to work on /opt/airflow/dags/download_rocket_launch.py
[2024-12-19T22:08:43.611+0000] {processor.py:914} INFO - Processing file /opt/airflow/dags/download_rocket_launch.py for tasks to queue
[2024-12-19T22:08:43.613+0000] {logging_mixin.py:190} INFO - [2024-12-19T22:08:43.613+0000] {dagbag.py:588} INFO - Filling up the DagBag from /opt/airflow/dags/download_rocket_launch.py
[2024-12-19T22:08:43.618+0000] {processor.py:925} INFO - DAG(s) 'download_rocket_launches' retrieved from /opt/airflow/dags/download_rocket_launch.py
[2024-12-19T22:08:43.631+0000] {logging_mixin.py:190} INFO - [2024-12-19T22:08:43.631+0000] {dag.py:3239} INFO - Sync 1 DAGs
[2024-12-19T22:08:43.637+0000] {logging_mixin.py:190} INFO - [2024-12-19T22:08:43.636+0000] {dag.py:4180} INFO - Setting next_dagrun for download_rocket_launches to None, run_after=None
[2024-12-19T22:08:43.648+0000] {processor.py:208} INFO - Processing /opt/airflow/dags/download_rocket_launch.py took 0.042 seconds
