[2024-12-19T21:43:27.727+0000] {processor.py:186} INFO - Started process (PID=66) to work on /home/airflow/.local/lib/python3.12/site-packages/airflow/example_dags/example_setup_teardown.py
[2024-12-19T21:43:27.728+0000] {processor.py:914} INFO - Processing file /home/airflow/.local/lib/python3.12/site-packages/airflow/example_dags/example_setup_teardown.py for tasks to queue
[2024-12-19T21:43:27.731+0000] {logging_mixin.py:190} INFO - [2024-12-19T21:43:27.730+0000] {dagbag.py:588} INFO - Filling up the DagBag from /home/airflow/.local/lib/python3.12/site-packages/airflow/example_dags/example_setup_teardown.py
[2024-12-19T21:43:27.740+0000] {processor.py:925} INFO - DAG(s) 'example_setup_teardown' retrieved from /home/airflow/.local/lib/python3.12/site-packages/airflow/example_dags/example_setup_teardown.py
[2024-12-19T21:43:27.780+0000] {logging_mixin.py:190} INFO - [2024-12-19T21:43:27.780+0000] {dag.py:3239} INFO - Sync 1 DAGs
[2024-12-19T21:43:27.800+0000] {logging_mixin.py:190} INFO - [2024-12-19T21:43:27.800+0000] {dag.py:4180} INFO - Setting next_dagrun for example_setup_teardown to None, run_after=None
[2024-12-19T21:43:27.821+0000] {processor.py:208} INFO - Processing /home/airflow/.local/lib/python3.12/site-packages/airflow/example_dags/example_setup_teardown.py took 0.099 seconds
[2024-12-19T21:43:58.702+0000] {processor.py:186} INFO - Started process (PID=142) to work on /home/airflow/.local/lib/python3.12/site-packages/airflow/example_dags/example_setup_teardown.py
[2024-12-19T21:43:58.702+0000] {processor.py:914} INFO - Processing file /home/airflow/.local/lib/python3.12/site-packages/airflow/example_dags/example_setup_teardown.py for tasks to queue
[2024-12-19T21:43:58.704+0000] {logging_mixin.py:190} INFO - [2024-12-19T21:43:58.703+0000] {dagbag.py:588} INFO - Filling up the DagBag from /home/airflow/.local/lib/python3.12/site-packages/airflow/example_dags/example_setup_teardown.py
[2024-12-19T21:43:58.707+0000] {processor.py:925} INFO - DAG(s) 'example_setup_teardown' retrieved from /home/airflow/.local/lib/python3.12/site-packages/airflow/example_dags/example_setup_teardown.py
[2024-12-19T21:43:58.722+0000] {logging_mixin.py:190} INFO - [2024-12-19T21:43:58.722+0000] {dag.py:3239} INFO - Sync 1 DAGs
[2024-12-19T21:43:58.728+0000] {logging_mixin.py:190} INFO - [2024-12-19T21:43:58.728+0000] {dag.py:4180} INFO - Setting next_dagrun for example_setup_teardown to None, run_after=None
[2024-12-19T21:43:58.740+0000] {processor.py:208} INFO - Processing /home/airflow/.local/lib/python3.12/site-packages/airflow/example_dags/example_setup_teardown.py took 0.041 seconds
[2024-12-19T21:44:29.217+0000] {processor.py:186} INFO - Started process (PID=214) to work on /home/airflow/.local/lib/python3.12/site-packages/airflow/example_dags/example_setup_teardown.py
[2024-12-19T21:44:29.217+0000] {processor.py:914} INFO - Processing file /home/airflow/.local/lib/python3.12/site-packages/airflow/example_dags/example_setup_teardown.py for tasks to queue
[2024-12-19T21:44:29.218+0000] {logging_mixin.py:190} INFO - [2024-12-19T21:44:29.218+0000] {dagbag.py:588} INFO - Filling up the DagBag from /home/airflow/.local/lib/python3.12/site-packages/airflow/example_dags/example_setup_teardown.py
[2024-12-19T21:44:29.221+0000] {processor.py:925} INFO - DAG(s) 'example_setup_teardown' retrieved from /home/airflow/.local/lib/python3.12/site-packages/airflow/example_dags/example_setup_teardown.py
[2024-12-19T21:44:29.232+0000] {logging_mixin.py:190} INFO - [2024-12-19T21:44:29.232+0000] {dag.py:3239} INFO - Sync 1 DAGs
[2024-12-19T21:44:29.237+0000] {logging_mixin.py:190} INFO - [2024-12-19T21:44:29.237+0000] {dag.py:4180} INFO - Setting next_dagrun for example_setup_teardown to None, run_after=None
[2024-12-19T21:44:29.248+0000] {processor.py:208} INFO - Processing /home/airflow/.local/lib/python3.12/site-packages/airflow/example_dags/example_setup_teardown.py took 0.035 seconds
[2024-12-19T21:44:59.705+0000] {processor.py:186} INFO - Started process (PID=281) to work on /home/airflow/.local/lib/python3.12/site-packages/airflow/example_dags/example_setup_teardown.py
[2024-12-19T21:44:59.706+0000] {processor.py:914} INFO - Processing file /home/airflow/.local/lib/python3.12/site-packages/airflow/example_dags/example_setup_teardown.py for tasks to queue
[2024-12-19T21:44:59.709+0000] {logging_mixin.py:190} INFO - [2024-12-19T21:44:59.709+0000] {dagbag.py:588} INFO - Filling up the DagBag from /home/airflow/.local/lib/python3.12/site-packages/airflow/example_dags/example_setup_teardown.py
[2024-12-19T21:44:59.713+0000] {processor.py:925} INFO - DAG(s) 'example_setup_teardown' retrieved from /home/airflow/.local/lib/python3.12/site-packages/airflow/example_dags/example_setup_teardown.py
[2024-12-19T21:44:59.726+0000] {logging_mixin.py:190} INFO - [2024-12-19T21:44:59.726+0000] {dag.py:3239} INFO - Sync 1 DAGs
[2024-12-19T21:44:59.732+0000] {logging_mixin.py:190} INFO - [2024-12-19T21:44:59.732+0000] {dag.py:4180} INFO - Setting next_dagrun for example_setup_teardown to None, run_after=None
[2024-12-19T21:44:59.738+0000] {processor.py:208} INFO - Processing /home/airflow/.local/lib/python3.12/site-packages/airflow/example_dags/example_setup_teardown.py took 0.036 seconds
[2024-12-19T21:45:30.117+0000] {processor.py:186} INFO - Started process (PID=348) to work on /home/airflow/.local/lib/python3.12/site-packages/airflow/example_dags/example_setup_teardown.py
[2024-12-19T21:45:30.117+0000] {processor.py:914} INFO - Processing file /home/airflow/.local/lib/python3.12/site-packages/airflow/example_dags/example_setup_teardown.py for tasks to queue
[2024-12-19T21:45:30.118+0000] {logging_mixin.py:190} INFO - [2024-12-19T21:45:30.118+0000] {dagbag.py:588} INFO - Filling up the DagBag from /home/airflow/.local/lib/python3.12/site-packages/airflow/example_dags/example_setup_teardown.py
[2024-12-19T21:45:30.122+0000] {processor.py:925} INFO - DAG(s) 'example_setup_teardown' retrieved from /home/airflow/.local/lib/python3.12/site-packages/airflow/example_dags/example_setup_teardown.py
[2024-12-19T21:45:30.130+0000] {logging_mixin.py:190} INFO - [2024-12-19T21:45:30.130+0000] {dag.py:3239} INFO - Sync 1 DAGs
[2024-12-19T21:45:30.136+0000] {logging_mixin.py:190} INFO - [2024-12-19T21:45:30.136+0000] {dag.py:4180} INFO - Setting next_dagrun for example_setup_teardown to None, run_after=None
[2024-12-19T21:45:30.143+0000] {processor.py:208} INFO - Processing /home/airflow/.local/lib/python3.12/site-packages/airflow/example_dags/example_setup_teardown.py took 0.029 seconds
[2024-12-19T21:46:00.548+0000] {processor.py:186} INFO - Started process (PID=415) to work on /home/airflow/.local/lib/python3.12/site-packages/airflow/example_dags/example_setup_teardown.py
[2024-12-19T21:46:00.550+0000] {processor.py:914} INFO - Processing file /home/airflow/.local/lib/python3.12/site-packages/airflow/example_dags/example_setup_teardown.py for tasks to queue
[2024-12-19T21:46:00.551+0000] {logging_mixin.py:190} INFO - [2024-12-19T21:46:00.551+0000] {dagbag.py:588} INFO - Filling up the DagBag from /home/airflow/.local/lib/python3.12/site-packages/airflow/example_dags/example_setup_teardown.py
[2024-12-19T21:46:00.554+0000] {processor.py:925} INFO - DAG(s) 'example_setup_teardown' retrieved from /home/airflow/.local/lib/python3.12/site-packages/airflow/example_dags/example_setup_teardown.py
[2024-12-19T21:46:00.569+0000] {logging_mixin.py:190} INFO - [2024-12-19T21:46:00.569+0000] {dag.py:3239} INFO - Sync 1 DAGs
[2024-12-19T21:46:00.574+0000] {logging_mixin.py:190} INFO - [2024-12-19T21:46:00.574+0000] {dag.py:4180} INFO - Setting next_dagrun for example_setup_teardown to None, run_after=None
[2024-12-19T21:46:00.583+0000] {processor.py:208} INFO - Processing /home/airflow/.local/lib/python3.12/site-packages/airflow/example_dags/example_setup_teardown.py took 0.037 seconds
[2024-12-19T21:46:31.860+0000] {processor.py:186} INFO - Started process (PID=482) to work on /home/airflow/.local/lib/python3.12/site-packages/airflow/example_dags/example_setup_teardown.py
[2024-12-19T21:46:31.861+0000] {processor.py:914} INFO - Processing file /home/airflow/.local/lib/python3.12/site-packages/airflow/example_dags/example_setup_teardown.py for tasks to queue
[2024-12-19T21:46:31.862+0000] {logging_mixin.py:190} INFO - [2024-12-19T21:46:31.862+0000] {dagbag.py:588} INFO - Filling up the DagBag from /home/airflow/.local/lib/python3.12/site-packages/airflow/example_dags/example_setup_teardown.py
[2024-12-19T21:46:31.866+0000] {processor.py:925} INFO - DAG(s) 'example_setup_teardown' retrieved from /home/airflow/.local/lib/python3.12/site-packages/airflow/example_dags/example_setup_teardown.py
[2024-12-19T21:46:31.873+0000] {logging_mixin.py:190} INFO - [2024-12-19T21:46:31.873+0000] {dag.py:3239} INFO - Sync 1 DAGs
[2024-12-19T21:46:31.878+0000] {logging_mixin.py:190} INFO - [2024-12-19T21:46:31.878+0000] {dag.py:4180} INFO - Setting next_dagrun for example_setup_teardown to None, run_after=None
[2024-12-19T21:46:31.888+0000] {processor.py:208} INFO - Processing /home/airflow/.local/lib/python3.12/site-packages/airflow/example_dags/example_setup_teardown.py took 0.031 seconds
[2024-12-19T21:47:03.140+0000] {processor.py:186} INFO - Started process (PID=549) to work on /home/airflow/.local/lib/python3.12/site-packages/airflow/example_dags/example_setup_teardown.py
[2024-12-19T21:47:03.142+0000] {processor.py:914} INFO - Processing file /home/airflow/.local/lib/python3.12/site-packages/airflow/example_dags/example_setup_teardown.py for tasks to queue
[2024-12-19T21:47:03.144+0000] {logging_mixin.py:190} INFO - [2024-12-19T21:47:03.144+0000] {dagbag.py:588} INFO - Filling up the DagBag from /home/airflow/.local/lib/python3.12/site-packages/airflow/example_dags/example_setup_teardown.py
[2024-12-19T21:47:03.147+0000] {processor.py:925} INFO - DAG(s) 'example_setup_teardown' retrieved from /home/airflow/.local/lib/python3.12/site-packages/airflow/example_dags/example_setup_teardown.py
[2024-12-19T21:47:03.160+0000] {logging_mixin.py:190} INFO - [2024-12-19T21:47:03.160+0000] {dag.py:3239} INFO - Sync 1 DAGs
[2024-12-19T21:47:03.166+0000] {logging_mixin.py:190} INFO - [2024-12-19T21:47:03.166+0000] {dag.py:4180} INFO - Setting next_dagrun for example_setup_teardown to None, run_after=None
[2024-12-19T21:47:03.174+0000] {processor.py:208} INFO - Processing /home/airflow/.local/lib/python3.12/site-packages/airflow/example_dags/example_setup_teardown.py took 0.036 seconds
[2024-12-19T21:47:34.424+0000] {processor.py:186} INFO - Started process (PID=616) to work on /home/airflow/.local/lib/python3.12/site-packages/airflow/example_dags/example_setup_teardown.py
[2024-12-19T21:47:34.427+0000] {processor.py:914} INFO - Processing file /home/airflow/.local/lib/python3.12/site-packages/airflow/example_dags/example_setup_teardown.py for tasks to queue
[2024-12-19T21:47:34.429+0000] {logging_mixin.py:190} INFO - [2024-12-19T21:47:34.429+0000] {dagbag.py:588} INFO - Filling up the DagBag from /home/airflow/.local/lib/python3.12/site-packages/airflow/example_dags/example_setup_teardown.py
[2024-12-19T21:47:34.432+0000] {processor.py:925} INFO - DAG(s) 'example_setup_teardown' retrieved from /home/airflow/.local/lib/python3.12/site-packages/airflow/example_dags/example_setup_teardown.py
[2024-12-19T21:47:34.444+0000] {logging_mixin.py:190} INFO - [2024-12-19T21:47:34.444+0000] {dag.py:3239} INFO - Sync 1 DAGs
[2024-12-19T21:47:34.450+0000] {logging_mixin.py:190} INFO - [2024-12-19T21:47:34.450+0000] {dag.py:4180} INFO - Setting next_dagrun for example_setup_teardown to None, run_after=None
[2024-12-19T21:47:34.459+0000] {processor.py:208} INFO - Processing /home/airflow/.local/lib/python3.12/site-packages/airflow/example_dags/example_setup_teardown.py took 0.038 seconds
[2024-12-19T21:48:05.598+0000] {processor.py:186} INFO - Started process (PID=683) to work on /home/airflow/.local/lib/python3.12/site-packages/airflow/example_dags/example_setup_teardown.py
[2024-12-19T21:48:05.598+0000] {processor.py:914} INFO - Processing file /home/airflow/.local/lib/python3.12/site-packages/airflow/example_dags/example_setup_teardown.py for tasks to queue
[2024-12-19T21:48:05.599+0000] {logging_mixin.py:190} INFO - [2024-12-19T21:48:05.599+0000] {dagbag.py:588} INFO - Filling up the DagBag from /home/airflow/.local/lib/python3.12/site-packages/airflow/example_dags/example_setup_teardown.py
[2024-12-19T21:48:05.603+0000] {processor.py:925} INFO - DAG(s) 'example_setup_teardown' retrieved from /home/airflow/.local/lib/python3.12/site-packages/airflow/example_dags/example_setup_teardown.py
[2024-12-19T21:48:05.610+0000] {logging_mixin.py:190} INFO - [2024-12-19T21:48:05.610+0000] {dag.py:3239} INFO - Sync 1 DAGs
[2024-12-19T21:48:05.616+0000] {logging_mixin.py:190} INFO - [2024-12-19T21:48:05.616+0000] {dag.py:4180} INFO - Setting next_dagrun for example_setup_teardown to None, run_after=None
[2024-12-19T21:48:05.627+0000] {processor.py:208} INFO - Processing /home/airflow/.local/lib/python3.12/site-packages/airflow/example_dags/example_setup_teardown.py took 0.032 seconds
[2024-12-19T21:48:35.999+0000] {processor.py:186} INFO - Started process (PID=750) to work on /home/airflow/.local/lib/python3.12/site-packages/airflow/example_dags/example_setup_teardown.py
[2024-12-19T21:48:36.001+0000] {processor.py:914} INFO - Processing file /home/airflow/.local/lib/python3.12/site-packages/airflow/example_dags/example_setup_teardown.py for tasks to queue
[2024-12-19T21:48:36.002+0000] {logging_mixin.py:190} INFO - [2024-12-19T21:48:36.002+0000] {dagbag.py:588} INFO - Filling up the DagBag from /home/airflow/.local/lib/python3.12/site-packages/airflow/example_dags/example_setup_teardown.py
[2024-12-19T21:48:36.005+0000] {processor.py:925} INFO - DAG(s) 'example_setup_teardown' retrieved from /home/airflow/.local/lib/python3.12/site-packages/airflow/example_dags/example_setup_teardown.py
[2024-12-19T21:48:36.013+0000] {logging_mixin.py:190} INFO - [2024-12-19T21:48:36.013+0000] {dag.py:3239} INFO - Sync 1 DAGs
[2024-12-19T21:48:36.018+0000] {logging_mixin.py:190} INFO - [2024-12-19T21:48:36.018+0000] {dag.py:4180} INFO - Setting next_dagrun for example_setup_teardown to None, run_after=None
[2024-12-19T21:48:36.025+0000] {processor.py:208} INFO - Processing /home/airflow/.local/lib/python3.12/site-packages/airflow/example_dags/example_setup_teardown.py took 0.029 seconds
[2024-12-19T21:49:07.169+0000] {processor.py:186} INFO - Started process (PID=817) to work on /home/airflow/.local/lib/python3.12/site-packages/airflow/example_dags/example_setup_teardown.py
[2024-12-19T21:49:07.169+0000] {processor.py:914} INFO - Processing file /home/airflow/.local/lib/python3.12/site-packages/airflow/example_dags/example_setup_teardown.py for tasks to queue
[2024-12-19T21:49:07.170+0000] {logging_mixin.py:190} INFO - [2024-12-19T21:49:07.170+0000] {dagbag.py:588} INFO - Filling up the DagBag from /home/airflow/.local/lib/python3.12/site-packages/airflow/example_dags/example_setup_teardown.py
[2024-12-19T21:49:07.175+0000] {processor.py:925} INFO - DAG(s) 'example_setup_teardown' retrieved from /home/airflow/.local/lib/python3.12/site-packages/airflow/example_dags/example_setup_teardown.py
[2024-12-19T21:49:07.185+0000] {logging_mixin.py:190} INFO - [2024-12-19T21:49:07.185+0000] {dag.py:3239} INFO - Sync 1 DAGs
[2024-12-19T21:49:07.191+0000] {logging_mixin.py:190} INFO - [2024-12-19T21:49:07.191+0000] {dag.py:4180} INFO - Setting next_dagrun for example_setup_teardown to None, run_after=None
[2024-12-19T21:49:07.199+0000] {processor.py:208} INFO - Processing /home/airflow/.local/lib/python3.12/site-packages/airflow/example_dags/example_setup_teardown.py took 0.032 seconds
