[2024-12-19T21:43:27.535+0000] {processor.py:186} INFO - Started process (PID=64) to work on /home/airflow/.local/lib/python3.12/site-packages/airflow/example_dags/example_skip_dag.py
[2024-12-19T21:43:27.536+0000] {processor.py:914} INFO - Processing file /home/airflow/.local/lib/python3.12/site-packages/airflow/example_dags/example_skip_dag.py for tasks to queue
[2024-12-19T21:43:27.538+0000] {logging_mixin.py:190} INFO - [2024-12-19T21:43:27.537+0000] {dagbag.py:588} INFO - Filling up the DagBag from /home/airflow/.local/lib/python3.12/site-packages/airflow/example_dags/example_skip_dag.py
[2024-12-19T21:43:27.547+0000] {processor.py:925} INFO - DAG(s) 'example_skip_dag' retrieved from /home/airflow/.local/lib/python3.12/site-packages/airflow/example_dags/example_skip_dag.py
[2024-12-19T21:43:27.572+0000] {logging_mixin.py:190} INFO - [2024-12-19T21:43:27.572+0000] {dag.py:3239} INFO - Sync 1 DAGs
[2024-12-19T21:43:27.593+0000] {logging_mixin.py:190} INFO - [2024-12-19T21:43:27.592+0000] {dag.py:4180} INFO - Setting next_dagrun for example_skip_dag to 2024-12-18 00:00:00+00:00, run_after=2024-12-19 00:00:00+00:00
[2024-12-19T21:43:27.618+0000] {processor.py:208} INFO - Processing /home/airflow/.local/lib/python3.12/site-packages/airflow/example_dags/example_skip_dag.py took 0.088 seconds
[2024-12-19T21:43:58.651+0000] {processor.py:186} INFO - Started process (PID=140) to work on /home/airflow/.local/lib/python3.12/site-packages/airflow/example_dags/example_skip_dag.py
[2024-12-19T21:43:58.651+0000] {processor.py:914} INFO - Processing file /home/airflow/.local/lib/python3.12/site-packages/airflow/example_dags/example_skip_dag.py for tasks to queue
[2024-12-19T21:43:58.652+0000] {logging_mixin.py:190} INFO - [2024-12-19T21:43:58.652+0000] {dagbag.py:588} INFO - Filling up the DagBag from /home/airflow/.local/lib/python3.12/site-packages/airflow/example_dags/example_skip_dag.py
[2024-12-19T21:43:58.656+0000] {processor.py:925} INFO - DAG(s) 'example_skip_dag' retrieved from /home/airflow/.local/lib/python3.12/site-packages/airflow/example_dags/example_skip_dag.py
[2024-12-19T21:43:58.665+0000] {logging_mixin.py:190} INFO - [2024-12-19T21:43:58.665+0000] {dag.py:3239} INFO - Sync 1 DAGs
[2024-12-19T21:43:58.676+0000] {logging_mixin.py:190} INFO - [2024-12-19T21:43:58.675+0000] {dag.py:4180} INFO - Setting next_dagrun for example_skip_dag to 2024-12-18 00:00:00+00:00, run_after=2024-12-19 00:00:00+00:00
[2024-12-19T21:43:58.688+0000] {processor.py:208} INFO - Processing /home/airflow/.local/lib/python3.12/site-packages/airflow/example_dags/example_skip_dag.py took 0.039 seconds
[2024-12-19T21:44:29.137+0000] {processor.py:186} INFO - Started process (PID=206) to work on /home/airflow/.local/lib/python3.12/site-packages/airflow/example_dags/example_skip_dag.py
[2024-12-19T21:44:29.137+0000] {processor.py:914} INFO - Processing file /home/airflow/.local/lib/python3.12/site-packages/airflow/example_dags/example_skip_dag.py for tasks to queue
[2024-12-19T21:44:29.138+0000] {logging_mixin.py:190} INFO - [2024-12-19T21:44:29.138+0000] {dagbag.py:588} INFO - Filling up the DagBag from /home/airflow/.local/lib/python3.12/site-packages/airflow/example_dags/example_skip_dag.py
[2024-12-19T21:44:29.143+0000] {processor.py:925} INFO - DAG(s) 'example_skip_dag' retrieved from /home/airflow/.local/lib/python3.12/site-packages/airflow/example_dags/example_skip_dag.py
[2024-12-19T21:44:29.152+0000] {logging_mixin.py:190} INFO - [2024-12-19T21:44:29.152+0000] {dag.py:3239} INFO - Sync 1 DAGs
[2024-12-19T21:44:29.161+0000] {logging_mixin.py:190} INFO - [2024-12-19T21:44:29.161+0000] {dag.py:4180} INFO - Setting next_dagrun for example_skip_dag to 2024-12-18 00:00:00+00:00, run_after=2024-12-19 00:00:00+00:00
[2024-12-19T21:44:29.170+0000] {processor.py:208} INFO - Processing /home/airflow/.local/lib/python3.12/site-packages/airflow/example_dags/example_skip_dag.py took 0.035 seconds
[2024-12-19T21:44:59.653+0000] {processor.py:186} INFO - Started process (PID=279) to work on /home/airflow/.local/lib/python3.12/site-packages/airflow/example_dags/example_skip_dag.py
[2024-12-19T21:44:59.654+0000] {processor.py:914} INFO - Processing file /home/airflow/.local/lib/python3.12/site-packages/airflow/example_dags/example_skip_dag.py for tasks to queue
[2024-12-19T21:44:59.655+0000] {logging_mixin.py:190} INFO - [2024-12-19T21:44:59.655+0000] {dagbag.py:588} INFO - Filling up the DagBag from /home/airflow/.local/lib/python3.12/site-packages/airflow/example_dags/example_skip_dag.py
[2024-12-19T21:44:59.659+0000] {processor.py:925} INFO - DAG(s) 'example_skip_dag' retrieved from /home/airflow/.local/lib/python3.12/site-packages/airflow/example_dags/example_skip_dag.py
[2024-12-19T21:44:59.671+0000] {logging_mixin.py:190} INFO - [2024-12-19T21:44:59.671+0000] {dag.py:3239} INFO - Sync 1 DAGs
[2024-12-19T21:44:59.681+0000] {logging_mixin.py:190} INFO - [2024-12-19T21:44:59.681+0000] {dag.py:4180} INFO - Setting next_dagrun for example_skip_dag to 2024-12-18 00:00:00+00:00, run_after=2024-12-19 00:00:00+00:00
[2024-12-19T21:44:59.693+0000] {processor.py:208} INFO - Processing /home/airflow/.local/lib/python3.12/site-packages/airflow/example_dags/example_skip_dag.py took 0.042 seconds
[2024-12-19T21:45:30.042+0000] {processor.py:186} INFO - Started process (PID=346) to work on /home/airflow/.local/lib/python3.12/site-packages/airflow/example_dags/example_skip_dag.py
[2024-12-19T21:45:30.043+0000] {processor.py:914} INFO - Processing file /home/airflow/.local/lib/python3.12/site-packages/airflow/example_dags/example_skip_dag.py for tasks to queue
[2024-12-19T21:45:30.044+0000] {logging_mixin.py:190} INFO - [2024-12-19T21:45:30.044+0000] {dagbag.py:588} INFO - Filling up the DagBag from /home/airflow/.local/lib/python3.12/site-packages/airflow/example_dags/example_skip_dag.py
[2024-12-19T21:45:30.047+0000] {processor.py:925} INFO - DAG(s) 'example_skip_dag' retrieved from /home/airflow/.local/lib/python3.12/site-packages/airflow/example_dags/example_skip_dag.py
[2024-12-19T21:45:30.055+0000] {logging_mixin.py:190} INFO - [2024-12-19T21:45:30.055+0000] {dag.py:3239} INFO - Sync 1 DAGs
[2024-12-19T21:45:30.063+0000] {logging_mixin.py:190} INFO - [2024-12-19T21:45:30.063+0000] {dag.py:4180} INFO - Setting next_dagrun for example_skip_dag to 2024-12-18 00:00:00+00:00, run_after=2024-12-19 00:00:00+00:00
[2024-12-19T21:45:30.069+0000] {processor.py:208} INFO - Processing /home/airflow/.local/lib/python3.12/site-packages/airflow/example_dags/example_skip_dag.py took 0.029 seconds
[2024-12-19T21:46:00.466+0000] {processor.py:186} INFO - Started process (PID=413) to work on /home/airflow/.local/lib/python3.12/site-packages/airflow/example_dags/example_skip_dag.py
[2024-12-19T21:46:00.467+0000] {processor.py:914} INFO - Processing file /home/airflow/.local/lib/python3.12/site-packages/airflow/example_dags/example_skip_dag.py for tasks to queue
[2024-12-19T21:46:00.468+0000] {logging_mixin.py:190} INFO - [2024-12-19T21:46:00.467+0000] {dagbag.py:588} INFO - Filling up the DagBag from /home/airflow/.local/lib/python3.12/site-packages/airflow/example_dags/example_skip_dag.py
[2024-12-19T21:46:00.471+0000] {processor.py:925} INFO - DAG(s) 'example_skip_dag' retrieved from /home/airflow/.local/lib/python3.12/site-packages/airflow/example_dags/example_skip_dag.py
[2024-12-19T21:46:00.480+0000] {logging_mixin.py:190} INFO - [2024-12-19T21:46:00.479+0000] {dag.py:3239} INFO - Sync 1 DAGs
[2024-12-19T21:46:00.488+0000] {logging_mixin.py:190} INFO - [2024-12-19T21:46:00.488+0000] {dag.py:4180} INFO - Setting next_dagrun for example_skip_dag to 2024-12-18 00:00:00+00:00, run_after=2024-12-19 00:00:00+00:00
[2024-12-19T21:46:00.494+0000] {processor.py:208} INFO - Processing /home/airflow/.local/lib/python3.12/site-packages/airflow/example_dags/example_skip_dag.py took 0.030 seconds
[2024-12-19T21:46:31.822+0000] {processor.py:186} INFO - Started process (PID=480) to work on /home/airflow/.local/lib/python3.12/site-packages/airflow/example_dags/example_skip_dag.py
[2024-12-19T21:46:31.823+0000] {processor.py:914} INFO - Processing file /home/airflow/.local/lib/python3.12/site-packages/airflow/example_dags/example_skip_dag.py for tasks to queue
[2024-12-19T21:46:31.823+0000] {logging_mixin.py:190} INFO - [2024-12-19T21:46:31.823+0000] {dagbag.py:588} INFO - Filling up the DagBag from /home/airflow/.local/lib/python3.12/site-packages/airflow/example_dags/example_skip_dag.py
[2024-12-19T21:46:31.827+0000] {processor.py:925} INFO - DAG(s) 'example_skip_dag' retrieved from /home/airflow/.local/lib/python3.12/site-packages/airflow/example_dags/example_skip_dag.py
[2024-12-19T21:46:31.834+0000] {logging_mixin.py:190} INFO - [2024-12-19T21:46:31.834+0000] {dag.py:3239} INFO - Sync 1 DAGs
[2024-12-19T21:46:31.843+0000] {logging_mixin.py:190} INFO - [2024-12-19T21:46:31.843+0000] {dag.py:4180} INFO - Setting next_dagrun for example_skip_dag to 2024-12-18 00:00:00+00:00, run_after=2024-12-19 00:00:00+00:00
[2024-12-19T21:46:31.849+0000] {processor.py:208} INFO - Processing /home/airflow/.local/lib/python3.12/site-packages/airflow/example_dags/example_skip_dag.py took 0.030 seconds
[2024-12-19T21:47:03.104+0000] {processor.py:186} INFO - Started process (PID=547) to work on /home/airflow/.local/lib/python3.12/site-packages/airflow/example_dags/example_skip_dag.py
[2024-12-19T21:47:03.104+0000] {processor.py:914} INFO - Processing file /home/airflow/.local/lib/python3.12/site-packages/airflow/example_dags/example_skip_dag.py for tasks to queue
[2024-12-19T21:47:03.105+0000] {logging_mixin.py:190} INFO - [2024-12-19T21:47:03.105+0000] {dagbag.py:588} INFO - Filling up the DagBag from /home/airflow/.local/lib/python3.12/site-packages/airflow/example_dags/example_skip_dag.py
[2024-12-19T21:47:03.108+0000] {processor.py:925} INFO - DAG(s) 'example_skip_dag' retrieved from /home/airflow/.local/lib/python3.12/site-packages/airflow/example_dags/example_skip_dag.py
[2024-12-19T21:47:03.116+0000] {logging_mixin.py:190} INFO - [2024-12-19T21:47:03.115+0000] {dag.py:3239} INFO - Sync 1 DAGs
[2024-12-19T21:47:03.123+0000] {logging_mixin.py:190} INFO - [2024-12-19T21:47:03.123+0000] {dag.py:4180} INFO - Setting next_dagrun for example_skip_dag to 2024-12-18 00:00:00+00:00, run_after=2024-12-19 00:00:00+00:00
[2024-12-19T21:47:03.128+0000] {processor.py:208} INFO - Processing /home/airflow/.local/lib/python3.12/site-packages/airflow/example_dags/example_skip_dag.py took 0.026 seconds
[2024-12-19T21:47:34.388+0000] {processor.py:186} INFO - Started process (PID=614) to work on /home/airflow/.local/lib/python3.12/site-packages/airflow/example_dags/example_skip_dag.py
[2024-12-19T21:47:34.389+0000] {processor.py:914} INFO - Processing file /home/airflow/.local/lib/python3.12/site-packages/airflow/example_dags/example_skip_dag.py for tasks to queue
[2024-12-19T21:47:34.390+0000] {logging_mixin.py:190} INFO - [2024-12-19T21:47:34.389+0000] {dagbag.py:588} INFO - Filling up the DagBag from /home/airflow/.local/lib/python3.12/site-packages/airflow/example_dags/example_skip_dag.py
[2024-12-19T21:47:34.392+0000] {processor.py:925} INFO - DAG(s) 'example_skip_dag' retrieved from /home/airflow/.local/lib/python3.12/site-packages/airflow/example_dags/example_skip_dag.py
[2024-12-19T21:47:34.400+0000] {logging_mixin.py:190} INFO - [2024-12-19T21:47:34.400+0000] {dag.py:3239} INFO - Sync 1 DAGs
[2024-12-19T21:47:34.408+0000] {logging_mixin.py:190} INFO - [2024-12-19T21:47:34.407+0000] {dag.py:4180} INFO - Setting next_dagrun for example_skip_dag to 2024-12-18 00:00:00+00:00, run_after=2024-12-19 00:00:00+00:00
[2024-12-19T21:47:34.413+0000] {processor.py:208} INFO - Processing /home/airflow/.local/lib/python3.12/site-packages/airflow/example_dags/example_skip_dag.py took 0.027 seconds
[2024-12-19T21:48:05.548+0000] {processor.py:186} INFO - Started process (PID=681) to work on /home/airflow/.local/lib/python3.12/site-packages/airflow/example_dags/example_skip_dag.py
[2024-12-19T21:48:05.552+0000] {processor.py:914} INFO - Processing file /home/airflow/.local/lib/python3.12/site-packages/airflow/example_dags/example_skip_dag.py for tasks to queue
[2024-12-19T21:48:05.553+0000] {logging_mixin.py:190} INFO - [2024-12-19T21:48:05.553+0000] {dagbag.py:588} INFO - Filling up the DagBag from /home/airflow/.local/lib/python3.12/site-packages/airflow/example_dags/example_skip_dag.py
[2024-12-19T21:48:05.558+0000] {processor.py:925} INFO - DAG(s) 'example_skip_dag' retrieved from /home/airflow/.local/lib/python3.12/site-packages/airflow/example_dags/example_skip_dag.py
[2024-12-19T21:48:05.569+0000] {logging_mixin.py:190} INFO - [2024-12-19T21:48:05.569+0000] {dag.py:3239} INFO - Sync 1 DAGs
[2024-12-19T21:48:05.578+0000] {logging_mixin.py:190} INFO - [2024-12-19T21:48:05.578+0000] {dag.py:4180} INFO - Setting next_dagrun for example_skip_dag to 2024-12-18 00:00:00+00:00, run_after=2024-12-19 00:00:00+00:00
[2024-12-19T21:48:05.587+0000] {processor.py:208} INFO - Processing /home/airflow/.local/lib/python3.12/site-packages/airflow/example_dags/example_skip_dag.py took 0.041 seconds
[2024-12-19T21:48:35.917+0000] {processor.py:186} INFO - Started process (PID=748) to work on /home/airflow/.local/lib/python3.12/site-packages/airflow/example_dags/example_skip_dag.py
[2024-12-19T21:48:35.918+0000] {processor.py:914} INFO - Processing file /home/airflow/.local/lib/python3.12/site-packages/airflow/example_dags/example_skip_dag.py for tasks to queue
[2024-12-19T21:48:35.919+0000] {logging_mixin.py:190} INFO - [2024-12-19T21:48:35.919+0000] {dagbag.py:588} INFO - Filling up the DagBag from /home/airflow/.local/lib/python3.12/site-packages/airflow/example_dags/example_skip_dag.py
[2024-12-19T21:48:35.922+0000] {processor.py:925} INFO - DAG(s) 'example_skip_dag' retrieved from /home/airflow/.local/lib/python3.12/site-packages/airflow/example_dags/example_skip_dag.py
[2024-12-19T21:48:35.930+0000] {logging_mixin.py:190} INFO - [2024-12-19T21:48:35.930+0000] {dag.py:3239} INFO - Sync 1 DAGs
[2024-12-19T21:48:35.938+0000] {logging_mixin.py:190} INFO - [2024-12-19T21:48:35.938+0000] {dag.py:4180} INFO - Setting next_dagrun for example_skip_dag to 2024-12-18 00:00:00+00:00, run_after=2024-12-19 00:00:00+00:00
[2024-12-19T21:48:35.944+0000] {processor.py:208} INFO - Processing /home/airflow/.local/lib/python3.12/site-packages/airflow/example_dags/example_skip_dag.py took 0.029 seconds
[2024-12-19T21:49:07.130+0000] {processor.py:186} INFO - Started process (PID=815) to work on /home/airflow/.local/lib/python3.12/site-packages/airflow/example_dags/example_skip_dag.py
[2024-12-19T21:49:07.131+0000] {processor.py:914} INFO - Processing file /home/airflow/.local/lib/python3.12/site-packages/airflow/example_dags/example_skip_dag.py for tasks to queue
[2024-12-19T21:49:07.132+0000] {logging_mixin.py:190} INFO - [2024-12-19T21:49:07.132+0000] {dagbag.py:588} INFO - Filling up the DagBag from /home/airflow/.local/lib/python3.12/site-packages/airflow/example_dags/example_skip_dag.py
[2024-12-19T21:49:07.136+0000] {processor.py:925} INFO - DAG(s) 'example_skip_dag' retrieved from /home/airflow/.local/lib/python3.12/site-packages/airflow/example_dags/example_skip_dag.py
[2024-12-19T21:49:07.144+0000] {logging_mixin.py:190} INFO - [2024-12-19T21:49:07.143+0000] {dag.py:3239} INFO - Sync 1 DAGs
[2024-12-19T21:49:07.152+0000] {logging_mixin.py:190} INFO - [2024-12-19T21:49:07.152+0000] {dag.py:4180} INFO - Setting next_dagrun for example_skip_dag to 2024-12-18 00:00:00+00:00, run_after=2024-12-19 00:00:00+00:00
[2024-12-19T21:49:07.157+0000] {processor.py:208} INFO - Processing /home/airflow/.local/lib/python3.12/site-packages/airflow/example_dags/example_skip_dag.py took 0.030 seconds
