[2024-12-19T21:43:24.981+0000] {processor.py:186} INFO - Started process (PID=52) to work on /home/airflow/.local/lib/python3.12/site-packages/airflow/example_dags/example_latest_only_with_trigger.py
[2024-12-19T21:43:24.981+0000] {processor.py:914} INFO - Processing file /home/airflow/.local/lib/python3.12/site-packages/airflow/example_dags/example_latest_only_with_trigger.py for tasks to queue
[2024-12-19T21:43:24.982+0000] {logging_mixin.py:190} INFO - [2024-12-19T21:43:24.982+0000] {dagbag.py:588} INFO - Filling up the DagBag from /home/airflow/.local/lib/python3.12/site-packages/airflow/example_dags/example_latest_only_with_trigger.py
[2024-12-19T21:43:24.986+0000] {processor.py:925} INFO - DAG(s) 'latest_only_with_trigger' retrieved from /home/airflow/.local/lib/python3.12/site-packages/airflow/example_dags/example_latest_only_with_trigger.py
[2024-12-19T21:43:25.000+0000] {logging_mixin.py:190} INFO - [2024-12-19T21:43:25.000+0000] {dag.py:3239} INFO - Sync 1 DAGs
[2024-12-19T21:43:25.010+0000] {logging_mixin.py:190} INFO - [2024-12-19T21:43:25.010+0000] {dag.py:4180} INFO - Setting next_dagrun for latest_only_with_trigger to 2024-12-19 16:00:00+00:00, run_after=2024-12-19 20:00:00+00:00
[2024-12-19T21:43:25.018+0000] {processor.py:208} INFO - Processing /home/airflow/.local/lib/python3.12/site-packages/airflow/example_dags/example_latest_only_with_trigger.py took 0.040 seconds
[2024-12-19T21:43:55.561+0000] {processor.py:186} INFO - Started process (PID=128) to work on /home/airflow/.local/lib/python3.12/site-packages/airflow/example_dags/example_latest_only_with_trigger.py
[2024-12-19T21:43:55.562+0000] {processor.py:914} INFO - Processing file /home/airflow/.local/lib/python3.12/site-packages/airflow/example_dags/example_latest_only_with_trigger.py for tasks to queue
[2024-12-19T21:43:55.563+0000] {logging_mixin.py:190} INFO - [2024-12-19T21:43:55.563+0000] {dagbag.py:588} INFO - Filling up the DagBag from /home/airflow/.local/lib/python3.12/site-packages/airflow/example_dags/example_latest_only_with_trigger.py
[2024-12-19T21:43:55.567+0000] {processor.py:925} INFO - DAG(s) 'latest_only_with_trigger' retrieved from /home/airflow/.local/lib/python3.12/site-packages/airflow/example_dags/example_latest_only_with_trigger.py
[2024-12-19T21:43:55.577+0000] {logging_mixin.py:190} INFO - [2024-12-19T21:43:55.577+0000] {dag.py:3239} INFO - Sync 1 DAGs
[2024-12-19T21:43:55.586+0000] {logging_mixin.py:190} INFO - [2024-12-19T21:43:55.586+0000] {dag.py:4180} INFO - Setting next_dagrun for latest_only_with_trigger to 2024-12-19 16:00:00+00:00, run_after=2024-12-19 20:00:00+00:00
[2024-12-19T21:43:55.592+0000] {processor.py:208} INFO - Processing /home/airflow/.local/lib/python3.12/site-packages/airflow/example_dags/example_latest_only_with_trigger.py took 0.034 seconds
[2024-12-19T21:44:26.372+0000] {processor.py:186} INFO - Started process (PID=194) to work on /home/airflow/.local/lib/python3.12/site-packages/airflow/example_dags/example_latest_only_with_trigger.py
[2024-12-19T21:44:26.372+0000] {processor.py:914} INFO - Processing file /home/airflow/.local/lib/python3.12/site-packages/airflow/example_dags/example_latest_only_with_trigger.py for tasks to queue
[2024-12-19T21:44:26.373+0000] {logging_mixin.py:190} INFO - [2024-12-19T21:44:26.373+0000] {dagbag.py:588} INFO - Filling up the DagBag from /home/airflow/.local/lib/python3.12/site-packages/airflow/example_dags/example_latest_only_with_trigger.py
[2024-12-19T21:44:26.376+0000] {processor.py:925} INFO - DAG(s) 'latest_only_with_trigger' retrieved from /home/airflow/.local/lib/python3.12/site-packages/airflow/example_dags/example_latest_only_with_trigger.py
[2024-12-19T21:44:26.387+0000] {logging_mixin.py:190} INFO - [2024-12-19T21:44:26.387+0000] {dag.py:3239} INFO - Sync 1 DAGs
[2024-12-19T21:44:26.396+0000] {logging_mixin.py:190} INFO - [2024-12-19T21:44:26.396+0000] {dag.py:4180} INFO - Setting next_dagrun for latest_only_with_trigger to 2024-12-19 16:00:00+00:00, run_after=2024-12-19 20:00:00+00:00
[2024-12-19T21:44:26.405+0000] {processor.py:208} INFO - Processing /home/airflow/.local/lib/python3.12/site-packages/airflow/example_dags/example_latest_only_with_trigger.py took 0.035 seconds
[2024-12-19T21:44:56.985+0000] {processor.py:186} INFO - Started process (PID=261) to work on /home/airflow/.local/lib/python3.12/site-packages/airflow/example_dags/example_latest_only_with_trigger.py
[2024-12-19T21:44:56.985+0000] {processor.py:914} INFO - Processing file /home/airflow/.local/lib/python3.12/site-packages/airflow/example_dags/example_latest_only_with_trigger.py for tasks to queue
[2024-12-19T21:44:56.986+0000] {logging_mixin.py:190} INFO - [2024-12-19T21:44:56.986+0000] {dagbag.py:588} INFO - Filling up the DagBag from /home/airflow/.local/lib/python3.12/site-packages/airflow/example_dags/example_latest_only_with_trigger.py
[2024-12-19T21:44:56.992+0000] {processor.py:925} INFO - DAG(s) 'latest_only_with_trigger' retrieved from /home/airflow/.local/lib/python3.12/site-packages/airflow/example_dags/example_latest_only_with_trigger.py
[2024-12-19T21:44:56.999+0000] {logging_mixin.py:190} INFO - [2024-12-19T21:44:56.999+0000] {dag.py:3239} INFO - Sync 1 DAGs
[2024-12-19T21:44:57.007+0000] {logging_mixin.py:190} INFO - [2024-12-19T21:44:57.007+0000] {dag.py:4180} INFO - Setting next_dagrun for latest_only_with_trigger to 2024-12-19 16:00:00+00:00, run_after=2024-12-19 20:00:00+00:00
[2024-12-19T21:44:57.015+0000] {processor.py:208} INFO - Processing /home/airflow/.local/lib/python3.12/site-packages/airflow/example_dags/example_latest_only_with_trigger.py took 0.032 seconds
[2024-12-19T21:45:27.473+0000] {processor.py:186} INFO - Started process (PID=328) to work on /home/airflow/.local/lib/python3.12/site-packages/airflow/example_dags/example_latest_only_with_trigger.py
[2024-12-19T21:45:27.473+0000] {processor.py:914} INFO - Processing file /home/airflow/.local/lib/python3.12/site-packages/airflow/example_dags/example_latest_only_with_trigger.py for tasks to queue
[2024-12-19T21:45:27.476+0000] {logging_mixin.py:190} INFO - [2024-12-19T21:45:27.476+0000] {dagbag.py:588} INFO - Filling up the DagBag from /home/airflow/.local/lib/python3.12/site-packages/airflow/example_dags/example_latest_only_with_trigger.py
[2024-12-19T21:45:27.479+0000] {processor.py:925} INFO - DAG(s) 'latest_only_with_trigger' retrieved from /home/airflow/.local/lib/python3.12/site-packages/airflow/example_dags/example_latest_only_with_trigger.py
[2024-12-19T21:45:27.489+0000] {logging_mixin.py:190} INFO - [2024-12-19T21:45:27.489+0000] {dag.py:3239} INFO - Sync 1 DAGs
[2024-12-19T21:45:27.499+0000] {logging_mixin.py:190} INFO - [2024-12-19T21:45:27.499+0000] {dag.py:4180} INFO - Setting next_dagrun for latest_only_with_trigger to 2024-12-19 16:00:00+00:00, run_after=2024-12-19 20:00:00+00:00
[2024-12-19T21:45:27.507+0000] {processor.py:208} INFO - Processing /home/airflow/.local/lib/python3.12/site-packages/airflow/example_dags/example_latest_only_with_trigger.py took 0.036 seconds
[2024-12-19T21:45:57.887+0000] {processor.py:186} INFO - Started process (PID=395) to work on /home/airflow/.local/lib/python3.12/site-packages/airflow/example_dags/example_latest_only_with_trigger.py
[2024-12-19T21:45:57.888+0000] {processor.py:914} INFO - Processing file /home/airflow/.local/lib/python3.12/site-packages/airflow/example_dags/example_latest_only_with_trigger.py for tasks to queue
[2024-12-19T21:45:57.889+0000] {logging_mixin.py:190} INFO - [2024-12-19T21:45:57.888+0000] {dagbag.py:588} INFO - Filling up the DagBag from /home/airflow/.local/lib/python3.12/site-packages/airflow/example_dags/example_latest_only_with_trigger.py
[2024-12-19T21:45:57.894+0000] {processor.py:925} INFO - DAG(s) 'latest_only_with_trigger' retrieved from /home/airflow/.local/lib/python3.12/site-packages/airflow/example_dags/example_latest_only_with_trigger.py
[2024-12-19T21:45:57.903+0000] {logging_mixin.py:190} INFO - [2024-12-19T21:45:57.903+0000] {dag.py:3239} INFO - Sync 1 DAGs
[2024-12-19T21:45:57.912+0000] {logging_mixin.py:190} INFO - [2024-12-19T21:45:57.912+0000] {dag.py:4180} INFO - Setting next_dagrun for latest_only_with_trigger to 2024-12-19 16:00:00+00:00, run_after=2024-12-19 20:00:00+00:00
[2024-12-19T21:45:57.923+0000] {processor.py:208} INFO - Processing /home/airflow/.local/lib/python3.12/site-packages/airflow/example_dags/example_latest_only_with_trigger.py took 0.038 seconds
[2024-12-19T21:46:28.116+0000] {processor.py:186} INFO - Started process (PID=462) to work on /home/airflow/.local/lib/python3.12/site-packages/airflow/example_dags/example_latest_only_with_trigger.py
[2024-12-19T21:46:28.116+0000] {processor.py:914} INFO - Processing file /home/airflow/.local/lib/python3.12/site-packages/airflow/example_dags/example_latest_only_with_trigger.py for tasks to queue
[2024-12-19T21:46:28.118+0000] {logging_mixin.py:190} INFO - [2024-12-19T21:46:28.118+0000] {dagbag.py:588} INFO - Filling up the DagBag from /home/airflow/.local/lib/python3.12/site-packages/airflow/example_dags/example_latest_only_with_trigger.py
[2024-12-19T21:46:28.121+0000] {processor.py:925} INFO - DAG(s) 'latest_only_with_trigger' retrieved from /home/airflow/.local/lib/python3.12/site-packages/airflow/example_dags/example_latest_only_with_trigger.py
[2024-12-19T21:46:28.131+0000] {logging_mixin.py:190} INFO - [2024-12-19T21:46:28.131+0000] {dag.py:3239} INFO - Sync 1 DAGs
[2024-12-19T21:46:28.139+0000] {logging_mixin.py:190} INFO - [2024-12-19T21:46:28.139+0000] {dag.py:4180} INFO - Setting next_dagrun for latest_only_with_trigger to 2024-12-19 16:00:00+00:00, run_after=2024-12-19 20:00:00+00:00
[2024-12-19T21:46:28.147+0000] {processor.py:208} INFO - Processing /home/airflow/.local/lib/python3.12/site-packages/airflow/example_dags/example_latest_only_with_trigger.py took 0.033 seconds
[2024-12-19T21:46:58.406+0000] {processor.py:186} INFO - Started process (PID=529) to work on /home/airflow/.local/lib/python3.12/site-packages/airflow/example_dags/example_latest_only_with_trigger.py
[2024-12-19T21:46:58.407+0000] {processor.py:914} INFO - Processing file /home/airflow/.local/lib/python3.12/site-packages/airflow/example_dags/example_latest_only_with_trigger.py for tasks to queue
[2024-12-19T21:46:58.407+0000] {logging_mixin.py:190} INFO - [2024-12-19T21:46:58.407+0000] {dagbag.py:588} INFO - Filling up the DagBag from /home/airflow/.local/lib/python3.12/site-packages/airflow/example_dags/example_latest_only_with_trigger.py
[2024-12-19T21:46:58.411+0000] {processor.py:925} INFO - DAG(s) 'latest_only_with_trigger' retrieved from /home/airflow/.local/lib/python3.12/site-packages/airflow/example_dags/example_latest_only_with_trigger.py
[2024-12-19T21:46:58.419+0000] {logging_mixin.py:190} INFO - [2024-12-19T21:46:58.419+0000] {dag.py:3239} INFO - Sync 1 DAGs
[2024-12-19T21:46:58.428+0000] {logging_mixin.py:190} INFO - [2024-12-19T21:46:58.428+0000] {dag.py:4180} INFO - Setting next_dagrun for latest_only_with_trigger to 2024-12-19 16:00:00+00:00, run_after=2024-12-19 20:00:00+00:00
[2024-12-19T21:46:58.436+0000] {processor.py:208} INFO - Processing /home/airflow/.local/lib/python3.12/site-packages/airflow/example_dags/example_latest_only_with_trigger.py took 0.032 seconds
[2024-12-19T21:47:28.662+0000] {processor.py:186} INFO - Started process (PID=596) to work on /home/airflow/.local/lib/python3.12/site-packages/airflow/example_dags/example_latest_only_with_trigger.py
[2024-12-19T21:47:28.663+0000] {processor.py:914} INFO - Processing file /home/airflow/.local/lib/python3.12/site-packages/airflow/example_dags/example_latest_only_with_trigger.py for tasks to queue
[2024-12-19T21:47:28.664+0000] {logging_mixin.py:190} INFO - [2024-12-19T21:47:28.664+0000] {dagbag.py:588} INFO - Filling up the DagBag from /home/airflow/.local/lib/python3.12/site-packages/airflow/example_dags/example_latest_only_with_trigger.py
[2024-12-19T21:47:28.667+0000] {processor.py:925} INFO - DAG(s) 'latest_only_with_trigger' retrieved from /home/airflow/.local/lib/python3.12/site-packages/airflow/example_dags/example_latest_only_with_trigger.py
[2024-12-19T21:47:28.675+0000] {logging_mixin.py:190} INFO - [2024-12-19T21:47:28.675+0000] {dag.py:3239} INFO - Sync 1 DAGs
[2024-12-19T21:47:28.683+0000] {logging_mixin.py:190} INFO - [2024-12-19T21:47:28.683+0000] {dag.py:4180} INFO - Setting next_dagrun for latest_only_with_trigger to 2024-12-19 16:00:00+00:00, run_after=2024-12-19 20:00:00+00:00
[2024-12-19T21:47:28.690+0000] {processor.py:208} INFO - Processing /home/airflow/.local/lib/python3.12/site-packages/airflow/example_dags/example_latest_only_with_trigger.py took 0.030 seconds
[2024-12-19T21:47:58.861+0000] {processor.py:186} INFO - Started process (PID=663) to work on /home/airflow/.local/lib/python3.12/site-packages/airflow/example_dags/example_latest_only_with_trigger.py
[2024-12-19T21:47:58.862+0000] {processor.py:914} INFO - Processing file /home/airflow/.local/lib/python3.12/site-packages/airflow/example_dags/example_latest_only_with_trigger.py for tasks to queue
[2024-12-19T21:47:58.862+0000] {logging_mixin.py:190} INFO - [2024-12-19T21:47:58.862+0000] {dagbag.py:588} INFO - Filling up the DagBag from /home/airflow/.local/lib/python3.12/site-packages/airflow/example_dags/example_latest_only_with_trigger.py
[2024-12-19T21:47:58.865+0000] {processor.py:925} INFO - DAG(s) 'latest_only_with_trigger' retrieved from /home/airflow/.local/lib/python3.12/site-packages/airflow/example_dags/example_latest_only_with_trigger.py
[2024-12-19T21:47:58.873+0000] {logging_mixin.py:190} INFO - [2024-12-19T21:47:58.872+0000] {dag.py:3239} INFO - Sync 1 DAGs
[2024-12-19T21:47:58.880+0000] {logging_mixin.py:190} INFO - [2024-12-19T21:47:58.880+0000] {dag.py:4180} INFO - Setting next_dagrun for latest_only_with_trigger to 2024-12-19 16:00:00+00:00, run_after=2024-12-19 20:00:00+00:00
[2024-12-19T21:47:58.885+0000] {processor.py:208} INFO - Processing /home/airflow/.local/lib/python3.12/site-packages/airflow/example_dags/example_latest_only_with_trigger.py took 0.026 seconds
[2024-12-19T21:48:29.256+0000] {processor.py:186} INFO - Started process (PID=730) to work on /home/airflow/.local/lib/python3.12/site-packages/airflow/example_dags/example_latest_only_with_trigger.py
[2024-12-19T21:48:29.257+0000] {processor.py:914} INFO - Processing file /home/airflow/.local/lib/python3.12/site-packages/airflow/example_dags/example_latest_only_with_trigger.py for tasks to queue
[2024-12-19T21:48:29.257+0000] {logging_mixin.py:190} INFO - [2024-12-19T21:48:29.257+0000] {dagbag.py:588} INFO - Filling up the DagBag from /home/airflow/.local/lib/python3.12/site-packages/airflow/example_dags/example_latest_only_with_trigger.py
[2024-12-19T21:48:29.260+0000] {processor.py:925} INFO - DAG(s) 'latest_only_with_trigger' retrieved from /home/airflow/.local/lib/python3.12/site-packages/airflow/example_dags/example_latest_only_with_trigger.py
[2024-12-19T21:48:29.268+0000] {logging_mixin.py:190} INFO - [2024-12-19T21:48:29.268+0000] {dag.py:3239} INFO - Sync 1 DAGs
[2024-12-19T21:48:29.275+0000] {logging_mixin.py:190} INFO - [2024-12-19T21:48:29.275+0000] {dag.py:4180} INFO - Setting next_dagrun for latest_only_with_trigger to 2024-12-19 16:00:00+00:00, run_after=2024-12-19 20:00:00+00:00
[2024-12-19T21:48:29.281+0000] {processor.py:208} INFO - Processing /home/airflow/.local/lib/python3.12/site-packages/airflow/example_dags/example_latest_only_with_trigger.py took 0.027 seconds
[2024-12-19T21:48:59.425+0000] {processor.py:186} INFO - Started process (PID=797) to work on /home/airflow/.local/lib/python3.12/site-packages/airflow/example_dags/example_latest_only_with_trigger.py
[2024-12-19T21:48:59.425+0000] {processor.py:914} INFO - Processing file /home/airflow/.local/lib/python3.12/site-packages/airflow/example_dags/example_latest_only_with_trigger.py for tasks to queue
[2024-12-19T21:48:59.426+0000] {logging_mixin.py:190} INFO - [2024-12-19T21:48:59.426+0000] {dagbag.py:588} INFO - Filling up the DagBag from /home/airflow/.local/lib/python3.12/site-packages/airflow/example_dags/example_latest_only_with_trigger.py
[2024-12-19T21:48:59.429+0000] {processor.py:925} INFO - DAG(s) 'latest_only_with_trigger' retrieved from /home/airflow/.local/lib/python3.12/site-packages/airflow/example_dags/example_latest_only_with_trigger.py
[2024-12-19T21:48:59.436+0000] {logging_mixin.py:190} INFO - [2024-12-19T21:48:59.436+0000] {dag.py:3239} INFO - Sync 1 DAGs
[2024-12-19T21:48:59.444+0000] {logging_mixin.py:190} INFO - [2024-12-19T21:48:59.444+0000] {dag.py:4180} INFO - Setting next_dagrun for latest_only_with_trigger to 2024-12-19 16:00:00+00:00, run_after=2024-12-19 20:00:00+00:00
[2024-12-19T21:48:59.448+0000] {processor.py:208} INFO - Processing /home/airflow/.local/lib/python3.12/site-packages/airflow/example_dags/example_latest_only_with_trigger.py took 0.026 seconds
[2024-12-19T21:49:29.652+0000] {processor.py:186} INFO - Started process (PID=864) to work on /home/airflow/.local/lib/python3.12/site-packages/airflow/example_dags/example_latest_only_with_trigger.py
[2024-12-19T21:49:29.653+0000] {processor.py:914} INFO - Processing file /home/airflow/.local/lib/python3.12/site-packages/airflow/example_dags/example_latest_only_with_trigger.py for tasks to queue
[2024-12-19T21:49:29.654+0000] {logging_mixin.py:190} INFO - [2024-12-19T21:49:29.654+0000] {dagbag.py:588} INFO - Filling up the DagBag from /home/airflow/.local/lib/python3.12/site-packages/airflow/example_dags/example_latest_only_with_trigger.py
[2024-12-19T21:49:29.657+0000] {processor.py:925} INFO - DAG(s) 'latest_only_with_trigger' retrieved from /home/airflow/.local/lib/python3.12/site-packages/airflow/example_dags/example_latest_only_with_trigger.py
[2024-12-19T21:49:29.665+0000] {logging_mixin.py:190} INFO - [2024-12-19T21:49:29.665+0000] {dag.py:3239} INFO - Sync 1 DAGs
[2024-12-19T21:49:29.673+0000] {logging_mixin.py:190} INFO - [2024-12-19T21:49:29.672+0000] {dag.py:4180} INFO - Setting next_dagrun for latest_only_with_trigger to 2024-12-19 16:00:00+00:00, run_after=2024-12-19 20:00:00+00:00
[2024-12-19T21:49:29.678+0000] {processor.py:208} INFO - Processing /home/airflow/.local/lib/python3.12/site-packages/airflow/example_dags/example_latest_only_with_trigger.py took 0.028 seconds
[2024-12-19T21:49:59.869+0000] {processor.py:186} INFO - Started process (PID=937) to work on /home/airflow/.local/lib/python3.12/site-packages/airflow/example_dags/example_latest_only_with_trigger.py
[2024-12-19T21:49:59.870+0000] {processor.py:914} INFO - Processing file /home/airflow/.local/lib/python3.12/site-packages/airflow/example_dags/example_latest_only_with_trigger.py for tasks to queue
[2024-12-19T21:49:59.871+0000] {logging_mixin.py:190} INFO - [2024-12-19T21:49:59.871+0000] {dagbag.py:588} INFO - Filling up the DagBag from /home/airflow/.local/lib/python3.12/site-packages/airflow/example_dags/example_latest_only_with_trigger.py
[2024-12-19T21:49:59.874+0000] {processor.py:925} INFO - DAG(s) 'latest_only_with_trigger' retrieved from /home/airflow/.local/lib/python3.12/site-packages/airflow/example_dags/example_latest_only_with_trigger.py
[2024-12-19T21:49:59.881+0000] {logging_mixin.py:190} INFO - [2024-12-19T21:49:59.881+0000] {dag.py:3239} INFO - Sync 1 DAGs
[2024-12-19T21:49:59.891+0000] {logging_mixin.py:190} INFO - [2024-12-19T21:49:59.891+0000] {dag.py:4180} INFO - Setting next_dagrun for latest_only_with_trigger to 2024-12-19 16:00:00+00:00, run_after=2024-12-19 20:00:00+00:00
[2024-12-19T21:49:59.900+0000] {processor.py:208} INFO - Processing /home/airflow/.local/lib/python3.12/site-packages/airflow/example_dags/example_latest_only_with_trigger.py took 0.033 seconds
[2024-12-19T21:50:30.178+0000] {processor.py:186} INFO - Started process (PID=1003) to work on /home/airflow/.local/lib/python3.12/site-packages/airflow/example_dags/example_latest_only_with_trigger.py
[2024-12-19T21:50:30.179+0000] {processor.py:914} INFO - Processing file /home/airflow/.local/lib/python3.12/site-packages/airflow/example_dags/example_latest_only_with_trigger.py for tasks to queue
[2024-12-19T21:50:30.180+0000] {logging_mixin.py:190} INFO - [2024-12-19T21:50:30.180+0000] {dagbag.py:588} INFO - Filling up the DagBag from /home/airflow/.local/lib/python3.12/site-packages/airflow/example_dags/example_latest_only_with_trigger.py
[2024-12-19T21:50:30.183+0000] {processor.py:925} INFO - DAG(s) 'latest_only_with_trigger' retrieved from /home/airflow/.local/lib/python3.12/site-packages/airflow/example_dags/example_latest_only_with_trigger.py
[2024-12-19T21:50:30.191+0000] {logging_mixin.py:190} INFO - [2024-12-19T21:50:30.190+0000] {dag.py:3239} INFO - Sync 1 DAGs
[2024-12-19T21:50:30.200+0000] {logging_mixin.py:190} INFO - [2024-12-19T21:50:30.199+0000] {dag.py:4180} INFO - Setting next_dagrun for latest_only_with_trigger to 2024-12-19 16:00:00+00:00, run_after=2024-12-19 20:00:00+00:00
[2024-12-19T21:50:30.207+0000] {processor.py:208} INFO - Processing /home/airflow/.local/lib/python3.12/site-packages/airflow/example_dags/example_latest_only_with_trigger.py took 0.032 seconds
[2024-12-19T21:51:00.381+0000] {processor.py:186} INFO - Started process (PID=1070) to work on /home/airflow/.local/lib/python3.12/site-packages/airflow/example_dags/example_latest_only_with_trigger.py
[2024-12-19T21:51:00.381+0000] {processor.py:914} INFO - Processing file /home/airflow/.local/lib/python3.12/site-packages/airflow/example_dags/example_latest_only_with_trigger.py for tasks to queue
[2024-12-19T21:51:00.382+0000] {logging_mixin.py:190} INFO - [2024-12-19T21:51:00.382+0000] {dagbag.py:588} INFO - Filling up the DagBag from /home/airflow/.local/lib/python3.12/site-packages/airflow/example_dags/example_latest_only_with_trigger.py
[2024-12-19T21:51:00.385+0000] {processor.py:925} INFO - DAG(s) 'latest_only_with_trigger' retrieved from /home/airflow/.local/lib/python3.12/site-packages/airflow/example_dags/example_latest_only_with_trigger.py
[2024-12-19T21:51:00.392+0000] {logging_mixin.py:190} INFO - [2024-12-19T21:51:00.392+0000] {dag.py:3239} INFO - Sync 1 DAGs
[2024-12-19T21:51:00.399+0000] {logging_mixin.py:190} INFO - [2024-12-19T21:51:00.399+0000] {dag.py:4180} INFO - Setting next_dagrun for latest_only_with_trigger to 2024-12-19 16:00:00+00:00, run_after=2024-12-19 20:00:00+00:00
[2024-12-19T21:51:00.404+0000] {processor.py:208} INFO - Processing /home/airflow/.local/lib/python3.12/site-packages/airflow/example_dags/example_latest_only_with_trigger.py took 0.026 seconds
[2024-12-19T21:51:30.847+0000] {processor.py:186} INFO - Started process (PID=1137) to work on /home/airflow/.local/lib/python3.12/site-packages/airflow/example_dags/example_latest_only_with_trigger.py
[2024-12-19T21:51:30.848+0000] {processor.py:914} INFO - Processing file /home/airflow/.local/lib/python3.12/site-packages/airflow/example_dags/example_latest_only_with_trigger.py for tasks to queue
[2024-12-19T21:51:30.849+0000] {logging_mixin.py:190} INFO - [2024-12-19T21:51:30.848+0000] {dagbag.py:588} INFO - Filling up the DagBag from /home/airflow/.local/lib/python3.12/site-packages/airflow/example_dags/example_latest_only_with_trigger.py
[2024-12-19T21:51:30.851+0000] {processor.py:925} INFO - DAG(s) 'latest_only_with_trigger' retrieved from /home/airflow/.local/lib/python3.12/site-packages/airflow/example_dags/example_latest_only_with_trigger.py
[2024-12-19T21:51:30.860+0000] {logging_mixin.py:190} INFO - [2024-12-19T21:51:30.860+0000] {dag.py:3239} INFO - Sync 1 DAGs
[2024-12-19T21:51:30.868+0000] {logging_mixin.py:190} INFO - [2024-12-19T21:51:30.868+0000] {dag.py:4180} INFO - Setting next_dagrun for latest_only_with_trigger to 2024-12-19 16:00:00+00:00, run_after=2024-12-19 20:00:00+00:00
[2024-12-19T21:51:30.873+0000] {processor.py:208} INFO - Processing /home/airflow/.local/lib/python3.12/site-packages/airflow/example_dags/example_latest_only_with_trigger.py took 0.028 seconds
[2024-12-19T21:52:01.213+0000] {processor.py:186} INFO - Started process (PID=1204) to work on /home/airflow/.local/lib/python3.12/site-packages/airflow/example_dags/example_latest_only_with_trigger.py
[2024-12-19T21:52:01.215+0000] {processor.py:914} INFO - Processing file /home/airflow/.local/lib/python3.12/site-packages/airflow/example_dags/example_latest_only_with_trigger.py for tasks to queue
[2024-12-19T21:52:01.216+0000] {logging_mixin.py:190} INFO - [2024-12-19T21:52:01.216+0000] {dagbag.py:588} INFO - Filling up the DagBag from /home/airflow/.local/lib/python3.12/site-packages/airflow/example_dags/example_latest_only_with_trigger.py
[2024-12-19T21:52:01.219+0000] {processor.py:925} INFO - DAG(s) 'latest_only_with_trigger' retrieved from /home/airflow/.local/lib/python3.12/site-packages/airflow/example_dags/example_latest_only_with_trigger.py
[2024-12-19T21:52:01.230+0000] {logging_mixin.py:190} INFO - [2024-12-19T21:52:01.230+0000] {dag.py:3239} INFO - Sync 1 DAGs
[2024-12-19T21:52:01.241+0000] {logging_mixin.py:190} INFO - [2024-12-19T21:52:01.241+0000] {dag.py:4180} INFO - Setting next_dagrun for latest_only_with_trigger to 2024-12-19 16:00:00+00:00, run_after=2024-12-19 20:00:00+00:00
[2024-12-19T21:52:01.248+0000] {processor.py:208} INFO - Processing /home/airflow/.local/lib/python3.12/site-packages/airflow/example_dags/example_latest_only_with_trigger.py took 0.037 seconds
[2024-12-19T21:52:31.503+0000] {processor.py:186} INFO - Started process (PID=1271) to work on /home/airflow/.local/lib/python3.12/site-packages/airflow/example_dags/example_latest_only_with_trigger.py
[2024-12-19T21:52:31.504+0000] {processor.py:914} INFO - Processing file /home/airflow/.local/lib/python3.12/site-packages/airflow/example_dags/example_latest_only_with_trigger.py for tasks to queue
[2024-12-19T21:52:31.505+0000] {logging_mixin.py:190} INFO - [2024-12-19T21:52:31.505+0000] {dagbag.py:588} INFO - Filling up the DagBag from /home/airflow/.local/lib/python3.12/site-packages/airflow/example_dags/example_latest_only_with_trigger.py
[2024-12-19T21:52:31.508+0000] {processor.py:925} INFO - DAG(s) 'latest_only_with_trigger' retrieved from /home/airflow/.local/lib/python3.12/site-packages/airflow/example_dags/example_latest_only_with_trigger.py
[2024-12-19T21:52:31.515+0000] {logging_mixin.py:190} INFO - [2024-12-19T21:52:31.515+0000] {dag.py:3239} INFO - Sync 1 DAGs
[2024-12-19T21:52:31.522+0000] {logging_mixin.py:190} INFO - [2024-12-19T21:52:31.522+0000] {dag.py:4180} INFO - Setting next_dagrun for latest_only_with_trigger to 2024-12-19 16:00:00+00:00, run_after=2024-12-19 20:00:00+00:00
[2024-12-19T21:52:31.527+0000] {processor.py:208} INFO - Processing /home/airflow/.local/lib/python3.12/site-packages/airflow/example_dags/example_latest_only_with_trigger.py took 0.026 seconds
[2024-12-19T21:53:01.832+0000] {processor.py:186} INFO - Started process (PID=1338) to work on /home/airflow/.local/lib/python3.12/site-packages/airflow/example_dags/example_latest_only_with_trigger.py
[2024-12-19T21:53:01.832+0000] {processor.py:914} INFO - Processing file /home/airflow/.local/lib/python3.12/site-packages/airflow/example_dags/example_latest_only_with_trigger.py for tasks to queue
[2024-12-19T21:53:01.833+0000] {logging_mixin.py:190} INFO - [2024-12-19T21:53:01.833+0000] {dagbag.py:588} INFO - Filling up the DagBag from /home/airflow/.local/lib/python3.12/site-packages/airflow/example_dags/example_latest_only_with_trigger.py
[2024-12-19T21:53:01.836+0000] {processor.py:925} INFO - DAG(s) 'latest_only_with_trigger' retrieved from /home/airflow/.local/lib/python3.12/site-packages/airflow/example_dags/example_latest_only_with_trigger.py
[2024-12-19T21:53:01.844+0000] {logging_mixin.py:190} INFO - [2024-12-19T21:53:01.844+0000] {dag.py:3239} INFO - Sync 1 DAGs
[2024-12-19T21:53:01.853+0000] {logging_mixin.py:190} INFO - [2024-12-19T21:53:01.853+0000] {dag.py:4180} INFO - Setting next_dagrun for latest_only_with_trigger to 2024-12-19 16:00:00+00:00, run_after=2024-12-19 20:00:00+00:00
[2024-12-19T21:53:01.858+0000] {processor.py:208} INFO - Processing /home/airflow/.local/lib/python3.12/site-packages/airflow/example_dags/example_latest_only_with_trigger.py took 0.029 seconds
[2024-12-19T21:53:32.321+0000] {processor.py:186} INFO - Started process (PID=1405) to work on /home/airflow/.local/lib/python3.12/site-packages/airflow/example_dags/example_latest_only_with_trigger.py
[2024-12-19T21:53:32.322+0000] {processor.py:914} INFO - Processing file /home/airflow/.local/lib/python3.12/site-packages/airflow/example_dags/example_latest_only_with_trigger.py for tasks to queue
[2024-12-19T21:53:32.323+0000] {logging_mixin.py:190} INFO - [2024-12-19T21:53:32.323+0000] {dagbag.py:588} INFO - Filling up the DagBag from /home/airflow/.local/lib/python3.12/site-packages/airflow/example_dags/example_latest_only_with_trigger.py
[2024-12-19T21:53:32.328+0000] {processor.py:925} INFO - DAG(s) 'latest_only_with_trigger' retrieved from /home/airflow/.local/lib/python3.12/site-packages/airflow/example_dags/example_latest_only_with_trigger.py
[2024-12-19T21:53:32.338+0000] {logging_mixin.py:190} INFO - [2024-12-19T21:53:32.338+0000] {dag.py:3239} INFO - Sync 1 DAGs
[2024-12-19T21:53:32.346+0000] {logging_mixin.py:190} INFO - [2024-12-19T21:53:32.346+0000] {dag.py:4180} INFO - Setting next_dagrun for latest_only_with_trigger to 2024-12-19 16:00:00+00:00, run_after=2024-12-19 20:00:00+00:00
[2024-12-19T21:53:32.353+0000] {processor.py:208} INFO - Processing /home/airflow/.local/lib/python3.12/site-packages/airflow/example_dags/example_latest_only_with_trigger.py took 0.034 seconds
[2024-12-19T21:54:02.851+0000] {processor.py:186} INFO - Started process (PID=1472) to work on /home/airflow/.local/lib/python3.12/site-packages/airflow/example_dags/example_latest_only_with_trigger.py
[2024-12-19T21:54:02.852+0000] {processor.py:914} INFO - Processing file /home/airflow/.local/lib/python3.12/site-packages/airflow/example_dags/example_latest_only_with_trigger.py for tasks to queue
[2024-12-19T21:54:02.853+0000] {logging_mixin.py:190} INFO - [2024-12-19T21:54:02.853+0000] {dagbag.py:588} INFO - Filling up the DagBag from /home/airflow/.local/lib/python3.12/site-packages/airflow/example_dags/example_latest_only_with_trigger.py
[2024-12-19T21:54:02.857+0000] {processor.py:925} INFO - DAG(s) 'latest_only_with_trigger' retrieved from /home/airflow/.local/lib/python3.12/site-packages/airflow/example_dags/example_latest_only_with_trigger.py
[2024-12-19T21:54:02.866+0000] {logging_mixin.py:190} INFO - [2024-12-19T21:54:02.866+0000] {dag.py:3239} INFO - Sync 1 DAGs
[2024-12-19T21:54:02.874+0000] {logging_mixin.py:190} INFO - [2024-12-19T21:54:02.874+0000] {dag.py:4180} INFO - Setting next_dagrun for latest_only_with_trigger to 2024-12-19 16:00:00+00:00, run_after=2024-12-19 20:00:00+00:00
[2024-12-19T21:54:02.881+0000] {processor.py:208} INFO - Processing /home/airflow/.local/lib/python3.12/site-packages/airflow/example_dags/example_latest_only_with_trigger.py took 0.032 seconds
[2024-12-19T21:54:33.416+0000] {processor.py:186} INFO - Started process (PID=1539) to work on /home/airflow/.local/lib/python3.12/site-packages/airflow/example_dags/example_latest_only_with_trigger.py
[2024-12-19T21:54:33.417+0000] {processor.py:914} INFO - Processing file /home/airflow/.local/lib/python3.12/site-packages/airflow/example_dags/example_latest_only_with_trigger.py for tasks to queue
[2024-12-19T21:54:33.418+0000] {logging_mixin.py:190} INFO - [2024-12-19T21:54:33.418+0000] {dagbag.py:588} INFO - Filling up the DagBag from /home/airflow/.local/lib/python3.12/site-packages/airflow/example_dags/example_latest_only_with_trigger.py
[2024-12-19T21:54:33.421+0000] {processor.py:925} INFO - DAG(s) 'latest_only_with_trigger' retrieved from /home/airflow/.local/lib/python3.12/site-packages/airflow/example_dags/example_latest_only_with_trigger.py
[2024-12-19T21:54:33.430+0000] {logging_mixin.py:190} INFO - [2024-12-19T21:54:33.430+0000] {dag.py:3239} INFO - Sync 1 DAGs
[2024-12-19T21:54:33.439+0000] {logging_mixin.py:190} INFO - [2024-12-19T21:54:33.439+0000] {dag.py:4180} INFO - Setting next_dagrun for latest_only_with_trigger to 2024-12-19 16:00:00+00:00, run_after=2024-12-19 20:00:00+00:00
[2024-12-19T21:54:33.446+0000] {processor.py:208} INFO - Processing /home/airflow/.local/lib/python3.12/site-packages/airflow/example_dags/example_latest_only_with_trigger.py took 0.032 seconds
[2024-12-19T21:55:03.694+0000] {processor.py:186} INFO - Started process (PID=1607) to work on /home/airflow/.local/lib/python3.12/site-packages/airflow/example_dags/example_latest_only_with_trigger.py
[2024-12-19T21:55:03.695+0000] {processor.py:914} INFO - Processing file /home/airflow/.local/lib/python3.12/site-packages/airflow/example_dags/example_latest_only_with_trigger.py for tasks to queue
[2024-12-19T21:55:03.695+0000] {logging_mixin.py:190} INFO - [2024-12-19T21:55:03.695+0000] {dagbag.py:588} INFO - Filling up the DagBag from /home/airflow/.local/lib/python3.12/site-packages/airflow/example_dags/example_latest_only_with_trigger.py
[2024-12-19T21:55:03.698+0000] {processor.py:925} INFO - DAG(s) 'latest_only_with_trigger' retrieved from /home/airflow/.local/lib/python3.12/site-packages/airflow/example_dags/example_latest_only_with_trigger.py
[2024-12-19T21:55:03.705+0000] {logging_mixin.py:190} INFO - [2024-12-19T21:55:03.705+0000] {dag.py:3239} INFO - Sync 1 DAGs
[2024-12-19T21:55:03.713+0000] {logging_mixin.py:190} INFO - [2024-12-19T21:55:03.713+0000] {dag.py:4180} INFO - Setting next_dagrun for latest_only_with_trigger to 2024-12-19 16:00:00+00:00, run_after=2024-12-19 20:00:00+00:00
[2024-12-19T21:55:03.719+0000] {processor.py:208} INFO - Processing /home/airflow/.local/lib/python3.12/site-packages/airflow/example_dags/example_latest_only_with_trigger.py took 0.027 seconds
[2024-12-19T21:55:34.003+0000] {processor.py:186} INFO - Started process (PID=1692) to work on /home/airflow/.local/lib/python3.12/site-packages/airflow/example_dags/example_latest_only_with_trigger.py
[2024-12-19T21:55:34.004+0000] {processor.py:914} INFO - Processing file /home/airflow/.local/lib/python3.12/site-packages/airflow/example_dags/example_latest_only_with_trigger.py for tasks to queue
[2024-12-19T21:55:34.005+0000] {logging_mixin.py:190} INFO - [2024-12-19T21:55:34.005+0000] {dagbag.py:588} INFO - Filling up the DagBag from /home/airflow/.local/lib/python3.12/site-packages/airflow/example_dags/example_latest_only_with_trigger.py
[2024-12-19T21:55:34.008+0000] {processor.py:925} INFO - DAG(s) 'latest_only_with_trigger' retrieved from /home/airflow/.local/lib/python3.12/site-packages/airflow/example_dags/example_latest_only_with_trigger.py
[2024-12-19T21:55:34.016+0000] {logging_mixin.py:190} INFO - [2024-12-19T21:55:34.016+0000] {dag.py:3239} INFO - Sync 1 DAGs
[2024-12-19T21:55:34.026+0000] {logging_mixin.py:190} INFO - [2024-12-19T21:55:34.025+0000] {dag.py:4180} INFO - Setting next_dagrun for latest_only_with_trigger to 2024-12-19 16:00:00+00:00, run_after=2024-12-19 20:00:00+00:00
[2024-12-19T21:55:34.032+0000] {processor.py:208} INFO - Processing /home/airflow/.local/lib/python3.12/site-packages/airflow/example_dags/example_latest_only_with_trigger.py took 0.032 seconds
[2024-12-19T21:56:04.397+0000] {processor.py:186} INFO - Started process (PID=1779) to work on /home/airflow/.local/lib/python3.12/site-packages/airflow/example_dags/example_latest_only_with_trigger.py
[2024-12-19T21:56:04.398+0000] {processor.py:914} INFO - Processing file /home/airflow/.local/lib/python3.12/site-packages/airflow/example_dags/example_latest_only_with_trigger.py for tasks to queue
[2024-12-19T21:56:04.399+0000] {logging_mixin.py:190} INFO - [2024-12-19T21:56:04.399+0000] {dagbag.py:588} INFO - Filling up the DagBag from /home/airflow/.local/lib/python3.12/site-packages/airflow/example_dags/example_latest_only_with_trigger.py
[2024-12-19T21:56:04.403+0000] {processor.py:925} INFO - DAG(s) 'latest_only_with_trigger' retrieved from /home/airflow/.local/lib/python3.12/site-packages/airflow/example_dags/example_latest_only_with_trigger.py
[2024-12-19T21:56:04.415+0000] {logging_mixin.py:190} INFO - [2024-12-19T21:56:04.415+0000] {dag.py:3239} INFO - Sync 1 DAGs
[2024-12-19T21:56:04.424+0000] {logging_mixin.py:190} INFO - [2024-12-19T21:56:04.424+0000] {dag.py:4180} INFO - Setting next_dagrun for latest_only_with_trigger to 2024-12-19 16:00:00+00:00, run_after=2024-12-19 20:00:00+00:00
[2024-12-19T21:56:04.433+0000] {processor.py:208} INFO - Processing /home/airflow/.local/lib/python3.12/site-packages/airflow/example_dags/example_latest_only_with_trigger.py took 0.039 seconds
[2024-12-19T21:56:34.925+0000] {processor.py:186} INFO - Started process (PID=1847) to work on /home/airflow/.local/lib/python3.12/site-packages/airflow/example_dags/example_latest_only_with_trigger.py
[2024-12-19T21:56:34.926+0000] {processor.py:914} INFO - Processing file /home/airflow/.local/lib/python3.12/site-packages/airflow/example_dags/example_latest_only_with_trigger.py for tasks to queue
[2024-12-19T21:56:34.927+0000] {logging_mixin.py:190} INFO - [2024-12-19T21:56:34.927+0000] {dagbag.py:588} INFO - Filling up the DagBag from /home/airflow/.local/lib/python3.12/site-packages/airflow/example_dags/example_latest_only_with_trigger.py
[2024-12-19T21:56:34.932+0000] {processor.py:925} INFO - DAG(s) 'latest_only_with_trigger' retrieved from /home/airflow/.local/lib/python3.12/site-packages/airflow/example_dags/example_latest_only_with_trigger.py
[2024-12-19T21:56:34.944+0000] {logging_mixin.py:190} INFO - [2024-12-19T21:56:34.944+0000] {dag.py:3239} INFO - Sync 1 DAGs
[2024-12-19T21:56:34.954+0000] {logging_mixin.py:190} INFO - [2024-12-19T21:56:34.954+0000] {dag.py:4180} INFO - Setting next_dagrun for latest_only_with_trigger to 2024-12-19 16:00:00+00:00, run_after=2024-12-19 20:00:00+00:00
[2024-12-19T21:56:34.960+0000] {processor.py:208} INFO - Processing /home/airflow/.local/lib/python3.12/site-packages/airflow/example_dags/example_latest_only_with_trigger.py took 0.038 seconds
[2024-12-19T21:57:05.384+0000] {processor.py:186} INFO - Started process (PID=1914) to work on /home/airflow/.local/lib/python3.12/site-packages/airflow/example_dags/example_latest_only_with_trigger.py
[2024-12-19T21:57:05.385+0000] {processor.py:914} INFO - Processing file /home/airflow/.local/lib/python3.12/site-packages/airflow/example_dags/example_latest_only_with_trigger.py for tasks to queue
[2024-12-19T21:57:05.387+0000] {logging_mixin.py:190} INFO - [2024-12-19T21:57:05.387+0000] {dagbag.py:588} INFO - Filling up the DagBag from /home/airflow/.local/lib/python3.12/site-packages/airflow/example_dags/example_latest_only_with_trigger.py
[2024-12-19T21:57:05.392+0000] {processor.py:925} INFO - DAG(s) 'latest_only_with_trigger' retrieved from /home/airflow/.local/lib/python3.12/site-packages/airflow/example_dags/example_latest_only_with_trigger.py
[2024-12-19T21:57:05.400+0000] {logging_mixin.py:190} INFO - [2024-12-19T21:57:05.400+0000] {dag.py:3239} INFO - Sync 1 DAGs
[2024-12-19T21:57:05.408+0000] {logging_mixin.py:190} INFO - [2024-12-19T21:57:05.408+0000] {dag.py:4180} INFO - Setting next_dagrun for latest_only_with_trigger to 2024-12-19 16:00:00+00:00, run_after=2024-12-19 20:00:00+00:00
[2024-12-19T21:57:05.418+0000] {processor.py:208} INFO - Processing /home/airflow/.local/lib/python3.12/site-packages/airflow/example_dags/example_latest_only_with_trigger.py took 0.037 seconds
[2024-12-19T21:57:35.740+0000] {processor.py:186} INFO - Started process (PID=1981) to work on /home/airflow/.local/lib/python3.12/site-packages/airflow/example_dags/example_latest_only_with_trigger.py
[2024-12-19T21:57:35.741+0000] {processor.py:914} INFO - Processing file /home/airflow/.local/lib/python3.12/site-packages/airflow/example_dags/example_latest_only_with_trigger.py for tasks to queue
[2024-12-19T21:57:35.742+0000] {logging_mixin.py:190} INFO - [2024-12-19T21:57:35.741+0000] {dagbag.py:588} INFO - Filling up the DagBag from /home/airflow/.local/lib/python3.12/site-packages/airflow/example_dags/example_latest_only_with_trigger.py
[2024-12-19T21:57:35.745+0000] {processor.py:925} INFO - DAG(s) 'latest_only_with_trigger' retrieved from /home/airflow/.local/lib/python3.12/site-packages/airflow/example_dags/example_latest_only_with_trigger.py
[2024-12-19T21:57:35.752+0000] {logging_mixin.py:190} INFO - [2024-12-19T21:57:35.752+0000] {dag.py:3239} INFO - Sync 1 DAGs
[2024-12-19T21:57:35.760+0000] {logging_mixin.py:190} INFO - [2024-12-19T21:57:35.760+0000] {dag.py:4180} INFO - Setting next_dagrun for latest_only_with_trigger to 2024-12-19 16:00:00+00:00, run_after=2024-12-19 20:00:00+00:00
[2024-12-19T21:57:35.766+0000] {processor.py:208} INFO - Processing /home/airflow/.local/lib/python3.12/site-packages/airflow/example_dags/example_latest_only_with_trigger.py took 0.029 seconds
[2024-12-19T21:58:06.255+0000] {processor.py:186} INFO - Started process (PID=2049) to work on /home/airflow/.local/lib/python3.12/site-packages/airflow/example_dags/example_latest_only_with_trigger.py
[2024-12-19T21:58:06.255+0000] {processor.py:914} INFO - Processing file /home/airflow/.local/lib/python3.12/site-packages/airflow/example_dags/example_latest_only_with_trigger.py for tasks to queue
[2024-12-19T21:58:06.256+0000] {logging_mixin.py:190} INFO - [2024-12-19T21:58:06.256+0000] {dagbag.py:588} INFO - Filling up the DagBag from /home/airflow/.local/lib/python3.12/site-packages/airflow/example_dags/example_latest_only_with_trigger.py
[2024-12-19T21:58:06.259+0000] {processor.py:925} INFO - DAG(s) 'latest_only_with_trigger' retrieved from /home/airflow/.local/lib/python3.12/site-packages/airflow/example_dags/example_latest_only_with_trigger.py
[2024-12-19T21:58:06.268+0000] {logging_mixin.py:190} INFO - [2024-12-19T21:58:06.268+0000] {dag.py:3239} INFO - Sync 1 DAGs
[2024-12-19T21:58:06.278+0000] {logging_mixin.py:190} INFO - [2024-12-19T21:58:06.278+0000] {dag.py:4180} INFO - Setting next_dagrun for latest_only_with_trigger to 2024-12-19 16:00:00+00:00, run_after=2024-12-19 20:00:00+00:00
[2024-12-19T21:58:06.293+0000] {processor.py:208} INFO - Processing /home/airflow/.local/lib/python3.12/site-packages/airflow/example_dags/example_latest_only_with_trigger.py took 0.041 seconds
[2024-12-19T21:58:36.676+0000] {processor.py:186} INFO - Started process (PID=2116) to work on /home/airflow/.local/lib/python3.12/site-packages/airflow/example_dags/example_latest_only_with_trigger.py
[2024-12-19T21:58:36.676+0000] {processor.py:914} INFO - Processing file /home/airflow/.local/lib/python3.12/site-packages/airflow/example_dags/example_latest_only_with_trigger.py for tasks to queue
[2024-12-19T21:58:36.677+0000] {logging_mixin.py:190} INFO - [2024-12-19T21:58:36.677+0000] {dagbag.py:588} INFO - Filling up the DagBag from /home/airflow/.local/lib/python3.12/site-packages/airflow/example_dags/example_latest_only_with_trigger.py
[2024-12-19T21:58:36.681+0000] {processor.py:925} INFO - DAG(s) 'latest_only_with_trigger' retrieved from /home/airflow/.local/lib/python3.12/site-packages/airflow/example_dags/example_latest_only_with_trigger.py
[2024-12-19T21:58:36.691+0000] {logging_mixin.py:190} INFO - [2024-12-19T21:58:36.691+0000] {dag.py:3239} INFO - Sync 1 DAGs
[2024-12-19T21:58:36.700+0000] {logging_mixin.py:190} INFO - [2024-12-19T21:58:36.700+0000] {dag.py:4180} INFO - Setting next_dagrun for latest_only_with_trigger to 2024-12-19 16:00:00+00:00, run_after=2024-12-19 20:00:00+00:00
[2024-12-19T21:58:36.708+0000] {processor.py:208} INFO - Processing /home/airflow/.local/lib/python3.12/site-packages/airflow/example_dags/example_latest_only_with_trigger.py took 0.035 seconds
[2024-12-19T21:59:06.903+0000] {processor.py:186} INFO - Started process (PID=2183) to work on /home/airflow/.local/lib/python3.12/site-packages/airflow/example_dags/example_latest_only_with_trigger.py
[2024-12-19T21:59:06.905+0000] {processor.py:914} INFO - Processing file /home/airflow/.local/lib/python3.12/site-packages/airflow/example_dags/example_latest_only_with_trigger.py for tasks to queue
[2024-12-19T21:59:06.906+0000] {logging_mixin.py:190} INFO - [2024-12-19T21:59:06.906+0000] {dagbag.py:588} INFO - Filling up the DagBag from /home/airflow/.local/lib/python3.12/site-packages/airflow/example_dags/example_latest_only_with_trigger.py
[2024-12-19T21:59:06.909+0000] {processor.py:925} INFO - DAG(s) 'latest_only_with_trigger' retrieved from /home/airflow/.local/lib/python3.12/site-packages/airflow/example_dags/example_latest_only_with_trigger.py
[2024-12-19T21:59:06.919+0000] {logging_mixin.py:190} INFO - [2024-12-19T21:59:06.919+0000] {dag.py:3239} INFO - Sync 1 DAGs
[2024-12-19T21:59:06.931+0000] {logging_mixin.py:190} INFO - [2024-12-19T21:59:06.931+0000] {dag.py:4180} INFO - Setting next_dagrun for latest_only_with_trigger to 2024-12-19 16:00:00+00:00, run_after=2024-12-19 20:00:00+00:00
[2024-12-19T21:59:06.943+0000] {processor.py:208} INFO - Processing /home/airflow/.local/lib/python3.12/site-packages/airflow/example_dags/example_latest_only_with_trigger.py took 0.043 seconds
[2024-12-19T21:59:37.436+0000] {processor.py:186} INFO - Started process (PID=2250) to work on /home/airflow/.local/lib/python3.12/site-packages/airflow/example_dags/example_latest_only_with_trigger.py
[2024-12-19T21:59:37.436+0000] {processor.py:914} INFO - Processing file /home/airflow/.local/lib/python3.12/site-packages/airflow/example_dags/example_latest_only_with_trigger.py for tasks to queue
[2024-12-19T21:59:37.437+0000] {logging_mixin.py:190} INFO - [2024-12-19T21:59:37.437+0000] {dagbag.py:588} INFO - Filling up the DagBag from /home/airflow/.local/lib/python3.12/site-packages/airflow/example_dags/example_latest_only_with_trigger.py
[2024-12-19T21:59:37.441+0000] {processor.py:925} INFO - DAG(s) 'latest_only_with_trigger' retrieved from /home/airflow/.local/lib/python3.12/site-packages/airflow/example_dags/example_latest_only_with_trigger.py
[2024-12-19T21:59:37.448+0000] {logging_mixin.py:190} INFO - [2024-12-19T21:59:37.448+0000] {dag.py:3239} INFO - Sync 1 DAGs
[2024-12-19T21:59:37.456+0000] {logging_mixin.py:190} INFO - [2024-12-19T21:59:37.456+0000] {dag.py:4180} INFO - Setting next_dagrun for latest_only_with_trigger to 2024-12-19 16:00:00+00:00, run_after=2024-12-19 20:00:00+00:00
[2024-12-19T21:59:37.462+0000] {processor.py:208} INFO - Processing /home/airflow/.local/lib/python3.12/site-packages/airflow/example_dags/example_latest_only_with_trigger.py took 0.029 seconds
[2024-12-19T22:00:07.750+0000] {processor.py:186} INFO - Started process (PID=2317) to work on /home/airflow/.local/lib/python3.12/site-packages/airflow/example_dags/example_latest_only_with_trigger.py
[2024-12-19T22:00:07.750+0000] {processor.py:914} INFO - Processing file /home/airflow/.local/lib/python3.12/site-packages/airflow/example_dags/example_latest_only_with_trigger.py for tasks to queue
[2024-12-19T22:00:07.751+0000] {logging_mixin.py:190} INFO - [2024-12-19T22:00:07.751+0000] {dagbag.py:588} INFO - Filling up the DagBag from /home/airflow/.local/lib/python3.12/site-packages/airflow/example_dags/example_latest_only_with_trigger.py
[2024-12-19T22:00:07.754+0000] {processor.py:925} INFO - DAG(s) 'latest_only_with_trigger' retrieved from /home/airflow/.local/lib/python3.12/site-packages/airflow/example_dags/example_latest_only_with_trigger.py
[2024-12-19T22:00:07.762+0000] {logging_mixin.py:190} INFO - [2024-12-19T22:00:07.762+0000] {dag.py:3239} INFO - Sync 1 DAGs
[2024-12-19T22:00:07.772+0000] {logging_mixin.py:190} INFO - [2024-12-19T22:00:07.772+0000] {dag.py:4180} INFO - Setting next_dagrun for latest_only_with_trigger to 2024-12-19 16:00:00+00:00, run_after=2024-12-19 20:00:00+00:00
[2024-12-19T22:00:07.779+0000] {processor.py:208} INFO - Processing /home/airflow/.local/lib/python3.12/site-packages/airflow/example_dags/example_latest_only_with_trigger.py took 0.032 seconds
[2024-12-19T22:00:37.995+0000] {processor.py:186} INFO - Started process (PID=2385) to work on /home/airflow/.local/lib/python3.12/site-packages/airflow/example_dags/example_latest_only_with_trigger.py
[2024-12-19T22:00:37.996+0000] {processor.py:914} INFO - Processing file /home/airflow/.local/lib/python3.12/site-packages/airflow/example_dags/example_latest_only_with_trigger.py for tasks to queue
[2024-12-19T22:00:37.997+0000] {logging_mixin.py:190} INFO - [2024-12-19T22:00:37.997+0000] {dagbag.py:588} INFO - Filling up the DagBag from /home/airflow/.local/lib/python3.12/site-packages/airflow/example_dags/example_latest_only_with_trigger.py
[2024-12-19T22:00:38.001+0000] {processor.py:925} INFO - DAG(s) 'latest_only_with_trigger' retrieved from /home/airflow/.local/lib/python3.12/site-packages/airflow/example_dags/example_latest_only_with_trigger.py
[2024-12-19T22:00:38.009+0000] {logging_mixin.py:190} INFO - [2024-12-19T22:00:38.009+0000] {dag.py:3239} INFO - Sync 1 DAGs
[2024-12-19T22:00:38.019+0000] {logging_mixin.py:190} INFO - [2024-12-19T22:00:38.018+0000] {dag.py:4180} INFO - Setting next_dagrun for latest_only_with_trigger to 2024-12-19 16:00:00+00:00, run_after=2024-12-19 20:00:00+00:00
[2024-12-19T22:00:38.024+0000] {processor.py:208} INFO - Processing /home/airflow/.local/lib/python3.12/site-packages/airflow/example_dags/example_latest_only_with_trigger.py took 0.032 seconds
[2024-12-19T22:01:08.272+0000] {processor.py:186} INFO - Started process (PID=2452) to work on /home/airflow/.local/lib/python3.12/site-packages/airflow/example_dags/example_latest_only_with_trigger.py
[2024-12-19T22:01:08.273+0000] {processor.py:914} INFO - Processing file /home/airflow/.local/lib/python3.12/site-packages/airflow/example_dags/example_latest_only_with_trigger.py for tasks to queue
[2024-12-19T22:01:08.273+0000] {logging_mixin.py:190} INFO - [2024-12-19T22:01:08.273+0000] {dagbag.py:588} INFO - Filling up the DagBag from /home/airflow/.local/lib/python3.12/site-packages/airflow/example_dags/example_latest_only_with_trigger.py
[2024-12-19T22:01:08.277+0000] {processor.py:925} INFO - DAG(s) 'latest_only_with_trigger' retrieved from /home/airflow/.local/lib/python3.12/site-packages/airflow/example_dags/example_latest_only_with_trigger.py
[2024-12-19T22:01:08.284+0000] {logging_mixin.py:190} INFO - [2024-12-19T22:01:08.284+0000] {dag.py:3239} INFO - Sync 1 DAGs
[2024-12-19T22:01:08.291+0000] {logging_mixin.py:190} INFO - [2024-12-19T22:01:08.291+0000] {dag.py:4180} INFO - Setting next_dagrun for latest_only_with_trigger to 2024-12-19 16:00:00+00:00, run_after=2024-12-19 20:00:00+00:00
[2024-12-19T22:01:08.297+0000] {processor.py:208} INFO - Processing /home/airflow/.local/lib/python3.12/site-packages/airflow/example_dags/example_latest_only_with_trigger.py took 0.027 seconds
[2024-12-19T22:01:38.568+0000] {processor.py:186} INFO - Started process (PID=2519) to work on /home/airflow/.local/lib/python3.12/site-packages/airflow/example_dags/example_latest_only_with_trigger.py
[2024-12-19T22:01:38.569+0000] {processor.py:914} INFO - Processing file /home/airflow/.local/lib/python3.12/site-packages/airflow/example_dags/example_latest_only_with_trigger.py for tasks to queue
[2024-12-19T22:01:38.571+0000] {logging_mixin.py:190} INFO - [2024-12-19T22:01:38.570+0000] {dagbag.py:588} INFO - Filling up the DagBag from /home/airflow/.local/lib/python3.12/site-packages/airflow/example_dags/example_latest_only_with_trigger.py
[2024-12-19T22:01:38.575+0000] {processor.py:925} INFO - DAG(s) 'latest_only_with_trigger' retrieved from /home/airflow/.local/lib/python3.12/site-packages/airflow/example_dags/example_latest_only_with_trigger.py
[2024-12-19T22:01:38.587+0000] {logging_mixin.py:190} INFO - [2024-12-19T22:01:38.586+0000] {dag.py:3239} INFO - Sync 1 DAGs
[2024-12-19T22:01:38.596+0000] {logging_mixin.py:190} INFO - [2024-12-19T22:01:38.596+0000] {dag.py:4180} INFO - Setting next_dagrun for latest_only_with_trigger to 2024-12-19 16:00:00+00:00, run_after=2024-12-19 20:00:00+00:00
[2024-12-19T22:01:38.606+0000] {processor.py:208} INFO - Processing /home/airflow/.local/lib/python3.12/site-packages/airflow/example_dags/example_latest_only_with_trigger.py took 0.040 seconds
[2024-12-19T22:02:08.818+0000] {processor.py:186} INFO - Started process (PID=2586) to work on /home/airflow/.local/lib/python3.12/site-packages/airflow/example_dags/example_latest_only_with_trigger.py
[2024-12-19T22:02:08.819+0000] {processor.py:914} INFO - Processing file /home/airflow/.local/lib/python3.12/site-packages/airflow/example_dags/example_latest_only_with_trigger.py for tasks to queue
[2024-12-19T22:02:08.821+0000] {logging_mixin.py:190} INFO - [2024-12-19T22:02:08.820+0000] {dagbag.py:588} INFO - Filling up the DagBag from /home/airflow/.local/lib/python3.12/site-packages/airflow/example_dags/example_latest_only_with_trigger.py
[2024-12-19T22:02:08.824+0000] {processor.py:925} INFO - DAG(s) 'latest_only_with_trigger' retrieved from /home/airflow/.local/lib/python3.12/site-packages/airflow/example_dags/example_latest_only_with_trigger.py
[2024-12-19T22:02:08.834+0000] {logging_mixin.py:190} INFO - [2024-12-19T22:02:08.834+0000] {dag.py:3239} INFO - Sync 1 DAGs
[2024-12-19T22:02:08.842+0000] {logging_mixin.py:190} INFO - [2024-12-19T22:02:08.842+0000] {dag.py:4180} INFO - Setting next_dagrun for latest_only_with_trigger to 2024-12-19 16:00:00+00:00, run_after=2024-12-19 20:00:00+00:00
[2024-12-19T22:02:08.851+0000] {processor.py:208} INFO - Processing /home/airflow/.local/lib/python3.12/site-packages/airflow/example_dags/example_latest_only_with_trigger.py took 0.037 seconds
[2024-12-19T22:02:39.147+0000] {processor.py:186} INFO - Started process (PID=2654) to work on /home/airflow/.local/lib/python3.12/site-packages/airflow/example_dags/example_latest_only_with_trigger.py
[2024-12-19T22:02:39.149+0000] {processor.py:914} INFO - Processing file /home/airflow/.local/lib/python3.12/site-packages/airflow/example_dags/example_latest_only_with_trigger.py for tasks to queue
[2024-12-19T22:02:39.151+0000] {logging_mixin.py:190} INFO - [2024-12-19T22:02:39.150+0000] {dagbag.py:588} INFO - Filling up the DagBag from /home/airflow/.local/lib/python3.12/site-packages/airflow/example_dags/example_latest_only_with_trigger.py
[2024-12-19T22:02:39.156+0000] {processor.py:925} INFO - DAG(s) 'latest_only_with_trigger' retrieved from /home/airflow/.local/lib/python3.12/site-packages/airflow/example_dags/example_latest_only_with_trigger.py
[2024-12-19T22:02:39.168+0000] {logging_mixin.py:190} INFO - [2024-12-19T22:02:39.167+0000] {dag.py:3239} INFO - Sync 1 DAGs
[2024-12-19T22:02:39.180+0000] {logging_mixin.py:190} INFO - [2024-12-19T22:02:39.180+0000] {dag.py:4180} INFO - Setting next_dagrun for latest_only_with_trigger to 2024-12-19 16:00:00+00:00, run_after=2024-12-19 20:00:00+00:00
[2024-12-19T22:02:39.189+0000] {processor.py:208} INFO - Processing /home/airflow/.local/lib/python3.12/site-packages/airflow/example_dags/example_latest_only_with_trigger.py took 0.045 seconds
[2024-12-19T22:03:09.571+0000] {processor.py:186} INFO - Started process (PID=2721) to work on /home/airflow/.local/lib/python3.12/site-packages/airflow/example_dags/example_latest_only_with_trigger.py
[2024-12-19T22:03:09.571+0000] {processor.py:914} INFO - Processing file /home/airflow/.local/lib/python3.12/site-packages/airflow/example_dags/example_latest_only_with_trigger.py for tasks to queue
[2024-12-19T22:03:09.572+0000] {logging_mixin.py:190} INFO - [2024-12-19T22:03:09.572+0000] {dagbag.py:588} INFO - Filling up the DagBag from /home/airflow/.local/lib/python3.12/site-packages/airflow/example_dags/example_latest_only_with_trigger.py
[2024-12-19T22:03:09.576+0000] {processor.py:925} INFO - DAG(s) 'latest_only_with_trigger' retrieved from /home/airflow/.local/lib/python3.12/site-packages/airflow/example_dags/example_latest_only_with_trigger.py
[2024-12-19T22:03:09.584+0000] {logging_mixin.py:190} INFO - [2024-12-19T22:03:09.584+0000] {dag.py:3239} INFO - Sync 1 DAGs
[2024-12-19T22:03:09.591+0000] {logging_mixin.py:190} INFO - [2024-12-19T22:03:09.591+0000] {dag.py:4180} INFO - Setting next_dagrun for latest_only_with_trigger to 2024-12-19 16:00:00+00:00, run_after=2024-12-19 20:00:00+00:00
[2024-12-19T22:03:09.597+0000] {processor.py:208} INFO - Processing /home/airflow/.local/lib/python3.12/site-packages/airflow/example_dags/example_latest_only_with_trigger.py took 0.029 seconds
[2024-12-19T22:03:39.988+0000] {processor.py:186} INFO - Started process (PID=2788) to work on /home/airflow/.local/lib/python3.12/site-packages/airflow/example_dags/example_latest_only_with_trigger.py
[2024-12-19T22:03:39.989+0000] {processor.py:914} INFO - Processing file /home/airflow/.local/lib/python3.12/site-packages/airflow/example_dags/example_latest_only_with_trigger.py for tasks to queue
[2024-12-19T22:03:39.990+0000] {logging_mixin.py:190} INFO - [2024-12-19T22:03:39.990+0000] {dagbag.py:588} INFO - Filling up the DagBag from /home/airflow/.local/lib/python3.12/site-packages/airflow/example_dags/example_latest_only_with_trigger.py
[2024-12-19T22:03:39.993+0000] {processor.py:925} INFO - DAG(s) 'latest_only_with_trigger' retrieved from /home/airflow/.local/lib/python3.12/site-packages/airflow/example_dags/example_latest_only_with_trigger.py
[2024-12-19T22:03:40.000+0000] {logging_mixin.py:190} INFO - [2024-12-19T22:03:40.000+0000] {dag.py:3239} INFO - Sync 1 DAGs
[2024-12-19T22:03:40.007+0000] {logging_mixin.py:190} INFO - [2024-12-19T22:03:40.007+0000] {dag.py:4180} INFO - Setting next_dagrun for latest_only_with_trigger to 2024-12-19 16:00:00+00:00, run_after=2024-12-19 20:00:00+00:00
[2024-12-19T22:03:40.012+0000] {processor.py:208} INFO - Processing /home/airflow/.local/lib/python3.12/site-packages/airflow/example_dags/example_latest_only_with_trigger.py took 0.026 seconds
[2024-12-19T22:04:10.533+0000] {processor.py:186} INFO - Started process (PID=2855) to work on /home/airflow/.local/lib/python3.12/site-packages/airflow/example_dags/example_latest_only_with_trigger.py
[2024-12-19T22:04:10.534+0000] {processor.py:914} INFO - Processing file /home/airflow/.local/lib/python3.12/site-packages/airflow/example_dags/example_latest_only_with_trigger.py for tasks to queue
[2024-12-19T22:04:10.535+0000] {logging_mixin.py:190} INFO - [2024-12-19T22:04:10.535+0000] {dagbag.py:588} INFO - Filling up the DagBag from /home/airflow/.local/lib/python3.12/site-packages/airflow/example_dags/example_latest_only_with_trigger.py
[2024-12-19T22:04:10.538+0000] {processor.py:925} INFO - DAG(s) 'latest_only_with_trigger' retrieved from /home/airflow/.local/lib/python3.12/site-packages/airflow/example_dags/example_latest_only_with_trigger.py
[2024-12-19T22:04:10.547+0000] {logging_mixin.py:190} INFO - [2024-12-19T22:04:10.547+0000] {dag.py:3239} INFO - Sync 1 DAGs
[2024-12-19T22:04:10.556+0000] {logging_mixin.py:190} INFO - [2024-12-19T22:04:10.556+0000] {dag.py:4180} INFO - Setting next_dagrun for latest_only_with_trigger to 2024-12-19 16:00:00+00:00, run_after=2024-12-19 20:00:00+00:00
[2024-12-19T22:04:10.564+0000] {processor.py:208} INFO - Processing /home/airflow/.local/lib/python3.12/site-packages/airflow/example_dags/example_latest_only_with_trigger.py took 0.034 seconds
[2024-12-19T22:04:40.667+0000] {processor.py:186} INFO - Started process (PID=2922) to work on /home/airflow/.local/lib/python3.12/site-packages/airflow/example_dags/example_latest_only_with_trigger.py
[2024-12-19T22:04:40.671+0000] {processor.py:914} INFO - Processing file /home/airflow/.local/lib/python3.12/site-packages/airflow/example_dags/example_latest_only_with_trigger.py for tasks to queue
[2024-12-19T22:04:40.673+0000] {logging_mixin.py:190} INFO - [2024-12-19T22:04:40.673+0000] {dagbag.py:588} INFO - Filling up the DagBag from /home/airflow/.local/lib/python3.12/site-packages/airflow/example_dags/example_latest_only_with_trigger.py
[2024-12-19T22:04:40.676+0000] {processor.py:925} INFO - DAG(s) 'latest_only_with_trigger' retrieved from /home/airflow/.local/lib/python3.12/site-packages/airflow/example_dags/example_latest_only_with_trigger.py
[2024-12-19T22:04:40.689+0000] {logging_mixin.py:190} INFO - [2024-12-19T22:04:40.689+0000] {dag.py:3239} INFO - Sync 1 DAGs
[2024-12-19T22:04:40.702+0000] {logging_mixin.py:190} INFO - [2024-12-19T22:04:40.702+0000] {dag.py:4180} INFO - Setting next_dagrun for latest_only_with_trigger to 2024-12-19 16:00:00+00:00, run_after=2024-12-19 20:00:00+00:00
[2024-12-19T22:04:40.714+0000] {processor.py:208} INFO - Processing /home/airflow/.local/lib/python3.12/site-packages/airflow/example_dags/example_latest_only_with_trigger.py took 0.050 seconds
[2024-12-19T22:05:11.271+0000] {processor.py:186} INFO - Started process (PID=2989) to work on /home/airflow/.local/lib/python3.12/site-packages/airflow/example_dags/example_latest_only_with_trigger.py
[2024-12-19T22:05:11.271+0000] {processor.py:914} INFO - Processing file /home/airflow/.local/lib/python3.12/site-packages/airflow/example_dags/example_latest_only_with_trigger.py for tasks to queue
[2024-12-19T22:05:11.272+0000] {logging_mixin.py:190} INFO - [2024-12-19T22:05:11.272+0000] {dagbag.py:588} INFO - Filling up the DagBag from /home/airflow/.local/lib/python3.12/site-packages/airflow/example_dags/example_latest_only_with_trigger.py
[2024-12-19T22:05:11.278+0000] {processor.py:925} INFO - DAG(s) 'latest_only_with_trigger' retrieved from /home/airflow/.local/lib/python3.12/site-packages/airflow/example_dags/example_latest_only_with_trigger.py
[2024-12-19T22:05:11.286+0000] {logging_mixin.py:190} INFO - [2024-12-19T22:05:11.286+0000] {dag.py:3239} INFO - Sync 1 DAGs
[2024-12-19T22:05:11.298+0000] {logging_mixin.py:190} INFO - [2024-12-19T22:05:11.298+0000] {dag.py:4180} INFO - Setting next_dagrun for latest_only_with_trigger to 2024-12-19 16:00:00+00:00, run_after=2024-12-19 20:00:00+00:00
[2024-12-19T22:05:11.304+0000] {processor.py:208} INFO - Processing /home/airflow/.local/lib/python3.12/site-packages/airflow/example_dags/example_latest_only_with_trigger.py took 0.036 seconds
[2024-12-19T22:05:41.679+0000] {processor.py:186} INFO - Started process (PID=3057) to work on /home/airflow/.local/lib/python3.12/site-packages/airflow/example_dags/example_latest_only_with_trigger.py
[2024-12-19T22:05:41.680+0000] {processor.py:914} INFO - Processing file /home/airflow/.local/lib/python3.12/site-packages/airflow/example_dags/example_latest_only_with_trigger.py for tasks to queue
[2024-12-19T22:05:41.681+0000] {logging_mixin.py:190} INFO - [2024-12-19T22:05:41.681+0000] {dagbag.py:588} INFO - Filling up the DagBag from /home/airflow/.local/lib/python3.12/site-packages/airflow/example_dags/example_latest_only_with_trigger.py
[2024-12-19T22:05:41.684+0000] {processor.py:925} INFO - DAG(s) 'latest_only_with_trigger' retrieved from /home/airflow/.local/lib/python3.12/site-packages/airflow/example_dags/example_latest_only_with_trigger.py
[2024-12-19T22:05:41.692+0000] {logging_mixin.py:190} INFO - [2024-12-19T22:05:41.692+0000] {dag.py:3239} INFO - Sync 1 DAGs
[2024-12-19T22:05:41.701+0000] {logging_mixin.py:190} INFO - [2024-12-19T22:05:41.701+0000] {dag.py:4180} INFO - Setting next_dagrun for latest_only_with_trigger to 2024-12-19 16:00:00+00:00, run_after=2024-12-19 20:00:00+00:00
[2024-12-19T22:05:41.707+0000] {processor.py:208} INFO - Processing /home/airflow/.local/lib/python3.12/site-packages/airflow/example_dags/example_latest_only_with_trigger.py took 0.030 seconds
[2024-12-19T22:06:12.334+0000] {processor.py:186} INFO - Started process (PID=3124) to work on /home/airflow/.local/lib/python3.12/site-packages/airflow/example_dags/example_latest_only_with_trigger.py
[2024-12-19T22:06:12.336+0000] {processor.py:914} INFO - Processing file /home/airflow/.local/lib/python3.12/site-packages/airflow/example_dags/example_latest_only_with_trigger.py for tasks to queue
[2024-12-19T22:06:12.337+0000] {logging_mixin.py:190} INFO - [2024-12-19T22:06:12.337+0000] {dagbag.py:588} INFO - Filling up the DagBag from /home/airflow/.local/lib/python3.12/site-packages/airflow/example_dags/example_latest_only_with_trigger.py
[2024-12-19T22:06:12.432+0000] {processor.py:925} INFO - DAG(s) 'latest_only_with_trigger' retrieved from /home/airflow/.local/lib/python3.12/site-packages/airflow/example_dags/example_latest_only_with_trigger.py
[2024-12-19T22:06:12.440+0000] {logging_mixin.py:190} INFO - [2024-12-19T22:06:12.439+0000] {dag.py:3239} INFO - Sync 1 DAGs
[2024-12-19T22:06:12.448+0000] {logging_mixin.py:190} INFO - [2024-12-19T22:06:12.448+0000] {dag.py:4180} INFO - Setting next_dagrun for latest_only_with_trigger to 2024-12-19 16:00:00+00:00, run_after=2024-12-19 20:00:00+00:00
[2024-12-19T22:06:12.454+0000] {processor.py:208} INFO - Processing /home/airflow/.local/lib/python3.12/site-packages/airflow/example_dags/example_latest_only_with_trigger.py took 0.122 seconds
[2024-12-19T22:06:42.746+0000] {processor.py:186} INFO - Started process (PID=3191) to work on /home/airflow/.local/lib/python3.12/site-packages/airflow/example_dags/example_latest_only_with_trigger.py
[2024-12-19T22:06:42.746+0000] {processor.py:914} INFO - Processing file /home/airflow/.local/lib/python3.12/site-packages/airflow/example_dags/example_latest_only_with_trigger.py for tasks to queue
[2024-12-19T22:06:42.747+0000] {logging_mixin.py:190} INFO - [2024-12-19T22:06:42.747+0000] {dagbag.py:588} INFO - Filling up the DagBag from /home/airflow/.local/lib/python3.12/site-packages/airflow/example_dags/example_latest_only_with_trigger.py
[2024-12-19T22:06:42.750+0000] {processor.py:925} INFO - DAG(s) 'latest_only_with_trigger' retrieved from /home/airflow/.local/lib/python3.12/site-packages/airflow/example_dags/example_latest_only_with_trigger.py
[2024-12-19T22:06:42.757+0000] {logging_mixin.py:190} INFO - [2024-12-19T22:06:42.757+0000] {dag.py:3239} INFO - Sync 1 DAGs
[2024-12-19T22:06:42.765+0000] {logging_mixin.py:190} INFO - [2024-12-19T22:06:42.765+0000] {dag.py:4180} INFO - Setting next_dagrun for latest_only_with_trigger to 2024-12-19 16:00:00+00:00, run_after=2024-12-19 20:00:00+00:00
[2024-12-19T22:06:42.770+0000] {processor.py:208} INFO - Processing /home/airflow/.local/lib/python3.12/site-packages/airflow/example_dags/example_latest_only_with_trigger.py took 0.027 seconds
[2024-12-19T22:07:12.882+0000] {processor.py:186} INFO - Started process (PID=3258) to work on /home/airflow/.local/lib/python3.12/site-packages/airflow/example_dags/example_latest_only_with_trigger.py
[2024-12-19T22:07:12.884+0000] {processor.py:914} INFO - Processing file /home/airflow/.local/lib/python3.12/site-packages/airflow/example_dags/example_latest_only_with_trigger.py for tasks to queue
[2024-12-19T22:07:12.886+0000] {logging_mixin.py:190} INFO - [2024-12-19T22:07:12.886+0000] {dagbag.py:588} INFO - Filling up the DagBag from /home/airflow/.local/lib/python3.12/site-packages/airflow/example_dags/example_latest_only_with_trigger.py
[2024-12-19T22:07:12.892+0000] {processor.py:925} INFO - DAG(s) 'latest_only_with_trigger' retrieved from /home/airflow/.local/lib/python3.12/site-packages/airflow/example_dags/example_latest_only_with_trigger.py
[2024-12-19T22:07:12.902+0000] {logging_mixin.py:190} INFO - [2024-12-19T22:07:12.902+0000] {dag.py:3239} INFO - Sync 1 DAGs
[2024-12-19T22:07:12.913+0000] {logging_mixin.py:190} INFO - [2024-12-19T22:07:12.913+0000] {dag.py:4180} INFO - Setting next_dagrun for latest_only_with_trigger to 2024-12-19 16:00:00+00:00, run_after=2024-12-19 20:00:00+00:00
[2024-12-19T22:07:12.919+0000] {processor.py:208} INFO - Processing /home/airflow/.local/lib/python3.12/site-packages/airflow/example_dags/example_latest_only_with_trigger.py took 0.040 seconds
[2024-12-19T22:07:43.244+0000] {processor.py:186} INFO - Started process (PID=3325) to work on /home/airflow/.local/lib/python3.12/site-packages/airflow/example_dags/example_latest_only_with_trigger.py
[2024-12-19T22:07:43.247+0000] {processor.py:914} INFO - Processing file /home/airflow/.local/lib/python3.12/site-packages/airflow/example_dags/example_latest_only_with_trigger.py for tasks to queue
[2024-12-19T22:07:43.249+0000] {logging_mixin.py:190} INFO - [2024-12-19T22:07:43.248+0000] {dagbag.py:588} INFO - Filling up the DagBag from /home/airflow/.local/lib/python3.12/site-packages/airflow/example_dags/example_latest_only_with_trigger.py
[2024-12-19T22:07:43.255+0000] {processor.py:925} INFO - DAG(s) 'latest_only_with_trigger' retrieved from /home/airflow/.local/lib/python3.12/site-packages/airflow/example_dags/example_latest_only_with_trigger.py
[2024-12-19T22:07:43.265+0000] {logging_mixin.py:190} INFO - [2024-12-19T22:07:43.265+0000] {dag.py:3239} INFO - Sync 1 DAGs
[2024-12-19T22:07:43.273+0000] {logging_mixin.py:190} INFO - [2024-12-19T22:07:43.273+0000] {dag.py:4180} INFO - Setting next_dagrun for latest_only_with_trigger to 2024-12-19 16:00:00+00:00, run_after=2024-12-19 20:00:00+00:00
[2024-12-19T22:07:43.279+0000] {processor.py:208} INFO - Processing /home/airflow/.local/lib/python3.12/site-packages/airflow/example_dags/example_latest_only_with_trigger.py took 0.038 seconds
[2024-12-19T22:08:13.429+0000] {processor.py:186} INFO - Started process (PID=3393) to work on /home/airflow/.local/lib/python3.12/site-packages/airflow/example_dags/example_latest_only_with_trigger.py
[2024-12-19T22:08:13.431+0000] {processor.py:914} INFO - Processing file /home/airflow/.local/lib/python3.12/site-packages/airflow/example_dags/example_latest_only_with_trigger.py for tasks to queue
[2024-12-19T22:08:13.433+0000] {logging_mixin.py:190} INFO - [2024-12-19T22:08:13.433+0000] {dagbag.py:588} INFO - Filling up the DagBag from /home/airflow/.local/lib/python3.12/site-packages/airflow/example_dags/example_latest_only_with_trigger.py
[2024-12-19T22:08:13.438+0000] {processor.py:925} INFO - DAG(s) 'latest_only_with_trigger' retrieved from /home/airflow/.local/lib/python3.12/site-packages/airflow/example_dags/example_latest_only_with_trigger.py
[2024-12-19T22:08:13.448+0000] {logging_mixin.py:190} INFO - [2024-12-19T22:08:13.448+0000] {dag.py:3239} INFO - Sync 1 DAGs
[2024-12-19T22:08:13.458+0000] {logging_mixin.py:190} INFO - [2024-12-19T22:08:13.458+0000] {dag.py:4180} INFO - Setting next_dagrun for latest_only_with_trigger to 2024-12-19 16:00:00+00:00, run_after=2024-12-19 20:00:00+00:00
[2024-12-19T22:08:13.464+0000] {processor.py:208} INFO - Processing /home/airflow/.local/lib/python3.12/site-packages/airflow/example_dags/example_latest_only_with_trigger.py took 0.038 seconds
[2024-12-19T22:08:43.683+0000] {processor.py:186} INFO - Started process (PID=3460) to work on /home/airflow/.local/lib/python3.12/site-packages/airflow/example_dags/example_latest_only_with_trigger.py
[2024-12-19T22:08:43.685+0000] {processor.py:914} INFO - Processing file /home/airflow/.local/lib/python3.12/site-packages/airflow/example_dags/example_latest_only_with_trigger.py for tasks to queue
[2024-12-19T22:08:43.689+0000] {logging_mixin.py:190} INFO - [2024-12-19T22:08:43.688+0000] {dagbag.py:588} INFO - Filling up the DagBag from /home/airflow/.local/lib/python3.12/site-packages/airflow/example_dags/example_latest_only_with_trigger.py
[2024-12-19T22:08:43.692+0000] {processor.py:925} INFO - DAG(s) 'latest_only_with_trigger' retrieved from /home/airflow/.local/lib/python3.12/site-packages/airflow/example_dags/example_latest_only_with_trigger.py
[2024-12-19T22:08:43.705+0000] {logging_mixin.py:190} INFO - [2024-12-19T22:08:43.705+0000] {dag.py:3239} INFO - Sync 1 DAGs
[2024-12-19T22:08:43.716+0000] {logging_mixin.py:190} INFO - [2024-12-19T22:08:43.715+0000] {dag.py:4180} INFO - Setting next_dagrun for latest_only_with_trigger to 2024-12-19 16:00:00+00:00, run_after=2024-12-19 20:00:00+00:00
[2024-12-19T22:08:43.723+0000] {processor.py:208} INFO - Processing /home/airflow/.local/lib/python3.12/site-packages/airflow/example_dags/example_latest_only_with_trigger.py took 0.043 seconds
