[2024-12-19T21:43:24.926+0000] {processor.py:186} INFO - Started process (PID=51) to work on /home/airflow/.local/lib/python3.12/site-packages/airflow/example_dags/example_sla_dag.py
[2024-12-19T21:43:24.926+0000] {processor.py:914} INFO - Processing file /home/airflow/.local/lib/python3.12/site-packages/airflow/example_dags/example_sla_dag.py for tasks to queue
[2024-12-19T21:43:24.927+0000] {logging_mixin.py:190} INFO - [2024-12-19T21:43:24.927+0000] {dagbag.py:588} INFO - Filling up the DagBag from /home/airflow/.local/lib/python3.12/site-packages/airflow/example_dags/example_sla_dag.py
[2024-12-19T21:43:24.935+0000] {processor.py:925} INFO - DAG(s) 'example_sla_dag' retrieved from /home/airflow/.local/lib/python3.12/site-packages/airflow/example_dags/example_sla_dag.py
[2024-12-19T21:43:24.949+0000] {logging_mixin.py:190} INFO - [2024-12-19T21:43:24.949+0000] {dag.py:3239} INFO - Sync 1 DAGs
[2024-12-19T21:43:24.961+0000] {logging_mixin.py:190} INFO - [2024-12-19T21:43:24.961+0000] {dag.py:4180} INFO - Setting next_dagrun for example_sla_dag to 2024-12-19 21:40:00+00:00, run_after=2024-12-19 21:42:00+00:00
[2024-12-19T21:43:24.973+0000] {processor.py:208} INFO - Processing /home/airflow/.local/lib/python3.12/site-packages/airflow/example_dags/example_sla_dag.py took 0.050 seconds
[2024-12-19T21:43:55.526+0000] {processor.py:186} INFO - Started process (PID=127) to work on /home/airflow/.local/lib/python3.12/site-packages/airflow/example_dags/example_sla_dag.py
[2024-12-19T21:43:55.528+0000] {processor.py:914} INFO - Processing file /home/airflow/.local/lib/python3.12/site-packages/airflow/example_dags/example_sla_dag.py for tasks to queue
[2024-12-19T21:43:55.530+0000] {logging_mixin.py:190} INFO - [2024-12-19T21:43:55.530+0000] {dagbag.py:588} INFO - Filling up the DagBag from /home/airflow/.local/lib/python3.12/site-packages/airflow/example_dags/example_sla_dag.py
[2024-12-19T21:43:55.544+0000] {processor.py:925} INFO - DAG(s) 'example_sla_dag' retrieved from /home/airflow/.local/lib/python3.12/site-packages/airflow/example_dags/example_sla_dag.py
[2024-12-19T21:43:55.553+0000] {logging_mixin.py:190} INFO - [2024-12-19T21:43:55.553+0000] {dag.py:3239} INFO - Sync 1 DAGs
[2024-12-19T21:43:55.565+0000] {logging_mixin.py:190} INFO - [2024-12-19T21:43:55.565+0000] {dag.py:4180} INFO - Setting next_dagrun for example_sla_dag to 2024-12-19 21:40:00+00:00, run_after=2024-12-19 21:42:00+00:00
[2024-12-19T21:43:55.578+0000] {processor.py:208} INFO - Processing /home/airflow/.local/lib/python3.12/site-packages/airflow/example_dags/example_sla_dag.py took 0.056 seconds
[2024-12-19T21:44:26.344+0000] {processor.py:186} INFO - Started process (PID=193) to work on /home/airflow/.local/lib/python3.12/site-packages/airflow/example_dags/example_sla_dag.py
[2024-12-19T21:44:26.345+0000] {processor.py:914} INFO - Processing file /home/airflow/.local/lib/python3.12/site-packages/airflow/example_dags/example_sla_dag.py for tasks to queue
[2024-12-19T21:44:26.346+0000] {logging_mixin.py:190} INFO - [2024-12-19T21:44:26.346+0000] {dagbag.py:588} INFO - Filling up the DagBag from /home/airflow/.local/lib/python3.12/site-packages/airflow/example_dags/example_sla_dag.py
[2024-12-19T21:44:26.354+0000] {processor.py:925} INFO - DAG(s) 'example_sla_dag' retrieved from /home/airflow/.local/lib/python3.12/site-packages/airflow/example_dags/example_sla_dag.py
[2024-12-19T21:44:26.363+0000] {logging_mixin.py:190} INFO - [2024-12-19T21:44:26.363+0000] {dag.py:3239} INFO - Sync 1 DAGs
[2024-12-19T21:44:26.374+0000] {logging_mixin.py:190} INFO - [2024-12-19T21:44:26.374+0000] {dag.py:4180} INFO - Setting next_dagrun for example_sla_dag to 2024-12-19 21:42:00+00:00, run_after=2024-12-19 21:44:00+00:00
[2024-12-19T21:44:26.384+0000] {processor.py:208} INFO - Processing /home/airflow/.local/lib/python3.12/site-packages/airflow/example_dags/example_sla_dag.py took 0.043 seconds
[2024-12-19T21:44:56.955+0000] {processor.py:186} INFO - Started process (PID=260) to work on /home/airflow/.local/lib/python3.12/site-packages/airflow/example_dags/example_sla_dag.py
[2024-12-19T21:44:56.955+0000] {processor.py:914} INFO - Processing file /home/airflow/.local/lib/python3.12/site-packages/airflow/example_dags/example_sla_dag.py for tasks to queue
[2024-12-19T21:44:56.956+0000] {logging_mixin.py:190} INFO - [2024-12-19T21:44:56.956+0000] {dagbag.py:588} INFO - Filling up the DagBag from /home/airflow/.local/lib/python3.12/site-packages/airflow/example_dags/example_sla_dag.py
[2024-12-19T21:44:56.961+0000] {processor.py:925} INFO - DAG(s) 'example_sla_dag' retrieved from /home/airflow/.local/lib/python3.12/site-packages/airflow/example_dags/example_sla_dag.py
[2024-12-19T21:44:56.972+0000] {logging_mixin.py:190} INFO - [2024-12-19T21:44:56.972+0000] {dag.py:3239} INFO - Sync 1 DAGs
[2024-12-19T21:44:56.981+0000] {logging_mixin.py:190} INFO - [2024-12-19T21:44:56.981+0000] {dag.py:4180} INFO - Setting next_dagrun for example_sla_dag to 2024-12-19 21:42:00+00:00, run_after=2024-12-19 21:44:00+00:00
[2024-12-19T21:44:56.989+0000] {processor.py:208} INFO - Processing /home/airflow/.local/lib/python3.12/site-packages/airflow/example_dags/example_sla_dag.py took 0.038 seconds
[2024-12-19T21:45:27.472+0000] {processor.py:186} INFO - Started process (PID=327) to work on /home/airflow/.local/lib/python3.12/site-packages/airflow/example_dags/example_sla_dag.py
[2024-12-19T21:45:27.473+0000] {processor.py:914} INFO - Processing file /home/airflow/.local/lib/python3.12/site-packages/airflow/example_dags/example_sla_dag.py for tasks to queue
[2024-12-19T21:45:27.474+0000] {logging_mixin.py:190} INFO - [2024-12-19T21:45:27.474+0000] {dagbag.py:588} INFO - Filling up the DagBag from /home/airflow/.local/lib/python3.12/site-packages/airflow/example_dags/example_sla_dag.py
[2024-12-19T21:45:27.480+0000] {processor.py:925} INFO - DAG(s) 'example_sla_dag' retrieved from /home/airflow/.local/lib/python3.12/site-packages/airflow/example_dags/example_sla_dag.py
[2024-12-19T21:45:27.488+0000] {logging_mixin.py:190} INFO - [2024-12-19T21:45:27.488+0000] {dag.py:3239} INFO - Sync 1 DAGs
[2024-12-19T21:45:27.500+0000] {logging_mixin.py:190} INFO - [2024-12-19T21:45:27.499+0000] {dag.py:4180} INFO - Setting next_dagrun for example_sla_dag to 2024-12-19 21:42:00+00:00, run_after=2024-12-19 21:44:00+00:00
[2024-12-19T21:45:27.509+0000] {processor.py:208} INFO - Processing /home/airflow/.local/lib/python3.12/site-packages/airflow/example_dags/example_sla_dag.py took 0.040 seconds
[2024-12-19T21:45:57.846+0000] {processor.py:186} INFO - Started process (PID=394) to work on /home/airflow/.local/lib/python3.12/site-packages/airflow/example_dags/example_sla_dag.py
[2024-12-19T21:45:57.846+0000] {processor.py:914} INFO - Processing file /home/airflow/.local/lib/python3.12/site-packages/airflow/example_dags/example_sla_dag.py for tasks to queue
[2024-12-19T21:45:57.847+0000] {logging_mixin.py:190} INFO - [2024-12-19T21:45:57.847+0000] {dagbag.py:588} INFO - Filling up the DagBag from /home/airflow/.local/lib/python3.12/site-packages/airflow/example_dags/example_sla_dag.py
[2024-12-19T21:45:57.852+0000] {processor.py:925} INFO - DAG(s) 'example_sla_dag' retrieved from /home/airflow/.local/lib/python3.12/site-packages/airflow/example_dags/example_sla_dag.py
[2024-12-19T21:45:57.860+0000] {logging_mixin.py:190} INFO - [2024-12-19T21:45:57.860+0000] {dag.py:3239} INFO - Sync 1 DAGs
[2024-12-19T21:45:57.871+0000] {logging_mixin.py:190} INFO - [2024-12-19T21:45:57.871+0000] {dag.py:4180} INFO - Setting next_dagrun for example_sla_dag to 2024-12-19 21:42:00+00:00, run_after=2024-12-19 21:44:00+00:00
[2024-12-19T21:45:57.880+0000] {processor.py:208} INFO - Processing /home/airflow/.local/lib/python3.12/site-packages/airflow/example_dags/example_sla_dag.py took 0.037 seconds
[2024-12-19T21:46:28.086+0000] {processor.py:186} INFO - Started process (PID=461) to work on /home/airflow/.local/lib/python3.12/site-packages/airflow/example_dags/example_sla_dag.py
[2024-12-19T21:46:28.086+0000] {processor.py:914} INFO - Processing file /home/airflow/.local/lib/python3.12/site-packages/airflow/example_dags/example_sla_dag.py for tasks to queue
[2024-12-19T21:46:28.090+0000] {logging_mixin.py:190} INFO - [2024-12-19T21:46:28.090+0000] {dagbag.py:588} INFO - Filling up the DagBag from /home/airflow/.local/lib/python3.12/site-packages/airflow/example_dags/example_sla_dag.py
[2024-12-19T21:46:28.096+0000] {processor.py:925} INFO - DAG(s) 'example_sla_dag' retrieved from /home/airflow/.local/lib/python3.12/site-packages/airflow/example_dags/example_sla_dag.py
[2024-12-19T21:46:28.106+0000] {logging_mixin.py:190} INFO - [2024-12-19T21:46:28.106+0000] {dag.py:3239} INFO - Sync 1 DAGs
[2024-12-19T21:46:28.115+0000] {logging_mixin.py:190} INFO - [2024-12-19T21:46:28.115+0000] {dag.py:4180} INFO - Setting next_dagrun for example_sla_dag to 2024-12-19 21:44:00+00:00, run_after=2024-12-19 21:46:00+00:00
[2024-12-19T21:46:28.123+0000] {processor.py:208} INFO - Processing /home/airflow/.local/lib/python3.12/site-packages/airflow/example_dags/example_sla_dag.py took 0.040 seconds
[2024-12-19T21:46:58.367+0000] {processor.py:186} INFO - Started process (PID=528) to work on /home/airflow/.local/lib/python3.12/site-packages/airflow/example_dags/example_sla_dag.py
[2024-12-19T21:46:58.368+0000] {processor.py:914} INFO - Processing file /home/airflow/.local/lib/python3.12/site-packages/airflow/example_dags/example_sla_dag.py for tasks to queue
[2024-12-19T21:46:58.369+0000] {logging_mixin.py:190} INFO - [2024-12-19T21:46:58.369+0000] {dagbag.py:588} INFO - Filling up the DagBag from /home/airflow/.local/lib/python3.12/site-packages/airflow/example_dags/example_sla_dag.py
[2024-12-19T21:46:58.374+0000] {processor.py:925} INFO - DAG(s) 'example_sla_dag' retrieved from /home/airflow/.local/lib/python3.12/site-packages/airflow/example_dags/example_sla_dag.py
[2024-12-19T21:46:58.381+0000] {logging_mixin.py:190} INFO - [2024-12-19T21:46:58.381+0000] {dag.py:3239} INFO - Sync 1 DAGs
[2024-12-19T21:46:58.391+0000] {logging_mixin.py:190} INFO - [2024-12-19T21:46:58.391+0000] {dag.py:4180} INFO - Setting next_dagrun for example_sla_dag to 2024-12-19 21:44:00+00:00, run_after=2024-12-19 21:46:00+00:00
[2024-12-19T21:46:58.400+0000] {processor.py:208} INFO - Processing /home/airflow/.local/lib/python3.12/site-packages/airflow/example_dags/example_sla_dag.py took 0.035 seconds
[2024-12-19T21:47:28.625+0000] {processor.py:186} INFO - Started process (PID=595) to work on /home/airflow/.local/lib/python3.12/site-packages/airflow/example_dags/example_sla_dag.py
[2024-12-19T21:47:28.626+0000] {processor.py:914} INFO - Processing file /home/airflow/.local/lib/python3.12/site-packages/airflow/example_dags/example_sla_dag.py for tasks to queue
[2024-12-19T21:47:28.627+0000] {logging_mixin.py:190} INFO - [2024-12-19T21:47:28.627+0000] {dagbag.py:588} INFO - Filling up the DagBag from /home/airflow/.local/lib/python3.12/site-packages/airflow/example_dags/example_sla_dag.py
[2024-12-19T21:47:28.631+0000] {processor.py:925} INFO - DAG(s) 'example_sla_dag' retrieved from /home/airflow/.local/lib/python3.12/site-packages/airflow/example_dags/example_sla_dag.py
[2024-12-19T21:47:28.639+0000] {logging_mixin.py:190} INFO - [2024-12-19T21:47:28.638+0000] {dag.py:3239} INFO - Sync 1 DAGs
[2024-12-19T21:47:28.649+0000] {logging_mixin.py:190} INFO - [2024-12-19T21:47:28.648+0000] {dag.py:4180} INFO - Setting next_dagrun for example_sla_dag to 2024-12-19 21:44:00+00:00, run_after=2024-12-19 21:46:00+00:00
[2024-12-19T21:47:28.656+0000] {processor.py:208} INFO - Processing /home/airflow/.local/lib/python3.12/site-packages/airflow/example_dags/example_sla_dag.py took 0.034 seconds
[2024-12-19T21:47:58.814+0000] {processor.py:186} INFO - Started process (PID=662) to work on /home/airflow/.local/lib/python3.12/site-packages/airflow/example_dags/example_sla_dag.py
[2024-12-19T21:47:58.815+0000] {processor.py:914} INFO - Processing file /home/airflow/.local/lib/python3.12/site-packages/airflow/example_dags/example_sla_dag.py for tasks to queue
[2024-12-19T21:47:58.816+0000] {logging_mixin.py:190} INFO - [2024-12-19T21:47:58.816+0000] {dagbag.py:588} INFO - Filling up the DagBag from /home/airflow/.local/lib/python3.12/site-packages/airflow/example_dags/example_sla_dag.py
[2024-12-19T21:47:58.822+0000] {processor.py:925} INFO - DAG(s) 'example_sla_dag' retrieved from /home/airflow/.local/lib/python3.12/site-packages/airflow/example_dags/example_sla_dag.py
[2024-12-19T21:47:58.834+0000] {logging_mixin.py:190} INFO - [2024-12-19T21:47:58.834+0000] {dag.py:3239} INFO - Sync 1 DAGs
[2024-12-19T21:47:58.843+0000] {logging_mixin.py:190} INFO - [2024-12-19T21:47:58.843+0000] {dag.py:4180} INFO - Setting next_dagrun for example_sla_dag to 2024-12-19 21:44:00+00:00, run_after=2024-12-19 21:46:00+00:00
[2024-12-19T21:47:58.853+0000] {processor.py:208} INFO - Processing /home/airflow/.local/lib/python3.12/site-packages/airflow/example_dags/example_sla_dag.py took 0.042 seconds
[2024-12-19T21:48:29.210+0000] {processor.py:186} INFO - Started process (PID=729) to work on /home/airflow/.local/lib/python3.12/site-packages/airflow/example_dags/example_sla_dag.py
[2024-12-19T21:48:29.212+0000] {processor.py:914} INFO - Processing file /home/airflow/.local/lib/python3.12/site-packages/airflow/example_dags/example_sla_dag.py for tasks to queue
[2024-12-19T21:48:29.212+0000] {logging_mixin.py:190} INFO - [2024-12-19T21:48:29.212+0000] {dagbag.py:588} INFO - Filling up the DagBag from /home/airflow/.local/lib/python3.12/site-packages/airflow/example_dags/example_sla_dag.py
[2024-12-19T21:48:29.218+0000] {processor.py:925} INFO - DAG(s) 'example_sla_dag' retrieved from /home/airflow/.local/lib/python3.12/site-packages/airflow/example_dags/example_sla_dag.py
[2024-12-19T21:48:29.227+0000] {logging_mixin.py:190} INFO - [2024-12-19T21:48:29.227+0000] {dag.py:3239} INFO - Sync 1 DAGs
[2024-12-19T21:48:29.238+0000] {logging_mixin.py:190} INFO - [2024-12-19T21:48:29.238+0000] {dag.py:4180} INFO - Setting next_dagrun for example_sla_dag to 2024-12-19 21:46:00+00:00, run_after=2024-12-19 21:48:00+00:00
[2024-12-19T21:48:29.249+0000] {processor.py:208} INFO - Processing /home/airflow/.local/lib/python3.12/site-packages/airflow/example_dags/example_sla_dag.py took 0.041 seconds
[2024-12-19T21:48:59.379+0000] {processor.py:186} INFO - Started process (PID=796) to work on /home/airflow/.local/lib/python3.12/site-packages/airflow/example_dags/example_sla_dag.py
[2024-12-19T21:48:59.380+0000] {processor.py:914} INFO - Processing file /home/airflow/.local/lib/python3.12/site-packages/airflow/example_dags/example_sla_dag.py for tasks to queue
[2024-12-19T21:48:59.381+0000] {logging_mixin.py:190} INFO - [2024-12-19T21:48:59.381+0000] {dagbag.py:588} INFO - Filling up the DagBag from /home/airflow/.local/lib/python3.12/site-packages/airflow/example_dags/example_sla_dag.py
[2024-12-19T21:48:59.386+0000] {processor.py:925} INFO - DAG(s) 'example_sla_dag' retrieved from /home/airflow/.local/lib/python3.12/site-packages/airflow/example_dags/example_sla_dag.py
[2024-12-19T21:48:59.396+0000] {logging_mixin.py:190} INFO - [2024-12-19T21:48:59.396+0000] {dag.py:3239} INFO - Sync 1 DAGs
[2024-12-19T21:48:59.407+0000] {logging_mixin.py:190} INFO - [2024-12-19T21:48:59.407+0000] {dag.py:4180} INFO - Setting next_dagrun for example_sla_dag to 2024-12-19 21:46:00+00:00, run_after=2024-12-19 21:48:00+00:00
[2024-12-19T21:48:59.418+0000] {processor.py:208} INFO - Processing /home/airflow/.local/lib/python3.12/site-packages/airflow/example_dags/example_sla_dag.py took 0.041 seconds
