[2024-12-19T21:43:30.389+0000] {processor.py:186} INFO - Started process (PID=99) to work on /home/airflow/.local/lib/python3.12/site-packages/airflow/example_dags/example_python_decorator.py
[2024-12-19T21:43:30.390+0000] {processor.py:914} INFO - Processing file /home/airflow/.local/lib/python3.12/site-packages/airflow/example_dags/example_python_decorator.py for tasks to queue
[2024-12-19T21:43:30.392+0000] {logging_mixin.py:190} INFO - [2024-12-19T21:43:30.392+0000] {dagbag.py:588} INFO - Filling up the DagBag from /home/airflow/.local/lib/python3.12/site-packages/airflow/example_dags/example_python_decorator.py
[2024-12-19T21:43:30.407+0000] {processor.py:925} INFO - DAG(s) 'example_python_decorator' retrieved from /home/airflow/.local/lib/python3.12/site-packages/airflow/example_dags/example_python_decorator.py
[2024-12-19T21:43:30.607+0000] {logging_mixin.py:190} INFO - [2024-12-19T21:43:30.606+0000] {dag.py:3239} INFO - Sync 1 DAGs
[2024-12-19T21:43:30.641+0000] {logging_mixin.py:190} INFO - [2024-12-19T21:43:30.641+0000] {dag.py:4180} INFO - Setting next_dagrun for example_python_decorator to None, run_after=None
[2024-12-19T21:43:30.676+0000] {processor.py:208} INFO - Processing /home/airflow/.local/lib/python3.12/site-packages/airflow/example_dags/example_python_decorator.py took 0.296 seconds
[2024-12-19T21:44:01.498+0000] {processor.py:186} INFO - Started process (PID=174) to work on /home/airflow/.local/lib/python3.12/site-packages/airflow/example_dags/example_python_decorator.py
[2024-12-19T21:44:01.504+0000] {processor.py:914} INFO - Processing file /home/airflow/.local/lib/python3.12/site-packages/airflow/example_dags/example_python_decorator.py for tasks to queue
[2024-12-19T21:44:01.508+0000] {logging_mixin.py:190} INFO - [2024-12-19T21:44:01.508+0000] {dagbag.py:588} INFO - Filling up the DagBag from /home/airflow/.local/lib/python3.12/site-packages/airflow/example_dags/example_python_decorator.py
[2024-12-19T21:44:01.518+0000] {processor.py:925} INFO - DAG(s) 'example_python_decorator' retrieved from /home/airflow/.local/lib/python3.12/site-packages/airflow/example_dags/example_python_decorator.py
[2024-12-19T21:44:01.537+0000] {logging_mixin.py:190} INFO - [2024-12-19T21:44:01.537+0000] {dag.py:3239} INFO - Sync 1 DAGs
[2024-12-19T21:44:01.544+0000] {logging_mixin.py:190} INFO - [2024-12-19T21:44:01.544+0000] {dag.py:4180} INFO - Setting next_dagrun for example_python_decorator to None, run_after=None
[2024-12-19T21:44:01.551+0000] {processor.py:208} INFO - Processing /home/airflow/.local/lib/python3.12/site-packages/airflow/example_dags/example_python_decorator.py took 0.058 seconds
[2024-12-19T21:44:32.044+0000] {processor.py:186} INFO - Started process (PID=241) to work on /home/airflow/.local/lib/python3.12/site-packages/airflow/example_dags/example_python_decorator.py
[2024-12-19T21:44:32.045+0000] {processor.py:914} INFO - Processing file /home/airflow/.local/lib/python3.12/site-packages/airflow/example_dags/example_python_decorator.py for tasks to queue
[2024-12-19T21:44:32.047+0000] {logging_mixin.py:190} INFO - [2024-12-19T21:44:32.047+0000] {dagbag.py:588} INFO - Filling up the DagBag from /home/airflow/.local/lib/python3.12/site-packages/airflow/example_dags/example_python_decorator.py
[2024-12-19T21:44:32.056+0000] {processor.py:925} INFO - DAG(s) 'example_python_decorator' retrieved from /home/airflow/.local/lib/python3.12/site-packages/airflow/example_dags/example_python_decorator.py
[2024-12-19T21:44:32.074+0000] {logging_mixin.py:190} INFO - [2024-12-19T21:44:32.074+0000] {dag.py:3239} INFO - Sync 1 DAGs
[2024-12-19T21:44:32.084+0000] {logging_mixin.py:190} INFO - [2024-12-19T21:44:32.084+0000] {dag.py:4180} INFO - Setting next_dagrun for example_python_decorator to None, run_after=None
[2024-12-19T21:44:32.093+0000] {processor.py:208} INFO - Processing /home/airflow/.local/lib/python3.12/site-packages/airflow/example_dags/example_python_decorator.py took 0.053 seconds
[2024-12-19T21:45:02.612+0000] {processor.py:186} INFO - Started process (PID=308) to work on /home/airflow/.local/lib/python3.12/site-packages/airflow/example_dags/example_python_decorator.py
[2024-12-19T21:45:02.618+0000] {processor.py:914} INFO - Processing file /home/airflow/.local/lib/python3.12/site-packages/airflow/example_dags/example_python_decorator.py for tasks to queue
[2024-12-19T21:45:02.620+0000] {logging_mixin.py:190} INFO - [2024-12-19T21:45:02.620+0000] {dagbag.py:588} INFO - Filling up the DagBag from /home/airflow/.local/lib/python3.12/site-packages/airflow/example_dags/example_python_decorator.py
[2024-12-19T21:45:02.628+0000] {processor.py:925} INFO - DAG(s) 'example_python_decorator' retrieved from /home/airflow/.local/lib/python3.12/site-packages/airflow/example_dags/example_python_decorator.py
[2024-12-19T21:45:02.641+0000] {logging_mixin.py:190} INFO - [2024-12-19T21:45:02.641+0000] {dag.py:3239} INFO - Sync 1 DAGs
[2024-12-19T21:45:02.647+0000] {logging_mixin.py:190} INFO - [2024-12-19T21:45:02.647+0000] {dag.py:4180} INFO - Setting next_dagrun for example_python_decorator to None, run_after=None
[2024-12-19T21:45:02.654+0000] {processor.py:208} INFO - Processing /home/airflow/.local/lib/python3.12/site-packages/airflow/example_dags/example_python_decorator.py took 0.045 seconds
[2024-12-19T21:45:32.966+0000] {processor.py:186} INFO - Started process (PID=375) to work on /home/airflow/.local/lib/python3.12/site-packages/airflow/example_dags/example_python_decorator.py
[2024-12-19T21:45:32.970+0000] {processor.py:914} INFO - Processing file /home/airflow/.local/lib/python3.12/site-packages/airflow/example_dags/example_python_decorator.py for tasks to queue
[2024-12-19T21:45:32.972+0000] {logging_mixin.py:190} INFO - [2024-12-19T21:45:32.972+0000] {dagbag.py:588} INFO - Filling up the DagBag from /home/airflow/.local/lib/python3.12/site-packages/airflow/example_dags/example_python_decorator.py
[2024-12-19T21:45:32.978+0000] {processor.py:925} INFO - DAG(s) 'example_python_decorator' retrieved from /home/airflow/.local/lib/python3.12/site-packages/airflow/example_dags/example_python_decorator.py
[2024-12-19T21:45:32.987+0000] {logging_mixin.py:190} INFO - [2024-12-19T21:45:32.987+0000] {dag.py:3239} INFO - Sync 1 DAGs
[2024-12-19T21:45:32.992+0000] {logging_mixin.py:190} INFO - [2024-12-19T21:45:32.992+0000] {dag.py:4180} INFO - Setting next_dagrun for example_python_decorator to None, run_after=None
[2024-12-19T21:45:32.999+0000] {processor.py:208} INFO - Processing /home/airflow/.local/lib/python3.12/site-packages/airflow/example_dags/example_python_decorator.py took 0.035 seconds
[2024-12-19T21:46:03.313+0000] {processor.py:186} INFO - Started process (PID=441) to work on /home/airflow/.local/lib/python3.12/site-packages/airflow/example_dags/example_python_decorator.py
[2024-12-19T21:46:03.313+0000] {processor.py:914} INFO - Processing file /home/airflow/.local/lib/python3.12/site-packages/airflow/example_dags/example_python_decorator.py for tasks to queue
[2024-12-19T21:46:03.314+0000] {logging_mixin.py:190} INFO - [2024-12-19T21:46:03.314+0000] {dagbag.py:588} INFO - Filling up the DagBag from /home/airflow/.local/lib/python3.12/site-packages/airflow/example_dags/example_python_decorator.py
[2024-12-19T21:46:03.322+0000] {processor.py:925} INFO - DAG(s) 'example_python_decorator' retrieved from /home/airflow/.local/lib/python3.12/site-packages/airflow/example_dags/example_python_decorator.py
[2024-12-19T21:46:03.342+0000] {logging_mixin.py:190} INFO - [2024-12-19T21:46:03.341+0000] {dag.py:3239} INFO - Sync 1 DAGs
[2024-12-19T21:46:03.352+0000] {logging_mixin.py:190} INFO - [2024-12-19T21:46:03.352+0000] {dag.py:4180} INFO - Setting next_dagrun for example_python_decorator to None, run_after=None
[2024-12-19T21:46:03.370+0000] {processor.py:208} INFO - Processing /home/airflow/.local/lib/python3.12/site-packages/airflow/example_dags/example_python_decorator.py took 0.061 seconds
[2024-12-19T21:46:33.652+0000] {processor.py:186} INFO - Started process (PID=508) to work on /home/airflow/.local/lib/python3.12/site-packages/airflow/example_dags/example_python_decorator.py
[2024-12-19T21:46:33.655+0000] {processor.py:914} INFO - Processing file /home/airflow/.local/lib/python3.12/site-packages/airflow/example_dags/example_python_decorator.py for tasks to queue
[2024-12-19T21:46:33.656+0000] {logging_mixin.py:190} INFO - [2024-12-19T21:46:33.656+0000] {dagbag.py:588} INFO - Filling up the DagBag from /home/airflow/.local/lib/python3.12/site-packages/airflow/example_dags/example_python_decorator.py
[2024-12-19T21:46:33.670+0000] {processor.py:925} INFO - DAG(s) 'example_python_decorator' retrieved from /home/airflow/.local/lib/python3.12/site-packages/airflow/example_dags/example_python_decorator.py
[2024-12-19T21:46:33.683+0000] {logging_mixin.py:190} INFO - [2024-12-19T21:46:33.683+0000] {dag.py:3239} INFO - Sync 1 DAGs
[2024-12-19T21:46:33.690+0000] {logging_mixin.py:190} INFO - [2024-12-19T21:46:33.690+0000] {dag.py:4180} INFO - Setting next_dagrun for example_python_decorator to None, run_after=None
[2024-12-19T21:46:33.699+0000] {processor.py:208} INFO - Processing /home/airflow/.local/lib/python3.12/site-packages/airflow/example_dags/example_python_decorator.py took 0.053 seconds
[2024-12-19T21:47:03.843+0000] {processor.py:186} INFO - Started process (PID=575) to work on /home/airflow/.local/lib/python3.12/site-packages/airflow/example_dags/example_python_decorator.py
[2024-12-19T21:47:03.843+0000] {processor.py:914} INFO - Processing file /home/airflow/.local/lib/python3.12/site-packages/airflow/example_dags/example_python_decorator.py for tasks to queue
[2024-12-19T21:47:03.844+0000] {logging_mixin.py:190} INFO - [2024-12-19T21:47:03.844+0000] {dagbag.py:588} INFO - Filling up the DagBag from /home/airflow/.local/lib/python3.12/site-packages/airflow/example_dags/example_python_decorator.py
[2024-12-19T21:47:03.850+0000] {processor.py:925} INFO - DAG(s) 'example_python_decorator' retrieved from /home/airflow/.local/lib/python3.12/site-packages/airflow/example_dags/example_python_decorator.py
[2024-12-19T21:47:03.858+0000] {logging_mixin.py:190} INFO - [2024-12-19T21:47:03.858+0000] {dag.py:3239} INFO - Sync 1 DAGs
[2024-12-19T21:47:03.864+0000] {logging_mixin.py:190} INFO - [2024-12-19T21:47:03.863+0000] {dag.py:4180} INFO - Setting next_dagrun for example_python_decorator to None, run_after=None
[2024-12-19T21:47:03.875+0000] {processor.py:208} INFO - Processing /home/airflow/.local/lib/python3.12/site-packages/airflow/example_dags/example_python_decorator.py took 0.034 seconds
[2024-12-19T21:47:35.114+0000] {processor.py:186} INFO - Started process (PID=642) to work on /home/airflow/.local/lib/python3.12/site-packages/airflow/example_dags/example_python_decorator.py
[2024-12-19T21:47:35.115+0000] {processor.py:914} INFO - Processing file /home/airflow/.local/lib/python3.12/site-packages/airflow/example_dags/example_python_decorator.py for tasks to queue
[2024-12-19T21:47:35.116+0000] {logging_mixin.py:190} INFO - [2024-12-19T21:47:35.116+0000] {dagbag.py:588} INFO - Filling up the DagBag from /home/airflow/.local/lib/python3.12/site-packages/airflow/example_dags/example_python_decorator.py
[2024-12-19T21:47:35.122+0000] {processor.py:925} INFO - DAG(s) 'example_python_decorator' retrieved from /home/airflow/.local/lib/python3.12/site-packages/airflow/example_dags/example_python_decorator.py
[2024-12-19T21:47:35.131+0000] {logging_mixin.py:190} INFO - [2024-12-19T21:47:35.131+0000] {dag.py:3239} INFO - Sync 1 DAGs
[2024-12-19T21:47:35.137+0000] {logging_mixin.py:190} INFO - [2024-12-19T21:47:35.137+0000] {dag.py:4180} INFO - Setting next_dagrun for example_python_decorator to None, run_after=None
[2024-12-19T21:47:35.144+0000] {processor.py:208} INFO - Processing /home/airflow/.local/lib/python3.12/site-packages/airflow/example_dags/example_python_decorator.py took 0.032 seconds
[2024-12-19T21:48:06.406+0000] {processor.py:186} INFO - Started process (PID=710) to work on /home/airflow/.local/lib/python3.12/site-packages/airflow/example_dags/example_python_decorator.py
[2024-12-19T21:48:06.408+0000] {processor.py:914} INFO - Processing file /home/airflow/.local/lib/python3.12/site-packages/airflow/example_dags/example_python_decorator.py for tasks to queue
[2024-12-19T21:48:06.410+0000] {logging_mixin.py:190} INFO - [2024-12-19T21:48:06.410+0000] {dagbag.py:588} INFO - Filling up the DagBag from /home/airflow/.local/lib/python3.12/site-packages/airflow/example_dags/example_python_decorator.py
[2024-12-19T21:48:06.424+0000] {processor.py:925} INFO - DAG(s) 'example_python_decorator' retrieved from /home/airflow/.local/lib/python3.12/site-packages/airflow/example_dags/example_python_decorator.py
[2024-12-19T21:48:06.438+0000] {logging_mixin.py:190} INFO - [2024-12-19T21:48:06.438+0000] {dag.py:3239} INFO - Sync 1 DAGs
[2024-12-19T21:48:06.447+0000] {logging_mixin.py:190} INFO - [2024-12-19T21:48:06.447+0000] {dag.py:4180} INFO - Setting next_dagrun for example_python_decorator to None, run_after=None
[2024-12-19T21:48:06.455+0000] {processor.py:208} INFO - Processing /home/airflow/.local/lib/python3.12/site-packages/airflow/example_dags/example_python_decorator.py took 0.054 seconds
[2024-12-19T21:48:36.665+0000] {processor.py:186} INFO - Started process (PID=776) to work on /home/airflow/.local/lib/python3.12/site-packages/airflow/example_dags/example_python_decorator.py
[2024-12-19T21:48:36.665+0000] {processor.py:914} INFO - Processing file /home/airflow/.local/lib/python3.12/site-packages/airflow/example_dags/example_python_decorator.py for tasks to queue
[2024-12-19T21:48:36.666+0000] {logging_mixin.py:190} INFO - [2024-12-19T21:48:36.666+0000] {dagbag.py:588} INFO - Filling up the DagBag from /home/airflow/.local/lib/python3.12/site-packages/airflow/example_dags/example_python_decorator.py
[2024-12-19T21:48:36.672+0000] {processor.py:925} INFO - DAG(s) 'example_python_decorator' retrieved from /home/airflow/.local/lib/python3.12/site-packages/airflow/example_dags/example_python_decorator.py
[2024-12-19T21:48:36.681+0000] {logging_mixin.py:190} INFO - [2024-12-19T21:48:36.681+0000] {dag.py:3239} INFO - Sync 1 DAGs
[2024-12-19T21:48:36.686+0000] {logging_mixin.py:190} INFO - [2024-12-19T21:48:36.686+0000] {dag.py:4180} INFO - Setting next_dagrun for example_python_decorator to None, run_after=None
[2024-12-19T21:48:36.692+0000] {processor.py:208} INFO - Processing /home/airflow/.local/lib/python3.12/site-packages/airflow/example_dags/example_python_decorator.py took 0.029 seconds
[2024-12-19T21:49:07.972+0000] {processor.py:186} INFO - Started process (PID=844) to work on /home/airflow/.local/lib/python3.12/site-packages/airflow/example_dags/example_python_decorator.py
[2024-12-19T21:49:07.973+0000] {processor.py:914} INFO - Processing file /home/airflow/.local/lib/python3.12/site-packages/airflow/example_dags/example_python_decorator.py for tasks to queue
[2024-12-19T21:49:07.974+0000] {logging_mixin.py:190} INFO - [2024-12-19T21:49:07.973+0000] {dagbag.py:588} INFO - Filling up the DagBag from /home/airflow/.local/lib/python3.12/site-packages/airflow/example_dags/example_python_decorator.py
[2024-12-19T21:49:07.979+0000] {processor.py:925} INFO - DAG(s) 'example_python_decorator' retrieved from /home/airflow/.local/lib/python3.12/site-packages/airflow/example_dags/example_python_decorator.py
[2024-12-19T21:49:07.988+0000] {logging_mixin.py:190} INFO - [2024-12-19T21:49:07.988+0000] {dag.py:3239} INFO - Sync 1 DAGs
[2024-12-19T21:49:07.993+0000] {logging_mixin.py:190} INFO - [2024-12-19T21:49:07.993+0000] {dag.py:4180} INFO - Setting next_dagrun for example_python_decorator to None, run_after=None
[2024-12-19T21:49:07.998+0000] {processor.py:208} INFO - Processing /home/airflow/.local/lib/python3.12/site-packages/airflow/example_dags/example_python_decorator.py took 0.029 seconds
[2024-12-19T21:49:39.233+0000] {processor.py:186} INFO - Started process (PID=911) to work on /home/airflow/.local/lib/python3.12/site-packages/airflow/example_dags/example_python_decorator.py
[2024-12-19T21:49:39.235+0000] {processor.py:914} INFO - Processing file /home/airflow/.local/lib/python3.12/site-packages/airflow/example_dags/example_python_decorator.py for tasks to queue
[2024-12-19T21:49:39.236+0000] {logging_mixin.py:190} INFO - [2024-12-19T21:49:39.235+0000] {dagbag.py:588} INFO - Filling up the DagBag from /home/airflow/.local/lib/python3.12/site-packages/airflow/example_dags/example_python_decorator.py
[2024-12-19T21:49:39.241+0000] {processor.py:925} INFO - DAG(s) 'example_python_decorator' retrieved from /home/airflow/.local/lib/python3.12/site-packages/airflow/example_dags/example_python_decorator.py
[2024-12-19T21:49:39.250+0000] {logging_mixin.py:190} INFO - [2024-12-19T21:49:39.250+0000] {dag.py:3239} INFO - Sync 1 DAGs
[2024-12-19T21:49:39.255+0000] {logging_mixin.py:190} INFO - [2024-12-19T21:49:39.255+0000] {dag.py:4180} INFO - Setting next_dagrun for example_python_decorator to None, run_after=None
[2024-12-19T21:49:39.261+0000] {processor.py:208} INFO - Processing /home/airflow/.local/lib/python3.12/site-packages/airflow/example_dags/example_python_decorator.py took 0.031 seconds
[2024-12-19T21:50:10.590+0000] {processor.py:186} INFO - Started process (PID=978) to work on /home/airflow/.local/lib/python3.12/site-packages/airflow/example_dags/example_python_decorator.py
[2024-12-19T21:50:10.591+0000] {processor.py:914} INFO - Processing file /home/airflow/.local/lib/python3.12/site-packages/airflow/example_dags/example_python_decorator.py for tasks to queue
[2024-12-19T21:50:10.592+0000] {logging_mixin.py:190} INFO - [2024-12-19T21:50:10.592+0000] {dagbag.py:588} INFO - Filling up the DagBag from /home/airflow/.local/lib/python3.12/site-packages/airflow/example_dags/example_python_decorator.py
[2024-12-19T21:50:10.597+0000] {processor.py:925} INFO - DAG(s) 'example_python_decorator' retrieved from /home/airflow/.local/lib/python3.12/site-packages/airflow/example_dags/example_python_decorator.py
[2024-12-19T21:50:10.606+0000] {logging_mixin.py:190} INFO - [2024-12-19T21:50:10.606+0000] {dag.py:3239} INFO - Sync 1 DAGs
[2024-12-19T21:50:10.613+0000] {logging_mixin.py:190} INFO - [2024-12-19T21:50:10.612+0000] {dag.py:4180} INFO - Setting next_dagrun for example_python_decorator to None, run_after=None
[2024-12-19T21:50:10.621+0000] {processor.py:208} INFO - Processing /home/airflow/.local/lib/python3.12/site-packages/airflow/example_dags/example_python_decorator.py took 0.033 seconds
[2024-12-19T21:50:41.799+0000] {processor.py:186} INFO - Started process (PID=1044) to work on /home/airflow/.local/lib/python3.12/site-packages/airflow/example_dags/example_python_decorator.py
[2024-12-19T21:50:41.800+0000] {processor.py:914} INFO - Processing file /home/airflow/.local/lib/python3.12/site-packages/airflow/example_dags/example_python_decorator.py for tasks to queue
[2024-12-19T21:50:41.800+0000] {logging_mixin.py:190} INFO - [2024-12-19T21:50:41.800+0000] {dagbag.py:588} INFO - Filling up the DagBag from /home/airflow/.local/lib/python3.12/site-packages/airflow/example_dags/example_python_decorator.py
[2024-12-19T21:50:41.806+0000] {processor.py:925} INFO - DAG(s) 'example_python_decorator' retrieved from /home/airflow/.local/lib/python3.12/site-packages/airflow/example_dags/example_python_decorator.py
[2024-12-19T21:50:41.815+0000] {logging_mixin.py:190} INFO - [2024-12-19T21:50:41.815+0000] {dag.py:3239} INFO - Sync 1 DAGs
[2024-12-19T21:50:41.821+0000] {logging_mixin.py:190} INFO - [2024-12-19T21:50:41.821+0000] {dag.py:4180} INFO - Setting next_dagrun for example_python_decorator to None, run_after=None
[2024-12-19T21:50:41.830+0000] {processor.py:208} INFO - Processing /home/airflow/.local/lib/python3.12/site-packages/airflow/example_dags/example_python_decorator.py took 0.033 seconds
[2024-12-19T21:51:13.188+0000] {processor.py:186} INFO - Started process (PID=1111) to work on /home/airflow/.local/lib/python3.12/site-packages/airflow/example_dags/example_python_decorator.py
[2024-12-19T21:51:13.188+0000] {processor.py:914} INFO - Processing file /home/airflow/.local/lib/python3.12/site-packages/airflow/example_dags/example_python_decorator.py for tasks to queue
[2024-12-19T21:51:13.190+0000] {logging_mixin.py:190} INFO - [2024-12-19T21:51:13.190+0000] {dagbag.py:588} INFO - Filling up the DagBag from /home/airflow/.local/lib/python3.12/site-packages/airflow/example_dags/example_python_decorator.py
[2024-12-19T21:51:13.197+0000] {processor.py:925} INFO - DAG(s) 'example_python_decorator' retrieved from /home/airflow/.local/lib/python3.12/site-packages/airflow/example_dags/example_python_decorator.py
[2024-12-19T21:51:13.206+0000] {logging_mixin.py:190} INFO - [2024-12-19T21:51:13.206+0000] {dag.py:3239} INFO - Sync 1 DAGs
[2024-12-19T21:51:13.212+0000] {logging_mixin.py:190} INFO - [2024-12-19T21:51:13.212+0000] {dag.py:4180} INFO - Setting next_dagrun for example_python_decorator to None, run_after=None
[2024-12-19T21:51:13.220+0000] {processor.py:208} INFO - Processing /home/airflow/.local/lib/python3.12/site-packages/airflow/example_dags/example_python_decorator.py took 0.035 seconds
[2024-12-19T21:51:43.549+0000] {processor.py:186} INFO - Started process (PID=1178) to work on /home/airflow/.local/lib/python3.12/site-packages/airflow/example_dags/example_python_decorator.py
[2024-12-19T21:51:43.550+0000] {processor.py:914} INFO - Processing file /home/airflow/.local/lib/python3.12/site-packages/airflow/example_dags/example_python_decorator.py for tasks to queue
[2024-12-19T21:51:43.551+0000] {logging_mixin.py:190} INFO - [2024-12-19T21:51:43.551+0000] {dagbag.py:588} INFO - Filling up the DagBag from /home/airflow/.local/lib/python3.12/site-packages/airflow/example_dags/example_python_decorator.py
[2024-12-19T21:51:43.557+0000] {processor.py:925} INFO - DAG(s) 'example_python_decorator' retrieved from /home/airflow/.local/lib/python3.12/site-packages/airflow/example_dags/example_python_decorator.py
[2024-12-19T21:51:43.566+0000] {logging_mixin.py:190} INFO - [2024-12-19T21:51:43.566+0000] {dag.py:3239} INFO - Sync 1 DAGs
[2024-12-19T21:51:43.572+0000] {logging_mixin.py:190} INFO - [2024-12-19T21:51:43.571+0000] {dag.py:4180} INFO - Setting next_dagrun for example_python_decorator to None, run_after=None
[2024-12-19T21:51:43.578+0000] {processor.py:208} INFO - Processing /home/airflow/.local/lib/python3.12/site-packages/airflow/example_dags/example_python_decorator.py took 0.032 seconds
[2024-12-19T21:52:14.894+0000] {processor.py:186} INFO - Started process (PID=1245) to work on /home/airflow/.local/lib/python3.12/site-packages/airflow/example_dags/example_python_decorator.py
[2024-12-19T21:52:14.895+0000] {processor.py:914} INFO - Processing file /home/airflow/.local/lib/python3.12/site-packages/airflow/example_dags/example_python_decorator.py for tasks to queue
[2024-12-19T21:52:14.896+0000] {logging_mixin.py:190} INFO - [2024-12-19T21:52:14.896+0000] {dagbag.py:588} INFO - Filling up the DagBag from /home/airflow/.local/lib/python3.12/site-packages/airflow/example_dags/example_python_decorator.py
[2024-12-19T21:52:14.902+0000] {processor.py:925} INFO - DAG(s) 'example_python_decorator' retrieved from /home/airflow/.local/lib/python3.12/site-packages/airflow/example_dags/example_python_decorator.py
[2024-12-19T21:52:14.914+0000] {logging_mixin.py:190} INFO - [2024-12-19T21:52:14.913+0000] {dag.py:3239} INFO - Sync 1 DAGs
[2024-12-19T21:52:14.919+0000] {logging_mixin.py:190} INFO - [2024-12-19T21:52:14.919+0000] {dag.py:4180} INFO - Setting next_dagrun for example_python_decorator to None, run_after=None
[2024-12-19T21:52:14.929+0000] {processor.py:208} INFO - Processing /home/airflow/.local/lib/python3.12/site-packages/airflow/example_dags/example_python_decorator.py took 0.038 seconds
[2024-12-19T21:52:44.987+0000] {processor.py:186} INFO - Started process (PID=1311) to work on /home/airflow/.local/lib/python3.12/site-packages/airflow/example_dags/example_python_decorator.py
[2024-12-19T21:52:44.988+0000] {processor.py:914} INFO - Processing file /home/airflow/.local/lib/python3.12/site-packages/airflow/example_dags/example_python_decorator.py for tasks to queue
[2024-12-19T21:52:44.989+0000] {logging_mixin.py:190} INFO - [2024-12-19T21:52:44.989+0000] {dagbag.py:588} INFO - Filling up the DagBag from /home/airflow/.local/lib/python3.12/site-packages/airflow/example_dags/example_python_decorator.py
[2024-12-19T21:52:44.996+0000] {processor.py:925} INFO - DAG(s) 'example_python_decorator' retrieved from /home/airflow/.local/lib/python3.12/site-packages/airflow/example_dags/example_python_decorator.py
[2024-12-19T21:52:45.006+0000] {logging_mixin.py:190} INFO - [2024-12-19T21:52:45.006+0000] {dag.py:3239} INFO - Sync 1 DAGs
[2024-12-19T21:52:45.013+0000] {logging_mixin.py:190} INFO - [2024-12-19T21:52:45.013+0000] {dag.py:4180} INFO - Setting next_dagrun for example_python_decorator to None, run_after=None
[2024-12-19T21:52:45.021+0000] {processor.py:208} INFO - Processing /home/airflow/.local/lib/python3.12/site-packages/airflow/example_dags/example_python_decorator.py took 0.036 seconds
[2024-12-19T21:53:15.671+0000] {processor.py:186} INFO - Started process (PID=1380) to work on /home/airflow/.local/lib/python3.12/site-packages/airflow/example_dags/example_python_decorator.py
[2024-12-19T21:53:15.671+0000] {processor.py:914} INFO - Processing file /home/airflow/.local/lib/python3.12/site-packages/airflow/example_dags/example_python_decorator.py for tasks to queue
[2024-12-19T21:53:15.672+0000] {logging_mixin.py:190} INFO - [2024-12-19T21:53:15.672+0000] {dagbag.py:588} INFO - Filling up the DagBag from /home/airflow/.local/lib/python3.12/site-packages/airflow/example_dags/example_python_decorator.py
[2024-12-19T21:53:15.678+0000] {processor.py:925} INFO - DAG(s) 'example_python_decorator' retrieved from /home/airflow/.local/lib/python3.12/site-packages/airflow/example_dags/example_python_decorator.py
[2024-12-19T21:53:15.686+0000] {logging_mixin.py:190} INFO - [2024-12-19T21:53:15.686+0000] {dag.py:3239} INFO - Sync 1 DAGs
[2024-12-19T21:53:15.692+0000] {logging_mixin.py:190} INFO - [2024-12-19T21:53:15.692+0000] {dag.py:4180} INFO - Setting next_dagrun for example_python_decorator to None, run_after=None
[2024-12-19T21:53:15.698+0000] {processor.py:208} INFO - Processing /home/airflow/.local/lib/python3.12/site-packages/airflow/example_dags/example_python_decorator.py took 0.030 seconds
[2024-12-19T21:53:46.199+0000] {processor.py:186} INFO - Started process (PID=1447) to work on /home/airflow/.local/lib/python3.12/site-packages/airflow/example_dags/example_python_decorator.py
[2024-12-19T21:53:46.201+0000] {processor.py:914} INFO - Processing file /home/airflow/.local/lib/python3.12/site-packages/airflow/example_dags/example_python_decorator.py for tasks to queue
[2024-12-19T21:53:46.203+0000] {logging_mixin.py:190} INFO - [2024-12-19T21:53:46.203+0000] {dagbag.py:588} INFO - Filling up the DagBag from /home/airflow/.local/lib/python3.12/site-packages/airflow/example_dags/example_python_decorator.py
[2024-12-19T21:53:46.210+0000] {processor.py:925} INFO - DAG(s) 'example_python_decorator' retrieved from /home/airflow/.local/lib/python3.12/site-packages/airflow/example_dags/example_python_decorator.py
[2024-12-19T21:53:46.221+0000] {logging_mixin.py:190} INFO - [2024-12-19T21:53:46.221+0000] {dag.py:3239} INFO - Sync 1 DAGs
[2024-12-19T21:53:46.226+0000] {logging_mixin.py:190} INFO - [2024-12-19T21:53:46.226+0000] {dag.py:4180} INFO - Setting next_dagrun for example_python_decorator to None, run_after=None
[2024-12-19T21:53:46.235+0000] {processor.py:208} INFO - Processing /home/airflow/.local/lib/python3.12/site-packages/airflow/example_dags/example_python_decorator.py took 0.038 seconds
[2024-12-19T21:54:16.698+0000] {processor.py:186} INFO - Started process (PID=1514) to work on /home/airflow/.local/lib/python3.12/site-packages/airflow/example_dags/example_python_decorator.py
[2024-12-19T21:54:16.698+0000] {processor.py:914} INFO - Processing file /home/airflow/.local/lib/python3.12/site-packages/airflow/example_dags/example_python_decorator.py for tasks to queue
[2024-12-19T21:54:16.699+0000] {logging_mixin.py:190} INFO - [2024-12-19T21:54:16.699+0000] {dagbag.py:588} INFO - Filling up the DagBag from /home/airflow/.local/lib/python3.12/site-packages/airflow/example_dags/example_python_decorator.py
[2024-12-19T21:54:16.706+0000] {processor.py:925} INFO - DAG(s) 'example_python_decorator' retrieved from /home/airflow/.local/lib/python3.12/site-packages/airflow/example_dags/example_python_decorator.py
[2024-12-19T21:54:16.715+0000] {logging_mixin.py:190} INFO - [2024-12-19T21:54:16.715+0000] {dag.py:3239} INFO - Sync 1 DAGs
[2024-12-19T21:54:16.720+0000] {logging_mixin.py:190} INFO - [2024-12-19T21:54:16.720+0000] {dag.py:4180} INFO - Setting next_dagrun for example_python_decorator to None, run_after=None
[2024-12-19T21:54:16.726+0000] {processor.py:208} INFO - Processing /home/airflow/.local/lib/python3.12/site-packages/airflow/example_dags/example_python_decorator.py took 0.031 seconds
[2024-12-19T21:54:46.928+0000] {processor.py:186} INFO - Started process (PID=1581) to work on /home/airflow/.local/lib/python3.12/site-packages/airflow/example_dags/example_python_decorator.py
[2024-12-19T21:54:46.929+0000] {processor.py:914} INFO - Processing file /home/airflow/.local/lib/python3.12/site-packages/airflow/example_dags/example_python_decorator.py for tasks to queue
[2024-12-19T21:54:46.930+0000] {logging_mixin.py:190} INFO - [2024-12-19T21:54:46.930+0000] {dagbag.py:588} INFO - Filling up the DagBag from /home/airflow/.local/lib/python3.12/site-packages/airflow/example_dags/example_python_decorator.py
[2024-12-19T21:54:46.936+0000] {processor.py:925} INFO - DAG(s) 'example_python_decorator' retrieved from /home/airflow/.local/lib/python3.12/site-packages/airflow/example_dags/example_python_decorator.py
[2024-12-19T21:54:46.946+0000] {logging_mixin.py:190} INFO - [2024-12-19T21:54:46.946+0000] {dag.py:3239} INFO - Sync 1 DAGs
[2024-12-19T21:54:46.954+0000] {logging_mixin.py:190} INFO - [2024-12-19T21:54:46.954+0000] {dag.py:4180} INFO - Setting next_dagrun for example_python_decorator to None, run_after=None
[2024-12-19T21:54:46.963+0000] {processor.py:208} INFO - Processing /home/airflow/.local/lib/python3.12/site-packages/airflow/example_dags/example_python_decorator.py took 0.037 seconds
[2024-12-19T21:55:18.404+0000] {processor.py:186} INFO - Started process (PID=1649) to work on /home/airflow/.local/lib/python3.12/site-packages/airflow/example_dags/example_python_decorator.py
[2024-12-19T21:55:18.404+0000] {processor.py:914} INFO - Processing file /home/airflow/.local/lib/python3.12/site-packages/airflow/example_dags/example_python_decorator.py for tasks to queue
[2024-12-19T21:55:18.405+0000] {logging_mixin.py:190} INFO - [2024-12-19T21:55:18.405+0000] {dagbag.py:588} INFO - Filling up the DagBag from /home/airflow/.local/lib/python3.12/site-packages/airflow/example_dags/example_python_decorator.py
[2024-12-19T21:55:18.411+0000] {processor.py:925} INFO - DAG(s) 'example_python_decorator' retrieved from /home/airflow/.local/lib/python3.12/site-packages/airflow/example_dags/example_python_decorator.py
[2024-12-19T21:55:18.420+0000] {logging_mixin.py:190} INFO - [2024-12-19T21:55:18.420+0000] {dag.py:3239} INFO - Sync 1 DAGs
[2024-12-19T21:55:18.425+0000] {logging_mixin.py:190} INFO - [2024-12-19T21:55:18.425+0000] {dag.py:4180} INFO - Setting next_dagrun for example_python_decorator to None, run_after=None
[2024-12-19T21:55:18.432+0000] {processor.py:208} INFO - Processing /home/airflow/.local/lib/python3.12/site-packages/airflow/example_dags/example_python_decorator.py took 0.031 seconds
[2024-12-19T21:55:48.756+0000] {processor.py:186} INFO - Started process (PID=1754) to work on /home/airflow/.local/lib/python3.12/site-packages/airflow/example_dags/example_python_decorator.py
[2024-12-19T21:55:48.757+0000] {processor.py:914} INFO - Processing file /home/airflow/.local/lib/python3.12/site-packages/airflow/example_dags/example_python_decorator.py for tasks to queue
[2024-12-19T21:55:48.757+0000] {logging_mixin.py:190} INFO - [2024-12-19T21:55:48.757+0000] {dagbag.py:588} INFO - Filling up the DagBag from /home/airflow/.local/lib/python3.12/site-packages/airflow/example_dags/example_python_decorator.py
[2024-12-19T21:55:48.764+0000] {processor.py:925} INFO - DAG(s) 'example_python_decorator' retrieved from /home/airflow/.local/lib/python3.12/site-packages/airflow/example_dags/example_python_decorator.py
[2024-12-19T21:55:48.772+0000] {logging_mixin.py:190} INFO - [2024-12-19T21:55:48.772+0000] {dag.py:3239} INFO - Sync 1 DAGs
[2024-12-19T21:55:48.777+0000] {logging_mixin.py:190} INFO - [2024-12-19T21:55:48.777+0000] {dag.py:4180} INFO - Setting next_dagrun for example_python_decorator to None, run_after=None
[2024-12-19T21:55:48.783+0000] {processor.py:208} INFO - Processing /home/airflow/.local/lib/python3.12/site-packages/airflow/example_dags/example_python_decorator.py took 0.030 seconds
[2024-12-19T21:56:19.206+0000] {processor.py:186} INFO - Started process (PID=1822) to work on /home/airflow/.local/lib/python3.12/site-packages/airflow/example_dags/example_python_decorator.py
[2024-12-19T21:56:19.209+0000] {processor.py:914} INFO - Processing file /home/airflow/.local/lib/python3.12/site-packages/airflow/example_dags/example_python_decorator.py for tasks to queue
[2024-12-19T21:56:19.210+0000] {logging_mixin.py:190} INFO - [2024-12-19T21:56:19.210+0000] {dagbag.py:588} INFO - Filling up the DagBag from /home/airflow/.local/lib/python3.12/site-packages/airflow/example_dags/example_python_decorator.py
[2024-12-19T21:56:19.216+0000] {processor.py:925} INFO - DAG(s) 'example_python_decorator' retrieved from /home/airflow/.local/lib/python3.12/site-packages/airflow/example_dags/example_python_decorator.py
[2024-12-19T21:56:19.226+0000] {logging_mixin.py:190} INFO - [2024-12-19T21:56:19.226+0000] {dag.py:3239} INFO - Sync 1 DAGs
[2024-12-19T21:56:19.232+0000] {logging_mixin.py:190} INFO - [2024-12-19T21:56:19.232+0000] {dag.py:4180} INFO - Setting next_dagrun for example_python_decorator to None, run_after=None
[2024-12-19T21:56:19.242+0000] {processor.py:208} INFO - Processing /home/airflow/.local/lib/python3.12/site-packages/airflow/example_dags/example_python_decorator.py took 0.038 seconds
[2024-12-19T21:56:49.745+0000] {processor.py:186} INFO - Started process (PID=1889) to work on /home/airflow/.local/lib/python3.12/site-packages/airflow/example_dags/example_python_decorator.py
[2024-12-19T21:56:49.746+0000] {processor.py:914} INFO - Processing file /home/airflow/.local/lib/python3.12/site-packages/airflow/example_dags/example_python_decorator.py for tasks to queue
[2024-12-19T21:56:49.748+0000] {logging_mixin.py:190} INFO - [2024-12-19T21:56:49.748+0000] {dagbag.py:588} INFO - Filling up the DagBag from /home/airflow/.local/lib/python3.12/site-packages/airflow/example_dags/example_python_decorator.py
[2024-12-19T21:56:49.754+0000] {processor.py:925} INFO - DAG(s) 'example_python_decorator' retrieved from /home/airflow/.local/lib/python3.12/site-packages/airflow/example_dags/example_python_decorator.py
[2024-12-19T21:56:49.765+0000] {logging_mixin.py:190} INFO - [2024-12-19T21:56:49.765+0000] {dag.py:3239} INFO - Sync 1 DAGs
[2024-12-19T21:56:49.770+0000] {logging_mixin.py:190} INFO - [2024-12-19T21:56:49.770+0000] {dag.py:4180} INFO - Setting next_dagrun for example_python_decorator to None, run_after=None
[2024-12-19T21:56:49.779+0000] {processor.py:208} INFO - Processing /home/airflow/.local/lib/python3.12/site-packages/airflow/example_dags/example_python_decorator.py took 0.037 seconds
[2024-12-19T21:57:20.094+0000] {processor.py:186} INFO - Started process (PID=1956) to work on /home/airflow/.local/lib/python3.12/site-packages/airflow/example_dags/example_python_decorator.py
[2024-12-19T21:57:20.095+0000] {processor.py:914} INFO - Processing file /home/airflow/.local/lib/python3.12/site-packages/airflow/example_dags/example_python_decorator.py for tasks to queue
[2024-12-19T21:57:20.096+0000] {logging_mixin.py:190} INFO - [2024-12-19T21:57:20.096+0000] {dagbag.py:588} INFO - Filling up the DagBag from /home/airflow/.local/lib/python3.12/site-packages/airflow/example_dags/example_python_decorator.py
[2024-12-19T21:57:20.102+0000] {processor.py:925} INFO - DAG(s) 'example_python_decorator' retrieved from /home/airflow/.local/lib/python3.12/site-packages/airflow/example_dags/example_python_decorator.py
[2024-12-19T21:57:20.110+0000] {logging_mixin.py:190} INFO - [2024-12-19T21:57:20.110+0000] {dag.py:3239} INFO - Sync 1 DAGs
[2024-12-19T21:57:20.116+0000] {logging_mixin.py:190} INFO - [2024-12-19T21:57:20.116+0000] {dag.py:4180} INFO - Setting next_dagrun for example_python_decorator to None, run_after=None
[2024-12-19T21:57:20.122+0000] {processor.py:208} INFO - Processing /home/airflow/.local/lib/python3.12/site-packages/airflow/example_dags/example_python_decorator.py took 0.030 seconds
[2024-12-19T21:57:50.480+0000] {processor.py:186} INFO - Started process (PID=2023) to work on /home/airflow/.local/lib/python3.12/site-packages/airflow/example_dags/example_python_decorator.py
[2024-12-19T21:57:50.480+0000] {processor.py:914} INFO - Processing file /home/airflow/.local/lib/python3.12/site-packages/airflow/example_dags/example_python_decorator.py for tasks to queue
[2024-12-19T21:57:50.481+0000] {logging_mixin.py:190} INFO - [2024-12-19T21:57:50.481+0000] {dagbag.py:588} INFO - Filling up the DagBag from /home/airflow/.local/lib/python3.12/site-packages/airflow/example_dags/example_python_decorator.py
[2024-12-19T21:57:50.487+0000] {processor.py:925} INFO - DAG(s) 'example_python_decorator' retrieved from /home/airflow/.local/lib/python3.12/site-packages/airflow/example_dags/example_python_decorator.py
[2024-12-19T21:57:50.495+0000] {logging_mixin.py:190} INFO - [2024-12-19T21:57:50.495+0000] {dag.py:3239} INFO - Sync 1 DAGs
[2024-12-19T21:57:50.502+0000] {logging_mixin.py:190} INFO - [2024-12-19T21:57:50.502+0000] {dag.py:4180} INFO - Setting next_dagrun for example_python_decorator to None, run_after=None
[2024-12-19T21:57:50.513+0000] {processor.py:208} INFO - Processing /home/airflow/.local/lib/python3.12/site-packages/airflow/example_dags/example_python_decorator.py took 0.035 seconds
[2024-12-19T21:58:20.868+0000] {processor.py:186} INFO - Started process (PID=2090) to work on /home/airflow/.local/lib/python3.12/site-packages/airflow/example_dags/example_python_decorator.py
[2024-12-19T21:58:20.868+0000] {processor.py:914} INFO - Processing file /home/airflow/.local/lib/python3.12/site-packages/airflow/example_dags/example_python_decorator.py for tasks to queue
[2024-12-19T21:58:20.869+0000] {logging_mixin.py:190} INFO - [2024-12-19T21:58:20.869+0000] {dagbag.py:588} INFO - Filling up the DagBag from /home/airflow/.local/lib/python3.12/site-packages/airflow/example_dags/example_python_decorator.py
[2024-12-19T21:58:20.875+0000] {processor.py:925} INFO - DAG(s) 'example_python_decorator' retrieved from /home/airflow/.local/lib/python3.12/site-packages/airflow/example_dags/example_python_decorator.py
[2024-12-19T21:58:20.883+0000] {logging_mixin.py:190} INFO - [2024-12-19T21:58:20.883+0000] {dag.py:3239} INFO - Sync 1 DAGs
[2024-12-19T21:58:20.888+0000] {logging_mixin.py:190} INFO - [2024-12-19T21:58:20.888+0000] {dag.py:4180} INFO - Setting next_dagrun for example_python_decorator to None, run_after=None
[2024-12-19T21:58:20.894+0000] {processor.py:208} INFO - Processing /home/airflow/.local/lib/python3.12/site-packages/airflow/example_dags/example_python_decorator.py took 0.029 seconds
[2024-12-19T21:58:51.144+0000] {processor.py:186} INFO - Started process (PID=2157) to work on /home/airflow/.local/lib/python3.12/site-packages/airflow/example_dags/example_python_decorator.py
[2024-12-19T21:58:51.144+0000] {processor.py:914} INFO - Processing file /home/airflow/.local/lib/python3.12/site-packages/airflow/example_dags/example_python_decorator.py for tasks to queue
[2024-12-19T21:58:51.145+0000] {logging_mixin.py:190} INFO - [2024-12-19T21:58:51.145+0000] {dagbag.py:588} INFO - Filling up the DagBag from /home/airflow/.local/lib/python3.12/site-packages/airflow/example_dags/example_python_decorator.py
[2024-12-19T21:58:51.152+0000] {processor.py:925} INFO - DAG(s) 'example_python_decorator' retrieved from /home/airflow/.local/lib/python3.12/site-packages/airflow/example_dags/example_python_decorator.py
[2024-12-19T21:58:51.161+0000] {logging_mixin.py:190} INFO - [2024-12-19T21:58:51.161+0000] {dag.py:3239} INFO - Sync 1 DAGs
[2024-12-19T21:58:51.167+0000] {logging_mixin.py:190} INFO - [2024-12-19T21:58:51.167+0000] {dag.py:4180} INFO - Setting next_dagrun for example_python_decorator to None, run_after=None
[2024-12-19T21:58:51.176+0000] {processor.py:208} INFO - Processing /home/airflow/.local/lib/python3.12/site-packages/airflow/example_dags/example_python_decorator.py took 0.035 seconds
[2024-12-19T21:59:22.875+0000] {processor.py:186} INFO - Started process (PID=2225) to work on /home/airflow/.local/lib/python3.12/site-packages/airflow/example_dags/example_python_decorator.py
[2024-12-19T21:59:22.877+0000] {processor.py:914} INFO - Processing file /home/airflow/.local/lib/python3.12/site-packages/airflow/example_dags/example_python_decorator.py for tasks to queue
[2024-12-19T21:59:22.878+0000] {logging_mixin.py:190} INFO - [2024-12-19T21:59:22.878+0000] {dagbag.py:588} INFO - Filling up the DagBag from /home/airflow/.local/lib/python3.12/site-packages/airflow/example_dags/example_python_decorator.py
[2024-12-19T21:59:22.885+0000] {processor.py:925} INFO - DAG(s) 'example_python_decorator' retrieved from /home/airflow/.local/lib/python3.12/site-packages/airflow/example_dags/example_python_decorator.py
[2024-12-19T21:59:22.895+0000] {logging_mixin.py:190} INFO - [2024-12-19T21:59:22.895+0000] {dag.py:3239} INFO - Sync 1 DAGs
[2024-12-19T21:59:22.902+0000] {logging_mixin.py:190} INFO - [2024-12-19T21:59:22.902+0000] {dag.py:4180} INFO - Setting next_dagrun for example_python_decorator to None, run_after=None
[2024-12-19T21:59:22.910+0000] {processor.py:208} INFO - Processing /home/airflow/.local/lib/python3.12/site-packages/airflow/example_dags/example_python_decorator.py took 0.038 seconds
[2024-12-19T21:59:53.063+0000] {processor.py:186} INFO - Started process (PID=2292) to work on /home/airflow/.local/lib/python3.12/site-packages/airflow/example_dags/example_python_decorator.py
[2024-12-19T21:59:53.063+0000] {processor.py:914} INFO - Processing file /home/airflow/.local/lib/python3.12/site-packages/airflow/example_dags/example_python_decorator.py for tasks to queue
[2024-12-19T21:59:53.064+0000] {logging_mixin.py:190} INFO - [2024-12-19T21:59:53.064+0000] {dagbag.py:588} INFO - Filling up the DagBag from /home/airflow/.local/lib/python3.12/site-packages/airflow/example_dags/example_python_decorator.py
[2024-12-19T21:59:53.070+0000] {processor.py:925} INFO - DAG(s) 'example_python_decorator' retrieved from /home/airflow/.local/lib/python3.12/site-packages/airflow/example_dags/example_python_decorator.py
[2024-12-19T21:59:53.078+0000] {logging_mixin.py:190} INFO - [2024-12-19T21:59:53.078+0000] {dag.py:3239} INFO - Sync 1 DAGs
[2024-12-19T21:59:53.083+0000] {logging_mixin.py:190} INFO - [2024-12-19T21:59:53.083+0000] {dag.py:4180} INFO - Setting next_dagrun for example_python_decorator to None, run_after=None
[2024-12-19T21:59:53.089+0000] {processor.py:208} INFO - Processing /home/airflow/.local/lib/python3.12/site-packages/airflow/example_dags/example_python_decorator.py took 0.029 seconds
[2024-12-19T22:00:24.373+0000] {processor.py:186} INFO - Started process (PID=2359) to work on /home/airflow/.local/lib/python3.12/site-packages/airflow/example_dags/example_python_decorator.py
[2024-12-19T22:00:24.374+0000] {processor.py:914} INFO - Processing file /home/airflow/.local/lib/python3.12/site-packages/airflow/example_dags/example_python_decorator.py for tasks to queue
[2024-12-19T22:00:24.374+0000] {logging_mixin.py:190} INFO - [2024-12-19T22:00:24.374+0000] {dagbag.py:588} INFO - Filling up the DagBag from /home/airflow/.local/lib/python3.12/site-packages/airflow/example_dags/example_python_decorator.py
[2024-12-19T22:00:24.380+0000] {processor.py:925} INFO - DAG(s) 'example_python_decorator' retrieved from /home/airflow/.local/lib/python3.12/site-packages/airflow/example_dags/example_python_decorator.py
[2024-12-19T22:00:24.389+0000] {logging_mixin.py:190} INFO - [2024-12-19T22:00:24.389+0000] {dag.py:3239} INFO - Sync 1 DAGs
[2024-12-19T22:00:24.394+0000] {logging_mixin.py:190} INFO - [2024-12-19T22:00:24.394+0000] {dag.py:4180} INFO - Setting next_dagrun for example_python_decorator to None, run_after=None
[2024-12-19T22:00:24.400+0000] {processor.py:208} INFO - Processing /home/airflow/.local/lib/python3.12/site-packages/airflow/example_dags/example_python_decorator.py took 0.030 seconds
[2024-12-19T22:00:55.694+0000] {processor.py:186} INFO - Started process (PID=2426) to work on /home/airflow/.local/lib/python3.12/site-packages/airflow/example_dags/example_python_decorator.py
[2024-12-19T22:00:55.695+0000] {processor.py:914} INFO - Processing file /home/airflow/.local/lib/python3.12/site-packages/airflow/example_dags/example_python_decorator.py for tasks to queue
[2024-12-19T22:00:55.696+0000] {logging_mixin.py:190} INFO - [2024-12-19T22:00:55.696+0000] {dagbag.py:588} INFO - Filling up the DagBag from /home/airflow/.local/lib/python3.12/site-packages/airflow/example_dags/example_python_decorator.py
[2024-12-19T22:00:55.702+0000] {processor.py:925} INFO - DAG(s) 'example_python_decorator' retrieved from /home/airflow/.local/lib/python3.12/site-packages/airflow/example_dags/example_python_decorator.py
[2024-12-19T22:00:55.710+0000] {logging_mixin.py:190} INFO - [2024-12-19T22:00:55.710+0000] {dag.py:3239} INFO - Sync 1 DAGs
[2024-12-19T22:00:55.715+0000] {logging_mixin.py:190} INFO - [2024-12-19T22:00:55.715+0000] {dag.py:4180} INFO - Setting next_dagrun for example_python_decorator to None, run_after=None
[2024-12-19T22:00:55.721+0000] {processor.py:208} INFO - Processing /home/airflow/.local/lib/python3.12/site-packages/airflow/example_dags/example_python_decorator.py took 0.029 seconds
[2024-12-19T22:01:27.066+0000] {processor.py:186} INFO - Started process (PID=2493) to work on /home/airflow/.local/lib/python3.12/site-packages/airflow/example_dags/example_python_decorator.py
[2024-12-19T22:01:27.068+0000] {processor.py:914} INFO - Processing file /home/airflow/.local/lib/python3.12/site-packages/airflow/example_dags/example_python_decorator.py for tasks to queue
[2024-12-19T22:01:27.069+0000] {logging_mixin.py:190} INFO - [2024-12-19T22:01:27.069+0000] {dagbag.py:588} INFO - Filling up the DagBag from /home/airflow/.local/lib/python3.12/site-packages/airflow/example_dags/example_python_decorator.py
[2024-12-19T22:01:27.076+0000] {processor.py:925} INFO - DAG(s) 'example_python_decorator' retrieved from /home/airflow/.local/lib/python3.12/site-packages/airflow/example_dags/example_python_decorator.py
[2024-12-19T22:01:27.086+0000] {logging_mixin.py:190} INFO - [2024-12-19T22:01:27.086+0000] {dag.py:3239} INFO - Sync 1 DAGs
[2024-12-19T22:01:27.092+0000] {logging_mixin.py:190} INFO - [2024-12-19T22:01:27.092+0000] {dag.py:4180} INFO - Setting next_dagrun for example_python_decorator to None, run_after=None
[2024-12-19T22:01:27.099+0000] {processor.py:208} INFO - Processing /home/airflow/.local/lib/python3.12/site-packages/airflow/example_dags/example_python_decorator.py took 0.035 seconds
[2024-12-19T22:01:58.326+0000] {processor.py:186} INFO - Started process (PID=2561) to work on /home/airflow/.local/lib/python3.12/site-packages/airflow/example_dags/example_python_decorator.py
[2024-12-19T22:01:58.328+0000] {processor.py:914} INFO - Processing file /home/airflow/.local/lib/python3.12/site-packages/airflow/example_dags/example_python_decorator.py for tasks to queue
[2024-12-19T22:01:58.329+0000] {logging_mixin.py:190} INFO - [2024-12-19T22:01:58.329+0000] {dagbag.py:588} INFO - Filling up the DagBag from /home/airflow/.local/lib/python3.12/site-packages/airflow/example_dags/example_python_decorator.py
[2024-12-19T22:01:58.335+0000] {processor.py:925} INFO - DAG(s) 'example_python_decorator' retrieved from /home/airflow/.local/lib/python3.12/site-packages/airflow/example_dags/example_python_decorator.py
[2024-12-19T22:01:58.345+0000] {logging_mixin.py:190} INFO - [2024-12-19T22:01:58.345+0000] {dag.py:3239} INFO - Sync 1 DAGs
[2024-12-19T22:01:58.350+0000] {logging_mixin.py:190} INFO - [2024-12-19T22:01:58.350+0000] {dag.py:4180} INFO - Setting next_dagrun for example_python_decorator to None, run_after=None
[2024-12-19T22:01:58.359+0000] {processor.py:208} INFO - Processing /home/airflow/.local/lib/python3.12/site-packages/airflow/example_dags/example_python_decorator.py took 0.036 seconds
[2024-12-19T22:02:29.683+0000] {processor.py:186} INFO - Started process (PID=2628) to work on /home/airflow/.local/lib/python3.12/site-packages/airflow/example_dags/example_python_decorator.py
[2024-12-19T22:02:29.684+0000] {processor.py:914} INFO - Processing file /home/airflow/.local/lib/python3.12/site-packages/airflow/example_dags/example_python_decorator.py for tasks to queue
[2024-12-19T22:02:29.685+0000] {logging_mixin.py:190} INFO - [2024-12-19T22:02:29.685+0000] {dagbag.py:588} INFO - Filling up the DagBag from /home/airflow/.local/lib/python3.12/site-packages/airflow/example_dags/example_python_decorator.py
[2024-12-19T22:02:29.691+0000] {processor.py:925} INFO - DAG(s) 'example_python_decorator' retrieved from /home/airflow/.local/lib/python3.12/site-packages/airflow/example_dags/example_python_decorator.py
[2024-12-19T22:02:29.699+0000] {logging_mixin.py:190} INFO - [2024-12-19T22:02:29.699+0000] {dag.py:3239} INFO - Sync 1 DAGs
[2024-12-19T22:02:29.705+0000] {logging_mixin.py:190} INFO - [2024-12-19T22:02:29.705+0000] {dag.py:4180} INFO - Setting next_dagrun for example_python_decorator to None, run_after=None
[2024-12-19T22:02:29.715+0000] {processor.py:208} INFO - Processing /home/airflow/.local/lib/python3.12/site-packages/airflow/example_dags/example_python_decorator.py took 0.035 seconds
[2024-12-19T22:03:01.021+0000] {processor.py:186} INFO - Started process (PID=2696) to work on /home/airflow/.local/lib/python3.12/site-packages/airflow/example_dags/example_python_decorator.py
[2024-12-19T22:03:01.022+0000] {processor.py:914} INFO - Processing file /home/airflow/.local/lib/python3.12/site-packages/airflow/example_dags/example_python_decorator.py for tasks to queue
[2024-12-19T22:03:01.023+0000] {logging_mixin.py:190} INFO - [2024-12-19T22:03:01.023+0000] {dagbag.py:588} INFO - Filling up the DagBag from /home/airflow/.local/lib/python3.12/site-packages/airflow/example_dags/example_python_decorator.py
[2024-12-19T22:03:01.028+0000] {processor.py:925} INFO - DAG(s) 'example_python_decorator' retrieved from /home/airflow/.local/lib/python3.12/site-packages/airflow/example_dags/example_python_decorator.py
[2024-12-19T22:03:01.037+0000] {logging_mixin.py:190} INFO - [2024-12-19T22:03:01.037+0000] {dag.py:3239} INFO - Sync 1 DAGs
[2024-12-19T22:03:01.045+0000] {logging_mixin.py:190} INFO - [2024-12-19T22:03:01.045+0000] {dag.py:4180} INFO - Setting next_dagrun for example_python_decorator to None, run_after=None
[2024-12-19T22:03:01.055+0000] {processor.py:208} INFO - Processing /home/airflow/.local/lib/python3.12/site-packages/airflow/example_dags/example_python_decorator.py took 0.037 seconds
[2024-12-19T22:03:31.445+0000] {processor.py:186} INFO - Started process (PID=2769) to work on /home/airflow/.local/lib/python3.12/site-packages/airflow/example_dags/example_python_decorator.py
[2024-12-19T22:03:31.445+0000] {processor.py:914} INFO - Processing file /home/airflow/.local/lib/python3.12/site-packages/airflow/example_dags/example_python_decorator.py for tasks to queue
[2024-12-19T22:03:31.446+0000] {logging_mixin.py:190} INFO - [2024-12-19T22:03:31.446+0000] {dagbag.py:588} INFO - Filling up the DagBag from /home/airflow/.local/lib/python3.12/site-packages/airflow/example_dags/example_python_decorator.py
[2024-12-19T22:03:31.453+0000] {processor.py:925} INFO - DAG(s) 'example_python_decorator' retrieved from /home/airflow/.local/lib/python3.12/site-packages/airflow/example_dags/example_python_decorator.py
[2024-12-19T22:03:31.463+0000] {logging_mixin.py:190} INFO - [2024-12-19T22:03:31.462+0000] {dag.py:3239} INFO - Sync 1 DAGs
[2024-12-19T22:03:31.468+0000] {logging_mixin.py:190} INFO - [2024-12-19T22:03:31.468+0000] {dag.py:4180} INFO - Setting next_dagrun for example_python_decorator to None, run_after=None
[2024-12-19T22:03:31.475+0000] {processor.py:208} INFO - Processing /home/airflow/.local/lib/python3.12/site-packages/airflow/example_dags/example_python_decorator.py took 0.033 seconds
[2024-12-19T22:04:02.015+0000] {processor.py:186} INFO - Started process (PID=2836) to work on /home/airflow/.local/lib/python3.12/site-packages/airflow/example_dags/example_python_decorator.py
[2024-12-19T22:04:02.016+0000] {processor.py:914} INFO - Processing file /home/airflow/.local/lib/python3.12/site-packages/airflow/example_dags/example_python_decorator.py for tasks to queue
[2024-12-19T22:04:02.017+0000] {logging_mixin.py:190} INFO - [2024-12-19T22:04:02.017+0000] {dagbag.py:588} INFO - Filling up the DagBag from /home/airflow/.local/lib/python3.12/site-packages/airflow/example_dags/example_python_decorator.py
[2024-12-19T22:04:02.023+0000] {processor.py:925} INFO - DAG(s) 'example_python_decorator' retrieved from /home/airflow/.local/lib/python3.12/site-packages/airflow/example_dags/example_python_decorator.py
[2024-12-19T22:04:02.032+0000] {logging_mixin.py:190} INFO - [2024-12-19T22:04:02.032+0000] {dag.py:3239} INFO - Sync 1 DAGs
[2024-12-19T22:04:02.037+0000] {logging_mixin.py:190} INFO - [2024-12-19T22:04:02.037+0000] {dag.py:4180} INFO - Setting next_dagrun for example_python_decorator to None, run_after=None
[2024-12-19T22:04:02.046+0000] {processor.py:208} INFO - Processing /home/airflow/.local/lib/python3.12/site-packages/airflow/example_dags/example_python_decorator.py took 0.033 seconds
[2024-12-19T22:04:32.996+0000] {processor.py:186} INFO - Started process (PID=2903) to work on /home/airflow/.local/lib/python3.12/site-packages/airflow/example_dags/example_python_decorator.py
[2024-12-19T22:04:32.997+0000] {processor.py:914} INFO - Processing file /home/airflow/.local/lib/python3.12/site-packages/airflow/example_dags/example_python_decorator.py for tasks to queue
[2024-12-19T22:04:32.999+0000] {logging_mixin.py:190} INFO - [2024-12-19T22:04:32.999+0000] {dagbag.py:588} INFO - Filling up the DagBag from /home/airflow/.local/lib/python3.12/site-packages/airflow/example_dags/example_python_decorator.py
[2024-12-19T22:04:33.005+0000] {processor.py:925} INFO - DAG(s) 'example_python_decorator' retrieved from /home/airflow/.local/lib/python3.12/site-packages/airflow/example_dags/example_python_decorator.py
[2024-12-19T22:04:33.014+0000] {logging_mixin.py:190} INFO - [2024-12-19T22:04:33.014+0000] {dag.py:3239} INFO - Sync 1 DAGs
[2024-12-19T22:04:33.020+0000] {logging_mixin.py:190} INFO - [2024-12-19T22:04:33.020+0000] {dag.py:4180} INFO - Setting next_dagrun for example_python_decorator to None, run_after=None
[2024-12-19T22:04:33.032+0000] {processor.py:208} INFO - Processing /home/airflow/.local/lib/python3.12/site-packages/airflow/example_dags/example_python_decorator.py took 0.038 seconds
[2024-12-19T22:05:04.607+0000] {processor.py:186} INFO - Started process (PID=2970) to work on /home/airflow/.local/lib/python3.12/site-packages/airflow/example_dags/example_python_decorator.py
[2024-12-19T22:05:04.610+0000] {processor.py:914} INFO - Processing file /home/airflow/.local/lib/python3.12/site-packages/airflow/example_dags/example_python_decorator.py for tasks to queue
[2024-12-19T22:05:04.611+0000] {logging_mixin.py:190} INFO - [2024-12-19T22:05:04.611+0000] {dagbag.py:588} INFO - Filling up the DagBag from /home/airflow/.local/lib/python3.12/site-packages/airflow/example_dags/example_python_decorator.py
[2024-12-19T22:05:04.618+0000] {processor.py:925} INFO - DAG(s) 'example_python_decorator' retrieved from /home/airflow/.local/lib/python3.12/site-packages/airflow/example_dags/example_python_decorator.py
[2024-12-19T22:05:04.632+0000] {logging_mixin.py:190} INFO - [2024-12-19T22:05:04.632+0000] {dag.py:3239} INFO - Sync 1 DAGs
[2024-12-19T22:05:04.640+0000] {logging_mixin.py:190} INFO - [2024-12-19T22:05:04.640+0000] {dag.py:4180} INFO - Setting next_dagrun for example_python_decorator to None, run_after=None
[2024-12-19T22:05:04.651+0000] {processor.py:208} INFO - Processing /home/airflow/.local/lib/python3.12/site-packages/airflow/example_dags/example_python_decorator.py took 0.046 seconds
[2024-12-19T22:05:35.815+0000] {processor.py:186} INFO - Started process (PID=3037) to work on /home/airflow/.local/lib/python3.12/site-packages/airflow/example_dags/example_python_decorator.py
[2024-12-19T22:05:35.816+0000] {processor.py:914} INFO - Processing file /home/airflow/.local/lib/python3.12/site-packages/airflow/example_dags/example_python_decorator.py for tasks to queue
[2024-12-19T22:05:35.817+0000] {logging_mixin.py:190} INFO - [2024-12-19T22:05:35.817+0000] {dagbag.py:588} INFO - Filling up the DagBag from /home/airflow/.local/lib/python3.12/site-packages/airflow/example_dags/example_python_decorator.py
[2024-12-19T22:05:35.823+0000] {processor.py:925} INFO - DAG(s) 'example_python_decorator' retrieved from /home/airflow/.local/lib/python3.12/site-packages/airflow/example_dags/example_python_decorator.py
[2024-12-19T22:05:35.833+0000] {logging_mixin.py:190} INFO - [2024-12-19T22:05:35.833+0000] {dag.py:3239} INFO - Sync 1 DAGs
[2024-12-19T22:05:35.927+0000] {logging_mixin.py:190} INFO - [2024-12-19T22:05:35.927+0000] {dag.py:4180} INFO - Setting next_dagrun for example_python_decorator to None, run_after=None
[2024-12-19T22:05:35.941+0000] {processor.py:208} INFO - Processing /home/airflow/.local/lib/python3.12/site-packages/airflow/example_dags/example_python_decorator.py took 0.128 seconds
[2024-12-19T22:06:06.168+0000] {processor.py:186} INFO - Started process (PID=3104) to work on /home/airflow/.local/lib/python3.12/site-packages/airflow/example_dags/example_python_decorator.py
[2024-12-19T22:06:06.170+0000] {processor.py:914} INFO - Processing file /home/airflow/.local/lib/python3.12/site-packages/airflow/example_dags/example_python_decorator.py for tasks to queue
[2024-12-19T22:06:06.172+0000] {logging_mixin.py:190} INFO - [2024-12-19T22:06:06.172+0000] {dagbag.py:588} INFO - Filling up the DagBag from /home/airflow/.local/lib/python3.12/site-packages/airflow/example_dags/example_python_decorator.py
[2024-12-19T22:06:06.179+0000] {processor.py:925} INFO - DAG(s) 'example_python_decorator' retrieved from /home/airflow/.local/lib/python3.12/site-packages/airflow/example_dags/example_python_decorator.py
[2024-12-19T22:06:06.189+0000] {logging_mixin.py:190} INFO - [2024-12-19T22:06:06.189+0000] {dag.py:3239} INFO - Sync 1 DAGs
[2024-12-19T22:06:06.284+0000] {logging_mixin.py:190} INFO - [2024-12-19T22:06:06.284+0000] {dag.py:4180} INFO - Setting next_dagrun for example_python_decorator to None, run_after=None
[2024-12-19T22:06:06.294+0000] {processor.py:208} INFO - Processing /home/airflow/.local/lib/python3.12/site-packages/airflow/example_dags/example_python_decorator.py took 0.129 seconds
[2024-12-19T22:06:37.164+0000] {processor.py:186} INFO - Started process (PID=3172) to work on /home/airflow/.local/lib/python3.12/site-packages/airflow/example_dags/example_python_decorator.py
[2024-12-19T22:06:37.165+0000] {processor.py:914} INFO - Processing file /home/airflow/.local/lib/python3.12/site-packages/airflow/example_dags/example_python_decorator.py for tasks to queue
[2024-12-19T22:06:37.166+0000] {logging_mixin.py:190} INFO - [2024-12-19T22:06:37.166+0000] {dagbag.py:588} INFO - Filling up the DagBag from /home/airflow/.local/lib/python3.12/site-packages/airflow/example_dags/example_python_decorator.py
[2024-12-19T22:06:37.173+0000] {processor.py:925} INFO - DAG(s) 'example_python_decorator' retrieved from /home/airflow/.local/lib/python3.12/site-packages/airflow/example_dags/example_python_decorator.py
[2024-12-19T22:06:37.188+0000] {logging_mixin.py:190} INFO - [2024-12-19T22:06:37.188+0000] {dag.py:3239} INFO - Sync 1 DAGs
[2024-12-19T22:06:37.194+0000] {logging_mixin.py:190} INFO - [2024-12-19T22:06:37.194+0000] {dag.py:4180} INFO - Setting next_dagrun for example_python_decorator to None, run_after=None
[2024-12-19T22:06:37.201+0000] {processor.py:208} INFO - Processing /home/airflow/.local/lib/python3.12/site-packages/airflow/example_dags/example_python_decorator.py took 0.040 seconds
[2024-12-19T22:07:07.239+0000] {processor.py:186} INFO - Started process (PID=3238) to work on /home/airflow/.local/lib/python3.12/site-packages/airflow/example_dags/example_python_decorator.py
[2024-12-19T22:07:07.240+0000] {processor.py:914} INFO - Processing file /home/airflow/.local/lib/python3.12/site-packages/airflow/example_dags/example_python_decorator.py for tasks to queue
[2024-12-19T22:07:07.241+0000] {logging_mixin.py:190} INFO - [2024-12-19T22:07:07.241+0000] {dagbag.py:588} INFO - Filling up the DagBag from /home/airflow/.local/lib/python3.12/site-packages/airflow/example_dags/example_python_decorator.py
[2024-12-19T22:07:07.246+0000] {processor.py:925} INFO - DAG(s) 'example_python_decorator' retrieved from /home/airflow/.local/lib/python3.12/site-packages/airflow/example_dags/example_python_decorator.py
[2024-12-19T22:07:07.254+0000] {logging_mixin.py:190} INFO - [2024-12-19T22:07:07.253+0000] {dag.py:3239} INFO - Sync 1 DAGs
[2024-12-19T22:07:07.258+0000] {logging_mixin.py:190} INFO - [2024-12-19T22:07:07.258+0000] {dag.py:4180} INFO - Setting next_dagrun for example_python_decorator to None, run_after=None
[2024-12-19T22:07:07.263+0000] {processor.py:208} INFO - Processing /home/airflow/.local/lib/python3.12/site-packages/airflow/example_dags/example_python_decorator.py took 0.026 seconds
[2024-12-19T22:07:37.584+0000] {processor.py:186} INFO - Started process (PID=3305) to work on /home/airflow/.local/lib/python3.12/site-packages/airflow/example_dags/example_python_decorator.py
[2024-12-19T22:07:37.585+0000] {processor.py:914} INFO - Processing file /home/airflow/.local/lib/python3.12/site-packages/airflow/example_dags/example_python_decorator.py for tasks to queue
[2024-12-19T22:07:37.586+0000] {logging_mixin.py:190} INFO - [2024-12-19T22:07:37.586+0000] {dagbag.py:588} INFO - Filling up the DagBag from /home/airflow/.local/lib/python3.12/site-packages/airflow/example_dags/example_python_decorator.py
[2024-12-19T22:07:37.592+0000] {processor.py:925} INFO - DAG(s) 'example_python_decorator' retrieved from /home/airflow/.local/lib/python3.12/site-packages/airflow/example_dags/example_python_decorator.py
[2024-12-19T22:07:37.604+0000] {logging_mixin.py:190} INFO - [2024-12-19T22:07:37.604+0000] {dag.py:3239} INFO - Sync 1 DAGs
[2024-12-19T22:07:37.612+0000] {logging_mixin.py:190} INFO - [2024-12-19T22:07:37.612+0000] {dag.py:4180} INFO - Setting next_dagrun for example_python_decorator to None, run_after=None
[2024-12-19T22:07:37.620+0000] {processor.py:208} INFO - Processing /home/airflow/.local/lib/python3.12/site-packages/airflow/example_dags/example_python_decorator.py took 0.038 seconds
[2024-12-19T22:08:07.787+0000] {processor.py:186} INFO - Started process (PID=3372) to work on /home/airflow/.local/lib/python3.12/site-packages/airflow/example_dags/example_python_decorator.py
[2024-12-19T22:08:07.790+0000] {processor.py:914} INFO - Processing file /home/airflow/.local/lib/python3.12/site-packages/airflow/example_dags/example_python_decorator.py for tasks to queue
[2024-12-19T22:08:07.792+0000] {logging_mixin.py:190} INFO - [2024-12-19T22:08:07.792+0000] {dagbag.py:588} INFO - Filling up the DagBag from /home/airflow/.local/lib/python3.12/site-packages/airflow/example_dags/example_python_decorator.py
[2024-12-19T22:08:07.799+0000] {processor.py:925} INFO - DAG(s) 'example_python_decorator' retrieved from /home/airflow/.local/lib/python3.12/site-packages/airflow/example_dags/example_python_decorator.py
[2024-12-19T22:08:07.810+0000] {logging_mixin.py:190} INFO - [2024-12-19T22:08:07.810+0000] {dag.py:3239} INFO - Sync 1 DAGs
[2024-12-19T22:08:07.818+0000] {logging_mixin.py:190} INFO - [2024-12-19T22:08:07.817+0000] {dag.py:4180} INFO - Setting next_dagrun for example_python_decorator to None, run_after=None
[2024-12-19T22:08:07.823+0000] {processor.py:208} INFO - Processing /home/airflow/.local/lib/python3.12/site-packages/airflow/example_dags/example_python_decorator.py took 0.038 seconds
[2024-12-19T22:08:38.028+0000] {processor.py:186} INFO - Started process (PID=3440) to work on /home/airflow/.local/lib/python3.12/site-packages/airflow/example_dags/example_python_decorator.py
[2024-12-19T22:08:38.030+0000] {processor.py:914} INFO - Processing file /home/airflow/.local/lib/python3.12/site-packages/airflow/example_dags/example_python_decorator.py for tasks to queue
[2024-12-19T22:08:38.032+0000] {logging_mixin.py:190} INFO - [2024-12-19T22:08:38.032+0000] {dagbag.py:588} INFO - Filling up the DagBag from /home/airflow/.local/lib/python3.12/site-packages/airflow/example_dags/example_python_decorator.py
[2024-12-19T22:08:38.040+0000] {processor.py:925} INFO - DAG(s) 'example_python_decorator' retrieved from /home/airflow/.local/lib/python3.12/site-packages/airflow/example_dags/example_python_decorator.py
[2024-12-19T22:08:38.050+0000] {logging_mixin.py:190} INFO - [2024-12-19T22:08:38.050+0000] {dag.py:3239} INFO - Sync 1 DAGs
[2024-12-19T22:08:38.057+0000] {logging_mixin.py:190} INFO - [2024-12-19T22:08:38.056+0000] {dag.py:4180} INFO - Setting next_dagrun for example_python_decorator to None, run_after=None
[2024-12-19T22:08:38.063+0000] {processor.py:208} INFO - Processing /home/airflow/.local/lib/python3.12/site-packages/airflow/example_dags/example_python_decorator.py took 0.038 seconds
