[2024-12-19T21:43:30.305+0000] {processor.py:186} INFO - Started process (PID=98) to work on /home/airflow/.local/lib/python3.12/site-packages/airflow/example_dags/example_datasets.py
[2024-12-19T21:43:30.306+0000] {processor.py:914} INFO - Processing file /home/airflow/.local/lib/python3.12/site-packages/airflow/example_dags/example_datasets.py for tasks to queue
[2024-12-19T21:43:30.308+0000] {logging_mixin.py:190} INFO - [2024-12-19T21:43:30.308+0000] {dagbag.py:588} INFO - Filling up the DagBag from /home/airflow/.local/lib/python3.12/site-packages/airflow/example_dags/example_datasets.py
[2024-12-19T21:43:30.882+0000] {processor.py:925} INFO - DAG(s) 'conditional_dataset_and_time_based_timetable', 'dataset_produces_1', 'dataset_consumes_1_and_2', 'consume_1_and_2_with_dataset_expressions', 'consume_1_or_2_with_dataset_expressions', 'consume_1_or_both_2_and_3_with_dataset_expressions', 'dataset_consumes_1', 'dataset_consumes_1_never_scheduled', 'dataset_consumes_unknown_never_scheduled', 'dataset_produces_2' retrieved from /home/airflow/.local/lib/python3.12/site-packages/airflow/example_dags/example_datasets.py
[2024-12-19T21:43:30.944+0000] {logging_mixin.py:190} INFO - [2024-12-19T21:43:30.944+0000] {dag.py:3239} INFO - Sync 10 DAGs
[2024-12-19T21:43:30.977+0000] {logging_mixin.py:190} INFO - [2024-12-19T21:43:30.977+0000] {dag.py:4180} INFO - Setting next_dagrun for conditional_dataset_and_time_based_timetable to 2024-12-18 01:00:00+00:00, run_after=2024-12-18 01:00:00+00:00
[2024-12-19T21:43:30.985+0000] {logging_mixin.py:190} INFO - [2024-12-19T21:43:30.985+0000] {dag.py:4180} INFO - Setting next_dagrun for consume_1_and_2_with_dataset_expressions to None, run_after=None
[2024-12-19T21:43:30.995+0000] {logging_mixin.py:190} INFO - [2024-12-19T21:43:30.995+0000] {dag.py:4180} INFO - Setting next_dagrun for consume_1_or_2_with_dataset_expressions to None, run_after=None
[2024-12-19T21:43:31.000+0000] {logging_mixin.py:190} INFO - [2024-12-19T21:43:31.000+0000] {dag.py:4180} INFO - Setting next_dagrun for consume_1_or_both_2_and_3_with_dataset_expressions to None, run_after=None
[2024-12-19T21:43:31.005+0000] {logging_mixin.py:190} INFO - [2024-12-19T21:43:31.005+0000] {dag.py:4180} INFO - Setting next_dagrun for dataset_consumes_1 to None, run_after=None
[2024-12-19T21:43:31.008+0000] {logging_mixin.py:190} INFO - [2024-12-19T21:43:31.008+0000] {dag.py:4180} INFO - Setting next_dagrun for dataset_consumes_1_and_2 to None, run_after=None
[2024-12-19T21:43:31.018+0000] {logging_mixin.py:190} INFO - [2024-12-19T21:43:31.018+0000] {dag.py:4180} INFO - Setting next_dagrun for dataset_consumes_1_never_scheduled to None, run_after=None
[2024-12-19T21:43:31.023+0000] {logging_mixin.py:190} INFO - [2024-12-19T21:43:31.023+0000] {dag.py:4180} INFO - Setting next_dagrun for dataset_consumes_unknown_never_scheduled to None, run_after=None
[2024-12-19T21:43:31.028+0000] {logging_mixin.py:190} INFO - [2024-12-19T21:43:31.028+0000] {dag.py:4180} INFO - Setting next_dagrun for dataset_produces_1 to 2024-12-18 00:00:00+00:00, run_after=2024-12-19 00:00:00+00:00
[2024-12-19T21:43:31.031+0000] {logging_mixin.py:190} INFO - [2024-12-19T21:43:31.030+0000] {dag.py:4180} INFO - Setting next_dagrun for dataset_produces_2 to None, run_after=None
[2024-12-19T21:43:31.096+0000] {processor.py:208} INFO - Processing /home/airflow/.local/lib/python3.12/site-packages/airflow/example_dags/example_datasets.py took 0.797 seconds
[2024-12-19T21:44:01.491+0000] {processor.py:186} INFO - Started process (PID=173) to work on /home/airflow/.local/lib/python3.12/site-packages/airflow/example_dags/example_datasets.py
[2024-12-19T21:44:01.493+0000] {processor.py:914} INFO - Processing file /home/airflow/.local/lib/python3.12/site-packages/airflow/example_dags/example_datasets.py for tasks to queue
[2024-12-19T21:44:01.495+0000] {logging_mixin.py:190} INFO - [2024-12-19T21:44:01.494+0000] {dagbag.py:588} INFO - Filling up the DagBag from /home/airflow/.local/lib/python3.12/site-packages/airflow/example_dags/example_datasets.py
[2024-12-19T21:44:01.785+0000] {processor.py:925} INFO - DAG(s) 'dataset_consumes_1_and_2', 'dataset_consumes_1_never_scheduled', 'consume_1_or_both_2_and_3_with_dataset_expressions', 'conditional_dataset_and_time_based_timetable', 'consume_1_and_2_with_dataset_expressions', 'dataset_produces_2', 'dataset_consumes_1', 'consume_1_or_2_with_dataset_expressions', 'dataset_produces_1', 'dataset_consumes_unknown_never_scheduled' retrieved from /home/airflow/.local/lib/python3.12/site-packages/airflow/example_dags/example_datasets.py
[2024-12-19T21:44:01.811+0000] {logging_mixin.py:190} INFO - [2024-12-19T21:44:01.810+0000] {dag.py:3239} INFO - Sync 10 DAGs
[2024-12-19T21:44:01.821+0000] {logging_mixin.py:190} INFO - [2024-12-19T21:44:01.821+0000] {dag.py:4180} INFO - Setting next_dagrun for conditional_dataset_and_time_based_timetable to 2024-12-18 01:00:00+00:00, run_after=2024-12-18 01:00:00+00:00
[2024-12-19T21:44:01.822+0000] {logging_mixin.py:190} INFO - [2024-12-19T21:44:01.822+0000] {dag.py:4180} INFO - Setting next_dagrun for consume_1_and_2_with_dataset_expressions to None, run_after=None
[2024-12-19T21:44:01.822+0000] {logging_mixin.py:190} INFO - [2024-12-19T21:44:01.822+0000] {dag.py:4180} INFO - Setting next_dagrun for consume_1_or_2_with_dataset_expressions to None, run_after=None
[2024-12-19T21:44:01.823+0000] {logging_mixin.py:190} INFO - [2024-12-19T21:44:01.823+0000] {dag.py:4180} INFO - Setting next_dagrun for consume_1_or_both_2_and_3_with_dataset_expressions to None, run_after=None
[2024-12-19T21:44:01.824+0000] {logging_mixin.py:190} INFO - [2024-12-19T21:44:01.824+0000] {dag.py:4180} INFO - Setting next_dagrun for dataset_consumes_1 to None, run_after=None
[2024-12-19T21:44:01.824+0000] {logging_mixin.py:190} INFO - [2024-12-19T21:44:01.824+0000] {dag.py:4180} INFO - Setting next_dagrun for dataset_consumes_1_and_2 to None, run_after=None
[2024-12-19T21:44:01.825+0000] {logging_mixin.py:190} INFO - [2024-12-19T21:44:01.825+0000] {dag.py:4180} INFO - Setting next_dagrun for dataset_consumes_1_never_scheduled to None, run_after=None
[2024-12-19T21:44:01.826+0000] {logging_mixin.py:190} INFO - [2024-12-19T21:44:01.826+0000] {dag.py:4180} INFO - Setting next_dagrun for dataset_consumes_unknown_never_scheduled to None, run_after=None
[2024-12-19T21:44:01.829+0000] {logging_mixin.py:190} INFO - [2024-12-19T21:44:01.829+0000] {dag.py:4180} INFO - Setting next_dagrun for dataset_produces_1 to 2024-12-18 00:00:00+00:00, run_after=2024-12-19 00:00:00+00:00
[2024-12-19T21:44:01.830+0000] {logging_mixin.py:190} INFO - [2024-12-19T21:44:01.830+0000] {dag.py:4180} INFO - Setting next_dagrun for dataset_produces_2 to None, run_after=None
[2024-12-19T21:44:01.852+0000] {processor.py:208} INFO - Processing /home/airflow/.local/lib/python3.12/site-packages/airflow/example_dags/example_datasets.py took 0.367 seconds
[2024-12-19T21:44:32.041+0000] {processor.py:186} INFO - Started process (PID=240) to work on /home/airflow/.local/lib/python3.12/site-packages/airflow/example_dags/example_datasets.py
[2024-12-19T21:44:32.043+0000] {processor.py:914} INFO - Processing file /home/airflow/.local/lib/python3.12/site-packages/airflow/example_dags/example_datasets.py for tasks to queue
[2024-12-19T21:44:32.045+0000] {logging_mixin.py:190} INFO - [2024-12-19T21:44:32.044+0000] {dagbag.py:588} INFO - Filling up the DagBag from /home/airflow/.local/lib/python3.12/site-packages/airflow/example_dags/example_datasets.py
[2024-12-19T21:44:32.372+0000] {processor.py:925} INFO - DAG(s) 'dataset_produces_1', 'consume_1_or_2_with_dataset_expressions', 'consume_1_or_both_2_and_3_with_dataset_expressions', 'conditional_dataset_and_time_based_timetable', 'dataset_consumes_1', 'dataset_produces_2', 'consume_1_and_2_with_dataset_expressions', 'dataset_consumes_unknown_never_scheduled', 'dataset_consumes_1_and_2', 'dataset_consumes_1_never_scheduled' retrieved from /home/airflow/.local/lib/python3.12/site-packages/airflow/example_dags/example_datasets.py
[2024-12-19T21:44:32.384+0000] {logging_mixin.py:190} INFO - [2024-12-19T21:44:32.384+0000] {dag.py:3239} INFO - Sync 10 DAGs
[2024-12-19T21:44:32.393+0000] {logging_mixin.py:190} INFO - [2024-12-19T21:44:32.393+0000] {dag.py:4180} INFO - Setting next_dagrun for conditional_dataset_and_time_based_timetable to 2024-12-18 01:00:00+00:00, run_after=2024-12-18 01:00:00+00:00
[2024-12-19T21:44:32.395+0000] {logging_mixin.py:190} INFO - [2024-12-19T21:44:32.395+0000] {dag.py:4180} INFO - Setting next_dagrun for consume_1_and_2_with_dataset_expressions to None, run_after=None
[2024-12-19T21:44:32.396+0000] {logging_mixin.py:190} INFO - [2024-12-19T21:44:32.396+0000] {dag.py:4180} INFO - Setting next_dagrun for consume_1_or_2_with_dataset_expressions to None, run_after=None
[2024-12-19T21:44:32.398+0000] {logging_mixin.py:190} INFO - [2024-12-19T21:44:32.398+0000] {dag.py:4180} INFO - Setting next_dagrun for consume_1_or_both_2_and_3_with_dataset_expressions to None, run_after=None
[2024-12-19T21:44:32.398+0000] {logging_mixin.py:190} INFO - [2024-12-19T21:44:32.398+0000] {dag.py:4180} INFO - Setting next_dagrun for dataset_consumes_1 to None, run_after=None
[2024-12-19T21:44:32.399+0000] {logging_mixin.py:190} INFO - [2024-12-19T21:44:32.399+0000] {dag.py:4180} INFO - Setting next_dagrun for dataset_consumes_1_and_2 to None, run_after=None
[2024-12-19T21:44:32.400+0000] {logging_mixin.py:190} INFO - [2024-12-19T21:44:32.400+0000] {dag.py:4180} INFO - Setting next_dagrun for dataset_consumes_1_never_scheduled to None, run_after=None
[2024-12-19T21:44:32.400+0000] {logging_mixin.py:190} INFO - [2024-12-19T21:44:32.400+0000] {dag.py:4180} INFO - Setting next_dagrun for dataset_consumes_unknown_never_scheduled to None, run_after=None
[2024-12-19T21:44:32.401+0000] {logging_mixin.py:190} INFO - [2024-12-19T21:44:32.401+0000] {dag.py:4180} INFO - Setting next_dagrun for dataset_produces_1 to 2024-12-18 00:00:00+00:00, run_after=2024-12-19 00:00:00+00:00
[2024-12-19T21:44:32.403+0000] {logging_mixin.py:190} INFO - [2024-12-19T21:44:32.402+0000] {dag.py:4180} INFO - Setting next_dagrun for dataset_produces_2 to None, run_after=None
[2024-12-19T21:44:32.416+0000] {processor.py:208} INFO - Processing /home/airflow/.local/lib/python3.12/site-packages/airflow/example_dags/example_datasets.py took 0.381 seconds
[2024-12-19T21:45:02.609+0000] {processor.py:186} INFO - Started process (PID=307) to work on /home/airflow/.local/lib/python3.12/site-packages/airflow/example_dags/example_datasets.py
[2024-12-19T21:45:02.610+0000] {processor.py:914} INFO - Processing file /home/airflow/.local/lib/python3.12/site-packages/airflow/example_dags/example_datasets.py for tasks to queue
[2024-12-19T21:45:02.611+0000] {logging_mixin.py:190} INFO - [2024-12-19T21:45:02.611+0000] {dagbag.py:588} INFO - Filling up the DagBag from /home/airflow/.local/lib/python3.12/site-packages/airflow/example_dags/example_datasets.py
[2024-12-19T21:45:02.865+0000] {processor.py:925} INFO - DAG(s) 'dataset_consumes_1_never_scheduled', 'dataset_consumes_1', 'dataset_consumes_unknown_never_scheduled', 'consume_1_or_2_with_dataset_expressions', 'dataset_consumes_1_and_2', 'dataset_produces_2', 'consume_1_or_both_2_and_3_with_dataset_expressions', 'consume_1_and_2_with_dataset_expressions', 'dataset_produces_1', 'conditional_dataset_and_time_based_timetable' retrieved from /home/airflow/.local/lib/python3.12/site-packages/airflow/example_dags/example_datasets.py
[2024-12-19T21:45:02.889+0000] {logging_mixin.py:190} INFO - [2024-12-19T21:45:02.889+0000] {dag.py:3239} INFO - Sync 10 DAGs
[2024-12-19T21:45:02.898+0000] {logging_mixin.py:190} INFO - [2024-12-19T21:45:02.898+0000] {dag.py:4180} INFO - Setting next_dagrun for conditional_dataset_and_time_based_timetable to 2024-12-18 01:00:00+00:00, run_after=2024-12-18 01:00:00+00:00
[2024-12-19T21:45:02.901+0000] {logging_mixin.py:190} INFO - [2024-12-19T21:45:02.901+0000] {dag.py:4180} INFO - Setting next_dagrun for consume_1_and_2_with_dataset_expressions to None, run_after=None
[2024-12-19T21:45:02.903+0000] {logging_mixin.py:190} INFO - [2024-12-19T21:45:02.903+0000] {dag.py:4180} INFO - Setting next_dagrun for consume_1_or_2_with_dataset_expressions to None, run_after=None
[2024-12-19T21:45:02.903+0000] {logging_mixin.py:190} INFO - [2024-12-19T21:45:02.903+0000] {dag.py:4180} INFO - Setting next_dagrun for consume_1_or_both_2_and_3_with_dataset_expressions to None, run_after=None
[2024-12-19T21:45:02.904+0000] {logging_mixin.py:190} INFO - [2024-12-19T21:45:02.903+0000] {dag.py:4180} INFO - Setting next_dagrun for dataset_consumes_1 to None, run_after=None
[2024-12-19T21:45:02.904+0000] {logging_mixin.py:190} INFO - [2024-12-19T21:45:02.904+0000] {dag.py:4180} INFO - Setting next_dagrun for dataset_consumes_1_and_2 to None, run_after=None
[2024-12-19T21:45:02.905+0000] {logging_mixin.py:190} INFO - [2024-12-19T21:45:02.905+0000] {dag.py:4180} INFO - Setting next_dagrun for dataset_consumes_1_never_scheduled to None, run_after=None
[2024-12-19T21:45:02.906+0000] {logging_mixin.py:190} INFO - [2024-12-19T21:45:02.906+0000] {dag.py:4180} INFO - Setting next_dagrun for dataset_consumes_unknown_never_scheduled to None, run_after=None
[2024-12-19T21:45:02.908+0000] {logging_mixin.py:190} INFO - [2024-12-19T21:45:02.908+0000] {dag.py:4180} INFO - Setting next_dagrun for dataset_produces_1 to 2024-12-18 00:00:00+00:00, run_after=2024-12-19 00:00:00+00:00
[2024-12-19T21:45:02.908+0000] {logging_mixin.py:190} INFO - [2024-12-19T21:45:02.908+0000] {dag.py:4180} INFO - Setting next_dagrun for dataset_produces_2 to None, run_after=None
[2024-12-19T21:45:02.930+0000] {processor.py:208} INFO - Processing /home/airflow/.local/lib/python3.12/site-packages/airflow/example_dags/example_datasets.py took 0.325 seconds
[2024-12-19T21:45:32.962+0000] {processor.py:186} INFO - Started process (PID=374) to work on /home/airflow/.local/lib/python3.12/site-packages/airflow/example_dags/example_datasets.py
[2024-12-19T21:45:32.963+0000] {processor.py:914} INFO - Processing file /home/airflow/.local/lib/python3.12/site-packages/airflow/example_dags/example_datasets.py for tasks to queue
[2024-12-19T21:45:32.964+0000] {logging_mixin.py:190} INFO - [2024-12-19T21:45:32.964+0000] {dagbag.py:588} INFO - Filling up the DagBag from /home/airflow/.local/lib/python3.12/site-packages/airflow/example_dags/example_datasets.py
[2024-12-19T21:45:33.215+0000] {processor.py:925} INFO - DAG(s) 'dataset_consumes_1_never_scheduled', 'consume_1_or_2_with_dataset_expressions', 'dataset_produces_1', 'consume_1_and_2_with_dataset_expressions', 'dataset_produces_2', 'conditional_dataset_and_time_based_timetable', 'dataset_consumes_1', 'dataset_consumes_1_and_2', 'dataset_consumes_unknown_never_scheduled', 'consume_1_or_both_2_and_3_with_dataset_expressions' retrieved from /home/airflow/.local/lib/python3.12/site-packages/airflow/example_dags/example_datasets.py
[2024-12-19T21:45:33.256+0000] {logging_mixin.py:190} INFO - [2024-12-19T21:45:33.255+0000] {dag.py:3239} INFO - Sync 10 DAGs
[2024-12-19T21:45:33.269+0000] {logging_mixin.py:190} INFO - [2024-12-19T21:45:33.269+0000] {dag.py:4180} INFO - Setting next_dagrun for conditional_dataset_and_time_based_timetable to 2024-12-18 01:00:00+00:00, run_after=2024-12-18 01:00:00+00:00
[2024-12-19T21:45:33.271+0000] {logging_mixin.py:190} INFO - [2024-12-19T21:45:33.271+0000] {dag.py:4180} INFO - Setting next_dagrun for consume_1_and_2_with_dataset_expressions to None, run_after=None
[2024-12-19T21:45:33.272+0000] {logging_mixin.py:190} INFO - [2024-12-19T21:45:33.272+0000] {dag.py:4180} INFO - Setting next_dagrun for consume_1_or_2_with_dataset_expressions to None, run_after=None
[2024-12-19T21:45:33.275+0000] {logging_mixin.py:190} INFO - [2024-12-19T21:45:33.275+0000] {dag.py:4180} INFO - Setting next_dagrun for consume_1_or_both_2_and_3_with_dataset_expressions to None, run_after=None
[2024-12-19T21:45:33.279+0000] {logging_mixin.py:190} INFO - [2024-12-19T21:45:33.279+0000] {dag.py:4180} INFO - Setting next_dagrun for dataset_consumes_1 to None, run_after=None
[2024-12-19T21:45:33.281+0000] {logging_mixin.py:190} INFO - [2024-12-19T21:45:33.281+0000] {dag.py:4180} INFO - Setting next_dagrun for dataset_consumes_1_and_2 to None, run_after=None
[2024-12-19T21:45:33.283+0000] {logging_mixin.py:190} INFO - [2024-12-19T21:45:33.282+0000] {dag.py:4180} INFO - Setting next_dagrun for dataset_consumes_1_never_scheduled to None, run_after=None
[2024-12-19T21:45:33.284+0000] {logging_mixin.py:190} INFO - [2024-12-19T21:45:33.283+0000] {dag.py:4180} INFO - Setting next_dagrun for dataset_consumes_unknown_never_scheduled to None, run_after=None
[2024-12-19T21:45:33.286+0000] {logging_mixin.py:190} INFO - [2024-12-19T21:45:33.285+0000] {dag.py:4180} INFO - Setting next_dagrun for dataset_produces_1 to 2024-12-18 00:00:00+00:00, run_after=2024-12-19 00:00:00+00:00
[2024-12-19T21:45:33.288+0000] {logging_mixin.py:190} INFO - [2024-12-19T21:45:33.288+0000] {dag.py:4180} INFO - Setting next_dagrun for dataset_produces_2 to None, run_after=None
[2024-12-19T21:45:33.320+0000] {processor.py:208} INFO - Processing /home/airflow/.local/lib/python3.12/site-packages/airflow/example_dags/example_datasets.py took 0.360 seconds
[2024-12-19T21:46:03.528+0000] {processor.py:186} INFO - Started process (PID=448) to work on /home/airflow/.local/lib/python3.12/site-packages/airflow/example_dags/example_datasets.py
[2024-12-19T21:46:03.529+0000] {processor.py:914} INFO - Processing file /home/airflow/.local/lib/python3.12/site-packages/airflow/example_dags/example_datasets.py for tasks to queue
[2024-12-19T21:46:03.529+0000] {logging_mixin.py:190} INFO - [2024-12-19T21:46:03.529+0000] {dagbag.py:588} INFO - Filling up the DagBag from /home/airflow/.local/lib/python3.12/site-packages/airflow/example_dags/example_datasets.py
[2024-12-19T21:46:03.756+0000] {processor.py:925} INFO - DAG(s) 'dataset_produces_1', 'dataset_consumes_1_and_2', 'dataset_produces_2', 'consume_1_or_2_with_dataset_expressions', 'consume_1_or_both_2_and_3_with_dataset_expressions', 'conditional_dataset_and_time_based_timetable', 'consume_1_and_2_with_dataset_expressions', 'dataset_consumes_unknown_never_scheduled', 'dataset_consumes_1_never_scheduled', 'dataset_consumes_1' retrieved from /home/airflow/.local/lib/python3.12/site-packages/airflow/example_dags/example_datasets.py
[2024-12-19T21:46:03.769+0000] {logging_mixin.py:190} INFO - [2024-12-19T21:46:03.769+0000] {dag.py:3239} INFO - Sync 10 DAGs
[2024-12-19T21:46:03.778+0000] {logging_mixin.py:190} INFO - [2024-12-19T21:46:03.778+0000] {dag.py:4180} INFO - Setting next_dagrun for conditional_dataset_and_time_based_timetable to 2024-12-18 01:00:00+00:00, run_after=2024-12-18 01:00:00+00:00
[2024-12-19T21:46:03.780+0000] {logging_mixin.py:190} INFO - [2024-12-19T21:46:03.779+0000] {dag.py:4180} INFO - Setting next_dagrun for consume_1_and_2_with_dataset_expressions to None, run_after=None
[2024-12-19T21:46:03.780+0000] {logging_mixin.py:190} INFO - [2024-12-19T21:46:03.780+0000] {dag.py:4180} INFO - Setting next_dagrun for consume_1_or_2_with_dataset_expressions to None, run_after=None
[2024-12-19T21:46:03.781+0000] {logging_mixin.py:190} INFO - [2024-12-19T21:46:03.780+0000] {dag.py:4180} INFO - Setting next_dagrun for consume_1_or_both_2_and_3_with_dataset_expressions to None, run_after=None
[2024-12-19T21:46:03.781+0000] {logging_mixin.py:190} INFO - [2024-12-19T21:46:03.781+0000] {dag.py:4180} INFO - Setting next_dagrun for dataset_consumes_1 to None, run_after=None
[2024-12-19T21:46:03.781+0000] {logging_mixin.py:190} INFO - [2024-12-19T21:46:03.781+0000] {dag.py:4180} INFO - Setting next_dagrun for dataset_consumes_1_and_2 to None, run_after=None
[2024-12-19T21:46:03.782+0000] {logging_mixin.py:190} INFO - [2024-12-19T21:46:03.782+0000] {dag.py:4180} INFO - Setting next_dagrun for dataset_consumes_1_never_scheduled to None, run_after=None
[2024-12-19T21:46:03.782+0000] {logging_mixin.py:190} INFO - [2024-12-19T21:46:03.782+0000] {dag.py:4180} INFO - Setting next_dagrun for dataset_consumes_unknown_never_scheduled to None, run_after=None
[2024-12-19T21:46:03.783+0000] {logging_mixin.py:190} INFO - [2024-12-19T21:46:03.783+0000] {dag.py:4180} INFO - Setting next_dagrun for dataset_produces_1 to 2024-12-18 00:00:00+00:00, run_after=2024-12-19 00:00:00+00:00
[2024-12-19T21:46:03.783+0000] {logging_mixin.py:190} INFO - [2024-12-19T21:46:03.783+0000] {dag.py:4180} INFO - Setting next_dagrun for dataset_produces_2 to None, run_after=None
[2024-12-19T21:46:03.793+0000] {processor.py:208} INFO - Processing /home/airflow/.local/lib/python3.12/site-packages/airflow/example_dags/example_datasets.py took 0.268 seconds
[2024-12-19T21:46:33.905+0000] {processor.py:186} INFO - Started process (PID=517) to work on /home/airflow/.local/lib/python3.12/site-packages/airflow/example_dags/example_datasets.py
[2024-12-19T21:46:33.906+0000] {processor.py:914} INFO - Processing file /home/airflow/.local/lib/python3.12/site-packages/airflow/example_dags/example_datasets.py for tasks to queue
[2024-12-19T21:46:33.907+0000] {logging_mixin.py:190} INFO - [2024-12-19T21:46:33.906+0000] {dagbag.py:588} INFO - Filling up the DagBag from /home/airflow/.local/lib/python3.12/site-packages/airflow/example_dags/example_datasets.py
[2024-12-19T21:46:34.114+0000] {processor.py:925} INFO - DAG(s) 'dataset_consumes_1_and_2', 'consume_1_or_both_2_and_3_with_dataset_expressions', 'consume_1_and_2_with_dataset_expressions', 'consume_1_or_2_with_dataset_expressions', 'dataset_consumes_1', 'dataset_produces_2', 'dataset_consumes_1_never_scheduled', 'conditional_dataset_and_time_based_timetable', 'dataset_produces_1', 'dataset_consumes_unknown_never_scheduled' retrieved from /home/airflow/.local/lib/python3.12/site-packages/airflow/example_dags/example_datasets.py
[2024-12-19T21:46:34.125+0000] {logging_mixin.py:190} INFO - [2024-12-19T21:46:34.125+0000] {dag.py:3239} INFO - Sync 10 DAGs
[2024-12-19T21:46:34.133+0000] {logging_mixin.py:190} INFO - [2024-12-19T21:46:34.133+0000] {dag.py:4180} INFO - Setting next_dagrun for conditional_dataset_and_time_based_timetable to 2024-12-18 01:00:00+00:00, run_after=2024-12-18 01:00:00+00:00
[2024-12-19T21:46:34.134+0000] {logging_mixin.py:190} INFO - [2024-12-19T21:46:34.134+0000] {dag.py:4180} INFO - Setting next_dagrun for consume_1_and_2_with_dataset_expressions to None, run_after=None
[2024-12-19T21:46:34.135+0000] {logging_mixin.py:190} INFO - [2024-12-19T21:46:34.135+0000] {dag.py:4180} INFO - Setting next_dagrun for consume_1_or_2_with_dataset_expressions to None, run_after=None
[2024-12-19T21:46:34.135+0000] {logging_mixin.py:190} INFO - [2024-12-19T21:46:34.135+0000] {dag.py:4180} INFO - Setting next_dagrun for consume_1_or_both_2_and_3_with_dataset_expressions to None, run_after=None
[2024-12-19T21:46:34.135+0000] {logging_mixin.py:190} INFO - [2024-12-19T21:46:34.135+0000] {dag.py:4180} INFO - Setting next_dagrun for dataset_consumes_1 to None, run_after=None
[2024-12-19T21:46:34.136+0000] {logging_mixin.py:190} INFO - [2024-12-19T21:46:34.136+0000] {dag.py:4180} INFO - Setting next_dagrun for dataset_consumes_1_and_2 to None, run_after=None
[2024-12-19T21:46:34.136+0000] {logging_mixin.py:190} INFO - [2024-12-19T21:46:34.136+0000] {dag.py:4180} INFO - Setting next_dagrun for dataset_consumes_1_never_scheduled to None, run_after=None
[2024-12-19T21:46:34.136+0000] {logging_mixin.py:190} INFO - [2024-12-19T21:46:34.136+0000] {dag.py:4180} INFO - Setting next_dagrun for dataset_consumes_unknown_never_scheduled to None, run_after=None
[2024-12-19T21:46:34.137+0000] {logging_mixin.py:190} INFO - [2024-12-19T21:46:34.137+0000] {dag.py:4180} INFO - Setting next_dagrun for dataset_produces_1 to 2024-12-18 00:00:00+00:00, run_after=2024-12-19 00:00:00+00:00
[2024-12-19T21:46:34.137+0000] {logging_mixin.py:190} INFO - [2024-12-19T21:46:34.137+0000] {dag.py:4180} INFO - Setting next_dagrun for dataset_produces_2 to None, run_after=None
[2024-12-19T21:46:34.146+0000] {processor.py:208} INFO - Processing /home/airflow/.local/lib/python3.12/site-packages/airflow/example_dags/example_datasets.py took 0.243 seconds
[2024-12-19T21:47:05.125+0000] {processor.py:186} INFO - Started process (PID=584) to work on /home/airflow/.local/lib/python3.12/site-packages/airflow/example_dags/example_datasets.py
[2024-12-19T21:47:05.127+0000] {processor.py:914} INFO - Processing file /home/airflow/.local/lib/python3.12/site-packages/airflow/example_dags/example_datasets.py for tasks to queue
[2024-12-19T21:47:05.130+0000] {logging_mixin.py:190} INFO - [2024-12-19T21:47:05.130+0000] {dagbag.py:588} INFO - Filling up the DagBag from /home/airflow/.local/lib/python3.12/site-packages/airflow/example_dags/example_datasets.py
[2024-12-19T21:47:05.394+0000] {processor.py:925} INFO - DAG(s) 'dataset_produces_2', 'consume_1_or_both_2_and_3_with_dataset_expressions', 'consume_1_or_2_with_dataset_expressions', 'conditional_dataset_and_time_based_timetable', 'dataset_consumes_1', 'dataset_consumes_1_never_scheduled', 'consume_1_and_2_with_dataset_expressions', 'dataset_produces_1', 'dataset_consumes_1_and_2', 'dataset_consumes_unknown_never_scheduled' retrieved from /home/airflow/.local/lib/python3.12/site-packages/airflow/example_dags/example_datasets.py
[2024-12-19T21:47:05.406+0000] {logging_mixin.py:190} INFO - [2024-12-19T21:47:05.406+0000] {dag.py:3239} INFO - Sync 10 DAGs
[2024-12-19T21:47:05.414+0000] {logging_mixin.py:190} INFO - [2024-12-19T21:47:05.414+0000] {dag.py:4180} INFO - Setting next_dagrun for conditional_dataset_and_time_based_timetable to 2024-12-18 01:00:00+00:00, run_after=2024-12-18 01:00:00+00:00
[2024-12-19T21:47:05.415+0000] {logging_mixin.py:190} INFO - [2024-12-19T21:47:05.415+0000] {dag.py:4180} INFO - Setting next_dagrun for consume_1_and_2_with_dataset_expressions to None, run_after=None
[2024-12-19T21:47:05.415+0000] {logging_mixin.py:190} INFO - [2024-12-19T21:47:05.415+0000] {dag.py:4180} INFO - Setting next_dagrun for consume_1_or_2_with_dataset_expressions to None, run_after=None
[2024-12-19T21:47:05.416+0000] {logging_mixin.py:190} INFO - [2024-12-19T21:47:05.416+0000] {dag.py:4180} INFO - Setting next_dagrun for consume_1_or_both_2_and_3_with_dataset_expressions to None, run_after=None
[2024-12-19T21:47:05.416+0000] {logging_mixin.py:190} INFO - [2024-12-19T21:47:05.416+0000] {dag.py:4180} INFO - Setting next_dagrun for dataset_consumes_1 to None, run_after=None
[2024-12-19T21:47:05.416+0000] {logging_mixin.py:190} INFO - [2024-12-19T21:47:05.416+0000] {dag.py:4180} INFO - Setting next_dagrun for dataset_consumes_1_and_2 to None, run_after=None
[2024-12-19T21:47:05.417+0000] {logging_mixin.py:190} INFO - [2024-12-19T21:47:05.417+0000] {dag.py:4180} INFO - Setting next_dagrun for dataset_consumes_1_never_scheduled to None, run_after=None
[2024-12-19T21:47:05.417+0000] {logging_mixin.py:190} INFO - [2024-12-19T21:47:05.417+0000] {dag.py:4180} INFO - Setting next_dagrun for dataset_consumes_unknown_never_scheduled to None, run_after=None
[2024-12-19T21:47:05.418+0000] {logging_mixin.py:190} INFO - [2024-12-19T21:47:05.418+0000] {dag.py:4180} INFO - Setting next_dagrun for dataset_produces_1 to 2024-12-18 00:00:00+00:00, run_after=2024-12-19 00:00:00+00:00
[2024-12-19T21:47:05.418+0000] {logging_mixin.py:190} INFO - [2024-12-19T21:47:05.418+0000] {dag.py:4180} INFO - Setting next_dagrun for dataset_produces_2 to None, run_after=None
[2024-12-19T21:47:05.426+0000] {processor.py:208} INFO - Processing /home/airflow/.local/lib/python3.12/site-packages/airflow/example_dags/example_datasets.py took 0.309 seconds
[2024-12-19T21:47:35.458+0000] {processor.py:186} INFO - Started process (PID=656) to work on /home/airflow/.local/lib/python3.12/site-packages/airflow/example_dags/example_datasets.py
[2024-12-19T21:47:35.458+0000] {processor.py:914} INFO - Processing file /home/airflow/.local/lib/python3.12/site-packages/airflow/example_dags/example_datasets.py for tasks to queue
[2024-12-19T21:47:35.459+0000] {logging_mixin.py:190} INFO - [2024-12-19T21:47:35.459+0000] {dagbag.py:588} INFO - Filling up the DagBag from /home/airflow/.local/lib/python3.12/site-packages/airflow/example_dags/example_datasets.py
[2024-12-19T21:47:35.667+0000] {processor.py:925} INFO - DAG(s) 'dataset_consumes_1_never_scheduled', 'dataset_consumes_1', 'dataset_produces_2', 'consume_1_and_2_with_dataset_expressions', 'dataset_consumes_1_and_2', 'dataset_produces_1', 'conditional_dataset_and_time_based_timetable', 'consume_1_or_2_with_dataset_expressions', 'dataset_consumes_unknown_never_scheduled', 'consume_1_or_both_2_and_3_with_dataset_expressions' retrieved from /home/airflow/.local/lib/python3.12/site-packages/airflow/example_dags/example_datasets.py
[2024-12-19T21:47:35.679+0000] {logging_mixin.py:190} INFO - [2024-12-19T21:47:35.679+0000] {dag.py:3239} INFO - Sync 10 DAGs
[2024-12-19T21:47:35.687+0000] {logging_mixin.py:190} INFO - [2024-12-19T21:47:35.687+0000] {dag.py:4180} INFO - Setting next_dagrun for conditional_dataset_and_time_based_timetable to 2024-12-18 01:00:00+00:00, run_after=2024-12-18 01:00:00+00:00
[2024-12-19T21:47:35.688+0000] {logging_mixin.py:190} INFO - [2024-12-19T21:47:35.688+0000] {dag.py:4180} INFO - Setting next_dagrun for consume_1_and_2_with_dataset_expressions to None, run_after=None
[2024-12-19T21:47:35.688+0000] {logging_mixin.py:190} INFO - [2024-12-19T21:47:35.688+0000] {dag.py:4180} INFO - Setting next_dagrun for consume_1_or_2_with_dataset_expressions to None, run_after=None
[2024-12-19T21:47:35.689+0000] {logging_mixin.py:190} INFO - [2024-12-19T21:47:35.689+0000] {dag.py:4180} INFO - Setting next_dagrun for consume_1_or_both_2_and_3_with_dataset_expressions to None, run_after=None
[2024-12-19T21:47:35.689+0000] {logging_mixin.py:190} INFO - [2024-12-19T21:47:35.689+0000] {dag.py:4180} INFO - Setting next_dagrun for dataset_consumes_1 to None, run_after=None
[2024-12-19T21:47:35.689+0000] {logging_mixin.py:190} INFO - [2024-12-19T21:47:35.689+0000] {dag.py:4180} INFO - Setting next_dagrun for dataset_consumes_1_and_2 to None, run_after=None
[2024-12-19T21:47:35.690+0000] {logging_mixin.py:190} INFO - [2024-12-19T21:47:35.690+0000] {dag.py:4180} INFO - Setting next_dagrun for dataset_consumes_1_never_scheduled to None, run_after=None
[2024-12-19T21:47:35.690+0000] {logging_mixin.py:190} INFO - [2024-12-19T21:47:35.690+0000] {dag.py:4180} INFO - Setting next_dagrun for dataset_consumes_unknown_never_scheduled to None, run_after=None
[2024-12-19T21:47:35.691+0000] {logging_mixin.py:190} INFO - [2024-12-19T21:47:35.691+0000] {dag.py:4180} INFO - Setting next_dagrun for dataset_produces_1 to 2024-12-18 00:00:00+00:00, run_after=2024-12-19 00:00:00+00:00
[2024-12-19T21:47:35.691+0000] {logging_mixin.py:190} INFO - [2024-12-19T21:47:35.691+0000] {dag.py:4180} INFO - Setting next_dagrun for dataset_produces_2 to None, run_after=None
[2024-12-19T21:47:35.700+0000] {processor.py:208} INFO - Processing /home/airflow/.local/lib/python3.12/site-packages/airflow/example_dags/example_datasets.py took 0.244 seconds
[2024-12-19T21:48:06.276+0000] {processor.py:186} INFO - Started process (PID=709) to work on /home/airflow/.local/lib/python3.12/site-packages/airflow/example_dags/example_datasets.py
[2024-12-19T21:48:06.277+0000] {processor.py:914} INFO - Processing file /home/airflow/.local/lib/python3.12/site-packages/airflow/example_dags/example_datasets.py for tasks to queue
[2024-12-19T21:48:06.278+0000] {logging_mixin.py:190} INFO - [2024-12-19T21:48:06.278+0000] {dagbag.py:588} INFO - Filling up the DagBag from /home/airflow/.local/lib/python3.12/site-packages/airflow/example_dags/example_datasets.py
[2024-12-19T21:48:06.631+0000] {processor.py:925} INFO - DAG(s) 'dataset_produces_2', 'consume_1_or_2_with_dataset_expressions', 'dataset_consumes_1_never_scheduled', 'consume_1_and_2_with_dataset_expressions', 'dataset_consumes_1', 'conditional_dataset_and_time_based_timetable', 'dataset_consumes_unknown_never_scheduled', 'consume_1_or_both_2_and_3_with_dataset_expressions', 'dataset_consumes_1_and_2', 'dataset_produces_1' retrieved from /home/airflow/.local/lib/python3.12/site-packages/airflow/example_dags/example_datasets.py
[2024-12-19T21:48:06.657+0000] {logging_mixin.py:190} INFO - [2024-12-19T21:48:06.657+0000] {dag.py:3239} INFO - Sync 10 DAGs
[2024-12-19T21:48:06.667+0000] {logging_mixin.py:190} INFO - [2024-12-19T21:48:06.667+0000] {dag.py:4180} INFO - Setting next_dagrun for conditional_dataset_and_time_based_timetable to 2024-12-18 01:00:00+00:00, run_after=2024-12-18 01:00:00+00:00
[2024-12-19T21:48:06.670+0000] {logging_mixin.py:190} INFO - [2024-12-19T21:48:06.670+0000] {dag.py:4180} INFO - Setting next_dagrun for consume_1_and_2_with_dataset_expressions to None, run_after=None
[2024-12-19T21:48:06.673+0000] {logging_mixin.py:190} INFO - [2024-12-19T21:48:06.673+0000] {dag.py:4180} INFO - Setting next_dagrun for consume_1_or_2_with_dataset_expressions to None, run_after=None
[2024-12-19T21:48:06.673+0000] {logging_mixin.py:190} INFO - [2024-12-19T21:48:06.673+0000] {dag.py:4180} INFO - Setting next_dagrun for consume_1_or_both_2_and_3_with_dataset_expressions to None, run_after=None
[2024-12-19T21:48:06.674+0000] {logging_mixin.py:190} INFO - [2024-12-19T21:48:06.674+0000] {dag.py:4180} INFO - Setting next_dagrun for dataset_consumes_1 to None, run_after=None
[2024-12-19T21:48:06.676+0000] {logging_mixin.py:190} INFO - [2024-12-19T21:48:06.676+0000] {dag.py:4180} INFO - Setting next_dagrun for dataset_consumes_1_and_2 to None, run_after=None
[2024-12-19T21:48:06.678+0000] {logging_mixin.py:190} INFO - [2024-12-19T21:48:06.678+0000] {dag.py:4180} INFO - Setting next_dagrun for dataset_consumes_1_never_scheduled to None, run_after=None
[2024-12-19T21:48:06.679+0000] {logging_mixin.py:190} INFO - [2024-12-19T21:48:06.679+0000] {dag.py:4180} INFO - Setting next_dagrun for dataset_consumes_unknown_never_scheduled to None, run_after=None
[2024-12-19T21:48:06.681+0000] {logging_mixin.py:190} INFO - [2024-12-19T21:48:06.681+0000] {dag.py:4180} INFO - Setting next_dagrun for dataset_produces_1 to 2024-12-18 00:00:00+00:00, run_after=2024-12-19 00:00:00+00:00
[2024-12-19T21:48:06.682+0000] {logging_mixin.py:190} INFO - [2024-12-19T21:48:06.682+0000] {dag.py:4180} INFO - Setting next_dagrun for dataset_produces_2 to None, run_after=None
[2024-12-19T21:48:06.696+0000] {processor.py:208} INFO - Processing /home/airflow/.local/lib/python3.12/site-packages/airflow/example_dags/example_datasets.py took 0.422 seconds
[2024-12-19T21:48:36.806+0000] {processor.py:186} INFO - Started process (PID=781) to work on /home/airflow/.local/lib/python3.12/site-packages/airflow/example_dags/example_datasets.py
[2024-12-19T21:48:36.807+0000] {processor.py:914} INFO - Processing file /home/airflow/.local/lib/python3.12/site-packages/airflow/example_dags/example_datasets.py for tasks to queue
[2024-12-19T21:48:36.809+0000] {logging_mixin.py:190} INFO - [2024-12-19T21:48:36.809+0000] {dagbag.py:588} INFO - Filling up the DagBag from /home/airflow/.local/lib/python3.12/site-packages/airflow/example_dags/example_datasets.py
[2024-12-19T21:48:37.048+0000] {processor.py:925} INFO - DAG(s) 'consume_1_and_2_with_dataset_expressions', 'consume_1_or_both_2_and_3_with_dataset_expressions', 'dataset_consumes_1_never_scheduled', 'dataset_consumes_1_and_2', 'dataset_produces_1', 'dataset_consumes_1', 'dataset_produces_2', 'dataset_consumes_unknown_never_scheduled', 'consume_1_or_2_with_dataset_expressions', 'conditional_dataset_and_time_based_timetable' retrieved from /home/airflow/.local/lib/python3.12/site-packages/airflow/example_dags/example_datasets.py
[2024-12-19T21:48:37.063+0000] {logging_mixin.py:190} INFO - [2024-12-19T21:48:37.063+0000] {dag.py:3239} INFO - Sync 10 DAGs
[2024-12-19T21:48:37.072+0000] {logging_mixin.py:190} INFO - [2024-12-19T21:48:37.072+0000] {dag.py:4180} INFO - Setting next_dagrun for conditional_dataset_and_time_based_timetable to 2024-12-18 01:00:00+00:00, run_after=2024-12-18 01:00:00+00:00
[2024-12-19T21:48:37.074+0000] {logging_mixin.py:190} INFO - [2024-12-19T21:48:37.073+0000] {dag.py:4180} INFO - Setting next_dagrun for consume_1_and_2_with_dataset_expressions to None, run_after=None
[2024-12-19T21:48:37.074+0000] {logging_mixin.py:190} INFO - [2024-12-19T21:48:37.074+0000] {dag.py:4180} INFO - Setting next_dagrun for consume_1_or_2_with_dataset_expressions to None, run_after=None
[2024-12-19T21:48:37.074+0000] {logging_mixin.py:190} INFO - [2024-12-19T21:48:37.074+0000] {dag.py:4180} INFO - Setting next_dagrun for consume_1_or_both_2_and_3_with_dataset_expressions to None, run_after=None
[2024-12-19T21:48:37.075+0000] {logging_mixin.py:190} INFO - [2024-12-19T21:48:37.075+0000] {dag.py:4180} INFO - Setting next_dagrun for dataset_consumes_1 to None, run_after=None
[2024-12-19T21:48:37.075+0000] {logging_mixin.py:190} INFO - [2024-12-19T21:48:37.075+0000] {dag.py:4180} INFO - Setting next_dagrun for dataset_consumes_1_and_2 to None, run_after=None
[2024-12-19T21:48:37.075+0000] {logging_mixin.py:190} INFO - [2024-12-19T21:48:37.075+0000] {dag.py:4180} INFO - Setting next_dagrun for dataset_consumes_1_never_scheduled to None, run_after=None
[2024-12-19T21:48:37.075+0000] {logging_mixin.py:190} INFO - [2024-12-19T21:48:37.075+0000] {dag.py:4180} INFO - Setting next_dagrun for dataset_consumes_unknown_never_scheduled to None, run_after=None
[2024-12-19T21:48:37.076+0000] {logging_mixin.py:190} INFO - [2024-12-19T21:48:37.076+0000] {dag.py:4180} INFO - Setting next_dagrun for dataset_produces_1 to 2024-12-18 00:00:00+00:00, run_after=2024-12-19 00:00:00+00:00
[2024-12-19T21:48:37.076+0000] {logging_mixin.py:190} INFO - [2024-12-19T21:48:37.076+0000] {dag.py:4180} INFO - Setting next_dagrun for dataset_produces_2 to None, run_after=None
[2024-12-19T21:48:37.085+0000] {processor.py:208} INFO - Processing /home/airflow/.local/lib/python3.12/site-packages/airflow/example_dags/example_datasets.py took 0.282 seconds
[2024-12-19T21:49:07.819+0000] {processor.py:186} INFO - Started process (PID=843) to work on /home/airflow/.local/lib/python3.12/site-packages/airflow/example_dags/example_datasets.py
[2024-12-19T21:49:07.820+0000] {processor.py:914} INFO - Processing file /home/airflow/.local/lib/python3.12/site-packages/airflow/example_dags/example_datasets.py for tasks to queue
[2024-12-19T21:49:07.820+0000] {logging_mixin.py:190} INFO - [2024-12-19T21:49:07.820+0000] {dagbag.py:588} INFO - Filling up the DagBag from /home/airflow/.local/lib/python3.12/site-packages/airflow/example_dags/example_datasets.py
[2024-12-19T21:49:08.067+0000] {processor.py:925} INFO - DAG(s) 'consume_1_and_2_with_dataset_expressions', 'conditional_dataset_and_time_based_timetable', 'consume_1_or_both_2_and_3_with_dataset_expressions', 'dataset_consumes_1_and_2', 'dataset_produces_1', 'dataset_consumes_1', 'consume_1_or_2_with_dataset_expressions', 'dataset_consumes_unknown_never_scheduled', 'dataset_consumes_1_never_scheduled', 'dataset_produces_2' retrieved from /home/airflow/.local/lib/python3.12/site-packages/airflow/example_dags/example_datasets.py
[2024-12-19T21:49:08.083+0000] {logging_mixin.py:190} INFO - [2024-12-19T21:49:08.083+0000] {dag.py:3239} INFO - Sync 10 DAGs
[2024-12-19T21:49:08.092+0000] {logging_mixin.py:190} INFO - [2024-12-19T21:49:08.091+0000] {dag.py:4180} INFO - Setting next_dagrun for conditional_dataset_and_time_based_timetable to 2024-12-18 01:00:00+00:00, run_after=2024-12-18 01:00:00+00:00
[2024-12-19T21:49:08.097+0000] {logging_mixin.py:190} INFO - [2024-12-19T21:49:08.097+0000] {dag.py:4180} INFO - Setting next_dagrun for consume_1_and_2_with_dataset_expressions to None, run_after=None
[2024-12-19T21:49:08.097+0000] {logging_mixin.py:190} INFO - [2024-12-19T21:49:08.097+0000] {dag.py:4180} INFO - Setting next_dagrun for consume_1_or_2_with_dataset_expressions to None, run_after=None
[2024-12-19T21:49:08.098+0000] {logging_mixin.py:190} INFO - [2024-12-19T21:49:08.098+0000] {dag.py:4180} INFO - Setting next_dagrun for consume_1_or_both_2_and_3_with_dataset_expressions to None, run_after=None
[2024-12-19T21:49:08.098+0000] {logging_mixin.py:190} INFO - [2024-12-19T21:49:08.098+0000] {dag.py:4180} INFO - Setting next_dagrun for dataset_consumes_1 to None, run_after=None
[2024-12-19T21:49:08.099+0000] {logging_mixin.py:190} INFO - [2024-12-19T21:49:08.099+0000] {dag.py:4180} INFO - Setting next_dagrun for dataset_consumes_1_and_2 to None, run_after=None
[2024-12-19T21:49:08.099+0000] {logging_mixin.py:190} INFO - [2024-12-19T21:49:08.099+0000] {dag.py:4180} INFO - Setting next_dagrun for dataset_consumes_1_never_scheduled to None, run_after=None
[2024-12-19T21:49:08.100+0000] {logging_mixin.py:190} INFO - [2024-12-19T21:49:08.100+0000] {dag.py:4180} INFO - Setting next_dagrun for dataset_consumes_unknown_never_scheduled to None, run_after=None
[2024-12-19T21:49:08.103+0000] {logging_mixin.py:190} INFO - [2024-12-19T21:49:08.103+0000] {dag.py:4180} INFO - Setting next_dagrun for dataset_produces_1 to 2024-12-18 00:00:00+00:00, run_after=2024-12-19 00:00:00+00:00
[2024-12-19T21:49:08.105+0000] {logging_mixin.py:190} INFO - [2024-12-19T21:49:08.105+0000] {dag.py:4180} INFO - Setting next_dagrun for dataset_produces_2 to None, run_after=None
[2024-12-19T21:49:08.121+0000] {processor.py:208} INFO - Processing /home/airflow/.local/lib/python3.12/site-packages/airflow/example_dags/example_datasets.py took 0.304 seconds
