[2024-12-02T06:24:40.126+0000] {local_task_job_runner.py:123} INFO - ::group::Pre task execution logs
[2024-12-02T06:24:40.132+0000] {taskinstance.py:2613} INFO - Dependencies all met for dep_context=non-requeueable deps ti=<TaskInstance: 01_unschedulled.fetch_events manual__2024-12-02T06:24:39.038948+00:00 [queued]>
[2024-12-02T06:24:40.134+0000] {taskinstance.py:2613} INFO - Dependencies all met for dep_context=requeueable deps ti=<TaskInstance: 01_unschedulled.fetch_events manual__2024-12-02T06:24:39.038948+00:00 [queued]>
[2024-12-02T06:24:40.135+0000] {taskinstance.py:2866} INFO - Starting attempt 1 of 1
[2024-12-02T06:24:40.140+0000] {taskinstance.py:2889} INFO - Executing <Task(BashOperator): fetch_events> on 2024-12-02 06:24:39.038948+00:00
[2024-12-02T06:24:40.144+0000] {warnings.py:112} WARNING - /home/***/.local/lib/python3.12/site-packages/***/task/task_runner/standard_task_runner.py:70: DeprecationWarning: This process (pid=383) is multi-threaded, use of fork() may lead to deadlocks in the child.
  pid = os.fork()

[2024-12-02T06:24:40.145+0000] {standard_task_runner.py:72} INFO - Started process 384 to run task
[2024-12-02T06:24:40.145+0000] {standard_task_runner.py:104} INFO - Running: ['***', 'tasks', 'run', '01_unschedulled', 'fetch_events', 'manual__2024-12-02T06:24:39.038948+00:00', '--job-id', '42', '--raw', '--subdir', 'DAGS_FOLDER/website_events.py', '--cfg-path', '/tmp/tmpxsysg9hz']
[2024-12-02T06:24:40.145+0000] {standard_task_runner.py:105} INFO - Job 42: Subtask fetch_events
[2024-12-02T06:24:40.162+0000] {task_command.py:467} INFO - Running <TaskInstance: 01_unschedulled.fetch_events manual__2024-12-02T06:24:39.038948+00:00 [running]> on host 5b399ecdbb69
[2024-12-02T06:24:40.192+0000] {taskinstance.py:3132} INFO - Exporting env vars: AIRFLOW_CTX_DAG_OWNER='***' AIRFLOW_CTX_DAG_ID='01_unschedulled' AIRFLOW_CTX_TASK_ID='fetch_events' AIRFLOW_CTX_EXECUTION_DATE='2024-12-02T06:24:39.038948+00:00' AIRFLOW_CTX_TRY_NUMBER='1' AIRFLOW_CTX_DAG_RUN_ID='manual__2024-12-02T06:24:39.038948+00:00'
[2024-12-02T06:24:40.193+0000] {logging_mixin.py:190} INFO - Task instance is in running state
[2024-12-02T06:24:40.193+0000] {logging_mixin.py:190} INFO -  Previous state of the Task instance: queued
[2024-12-02T06:24:40.193+0000] {logging_mixin.py:190} INFO - Current task name:fetch_events state:running start_date:2024-12-02 06:24:40.132488+00:00
[2024-12-02T06:24:40.193+0000] {logging_mixin.py:190} INFO - Dag name:01_unschedulled and current dag run status:running
[2024-12-02T06:24:40.193+0000] {taskinstance.py:731} INFO - ::endgroup::
[2024-12-02T06:24:40.194+0000] {subprocess.py:78} INFO - Tmp dir root location: /tmp
[2024-12-02T06:24:40.194+0000] {subprocess.py:88} INFO - Running command: ['/usr/bin/bash', '-c', 'curl -o /tmp/data/events.json http://events_api:5000/events']
[2024-12-02T06:24:40.199+0000] {subprocess.py:99} INFO - Output:
[2024-12-02T06:24:40.203+0000] {subprocess.py:106} INFO -   % Total    % Received % Xferd  Average Speed   Time    Time     Time  Current
[2024-12-02T06:24:40.203+0000] {subprocess.py:106} INFO -                                  Dload  Upload   Total   Spent    Left  Speed
[2024-12-02T06:24:40.319+0000] {subprocess.py:106} INFO -   0     0    0     0    0     0      0      0 --:--:-- --:--:-- --:--:--     0100 1796k  100 1796k    0     0  15.1M      0 --:--:-- --:--:-- --:--:-- 15.2M
[2024-12-02T06:24:40.319+0000] {subprocess.py:110} INFO - Command exited with return code 0
[2024-12-02T06:24:40.328+0000] {taskinstance.py:340} INFO - ::group::Post task execution logs
[2024-12-02T06:24:40.328+0000] {taskinstance.py:352} INFO - Marking task as SUCCESS. dag_id=01_unschedulled, task_id=fetch_events, run_id=manual__2024-12-02T06:24:39.038948+00:00, execution_date=20241202T062439, start_date=20241202T062440, end_date=20241202T062440
[2024-12-02T06:24:40.331+0000] {logging_mixin.py:190} INFO - Task instance in success state
[2024-12-02T06:24:40.331+0000] {logging_mixin.py:190} INFO -  Previous state of the Task instance: running
[2024-12-02T06:24:40.331+0000] {logging_mixin.py:190} INFO - Dag name:01_unschedulled queued_at:2024-12-02 06:24:39.042637+00:00
[2024-12-02T06:24:40.331+0000] {logging_mixin.py:190} INFO - Task hostname:5b399ecdbb69 operator:BashOperator
[2024-12-02T06:24:40.366+0000] {local_task_job_runner.py:266} INFO - Task exited with return code 0
[2024-12-02T06:24:40.382+0000] {taskinstance.py:3895} INFO - 1 downstream tasks scheduled from follow-on schedule check
[2024-12-02T06:24:40.383+0000] {local_task_job_runner.py:245} INFO - ::endgroup::
