[2024-11-28T09:01:24.652+0000] {local_task_job_runner.py:123} INFO - ::group::Pre task execution logs
[2024-11-28T09:01:24.656+0000] {taskinstance.py:2613} INFO - Dependencies all met for dep_context=non-requeueable deps ti=<TaskInstance: download_rocket_launches.notify manual__2024-11-28T09:01:09.379778+00:00 [queued]>
[2024-11-28T09:01:24.659+0000] {taskinstance.py:2613} INFO - Dependencies all met for dep_context=requeueable deps ti=<TaskInstance: download_rocket_launches.notify manual__2024-11-28T09:01:09.379778+00:00 [queued]>
[2024-11-28T09:01:24.659+0000] {taskinstance.py:2866} INFO - Starting attempt 1 of 1
[2024-11-28T09:01:24.663+0000] {taskinstance.py:2889} INFO - Executing <Task(BashOperator): notify> on 2024-11-28 09:01:09.379778+00:00
[2024-11-28T09:01:24.665+0000] {warnings.py:112} WARNING - /home/***/.local/lib/python3.12/site-packages/***/task/task_runner/standard_task_runner.py:70: DeprecationWarning: This process (pid=1583) is multi-threaded, use of fork() may lead to deadlocks in the child.
  pid = os.fork()

[2024-11-28T09:01:24.666+0000] {standard_task_runner.py:72} INFO - Started process 1584 to run task
[2024-11-28T09:01:24.666+0000] {standard_task_runner.py:104} INFO - Running: ['***', 'tasks', 'run', 'download_rocket_launches', 'notify', 'manual__2024-11-28T09:01:09.379778+00:00', '--job-id', '10', '--raw', '--subdir', 'DAGS_FOLDER/download_rocket_launch.py', '--cfg-path', '/tmp/tmp85z_oqv7']
[2024-11-28T09:01:24.667+0000] {standard_task_runner.py:105} INFO - Job 10: Subtask notify
[2024-11-28T09:01:24.681+0000] {task_command.py:467} INFO - Running <TaskInstance: download_rocket_launches.notify manual__2024-11-28T09:01:09.379778+00:00 [running]> on host 7949ba71cb80
[2024-11-28T09:01:24.703+0000] {taskinstance.py:3132} INFO - Exporting env vars: AIRFLOW_CTX_DAG_OWNER='***' AIRFLOW_CTX_DAG_ID='download_rocket_launches' AIRFLOW_CTX_TASK_ID='notify' AIRFLOW_CTX_EXECUTION_DATE='2024-11-28T09:01:09.379778+00:00' AIRFLOW_CTX_TRY_NUMBER='1' AIRFLOW_CTX_DAG_RUN_ID='manual__2024-11-28T09:01:09.379778+00:00'
[2024-11-28T09:01:24.703+0000] {logging_mixin.py:190} INFO - Task instance is in running state
[2024-11-28T09:01:24.704+0000] {logging_mixin.py:190} INFO -  Previous state of the Task instance: queued
[2024-11-28T09:01:24.704+0000] {logging_mixin.py:190} INFO - Current task name:notify state:running start_date:2024-11-28 09:01:24.656942+00:00
[2024-11-28T09:01:24.704+0000] {logging_mixin.py:190} INFO - Dag name:download_rocket_launches and current dag run status:running
[2024-11-28T09:01:24.704+0000] {taskinstance.py:731} INFO - ::endgroup::
[2024-11-28T09:01:24.704+0000] {subprocess.py:78} INFO - Tmp dir root location: /tmp
[2024-11-28T09:01:24.704+0000] {subprocess.py:88} INFO - Running command: ['/usr/bin/bash', '-c', 'echo "There are now $(ls /tmp/images/ | wc -l) images."']
[2024-11-28T09:01:24.709+0000] {subprocess.py:99} INFO - Output:
[2024-11-28T09:01:24.710+0000] {subprocess.py:106} INFO - There are now 7 images.
[2024-11-28T09:01:24.710+0000] {subprocess.py:110} INFO - Command exited with return code 0
[2024-11-28T09:01:24.718+0000] {taskinstance.py:340} INFO - ::group::Post task execution logs
[2024-11-28T09:01:24.718+0000] {taskinstance.py:352} INFO - Marking task as SUCCESS. dag_id=download_rocket_launches, task_id=notify, run_id=manual__2024-11-28T09:01:09.379778+00:00, execution_date=20241128T090109, start_date=20241128T090124, end_date=20241128T090124
[2024-11-28T09:01:24.721+0000] {logging_mixin.py:190} INFO - Task instance in success state
[2024-11-28T09:01:24.721+0000] {logging_mixin.py:190} INFO -  Previous state of the Task instance: running
[2024-11-28T09:01:24.721+0000] {logging_mixin.py:190} INFO - Dag name:download_rocket_launches queued_at:2024-11-28 09:01:09.397860+00:00
[2024-11-28T09:01:24.721+0000] {logging_mixin.py:190} INFO - Task hostname:7949ba71cb80 operator:BashOperator
[2024-11-28T09:01:24.724+0000] {local_task_job_runner.py:266} INFO - Task exited with return code 0
[2024-11-28T09:01:24.729+0000] {taskinstance.py:3895} INFO - 0 downstream tasks scheduled from follow-on schedule check
[2024-11-28T09:01:24.729+0000] {local_task_job_runner.py:245} INFO - ::endgroup::
