[2024-12-19T21:55:22.056+0000] {local_task_job_runner.py:123} INFO - ::group::Pre task execution logs
[2024-12-19T21:55:22.087+0000] {taskinstance.py:2613} INFO - Dependencies all met for dep_context=non-requeueable deps ti=<TaskInstance: atomic_idm.fetch_events scheduled__2024-11-23T00:00:00+00:00 [queued]>
[2024-12-19T21:55:22.110+0000] {taskinstance.py:2613} INFO - Dependencies all met for dep_context=requeueable deps ti=<TaskInstance: atomic_idm.fetch_events scheduled__2024-11-23T00:00:00+00:00 [queued]>
[2024-12-19T21:55:22.112+0000] {taskinstance.py:2866} INFO - Starting attempt 1 of 1
[2024-12-19T21:55:22.583+0000] {taskinstance.py:2889} INFO - Executing <Task(BashOperator): fetch_events> on 2024-11-23 00:00:00+00:00
[2024-12-19T21:55:22.594+0000] {standard_task_runner.py:104} INFO - Running: ['***', 'tasks', 'run', 'atomic_idm', 'fetch_events', 'scheduled__2024-11-23T00:00:00+00:00', '--job-id', '186', '--raw', '--subdir', 'DAGS_FOLDER/atomicity_idempotency.py', '--cfg-path', '/tmp/tmpd0vxf3df']
[2024-12-19T21:55:22.587+0000] {warnings.py:112} WARNING - /home/***/.local/lib/python3.12/site-packages/***/task/task_runner/standard_task_runner.py:70: DeprecationWarning: This process (pid=385) is multi-threaded, use of fork() may lead to deadlocks in the child.
  pid = os.fork()

[2024-12-19T21:55:22.600+0000] {standard_task_runner.py:72} INFO - Started process 414 to run task
[2024-12-19T21:55:22.600+0000] {standard_task_runner.py:105} INFO - Job 186: Subtask fetch_events
[2024-12-19T21:55:22.751+0000] {task_command.py:467} INFO - Running <TaskInstance: atomic_idm.fetch_events scheduled__2024-11-23T00:00:00+00:00 [running]> on host 447a91cba43e
[2024-12-19T21:55:22.872+0000] {taskinstance.py:3132} INFO - Exporting env vars: AIRFLOW_CTX_DAG_OWNER='***' AIRFLOW_CTX_DAG_ID='atomic_idm' AIRFLOW_CTX_TASK_ID='fetch_events' AIRFLOW_CTX_EXECUTION_DATE='2024-11-23T00:00:00+00:00' AIRFLOW_CTX_TRY_NUMBER='1' AIRFLOW_CTX_DAG_RUN_ID='scheduled__2024-11-23T00:00:00+00:00'
[2024-12-19T21:55:22.875+0000] {logging_mixin.py:190} INFO - Task instance is in running state
[2024-12-19T21:55:22.879+0000] {logging_mixin.py:190} INFO -  Previous state of the Task instance: queued
[2024-12-19T21:55:22.881+0000] {logging_mixin.py:190} INFO - Current task name:fetch_events state:running start_date:2024-12-19 21:55:22.093900+00:00
[2024-12-19T21:55:22.881+0000] {logging_mixin.py:190} INFO - Dag name:atomic_idm and current dag run status:running
[2024-12-19T21:55:22.883+0000] {taskinstance.py:731} INFO - ::endgroup::
[2024-12-19T21:55:22.886+0000] {subprocess.py:78} INFO - Tmp dir root location: /tmp
[2024-12-19T21:55:22.893+0000] {subprocess.py:88} INFO - Running command: ['/usr/bin/bash', '-c', 'curl -o /tmp/data/events.json_2024-11-23 http://events_api:5000/events?start_date=2024-12-19&end_date=2024-12-20']
[2024-12-19T21:55:22.946+0000] {subprocess.py:99} INFO - Output:
[2024-12-19T21:55:22.977+0000] {subprocess.py:106} INFO -   % Total    % Received % Xferd  Average Speed   Time    Time     Time  Current
[2024-12-19T21:55:22.984+0000] {subprocess.py:106} INFO -                                  Dload  Upload   Total   Spent    Left  Speed
[2024-12-19T21:55:22.993+0000] {subprocess.py:106} INFO -   0     0    0     0    0     0      0      0 --:--:-- --:--:-- --:--:--     0100     3  100     3    0     0    421      0 --:--:-- --:--:-- --:--:--   428
[2024-12-19T21:55:22.996+0000] {subprocess.py:110} INFO - Command exited with return code 0
[2024-12-19T21:55:23.078+0000] {taskinstance.py:340} INFO - ::group::Post task execution logs
[2024-12-19T21:55:23.082+0000] {taskinstance.py:352} INFO - Marking task as SUCCESS. dag_id=atomic_idm, task_id=fetch_events, run_id=scheduled__2024-11-23T00:00:00+00:00, execution_date=20241123T000000, start_date=20241219T215522, end_date=20241219T215523
[2024-12-19T21:55:23.115+0000] {logging_mixin.py:190} INFO - Task instance in success state
[2024-12-19T21:55:23.116+0000] {logging_mixin.py:190} INFO -  Previous state of the Task instance: running
[2024-12-19T21:55:23.116+0000] {logging_mixin.py:190} INFO - Dag name:atomic_idm queued_at:2024-12-19 21:55:20.163470+00:00
[2024-12-19T21:55:23.116+0000] {logging_mixin.py:190} INFO - Task hostname:447a91cba43e operator:BashOperator
[2024-12-19T21:55:23.149+0000] {local_task_job_runner.py:266} INFO - Task exited with return code 0
[2024-12-19T21:55:23.180+0000] {taskinstance.py:3895} INFO - 1 downstream tasks scheduled from follow-on schedule check
[2024-12-19T21:55:23.183+0000] {local_task_job_runner.py:245} INFO - ::endgroup::
