[2024-12-19T21:43:31.216+0000] {local_task_job_runner.py:123} INFO - ::group::Pre task execution logs
[2024-12-19T21:43:31.267+0000] {taskinstance.py:2613} INFO - Dependencies all met for dep_context=non-requeueable deps ti=<TaskInstance: incremental_data_processing.fetch_events scheduled__2024-12-17T23:00:00+00:00 [queued]>
[2024-12-19T21:43:31.284+0000] {taskinstance.py:2613} INFO - Dependencies all met for dep_context=requeueable deps ti=<TaskInstance: incremental_data_processing.fetch_events scheduled__2024-12-17T23:00:00+00:00 [queued]>
[2024-12-19T21:43:31.286+0000] {taskinstance.py:2866} INFO - Starting attempt 1 of 1
[2024-12-19T21:43:31.328+0000] {taskinstance.py:2889} INFO - Executing <Task(BashOperator): fetch_events> on 2024-12-17 23:00:00+00:00
[2024-12-19T21:43:31.342+0000] {standard_task_runner.py:104} INFO - Running: ['***', 'tasks', 'run', 'incremental_data_processing', 'fetch_events', 'scheduled__2024-12-17T23:00:00+00:00', '--job-id', '161', '--raw', '--subdir', 'DAGS_FOLDER/incremental_data_processing.py', '--cfg-path', '/tmp/tmpm74xtxb4']
[2024-12-19T21:43:31.345+0000] {standard_task_runner.py:105} INFO - Job 161: Subtask fetch_events
[2024-12-19T21:43:31.344+0000] {warnings.py:112} WARNING - /home/***/.local/lib/python3.12/site-packages/***/task/task_runner/standard_task_runner.py:70: DeprecationWarning: This process (pid=76) is multi-threaded, use of fork() may lead to deadlocks in the child.
  pid = os.fork()

[2024-12-19T21:43:31.358+0000] {standard_task_runner.py:72} INFO - Started process 98 to run task
[2024-12-19T21:43:32.706+0000] {task_command.py:467} INFO - Running <TaskInstance: incremental_data_processing.fetch_events scheduled__2024-12-17T23:00:00+00:00 [running]> on host 447a91cba43e
[2024-12-19T21:43:32.821+0000] {taskinstance.py:3132} INFO - Exporting env vars: AIRFLOW_CTX_DAG_OWNER='***' AIRFLOW_CTX_DAG_ID='incremental_data_processing' AIRFLOW_CTX_TASK_ID='fetch_events' AIRFLOW_CTX_EXECUTION_DATE='2024-12-17T23:00:00+00:00' AIRFLOW_CTX_TRY_NUMBER='1' AIRFLOW_CTX_DAG_RUN_ID='scheduled__2024-12-17T23:00:00+00:00'
[2024-12-19T21:43:32.823+0000] {logging_mixin.py:190} INFO - Task instance is in running state
[2024-12-19T21:43:32.826+0000] {logging_mixin.py:190} INFO -  Previous state of the Task instance: queued
[2024-12-19T21:43:32.828+0000] {logging_mixin.py:190} INFO - Current task name:fetch_events state:running start_date:2024-12-19 21:43:31.267504+00:00
[2024-12-19T21:43:32.828+0000] {logging_mixin.py:190} INFO - Dag name:incremental_data_processing and current dag run status:running
[2024-12-19T21:43:32.829+0000] {taskinstance.py:731} INFO - ::endgroup::
[2024-12-19T21:43:32.831+0000] {subprocess.py:78} INFO - Tmp dir root location: /tmp
[2024-12-19T21:43:32.834+0000] {subprocess.py:88} INFO - Running command: ['/usr/bin/bash', '-c', 'curl -o /tmp/data/events.json_2024-12-17 http://events_api:5000/events?start_date=2024-12-01&end_date=2024-12-02start_date=2024-12-17&end_date=2024-12-18']
[2024-12-19T21:43:32.849+0000] {subprocess.py:99} INFO - Output:
[2024-12-19T21:43:32.858+0000] {subprocess.py:106} INFO -   % Total    % Received % Xferd  Average Speed   Time    Time     Time  Current
[2024-12-19T21:43:32.859+0000] {subprocess.py:106} INFO -                                  Dload  Upload   Total   Spent    Left  Speed
[2024-12-19T21:43:33.997+0000] {subprocess.py:106} INFO -   0     0    0     0    0     0      0      0 --:--:-- --:--:-- --:--:--     0  0     0    0     0    0     0      0      0 --:--:--  0:00:01 --:--:--     0100 1086k  100 1086k    0     0   954k      0  0:00:01  0:00:01 --:--:--  954k
[2024-12-19T21:43:33.998+0000] {subprocess.py:110} INFO - Command exited with return code 0
[2024-12-19T21:43:34.018+0000] {taskinstance.py:340} INFO - ::group::Post task execution logs
[2024-12-19T21:43:34.020+0000] {taskinstance.py:352} INFO - Marking task as SUCCESS. dag_id=incremental_data_processing, task_id=fetch_events, run_id=scheduled__2024-12-17T23:00:00+00:00, execution_date=20241217T230000, start_date=20241219T214331, end_date=20241219T214334
[2024-12-19T21:43:34.027+0000] {logging_mixin.py:190} INFO - Task instance in success state
[2024-12-19T21:43:34.027+0000] {logging_mixin.py:190} INFO -  Previous state of the Task instance: running
[2024-12-19T21:43:34.028+0000] {logging_mixin.py:190} INFO - Dag name:incremental_data_processing queued_at:2024-12-19 21:43:25.894281+00:00
[2024-12-19T21:43:34.028+0000] {logging_mixin.py:190} INFO - Task hostname:447a91cba43e operator:BashOperator
[2024-12-19T21:43:34.052+0000] {local_task_job_runner.py:266} INFO - Task exited with return code 0
[2024-12-19T21:43:34.350+0000] {taskinstance.py:3895} INFO - 1 downstream tasks scheduled from follow-on schedule check
[2024-12-19T21:43:34.353+0000] {local_task_job_runner.py:245} INFO - ::endgroup::
