[2024-12-02T23:43:38.356+0000] {local_task_job_runner.py:123} INFO - ::group::Pre task execution logs
[2024-12-02T23:43:38.395+0000] {taskinstance.py:2613} INFO - Dependencies all met for dep_context=non-requeueable deps ti=<TaskInstance: incremental_data_processing.fetch_events scheduled__2024-12-01T22:00:00+00:00 [queued]>
[2024-12-02T23:43:38.420+0000] {taskinstance.py:2613} INFO - Dependencies all met for dep_context=requeueable deps ti=<TaskInstance: incremental_data_processing.fetch_events scheduled__2024-12-01T22:00:00+00:00 [queued]>
[2024-12-02T23:43:38.424+0000] {taskinstance.py:2866} INFO - Starting attempt 1 of 1
[2024-12-02T23:43:38.451+0000] {taskinstance.py:2889} INFO - Executing <Task(BashOperator): fetch_events> on 2024-12-01 22:00:00+00:00
[2024-12-02T23:43:38.458+0000] {warnings.py:112} WARNING - /home/***/.local/lib/python3.12/site-packages/***/task/task_runner/standard_task_runner.py:70: DeprecationWarning: This process (pid=464) is multi-threaded, use of fork() may lead to deadlocks in the child.
  pid = os.fork()

[2024-12-02T23:43:38.460+0000] {standard_task_runner.py:72} INFO - Started process 490 to run task
[2024-12-02T23:43:38.481+0000] {standard_task_runner.py:104} INFO - Running: ['***', 'tasks', 'run', 'incremental_data_processing', 'fetch_events', 'scheduled__2024-12-01T22:00:00+00:00', '--job-id', '85', '--raw', '--subdir', 'DAGS_FOLDER/incremental_data_processing.py', '--cfg-path', '/tmp/tmpkoyw633k']
[2024-12-02T23:43:38.489+0000] {standard_task_runner.py:105} INFO - Job 85: Subtask fetch_events
[2024-12-02T23:43:38.565+0000] {task_command.py:467} INFO - Running <TaskInstance: incremental_data_processing.fetch_events scheduled__2024-12-01T22:00:00+00:00 [running]> on host 91648beb4ae9
[2024-12-02T23:43:38.732+0000] {taskinstance.py:3132} INFO - Exporting env vars: AIRFLOW_CTX_DAG_OWNER='***' AIRFLOW_CTX_DAG_ID='incremental_data_processing' AIRFLOW_CTX_TASK_ID='fetch_events' AIRFLOW_CTX_EXECUTION_DATE='2024-12-01T22:00:00+00:00' AIRFLOW_CTX_TRY_NUMBER='1' AIRFLOW_CTX_DAG_RUN_ID='scheduled__2024-12-01T22:00:00+00:00'
[2024-12-02T23:43:38.733+0000] {logging_mixin.py:190} INFO - Task instance is in running state
[2024-12-02T23:43:38.734+0000] {logging_mixin.py:190} INFO -  Previous state of the Task instance: queued
[2024-12-02T23:43:38.735+0000] {logging_mixin.py:190} INFO - Current task name:fetch_events state:running start_date:2024-12-02 23:43:38.398189+00:00
[2024-12-02T23:43:38.736+0000] {logging_mixin.py:190} INFO - Dag name:incremental_data_processing and current dag run status:running
[2024-12-02T23:43:38.736+0000] {taskinstance.py:731} INFO - ::endgroup::
[2024-12-02T23:43:38.737+0000] {subprocess.py:78} INFO - Tmp dir root location: /tmp
[2024-12-02T23:43:38.745+0000] {subprocess.py:88} INFO - Running command: ['/usr/bin/bash', '-c', 'curl -o /tmp/data/events.json http://events_api:5000/events?start_date=2024-12-01&end_date=2024-12-02']
[2024-12-02T23:43:38.776+0000] {subprocess.py:99} INFO - Output:
[2024-12-02T23:43:38.792+0000] {subprocess.py:106} INFO -   % Total    % Received % Xferd  Average Speed   Time    Time     Time  Current
[2024-12-02T23:43:38.798+0000] {subprocess.py:106} INFO -                                  Dload  Upload   Total   Spent    Left  Speed
[2024-12-02T23:43:38.816+0000] {subprocess.py:106} INFO -   0     0    0     0    0     0      0      0 --:--:-- --:--:-- --:--:--     0100 38675  100 38675    0     0  1547k      0 --:--:-- --:--:-- --:--:-- 1573k
[2024-12-02T23:43:38.823+0000] {subprocess.py:110} INFO - Command exited with return code 0
[2024-12-02T23:43:38.915+0000] {taskinstance.py:340} INFO - ::group::Post task execution logs
[2024-12-02T23:43:38.916+0000] {taskinstance.py:352} INFO - Marking task as SUCCESS. dag_id=incremental_data_processing, task_id=fetch_events, run_id=scheduled__2024-12-01T22:00:00+00:00, execution_date=20241201T220000, start_date=20241202T234338, end_date=20241202T234338
[2024-12-02T23:43:38.931+0000] {logging_mixin.py:190} INFO - Task instance in success state
[2024-12-02T23:43:38.934+0000] {logging_mixin.py:190} INFO -  Previous state of the Task instance: running
[2024-12-02T23:43:38.934+0000] {logging_mixin.py:190} INFO - Dag name:incremental_data_processing queued_at:2024-12-02 23:43:35.856014+00:00
[2024-12-02T23:43:38.936+0000] {logging_mixin.py:190} INFO - Task hostname:91648beb4ae9 operator:BashOperator
[2024-12-02T23:43:38.960+0000] {local_task_job_runner.py:266} INFO - Task exited with return code 0
[2024-12-02T23:43:39.044+0000] {taskinstance.py:3895} INFO - 1 downstream tasks scheduled from follow-on schedule check
[2024-12-02T23:43:39.056+0000] {local_task_job_runner.py:245} INFO - ::endgroup::
