[2024-11-28T08:35:10.014+0000] {processor.py:186} INFO - Started process (PID=10542) to work on /opt/airflow/dags/download_rocket_launch.py
[2024-11-28T08:35:10.014+0000] {processor.py:914} INFO - Processing file /opt/airflow/dags/download_rocket_launch.py for tasks to queue
[2024-11-28T08:35:10.016+0000] {logging_mixin.py:190} INFO - [2024-11-28T08:35:10.015+0000] {dagbag.py:588} INFO - Filling up the DagBag from /opt/airflow/dags/download_rocket_launch.py
[2024-11-28T08:35:10.020+0000] {logging_mixin.py:190} INFO - [2024-11-28T08:35:10.019+0000] {dagbag.py:387} ERROR - Failed to import: /opt/airflow/dags/download_rocket_launch.py
Traceback (most recent call last):
  File "/home/airflow/.local/lib/python3.12/site-packages/airflow/models/dagbag.py", line 383, in parse
    loader.exec_module(new_module)
  File "<frozen importlib._bootstrap_external>", line 991, in exec_module
  File "<frozen importlib._bootstrap_external>", line 1129, in get_code
  File "<frozen importlib._bootstrap_external>", line 1059, in source_to_code
  File "<frozen importlib._bootstrap>", line 488, in _call_with_frames_removed
  File "/opt/airflow/dags/download_rocket_launch.py", line 18
    bash_command = "curl -o /tmp/launches.json -L 'https://ll.thespacedevs.com/2.0.0/launch/upcoming'"
                   
SyntaxError: invalid syntax. Perhaps you forgot a comma?
[2024-11-28T08:35:10.020+0000] {processor.py:927} WARNING - No viable dags retrieved from /opt/airflow/dags/download_rocket_launch.py
[2024-11-28T08:35:10.031+0000] {processor.py:208} INFO - Processing /opt/airflow/dags/download_rocket_launch.py took 0.022 seconds
[2024-11-28T08:35:40.505+0000] {processor.py:186} INFO - Started process (PID=10606) to work on /opt/airflow/dags/download_rocket_launch.py
[2024-11-28T08:35:40.506+0000] {processor.py:914} INFO - Processing file /opt/airflow/dags/download_rocket_launch.py for tasks to queue
[2024-11-28T08:35:40.508+0000] {logging_mixin.py:190} INFO - [2024-11-28T08:35:40.508+0000] {dagbag.py:588} INFO - Filling up the DagBag from /opt/airflow/dags/download_rocket_launch.py
[2024-11-28T08:35:40.511+0000] {logging_mixin.py:190} INFO - [2024-11-28T08:35:40.511+0000] {dagbag.py:387} ERROR - Failed to import: /opt/airflow/dags/download_rocket_launch.py
Traceback (most recent call last):
  File "/home/airflow/.local/lib/python3.12/site-packages/airflow/models/dagbag.py", line 383, in parse
    loader.exec_module(new_module)
  File "<frozen importlib._bootstrap_external>", line 991, in exec_module
  File "<frozen importlib._bootstrap_external>", line 1129, in get_code
  File "<frozen importlib._bootstrap_external>", line 1059, in source_to_code
  File "<frozen importlib._bootstrap>", line 488, in _call_with_frames_removed
  File "/opt/airflow/dags/download_rocket_launch.py", line 18
    bash_command = "curl -o /tmp/launches.json -L 'https://ll.thespacedevs.com/2.0.0/launch/upcoming'"
                   
SyntaxError: invalid syntax. Perhaps you forgot a comma?
[2024-11-28T08:35:40.512+0000] {processor.py:927} WARNING - No viable dags retrieved from /opt/airflow/dags/download_rocket_launch.py
[2024-11-28T08:35:40.524+0000] {processor.py:208} INFO - Processing /opt/airflow/dags/download_rocket_launch.py took 0.024 seconds
[2024-11-28T08:36:11.027+0000] {processor.py:186} INFO - Started process (PID=10670) to work on /opt/airflow/dags/download_rocket_launch.py
[2024-11-28T08:36:11.028+0000] {processor.py:914} INFO - Processing file /opt/airflow/dags/download_rocket_launch.py for tasks to queue
[2024-11-28T08:36:11.031+0000] {logging_mixin.py:190} INFO - [2024-11-28T08:36:11.030+0000] {dagbag.py:588} INFO - Filling up the DagBag from /opt/airflow/dags/download_rocket_launch.py
[2024-11-28T08:36:11.035+0000] {logging_mixin.py:190} INFO - [2024-11-28T08:36:11.034+0000] {dagbag.py:387} ERROR - Failed to import: /opt/airflow/dags/download_rocket_launch.py
Traceback (most recent call last):
  File "/home/airflow/.local/lib/python3.12/site-packages/airflow/models/dagbag.py", line 383, in parse
    loader.exec_module(new_module)
  File "<frozen importlib._bootstrap_external>", line 991, in exec_module
  File "<frozen importlib._bootstrap_external>", line 1129, in get_code
  File "<frozen importlib._bootstrap_external>", line 1059, in source_to_code
  File "<frozen importlib._bootstrap>", line 488, in _call_with_frames_removed
  File "/opt/airflow/dags/download_rocket_launch.py", line 18
    bash_command = "curl -o /tmp/launches.json -L 'https://ll.thespacedevs.com/2.0.0/launch/upcoming'"
                   
SyntaxError: invalid syntax. Perhaps you forgot a comma?
[2024-11-28T08:36:11.035+0000] {processor.py:927} WARNING - No viable dags retrieved from /opt/airflow/dags/download_rocket_launch.py
[2024-11-28T08:36:11.050+0000] {processor.py:208} INFO - Processing /opt/airflow/dags/download_rocket_launch.py took 0.027 seconds
[2024-11-28T08:40:10.205+0000] {processor.py:186} INFO - Started process (PID=11125) to work on /opt/airflow/dags/download_rocket_launch.py
[2024-11-28T08:40:10.206+0000] {processor.py:914} INFO - Processing file /opt/airflow/dags/download_rocket_launch.py for tasks to queue
[2024-11-28T08:40:10.206+0000] {logging_mixin.py:190} INFO - [2024-11-28T08:40:10.206+0000] {dagbag.py:588} INFO - Filling up the DagBag from /opt/airflow/dags/download_rocket_launch.py
[2024-11-28T08:40:10.211+0000] {processor.py:925} INFO - DAG(s) 'download_rocket_launches' retrieved from /opt/airflow/dags/download_rocket_launch.py
[2024-11-28T08:40:10.245+0000] {logging_mixin.py:190} INFO - [2024-11-28T08:40:10.245+0000] {override.py:1911} INFO - Created Permission View: can edit on DAG:download_rocket_launches
[2024-11-28T08:40:10.248+0000] {logging_mixin.py:190} INFO - [2024-11-28T08:40:10.248+0000] {override.py:1911} INFO - Created Permission View: can delete on DAG:download_rocket_launches
[2024-11-28T08:40:10.249+0000] {logging_mixin.py:190} INFO - [2024-11-28T08:40:10.249+0000] {override.py:1911} INFO - Created Permission View: can read on DAG:download_rocket_launches
[2024-11-28T08:40:10.251+0000] {logging_mixin.py:190} INFO - [2024-11-28T08:40:10.250+0000] {override.py:1911} INFO - Created Permission View: can create on DAG Run:download_rocket_launches
[2024-11-28T08:40:10.252+0000] {logging_mixin.py:190} INFO - [2024-11-28T08:40:10.252+0000] {override.py:1911} INFO - Created Permission View: can delete on DAG Run:download_rocket_launches
[2024-11-28T08:40:10.253+0000] {logging_mixin.py:190} INFO - [2024-11-28T08:40:10.253+0000] {override.py:1911} INFO - Created Permission View: can read on DAG Run:download_rocket_launches
[2024-11-28T08:40:10.254+0000] {logging_mixin.py:190} INFO - [2024-11-28T08:40:10.254+0000] {override.py:1911} INFO - Created Permission View: menu access on DAG Run:download_rocket_launches
[2024-11-28T08:40:10.254+0000] {logging_mixin.py:190} INFO - [2024-11-28T08:40:10.254+0000] {dag.py:3239} INFO - Sync 1 DAGs
[2024-11-28T08:40:10.258+0000] {logging_mixin.py:190} INFO - [2024-11-28T08:40:10.258+0000] {dag.py:3262} INFO - Creating ORM DAG for download_rocket_launches
[2024-11-28T08:40:10.258+0000] {logging_mixin.py:190} INFO - [2024-11-28T08:40:10.258+0000] {dag.py:4180} INFO - Setting next_dagrun for download_rocket_launches to None, run_after=None
[2024-11-28T08:40:10.263+0000] {processor.py:208} INFO - Processing /opt/airflow/dags/download_rocket_launch.py took 0.060 seconds
[2024-11-28T08:40:40.315+0000] {processor.py:186} INFO - Started process (PID=11187) to work on /opt/airflow/dags/download_rocket_launch.py
[2024-11-28T08:40:40.316+0000] {processor.py:914} INFO - Processing file /opt/airflow/dags/download_rocket_launch.py for tasks to queue
[2024-11-28T08:40:40.319+0000] {logging_mixin.py:190} INFO - [2024-11-28T08:40:40.319+0000] {dagbag.py:588} INFO - Filling up the DagBag from /opt/airflow/dags/download_rocket_launch.py
[2024-11-28T08:40:40.329+0000] {processor.py:925} INFO - DAG(s) 'download_rocket_launches' retrieved from /opt/airflow/dags/download_rocket_launch.py
[2024-11-28T08:40:40.341+0000] {logging_mixin.py:190} INFO - [2024-11-28T08:40:40.341+0000] {dag.py:3239} INFO - Sync 1 DAGs
[2024-11-28T08:40:40.350+0000] {logging_mixin.py:190} INFO - [2024-11-28T08:40:40.350+0000] {dag.py:4180} INFO - Setting next_dagrun for download_rocket_launches to None, run_after=None
[2024-11-28T08:40:40.360+0000] {processor.py:208} INFO - Processing /opt/airflow/dags/download_rocket_launch.py took 0.051 seconds
[2024-11-28T08:41:10.798+0000] {processor.py:186} INFO - Started process (PID=11251) to work on /opt/airflow/dags/download_rocket_launch.py
[2024-11-28T08:41:10.799+0000] {processor.py:914} INFO - Processing file /opt/airflow/dags/download_rocket_launch.py for tasks to queue
[2024-11-28T08:41:10.800+0000] {logging_mixin.py:190} INFO - [2024-11-28T08:41:10.799+0000] {dagbag.py:588} INFO - Filling up the DagBag from /opt/airflow/dags/download_rocket_launch.py
[2024-11-28T08:41:10.805+0000] {processor.py:925} INFO - DAG(s) 'download_rocket_launches' retrieved from /opt/airflow/dags/download_rocket_launch.py
[2024-11-28T08:41:10.817+0000] {logging_mixin.py:190} INFO - [2024-11-28T08:41:10.817+0000] {dag.py:3239} INFO - Sync 1 DAGs
[2024-11-28T08:41:10.824+0000] {logging_mixin.py:190} INFO - [2024-11-28T08:41:10.824+0000] {dag.py:4180} INFO - Setting next_dagrun for download_rocket_launches to None, run_after=None
[2024-11-28T08:41:10.833+0000] {processor.py:208} INFO - Processing /opt/airflow/dags/download_rocket_launch.py took 0.040 seconds
[2024-11-28T08:41:41.016+0000] {processor.py:186} INFO - Started process (PID=11313) to work on /opt/airflow/dags/download_rocket_launch.py
[2024-11-28T08:41:41.018+0000] {processor.py:914} INFO - Processing file /opt/airflow/dags/download_rocket_launch.py for tasks to queue
[2024-11-28T08:41:41.019+0000] {logging_mixin.py:190} INFO - [2024-11-28T08:41:41.018+0000] {dagbag.py:588} INFO - Filling up the DagBag from /opt/airflow/dags/download_rocket_launch.py
[2024-11-28T08:41:41.029+0000] {processor.py:925} INFO - DAG(s) 'download_rocket_launches' retrieved from /opt/airflow/dags/download_rocket_launch.py
[2024-11-28T08:41:41.042+0000] {logging_mixin.py:190} INFO - [2024-11-28T08:41:41.041+0000] {dag.py:3239} INFO - Sync 1 DAGs
[2024-11-28T08:41:41.048+0000] {logging_mixin.py:190} INFO - [2024-11-28T08:41:41.048+0000] {dag.py:4180} INFO - Setting next_dagrun for download_rocket_launches to None, run_after=None
[2024-11-28T08:41:41.055+0000] {processor.py:208} INFO - Processing /opt/airflow/dags/download_rocket_launch.py took 0.044 seconds
[2024-11-28T08:42:11.164+0000] {processor.py:186} INFO - Started process (PID=11377) to work on /opt/airflow/dags/download_rocket_launch.py
[2024-11-28T08:42:11.165+0000] {processor.py:914} INFO - Processing file /opt/airflow/dags/download_rocket_launch.py for tasks to queue
[2024-11-28T08:42:11.166+0000] {logging_mixin.py:190} INFO - [2024-11-28T08:42:11.166+0000] {dagbag.py:588} INFO - Filling up the DagBag from /opt/airflow/dags/download_rocket_launch.py
[2024-11-28T08:42:11.173+0000] {processor.py:925} INFO - DAG(s) 'download_rocket_launches' retrieved from /opt/airflow/dags/download_rocket_launch.py
[2024-11-28T08:42:11.187+0000] {logging_mixin.py:190} INFO - [2024-11-28T08:42:11.187+0000] {dag.py:3239} INFO - Sync 1 DAGs
[2024-11-28T08:42:11.194+0000] {logging_mixin.py:190} INFO - [2024-11-28T08:42:11.194+0000] {dag.py:4180} INFO - Setting next_dagrun for download_rocket_launches to None, run_after=None
[2024-11-28T08:42:11.201+0000] {processor.py:208} INFO - Processing /opt/airflow/dags/download_rocket_launch.py took 0.042 seconds
[2024-11-28T08:42:41.517+0000] {processor.py:186} INFO - Started process (PID=11441) to work on /opt/airflow/dags/download_rocket_launch.py
[2024-11-28T08:42:41.518+0000] {processor.py:914} INFO - Processing file /opt/airflow/dags/download_rocket_launch.py for tasks to queue
[2024-11-28T08:42:41.519+0000] {logging_mixin.py:190} INFO - [2024-11-28T08:42:41.519+0000] {dagbag.py:588} INFO - Filling up the DagBag from /opt/airflow/dags/download_rocket_launch.py
[2024-11-28T08:42:41.527+0000] {processor.py:925} INFO - DAG(s) 'download_rocket_launches' retrieved from /opt/airflow/dags/download_rocket_launch.py
[2024-11-28T08:42:41.538+0000] {logging_mixin.py:190} INFO - [2024-11-28T08:42:41.538+0000] {dag.py:3239} INFO - Sync 1 DAGs
[2024-11-28T08:42:41.545+0000] {logging_mixin.py:190} INFO - [2024-11-28T08:42:41.545+0000] {dag.py:4180} INFO - Setting next_dagrun for download_rocket_launches to None, run_after=None
[2024-11-28T08:42:41.551+0000] {processor.py:208} INFO - Processing /opt/airflow/dags/download_rocket_launch.py took 0.041 seconds
[2024-11-28T08:43:11.771+0000] {processor.py:186} INFO - Started process (PID=11505) to work on /opt/airflow/dags/download_rocket_launch.py
[2024-11-28T08:43:11.772+0000] {processor.py:914} INFO - Processing file /opt/airflow/dags/download_rocket_launch.py for tasks to queue
[2024-11-28T08:43:11.773+0000] {logging_mixin.py:190} INFO - [2024-11-28T08:43:11.773+0000] {dagbag.py:588} INFO - Filling up the DagBag from /opt/airflow/dags/download_rocket_launch.py
[2024-11-28T08:43:11.780+0000] {processor.py:925} INFO - DAG(s) 'download_rocket_launches' retrieved from /opt/airflow/dags/download_rocket_launch.py
[2024-11-28T08:43:11.792+0000] {logging_mixin.py:190} INFO - [2024-11-28T08:43:11.792+0000] {dag.py:3239} INFO - Sync 1 DAGs
[2024-11-28T08:43:11.799+0000] {logging_mixin.py:190} INFO - [2024-11-28T08:43:11.799+0000] {dag.py:4180} INFO - Setting next_dagrun for download_rocket_launches to None, run_after=None
[2024-11-28T08:43:11.806+0000] {processor.py:208} INFO - Processing /opt/airflow/dags/download_rocket_launch.py took 0.040 seconds
[2024-11-28T08:43:41.966+0000] {processor.py:186} INFO - Started process (PID=11569) to work on /opt/airflow/dags/download_rocket_launch.py
[2024-11-28T08:43:41.967+0000] {processor.py:914} INFO - Processing file /opt/airflow/dags/download_rocket_launch.py for tasks to queue
[2024-11-28T08:43:41.968+0000] {logging_mixin.py:190} INFO - [2024-11-28T08:43:41.967+0000] {dagbag.py:588} INFO - Filling up the DagBag from /opt/airflow/dags/download_rocket_launch.py
[2024-11-28T08:43:41.973+0000] {processor.py:925} INFO - DAG(s) 'download_rocket_launches' retrieved from /opt/airflow/dags/download_rocket_launch.py
[2024-11-28T08:43:41.983+0000] {logging_mixin.py:190} INFO - [2024-11-28T08:43:41.983+0000] {dag.py:3239} INFO - Sync 1 DAGs
[2024-11-28T08:43:41.989+0000] {logging_mixin.py:190} INFO - [2024-11-28T08:43:41.989+0000] {dag.py:4180} INFO - Setting next_dagrun for download_rocket_launches to None, run_after=None
[2024-11-28T08:43:41.997+0000] {processor.py:208} INFO - Processing /opt/airflow/dags/download_rocket_launch.py took 0.036 seconds
[2024-11-28T08:44:12.175+0000] {processor.py:186} INFO - Started process (PID=11633) to work on /opt/airflow/dags/download_rocket_launch.py
[2024-11-28T08:44:12.176+0000] {processor.py:914} INFO - Processing file /opt/airflow/dags/download_rocket_launch.py for tasks to queue
[2024-11-28T08:44:12.177+0000] {logging_mixin.py:190} INFO - [2024-11-28T08:44:12.177+0000] {dagbag.py:588} INFO - Filling up the DagBag from /opt/airflow/dags/download_rocket_launch.py
[2024-11-28T08:44:12.184+0000] {processor.py:925} INFO - DAG(s) 'download_rocket_launches' retrieved from /opt/airflow/dags/download_rocket_launch.py
[2024-11-28T08:44:12.195+0000] {logging_mixin.py:190} INFO - [2024-11-28T08:44:12.195+0000] {dag.py:3239} INFO - Sync 1 DAGs
[2024-11-28T08:44:12.203+0000] {logging_mixin.py:190} INFO - [2024-11-28T08:44:12.202+0000] {dag.py:4180} INFO - Setting next_dagrun for download_rocket_launches to None, run_after=None
[2024-11-28T08:44:12.210+0000] {processor.py:208} INFO - Processing /opt/airflow/dags/download_rocket_launch.py took 0.039 seconds
[2024-11-28T08:44:42.438+0000] {processor.py:186} INFO - Started process (PID=11697) to work on /opt/airflow/dags/download_rocket_launch.py
[2024-11-28T08:44:42.439+0000] {processor.py:914} INFO - Processing file /opt/airflow/dags/download_rocket_launch.py for tasks to queue
[2024-11-28T08:44:42.440+0000] {logging_mixin.py:190} INFO - [2024-11-28T08:44:42.440+0000] {dagbag.py:588} INFO - Filling up the DagBag from /opt/airflow/dags/download_rocket_launch.py
[2024-11-28T08:44:42.447+0000] {processor.py:925} INFO - DAG(s) 'download_rocket_launches' retrieved from /opt/airflow/dags/download_rocket_launch.py
[2024-11-28T08:44:42.460+0000] {logging_mixin.py:190} INFO - [2024-11-28T08:44:42.460+0000] {dag.py:3239} INFO - Sync 1 DAGs
[2024-11-28T08:44:42.466+0000] {logging_mixin.py:190} INFO - [2024-11-28T08:44:42.466+0000] {dag.py:4180} INFO - Setting next_dagrun for download_rocket_launches to None, run_after=None
[2024-11-28T08:44:42.473+0000] {processor.py:208} INFO - Processing /opt/airflow/dags/download_rocket_launch.py took 0.041 seconds
[2024-11-28T08:45:12.768+0000] {processor.py:186} INFO - Started process (PID=11761) to work on /opt/airflow/dags/download_rocket_launch.py
[2024-11-28T08:45:12.769+0000] {processor.py:914} INFO - Processing file /opt/airflow/dags/download_rocket_launch.py for tasks to queue
[2024-11-28T08:45:12.770+0000] {logging_mixin.py:190} INFO - [2024-11-28T08:45:12.769+0000] {dagbag.py:588} INFO - Filling up the DagBag from /opt/airflow/dags/download_rocket_launch.py
[2024-11-28T08:45:12.776+0000] {processor.py:925} INFO - DAG(s) 'download_rocket_launches' retrieved from /opt/airflow/dags/download_rocket_launch.py
[2024-11-28T08:45:12.789+0000] {logging_mixin.py:190} INFO - [2024-11-28T08:45:12.788+0000] {dag.py:3239} INFO - Sync 1 DAGs
[2024-11-28T08:45:12.796+0000] {logging_mixin.py:190} INFO - [2024-11-28T08:45:12.796+0000] {dag.py:4180} INFO - Setting next_dagrun for download_rocket_launches to None, run_after=None
[2024-11-28T08:45:12.804+0000] {processor.py:208} INFO - Processing /opt/airflow/dags/download_rocket_launch.py took 0.041 seconds
[2024-11-28T08:45:43.091+0000] {processor.py:186} INFO - Started process (PID=11825) to work on /opt/airflow/dags/download_rocket_launch.py
[2024-11-28T08:45:43.092+0000] {processor.py:914} INFO - Processing file /opt/airflow/dags/download_rocket_launch.py for tasks to queue
[2024-11-28T08:45:43.093+0000] {logging_mixin.py:190} INFO - [2024-11-28T08:45:43.093+0000] {dagbag.py:588} INFO - Filling up the DagBag from /opt/airflow/dags/download_rocket_launch.py
[2024-11-28T08:45:43.101+0000] {processor.py:925} INFO - DAG(s) 'download_rocket_launches' retrieved from /opt/airflow/dags/download_rocket_launch.py
[2024-11-28T08:45:43.112+0000] {logging_mixin.py:190} INFO - [2024-11-28T08:45:43.112+0000] {dag.py:3239} INFO - Sync 1 DAGs
[2024-11-28T08:45:43.119+0000] {logging_mixin.py:190} INFO - [2024-11-28T08:45:43.119+0000] {dag.py:4180} INFO - Setting next_dagrun for download_rocket_launches to None, run_after=None
[2024-11-28T08:45:43.125+0000] {processor.py:208} INFO - Processing /opt/airflow/dags/download_rocket_launch.py took 0.039 seconds
[2024-11-28T08:46:13.331+0000] {processor.py:186} INFO - Started process (PID=11889) to work on /opt/airflow/dags/download_rocket_launch.py
[2024-11-28T08:46:13.333+0000] {processor.py:914} INFO - Processing file /opt/airflow/dags/download_rocket_launch.py for tasks to queue
[2024-11-28T08:46:13.334+0000] {logging_mixin.py:190} INFO - [2024-11-28T08:46:13.334+0000] {dagbag.py:588} INFO - Filling up the DagBag from /opt/airflow/dags/download_rocket_launch.py
[2024-11-28T08:46:13.341+0000] {processor.py:925} INFO - DAG(s) 'download_rocket_launches' retrieved from /opt/airflow/dags/download_rocket_launch.py
[2024-11-28T08:46:13.353+0000] {logging_mixin.py:190} INFO - [2024-11-28T08:46:13.353+0000] {dag.py:3239} INFO - Sync 1 DAGs
[2024-11-28T08:46:13.359+0000] {logging_mixin.py:190} INFO - [2024-11-28T08:46:13.359+0000] {dag.py:4180} INFO - Setting next_dagrun for download_rocket_launches to None, run_after=None
[2024-11-28T08:46:13.365+0000] {processor.py:208} INFO - Processing /opt/airflow/dags/download_rocket_launch.py took 0.039 seconds
[2024-11-28T08:46:43.648+0000] {processor.py:186} INFO - Started process (PID=11953) to work on /opt/airflow/dags/download_rocket_launch.py
[2024-11-28T08:46:43.650+0000] {processor.py:914} INFO - Processing file /opt/airflow/dags/download_rocket_launch.py for tasks to queue
[2024-11-28T08:46:43.650+0000] {logging_mixin.py:190} INFO - [2024-11-28T08:46:43.650+0000] {dagbag.py:588} INFO - Filling up the DagBag from /opt/airflow/dags/download_rocket_launch.py
[2024-11-28T08:46:43.657+0000] {processor.py:925} INFO - DAG(s) 'download_rocket_launches' retrieved from /opt/airflow/dags/download_rocket_launch.py
[2024-11-28T08:46:43.670+0000] {logging_mixin.py:190} INFO - [2024-11-28T08:46:43.670+0000] {dag.py:3239} INFO - Sync 1 DAGs
[2024-11-28T08:46:43.677+0000] {logging_mixin.py:190} INFO - [2024-11-28T08:46:43.677+0000] {dag.py:4180} INFO - Setting next_dagrun for download_rocket_launches to None, run_after=None
[2024-11-28T08:46:43.683+0000] {processor.py:208} INFO - Processing /opt/airflow/dags/download_rocket_launch.py took 0.040 seconds
[2024-11-28T08:47:14.032+0000] {processor.py:186} INFO - Started process (PID=12017) to work on /opt/airflow/dags/download_rocket_launch.py
[2024-11-28T08:47:14.034+0000] {processor.py:914} INFO - Processing file /opt/airflow/dags/download_rocket_launch.py for tasks to queue
[2024-11-28T08:47:14.034+0000] {logging_mixin.py:190} INFO - [2024-11-28T08:47:14.034+0000] {dagbag.py:588} INFO - Filling up the DagBag from /opt/airflow/dags/download_rocket_launch.py
[2024-11-28T08:47:14.038+0000] {processor.py:925} INFO - DAG(s) 'download_rocket_launches' retrieved from /opt/airflow/dags/download_rocket_launch.py
[2024-11-28T08:47:14.045+0000] {logging_mixin.py:190} INFO - [2024-11-28T08:47:14.045+0000] {dag.py:3239} INFO - Sync 1 DAGs
[2024-11-28T08:47:14.051+0000] {logging_mixin.py:190} INFO - [2024-11-28T08:47:14.051+0000] {dag.py:4180} INFO - Setting next_dagrun for download_rocket_launches to None, run_after=None
[2024-11-28T08:47:14.058+0000] {processor.py:208} INFO - Processing /opt/airflow/dags/download_rocket_launch.py took 0.028 seconds
[2024-11-28T08:47:44.530+0000] {processor.py:186} INFO - Started process (PID=12081) to work on /opt/airflow/dags/download_rocket_launch.py
[2024-11-28T08:47:44.531+0000] {processor.py:914} INFO - Processing file /opt/airflow/dags/download_rocket_launch.py for tasks to queue
[2024-11-28T08:47:44.532+0000] {logging_mixin.py:190} INFO - [2024-11-28T08:47:44.532+0000] {dagbag.py:588} INFO - Filling up the DagBag from /opt/airflow/dags/download_rocket_launch.py
[2024-11-28T08:47:44.540+0000] {processor.py:925} INFO - DAG(s) 'download_rocket_launches' retrieved from /opt/airflow/dags/download_rocket_launch.py
[2024-11-28T08:47:44.552+0000] {logging_mixin.py:190} INFO - [2024-11-28T08:47:44.552+0000] {dag.py:3239} INFO - Sync 1 DAGs
[2024-11-28T08:47:44.559+0000] {logging_mixin.py:190} INFO - [2024-11-28T08:47:44.559+0000] {dag.py:4180} INFO - Setting next_dagrun for download_rocket_launches to None, run_after=None
[2024-11-28T08:47:44.566+0000] {processor.py:208} INFO - Processing /opt/airflow/dags/download_rocket_launch.py took 0.042 seconds
[2024-11-28T08:48:14.862+0000] {processor.py:186} INFO - Started process (PID=12145) to work on /opt/airflow/dags/download_rocket_launch.py
[2024-11-28T08:48:14.864+0000] {processor.py:914} INFO - Processing file /opt/airflow/dags/download_rocket_launch.py for tasks to queue
[2024-11-28T08:48:14.865+0000] {logging_mixin.py:190} INFO - [2024-11-28T08:48:14.865+0000] {dagbag.py:588} INFO - Filling up the DagBag from /opt/airflow/dags/download_rocket_launch.py
[2024-11-28T08:48:14.873+0000] {processor.py:925} INFO - DAG(s) 'download_rocket_launches' retrieved from /opt/airflow/dags/download_rocket_launch.py
[2024-11-28T08:48:14.883+0000] {logging_mixin.py:190} INFO - [2024-11-28T08:48:14.883+0000] {dag.py:3239} INFO - Sync 1 DAGs
[2024-11-28T08:48:14.890+0000] {logging_mixin.py:190} INFO - [2024-11-28T08:48:14.890+0000] {dag.py:4180} INFO - Setting next_dagrun for download_rocket_launches to None, run_after=None
[2024-11-28T08:48:14.897+0000] {processor.py:208} INFO - Processing /opt/airflow/dags/download_rocket_launch.py took 0.040 seconds
[2024-11-28T08:48:45.087+0000] {processor.py:186} INFO - Started process (PID=12209) to work on /opt/airflow/dags/download_rocket_launch.py
[2024-11-28T08:48:45.087+0000] {processor.py:914} INFO - Processing file /opt/airflow/dags/download_rocket_launch.py for tasks to queue
[2024-11-28T08:48:45.088+0000] {logging_mixin.py:190} INFO - [2024-11-28T08:48:45.088+0000] {dagbag.py:588} INFO - Filling up the DagBag from /opt/airflow/dags/download_rocket_launch.py
[2024-11-28T08:48:45.091+0000] {processor.py:925} INFO - DAG(s) 'download_rocket_launches' retrieved from /opt/airflow/dags/download_rocket_launch.py
[2024-11-28T08:48:45.098+0000] {logging_mixin.py:190} INFO - [2024-11-28T08:48:45.098+0000] {dag.py:3239} INFO - Sync 1 DAGs
[2024-11-28T08:48:45.103+0000] {logging_mixin.py:190} INFO - [2024-11-28T08:48:45.103+0000] {dag.py:4180} INFO - Setting next_dagrun for download_rocket_launches to None, run_after=None
[2024-11-28T08:48:45.109+0000] {processor.py:208} INFO - Processing /opt/airflow/dags/download_rocket_launch.py took 0.024 seconds
[2024-11-28T08:49:15.290+0000] {processor.py:186} INFO - Started process (PID=12273) to work on /opt/airflow/dags/download_rocket_launch.py
[2024-11-28T08:49:15.292+0000] {processor.py:914} INFO - Processing file /opt/airflow/dags/download_rocket_launch.py for tasks to queue
[2024-11-28T08:49:15.293+0000] {logging_mixin.py:190} INFO - [2024-11-28T08:49:15.293+0000] {dagbag.py:588} INFO - Filling up the DagBag from /opt/airflow/dags/download_rocket_launch.py
[2024-11-28T08:49:15.300+0000] {processor.py:925} INFO - DAG(s) 'download_rocket_launches' retrieved from /opt/airflow/dags/download_rocket_launch.py
[2024-11-28T08:49:15.313+0000] {logging_mixin.py:190} INFO - [2024-11-28T08:49:15.313+0000] {dag.py:3239} INFO - Sync 1 DAGs
[2024-11-28T08:49:15.320+0000] {logging_mixin.py:190} INFO - [2024-11-28T08:49:15.320+0000] {dag.py:4180} INFO - Setting next_dagrun for download_rocket_launches to None, run_after=None
[2024-11-28T08:49:15.326+0000] {processor.py:208} INFO - Processing /opt/airflow/dags/download_rocket_launch.py took 0.041 seconds
[2024-11-28T08:49:45.710+0000] {processor.py:186} INFO - Started process (PID=12337) to work on /opt/airflow/dags/download_rocket_launch.py
[2024-11-28T08:49:45.711+0000] {processor.py:914} INFO - Processing file /opt/airflow/dags/download_rocket_launch.py for tasks to queue
[2024-11-28T08:49:45.712+0000] {logging_mixin.py:190} INFO - [2024-11-28T08:49:45.711+0000] {dagbag.py:588} INFO - Filling up the DagBag from /opt/airflow/dags/download_rocket_launch.py
[2024-11-28T08:49:45.719+0000] {processor.py:925} INFO - DAG(s) 'download_rocket_launches' retrieved from /opt/airflow/dags/download_rocket_launch.py
[2024-11-28T08:49:45.731+0000] {logging_mixin.py:190} INFO - [2024-11-28T08:49:45.731+0000] {dag.py:3239} INFO - Sync 1 DAGs
[2024-11-28T08:49:45.739+0000] {logging_mixin.py:190} INFO - [2024-11-28T08:49:45.739+0000] {dag.py:4180} INFO - Setting next_dagrun for download_rocket_launches to None, run_after=None
[2024-11-28T08:49:45.746+0000] {processor.py:208} INFO - Processing /opt/airflow/dags/download_rocket_launch.py took 0.041 seconds
[2024-11-28T08:50:16.138+0000] {processor.py:186} INFO - Started process (PID=12401) to work on /opt/airflow/dags/download_rocket_launch.py
[2024-11-28T08:50:16.140+0000] {processor.py:914} INFO - Processing file /opt/airflow/dags/download_rocket_launch.py for tasks to queue
[2024-11-28T08:50:16.141+0000] {logging_mixin.py:190} INFO - [2024-11-28T08:50:16.140+0000] {dagbag.py:588} INFO - Filling up the DagBag from /opt/airflow/dags/download_rocket_launch.py
[2024-11-28T08:50:16.148+0000] {processor.py:925} INFO - DAG(s) 'download_rocket_launches' retrieved from /opt/airflow/dags/download_rocket_launch.py
[2024-11-28T08:50:16.159+0000] {logging_mixin.py:190} INFO - [2024-11-28T08:50:16.159+0000] {dag.py:3239} INFO - Sync 1 DAGs
[2024-11-28T08:50:16.165+0000] {logging_mixin.py:190} INFO - [2024-11-28T08:50:16.165+0000] {dag.py:4180} INFO - Setting next_dagrun for download_rocket_launches to None, run_after=None
[2024-11-28T08:50:16.171+0000] {processor.py:208} INFO - Processing /opt/airflow/dags/download_rocket_launch.py took 0.038 seconds
[2024-11-28T08:50:46.524+0000] {processor.py:186} INFO - Started process (PID=12465) to work on /opt/airflow/dags/download_rocket_launch.py
[2024-11-28T08:50:46.525+0000] {processor.py:914} INFO - Processing file /opt/airflow/dags/download_rocket_launch.py for tasks to queue
[2024-11-28T08:50:46.527+0000] {logging_mixin.py:190} INFO - [2024-11-28T08:50:46.526+0000] {dagbag.py:588} INFO - Filling up the DagBag from /opt/airflow/dags/download_rocket_launch.py
[2024-11-28T08:50:46.533+0000] {processor.py:925} INFO - DAG(s) 'download_rocket_launches' retrieved from /opt/airflow/dags/download_rocket_launch.py
[2024-11-28T08:50:46.545+0000] {logging_mixin.py:190} INFO - [2024-11-28T08:50:46.545+0000] {dag.py:3239} INFO - Sync 1 DAGs
[2024-11-28T08:50:46.551+0000] {logging_mixin.py:190} INFO - [2024-11-28T08:50:46.551+0000] {dag.py:4180} INFO - Setting next_dagrun for download_rocket_launches to None, run_after=None
[2024-11-28T08:50:46.557+0000] {processor.py:208} INFO - Processing /opt/airflow/dags/download_rocket_launch.py took 0.038 seconds
[2024-11-28T08:51:16.900+0000] {processor.py:186} INFO - Started process (PID=12529) to work on /opt/airflow/dags/download_rocket_launch.py
[2024-11-28T08:51:16.901+0000] {processor.py:914} INFO - Processing file /opt/airflow/dags/download_rocket_launch.py for tasks to queue
[2024-11-28T08:51:16.901+0000] {logging_mixin.py:190} INFO - [2024-11-28T08:51:16.901+0000] {dagbag.py:588} INFO - Filling up the DagBag from /opt/airflow/dags/download_rocket_launch.py
[2024-11-28T08:51:16.909+0000] {processor.py:925} INFO - DAG(s) 'download_rocket_launches' retrieved from /opt/airflow/dags/download_rocket_launch.py
[2024-11-28T08:51:16.922+0000] {logging_mixin.py:190} INFO - [2024-11-28T08:51:16.922+0000] {dag.py:3239} INFO - Sync 1 DAGs
[2024-11-28T08:51:16.928+0000] {logging_mixin.py:190} INFO - [2024-11-28T08:51:16.928+0000] {dag.py:4180} INFO - Setting next_dagrun for download_rocket_launches to None, run_after=None
[2024-11-28T08:51:16.935+0000] {processor.py:208} INFO - Processing /opt/airflow/dags/download_rocket_launch.py took 0.041 seconds
[2024-11-28T08:51:47.348+0000] {processor.py:186} INFO - Started process (PID=12593) to work on /opt/airflow/dags/download_rocket_launch.py
[2024-11-28T08:51:47.349+0000] {processor.py:914} INFO - Processing file /opt/airflow/dags/download_rocket_launch.py for tasks to queue
[2024-11-28T08:51:47.350+0000] {logging_mixin.py:190} INFO - [2024-11-28T08:51:47.350+0000] {dagbag.py:588} INFO - Filling up the DagBag from /opt/airflow/dags/download_rocket_launch.py
[2024-11-28T08:51:47.357+0000] {processor.py:925} INFO - DAG(s) 'download_rocket_launches' retrieved from /opt/airflow/dags/download_rocket_launch.py
[2024-11-28T08:51:47.370+0000] {logging_mixin.py:190} INFO - [2024-11-28T08:51:47.369+0000] {dag.py:3239} INFO - Sync 1 DAGs
[2024-11-28T08:51:47.377+0000] {logging_mixin.py:190} INFO - [2024-11-28T08:51:47.377+0000] {dag.py:4180} INFO - Setting next_dagrun for download_rocket_launches to None, run_after=None
[2024-11-28T08:51:47.384+0000] {processor.py:208} INFO - Processing /opt/airflow/dags/download_rocket_launch.py took 0.041 seconds
[2024-11-28T08:52:17.812+0000] {processor.py:186} INFO - Started process (PID=12657) to work on /opt/airflow/dags/download_rocket_launch.py
[2024-11-28T08:52:17.813+0000] {processor.py:914} INFO - Processing file /opt/airflow/dags/download_rocket_launch.py for tasks to queue
[2024-11-28T08:52:17.814+0000] {logging_mixin.py:190} INFO - [2024-11-28T08:52:17.814+0000] {dagbag.py:588} INFO - Filling up the DagBag from /opt/airflow/dags/download_rocket_launch.py
[2024-11-28T08:52:17.821+0000] {processor.py:925} INFO - DAG(s) 'download_rocket_launches' retrieved from /opt/airflow/dags/download_rocket_launch.py
[2024-11-28T08:52:17.834+0000] {logging_mixin.py:190} INFO - [2024-11-28T08:52:17.834+0000] {dag.py:3239} INFO - Sync 1 DAGs
[2024-11-28T08:52:17.841+0000] {logging_mixin.py:190} INFO - [2024-11-28T08:52:17.841+0000] {dag.py:4180} INFO - Setting next_dagrun for download_rocket_launches to None, run_after=None
[2024-11-28T08:52:17.848+0000] {processor.py:208} INFO - Processing /opt/airflow/dags/download_rocket_launch.py took 0.041 seconds
[2024-11-28T08:52:48.278+0000] {processor.py:186} INFO - Started process (PID=12721) to work on /opt/airflow/dags/download_rocket_launch.py
[2024-11-28T08:52:48.279+0000] {processor.py:914} INFO - Processing file /opt/airflow/dags/download_rocket_launch.py for tasks to queue
[2024-11-28T08:52:48.280+0000] {logging_mixin.py:190} INFO - [2024-11-28T08:52:48.280+0000] {dagbag.py:588} INFO - Filling up the DagBag from /opt/airflow/dags/download_rocket_launch.py
[2024-11-28T08:52:48.287+0000] {processor.py:925} INFO - DAG(s) 'download_rocket_launches' retrieved from /opt/airflow/dags/download_rocket_launch.py
[2024-11-28T08:52:48.300+0000] {logging_mixin.py:190} INFO - [2024-11-28T08:52:48.300+0000] {dag.py:3239} INFO - Sync 1 DAGs
[2024-11-28T08:52:48.308+0000] {logging_mixin.py:190} INFO - [2024-11-28T08:52:48.308+0000] {dag.py:4180} INFO - Setting next_dagrun for download_rocket_launches to None, run_after=None
[2024-11-28T08:52:48.314+0000] {processor.py:208} INFO - Processing /opt/airflow/dags/download_rocket_launch.py took 0.043 seconds
[2024-11-28T08:53:18.853+0000] {processor.py:186} INFO - Started process (PID=12785) to work on /opt/airflow/dags/download_rocket_launch.py
[2024-11-28T08:53:18.854+0000] {processor.py:914} INFO - Processing file /opt/airflow/dags/download_rocket_launch.py for tasks to queue
[2024-11-28T08:53:18.855+0000] {logging_mixin.py:190} INFO - [2024-11-28T08:53:18.855+0000] {dagbag.py:588} INFO - Filling up the DagBag from /opt/airflow/dags/download_rocket_launch.py
[2024-11-28T08:53:18.862+0000] {processor.py:925} INFO - DAG(s) 'download_rocket_launches' retrieved from /opt/airflow/dags/download_rocket_launch.py
[2024-11-28T08:53:18.874+0000] {logging_mixin.py:190} INFO - [2024-11-28T08:53:18.874+0000] {dag.py:3239} INFO - Sync 1 DAGs
[2024-11-28T08:53:18.882+0000] {logging_mixin.py:190} INFO - [2024-11-28T08:53:18.882+0000] {dag.py:4180} INFO - Setting next_dagrun for download_rocket_launches to None, run_after=None
[2024-11-28T08:53:18.888+0000] {processor.py:208} INFO - Processing /opt/airflow/dags/download_rocket_launch.py took 0.040 seconds
[2024-11-28T08:53:49.365+0000] {processor.py:186} INFO - Started process (PID=12849) to work on /opt/airflow/dags/download_rocket_launch.py
[2024-11-28T08:53:49.367+0000] {processor.py:914} INFO - Processing file /opt/airflow/dags/download_rocket_launch.py for tasks to queue
[2024-11-28T08:53:49.368+0000] {logging_mixin.py:190} INFO - [2024-11-28T08:53:49.368+0000] {dagbag.py:588} INFO - Filling up the DagBag from /opt/airflow/dags/download_rocket_launch.py
[2024-11-28T08:53:49.375+0000] {processor.py:925} INFO - DAG(s) 'download_rocket_launches' retrieved from /opt/airflow/dags/download_rocket_launch.py
[2024-11-28T08:53:49.387+0000] {logging_mixin.py:190} INFO - [2024-11-28T08:53:49.387+0000] {dag.py:3239} INFO - Sync 1 DAGs
[2024-11-28T08:53:49.393+0000] {logging_mixin.py:190} INFO - [2024-11-28T08:53:49.393+0000] {dag.py:4180} INFO - Setting next_dagrun for download_rocket_launches to None, run_after=None
[2024-11-28T08:53:49.400+0000] {processor.py:208} INFO - Processing /opt/airflow/dags/download_rocket_launch.py took 0.039 seconds
[2024-11-28T08:54:19.641+0000] {processor.py:186} INFO - Started process (PID=12913) to work on /opt/airflow/dags/download_rocket_launch.py
[2024-11-28T08:54:19.642+0000] {processor.py:914} INFO - Processing file /opt/airflow/dags/download_rocket_launch.py for tasks to queue
[2024-11-28T08:54:19.643+0000] {logging_mixin.py:190} INFO - [2024-11-28T08:54:19.642+0000] {dagbag.py:588} INFO - Filling up the DagBag from /opt/airflow/dags/download_rocket_launch.py
[2024-11-28T08:54:19.650+0000] {processor.py:925} INFO - DAG(s) 'download_rocket_launches' retrieved from /opt/airflow/dags/download_rocket_launch.py
[2024-11-28T08:54:19.662+0000] {logging_mixin.py:190} INFO - [2024-11-28T08:54:19.662+0000] {dag.py:3239} INFO - Sync 1 DAGs
[2024-11-28T08:54:19.669+0000] {logging_mixin.py:190} INFO - [2024-11-28T08:54:19.669+0000] {dag.py:4180} INFO - Setting next_dagrun for download_rocket_launches to None, run_after=None
[2024-11-28T08:54:19.676+0000] {processor.py:208} INFO - Processing /opt/airflow/dags/download_rocket_launch.py took 0.040 seconds
[2024-11-28T08:54:50.048+0000] {processor.py:186} INFO - Started process (PID=12977) to work on /opt/airflow/dags/download_rocket_launch.py
[2024-11-28T08:54:50.049+0000] {processor.py:914} INFO - Processing file /opt/airflow/dags/download_rocket_launch.py for tasks to queue
[2024-11-28T08:54:50.050+0000] {logging_mixin.py:190} INFO - [2024-11-28T08:54:50.050+0000] {dagbag.py:588} INFO - Filling up the DagBag from /opt/airflow/dags/download_rocket_launch.py
[2024-11-28T08:54:50.058+0000] {processor.py:925} INFO - DAG(s) 'download_rocket_launches' retrieved from /opt/airflow/dags/download_rocket_launch.py
[2024-11-28T08:54:50.069+0000] {logging_mixin.py:190} INFO - [2024-11-28T08:54:50.069+0000] {dag.py:3239} INFO - Sync 1 DAGs
[2024-11-28T08:54:50.078+0000] {logging_mixin.py:190} INFO - [2024-11-28T08:54:50.077+0000] {dag.py:4180} INFO - Setting next_dagrun for download_rocket_launches to None, run_after=None
[2024-11-28T08:54:50.086+0000] {processor.py:208} INFO - Processing /opt/airflow/dags/download_rocket_launch.py took 0.043 seconds
[2024-11-28T08:55:20.455+0000] {processor.py:186} INFO - Started process (PID=13041) to work on /opt/airflow/dags/download_rocket_launch.py
[2024-11-28T08:55:20.456+0000] {processor.py:914} INFO - Processing file /opt/airflow/dags/download_rocket_launch.py for tasks to queue
[2024-11-28T08:55:20.457+0000] {logging_mixin.py:190} INFO - [2024-11-28T08:55:20.457+0000] {dagbag.py:588} INFO - Filling up the DagBag from /opt/airflow/dags/download_rocket_launch.py
[2024-11-28T08:55:20.465+0000] {processor.py:925} INFO - DAG(s) 'download_rocket_launches' retrieved from /opt/airflow/dags/download_rocket_launch.py
[2024-11-28T08:55:20.478+0000] {logging_mixin.py:190} INFO - [2024-11-28T08:55:20.478+0000] {dag.py:3239} INFO - Sync 1 DAGs
[2024-11-28T08:55:20.485+0000] {logging_mixin.py:190} INFO - [2024-11-28T08:55:20.485+0000] {dag.py:4180} INFO - Setting next_dagrun for download_rocket_launches to None, run_after=None
[2024-11-28T08:55:20.491+0000] {processor.py:208} INFO - Processing /opt/airflow/dags/download_rocket_launch.py took 0.041 seconds
[2024-11-28T08:55:50.816+0000] {processor.py:186} INFO - Started process (PID=13105) to work on /opt/airflow/dags/download_rocket_launch.py
[2024-11-28T08:55:50.817+0000] {processor.py:914} INFO - Processing file /opt/airflow/dags/download_rocket_launch.py for tasks to queue
[2024-11-28T08:55:50.818+0000] {logging_mixin.py:190} INFO - [2024-11-28T08:55:50.818+0000] {dagbag.py:588} INFO - Filling up the DagBag from /opt/airflow/dags/download_rocket_launch.py
[2024-11-28T08:55:50.825+0000] {processor.py:925} INFO - DAG(s) 'download_rocket_launches' retrieved from /opt/airflow/dags/download_rocket_launch.py
[2024-11-28T08:55:50.838+0000] {logging_mixin.py:190} INFO - [2024-11-28T08:55:50.838+0000] {dag.py:3239} INFO - Sync 1 DAGs
[2024-11-28T08:55:50.845+0000] {logging_mixin.py:190} INFO - [2024-11-28T08:55:50.845+0000] {dag.py:4180} INFO - Setting next_dagrun for download_rocket_launches to None, run_after=None
[2024-11-28T08:55:50.852+0000] {processor.py:208} INFO - Processing /opt/airflow/dags/download_rocket_launch.py took 0.041 seconds
[2024-11-28T08:56:21.130+0000] {processor.py:186} INFO - Started process (PID=13169) to work on /opt/airflow/dags/download_rocket_launch.py
[2024-11-28T08:56:21.130+0000] {processor.py:914} INFO - Processing file /opt/airflow/dags/download_rocket_launch.py for tasks to queue
[2024-11-28T08:56:21.131+0000] {logging_mixin.py:190} INFO - [2024-11-28T08:56:21.131+0000] {dagbag.py:588} INFO - Filling up the DagBag from /opt/airflow/dags/download_rocket_launch.py
[2024-11-28T08:56:21.134+0000] {processor.py:925} INFO - DAG(s) 'download_rocket_launches' retrieved from /opt/airflow/dags/download_rocket_launch.py
[2024-11-28T08:56:21.142+0000] {logging_mixin.py:190} INFO - [2024-11-28T08:56:21.141+0000] {dag.py:3239} INFO - Sync 1 DAGs
[2024-11-28T08:56:21.147+0000] {logging_mixin.py:190} INFO - [2024-11-28T08:56:21.147+0000] {dag.py:4180} INFO - Setting next_dagrun for download_rocket_launches to None, run_after=None
[2024-11-28T08:56:21.152+0000] {processor.py:208} INFO - Processing /opt/airflow/dags/download_rocket_launch.py took 0.025 seconds
[2024-11-28T08:56:51.569+0000] {processor.py:186} INFO - Started process (PID=13233) to work on /opt/airflow/dags/download_rocket_launch.py
[2024-11-28T08:56:51.570+0000] {processor.py:914} INFO - Processing file /opt/airflow/dags/download_rocket_launch.py for tasks to queue
[2024-11-28T08:56:51.571+0000] {logging_mixin.py:190} INFO - [2024-11-28T08:56:51.571+0000] {dagbag.py:588} INFO - Filling up the DagBag from /opt/airflow/dags/download_rocket_launch.py
[2024-11-28T08:56:51.577+0000] {processor.py:925} INFO - DAG(s) 'download_rocket_launches' retrieved from /opt/airflow/dags/download_rocket_launch.py
[2024-11-28T08:56:51.588+0000] {logging_mixin.py:190} INFO - [2024-11-28T08:56:51.588+0000] {dag.py:3239} INFO - Sync 1 DAGs
[2024-11-28T08:56:51.595+0000] {logging_mixin.py:190} INFO - [2024-11-28T08:56:51.595+0000] {dag.py:4180} INFO - Setting next_dagrun for download_rocket_launches to None, run_after=None
[2024-11-28T08:56:51.603+0000] {processor.py:208} INFO - Processing /opt/airflow/dags/download_rocket_launch.py took 0.037 seconds
[2024-11-28T08:57:22.024+0000] {processor.py:186} INFO - Started process (PID=13296) to work on /opt/airflow/dags/download_rocket_launch.py
[2024-11-28T08:57:22.025+0000] {processor.py:914} INFO - Processing file /opt/airflow/dags/download_rocket_launch.py for tasks to queue
[2024-11-28T08:57:22.026+0000] {logging_mixin.py:190} INFO - [2024-11-28T08:57:22.025+0000] {dagbag.py:588} INFO - Filling up the DagBag from /opt/airflow/dags/download_rocket_launch.py
[2024-11-28T08:57:22.033+0000] {processor.py:925} INFO - DAG(s) 'download_rocket_launches' retrieved from /opt/airflow/dags/download_rocket_launch.py
[2024-11-28T08:57:22.043+0000] {logging_mixin.py:190} INFO - [2024-11-28T08:57:22.043+0000] {dag.py:3239} INFO - Sync 1 DAGs
[2024-11-28T08:57:22.050+0000] {logging_mixin.py:190} INFO - [2024-11-28T08:57:22.050+0000] {dag.py:4180} INFO - Setting next_dagrun for download_rocket_launches to None, run_after=None
[2024-11-28T08:57:22.057+0000] {processor.py:208} INFO - Processing /opt/airflow/dags/download_rocket_launch.py took 0.038 seconds
[2024-11-28T08:57:52.255+0000] {processor.py:186} INFO - Started process (PID=13360) to work on /opt/airflow/dags/download_rocket_launch.py
[2024-11-28T08:57:52.257+0000] {processor.py:914} INFO - Processing file /opt/airflow/dags/download_rocket_launch.py for tasks to queue
[2024-11-28T08:57:52.258+0000] {logging_mixin.py:190} INFO - [2024-11-28T08:57:52.257+0000] {dagbag.py:588} INFO - Filling up the DagBag from /opt/airflow/dags/download_rocket_launch.py
[2024-11-28T08:57:52.264+0000] {processor.py:925} INFO - DAG(s) 'download_rocket_launches' retrieved from /opt/airflow/dags/download_rocket_launch.py
[2024-11-28T08:57:52.274+0000] {logging_mixin.py:190} INFO - [2024-11-28T08:57:52.274+0000] {dag.py:3239} INFO - Sync 1 DAGs
[2024-11-28T08:57:52.281+0000] {logging_mixin.py:190} INFO - [2024-11-28T08:57:52.281+0000] {dag.py:4180} INFO - Setting next_dagrun for download_rocket_launches to None, run_after=None
[2024-11-28T08:57:52.289+0000] {processor.py:208} INFO - Processing /opt/airflow/dags/download_rocket_launch.py took 0.039 seconds
[2024-11-28T08:58:22.638+0000] {processor.py:186} INFO - Started process (PID=13424) to work on /opt/airflow/dags/download_rocket_launch.py
[2024-11-28T08:58:22.639+0000] {processor.py:914} INFO - Processing file /opt/airflow/dags/download_rocket_launch.py for tasks to queue
[2024-11-28T08:58:22.640+0000] {logging_mixin.py:190} INFO - [2024-11-28T08:58:22.640+0000] {dagbag.py:588} INFO - Filling up the DagBag from /opt/airflow/dags/download_rocket_launch.py
[2024-11-28T08:58:22.648+0000] {processor.py:925} INFO - DAG(s) 'download_rocket_launches' retrieved from /opt/airflow/dags/download_rocket_launch.py
[2024-11-28T08:58:22.661+0000] {logging_mixin.py:190} INFO - [2024-11-28T08:58:22.661+0000] {dag.py:3239} INFO - Sync 1 DAGs
[2024-11-28T08:58:22.668+0000] {logging_mixin.py:190} INFO - [2024-11-28T08:58:22.668+0000] {dag.py:4180} INFO - Setting next_dagrun for download_rocket_launches to None, run_after=None
[2024-11-28T08:58:22.675+0000] {processor.py:208} INFO - Processing /opt/airflow/dags/download_rocket_launch.py took 0.043 seconds
[2024-11-28T08:58:52.875+0000] {processor.py:186} INFO - Started process (PID=13488) to work on /opt/airflow/dags/download_rocket_launch.py
[2024-11-28T08:58:52.876+0000] {processor.py:914} INFO - Processing file /opt/airflow/dags/download_rocket_launch.py for tasks to queue
[2024-11-28T08:58:52.877+0000] {logging_mixin.py:190} INFO - [2024-11-28T08:58:52.877+0000] {dagbag.py:588} INFO - Filling up the DagBag from /opt/airflow/dags/download_rocket_launch.py
[2024-11-28T08:58:52.881+0000] {processor.py:925} INFO - DAG(s) 'download_rocket_launches' retrieved from /opt/airflow/dags/download_rocket_launch.py
[2024-11-28T08:58:52.888+0000] {logging_mixin.py:190} INFO - [2024-11-28T08:58:52.888+0000] {dag.py:3239} INFO - Sync 1 DAGs
[2024-11-28T08:58:52.894+0000] {logging_mixin.py:190} INFO - [2024-11-28T08:58:52.894+0000] {dag.py:4180} INFO - Setting next_dagrun for download_rocket_launches to None, run_after=None
[2024-11-28T08:58:52.899+0000] {processor.py:208} INFO - Processing /opt/airflow/dags/download_rocket_launch.py took 0.027 seconds
[2024-11-28T08:59:23.066+0000] {processor.py:186} INFO - Started process (PID=13552) to work on /opt/airflow/dags/download_rocket_launch.py
[2024-11-28T08:59:23.067+0000] {processor.py:914} INFO - Processing file /opt/airflow/dags/download_rocket_launch.py for tasks to queue
[2024-11-28T08:59:23.068+0000] {logging_mixin.py:190} INFO - [2024-11-28T08:59:23.068+0000] {dagbag.py:588} INFO - Filling up the DagBag from /opt/airflow/dags/download_rocket_launch.py
[2024-11-28T08:59:23.080+0000] {processor.py:925} INFO - DAG(s) 'download_rocket_launches' retrieved from /opt/airflow/dags/download_rocket_launch.py
[2024-11-28T08:59:23.092+0000] {logging_mixin.py:190} INFO - [2024-11-28T08:59:23.091+0000] {dag.py:3239} INFO - Sync 1 DAGs
[2024-11-28T08:59:23.098+0000] {logging_mixin.py:190} INFO - [2024-11-28T08:59:23.098+0000] {dag.py:4180} INFO - Setting next_dagrun for download_rocket_launches to None, run_after=None
[2024-11-28T08:59:23.104+0000] {processor.py:208} INFO - Processing /opt/airflow/dags/download_rocket_launch.py took 0.044 seconds
[2024-11-28T08:59:53.522+0000] {processor.py:186} INFO - Started process (PID=13616) to work on /opt/airflow/dags/download_rocket_launch.py
[2024-11-28T08:59:53.523+0000] {processor.py:914} INFO - Processing file /opt/airflow/dags/download_rocket_launch.py for tasks to queue
[2024-11-28T08:59:53.524+0000] {logging_mixin.py:190} INFO - [2024-11-28T08:59:53.524+0000] {dagbag.py:588} INFO - Filling up the DagBag from /opt/airflow/dags/download_rocket_launch.py
[2024-11-28T08:59:53.529+0000] {processor.py:925} INFO - DAG(s) 'download_rocket_launches' retrieved from /opt/airflow/dags/download_rocket_launch.py
[2024-11-28T08:59:53.539+0000] {logging_mixin.py:190} INFO - [2024-11-28T08:59:53.539+0000] {dag.py:3239} INFO - Sync 1 DAGs
[2024-11-28T08:59:53.546+0000] {logging_mixin.py:190} INFO - [2024-11-28T08:59:53.546+0000] {dag.py:4180} INFO - Setting next_dagrun for download_rocket_launches to None, run_after=None
[2024-11-28T08:59:53.552+0000] {processor.py:208} INFO - Processing /opt/airflow/dags/download_rocket_launch.py took 0.034 seconds
[2024-11-28T09:00:23.836+0000] {processor.py:186} INFO - Started process (PID=13680) to work on /opt/airflow/dags/download_rocket_launch.py
[2024-11-28T09:00:23.837+0000] {processor.py:914} INFO - Processing file /opt/airflow/dags/download_rocket_launch.py for tasks to queue
[2024-11-28T09:00:23.838+0000] {logging_mixin.py:190} INFO - [2024-11-28T09:00:23.838+0000] {dagbag.py:588} INFO - Filling up the DagBag from /opt/airflow/dags/download_rocket_launch.py
[2024-11-28T09:00:23.846+0000] {processor.py:925} INFO - DAG(s) 'download_rocket_launches' retrieved from /opt/airflow/dags/download_rocket_launch.py
[2024-11-28T09:00:23.860+0000] {logging_mixin.py:190} INFO - [2024-11-28T09:00:23.860+0000] {dag.py:3239} INFO - Sync 1 DAGs
[2024-11-28T09:00:23.867+0000] {logging_mixin.py:190} INFO - [2024-11-28T09:00:23.866+0000] {dag.py:4180} INFO - Setting next_dagrun for download_rocket_launches to None, run_after=None
[2024-11-28T09:00:23.873+0000] {processor.py:208} INFO - Processing /opt/airflow/dags/download_rocket_launch.py took 0.042 seconds
[2024-11-28T09:00:54.196+0000] {processor.py:186} INFO - Started process (PID=13744) to work on /opt/airflow/dags/download_rocket_launch.py
[2024-11-28T09:00:54.197+0000] {processor.py:914} INFO - Processing file /opt/airflow/dags/download_rocket_launch.py for tasks to queue
[2024-11-28T09:00:54.198+0000] {logging_mixin.py:190} INFO - [2024-11-28T09:00:54.198+0000] {dagbag.py:588} INFO - Filling up the DagBag from /opt/airflow/dags/download_rocket_launch.py
[2024-11-28T09:00:54.207+0000] {processor.py:925} INFO - DAG(s) 'download_rocket_launches' retrieved from /opt/airflow/dags/download_rocket_launch.py
[2024-11-28T09:00:54.219+0000] {logging_mixin.py:190} INFO - [2024-11-28T09:00:54.219+0000] {dag.py:3239} INFO - Sync 1 DAGs
[2024-11-28T09:00:54.226+0000] {logging_mixin.py:190} INFO - [2024-11-28T09:00:54.226+0000] {dag.py:4180} INFO - Setting next_dagrun for download_rocket_launches to None, run_after=None
[2024-11-28T09:00:54.233+0000] {processor.py:208} INFO - Processing /opt/airflow/dags/download_rocket_launch.py took 0.042 seconds
[2024-11-28T09:01:24.401+0000] {processor.py:186} INFO - Started process (PID=13808) to work on /opt/airflow/dags/download_rocket_launch.py
[2024-11-28T09:01:24.401+0000] {processor.py:914} INFO - Processing file /opt/airflow/dags/download_rocket_launch.py for tasks to queue
[2024-11-28T09:01:24.402+0000] {logging_mixin.py:190} INFO - [2024-11-28T09:01:24.402+0000] {dagbag.py:588} INFO - Filling up the DagBag from /opt/airflow/dags/download_rocket_launch.py
[2024-11-28T09:01:24.406+0000] {processor.py:925} INFO - DAG(s) 'download_rocket_launches' retrieved from /opt/airflow/dags/download_rocket_launch.py
[2024-11-28T09:01:24.414+0000] {logging_mixin.py:190} INFO - [2024-11-28T09:01:24.414+0000] {dag.py:3239} INFO - Sync 1 DAGs
[2024-11-28T09:01:24.420+0000] {logging_mixin.py:190} INFO - [2024-11-28T09:01:24.419+0000] {dag.py:4180} INFO - Setting next_dagrun for download_rocket_launches to None, run_after=None
[2024-11-28T09:01:24.426+0000] {processor.py:208} INFO - Processing /opt/airflow/dags/download_rocket_launch.py took 0.028 seconds
[2024-11-28T09:01:54.657+0000] {processor.py:186} INFO - Started process (PID=13872) to work on /opt/airflow/dags/download_rocket_launch.py
[2024-11-28T09:01:54.658+0000] {processor.py:914} INFO - Processing file /opt/airflow/dags/download_rocket_launch.py for tasks to queue
[2024-11-28T09:01:54.659+0000] {logging_mixin.py:190} INFO - [2024-11-28T09:01:54.658+0000] {dagbag.py:588} INFO - Filling up the DagBag from /opt/airflow/dags/download_rocket_launch.py
[2024-11-28T09:01:54.666+0000] {processor.py:925} INFO - DAG(s) 'download_rocket_launches' retrieved from /opt/airflow/dags/download_rocket_launch.py
[2024-11-28T09:01:54.676+0000] {logging_mixin.py:190} INFO - [2024-11-28T09:01:54.675+0000] {dag.py:3239} INFO - Sync 1 DAGs
[2024-11-28T09:01:54.683+0000] {logging_mixin.py:190} INFO - [2024-11-28T09:01:54.682+0000] {dag.py:4180} INFO - Setting next_dagrun for download_rocket_launches to None, run_after=None
[2024-11-28T09:01:54.689+0000] {processor.py:208} INFO - Processing /opt/airflow/dags/download_rocket_launch.py took 0.038 seconds
[2024-11-28T09:02:24.882+0000] {processor.py:186} INFO - Started process (PID=13936) to work on /opt/airflow/dags/download_rocket_launch.py
[2024-11-28T09:02:24.883+0000] {processor.py:914} INFO - Processing file /opt/airflow/dags/download_rocket_launch.py for tasks to queue
[2024-11-28T09:02:24.884+0000] {logging_mixin.py:190} INFO - [2024-11-28T09:02:24.883+0000] {dagbag.py:588} INFO - Filling up the DagBag from /opt/airflow/dags/download_rocket_launch.py
[2024-11-28T09:02:24.890+0000] {processor.py:925} INFO - DAG(s) 'download_rocket_launches' retrieved from /opt/airflow/dags/download_rocket_launch.py
[2024-11-28T09:02:24.902+0000] {logging_mixin.py:190} INFO - [2024-11-28T09:02:24.902+0000] {dag.py:3239} INFO - Sync 1 DAGs
[2024-11-28T09:02:24.909+0000] {logging_mixin.py:190} INFO - [2024-11-28T09:02:24.909+0000] {dag.py:4180} INFO - Setting next_dagrun for download_rocket_launches to None, run_after=None
[2024-11-28T09:02:24.916+0000] {processor.py:208} INFO - Processing /opt/airflow/dags/download_rocket_launch.py took 0.039 seconds
[2024-11-28T09:02:55.269+0000] {processor.py:186} INFO - Started process (PID=14000) to work on /opt/airflow/dags/download_rocket_launch.py
[2024-11-28T09:02:55.270+0000] {processor.py:914} INFO - Processing file /opt/airflow/dags/download_rocket_launch.py for tasks to queue
[2024-11-28T09:02:55.272+0000] {logging_mixin.py:190} INFO - [2024-11-28T09:02:55.272+0000] {dagbag.py:588} INFO - Filling up the DagBag from /opt/airflow/dags/download_rocket_launch.py
[2024-11-28T09:02:55.282+0000] {processor.py:925} INFO - DAG(s) 'download_rocket_launches' retrieved from /opt/airflow/dags/download_rocket_launch.py
[2024-11-28T09:02:55.294+0000] {logging_mixin.py:190} INFO - [2024-11-28T09:02:55.294+0000] {dag.py:3239} INFO - Sync 1 DAGs
[2024-11-28T09:02:55.303+0000] {logging_mixin.py:190} INFO - [2024-11-28T09:02:55.303+0000] {dag.py:4180} INFO - Setting next_dagrun for download_rocket_launches to None, run_after=None
[2024-11-28T09:02:55.312+0000] {processor.py:208} INFO - Processing /opt/airflow/dags/download_rocket_launch.py took 0.049 seconds
[2024-11-28T09:03:25.706+0000] {processor.py:186} INFO - Started process (PID=14064) to work on /opt/airflow/dags/download_rocket_launch.py
[2024-11-28T09:03:25.707+0000] {processor.py:914} INFO - Processing file /opt/airflow/dags/download_rocket_launch.py for tasks to queue
[2024-11-28T09:03:25.708+0000] {logging_mixin.py:190} INFO - [2024-11-28T09:03:25.708+0000] {dagbag.py:588} INFO - Filling up the DagBag from /opt/airflow/dags/download_rocket_launch.py
[2024-11-28T09:03:25.715+0000] {processor.py:925} INFO - DAG(s) 'download_rocket_launches' retrieved from /opt/airflow/dags/download_rocket_launch.py
[2024-11-28T09:03:25.727+0000] {logging_mixin.py:190} INFO - [2024-11-28T09:03:25.727+0000] {dag.py:3239} INFO - Sync 1 DAGs
[2024-11-28T09:03:25.734+0000] {logging_mixin.py:190} INFO - [2024-11-28T09:03:25.734+0000] {dag.py:4180} INFO - Setting next_dagrun for download_rocket_launches to None, run_after=None
[2024-11-28T09:03:25.741+0000] {processor.py:208} INFO - Processing /opt/airflow/dags/download_rocket_launch.py took 0.040 seconds
[2024-11-28T09:03:56.109+0000] {processor.py:186} INFO - Started process (PID=14127) to work on /opt/airflow/dags/download_rocket_launch.py
[2024-11-28T09:03:56.110+0000] {processor.py:914} INFO - Processing file /opt/airflow/dags/download_rocket_launch.py for tasks to queue
[2024-11-28T09:03:56.110+0000] {logging_mixin.py:190} INFO - [2024-11-28T09:03:56.110+0000] {dagbag.py:588} INFO - Filling up the DagBag from /opt/airflow/dags/download_rocket_launch.py
[2024-11-28T09:03:56.117+0000] {processor.py:925} INFO - DAG(s) 'download_rocket_launches' retrieved from /opt/airflow/dags/download_rocket_launch.py
[2024-11-28T09:03:56.129+0000] {logging_mixin.py:190} INFO - [2024-11-28T09:03:56.129+0000] {dag.py:3239} INFO - Sync 1 DAGs
[2024-11-28T09:03:56.136+0000] {logging_mixin.py:190} INFO - [2024-11-28T09:03:56.136+0000] {dag.py:4180} INFO - Setting next_dagrun for download_rocket_launches to None, run_after=None
[2024-11-28T09:03:56.142+0000] {processor.py:208} INFO - Processing /opt/airflow/dags/download_rocket_launch.py took 0.039 seconds
[2024-11-28T09:04:26.423+0000] {processor.py:186} INFO - Started process (PID=14191) to work on /opt/airflow/dags/download_rocket_launch.py
[2024-11-28T09:04:26.424+0000] {processor.py:914} INFO - Processing file /opt/airflow/dags/download_rocket_launch.py for tasks to queue
[2024-11-28T09:04:26.425+0000] {logging_mixin.py:190} INFO - [2024-11-28T09:04:26.424+0000] {dagbag.py:588} INFO - Filling up the DagBag from /opt/airflow/dags/download_rocket_launch.py
[2024-11-28T09:04:26.432+0000] {processor.py:925} INFO - DAG(s) 'download_rocket_launches' retrieved from /opt/airflow/dags/download_rocket_launch.py
[2024-11-28T09:04:26.445+0000] {logging_mixin.py:190} INFO - [2024-11-28T09:04:26.444+0000] {dag.py:3239} INFO - Sync 1 DAGs
[2024-11-28T09:04:26.451+0000] {logging_mixin.py:190} INFO - [2024-11-28T09:04:26.451+0000] {dag.py:4180} INFO - Setting next_dagrun for download_rocket_launches to None, run_after=None
[2024-11-28T09:04:26.457+0000] {processor.py:208} INFO - Processing /opt/airflow/dags/download_rocket_launch.py took 0.040 seconds
[2024-11-28T09:05:49.218+0000] {processor.py:186} INFO - Started process (PID=47) to work on /opt/airflow/dags/download_rocket_launch.py
[2024-11-28T09:05:49.220+0000] {processor.py:914} INFO - Processing file /opt/airflow/dags/download_rocket_launch.py for tasks to queue
[2024-11-28T09:05:49.223+0000] {logging_mixin.py:190} INFO - [2024-11-28T09:05:49.223+0000] {dagbag.py:588} INFO - Filling up the DagBag from /opt/airflow/dags/download_rocket_launch.py
[2024-11-28T09:05:49.247+0000] {processor.py:925} INFO - DAG(s) 'download_rocket_launches' retrieved from /opt/airflow/dags/download_rocket_launch.py
[2024-11-28T09:05:49.276+0000] {logging_mixin.py:190} INFO - [2024-11-28T09:05:49.276+0000] {dag.py:3239} INFO - Sync 1 DAGs
[2024-11-28T09:05:49.288+0000] {logging_mixin.py:190} INFO - [2024-11-28T09:05:49.288+0000] {dag.py:4180} INFO - Setting next_dagrun for download_rocket_launches to None, run_after=None
[2024-11-28T09:05:49.304+0000] {processor.py:208} INFO - Processing /opt/airflow/dags/download_rocket_launch.py took 0.091 seconds
[2024-11-28T09:06:19.725+0000] {processor.py:186} INFO - Started process (PID=111) to work on /opt/airflow/dags/download_rocket_launch.py
[2024-11-28T09:06:19.727+0000] {processor.py:914} INFO - Processing file /opt/airflow/dags/download_rocket_launch.py for tasks to queue
[2024-11-28T09:06:19.729+0000] {logging_mixin.py:190} INFO - [2024-11-28T09:06:19.729+0000] {dagbag.py:588} INFO - Filling up the DagBag from /opt/airflow/dags/download_rocket_launch.py
[2024-11-28T09:06:19.736+0000] {processor.py:925} INFO - DAG(s) 'download_rocket_launches' retrieved from /opt/airflow/dags/download_rocket_launch.py
[2024-11-28T09:06:19.748+0000] {logging_mixin.py:190} INFO - [2024-11-28T09:06:19.748+0000] {dag.py:3239} INFO - Sync 1 DAGs
[2024-11-28T09:06:19.757+0000] {logging_mixin.py:190} INFO - [2024-11-28T09:06:19.757+0000] {dag.py:4180} INFO - Setting next_dagrun for download_rocket_launches to None, run_after=None
[2024-11-28T09:06:19.768+0000] {processor.py:208} INFO - Processing /opt/airflow/dags/download_rocket_launch.py took 0.047 seconds
[2024-11-28T09:06:50.361+0000] {processor.py:186} INFO - Started process (PID=175) to work on /opt/airflow/dags/download_rocket_launch.py
[2024-11-28T09:06:50.362+0000] {processor.py:914} INFO - Processing file /opt/airflow/dags/download_rocket_launch.py for tasks to queue
[2024-11-28T09:06:50.368+0000] {logging_mixin.py:190} INFO - [2024-11-28T09:06:50.368+0000] {dagbag.py:588} INFO - Filling up the DagBag from /opt/airflow/dags/download_rocket_launch.py
[2024-11-28T09:06:50.377+0000] {processor.py:925} INFO - DAG(s) 'download_rocket_launches' retrieved from /opt/airflow/dags/download_rocket_launch.py
[2024-11-28T09:06:50.389+0000] {logging_mixin.py:190} INFO - [2024-11-28T09:06:50.389+0000] {dag.py:3239} INFO - Sync 1 DAGs
[2024-11-28T09:06:50.398+0000] {logging_mixin.py:190} INFO - [2024-11-28T09:06:50.398+0000] {dag.py:4180} INFO - Setting next_dagrun for download_rocket_launches to None, run_after=None
[2024-11-28T09:06:50.407+0000] {processor.py:208} INFO - Processing /opt/airflow/dags/download_rocket_launch.py took 0.052 seconds
[2024-11-28T09:07:20.468+0000] {processor.py:186} INFO - Started process (PID=239) to work on /opt/airflow/dags/download_rocket_launch.py
[2024-11-28T09:07:20.470+0000] {processor.py:914} INFO - Processing file /opt/airflow/dags/download_rocket_launch.py for tasks to queue
[2024-11-28T09:07:20.473+0000] {logging_mixin.py:190} INFO - [2024-11-28T09:07:20.473+0000] {dagbag.py:588} INFO - Filling up the DagBag from /opt/airflow/dags/download_rocket_launch.py
[2024-11-28T09:07:20.479+0000] {processor.py:925} INFO - DAG(s) 'download_rocket_launches' retrieved from /opt/airflow/dags/download_rocket_launch.py
[2024-11-28T09:07:20.492+0000] {logging_mixin.py:190} INFO - [2024-11-28T09:07:20.492+0000] {dag.py:3239} INFO - Sync 1 DAGs
[2024-11-28T09:07:20.500+0000] {logging_mixin.py:190} INFO - [2024-11-28T09:07:20.500+0000] {dag.py:4180} INFO - Setting next_dagrun for download_rocket_launches to None, run_after=None
[2024-11-28T09:07:20.510+0000] {processor.py:208} INFO - Processing /opt/airflow/dags/download_rocket_launch.py took 0.049 seconds
[2024-11-28T09:07:50.809+0000] {processor.py:186} INFO - Started process (PID=303) to work on /opt/airflow/dags/download_rocket_launch.py
[2024-11-28T09:07:50.810+0000] {processor.py:914} INFO - Processing file /opt/airflow/dags/download_rocket_launch.py for tasks to queue
[2024-11-28T09:07:50.811+0000] {logging_mixin.py:190} INFO - [2024-11-28T09:07:50.811+0000] {dagbag.py:588} INFO - Filling up the DagBag from /opt/airflow/dags/download_rocket_launch.py
[2024-11-28T09:07:50.817+0000] {processor.py:925} INFO - DAG(s) 'download_rocket_launches' retrieved from /opt/airflow/dags/download_rocket_launch.py
[2024-11-28T09:07:50.826+0000] {logging_mixin.py:190} INFO - [2024-11-28T09:07:50.826+0000] {dag.py:3239} INFO - Sync 1 DAGs
[2024-11-28T09:07:50.832+0000] {logging_mixin.py:190} INFO - [2024-11-28T09:07:50.832+0000] {dag.py:4180} INFO - Setting next_dagrun for download_rocket_launches to None, run_after=None
[2024-11-28T09:07:50.839+0000] {processor.py:208} INFO - Processing /opt/airflow/dags/download_rocket_launch.py took 0.033 seconds
[2024-11-28T09:08:20.934+0000] {processor.py:186} INFO - Started process (PID=367) to work on /opt/airflow/dags/download_rocket_launch.py
[2024-11-28T09:08:20.937+0000] {processor.py:914} INFO - Processing file /opt/airflow/dags/download_rocket_launch.py for tasks to queue
[2024-11-28T09:08:20.938+0000] {logging_mixin.py:190} INFO - [2024-11-28T09:08:20.938+0000] {dagbag.py:588} INFO - Filling up the DagBag from /opt/airflow/dags/download_rocket_launch.py
[2024-11-28T09:08:20.945+0000] {processor.py:925} INFO - DAG(s) 'download_rocket_launches' retrieved from /opt/airflow/dags/download_rocket_launch.py
[2024-11-28T09:08:20.953+0000] {logging_mixin.py:190} INFO - [2024-11-28T09:08:20.953+0000] {dag.py:3239} INFO - Sync 1 DAGs
[2024-11-28T09:08:20.958+0000] {logging_mixin.py:190} INFO - [2024-11-28T09:08:20.958+0000] {dag.py:4180} INFO - Setting next_dagrun for download_rocket_launches to None, run_after=None
[2024-11-28T09:08:20.966+0000] {processor.py:208} INFO - Processing /opt/airflow/dags/download_rocket_launch.py took 0.034 seconds
[2024-11-28T09:08:51.199+0000] {processor.py:186} INFO - Started process (PID=430) to work on /opt/airflow/dags/download_rocket_launch.py
[2024-11-28T09:08:51.201+0000] {processor.py:914} INFO - Processing file /opt/airflow/dags/download_rocket_launch.py for tasks to queue
[2024-11-28T09:08:51.204+0000] {logging_mixin.py:190} INFO - [2024-11-28T09:08:51.204+0000] {dagbag.py:588} INFO - Filling up the DagBag from /opt/airflow/dags/download_rocket_launch.py
[2024-11-28T09:08:51.213+0000] {processor.py:925} INFO - DAG(s) 'download_rocket_launches' retrieved from /opt/airflow/dags/download_rocket_launch.py
[2024-11-28T09:08:51.227+0000] {logging_mixin.py:190} INFO - [2024-11-28T09:08:51.227+0000] {dag.py:3239} INFO - Sync 1 DAGs
[2024-11-28T09:08:51.235+0000] {logging_mixin.py:190} INFO - [2024-11-28T09:08:51.234+0000] {dag.py:4180} INFO - Setting next_dagrun for download_rocket_launches to None, run_after=None
[2024-11-28T09:08:51.244+0000] {processor.py:208} INFO - Processing /opt/airflow/dags/download_rocket_launch.py took 0.050 seconds
[2024-11-28T09:09:21.556+0000] {processor.py:186} INFO - Started process (PID=494) to work on /opt/airflow/dags/download_rocket_launch.py
[2024-11-28T09:09:21.557+0000] {processor.py:914} INFO - Processing file /opt/airflow/dags/download_rocket_launch.py for tasks to queue
[2024-11-28T09:09:21.560+0000] {logging_mixin.py:190} INFO - [2024-11-28T09:09:21.560+0000] {dagbag.py:588} INFO - Filling up the DagBag from /opt/airflow/dags/download_rocket_launch.py
[2024-11-28T09:09:21.568+0000] {processor.py:925} INFO - DAG(s) 'download_rocket_launches' retrieved from /opt/airflow/dags/download_rocket_launch.py
[2024-11-28T09:09:21.582+0000] {logging_mixin.py:190} INFO - [2024-11-28T09:09:21.582+0000] {dag.py:3239} INFO - Sync 1 DAGs
[2024-11-28T09:09:21.592+0000] {logging_mixin.py:190} INFO - [2024-11-28T09:09:21.592+0000] {dag.py:4180} INFO - Setting next_dagrun for download_rocket_launches to None, run_after=None
[2024-11-28T09:09:21.602+0000] {processor.py:208} INFO - Processing /opt/airflow/dags/download_rocket_launch.py took 0.051 seconds
[2024-11-28T09:09:51.903+0000] {processor.py:186} INFO - Started process (PID=558) to work on /opt/airflow/dags/download_rocket_launch.py
[2024-11-28T09:09:51.905+0000] {processor.py:914} INFO - Processing file /opt/airflow/dags/download_rocket_launch.py for tasks to queue
[2024-11-28T09:09:51.907+0000] {logging_mixin.py:190} INFO - [2024-11-28T09:09:51.907+0000] {dagbag.py:588} INFO - Filling up the DagBag from /opt/airflow/dags/download_rocket_launch.py
[2024-11-28T09:09:51.913+0000] {processor.py:925} INFO - DAG(s) 'download_rocket_launches' retrieved from /opt/airflow/dags/download_rocket_launch.py
[2024-11-28T09:09:51.925+0000] {logging_mixin.py:190} INFO - [2024-11-28T09:09:51.925+0000] {dag.py:3239} INFO - Sync 1 DAGs
[2024-11-28T09:09:51.932+0000] {logging_mixin.py:190} INFO - [2024-11-28T09:09:51.932+0000] {dag.py:4180} INFO - Setting next_dagrun for download_rocket_launches to None, run_after=None
[2024-11-28T09:09:51.940+0000] {processor.py:208} INFO - Processing /opt/airflow/dags/download_rocket_launch.py took 0.044 seconds
[2024-11-28T09:10:22.138+0000] {processor.py:186} INFO - Started process (PID=622) to work on /opt/airflow/dags/download_rocket_launch.py
[2024-11-28T09:10:22.140+0000] {processor.py:914} INFO - Processing file /opt/airflow/dags/download_rocket_launch.py for tasks to queue
[2024-11-28T09:10:22.142+0000] {logging_mixin.py:190} INFO - [2024-11-28T09:10:22.141+0000] {dagbag.py:588} INFO - Filling up the DagBag from /opt/airflow/dags/download_rocket_launch.py
[2024-11-28T09:10:22.153+0000] {processor.py:925} INFO - DAG(s) 'download_rocket_launches' retrieved from /opt/airflow/dags/download_rocket_launch.py
[2024-11-28T09:10:22.167+0000] {logging_mixin.py:190} INFO - [2024-11-28T09:10:22.167+0000] {dag.py:3239} INFO - Sync 1 DAGs
[2024-11-28T09:10:22.175+0000] {logging_mixin.py:190} INFO - [2024-11-28T09:10:22.175+0000] {dag.py:4180} INFO - Setting next_dagrun for download_rocket_launches to None, run_after=None
[2024-11-28T09:10:22.187+0000] {processor.py:208} INFO - Processing /opt/airflow/dags/download_rocket_launch.py took 0.056 seconds
[2024-11-28T09:10:52.453+0000] {processor.py:186} INFO - Started process (PID=686) to work on /opt/airflow/dags/download_rocket_launch.py
[2024-11-28T09:10:52.455+0000] {processor.py:914} INFO - Processing file /opt/airflow/dags/download_rocket_launch.py for tasks to queue
[2024-11-28T09:10:52.457+0000] {logging_mixin.py:190} INFO - [2024-11-28T09:10:52.457+0000] {dagbag.py:588} INFO - Filling up the DagBag from /opt/airflow/dags/download_rocket_launch.py
[2024-11-28T09:10:52.469+0000] {processor.py:925} INFO - DAG(s) 'download_rocket_launches' retrieved from /opt/airflow/dags/download_rocket_launch.py
[2024-11-28T09:10:52.483+0000] {logging_mixin.py:190} INFO - [2024-11-28T09:10:52.483+0000] {dag.py:3239} INFO - Sync 1 DAGs
[2024-11-28T09:10:52.491+0000] {logging_mixin.py:190} INFO - [2024-11-28T09:10:52.491+0000] {dag.py:4180} INFO - Setting next_dagrun for download_rocket_launches to None, run_after=None
[2024-11-28T09:10:52.503+0000] {processor.py:208} INFO - Processing /opt/airflow/dags/download_rocket_launch.py took 0.057 seconds
[2024-11-28T09:11:22.733+0000] {processor.py:186} INFO - Started process (PID=750) to work on /opt/airflow/dags/download_rocket_launch.py
[2024-11-28T09:11:22.737+0000] {processor.py:914} INFO - Processing file /opt/airflow/dags/download_rocket_launch.py for tasks to queue
[2024-11-28T09:11:22.738+0000] {logging_mixin.py:190} INFO - [2024-11-28T09:11:22.738+0000] {dagbag.py:588} INFO - Filling up the DagBag from /opt/airflow/dags/download_rocket_launch.py
[2024-11-28T09:11:22.753+0000] {processor.py:925} INFO - DAG(s) 'download_rocket_launches' retrieved from /opt/airflow/dags/download_rocket_launch.py
[2024-11-28T09:11:22.767+0000] {logging_mixin.py:190} INFO - [2024-11-28T09:11:22.767+0000] {dag.py:3239} INFO - Sync 1 DAGs
[2024-11-28T09:11:22.776+0000] {logging_mixin.py:190} INFO - [2024-11-28T09:11:22.776+0000] {dag.py:4180} INFO - Setting next_dagrun for download_rocket_launches to None, run_after=None
[2024-11-28T09:11:22.785+0000] {processor.py:208} INFO - Processing /opt/airflow/dags/download_rocket_launch.py took 0.058 seconds
[2024-11-28T09:11:53.199+0000] {processor.py:186} INFO - Started process (PID=814) to work on /opt/airflow/dags/download_rocket_launch.py
[2024-11-28T09:11:53.201+0000] {processor.py:914} INFO - Processing file /opt/airflow/dags/download_rocket_launch.py for tasks to queue
[2024-11-28T09:11:53.204+0000] {logging_mixin.py:190} INFO - [2024-11-28T09:11:53.204+0000] {dagbag.py:588} INFO - Filling up the DagBag from /opt/airflow/dags/download_rocket_launch.py
[2024-11-28T09:11:53.215+0000] {processor.py:925} INFO - DAG(s) 'download_rocket_launches' retrieved from /opt/airflow/dags/download_rocket_launch.py
[2024-11-28T09:11:53.227+0000] {logging_mixin.py:190} INFO - [2024-11-28T09:11:53.226+0000] {dag.py:3239} INFO - Sync 1 DAGs
[2024-11-28T09:11:53.234+0000] {logging_mixin.py:190} INFO - [2024-11-28T09:11:53.234+0000] {dag.py:4180} INFO - Setting next_dagrun for download_rocket_launches to None, run_after=None
[2024-11-28T09:11:53.244+0000] {processor.py:208} INFO - Processing /opt/airflow/dags/download_rocket_launch.py took 0.051 seconds
[2024-11-28T09:12:23.502+0000] {processor.py:186} INFO - Started process (PID=878) to work on /opt/airflow/dags/download_rocket_launch.py
[2024-11-28T09:12:23.503+0000] {processor.py:914} INFO - Processing file /opt/airflow/dags/download_rocket_launch.py for tasks to queue
[2024-11-28T09:12:23.504+0000] {logging_mixin.py:190} INFO - [2024-11-28T09:12:23.504+0000] {dagbag.py:588} INFO - Filling up the DagBag from /opt/airflow/dags/download_rocket_launch.py
[2024-11-28T09:12:23.508+0000] {processor.py:925} INFO - DAG(s) 'download_rocket_launches' retrieved from /opt/airflow/dags/download_rocket_launch.py
[2024-11-28T09:12:23.516+0000] {logging_mixin.py:190} INFO - [2024-11-28T09:12:23.516+0000] {dag.py:3239} INFO - Sync 1 DAGs
[2024-11-28T09:12:23.522+0000] {logging_mixin.py:190} INFO - [2024-11-28T09:12:23.522+0000] {dag.py:4180} INFO - Setting next_dagrun for download_rocket_launches to None, run_after=None
[2024-11-28T09:12:23.529+0000] {processor.py:208} INFO - Processing /opt/airflow/dags/download_rocket_launch.py took 0.030 seconds
[2024-11-28T09:12:53.561+0000] {processor.py:186} INFO - Started process (PID=942) to work on /opt/airflow/dags/download_rocket_launch.py
[2024-11-28T09:12:53.562+0000] {processor.py:914} INFO - Processing file /opt/airflow/dags/download_rocket_launch.py for tasks to queue
[2024-11-28T09:12:53.565+0000] {logging_mixin.py:190} INFO - [2024-11-28T09:12:53.565+0000] {dagbag.py:588} INFO - Filling up the DagBag from /opt/airflow/dags/download_rocket_launch.py
[2024-11-28T09:12:53.572+0000] {processor.py:925} INFO - DAG(s) 'download_rocket_launches' retrieved from /opt/airflow/dags/download_rocket_launch.py
[2024-11-28T09:12:53.583+0000] {logging_mixin.py:190} INFO - [2024-11-28T09:12:53.583+0000] {dag.py:3239} INFO - Sync 1 DAGs
[2024-11-28T09:12:53.590+0000] {logging_mixin.py:190} INFO - [2024-11-28T09:12:53.590+0000] {dag.py:4180} INFO - Setting next_dagrun for download_rocket_launches to None, run_after=None
[2024-11-28T09:12:53.605+0000] {processor.py:208} INFO - Processing /opt/airflow/dags/download_rocket_launch.py took 0.048 seconds
[2024-11-28T09:13:23.827+0000] {processor.py:186} INFO - Started process (PID=1006) to work on /opt/airflow/dags/download_rocket_launch.py
[2024-11-28T09:13:23.828+0000] {processor.py:914} INFO - Processing file /opt/airflow/dags/download_rocket_launch.py for tasks to queue
[2024-11-28T09:13:23.831+0000] {logging_mixin.py:190} INFO - [2024-11-28T09:13:23.831+0000] {dagbag.py:588} INFO - Filling up the DagBag from /opt/airflow/dags/download_rocket_launch.py
[2024-11-28T09:13:23.840+0000] {processor.py:925} INFO - DAG(s) 'download_rocket_launches' retrieved from /opt/airflow/dags/download_rocket_launch.py
[2024-11-28T09:13:23.851+0000] {logging_mixin.py:190} INFO - [2024-11-28T09:13:23.851+0000] {dag.py:3239} INFO - Sync 1 DAGs
[2024-11-28T09:13:23.857+0000] {logging_mixin.py:190} INFO - [2024-11-28T09:13:23.857+0000] {dag.py:4180} INFO - Setting next_dagrun for download_rocket_launches to None, run_after=None
[2024-11-28T09:13:23.867+0000] {processor.py:208} INFO - Processing /opt/airflow/dags/download_rocket_launch.py took 0.044 seconds
[2024-11-28T09:13:54.116+0000] {processor.py:186} INFO - Started process (PID=1070) to work on /opt/airflow/dags/download_rocket_launch.py
[2024-11-28T09:13:54.117+0000] {processor.py:914} INFO - Processing file /opt/airflow/dags/download_rocket_launch.py for tasks to queue
[2024-11-28T09:13:54.119+0000] {logging_mixin.py:190} INFO - [2024-11-28T09:13:54.119+0000] {dagbag.py:588} INFO - Filling up the DagBag from /opt/airflow/dags/download_rocket_launch.py
[2024-11-28T09:13:54.129+0000] {processor.py:925} INFO - DAG(s) 'download_rocket_launches' retrieved from /opt/airflow/dags/download_rocket_launch.py
[2024-11-28T09:13:54.140+0000] {logging_mixin.py:190} INFO - [2024-11-28T09:13:54.140+0000] {dag.py:3239} INFO - Sync 1 DAGs
[2024-11-28T09:13:54.146+0000] {logging_mixin.py:190} INFO - [2024-11-28T09:13:54.146+0000] {dag.py:4180} INFO - Setting next_dagrun for download_rocket_launches to None, run_after=None
[2024-11-28T09:13:54.156+0000] {processor.py:208} INFO - Processing /opt/airflow/dags/download_rocket_launch.py took 0.044 seconds
[2024-11-28T09:14:24.479+0000] {processor.py:186} INFO - Started process (PID=1134) to work on /opt/airflow/dags/download_rocket_launch.py
[2024-11-28T09:14:24.480+0000] {processor.py:914} INFO - Processing file /opt/airflow/dags/download_rocket_launch.py for tasks to queue
[2024-11-28T09:14:24.484+0000] {logging_mixin.py:190} INFO - [2024-11-28T09:14:24.484+0000] {dagbag.py:588} INFO - Filling up the DagBag from /opt/airflow/dags/download_rocket_launch.py
[2024-11-28T09:14:24.494+0000] {processor.py:925} INFO - DAG(s) 'download_rocket_launches' retrieved from /opt/airflow/dags/download_rocket_launch.py
[2024-11-28T09:14:24.507+0000] {logging_mixin.py:190} INFO - [2024-11-28T09:14:24.507+0000] {dag.py:3239} INFO - Sync 1 DAGs
[2024-11-28T09:14:24.517+0000] {logging_mixin.py:190} INFO - [2024-11-28T09:14:24.517+0000] {dag.py:4180} INFO - Setting next_dagrun for download_rocket_launches to None, run_after=None
[2024-11-28T09:14:24.528+0000] {processor.py:208} INFO - Processing /opt/airflow/dags/download_rocket_launch.py took 0.056 seconds
[2024-11-28T09:14:54.873+0000] {processor.py:186} INFO - Started process (PID=1204) to work on /opt/airflow/dags/download_rocket_launch.py
[2024-11-28T09:14:54.873+0000] {processor.py:914} INFO - Processing file /opt/airflow/dags/download_rocket_launch.py for tasks to queue
[2024-11-28T09:14:54.876+0000] {logging_mixin.py:190} INFO - [2024-11-28T09:14:54.875+0000] {dagbag.py:588} INFO - Filling up the DagBag from /opt/airflow/dags/download_rocket_launch.py
[2024-11-28T09:14:54.886+0000] {processor.py:925} INFO - DAG(s) 'download_rocket_launches' retrieved from /opt/airflow/dags/download_rocket_launch.py
[2024-11-28T09:14:54.899+0000] {logging_mixin.py:190} INFO - [2024-11-28T09:14:54.898+0000] {dag.py:3239} INFO - Sync 1 DAGs
[2024-11-28T09:14:54.905+0000] {logging_mixin.py:190} INFO - [2024-11-28T09:14:54.905+0000] {dag.py:4180} INFO - Setting next_dagrun for download_rocket_launches to None, run_after=None
[2024-11-28T09:14:54.916+0000] {processor.py:208} INFO - Processing /opt/airflow/dags/download_rocket_launch.py took 0.046 seconds
[2024-11-28T09:15:25.229+0000] {processor.py:186} INFO - Started process (PID=1267) to work on /opt/airflow/dags/download_rocket_launch.py
[2024-11-28T09:15:25.231+0000] {processor.py:914} INFO - Processing file /opt/airflow/dags/download_rocket_launch.py for tasks to queue
[2024-11-28T09:15:25.234+0000] {logging_mixin.py:190} INFO - [2024-11-28T09:15:25.234+0000] {dagbag.py:588} INFO - Filling up the DagBag from /opt/airflow/dags/download_rocket_launch.py
[2024-11-28T09:15:25.243+0000] {processor.py:925} INFO - DAG(s) 'download_rocket_launches' retrieved from /opt/airflow/dags/download_rocket_launch.py
[2024-11-28T09:15:25.257+0000] {logging_mixin.py:190} INFO - [2024-11-28T09:15:25.257+0000] {dag.py:3239} INFO - Sync 1 DAGs
[2024-11-28T09:15:25.268+0000] {logging_mixin.py:190} INFO - [2024-11-28T09:15:25.268+0000] {dag.py:4180} INFO - Setting next_dagrun for download_rocket_launches to None, run_after=None
[2024-11-28T09:15:25.278+0000] {processor.py:208} INFO - Processing /opt/airflow/dags/download_rocket_launch.py took 0.055 seconds
[2024-11-28T09:15:55.608+0000] {processor.py:186} INFO - Started process (PID=1330) to work on /opt/airflow/dags/download_rocket_launch.py
[2024-11-28T09:15:55.609+0000] {processor.py:914} INFO - Processing file /opt/airflow/dags/download_rocket_launch.py for tasks to queue
[2024-11-28T09:15:55.613+0000] {logging_mixin.py:190} INFO - [2024-11-28T09:15:55.613+0000] {dagbag.py:588} INFO - Filling up the DagBag from /opt/airflow/dags/download_rocket_launch.py
[2024-11-28T09:15:55.622+0000] {processor.py:925} INFO - DAG(s) 'download_rocket_launches' retrieved from /opt/airflow/dags/download_rocket_launch.py
[2024-11-28T09:15:55.635+0000] {logging_mixin.py:190} INFO - [2024-11-28T09:15:55.635+0000] {dag.py:3239} INFO - Sync 1 DAGs
[2024-11-28T09:15:55.641+0000] {logging_mixin.py:190} INFO - [2024-11-28T09:15:55.641+0000] {dag.py:4180} INFO - Setting next_dagrun for download_rocket_launches to None, run_after=None
[2024-11-28T09:15:55.651+0000] {processor.py:208} INFO - Processing /opt/airflow/dags/download_rocket_launch.py took 0.049 seconds
[2024-11-28T09:16:25.948+0000] {processor.py:186} INFO - Started process (PID=1394) to work on /opt/airflow/dags/download_rocket_launch.py
[2024-11-28T09:16:25.950+0000] {processor.py:914} INFO - Processing file /opt/airflow/dags/download_rocket_launch.py for tasks to queue
[2024-11-28T09:16:25.952+0000] {logging_mixin.py:190} INFO - [2024-11-28T09:16:25.952+0000] {dagbag.py:588} INFO - Filling up the DagBag from /opt/airflow/dags/download_rocket_launch.py
[2024-11-28T09:16:25.962+0000] {processor.py:925} INFO - DAG(s) 'download_rocket_launches' retrieved from /opt/airflow/dags/download_rocket_launch.py
[2024-11-28T09:16:25.979+0000] {logging_mixin.py:190} INFO - [2024-11-28T09:16:25.978+0000] {dag.py:3239} INFO - Sync 1 DAGs
[2024-11-28T09:16:25.986+0000] {logging_mixin.py:190} INFO - [2024-11-28T09:16:25.986+0000] {dag.py:4180} INFO - Setting next_dagrun for download_rocket_launches to None, run_after=None
[2024-11-28T09:16:25.997+0000] {processor.py:208} INFO - Processing /opt/airflow/dags/download_rocket_launch.py took 0.056 seconds
[2024-11-28T09:16:56.392+0000] {processor.py:186} INFO - Started process (PID=1458) to work on /opt/airflow/dags/download_rocket_launch.py
[2024-11-28T09:16:56.393+0000] {processor.py:914} INFO - Processing file /opt/airflow/dags/download_rocket_launch.py for tasks to queue
[2024-11-28T09:16:56.396+0000] {logging_mixin.py:190} INFO - [2024-11-28T09:16:56.395+0000] {dagbag.py:588} INFO - Filling up the DagBag from /opt/airflow/dags/download_rocket_launch.py
[2024-11-28T09:16:56.408+0000] {processor.py:925} INFO - DAG(s) 'download_rocket_launches' retrieved from /opt/airflow/dags/download_rocket_launch.py
[2024-11-28T09:16:56.422+0000] {logging_mixin.py:190} INFO - [2024-11-28T09:16:56.422+0000] {dag.py:3239} INFO - Sync 1 DAGs
[2024-11-28T09:16:56.429+0000] {logging_mixin.py:190} INFO - [2024-11-28T09:16:56.429+0000] {dag.py:4180} INFO - Setting next_dagrun for download_rocket_launches to None, run_after=None
[2024-11-28T09:16:56.441+0000] {processor.py:208} INFO - Processing /opt/airflow/dags/download_rocket_launch.py took 0.053 seconds
[2024-11-28T09:17:26.791+0000] {processor.py:186} INFO - Started process (PID=1522) to work on /opt/airflow/dags/download_rocket_launch.py
[2024-11-28T09:17:26.793+0000] {processor.py:914} INFO - Processing file /opt/airflow/dags/download_rocket_launch.py for tasks to queue
[2024-11-28T09:17:26.795+0000] {logging_mixin.py:190} INFO - [2024-11-28T09:17:26.794+0000] {dagbag.py:588} INFO - Filling up the DagBag from /opt/airflow/dags/download_rocket_launch.py
[2024-11-28T09:17:26.804+0000] {processor.py:925} INFO - DAG(s) 'download_rocket_launches' retrieved from /opt/airflow/dags/download_rocket_launch.py
[2024-11-28T09:17:26.816+0000] {logging_mixin.py:190} INFO - [2024-11-28T09:17:26.815+0000] {dag.py:3239} INFO - Sync 1 DAGs
[2024-11-28T09:17:26.822+0000] {logging_mixin.py:190} INFO - [2024-11-28T09:17:26.822+0000] {dag.py:4180} INFO - Setting next_dagrun for download_rocket_launches to None, run_after=None
[2024-11-28T09:17:26.834+0000] {processor.py:208} INFO - Processing /opt/airflow/dags/download_rocket_launch.py took 0.048 seconds
[2024-11-28T09:17:57.151+0000] {processor.py:186} INFO - Started process (PID=1586) to work on /opt/airflow/dags/download_rocket_launch.py
[2024-11-28T09:17:57.153+0000] {processor.py:914} INFO - Processing file /opt/airflow/dags/download_rocket_launch.py for tasks to queue
[2024-11-28T09:17:57.156+0000] {logging_mixin.py:190} INFO - [2024-11-28T09:17:57.156+0000] {dagbag.py:588} INFO - Filling up the DagBag from /opt/airflow/dags/download_rocket_launch.py
[2024-11-28T09:17:57.166+0000] {processor.py:925} INFO - DAG(s) 'download_rocket_launches' retrieved from /opt/airflow/dags/download_rocket_launch.py
[2024-11-28T09:17:57.178+0000] {logging_mixin.py:190} INFO - [2024-11-28T09:17:57.178+0000] {dag.py:3239} INFO - Sync 1 DAGs
[2024-11-28T09:17:57.184+0000] {logging_mixin.py:190} INFO - [2024-11-28T09:17:57.184+0000] {dag.py:4180} INFO - Setting next_dagrun for download_rocket_launches to None, run_after=None
[2024-11-28T09:17:57.195+0000] {processor.py:208} INFO - Processing /opt/airflow/dags/download_rocket_launch.py took 0.049 seconds
