[2024-12-03T00:03:58.381+0000] {processor.py:186} INFO - Started process (PID=3495) to work on /home/airflow/.local/lib/python3.12/site-packages/airflow/example_dags/example_task_group.py
[2024-12-03T00:03:58.381+0000] {processor.py:914} INFO - Processing file /home/airflow/.local/lib/python3.12/site-packages/airflow/example_dags/example_task_group.py for tasks to queue
[2024-12-03T00:03:58.382+0000] {logging_mixin.py:190} INFO - [2024-12-03T00:03:58.382+0000] {dagbag.py:588} INFO - Filling up the DagBag from /home/airflow/.local/lib/python3.12/site-packages/airflow/example_dags/example_task_group.py
[2024-12-03T00:03:58.386+0000] {processor.py:925} INFO - DAG(s) 'example_task_group' retrieved from /home/airflow/.local/lib/python3.12/site-packages/airflow/example_dags/example_task_group.py
[2024-12-03T00:03:58.396+0000] {logging_mixin.py:190} INFO - [2024-12-03T00:03:58.396+0000] {dag.py:3239} INFO - Sync 1 DAGs
[2024-12-03T00:03:58.401+0000] {logging_mixin.py:190} INFO - [2024-12-03T00:03:58.401+0000] {dag.py:4180} INFO - Setting next_dagrun for example_task_group to None, run_after=None
[2024-12-03T00:03:58.407+0000] {processor.py:208} INFO - Processing /home/airflow/.local/lib/python3.12/site-packages/airflow/example_dags/example_task_group.py took 0.029 seconds
[2024-12-03T00:04:28.747+0000] {processor.py:186} INFO - Started process (PID=3560) to work on /home/airflow/.local/lib/python3.12/site-packages/airflow/example_dags/example_task_group.py
[2024-12-03T00:04:28.748+0000] {processor.py:914} INFO - Processing file /home/airflow/.local/lib/python3.12/site-packages/airflow/example_dags/example_task_group.py for tasks to queue
[2024-12-03T00:04:28.749+0000] {logging_mixin.py:190} INFO - [2024-12-03T00:04:28.749+0000] {dagbag.py:588} INFO - Filling up the DagBag from /home/airflow/.local/lib/python3.12/site-packages/airflow/example_dags/example_task_group.py
[2024-12-03T00:04:28.753+0000] {processor.py:925} INFO - DAG(s) 'example_task_group' retrieved from /home/airflow/.local/lib/python3.12/site-packages/airflow/example_dags/example_task_group.py
[2024-12-03T00:04:28.765+0000] {logging_mixin.py:190} INFO - [2024-12-03T00:04:28.765+0000] {dag.py:3239} INFO - Sync 1 DAGs
[2024-12-03T00:04:28.770+0000] {logging_mixin.py:190} INFO - [2024-12-03T00:04:28.770+0000] {dag.py:4180} INFO - Setting next_dagrun for example_task_group to None, run_after=None
[2024-12-03T00:04:28.781+0000] {processor.py:208} INFO - Processing /home/airflow/.local/lib/python3.12/site-packages/airflow/example_dags/example_task_group.py took 0.036 seconds
[2024-12-03T00:04:58.948+0000] {processor.py:186} INFO - Started process (PID=3626) to work on /home/airflow/.local/lib/python3.12/site-packages/airflow/example_dags/example_task_group.py
[2024-12-03T00:04:58.949+0000] {processor.py:914} INFO - Processing file /home/airflow/.local/lib/python3.12/site-packages/airflow/example_dags/example_task_group.py for tasks to queue
[2024-12-03T00:04:58.950+0000] {logging_mixin.py:190} INFO - [2024-12-03T00:04:58.950+0000] {dagbag.py:588} INFO - Filling up the DagBag from /home/airflow/.local/lib/python3.12/site-packages/airflow/example_dags/example_task_group.py
[2024-12-03T00:04:58.954+0000] {processor.py:925} INFO - DAG(s) 'example_task_group' retrieved from /home/airflow/.local/lib/python3.12/site-packages/airflow/example_dags/example_task_group.py
[2024-12-03T00:04:58.967+0000] {logging_mixin.py:190} INFO - [2024-12-03T00:04:58.967+0000] {dag.py:3239} INFO - Sync 1 DAGs
[2024-12-03T00:04:58.973+0000] {logging_mixin.py:190} INFO - [2024-12-03T00:04:58.973+0000] {dag.py:4180} INFO - Setting next_dagrun for example_task_group to None, run_after=None
[2024-12-03T00:04:58.984+0000] {processor.py:208} INFO - Processing /home/airflow/.local/lib/python3.12/site-packages/airflow/example_dags/example_task_group.py took 0.038 seconds
[2024-12-03T00:05:30.138+0000] {processor.py:186} INFO - Started process (PID=3698) to work on /home/airflow/.local/lib/python3.12/site-packages/airflow/example_dags/example_task_group.py
[2024-12-03T00:05:30.138+0000] {processor.py:914} INFO - Processing file /home/airflow/.local/lib/python3.12/site-packages/airflow/example_dags/example_task_group.py for tasks to queue
[2024-12-03T00:05:30.140+0000] {logging_mixin.py:190} INFO - [2024-12-03T00:05:30.139+0000] {dagbag.py:588} INFO - Filling up the DagBag from /home/airflow/.local/lib/python3.12/site-packages/airflow/example_dags/example_task_group.py
[2024-12-03T00:05:30.143+0000] {processor.py:925} INFO - DAG(s) 'example_task_group' retrieved from /home/airflow/.local/lib/python3.12/site-packages/airflow/example_dags/example_task_group.py
[2024-12-03T00:05:30.154+0000] {logging_mixin.py:190} INFO - [2024-12-03T00:05:30.154+0000] {dag.py:3239} INFO - Sync 1 DAGs
[2024-12-03T00:05:30.159+0000] {logging_mixin.py:190} INFO - [2024-12-03T00:05:30.159+0000] {dag.py:4180} INFO - Setting next_dagrun for example_task_group to None, run_after=None
[2024-12-03T00:05:30.167+0000] {processor.py:208} INFO - Processing /home/airflow/.local/lib/python3.12/site-packages/airflow/example_dags/example_task_group.py took 0.032 seconds
[2024-12-03T00:06:01.252+0000] {processor.py:186} INFO - Started process (PID=3764) to work on /home/airflow/.local/lib/python3.12/site-packages/airflow/example_dags/example_task_group.py
[2024-12-03T00:06:01.252+0000] {processor.py:914} INFO - Processing file /home/airflow/.local/lib/python3.12/site-packages/airflow/example_dags/example_task_group.py for tasks to queue
[2024-12-03T00:06:01.253+0000] {logging_mixin.py:190} INFO - [2024-12-03T00:06:01.253+0000] {dagbag.py:588} INFO - Filling up the DagBag from /home/airflow/.local/lib/python3.12/site-packages/airflow/example_dags/example_task_group.py
[2024-12-03T00:06:01.257+0000] {processor.py:925} INFO - DAG(s) 'example_task_group' retrieved from /home/airflow/.local/lib/python3.12/site-packages/airflow/example_dags/example_task_group.py
[2024-12-03T00:06:01.268+0000] {logging_mixin.py:190} INFO - [2024-12-03T00:06:01.268+0000] {dag.py:3239} INFO - Sync 1 DAGs
[2024-12-03T00:06:01.275+0000] {logging_mixin.py:190} INFO - [2024-12-03T00:06:01.275+0000] {dag.py:4180} INFO - Setting next_dagrun for example_task_group to None, run_after=None
[2024-12-03T00:06:01.281+0000] {processor.py:208} INFO - Processing /home/airflow/.local/lib/python3.12/site-packages/airflow/example_dags/example_task_group.py took 0.031 seconds
[2024-12-03T00:06:32.376+0000] {processor.py:186} INFO - Started process (PID=3830) to work on /home/airflow/.local/lib/python3.12/site-packages/airflow/example_dags/example_task_group.py
[2024-12-03T00:06:32.377+0000] {processor.py:914} INFO - Processing file /home/airflow/.local/lib/python3.12/site-packages/airflow/example_dags/example_task_group.py for tasks to queue
[2024-12-03T00:06:32.378+0000] {logging_mixin.py:190} INFO - [2024-12-03T00:06:32.378+0000] {dagbag.py:588} INFO - Filling up the DagBag from /home/airflow/.local/lib/python3.12/site-packages/airflow/example_dags/example_task_group.py
[2024-12-03T00:06:32.383+0000] {processor.py:925} INFO - DAG(s) 'example_task_group' retrieved from /home/airflow/.local/lib/python3.12/site-packages/airflow/example_dags/example_task_group.py
[2024-12-03T00:06:32.394+0000] {logging_mixin.py:190} INFO - [2024-12-03T00:06:32.394+0000] {dag.py:3239} INFO - Sync 1 DAGs
[2024-12-03T00:06:32.399+0000] {logging_mixin.py:190} INFO - [2024-12-03T00:06:32.399+0000] {dag.py:4180} INFO - Setting next_dagrun for example_task_group to None, run_after=None
[2024-12-03T00:06:32.409+0000] {processor.py:208} INFO - Processing /home/airflow/.local/lib/python3.12/site-packages/airflow/example_dags/example_task_group.py took 0.036 seconds
[2024-12-03T00:07:03.602+0000] {processor.py:186} INFO - Started process (PID=3896) to work on /home/airflow/.local/lib/python3.12/site-packages/airflow/example_dags/example_task_group.py
[2024-12-03T00:07:03.603+0000] {processor.py:914} INFO - Processing file /home/airflow/.local/lib/python3.12/site-packages/airflow/example_dags/example_task_group.py for tasks to queue
[2024-12-03T00:07:03.603+0000] {logging_mixin.py:190} INFO - [2024-12-03T00:07:03.603+0000] {dagbag.py:588} INFO - Filling up the DagBag from /home/airflow/.local/lib/python3.12/site-packages/airflow/example_dags/example_task_group.py
[2024-12-03T00:07:03.607+0000] {processor.py:925} INFO - DAG(s) 'example_task_group' retrieved from /home/airflow/.local/lib/python3.12/site-packages/airflow/example_dags/example_task_group.py
[2024-12-03T00:07:03.614+0000] {logging_mixin.py:190} INFO - [2024-12-03T00:07:03.614+0000] {dag.py:3239} INFO - Sync 1 DAGs
[2024-12-03T00:07:03.619+0000] {logging_mixin.py:190} INFO - [2024-12-03T00:07:03.619+0000] {dag.py:4180} INFO - Setting next_dagrun for example_task_group to None, run_after=None
[2024-12-03T00:07:03.624+0000] {processor.py:208} INFO - Processing /home/airflow/.local/lib/python3.12/site-packages/airflow/example_dags/example_task_group.py took 0.024 seconds
[2024-12-03T00:07:34.633+0000] {processor.py:186} INFO - Started process (PID=3962) to work on /home/airflow/.local/lib/python3.12/site-packages/airflow/example_dags/example_task_group.py
[2024-12-03T00:07:34.634+0000] {processor.py:914} INFO - Processing file /home/airflow/.local/lib/python3.12/site-packages/airflow/example_dags/example_task_group.py for tasks to queue
[2024-12-03T00:07:34.636+0000] {logging_mixin.py:190} INFO - [2024-12-03T00:07:34.636+0000] {dagbag.py:588} INFO - Filling up the DagBag from /home/airflow/.local/lib/python3.12/site-packages/airflow/example_dags/example_task_group.py
[2024-12-03T00:07:34.640+0000] {processor.py:925} INFO - DAG(s) 'example_task_group' retrieved from /home/airflow/.local/lib/python3.12/site-packages/airflow/example_dags/example_task_group.py
[2024-12-03T00:07:34.651+0000] {logging_mixin.py:190} INFO - [2024-12-03T00:07:34.651+0000] {dag.py:3239} INFO - Sync 1 DAGs
[2024-12-03T00:07:34.657+0000] {logging_mixin.py:190} INFO - [2024-12-03T00:07:34.657+0000] {dag.py:4180} INFO - Setting next_dagrun for example_task_group to None, run_after=None
[2024-12-03T00:07:34.666+0000] {processor.py:208} INFO - Processing /home/airflow/.local/lib/python3.12/site-packages/airflow/example_dags/example_task_group.py took 0.036 seconds
[2024-12-03T00:08:05.655+0000] {processor.py:186} INFO - Started process (PID=4028) to work on /home/airflow/.local/lib/python3.12/site-packages/airflow/example_dags/example_task_group.py
[2024-12-03T00:08:05.656+0000] {processor.py:914} INFO - Processing file /home/airflow/.local/lib/python3.12/site-packages/airflow/example_dags/example_task_group.py for tasks to queue
[2024-12-03T00:08:05.657+0000] {logging_mixin.py:190} INFO - [2024-12-03T00:08:05.657+0000] {dagbag.py:588} INFO - Filling up the DagBag from /home/airflow/.local/lib/python3.12/site-packages/airflow/example_dags/example_task_group.py
[2024-12-03T00:08:05.661+0000] {processor.py:925} INFO - DAG(s) 'example_task_group' retrieved from /home/airflow/.local/lib/python3.12/site-packages/airflow/example_dags/example_task_group.py
[2024-12-03T00:08:05.671+0000] {logging_mixin.py:190} INFO - [2024-12-03T00:08:05.671+0000] {dag.py:3239} INFO - Sync 1 DAGs
[2024-12-03T00:08:05.675+0000] {logging_mixin.py:190} INFO - [2024-12-03T00:08:05.675+0000] {dag.py:4180} INFO - Setting next_dagrun for example_task_group to None, run_after=None
[2024-12-03T00:08:05.683+0000] {processor.py:208} INFO - Processing /home/airflow/.local/lib/python3.12/site-packages/airflow/example_dags/example_task_group.py took 0.031 seconds
[2024-12-03T00:08:36.905+0000] {processor.py:186} INFO - Started process (PID=4094) to work on /home/airflow/.local/lib/python3.12/site-packages/airflow/example_dags/example_task_group.py
[2024-12-03T00:08:36.906+0000] {processor.py:914} INFO - Processing file /home/airflow/.local/lib/python3.12/site-packages/airflow/example_dags/example_task_group.py for tasks to queue
[2024-12-03T00:08:36.907+0000] {logging_mixin.py:190} INFO - [2024-12-03T00:08:36.907+0000] {dagbag.py:588} INFO - Filling up the DagBag from /home/airflow/.local/lib/python3.12/site-packages/airflow/example_dags/example_task_group.py
[2024-12-03T00:08:36.912+0000] {processor.py:925} INFO - DAG(s) 'example_task_group' retrieved from /home/airflow/.local/lib/python3.12/site-packages/airflow/example_dags/example_task_group.py
[2024-12-03T00:08:36.922+0000] {logging_mixin.py:190} INFO - [2024-12-03T00:08:36.922+0000] {dag.py:3239} INFO - Sync 1 DAGs
[2024-12-03T00:08:36.928+0000] {logging_mixin.py:190} INFO - [2024-12-03T00:08:36.928+0000] {dag.py:4180} INFO - Setting next_dagrun for example_task_group to None, run_after=None
[2024-12-03T00:08:36.937+0000] {processor.py:208} INFO - Processing /home/airflow/.local/lib/python3.12/site-packages/airflow/example_dags/example_task_group.py took 0.034 seconds
[2024-12-03T00:09:07.222+0000] {processor.py:186} INFO - Started process (PID=4160) to work on /home/airflow/.local/lib/python3.12/site-packages/airflow/example_dags/example_task_group.py
[2024-12-03T00:09:07.223+0000] {processor.py:914} INFO - Processing file /home/airflow/.local/lib/python3.12/site-packages/airflow/example_dags/example_task_group.py for tasks to queue
[2024-12-03T00:09:07.224+0000] {logging_mixin.py:190} INFO - [2024-12-03T00:09:07.224+0000] {dagbag.py:588} INFO - Filling up the DagBag from /home/airflow/.local/lib/python3.12/site-packages/airflow/example_dags/example_task_group.py
[2024-12-03T00:09:07.228+0000] {processor.py:925} INFO - DAG(s) 'example_task_group' retrieved from /home/airflow/.local/lib/python3.12/site-packages/airflow/example_dags/example_task_group.py
[2024-12-03T00:09:07.244+0000] {logging_mixin.py:190} INFO - [2024-12-03T00:09:07.244+0000] {dag.py:3239} INFO - Sync 1 DAGs
[2024-12-03T00:09:07.250+0000] {logging_mixin.py:190} INFO - [2024-12-03T00:09:07.250+0000] {dag.py:4180} INFO - Setting next_dagrun for example_task_group to None, run_after=None
[2024-12-03T00:09:07.256+0000] {processor.py:208} INFO - Processing /home/airflow/.local/lib/python3.12/site-packages/airflow/example_dags/example_task_group.py took 0.036 seconds
[2024-12-03T00:09:37.505+0000] {processor.py:186} INFO - Started process (PID=4226) to work on /home/airflow/.local/lib/python3.12/site-packages/airflow/example_dags/example_task_group.py
[2024-12-03T00:09:37.506+0000] {processor.py:914} INFO - Processing file /home/airflow/.local/lib/python3.12/site-packages/airflow/example_dags/example_task_group.py for tasks to queue
[2024-12-03T00:09:37.507+0000] {logging_mixin.py:190} INFO - [2024-12-03T00:09:37.506+0000] {dagbag.py:588} INFO - Filling up the DagBag from /home/airflow/.local/lib/python3.12/site-packages/airflow/example_dags/example_task_group.py
[2024-12-03T00:09:37.510+0000] {processor.py:925} INFO - DAG(s) 'example_task_group' retrieved from /home/airflow/.local/lib/python3.12/site-packages/airflow/example_dags/example_task_group.py
[2024-12-03T00:09:37.522+0000] {logging_mixin.py:190} INFO - [2024-12-03T00:09:37.522+0000] {dag.py:3239} INFO - Sync 1 DAGs
[2024-12-03T00:09:37.527+0000] {logging_mixin.py:190} INFO - [2024-12-03T00:09:37.527+0000] {dag.py:4180} INFO - Setting next_dagrun for example_task_group to None, run_after=None
[2024-12-03T00:09:37.553+0000] {processor.py:208} INFO - Processing /home/airflow/.local/lib/python3.12/site-packages/airflow/example_dags/example_task_group.py took 0.051 seconds
[2024-12-03T00:10:08.772+0000] {processor.py:186} INFO - Started process (PID=4292) to work on /home/airflow/.local/lib/python3.12/site-packages/airflow/example_dags/example_task_group.py
[2024-12-03T00:10:08.773+0000] {processor.py:914} INFO - Processing file /home/airflow/.local/lib/python3.12/site-packages/airflow/example_dags/example_task_group.py for tasks to queue
[2024-12-03T00:10:08.774+0000] {logging_mixin.py:190} INFO - [2024-12-03T00:10:08.773+0000] {dagbag.py:588} INFO - Filling up the DagBag from /home/airflow/.local/lib/python3.12/site-packages/airflow/example_dags/example_task_group.py
[2024-12-03T00:10:08.777+0000] {processor.py:925} INFO - DAG(s) 'example_task_group' retrieved from /home/airflow/.local/lib/python3.12/site-packages/airflow/example_dags/example_task_group.py
[2024-12-03T00:10:08.786+0000] {logging_mixin.py:190} INFO - [2024-12-03T00:10:08.785+0000] {dag.py:3239} INFO - Sync 1 DAGs
[2024-12-03T00:10:08.790+0000] {logging_mixin.py:190} INFO - [2024-12-03T00:10:08.790+0000] {dag.py:4180} INFO - Setting next_dagrun for example_task_group to None, run_after=None
[2024-12-03T00:10:08.800+0000] {processor.py:208} INFO - Processing /home/airflow/.local/lib/python3.12/site-packages/airflow/example_dags/example_task_group.py took 0.030 seconds
[2024-12-03T00:10:39.097+0000] {processor.py:186} INFO - Started process (PID=4358) to work on /home/airflow/.local/lib/python3.12/site-packages/airflow/example_dags/example_task_group.py
[2024-12-03T00:10:39.097+0000] {processor.py:914} INFO - Processing file /home/airflow/.local/lib/python3.12/site-packages/airflow/example_dags/example_task_group.py for tasks to queue
[2024-12-03T00:10:39.098+0000] {logging_mixin.py:190} INFO - [2024-12-03T00:10:39.098+0000] {dagbag.py:588} INFO - Filling up the DagBag from /home/airflow/.local/lib/python3.12/site-packages/airflow/example_dags/example_task_group.py
[2024-12-03T00:10:39.103+0000] {processor.py:925} INFO - DAG(s) 'example_task_group' retrieved from /home/airflow/.local/lib/python3.12/site-packages/airflow/example_dags/example_task_group.py
[2024-12-03T00:10:39.114+0000] {logging_mixin.py:190} INFO - [2024-12-03T00:10:39.114+0000] {dag.py:3239} INFO - Sync 1 DAGs
[2024-12-03T00:10:39.120+0000] {logging_mixin.py:190} INFO - [2024-12-03T00:10:39.120+0000] {dag.py:4180} INFO - Setting next_dagrun for example_task_group to None, run_after=None
[2024-12-03T00:10:39.129+0000] {processor.py:208} INFO - Processing /home/airflow/.local/lib/python3.12/site-packages/airflow/example_dags/example_task_group.py took 0.035 seconds
[2024-12-03T00:11:10.255+0000] {processor.py:186} INFO - Started process (PID=4424) to work on /home/airflow/.local/lib/python3.12/site-packages/airflow/example_dags/example_task_group.py
[2024-12-03T00:11:10.257+0000] {processor.py:914} INFO - Processing file /home/airflow/.local/lib/python3.12/site-packages/airflow/example_dags/example_task_group.py for tasks to queue
[2024-12-03T00:11:10.259+0000] {logging_mixin.py:190} INFO - [2024-12-03T00:11:10.259+0000] {dagbag.py:588} INFO - Filling up the DagBag from /home/airflow/.local/lib/python3.12/site-packages/airflow/example_dags/example_task_group.py
[2024-12-03T00:11:10.263+0000] {processor.py:925} INFO - DAG(s) 'example_task_group' retrieved from /home/airflow/.local/lib/python3.12/site-packages/airflow/example_dags/example_task_group.py
[2024-12-03T00:11:10.273+0000] {logging_mixin.py:190} INFO - [2024-12-03T00:11:10.273+0000] {dag.py:3239} INFO - Sync 1 DAGs
[2024-12-03T00:11:10.278+0000] {logging_mixin.py:190} INFO - [2024-12-03T00:11:10.278+0000] {dag.py:4180} INFO - Setting next_dagrun for example_task_group to None, run_after=None
[2024-12-03T00:11:10.287+0000] {processor.py:208} INFO - Processing /home/airflow/.local/lib/python3.12/site-packages/airflow/example_dags/example_task_group.py took 0.034 seconds
[2024-12-03T00:11:40.470+0000] {processor.py:186} INFO - Started process (PID=4490) to work on /home/airflow/.local/lib/python3.12/site-packages/airflow/example_dags/example_task_group.py
[2024-12-03T00:11:40.471+0000] {processor.py:914} INFO - Processing file /home/airflow/.local/lib/python3.12/site-packages/airflow/example_dags/example_task_group.py for tasks to queue
[2024-12-03T00:11:40.472+0000] {logging_mixin.py:190} INFO - [2024-12-03T00:11:40.472+0000] {dagbag.py:588} INFO - Filling up the DagBag from /home/airflow/.local/lib/python3.12/site-packages/airflow/example_dags/example_task_group.py
[2024-12-03T00:11:40.476+0000] {processor.py:925} INFO - DAG(s) 'example_task_group' retrieved from /home/airflow/.local/lib/python3.12/site-packages/airflow/example_dags/example_task_group.py
[2024-12-03T00:11:40.492+0000] {logging_mixin.py:190} INFO - [2024-12-03T00:11:40.491+0000] {dag.py:3239} INFO - Sync 1 DAGs
[2024-12-03T00:11:40.499+0000] {logging_mixin.py:190} INFO - [2024-12-03T00:11:40.499+0000] {dag.py:4180} INFO - Setting next_dagrun for example_task_group to None, run_after=None
[2024-12-03T00:11:40.505+0000] {processor.py:208} INFO - Processing /home/airflow/.local/lib/python3.12/site-packages/airflow/example_dags/example_task_group.py took 0.037 seconds
[2024-12-03T00:12:11.670+0000] {processor.py:186} INFO - Started process (PID=4556) to work on /home/airflow/.local/lib/python3.12/site-packages/airflow/example_dags/example_task_group.py
[2024-12-03T00:12:11.670+0000] {processor.py:914} INFO - Processing file /home/airflow/.local/lib/python3.12/site-packages/airflow/example_dags/example_task_group.py for tasks to queue
[2024-12-03T00:12:11.671+0000] {logging_mixin.py:190} INFO - [2024-12-03T00:12:11.671+0000] {dagbag.py:588} INFO - Filling up the DagBag from /home/airflow/.local/lib/python3.12/site-packages/airflow/example_dags/example_task_group.py
[2024-12-03T00:12:11.675+0000] {processor.py:925} INFO - DAG(s) 'example_task_group' retrieved from /home/airflow/.local/lib/python3.12/site-packages/airflow/example_dags/example_task_group.py
[2024-12-03T00:12:11.683+0000] {logging_mixin.py:190} INFO - [2024-12-03T00:12:11.683+0000] {dag.py:3239} INFO - Sync 1 DAGs
[2024-12-03T00:12:11.689+0000] {logging_mixin.py:190} INFO - [2024-12-03T00:12:11.689+0000] {dag.py:4180} INFO - Setting next_dagrun for example_task_group to None, run_after=None
[2024-12-03T00:12:11.698+0000] {processor.py:208} INFO - Processing /home/airflow/.local/lib/python3.12/site-packages/airflow/example_dags/example_task_group.py took 0.031 seconds
[2024-12-03T00:12:42.864+0000] {processor.py:186} INFO - Started process (PID=4622) to work on /home/airflow/.local/lib/python3.12/site-packages/airflow/example_dags/example_task_group.py
[2024-12-03T00:12:42.864+0000] {processor.py:914} INFO - Processing file /home/airflow/.local/lib/python3.12/site-packages/airflow/example_dags/example_task_group.py for tasks to queue
[2024-12-03T00:12:42.865+0000] {logging_mixin.py:190} INFO - [2024-12-03T00:12:42.865+0000] {dagbag.py:588} INFO - Filling up the DagBag from /home/airflow/.local/lib/python3.12/site-packages/airflow/example_dags/example_task_group.py
[2024-12-03T00:12:42.869+0000] {processor.py:925} INFO - DAG(s) 'example_task_group' retrieved from /home/airflow/.local/lib/python3.12/site-packages/airflow/example_dags/example_task_group.py
[2024-12-03T00:12:42.877+0000] {logging_mixin.py:190} INFO - [2024-12-03T00:12:42.877+0000] {dag.py:3239} INFO - Sync 1 DAGs
[2024-12-03T00:12:42.882+0000] {logging_mixin.py:190} INFO - [2024-12-03T00:12:42.882+0000] {dag.py:4180} INFO - Setting next_dagrun for example_task_group to None, run_after=None
[2024-12-03T00:12:42.891+0000] {processor.py:208} INFO - Processing /home/airflow/.local/lib/python3.12/site-packages/airflow/example_dags/example_task_group.py took 0.030 seconds
[2024-12-03T00:13:13.249+0000] {processor.py:186} INFO - Started process (PID=4688) to work on /home/airflow/.local/lib/python3.12/site-packages/airflow/example_dags/example_task_group.py
[2024-12-03T00:13:13.250+0000] {processor.py:914} INFO - Processing file /home/airflow/.local/lib/python3.12/site-packages/airflow/example_dags/example_task_group.py for tasks to queue
[2024-12-03T00:13:13.251+0000] {logging_mixin.py:190} INFO - [2024-12-03T00:13:13.251+0000] {dagbag.py:588} INFO - Filling up the DagBag from /home/airflow/.local/lib/python3.12/site-packages/airflow/example_dags/example_task_group.py
[2024-12-03T00:13:13.254+0000] {processor.py:925} INFO - DAG(s) 'example_task_group' retrieved from /home/airflow/.local/lib/python3.12/site-packages/airflow/example_dags/example_task_group.py
[2024-12-03T00:13:13.262+0000] {logging_mixin.py:190} INFO - [2024-12-03T00:13:13.262+0000] {dag.py:3239} INFO - Sync 1 DAGs
[2024-12-03T00:13:13.269+0000] {logging_mixin.py:190} INFO - [2024-12-03T00:13:13.269+0000] {dag.py:4180} INFO - Setting next_dagrun for example_task_group to None, run_after=None
[2024-12-03T00:13:13.277+0000] {processor.py:208} INFO - Processing /home/airflow/.local/lib/python3.12/site-packages/airflow/example_dags/example_task_group.py took 0.030 seconds
[2024-12-03T00:13:44.473+0000] {processor.py:186} INFO - Started process (PID=4754) to work on /home/airflow/.local/lib/python3.12/site-packages/airflow/example_dags/example_task_group.py
[2024-12-03T00:13:44.473+0000] {processor.py:914} INFO - Processing file /home/airflow/.local/lib/python3.12/site-packages/airflow/example_dags/example_task_group.py for tasks to queue
[2024-12-03T00:13:44.474+0000] {logging_mixin.py:190} INFO - [2024-12-03T00:13:44.474+0000] {dagbag.py:588} INFO - Filling up the DagBag from /home/airflow/.local/lib/python3.12/site-packages/airflow/example_dags/example_task_group.py
[2024-12-03T00:13:44.478+0000] {processor.py:925} INFO - DAG(s) 'example_task_group' retrieved from /home/airflow/.local/lib/python3.12/site-packages/airflow/example_dags/example_task_group.py
[2024-12-03T00:13:44.486+0000] {logging_mixin.py:190} INFO - [2024-12-03T00:13:44.486+0000] {dag.py:3239} INFO - Sync 1 DAGs
[2024-12-03T00:13:44.492+0000] {logging_mixin.py:190} INFO - [2024-12-03T00:13:44.492+0000] {dag.py:4180} INFO - Setting next_dagrun for example_task_group to None, run_after=None
[2024-12-03T00:13:44.501+0000] {processor.py:208} INFO - Processing /home/airflow/.local/lib/python3.12/site-packages/airflow/example_dags/example_task_group.py took 0.031 seconds
[2024-12-03T00:14:14.861+0000] {processor.py:186} INFO - Started process (PID=4820) to work on /home/airflow/.local/lib/python3.12/site-packages/airflow/example_dags/example_task_group.py
[2024-12-03T00:14:14.864+0000] {processor.py:914} INFO - Processing file /home/airflow/.local/lib/python3.12/site-packages/airflow/example_dags/example_task_group.py for tasks to queue
[2024-12-03T00:14:14.865+0000] {logging_mixin.py:190} INFO - [2024-12-03T00:14:14.865+0000] {dagbag.py:588} INFO - Filling up the DagBag from /home/airflow/.local/lib/python3.12/site-packages/airflow/example_dags/example_task_group.py
[2024-12-03T00:14:14.869+0000] {processor.py:925} INFO - DAG(s) 'example_task_group' retrieved from /home/airflow/.local/lib/python3.12/site-packages/airflow/example_dags/example_task_group.py
[2024-12-03T00:14:14.879+0000] {logging_mixin.py:190} INFO - [2024-12-03T00:14:14.879+0000] {dag.py:3239} INFO - Sync 1 DAGs
[2024-12-03T00:14:14.888+0000] {logging_mixin.py:190} INFO - [2024-12-03T00:14:14.888+0000] {dag.py:4180} INFO - Setting next_dagrun for example_task_group to None, run_after=None
[2024-12-03T00:14:14.894+0000] {processor.py:208} INFO - Processing /home/airflow/.local/lib/python3.12/site-packages/airflow/example_dags/example_task_group.py took 0.036 seconds
[2024-12-03T00:14:45.240+0000] {processor.py:186} INFO - Started process (PID=4886) to work on /home/airflow/.local/lib/python3.12/site-packages/airflow/example_dags/example_task_group.py
[2024-12-03T00:14:45.241+0000] {processor.py:914} INFO - Processing file /home/airflow/.local/lib/python3.12/site-packages/airflow/example_dags/example_task_group.py for tasks to queue
[2024-12-03T00:14:45.242+0000] {logging_mixin.py:190} INFO - [2024-12-03T00:14:45.241+0000] {dagbag.py:588} INFO - Filling up the DagBag from /home/airflow/.local/lib/python3.12/site-packages/airflow/example_dags/example_task_group.py
[2024-12-03T00:14:45.245+0000] {processor.py:925} INFO - DAG(s) 'example_task_group' retrieved from /home/airflow/.local/lib/python3.12/site-packages/airflow/example_dags/example_task_group.py
[2024-12-03T00:14:45.255+0000] {logging_mixin.py:190} INFO - [2024-12-03T00:14:45.255+0000] {dag.py:3239} INFO - Sync 1 DAGs
[2024-12-03T00:14:45.260+0000] {logging_mixin.py:190} INFO - [2024-12-03T00:14:45.260+0000] {dag.py:4180} INFO - Setting next_dagrun for example_task_group to None, run_after=None
[2024-12-03T00:14:45.273+0000] {processor.py:208} INFO - Processing /home/airflow/.local/lib/python3.12/site-packages/airflow/example_dags/example_task_group.py took 0.035 seconds
[2024-12-03T00:15:15.714+0000] {processor.py:186} INFO - Started process (PID=4952) to work on /home/airflow/.local/lib/python3.12/site-packages/airflow/example_dags/example_task_group.py
[2024-12-03T00:15:15.715+0000] {processor.py:914} INFO - Processing file /home/airflow/.local/lib/python3.12/site-packages/airflow/example_dags/example_task_group.py for tasks to queue
[2024-12-03T00:15:15.716+0000] {logging_mixin.py:190} INFO - [2024-12-03T00:15:15.715+0000] {dagbag.py:588} INFO - Filling up the DagBag from /home/airflow/.local/lib/python3.12/site-packages/airflow/example_dags/example_task_group.py
[2024-12-03T00:15:15.719+0000] {processor.py:925} INFO - DAG(s) 'example_task_group' retrieved from /home/airflow/.local/lib/python3.12/site-packages/airflow/example_dags/example_task_group.py
[2024-12-03T00:15:15.729+0000] {logging_mixin.py:190} INFO - [2024-12-03T00:15:15.728+0000] {dag.py:3239} INFO - Sync 1 DAGs
[2024-12-03T00:15:15.735+0000] {logging_mixin.py:190} INFO - [2024-12-03T00:15:15.735+0000] {dag.py:4180} INFO - Setting next_dagrun for example_task_group to None, run_after=None
[2024-12-03T00:15:15.742+0000] {processor.py:208} INFO - Processing /home/airflow/.local/lib/python3.12/site-packages/airflow/example_dags/example_task_group.py took 0.031 seconds
[2024-12-03T00:15:46.368+0000] {processor.py:186} INFO - Started process (PID=5018) to work on /home/airflow/.local/lib/python3.12/site-packages/airflow/example_dags/example_task_group.py
[2024-12-03T00:15:46.369+0000] {processor.py:914} INFO - Processing file /home/airflow/.local/lib/python3.12/site-packages/airflow/example_dags/example_task_group.py for tasks to queue
[2024-12-03T00:15:46.370+0000] {logging_mixin.py:190} INFO - [2024-12-03T00:15:46.370+0000] {dagbag.py:588} INFO - Filling up the DagBag from /home/airflow/.local/lib/python3.12/site-packages/airflow/example_dags/example_task_group.py
[2024-12-03T00:15:46.374+0000] {processor.py:925} INFO - DAG(s) 'example_task_group' retrieved from /home/airflow/.local/lib/python3.12/site-packages/airflow/example_dags/example_task_group.py
[2024-12-03T00:15:46.382+0000] {logging_mixin.py:190} INFO - [2024-12-03T00:15:46.382+0000] {dag.py:3239} INFO - Sync 1 DAGs
[2024-12-03T00:15:46.387+0000] {logging_mixin.py:190} INFO - [2024-12-03T00:15:46.386+0000] {dag.py:4180} INFO - Setting next_dagrun for example_task_group to None, run_after=None
[2024-12-03T00:15:46.393+0000] {processor.py:208} INFO - Processing /home/airflow/.local/lib/python3.12/site-packages/airflow/example_dags/example_task_group.py took 0.027 seconds
[2024-12-03T00:16:16.685+0000] {processor.py:186} INFO - Started process (PID=5085) to work on /home/airflow/.local/lib/python3.12/site-packages/airflow/example_dags/example_task_group.py
[2024-12-03T00:16:16.686+0000] {processor.py:914} INFO - Processing file /home/airflow/.local/lib/python3.12/site-packages/airflow/example_dags/example_task_group.py for tasks to queue
[2024-12-03T00:16:16.687+0000] {logging_mixin.py:190} INFO - [2024-12-03T00:16:16.686+0000] {dagbag.py:588} INFO - Filling up the DagBag from /home/airflow/.local/lib/python3.12/site-packages/airflow/example_dags/example_task_group.py
[2024-12-03T00:16:16.691+0000] {processor.py:925} INFO - DAG(s) 'example_task_group' retrieved from /home/airflow/.local/lib/python3.12/site-packages/airflow/example_dags/example_task_group.py
[2024-12-03T00:16:16.698+0000] {logging_mixin.py:190} INFO - [2024-12-03T00:16:16.698+0000] {dag.py:3239} INFO - Sync 1 DAGs
[2024-12-03T00:16:16.703+0000] {logging_mixin.py:190} INFO - [2024-12-03T00:16:16.703+0000] {dag.py:4180} INFO - Setting next_dagrun for example_task_group to None, run_after=None
[2024-12-03T00:16:16.713+0000] {processor.py:208} INFO - Processing /home/airflow/.local/lib/python3.12/site-packages/airflow/example_dags/example_task_group.py took 0.030 seconds
[2024-12-03T00:16:47.194+0000] {processor.py:186} INFO - Started process (PID=5152) to work on /home/airflow/.local/lib/python3.12/site-packages/airflow/example_dags/example_task_group.py
[2024-12-03T00:16:47.194+0000] {processor.py:914} INFO - Processing file /home/airflow/.local/lib/python3.12/site-packages/airflow/example_dags/example_task_group.py for tasks to queue
[2024-12-03T00:16:47.195+0000] {logging_mixin.py:190} INFO - [2024-12-03T00:16:47.195+0000] {dagbag.py:588} INFO - Filling up the DagBag from /home/airflow/.local/lib/python3.12/site-packages/airflow/example_dags/example_task_group.py
[2024-12-03T00:16:47.199+0000] {processor.py:925} INFO - DAG(s) 'example_task_group' retrieved from /home/airflow/.local/lib/python3.12/site-packages/airflow/example_dags/example_task_group.py
[2024-12-03T00:16:47.207+0000] {logging_mixin.py:190} INFO - [2024-12-03T00:16:47.207+0000] {dag.py:3239} INFO - Sync 1 DAGs
[2024-12-03T00:16:47.212+0000] {logging_mixin.py:190} INFO - [2024-12-03T00:16:47.212+0000] {dag.py:4180} INFO - Setting next_dagrun for example_task_group to None, run_after=None
[2024-12-03T00:16:47.220+0000] {processor.py:208} INFO - Processing /home/airflow/.local/lib/python3.12/site-packages/airflow/example_dags/example_task_group.py took 0.028 seconds
[2024-12-03T00:17:17.609+0000] {processor.py:186} INFO - Started process (PID=5218) to work on /home/airflow/.local/lib/python3.12/site-packages/airflow/example_dags/example_task_group.py
[2024-12-03T00:17:17.610+0000] {processor.py:914} INFO - Processing file /home/airflow/.local/lib/python3.12/site-packages/airflow/example_dags/example_task_group.py for tasks to queue
[2024-12-03T00:17:17.612+0000] {logging_mixin.py:190} INFO - [2024-12-03T00:17:17.612+0000] {dagbag.py:588} INFO - Filling up the DagBag from /home/airflow/.local/lib/python3.12/site-packages/airflow/example_dags/example_task_group.py
[2024-12-03T00:17:17.616+0000] {processor.py:925} INFO - DAG(s) 'example_task_group' retrieved from /home/airflow/.local/lib/python3.12/site-packages/airflow/example_dags/example_task_group.py
[2024-12-03T00:17:17.625+0000] {logging_mixin.py:190} INFO - [2024-12-03T00:17:17.625+0000] {dag.py:3239} INFO - Sync 1 DAGs
[2024-12-03T00:17:17.630+0000] {logging_mixin.py:190} INFO - [2024-12-03T00:17:17.630+0000] {dag.py:4180} INFO - Setting next_dagrun for example_task_group to None, run_after=None
[2024-12-03T00:17:17.640+0000] {processor.py:208} INFO - Processing /home/airflow/.local/lib/python3.12/site-packages/airflow/example_dags/example_task_group.py took 0.033 seconds
[2024-12-03T00:17:47.987+0000] {processor.py:186} INFO - Started process (PID=5284) to work on /home/airflow/.local/lib/python3.12/site-packages/airflow/example_dags/example_task_group.py
[2024-12-03T00:17:47.988+0000] {processor.py:914} INFO - Processing file /home/airflow/.local/lib/python3.12/site-packages/airflow/example_dags/example_task_group.py for tasks to queue
[2024-12-03T00:17:47.990+0000] {logging_mixin.py:190} INFO - [2024-12-03T00:17:47.990+0000] {dagbag.py:588} INFO - Filling up the DagBag from /home/airflow/.local/lib/python3.12/site-packages/airflow/example_dags/example_task_group.py
[2024-12-03T00:17:47.993+0000] {processor.py:925} INFO - DAG(s) 'example_task_group' retrieved from /home/airflow/.local/lib/python3.12/site-packages/airflow/example_dags/example_task_group.py
[2024-12-03T00:17:48.002+0000] {logging_mixin.py:190} INFO - [2024-12-03T00:17:48.002+0000] {dag.py:3239} INFO - Sync 1 DAGs
[2024-12-03T00:17:48.009+0000] {logging_mixin.py:190} INFO - [2024-12-03T00:17:48.009+0000] {dag.py:4180} INFO - Setting next_dagrun for example_task_group to None, run_after=None
[2024-12-03T00:17:48.015+0000] {processor.py:208} INFO - Processing /home/airflow/.local/lib/python3.12/site-packages/airflow/example_dags/example_task_group.py took 0.031 seconds
[2024-12-03T00:18:18.241+0000] {processor.py:186} INFO - Started process (PID=5350) to work on /home/airflow/.local/lib/python3.12/site-packages/airflow/example_dags/example_task_group.py
[2024-12-03T00:18:18.243+0000] {processor.py:914} INFO - Processing file /home/airflow/.local/lib/python3.12/site-packages/airflow/example_dags/example_task_group.py for tasks to queue
[2024-12-03T00:18:18.244+0000] {logging_mixin.py:190} INFO - [2024-12-03T00:18:18.244+0000] {dagbag.py:588} INFO - Filling up the DagBag from /home/airflow/.local/lib/python3.12/site-packages/airflow/example_dags/example_task_group.py
[2024-12-03T00:18:18.249+0000] {processor.py:925} INFO - DAG(s) 'example_task_group' retrieved from /home/airflow/.local/lib/python3.12/site-packages/airflow/example_dags/example_task_group.py
[2024-12-03T00:18:18.258+0000] {logging_mixin.py:190} INFO - [2024-12-03T00:18:18.258+0000] {dag.py:3239} INFO - Sync 1 DAGs
[2024-12-03T00:18:18.264+0000] {logging_mixin.py:190} INFO - [2024-12-03T00:18:18.264+0000] {dag.py:4180} INFO - Setting next_dagrun for example_task_group to None, run_after=None
[2024-12-03T00:18:18.272+0000] {processor.py:208} INFO - Processing /home/airflow/.local/lib/python3.12/site-packages/airflow/example_dags/example_task_group.py took 0.033 seconds
[2024-12-03T00:18:48.440+0000] {processor.py:186} INFO - Started process (PID=5416) to work on /home/airflow/.local/lib/python3.12/site-packages/airflow/example_dags/example_task_group.py
[2024-12-03T00:18:48.440+0000] {processor.py:914} INFO - Processing file /home/airflow/.local/lib/python3.12/site-packages/airflow/example_dags/example_task_group.py for tasks to queue
[2024-12-03T00:18:48.441+0000] {logging_mixin.py:190} INFO - [2024-12-03T00:18:48.441+0000] {dagbag.py:588} INFO - Filling up the DagBag from /home/airflow/.local/lib/python3.12/site-packages/airflow/example_dags/example_task_group.py
[2024-12-03T00:18:48.445+0000] {processor.py:925} INFO - DAG(s) 'example_task_group' retrieved from /home/airflow/.local/lib/python3.12/site-packages/airflow/example_dags/example_task_group.py
[2024-12-03T00:18:48.456+0000] {logging_mixin.py:190} INFO - [2024-12-03T00:18:48.456+0000] {dag.py:3239} INFO - Sync 1 DAGs
[2024-12-03T00:18:48.465+0000] {logging_mixin.py:190} INFO - [2024-12-03T00:18:48.465+0000] {dag.py:4180} INFO - Setting next_dagrun for example_task_group to None, run_after=None
[2024-12-03T00:18:48.471+0000] {processor.py:208} INFO - Processing /home/airflow/.local/lib/python3.12/site-packages/airflow/example_dags/example_task_group.py took 0.033 seconds
[2024-12-03T00:19:18.634+0000] {processor.py:186} INFO - Started process (PID=5482) to work on /home/airflow/.local/lib/python3.12/site-packages/airflow/example_dags/example_task_group.py
[2024-12-03T00:19:18.635+0000] {processor.py:914} INFO - Processing file /home/airflow/.local/lib/python3.12/site-packages/airflow/example_dags/example_task_group.py for tasks to queue
[2024-12-03T00:19:18.636+0000] {logging_mixin.py:190} INFO - [2024-12-03T00:19:18.635+0000] {dagbag.py:588} INFO - Filling up the DagBag from /home/airflow/.local/lib/python3.12/site-packages/airflow/example_dags/example_task_group.py
[2024-12-03T00:19:18.639+0000] {processor.py:925} INFO - DAG(s) 'example_task_group' retrieved from /home/airflow/.local/lib/python3.12/site-packages/airflow/example_dags/example_task_group.py
[2024-12-03T00:19:18.647+0000] {logging_mixin.py:190} INFO - [2024-12-03T00:19:18.647+0000] {dag.py:3239} INFO - Sync 1 DAGs
[2024-12-03T00:19:18.653+0000] {logging_mixin.py:190} INFO - [2024-12-03T00:19:18.653+0000] {dag.py:4180} INFO - Setting next_dagrun for example_task_group to None, run_after=None
[2024-12-03T00:19:18.659+0000] {processor.py:208} INFO - Processing /home/airflow/.local/lib/python3.12/site-packages/airflow/example_dags/example_task_group.py took 0.027 seconds
[2024-12-03T00:19:48.786+0000] {processor.py:186} INFO - Started process (PID=5547) to work on /home/airflow/.local/lib/python3.12/site-packages/airflow/example_dags/example_task_group.py
[2024-12-03T00:19:48.787+0000] {processor.py:914} INFO - Processing file /home/airflow/.local/lib/python3.12/site-packages/airflow/example_dags/example_task_group.py for tasks to queue
[2024-12-03T00:19:48.788+0000] {logging_mixin.py:190} INFO - [2024-12-03T00:19:48.788+0000] {dagbag.py:588} INFO - Filling up the DagBag from /home/airflow/.local/lib/python3.12/site-packages/airflow/example_dags/example_task_group.py
[2024-12-03T00:19:48.792+0000] {processor.py:925} INFO - DAG(s) 'example_task_group' retrieved from /home/airflow/.local/lib/python3.12/site-packages/airflow/example_dags/example_task_group.py
[2024-12-03T00:19:48.801+0000] {logging_mixin.py:190} INFO - [2024-12-03T00:19:48.800+0000] {dag.py:3239} INFO - Sync 1 DAGs
[2024-12-03T00:19:48.806+0000] {logging_mixin.py:190} INFO - [2024-12-03T00:19:48.806+0000] {dag.py:4180} INFO - Setting next_dagrun for example_task_group to None, run_after=None
[2024-12-03T00:19:48.813+0000] {processor.py:208} INFO - Processing /home/airflow/.local/lib/python3.12/site-packages/airflow/example_dags/example_task_group.py took 0.029 seconds
[2024-12-03T00:20:19.030+0000] {processor.py:186} INFO - Started process (PID=5613) to work on /home/airflow/.local/lib/python3.12/site-packages/airflow/example_dags/example_task_group.py
[2024-12-03T00:20:19.031+0000] {processor.py:914} INFO - Processing file /home/airflow/.local/lib/python3.12/site-packages/airflow/example_dags/example_task_group.py for tasks to queue
[2024-12-03T00:20:19.032+0000] {logging_mixin.py:190} INFO - [2024-12-03T00:20:19.032+0000] {dagbag.py:588} INFO - Filling up the DagBag from /home/airflow/.local/lib/python3.12/site-packages/airflow/example_dags/example_task_group.py
[2024-12-03T00:20:19.035+0000] {processor.py:925} INFO - DAG(s) 'example_task_group' retrieved from /home/airflow/.local/lib/python3.12/site-packages/airflow/example_dags/example_task_group.py
[2024-12-03T00:20:19.043+0000] {logging_mixin.py:190} INFO - [2024-12-03T00:20:19.043+0000] {dag.py:3239} INFO - Sync 1 DAGs
[2024-12-03T00:20:19.048+0000] {logging_mixin.py:190} INFO - [2024-12-03T00:20:19.048+0000] {dag.py:4180} INFO - Setting next_dagrun for example_task_group to None, run_after=None
[2024-12-03T00:20:19.054+0000] {processor.py:208} INFO - Processing /home/airflow/.local/lib/python3.12/site-packages/airflow/example_dags/example_task_group.py took 0.026 seconds
[2024-12-03T00:20:49.290+0000] {processor.py:186} INFO - Started process (PID=5678) to work on /home/airflow/.local/lib/python3.12/site-packages/airflow/example_dags/example_task_group.py
[2024-12-03T00:20:49.290+0000] {processor.py:914} INFO - Processing file /home/airflow/.local/lib/python3.12/site-packages/airflow/example_dags/example_task_group.py for tasks to queue
[2024-12-03T00:20:49.291+0000] {logging_mixin.py:190} INFO - [2024-12-03T00:20:49.291+0000] {dagbag.py:588} INFO - Filling up the DagBag from /home/airflow/.local/lib/python3.12/site-packages/airflow/example_dags/example_task_group.py
[2024-12-03T00:20:49.295+0000] {processor.py:925} INFO - DAG(s) 'example_task_group' retrieved from /home/airflow/.local/lib/python3.12/site-packages/airflow/example_dags/example_task_group.py
[2024-12-03T00:20:49.303+0000] {logging_mixin.py:190} INFO - [2024-12-03T00:20:49.303+0000] {dag.py:3239} INFO - Sync 1 DAGs
[2024-12-03T00:20:49.308+0000] {logging_mixin.py:190} INFO - [2024-12-03T00:20:49.308+0000] {dag.py:4180} INFO - Setting next_dagrun for example_task_group to None, run_after=None
[2024-12-03T00:20:49.316+0000] {processor.py:208} INFO - Processing /home/airflow/.local/lib/python3.12/site-packages/airflow/example_dags/example_task_group.py took 0.029 seconds
[2024-12-03T00:21:19.689+0000] {processor.py:186} INFO - Started process (PID=5744) to work on /home/airflow/.local/lib/python3.12/site-packages/airflow/example_dags/example_task_group.py
[2024-12-03T00:21:19.690+0000] {processor.py:914} INFO - Processing file /home/airflow/.local/lib/python3.12/site-packages/airflow/example_dags/example_task_group.py for tasks to queue
[2024-12-03T00:21:19.690+0000] {logging_mixin.py:190} INFO - [2024-12-03T00:21:19.690+0000] {dagbag.py:588} INFO - Filling up the DagBag from /home/airflow/.local/lib/python3.12/site-packages/airflow/example_dags/example_task_group.py
[2024-12-03T00:21:19.694+0000] {processor.py:925} INFO - DAG(s) 'example_task_group' retrieved from /home/airflow/.local/lib/python3.12/site-packages/airflow/example_dags/example_task_group.py
[2024-12-03T00:21:19.702+0000] {logging_mixin.py:190} INFO - [2024-12-03T00:21:19.702+0000] {dag.py:3239} INFO - Sync 1 DAGs
[2024-12-03T00:21:19.707+0000] {logging_mixin.py:190} INFO - [2024-12-03T00:21:19.707+0000] {dag.py:4180} INFO - Setting next_dagrun for example_task_group to None, run_after=None
[2024-12-03T00:21:19.714+0000] {processor.py:208} INFO - Processing /home/airflow/.local/lib/python3.12/site-packages/airflow/example_dags/example_task_group.py took 0.028 seconds
[2024-12-03T00:21:50.016+0000] {processor.py:186} INFO - Started process (PID=5810) to work on /home/airflow/.local/lib/python3.12/site-packages/airflow/example_dags/example_task_group.py
[2024-12-03T00:21:50.016+0000] {processor.py:914} INFO - Processing file /home/airflow/.local/lib/python3.12/site-packages/airflow/example_dags/example_task_group.py for tasks to queue
[2024-12-03T00:21:50.017+0000] {logging_mixin.py:190} INFO - [2024-12-03T00:21:50.017+0000] {dagbag.py:588} INFO - Filling up the DagBag from /home/airflow/.local/lib/python3.12/site-packages/airflow/example_dags/example_task_group.py
[2024-12-03T00:21:50.021+0000] {processor.py:925} INFO - DAG(s) 'example_task_group' retrieved from /home/airflow/.local/lib/python3.12/site-packages/airflow/example_dags/example_task_group.py
[2024-12-03T00:21:50.032+0000] {logging_mixin.py:190} INFO - [2024-12-03T00:21:50.032+0000] {dag.py:3239} INFO - Sync 1 DAGs
[2024-12-03T00:21:50.038+0000] {logging_mixin.py:190} INFO - [2024-12-03T00:21:50.038+0000] {dag.py:4180} INFO - Setting next_dagrun for example_task_group to None, run_after=None
[2024-12-03T00:21:50.045+0000] {processor.py:208} INFO - Processing /home/airflow/.local/lib/python3.12/site-packages/airflow/example_dags/example_task_group.py took 0.032 seconds
[2024-12-03T00:22:20.496+0000] {processor.py:186} INFO - Started process (PID=5877) to work on /home/airflow/.local/lib/python3.12/site-packages/airflow/example_dags/example_task_group.py
[2024-12-03T00:22:20.497+0000] {processor.py:914} INFO - Processing file /home/airflow/.local/lib/python3.12/site-packages/airflow/example_dags/example_task_group.py for tasks to queue
[2024-12-03T00:22:20.498+0000] {logging_mixin.py:190} INFO - [2024-12-03T00:22:20.498+0000] {dagbag.py:588} INFO - Filling up the DagBag from /home/airflow/.local/lib/python3.12/site-packages/airflow/example_dags/example_task_group.py
[2024-12-03T00:22:20.503+0000] {processor.py:925} INFO - DAG(s) 'example_task_group' retrieved from /home/airflow/.local/lib/python3.12/site-packages/airflow/example_dags/example_task_group.py
[2024-12-03T00:22:20.513+0000] {logging_mixin.py:190} INFO - [2024-12-03T00:22:20.513+0000] {dag.py:3239} INFO - Sync 1 DAGs
[2024-12-03T00:22:20.518+0000] {logging_mixin.py:190} INFO - [2024-12-03T00:22:20.518+0000] {dag.py:4180} INFO - Setting next_dagrun for example_task_group to None, run_after=None
[2024-12-03T00:22:20.529+0000] {processor.py:208} INFO - Processing /home/airflow/.local/lib/python3.12/site-packages/airflow/example_dags/example_task_group.py took 0.035 seconds
[2024-12-03T00:22:50.993+0000] {processor.py:186} INFO - Started process (PID=5943) to work on /home/airflow/.local/lib/python3.12/site-packages/airflow/example_dags/example_task_group.py
[2024-12-03T00:22:50.993+0000] {processor.py:914} INFO - Processing file /home/airflow/.local/lib/python3.12/site-packages/airflow/example_dags/example_task_group.py for tasks to queue
[2024-12-03T00:22:50.994+0000] {logging_mixin.py:190} INFO - [2024-12-03T00:22:50.994+0000] {dagbag.py:588} INFO - Filling up the DagBag from /home/airflow/.local/lib/python3.12/site-packages/airflow/example_dags/example_task_group.py
[2024-12-03T00:22:50.998+0000] {processor.py:925} INFO - DAG(s) 'example_task_group' retrieved from /home/airflow/.local/lib/python3.12/site-packages/airflow/example_dags/example_task_group.py
[2024-12-03T00:22:51.006+0000] {logging_mixin.py:190} INFO - [2024-12-03T00:22:51.006+0000] {dag.py:3239} INFO - Sync 1 DAGs
[2024-12-03T00:22:51.011+0000] {logging_mixin.py:190} INFO - [2024-12-03T00:22:51.011+0000] {dag.py:4180} INFO - Setting next_dagrun for example_task_group to None, run_after=None
[2024-12-03T00:22:51.018+0000] {processor.py:208} INFO - Processing /home/airflow/.local/lib/python3.12/site-packages/airflow/example_dags/example_task_group.py took 0.027 seconds
[2024-12-03T00:23:21.324+0000] {processor.py:186} INFO - Started process (PID=6009) to work on /home/airflow/.local/lib/python3.12/site-packages/airflow/example_dags/example_task_group.py
[2024-12-03T00:23:21.324+0000] {processor.py:914} INFO - Processing file /home/airflow/.local/lib/python3.12/site-packages/airflow/example_dags/example_task_group.py for tasks to queue
[2024-12-03T00:23:21.325+0000] {logging_mixin.py:190} INFO - [2024-12-03T00:23:21.325+0000] {dagbag.py:588} INFO - Filling up the DagBag from /home/airflow/.local/lib/python3.12/site-packages/airflow/example_dags/example_task_group.py
[2024-12-03T00:23:21.330+0000] {processor.py:925} INFO - DAG(s) 'example_task_group' retrieved from /home/airflow/.local/lib/python3.12/site-packages/airflow/example_dags/example_task_group.py
[2024-12-03T00:23:21.341+0000] {logging_mixin.py:190} INFO - [2024-12-03T00:23:21.341+0000] {dag.py:3239} INFO - Sync 1 DAGs
[2024-12-03T00:23:21.347+0000] {logging_mixin.py:190} INFO - [2024-12-03T00:23:21.347+0000] {dag.py:4180} INFO - Setting next_dagrun for example_task_group to None, run_after=None
[2024-12-03T00:23:21.356+0000] {processor.py:208} INFO - Processing /home/airflow/.local/lib/python3.12/site-packages/airflow/example_dags/example_task_group.py took 0.034 seconds
[2024-12-03T00:23:51.580+0000] {processor.py:186} INFO - Started process (PID=6075) to work on /home/airflow/.local/lib/python3.12/site-packages/airflow/example_dags/example_task_group.py
[2024-12-03T00:23:51.582+0000] {processor.py:914} INFO - Processing file /home/airflow/.local/lib/python3.12/site-packages/airflow/example_dags/example_task_group.py for tasks to queue
[2024-12-03T00:23:51.583+0000] {logging_mixin.py:190} INFO - [2024-12-03T00:23:51.583+0000] {dagbag.py:588} INFO - Filling up the DagBag from /home/airflow/.local/lib/python3.12/site-packages/airflow/example_dags/example_task_group.py
[2024-12-03T00:23:51.588+0000] {processor.py:925} INFO - DAG(s) 'example_task_group' retrieved from /home/airflow/.local/lib/python3.12/site-packages/airflow/example_dags/example_task_group.py
[2024-12-03T00:23:51.596+0000] {logging_mixin.py:190} INFO - [2024-12-03T00:23:51.596+0000] {dag.py:3239} INFO - Sync 1 DAGs
[2024-12-03T00:23:51.601+0000] {logging_mixin.py:190} INFO - [2024-12-03T00:23:51.601+0000] {dag.py:4180} INFO - Setting next_dagrun for example_task_group to None, run_after=None
[2024-12-03T00:23:51.609+0000] {processor.py:208} INFO - Processing /home/airflow/.local/lib/python3.12/site-packages/airflow/example_dags/example_task_group.py took 0.031 seconds
[2024-12-03T00:24:22.000+0000] {processor.py:186} INFO - Started process (PID=6141) to work on /home/airflow/.local/lib/python3.12/site-packages/airflow/example_dags/example_task_group.py
[2024-12-03T00:24:22.000+0000] {processor.py:914} INFO - Processing file /home/airflow/.local/lib/python3.12/site-packages/airflow/example_dags/example_task_group.py for tasks to queue
[2024-12-03T00:24:22.001+0000] {logging_mixin.py:190} INFO - [2024-12-03T00:24:22.001+0000] {dagbag.py:588} INFO - Filling up the DagBag from /home/airflow/.local/lib/python3.12/site-packages/airflow/example_dags/example_task_group.py
[2024-12-03T00:24:22.005+0000] {processor.py:925} INFO - DAG(s) 'example_task_group' retrieved from /home/airflow/.local/lib/python3.12/site-packages/airflow/example_dags/example_task_group.py
[2024-12-03T00:24:22.013+0000] {logging_mixin.py:190} INFO - [2024-12-03T00:24:22.012+0000] {dag.py:3239} INFO - Sync 1 DAGs
[2024-12-03T00:24:22.017+0000] {logging_mixin.py:190} INFO - [2024-12-03T00:24:22.017+0000] {dag.py:4180} INFO - Setting next_dagrun for example_task_group to None, run_after=None
[2024-12-03T00:24:22.022+0000] {processor.py:208} INFO - Processing /home/airflow/.local/lib/python3.12/site-packages/airflow/example_dags/example_task_group.py took 0.025 seconds
[2024-12-03T00:24:52.306+0000] {processor.py:186} INFO - Started process (PID=6207) to work on /home/airflow/.local/lib/python3.12/site-packages/airflow/example_dags/example_task_group.py
[2024-12-03T00:24:52.307+0000] {processor.py:914} INFO - Processing file /home/airflow/.local/lib/python3.12/site-packages/airflow/example_dags/example_task_group.py for tasks to queue
[2024-12-03T00:24:52.308+0000] {logging_mixin.py:190} INFO - [2024-12-03T00:24:52.308+0000] {dagbag.py:588} INFO - Filling up the DagBag from /home/airflow/.local/lib/python3.12/site-packages/airflow/example_dags/example_task_group.py
[2024-12-03T00:24:52.313+0000] {processor.py:925} INFO - DAG(s) 'example_task_group' retrieved from /home/airflow/.local/lib/python3.12/site-packages/airflow/example_dags/example_task_group.py
[2024-12-03T00:24:52.321+0000] {logging_mixin.py:190} INFO - [2024-12-03T00:24:52.321+0000] {dag.py:3239} INFO - Sync 1 DAGs
[2024-12-03T00:24:52.328+0000] {logging_mixin.py:190} INFO - [2024-12-03T00:24:52.328+0000] {dag.py:4180} INFO - Setting next_dagrun for example_task_group to None, run_after=None
[2024-12-03T00:24:52.337+0000] {processor.py:208} INFO - Processing /home/airflow/.local/lib/python3.12/site-packages/airflow/example_dags/example_task_group.py took 0.034 seconds
[2024-12-03T00:25:22.633+0000] {processor.py:186} INFO - Started process (PID=6273) to work on /home/airflow/.local/lib/python3.12/site-packages/airflow/example_dags/example_task_group.py
[2024-12-03T00:25:22.636+0000] {processor.py:914} INFO - Processing file /home/airflow/.local/lib/python3.12/site-packages/airflow/example_dags/example_task_group.py for tasks to queue
[2024-12-03T00:25:22.637+0000] {logging_mixin.py:190} INFO - [2024-12-03T00:25:22.637+0000] {dagbag.py:588} INFO - Filling up the DagBag from /home/airflow/.local/lib/python3.12/site-packages/airflow/example_dags/example_task_group.py
[2024-12-03T00:25:22.640+0000] {processor.py:925} INFO - DAG(s) 'example_task_group' retrieved from /home/airflow/.local/lib/python3.12/site-packages/airflow/example_dags/example_task_group.py
[2024-12-03T00:25:22.648+0000] {logging_mixin.py:190} INFO - [2024-12-03T00:25:22.647+0000] {dag.py:3239} INFO - Sync 1 DAGs
[2024-12-03T00:25:22.653+0000] {logging_mixin.py:190} INFO - [2024-12-03T00:25:22.652+0000] {dag.py:4180} INFO - Setting next_dagrun for example_task_group to None, run_after=None
[2024-12-03T00:25:22.660+0000] {processor.py:208} INFO - Processing /home/airflow/.local/lib/python3.12/site-packages/airflow/example_dags/example_task_group.py took 0.030 seconds
[2024-12-03T00:25:52.812+0000] {processor.py:186} INFO - Started process (PID=6339) to work on /home/airflow/.local/lib/python3.12/site-packages/airflow/example_dags/example_task_group.py
[2024-12-03T00:25:52.813+0000] {processor.py:914} INFO - Processing file /home/airflow/.local/lib/python3.12/site-packages/airflow/example_dags/example_task_group.py for tasks to queue
[2024-12-03T00:25:52.814+0000] {logging_mixin.py:190} INFO - [2024-12-03T00:25:52.813+0000] {dagbag.py:588} INFO - Filling up the DagBag from /home/airflow/.local/lib/python3.12/site-packages/airflow/example_dags/example_task_group.py
[2024-12-03T00:25:52.817+0000] {processor.py:925} INFO - DAG(s) 'example_task_group' retrieved from /home/airflow/.local/lib/python3.12/site-packages/airflow/example_dags/example_task_group.py
[2024-12-03T00:25:52.826+0000] {logging_mixin.py:190} INFO - [2024-12-03T00:25:52.826+0000] {dag.py:3239} INFO - Sync 1 DAGs
[2024-12-03T00:25:52.831+0000] {logging_mixin.py:190} INFO - [2024-12-03T00:25:52.831+0000] {dag.py:4180} INFO - Setting next_dagrun for example_task_group to None, run_after=None
[2024-12-03T00:25:52.837+0000] {processor.py:208} INFO - Processing /home/airflow/.local/lib/python3.12/site-packages/airflow/example_dags/example_task_group.py took 0.028 seconds
[2024-12-03T00:26:23.087+0000] {processor.py:186} INFO - Started process (PID=6404) to work on /home/airflow/.local/lib/python3.12/site-packages/airflow/example_dags/example_task_group.py
[2024-12-03T00:26:23.088+0000] {processor.py:914} INFO - Processing file /home/airflow/.local/lib/python3.12/site-packages/airflow/example_dags/example_task_group.py for tasks to queue
[2024-12-03T00:26:23.089+0000] {logging_mixin.py:190} INFO - [2024-12-03T00:26:23.089+0000] {dagbag.py:588} INFO - Filling up the DagBag from /home/airflow/.local/lib/python3.12/site-packages/airflow/example_dags/example_task_group.py
[2024-12-03T00:26:23.093+0000] {processor.py:925} INFO - DAG(s) 'example_task_group' retrieved from /home/airflow/.local/lib/python3.12/site-packages/airflow/example_dags/example_task_group.py
[2024-12-03T00:26:23.104+0000] {logging_mixin.py:190} INFO - [2024-12-03T00:26:23.104+0000] {dag.py:3239} INFO - Sync 1 DAGs
[2024-12-03T00:26:23.108+0000] {logging_mixin.py:190} INFO - [2024-12-03T00:26:23.108+0000] {dag.py:4180} INFO - Setting next_dagrun for example_task_group to None, run_after=None
[2024-12-03T00:26:23.114+0000] {processor.py:208} INFO - Processing /home/airflow/.local/lib/python3.12/site-packages/airflow/example_dags/example_task_group.py took 0.029 seconds
[2024-12-03T00:26:53.458+0000] {processor.py:186} INFO - Started process (PID=6470) to work on /home/airflow/.local/lib/python3.12/site-packages/airflow/example_dags/example_task_group.py
[2024-12-03T00:26:53.461+0000] {processor.py:914} INFO - Processing file /home/airflow/.local/lib/python3.12/site-packages/airflow/example_dags/example_task_group.py for tasks to queue
[2024-12-03T00:26:53.462+0000] {logging_mixin.py:190} INFO - [2024-12-03T00:26:53.462+0000] {dagbag.py:588} INFO - Filling up the DagBag from /home/airflow/.local/lib/python3.12/site-packages/airflow/example_dags/example_task_group.py
[2024-12-03T00:26:53.465+0000] {processor.py:925} INFO - DAG(s) 'example_task_group' retrieved from /home/airflow/.local/lib/python3.12/site-packages/airflow/example_dags/example_task_group.py
[2024-12-03T00:26:53.477+0000] {logging_mixin.py:190} INFO - [2024-12-03T00:26:53.477+0000] {dag.py:3239} INFO - Sync 1 DAGs
[2024-12-03T00:26:53.482+0000] {logging_mixin.py:190} INFO - [2024-12-03T00:26:53.482+0000] {dag.py:4180} INFO - Setting next_dagrun for example_task_group to None, run_after=None
[2024-12-03T00:26:53.492+0000] {processor.py:208} INFO - Processing /home/airflow/.local/lib/python3.12/site-packages/airflow/example_dags/example_task_group.py took 0.036 seconds
[2024-12-03T00:27:23.903+0000] {processor.py:186} INFO - Started process (PID=6536) to work on /home/airflow/.local/lib/python3.12/site-packages/airflow/example_dags/example_task_group.py
[2024-12-03T00:27:23.904+0000] {processor.py:914} INFO - Processing file /home/airflow/.local/lib/python3.12/site-packages/airflow/example_dags/example_task_group.py for tasks to queue
[2024-12-03T00:27:23.905+0000] {logging_mixin.py:190} INFO - [2024-12-03T00:27:23.905+0000] {dagbag.py:588} INFO - Filling up the DagBag from /home/airflow/.local/lib/python3.12/site-packages/airflow/example_dags/example_task_group.py
[2024-12-03T00:27:23.909+0000] {processor.py:925} INFO - DAG(s) 'example_task_group' retrieved from /home/airflow/.local/lib/python3.12/site-packages/airflow/example_dags/example_task_group.py
[2024-12-03T00:27:23.923+0000] {logging_mixin.py:190} INFO - [2024-12-03T00:27:23.923+0000] {dag.py:3239} INFO - Sync 1 DAGs
[2024-12-03T00:27:23.930+0000] {logging_mixin.py:190} INFO - [2024-12-03T00:27:23.930+0000] {dag.py:4180} INFO - Setting next_dagrun for example_task_group to None, run_after=None
[2024-12-03T00:27:23.945+0000] {processor.py:208} INFO - Processing /home/airflow/.local/lib/python3.12/site-packages/airflow/example_dags/example_task_group.py took 0.044 seconds
[2024-12-03T00:27:54.414+0000] {processor.py:186} INFO - Started process (PID=6602) to work on /home/airflow/.local/lib/python3.12/site-packages/airflow/example_dags/example_task_group.py
[2024-12-03T00:27:54.417+0000] {processor.py:914} INFO - Processing file /home/airflow/.local/lib/python3.12/site-packages/airflow/example_dags/example_task_group.py for tasks to queue
[2024-12-03T00:27:54.419+0000] {logging_mixin.py:190} INFO - [2024-12-03T00:27:54.419+0000] {dagbag.py:588} INFO - Filling up the DagBag from /home/airflow/.local/lib/python3.12/site-packages/airflow/example_dags/example_task_group.py
[2024-12-03T00:27:54.424+0000] {processor.py:925} INFO - DAG(s) 'example_task_group' retrieved from /home/airflow/.local/lib/python3.12/site-packages/airflow/example_dags/example_task_group.py
[2024-12-03T00:27:54.435+0000] {logging_mixin.py:190} INFO - [2024-12-03T00:27:54.435+0000] {dag.py:3239} INFO - Sync 1 DAGs
[2024-12-03T00:27:54.443+0000] {logging_mixin.py:190} INFO - [2024-12-03T00:27:54.443+0000] {dag.py:4180} INFO - Setting next_dagrun for example_task_group to None, run_after=None
[2024-12-03T00:27:54.453+0000] {processor.py:208} INFO - Processing /home/airflow/.local/lib/python3.12/site-packages/airflow/example_dags/example_task_group.py took 0.042 seconds
[2024-12-03T00:28:24.739+0000] {processor.py:186} INFO - Started process (PID=6668) to work on /home/airflow/.local/lib/python3.12/site-packages/airflow/example_dags/example_task_group.py
[2024-12-03T00:28:24.739+0000] {processor.py:914} INFO - Processing file /home/airflow/.local/lib/python3.12/site-packages/airflow/example_dags/example_task_group.py for tasks to queue
[2024-12-03T00:28:24.740+0000] {logging_mixin.py:190} INFO - [2024-12-03T00:28:24.740+0000] {dagbag.py:588} INFO - Filling up the DagBag from /home/airflow/.local/lib/python3.12/site-packages/airflow/example_dags/example_task_group.py
[2024-12-03T00:28:24.747+0000] {processor.py:925} INFO - DAG(s) 'example_task_group' retrieved from /home/airflow/.local/lib/python3.12/site-packages/airflow/example_dags/example_task_group.py
[2024-12-03T00:28:24.756+0000] {logging_mixin.py:190} INFO - [2024-12-03T00:28:24.756+0000] {dag.py:3239} INFO - Sync 1 DAGs
[2024-12-03T00:28:24.761+0000] {logging_mixin.py:190} INFO - [2024-12-03T00:28:24.761+0000] {dag.py:4180} INFO - Setting next_dagrun for example_task_group to None, run_after=None
[2024-12-03T00:28:24.767+0000] {processor.py:208} INFO - Processing /home/airflow/.local/lib/python3.12/site-packages/airflow/example_dags/example_task_group.py took 0.032 seconds
[2024-12-03T00:28:55.079+0000] {processor.py:186} INFO - Started process (PID=6734) to work on /home/airflow/.local/lib/python3.12/site-packages/airflow/example_dags/example_task_group.py
[2024-12-03T00:28:55.079+0000] {processor.py:914} INFO - Processing file /home/airflow/.local/lib/python3.12/site-packages/airflow/example_dags/example_task_group.py for tasks to queue
[2024-12-03T00:28:55.080+0000] {logging_mixin.py:190} INFO - [2024-12-03T00:28:55.080+0000] {dagbag.py:588} INFO - Filling up the DagBag from /home/airflow/.local/lib/python3.12/site-packages/airflow/example_dags/example_task_group.py
[2024-12-03T00:28:55.083+0000] {processor.py:925} INFO - DAG(s) 'example_task_group' retrieved from /home/airflow/.local/lib/python3.12/site-packages/airflow/example_dags/example_task_group.py
[2024-12-03T00:28:55.094+0000] {logging_mixin.py:190} INFO - [2024-12-03T00:28:55.094+0000] {dag.py:3239} INFO - Sync 1 DAGs
[2024-12-03T00:28:55.099+0000] {logging_mixin.py:190} INFO - [2024-12-03T00:28:55.099+0000] {dag.py:4180} INFO - Setting next_dagrun for example_task_group to None, run_after=None
[2024-12-03T00:28:55.106+0000] {processor.py:208} INFO - Processing /home/airflow/.local/lib/python3.12/site-packages/airflow/example_dags/example_task_group.py took 0.031 seconds
[2024-12-03T00:29:25.555+0000] {processor.py:186} INFO - Started process (PID=6800) to work on /home/airflow/.local/lib/python3.12/site-packages/airflow/example_dags/example_task_group.py
[2024-12-03T00:29:25.555+0000] {processor.py:914} INFO - Processing file /home/airflow/.local/lib/python3.12/site-packages/airflow/example_dags/example_task_group.py for tasks to queue
[2024-12-03T00:29:25.556+0000] {logging_mixin.py:190} INFO - [2024-12-03T00:29:25.556+0000] {dagbag.py:588} INFO - Filling up the DagBag from /home/airflow/.local/lib/python3.12/site-packages/airflow/example_dags/example_task_group.py
[2024-12-03T00:29:25.560+0000] {processor.py:925} INFO - DAG(s) 'example_task_group' retrieved from /home/airflow/.local/lib/python3.12/site-packages/airflow/example_dags/example_task_group.py
[2024-12-03T00:29:25.568+0000] {logging_mixin.py:190} INFO - [2024-12-03T00:29:25.568+0000] {dag.py:3239} INFO - Sync 1 DAGs
[2024-12-03T00:29:25.573+0000] {logging_mixin.py:190} INFO - [2024-12-03T00:29:25.573+0000] {dag.py:4180} INFO - Setting next_dagrun for example_task_group to None, run_after=None
[2024-12-03T00:29:25.582+0000] {processor.py:208} INFO - Processing /home/airflow/.local/lib/python3.12/site-packages/airflow/example_dags/example_task_group.py took 0.030 seconds
[2024-12-03T00:29:55.990+0000] {processor.py:186} INFO - Started process (PID=6866) to work on /home/airflow/.local/lib/python3.12/site-packages/airflow/example_dags/example_task_group.py
[2024-12-03T00:29:55.990+0000] {processor.py:914} INFO - Processing file /home/airflow/.local/lib/python3.12/site-packages/airflow/example_dags/example_task_group.py for tasks to queue
[2024-12-03T00:29:55.992+0000] {logging_mixin.py:190} INFO - [2024-12-03T00:29:55.991+0000] {dagbag.py:588} INFO - Filling up the DagBag from /home/airflow/.local/lib/python3.12/site-packages/airflow/example_dags/example_task_group.py
[2024-12-03T00:29:55.996+0000] {processor.py:925} INFO - DAG(s) 'example_task_group' retrieved from /home/airflow/.local/lib/python3.12/site-packages/airflow/example_dags/example_task_group.py
[2024-12-03T00:29:56.010+0000] {logging_mixin.py:190} INFO - [2024-12-03T00:29:56.010+0000] {dag.py:3239} INFO - Sync 1 DAGs
[2024-12-03T00:29:56.021+0000] {logging_mixin.py:190} INFO - [2024-12-03T00:29:56.020+0000] {dag.py:4180} INFO - Setting next_dagrun for example_task_group to None, run_after=None
[2024-12-03T00:29:56.028+0000] {processor.py:208} INFO - Processing /home/airflow/.local/lib/python3.12/site-packages/airflow/example_dags/example_task_group.py took 0.041 seconds
[2024-12-03T00:30:26.613+0000] {processor.py:186} INFO - Started process (PID=6932) to work on /home/airflow/.local/lib/python3.12/site-packages/airflow/example_dags/example_task_group.py
[2024-12-03T00:30:26.615+0000] {processor.py:914} INFO - Processing file /home/airflow/.local/lib/python3.12/site-packages/airflow/example_dags/example_task_group.py for tasks to queue
[2024-12-03T00:30:26.616+0000] {logging_mixin.py:190} INFO - [2024-12-03T00:30:26.616+0000] {dagbag.py:588} INFO - Filling up the DagBag from /home/airflow/.local/lib/python3.12/site-packages/airflow/example_dags/example_task_group.py
[2024-12-03T00:30:26.620+0000] {processor.py:925} INFO - DAG(s) 'example_task_group' retrieved from /home/airflow/.local/lib/python3.12/site-packages/airflow/example_dags/example_task_group.py
[2024-12-03T00:30:26.632+0000] {logging_mixin.py:190} INFO - [2024-12-03T00:30:26.632+0000] {dag.py:3239} INFO - Sync 1 DAGs
[2024-12-03T00:30:26.638+0000] {logging_mixin.py:190} INFO - [2024-12-03T00:30:26.638+0000] {dag.py:4180} INFO - Setting next_dagrun for example_task_group to None, run_after=None
[2024-12-03T00:30:26.646+0000] {processor.py:208} INFO - Processing /home/airflow/.local/lib/python3.12/site-packages/airflow/example_dags/example_task_group.py took 0.036 seconds
[2024-12-03T00:30:57.051+0000] {processor.py:186} INFO - Started process (PID=6998) to work on /home/airflow/.local/lib/python3.12/site-packages/airflow/example_dags/example_task_group.py
[2024-12-03T00:30:57.054+0000] {processor.py:914} INFO - Processing file /home/airflow/.local/lib/python3.12/site-packages/airflow/example_dags/example_task_group.py for tasks to queue
[2024-12-03T00:30:57.055+0000] {logging_mixin.py:190} INFO - [2024-12-03T00:30:57.055+0000] {dagbag.py:588} INFO - Filling up the DagBag from /home/airflow/.local/lib/python3.12/site-packages/airflow/example_dags/example_task_group.py
[2024-12-03T00:30:57.059+0000] {processor.py:925} INFO - DAG(s) 'example_task_group' retrieved from /home/airflow/.local/lib/python3.12/site-packages/airflow/example_dags/example_task_group.py
[2024-12-03T00:30:57.067+0000] {logging_mixin.py:190} INFO - [2024-12-03T00:30:57.066+0000] {dag.py:3239} INFO - Sync 1 DAGs
[2024-12-03T00:30:57.072+0000] {logging_mixin.py:190} INFO - [2024-12-03T00:30:57.072+0000] {dag.py:4180} INFO - Setting next_dagrun for example_task_group to None, run_after=None
[2024-12-03T00:30:57.080+0000] {processor.py:208} INFO - Processing /home/airflow/.local/lib/python3.12/site-packages/airflow/example_dags/example_task_group.py took 0.031 seconds
[2024-12-03T00:31:27.555+0000] {processor.py:186} INFO - Started process (PID=7064) to work on /home/airflow/.local/lib/python3.12/site-packages/airflow/example_dags/example_task_group.py
[2024-12-03T00:31:27.556+0000] {processor.py:914} INFO - Processing file /home/airflow/.local/lib/python3.12/site-packages/airflow/example_dags/example_task_group.py for tasks to queue
[2024-12-03T00:31:27.557+0000] {logging_mixin.py:190} INFO - [2024-12-03T00:31:27.557+0000] {dagbag.py:588} INFO - Filling up the DagBag from /home/airflow/.local/lib/python3.12/site-packages/airflow/example_dags/example_task_group.py
[2024-12-03T00:31:27.561+0000] {processor.py:925} INFO - DAG(s) 'example_task_group' retrieved from /home/airflow/.local/lib/python3.12/site-packages/airflow/example_dags/example_task_group.py
[2024-12-03T00:31:27.570+0000] {logging_mixin.py:190} INFO - [2024-12-03T00:31:27.570+0000] {dag.py:3239} INFO - Sync 1 DAGs
[2024-12-03T00:31:27.577+0000] {logging_mixin.py:190} INFO - [2024-12-03T00:31:27.577+0000] {dag.py:4180} INFO - Setting next_dagrun for example_task_group to None, run_after=None
[2024-12-03T00:31:27.587+0000] {processor.py:208} INFO - Processing /home/airflow/.local/lib/python3.12/site-packages/airflow/example_dags/example_task_group.py took 0.034 seconds
[2024-12-03T00:31:58.001+0000] {processor.py:186} INFO - Started process (PID=7130) to work on /home/airflow/.local/lib/python3.12/site-packages/airflow/example_dags/example_task_group.py
[2024-12-03T00:31:58.002+0000] {processor.py:914} INFO - Processing file /home/airflow/.local/lib/python3.12/site-packages/airflow/example_dags/example_task_group.py for tasks to queue
[2024-12-03T00:31:58.003+0000] {logging_mixin.py:190} INFO - [2024-12-03T00:31:58.003+0000] {dagbag.py:588} INFO - Filling up the DagBag from /home/airflow/.local/lib/python3.12/site-packages/airflow/example_dags/example_task_group.py
[2024-12-03T00:31:58.008+0000] {processor.py:925} INFO - DAG(s) 'example_task_group' retrieved from /home/airflow/.local/lib/python3.12/site-packages/airflow/example_dags/example_task_group.py
[2024-12-03T00:31:58.017+0000] {logging_mixin.py:190} INFO - [2024-12-03T00:31:58.017+0000] {dag.py:3239} INFO - Sync 1 DAGs
[2024-12-03T00:31:58.023+0000] {logging_mixin.py:190} INFO - [2024-12-03T00:31:58.023+0000] {dag.py:4180} INFO - Setting next_dagrun for example_task_group to None, run_after=None
[2024-12-03T00:31:58.035+0000] {processor.py:208} INFO - Processing /home/airflow/.local/lib/python3.12/site-packages/airflow/example_dags/example_task_group.py took 0.037 seconds
[2024-12-03T00:32:28.549+0000] {processor.py:186} INFO - Started process (PID=7196) to work on /home/airflow/.local/lib/python3.12/site-packages/airflow/example_dags/example_task_group.py
[2024-12-03T00:32:28.550+0000] {processor.py:914} INFO - Processing file /home/airflow/.local/lib/python3.12/site-packages/airflow/example_dags/example_task_group.py for tasks to queue
[2024-12-03T00:32:28.551+0000] {logging_mixin.py:190} INFO - [2024-12-03T00:32:28.551+0000] {dagbag.py:588} INFO - Filling up the DagBag from /home/airflow/.local/lib/python3.12/site-packages/airflow/example_dags/example_task_group.py
[2024-12-03T00:32:28.557+0000] {processor.py:925} INFO - DAG(s) 'example_task_group' retrieved from /home/airflow/.local/lib/python3.12/site-packages/airflow/example_dags/example_task_group.py
[2024-12-03T00:32:28.573+0000] {logging_mixin.py:190} INFO - [2024-12-03T00:32:28.572+0000] {dag.py:3239} INFO - Sync 1 DAGs
[2024-12-03T00:32:28.594+0000] {logging_mixin.py:190} INFO - [2024-12-03T00:32:28.594+0000] {dag.py:4180} INFO - Setting next_dagrun for example_task_group to None, run_after=None
[2024-12-03T00:32:28.610+0000] {processor.py:208} INFO - Processing /home/airflow/.local/lib/python3.12/site-packages/airflow/example_dags/example_task_group.py took 0.067 seconds
[2024-12-03T00:32:58.901+0000] {processor.py:186} INFO - Started process (PID=7262) to work on /home/airflow/.local/lib/python3.12/site-packages/airflow/example_dags/example_task_group.py
[2024-12-03T00:32:58.901+0000] {processor.py:914} INFO - Processing file /home/airflow/.local/lib/python3.12/site-packages/airflow/example_dags/example_task_group.py for tasks to queue
[2024-12-03T00:32:58.902+0000] {logging_mixin.py:190} INFO - [2024-12-03T00:32:58.902+0000] {dagbag.py:588} INFO - Filling up the DagBag from /home/airflow/.local/lib/python3.12/site-packages/airflow/example_dags/example_task_group.py
[2024-12-03T00:32:58.906+0000] {processor.py:925} INFO - DAG(s) 'example_task_group' retrieved from /home/airflow/.local/lib/python3.12/site-packages/airflow/example_dags/example_task_group.py
[2024-12-03T00:32:58.920+0000] {logging_mixin.py:190} INFO - [2024-12-03T00:32:58.920+0000] {dag.py:3239} INFO - Sync 1 DAGs
[2024-12-03T00:32:58.926+0000] {logging_mixin.py:190} INFO - [2024-12-03T00:32:58.926+0000] {dag.py:4180} INFO - Setting next_dagrun for example_task_group to None, run_after=None
[2024-12-03T00:32:58.935+0000] {processor.py:208} INFO - Processing /home/airflow/.local/lib/python3.12/site-packages/airflow/example_dags/example_task_group.py took 0.036 seconds
[2024-12-03T00:33:29.169+0000] {processor.py:186} INFO - Started process (PID=7328) to work on /home/airflow/.local/lib/python3.12/site-packages/airflow/example_dags/example_task_group.py
[2024-12-03T00:33:29.169+0000] {processor.py:914} INFO - Processing file /home/airflow/.local/lib/python3.12/site-packages/airflow/example_dags/example_task_group.py for tasks to queue
[2024-12-03T00:33:29.170+0000] {logging_mixin.py:190} INFO - [2024-12-03T00:33:29.170+0000] {dagbag.py:588} INFO - Filling up the DagBag from /home/airflow/.local/lib/python3.12/site-packages/airflow/example_dags/example_task_group.py
[2024-12-03T00:33:29.174+0000] {processor.py:925} INFO - DAG(s) 'example_task_group' retrieved from /home/airflow/.local/lib/python3.12/site-packages/airflow/example_dags/example_task_group.py
[2024-12-03T00:33:29.185+0000] {logging_mixin.py:190} INFO - [2024-12-03T00:33:29.185+0000] {dag.py:3239} INFO - Sync 1 DAGs
[2024-12-03T00:33:29.191+0000] {logging_mixin.py:190} INFO - [2024-12-03T00:33:29.191+0000] {dag.py:4180} INFO - Setting next_dagrun for example_task_group to None, run_after=None
[2024-12-03T00:33:29.198+0000] {processor.py:208} INFO - Processing /home/airflow/.local/lib/python3.12/site-packages/airflow/example_dags/example_task_group.py took 0.032 seconds
[2024-12-03T00:33:59.466+0000] {processor.py:186} INFO - Started process (PID=7394) to work on /home/airflow/.local/lib/python3.12/site-packages/airflow/example_dags/example_task_group.py
[2024-12-03T00:33:59.467+0000] {processor.py:914} INFO - Processing file /home/airflow/.local/lib/python3.12/site-packages/airflow/example_dags/example_task_group.py for tasks to queue
[2024-12-03T00:33:59.468+0000] {logging_mixin.py:190} INFO - [2024-12-03T00:33:59.468+0000] {dagbag.py:588} INFO - Filling up the DagBag from /home/airflow/.local/lib/python3.12/site-packages/airflow/example_dags/example_task_group.py
[2024-12-03T00:33:59.472+0000] {processor.py:925} INFO - DAG(s) 'example_task_group' retrieved from /home/airflow/.local/lib/python3.12/site-packages/airflow/example_dags/example_task_group.py
[2024-12-03T00:33:59.480+0000] {logging_mixin.py:190} INFO - [2024-12-03T00:33:59.480+0000] {dag.py:3239} INFO - Sync 1 DAGs
[2024-12-03T00:33:59.485+0000] {logging_mixin.py:190} INFO - [2024-12-03T00:33:59.485+0000] {dag.py:4180} INFO - Setting next_dagrun for example_task_group to None, run_after=None
[2024-12-03T00:33:59.497+0000] {processor.py:208} INFO - Processing /home/airflow/.local/lib/python3.12/site-packages/airflow/example_dags/example_task_group.py took 0.033 seconds
[2024-12-03T00:34:29.740+0000] {processor.py:186} INFO - Started process (PID=7460) to work on /home/airflow/.local/lib/python3.12/site-packages/airflow/example_dags/example_task_group.py
[2024-12-03T00:34:29.741+0000] {processor.py:914} INFO - Processing file /home/airflow/.local/lib/python3.12/site-packages/airflow/example_dags/example_task_group.py for tasks to queue
[2024-12-03T00:34:29.742+0000] {logging_mixin.py:190} INFO - [2024-12-03T00:34:29.742+0000] {dagbag.py:588} INFO - Filling up the DagBag from /home/airflow/.local/lib/python3.12/site-packages/airflow/example_dags/example_task_group.py
[2024-12-03T00:34:29.747+0000] {processor.py:925} INFO - DAG(s) 'example_task_group' retrieved from /home/airflow/.local/lib/python3.12/site-packages/airflow/example_dags/example_task_group.py
[2024-12-03T00:34:29.758+0000] {logging_mixin.py:190} INFO - [2024-12-03T00:34:29.758+0000] {dag.py:3239} INFO - Sync 1 DAGs
[2024-12-03T00:34:29.766+0000] {logging_mixin.py:190} INFO - [2024-12-03T00:34:29.766+0000] {dag.py:4180} INFO - Setting next_dagrun for example_task_group to None, run_after=None
[2024-12-03T00:34:29.773+0000] {processor.py:208} INFO - Processing /home/airflow/.local/lib/python3.12/site-packages/airflow/example_dags/example_task_group.py took 0.035 seconds
[2024-12-03T00:34:59.999+0000] {processor.py:186} INFO - Started process (PID=7526) to work on /home/airflow/.local/lib/python3.12/site-packages/airflow/example_dags/example_task_group.py
[2024-12-03T00:35:00.000+0000] {processor.py:914} INFO - Processing file /home/airflow/.local/lib/python3.12/site-packages/airflow/example_dags/example_task_group.py for tasks to queue
[2024-12-03T00:35:00.001+0000] {logging_mixin.py:190} INFO - [2024-12-03T00:35:00.000+0000] {dagbag.py:588} INFO - Filling up the DagBag from /home/airflow/.local/lib/python3.12/site-packages/airflow/example_dags/example_task_group.py
[2024-12-03T00:35:00.005+0000] {processor.py:925} INFO - DAG(s) 'example_task_group' retrieved from /home/airflow/.local/lib/python3.12/site-packages/airflow/example_dags/example_task_group.py
[2024-12-03T00:35:00.014+0000] {logging_mixin.py:190} INFO - [2024-12-03T00:35:00.014+0000] {dag.py:3239} INFO - Sync 1 DAGs
[2024-12-03T00:35:00.020+0000] {logging_mixin.py:190} INFO - [2024-12-03T00:35:00.020+0000] {dag.py:4180} INFO - Setting next_dagrun for example_task_group to None, run_after=None
[2024-12-03T00:35:00.027+0000] {processor.py:208} INFO - Processing /home/airflow/.local/lib/python3.12/site-packages/airflow/example_dags/example_task_group.py took 0.031 seconds
[2024-12-03T00:35:30.286+0000] {processor.py:186} INFO - Started process (PID=7592) to work on /home/airflow/.local/lib/python3.12/site-packages/airflow/example_dags/example_task_group.py
[2024-12-03T00:35:30.286+0000] {processor.py:914} INFO - Processing file /home/airflow/.local/lib/python3.12/site-packages/airflow/example_dags/example_task_group.py for tasks to queue
[2024-12-03T00:35:30.288+0000] {logging_mixin.py:190} INFO - [2024-12-03T00:35:30.287+0000] {dagbag.py:588} INFO - Filling up the DagBag from /home/airflow/.local/lib/python3.12/site-packages/airflow/example_dags/example_task_group.py
[2024-12-03T00:35:30.292+0000] {processor.py:925} INFO - DAG(s) 'example_task_group' retrieved from /home/airflow/.local/lib/python3.12/site-packages/airflow/example_dags/example_task_group.py
[2024-12-03T00:35:30.301+0000] {logging_mixin.py:190} INFO - [2024-12-03T00:35:30.301+0000] {dag.py:3239} INFO - Sync 1 DAGs
[2024-12-03T00:35:30.306+0000] {logging_mixin.py:190} INFO - [2024-12-03T00:35:30.306+0000] {dag.py:4180} INFO - Setting next_dagrun for example_task_group to None, run_after=None
[2024-12-03T00:35:30.313+0000] {processor.py:208} INFO - Processing /home/airflow/.local/lib/python3.12/site-packages/airflow/example_dags/example_task_group.py took 0.030 seconds
[2024-12-03T00:36:00.646+0000] {processor.py:186} INFO - Started process (PID=7658) to work on /home/airflow/.local/lib/python3.12/site-packages/airflow/example_dags/example_task_group.py
[2024-12-03T00:36:00.647+0000] {processor.py:914} INFO - Processing file /home/airflow/.local/lib/python3.12/site-packages/airflow/example_dags/example_task_group.py for tasks to queue
[2024-12-03T00:36:00.648+0000] {logging_mixin.py:190} INFO - [2024-12-03T00:36:00.647+0000] {dagbag.py:588} INFO - Filling up the DagBag from /home/airflow/.local/lib/python3.12/site-packages/airflow/example_dags/example_task_group.py
[2024-12-03T00:36:00.652+0000] {processor.py:925} INFO - DAG(s) 'example_task_group' retrieved from /home/airflow/.local/lib/python3.12/site-packages/airflow/example_dags/example_task_group.py
[2024-12-03T00:36:00.663+0000] {logging_mixin.py:190} INFO - [2024-12-03T00:36:00.663+0000] {dag.py:3239} INFO - Sync 1 DAGs
[2024-12-03T00:36:00.668+0000] {logging_mixin.py:190} INFO - [2024-12-03T00:36:00.668+0000] {dag.py:4180} INFO - Setting next_dagrun for example_task_group to None, run_after=None
[2024-12-03T00:36:00.678+0000] {processor.py:208} INFO - Processing /home/airflow/.local/lib/python3.12/site-packages/airflow/example_dags/example_task_group.py took 0.035 seconds
[2024-12-03T00:36:30.956+0000] {processor.py:186} INFO - Started process (PID=7724) to work on /home/airflow/.local/lib/python3.12/site-packages/airflow/example_dags/example_task_group.py
[2024-12-03T00:36:30.957+0000] {processor.py:914} INFO - Processing file /home/airflow/.local/lib/python3.12/site-packages/airflow/example_dags/example_task_group.py for tasks to queue
[2024-12-03T00:36:30.958+0000] {logging_mixin.py:190} INFO - [2024-12-03T00:36:30.958+0000] {dagbag.py:588} INFO - Filling up the DagBag from /home/airflow/.local/lib/python3.12/site-packages/airflow/example_dags/example_task_group.py
[2024-12-03T00:36:30.962+0000] {processor.py:925} INFO - DAG(s) 'example_task_group' retrieved from /home/airflow/.local/lib/python3.12/site-packages/airflow/example_dags/example_task_group.py
[2024-12-03T00:36:30.970+0000] {logging_mixin.py:190} INFO - [2024-12-03T00:36:30.970+0000] {dag.py:3239} INFO - Sync 1 DAGs
[2024-12-03T00:36:30.975+0000] {logging_mixin.py:190} INFO - [2024-12-03T00:36:30.975+0000] {dag.py:4180} INFO - Setting next_dagrun for example_task_group to None, run_after=None
[2024-12-03T00:36:30.982+0000] {processor.py:208} INFO - Processing /home/airflow/.local/lib/python3.12/site-packages/airflow/example_dags/example_task_group.py took 0.029 seconds
[2024-12-03T00:37:01.186+0000] {processor.py:186} INFO - Started process (PID=7790) to work on /home/airflow/.local/lib/python3.12/site-packages/airflow/example_dags/example_task_group.py
[2024-12-03T00:37:01.187+0000] {processor.py:914} INFO - Processing file /home/airflow/.local/lib/python3.12/site-packages/airflow/example_dags/example_task_group.py for tasks to queue
[2024-12-03T00:37:01.188+0000] {logging_mixin.py:190} INFO - [2024-12-03T00:37:01.188+0000] {dagbag.py:588} INFO - Filling up the DagBag from /home/airflow/.local/lib/python3.12/site-packages/airflow/example_dags/example_task_group.py
[2024-12-03T00:37:01.192+0000] {processor.py:925} INFO - DAG(s) 'example_task_group' retrieved from /home/airflow/.local/lib/python3.12/site-packages/airflow/example_dags/example_task_group.py
[2024-12-03T00:37:01.199+0000] {logging_mixin.py:190} INFO - [2024-12-03T00:37:01.199+0000] {dag.py:3239} INFO - Sync 1 DAGs
[2024-12-03T00:37:01.204+0000] {logging_mixin.py:190} INFO - [2024-12-03T00:37:01.204+0000] {dag.py:4180} INFO - Setting next_dagrun for example_task_group to None, run_after=None
[2024-12-03T00:37:01.212+0000] {processor.py:208} INFO - Processing /home/airflow/.local/lib/python3.12/site-packages/airflow/example_dags/example_task_group.py took 0.029 seconds
[2024-12-03T00:37:31.470+0000] {processor.py:186} INFO - Started process (PID=7856) to work on /home/airflow/.local/lib/python3.12/site-packages/airflow/example_dags/example_task_group.py
[2024-12-03T00:37:31.471+0000] {processor.py:914} INFO - Processing file /home/airflow/.local/lib/python3.12/site-packages/airflow/example_dags/example_task_group.py for tasks to queue
[2024-12-03T00:37:31.472+0000] {logging_mixin.py:190} INFO - [2024-12-03T00:37:31.472+0000] {dagbag.py:588} INFO - Filling up the DagBag from /home/airflow/.local/lib/python3.12/site-packages/airflow/example_dags/example_task_group.py
[2024-12-03T00:37:31.477+0000] {processor.py:925} INFO - DAG(s) 'example_task_group' retrieved from /home/airflow/.local/lib/python3.12/site-packages/airflow/example_dags/example_task_group.py
[2024-12-03T00:37:31.486+0000] {logging_mixin.py:190} INFO - [2024-12-03T00:37:31.486+0000] {dag.py:3239} INFO - Sync 1 DAGs
[2024-12-03T00:37:31.491+0000] {logging_mixin.py:190} INFO - [2024-12-03T00:37:31.491+0000] {dag.py:4180} INFO - Setting next_dagrun for example_task_group to None, run_after=None
[2024-12-03T00:37:31.497+0000] {processor.py:208} INFO - Processing /home/airflow/.local/lib/python3.12/site-packages/airflow/example_dags/example_task_group.py took 0.029 seconds
[2024-12-03T00:38:01.776+0000] {processor.py:186} INFO - Started process (PID=7922) to work on /home/airflow/.local/lib/python3.12/site-packages/airflow/example_dags/example_task_group.py
[2024-12-03T00:38:01.777+0000] {processor.py:914} INFO - Processing file /home/airflow/.local/lib/python3.12/site-packages/airflow/example_dags/example_task_group.py for tasks to queue
[2024-12-03T00:38:01.778+0000] {logging_mixin.py:190} INFO - [2024-12-03T00:38:01.777+0000] {dagbag.py:588} INFO - Filling up the DagBag from /home/airflow/.local/lib/python3.12/site-packages/airflow/example_dags/example_task_group.py
[2024-12-03T00:38:01.782+0000] {processor.py:925} INFO - DAG(s) 'example_task_group' retrieved from /home/airflow/.local/lib/python3.12/site-packages/airflow/example_dags/example_task_group.py
[2024-12-03T00:38:01.793+0000] {logging_mixin.py:190} INFO - [2024-12-03T00:38:01.793+0000] {dag.py:3239} INFO - Sync 1 DAGs
[2024-12-03T00:38:01.798+0000] {logging_mixin.py:190} INFO - [2024-12-03T00:38:01.798+0000] {dag.py:4180} INFO - Setting next_dagrun for example_task_group to None, run_after=None
[2024-12-03T00:38:01.806+0000] {processor.py:208} INFO - Processing /home/airflow/.local/lib/python3.12/site-packages/airflow/example_dags/example_task_group.py took 0.033 seconds
