[2024-12-03T00:03:58.139+0000] {processor.py:186} INFO - Started process (PID=3487) to work on /home/airflow/.local/lib/python3.12/site-packages/airflow/example_dags/example_complex.py
[2024-12-03T00:03:58.142+0000] {processor.py:914} INFO - Processing file /home/airflow/.local/lib/python3.12/site-packages/airflow/example_dags/example_complex.py for tasks to queue
[2024-12-03T00:03:58.143+0000] {logging_mixin.py:190} INFO - [2024-12-03T00:03:58.143+0000] {dagbag.py:588} INFO - Filling up the DagBag from /home/airflow/.local/lib/python3.12/site-packages/airflow/example_dags/example_complex.py
[2024-12-03T00:03:58.148+0000] {processor.py:925} INFO - DAG(s) 'example_complex' retrieved from /home/airflow/.local/lib/python3.12/site-packages/airflow/example_dags/example_complex.py
[2024-12-03T00:03:58.167+0000] {logging_mixin.py:190} INFO - [2024-12-03T00:03:58.167+0000] {dag.py:3239} INFO - Sync 1 DAGs
[2024-12-03T00:03:58.173+0000] {logging_mixin.py:190} INFO - [2024-12-03T00:03:58.172+0000] {dag.py:4180} INFO - Setting next_dagrun for example_complex to None, run_after=None
[2024-12-03T00:03:58.179+0000] {processor.py:208} INFO - Processing /home/airflow/.local/lib/python3.12/site-packages/airflow/example_dags/example_complex.py took 0.042 seconds
[2024-12-03T00:04:28.534+0000] {processor.py:186} INFO - Started process (PID=3552) to work on /home/airflow/.local/lib/python3.12/site-packages/airflow/example_dags/example_complex.py
[2024-12-03T00:04:28.536+0000] {processor.py:914} INFO - Processing file /home/airflow/.local/lib/python3.12/site-packages/airflow/example_dags/example_complex.py for tasks to queue
[2024-12-03T00:04:28.541+0000] {logging_mixin.py:190} INFO - [2024-12-03T00:04:28.541+0000] {dagbag.py:588} INFO - Filling up the DagBag from /home/airflow/.local/lib/python3.12/site-packages/airflow/example_dags/example_complex.py
[2024-12-03T00:04:28.546+0000] {processor.py:925} INFO - DAG(s) 'example_complex' retrieved from /home/airflow/.local/lib/python3.12/site-packages/airflow/example_dags/example_complex.py
[2024-12-03T00:04:28.561+0000] {logging_mixin.py:190} INFO - [2024-12-03T00:04:28.561+0000] {dag.py:3239} INFO - Sync 1 DAGs
[2024-12-03T00:04:28.567+0000] {logging_mixin.py:190} INFO - [2024-12-03T00:04:28.567+0000] {dag.py:4180} INFO - Setting next_dagrun for example_complex to None, run_after=None
[2024-12-03T00:04:28.573+0000] {processor.py:208} INFO - Processing /home/airflow/.local/lib/python3.12/site-packages/airflow/example_dags/example_complex.py took 0.042 seconds
[2024-12-03T00:04:58.757+0000] {processor.py:186} INFO - Started process (PID=3618) to work on /home/airflow/.local/lib/python3.12/site-packages/airflow/example_dags/example_complex.py
[2024-12-03T00:04:58.759+0000] {processor.py:914} INFO - Processing file /home/airflow/.local/lib/python3.12/site-packages/airflow/example_dags/example_complex.py for tasks to queue
[2024-12-03T00:04:58.761+0000] {logging_mixin.py:190} INFO - [2024-12-03T00:04:58.761+0000] {dagbag.py:588} INFO - Filling up the DagBag from /home/airflow/.local/lib/python3.12/site-packages/airflow/example_dags/example_complex.py
[2024-12-03T00:04:58.766+0000] {processor.py:925} INFO - DAG(s) 'example_complex' retrieved from /home/airflow/.local/lib/python3.12/site-packages/airflow/example_dags/example_complex.py
[2024-12-03T00:04:58.780+0000] {logging_mixin.py:190} INFO - [2024-12-03T00:04:58.780+0000] {dag.py:3239} INFO - Sync 1 DAGs
[2024-12-03T00:04:58.785+0000] {logging_mixin.py:190} INFO - [2024-12-03T00:04:58.785+0000] {dag.py:4180} INFO - Setting next_dagrun for example_complex to None, run_after=None
[2024-12-03T00:04:58.791+0000] {processor.py:208} INFO - Processing /home/airflow/.local/lib/python3.12/site-packages/airflow/example_dags/example_complex.py took 0.037 seconds
[2024-12-03T00:05:29.950+0000] {processor.py:186} INFO - Started process (PID=3690) to work on /home/airflow/.local/lib/python3.12/site-packages/airflow/example_dags/example_complex.py
[2024-12-03T00:05:29.951+0000] {processor.py:914} INFO - Processing file /home/airflow/.local/lib/python3.12/site-packages/airflow/example_dags/example_complex.py for tasks to queue
[2024-12-03T00:05:29.952+0000] {logging_mixin.py:190} INFO - [2024-12-03T00:05:29.952+0000] {dagbag.py:588} INFO - Filling up the DagBag from /home/airflow/.local/lib/python3.12/site-packages/airflow/example_dags/example_complex.py
[2024-12-03T00:05:29.957+0000] {processor.py:925} INFO - DAG(s) 'example_complex' retrieved from /home/airflow/.local/lib/python3.12/site-packages/airflow/example_dags/example_complex.py
[2024-12-03T00:05:29.969+0000] {logging_mixin.py:190} INFO - [2024-12-03T00:05:29.969+0000] {dag.py:3239} INFO - Sync 1 DAGs
[2024-12-03T00:05:29.973+0000] {logging_mixin.py:190} INFO - [2024-12-03T00:05:29.973+0000] {dag.py:4180} INFO - Setting next_dagrun for example_complex to None, run_after=None
[2024-12-03T00:05:29.987+0000] {processor.py:208} INFO - Processing /home/airflow/.local/lib/python3.12/site-packages/airflow/example_dags/example_complex.py took 0.039 seconds
[2024-12-03T00:06:01.056+0000] {processor.py:186} INFO - Started process (PID=3756) to work on /home/airflow/.local/lib/python3.12/site-packages/airflow/example_dags/example_complex.py
[2024-12-03T00:06:01.056+0000] {processor.py:914} INFO - Processing file /home/airflow/.local/lib/python3.12/site-packages/airflow/example_dags/example_complex.py for tasks to queue
[2024-12-03T00:06:01.057+0000] {logging_mixin.py:190} INFO - [2024-12-03T00:06:01.057+0000] {dagbag.py:588} INFO - Filling up the DagBag from /home/airflow/.local/lib/python3.12/site-packages/airflow/example_dags/example_complex.py
[2024-12-03T00:06:01.064+0000] {processor.py:925} INFO - DAG(s) 'example_complex' retrieved from /home/airflow/.local/lib/python3.12/site-packages/airflow/example_dags/example_complex.py
[2024-12-03T00:06:01.079+0000] {logging_mixin.py:190} INFO - [2024-12-03T00:06:01.079+0000] {dag.py:3239} INFO - Sync 1 DAGs
[2024-12-03T00:06:01.086+0000] {logging_mixin.py:190} INFO - [2024-12-03T00:06:01.086+0000] {dag.py:4180} INFO - Setting next_dagrun for example_complex to None, run_after=None
[2024-12-03T00:06:01.092+0000] {processor.py:208} INFO - Processing /home/airflow/.local/lib/python3.12/site-packages/airflow/example_dags/example_complex.py took 0.039 seconds
[2024-12-03T00:06:32.209+0000] {processor.py:186} INFO - Started process (PID=3822) to work on /home/airflow/.local/lib/python3.12/site-packages/airflow/example_dags/example_complex.py
[2024-12-03T00:06:32.210+0000] {processor.py:914} INFO - Processing file /home/airflow/.local/lib/python3.12/site-packages/airflow/example_dags/example_complex.py for tasks to queue
[2024-12-03T00:06:32.211+0000] {logging_mixin.py:190} INFO - [2024-12-03T00:06:32.211+0000] {dagbag.py:588} INFO - Filling up the DagBag from /home/airflow/.local/lib/python3.12/site-packages/airflow/example_dags/example_complex.py
[2024-12-03T00:06:32.216+0000] {processor.py:925} INFO - DAG(s) 'example_complex' retrieved from /home/airflow/.local/lib/python3.12/site-packages/airflow/example_dags/example_complex.py
[2024-12-03T00:06:32.227+0000] {logging_mixin.py:190} INFO - [2024-12-03T00:06:32.227+0000] {dag.py:3239} INFO - Sync 1 DAGs
[2024-12-03T00:06:32.233+0000] {logging_mixin.py:190} INFO - [2024-12-03T00:06:32.233+0000] {dag.py:4180} INFO - Setting next_dagrun for example_complex to None, run_after=None
[2024-12-03T00:06:32.239+0000] {processor.py:208} INFO - Processing /home/airflow/.local/lib/python3.12/site-packages/airflow/example_dags/example_complex.py took 0.033 seconds
[2024-12-03T00:07:03.393+0000] {processor.py:186} INFO - Started process (PID=3888) to work on /home/airflow/.local/lib/python3.12/site-packages/airflow/example_dags/example_complex.py
[2024-12-03T00:07:03.393+0000] {processor.py:914} INFO - Processing file /home/airflow/.local/lib/python3.12/site-packages/airflow/example_dags/example_complex.py for tasks to queue
[2024-12-03T00:07:03.394+0000] {logging_mixin.py:190} INFO - [2024-12-03T00:07:03.394+0000] {dagbag.py:588} INFO - Filling up the DagBag from /home/airflow/.local/lib/python3.12/site-packages/airflow/example_dags/example_complex.py
[2024-12-03T00:07:03.400+0000] {processor.py:925} INFO - DAG(s) 'example_complex' retrieved from /home/airflow/.local/lib/python3.12/site-packages/airflow/example_dags/example_complex.py
[2024-12-03T00:07:03.411+0000] {logging_mixin.py:190} INFO - [2024-12-03T00:07:03.411+0000] {dag.py:3239} INFO - Sync 1 DAGs
[2024-12-03T00:07:03.416+0000] {logging_mixin.py:190} INFO - [2024-12-03T00:07:03.416+0000] {dag.py:4180} INFO - Setting next_dagrun for example_complex to None, run_after=None
[2024-12-03T00:07:03.426+0000] {processor.py:208} INFO - Processing /home/airflow/.local/lib/python3.12/site-packages/airflow/example_dags/example_complex.py took 0.035 seconds
[2024-12-03T00:07:34.459+0000] {processor.py:186} INFO - Started process (PID=3954) to work on /home/airflow/.local/lib/python3.12/site-packages/airflow/example_dags/example_complex.py
[2024-12-03T00:07:34.460+0000] {processor.py:914} INFO - Processing file /home/airflow/.local/lib/python3.12/site-packages/airflow/example_dags/example_complex.py for tasks to queue
[2024-12-03T00:07:34.461+0000] {logging_mixin.py:190} INFO - [2024-12-03T00:07:34.461+0000] {dagbag.py:588} INFO - Filling up the DagBag from /home/airflow/.local/lib/python3.12/site-packages/airflow/example_dags/example_complex.py
[2024-12-03T00:07:34.465+0000] {processor.py:925} INFO - DAG(s) 'example_complex' retrieved from /home/airflow/.local/lib/python3.12/site-packages/airflow/example_dags/example_complex.py
[2024-12-03T00:07:34.478+0000] {logging_mixin.py:190} INFO - [2024-12-03T00:07:34.478+0000] {dag.py:3239} INFO - Sync 1 DAGs
[2024-12-03T00:07:34.484+0000] {logging_mixin.py:190} INFO - [2024-12-03T00:07:34.484+0000] {dag.py:4180} INFO - Setting next_dagrun for example_complex to None, run_after=None
[2024-12-03T00:07:34.490+0000] {processor.py:208} INFO - Processing /home/airflow/.local/lib/python3.12/site-packages/airflow/example_dags/example_complex.py took 0.033 seconds
[2024-12-03T00:08:05.471+0000] {processor.py:186} INFO - Started process (PID=4020) to work on /home/airflow/.local/lib/python3.12/site-packages/airflow/example_dags/example_complex.py
[2024-12-03T00:08:05.472+0000] {processor.py:914} INFO - Processing file /home/airflow/.local/lib/python3.12/site-packages/airflow/example_dags/example_complex.py for tasks to queue
[2024-12-03T00:08:05.473+0000] {logging_mixin.py:190} INFO - [2024-12-03T00:08:05.473+0000] {dagbag.py:588} INFO - Filling up the DagBag from /home/airflow/.local/lib/python3.12/site-packages/airflow/example_dags/example_complex.py
[2024-12-03T00:08:05.477+0000] {processor.py:925} INFO - DAG(s) 'example_complex' retrieved from /home/airflow/.local/lib/python3.12/site-packages/airflow/example_dags/example_complex.py
[2024-12-03T00:08:05.491+0000] {logging_mixin.py:190} INFO - [2024-12-03T00:08:05.491+0000] {dag.py:3239} INFO - Sync 1 DAGs
[2024-12-03T00:08:05.496+0000] {logging_mixin.py:190} INFO - [2024-12-03T00:08:05.496+0000] {dag.py:4180} INFO - Setting next_dagrun for example_complex to None, run_after=None
[2024-12-03T00:08:05.507+0000] {processor.py:208} INFO - Processing /home/airflow/.local/lib/python3.12/site-packages/airflow/example_dags/example_complex.py took 0.039 seconds
[2024-12-03T00:08:36.711+0000] {processor.py:186} INFO - Started process (PID=4086) to work on /home/airflow/.local/lib/python3.12/site-packages/airflow/example_dags/example_complex.py
[2024-12-03T00:08:36.712+0000] {processor.py:914} INFO - Processing file /home/airflow/.local/lib/python3.12/site-packages/airflow/example_dags/example_complex.py for tasks to queue
[2024-12-03T00:08:36.713+0000] {logging_mixin.py:190} INFO - [2024-12-03T00:08:36.712+0000] {dagbag.py:588} INFO - Filling up the DagBag from /home/airflow/.local/lib/python3.12/site-packages/airflow/example_dags/example_complex.py
[2024-12-03T00:08:36.719+0000] {processor.py:925} INFO - DAG(s) 'example_complex' retrieved from /home/airflow/.local/lib/python3.12/site-packages/airflow/example_dags/example_complex.py
[2024-12-03T00:08:36.733+0000] {logging_mixin.py:190} INFO - [2024-12-03T00:08:36.733+0000] {dag.py:3239} INFO - Sync 1 DAGs
[2024-12-03T00:08:36.738+0000] {logging_mixin.py:190} INFO - [2024-12-03T00:08:36.738+0000] {dag.py:4180} INFO - Setting next_dagrun for example_complex to None, run_after=None
[2024-12-03T00:08:36.746+0000] {processor.py:208} INFO - Processing /home/airflow/.local/lib/python3.12/site-packages/airflow/example_dags/example_complex.py took 0.038 seconds
[2024-12-03T00:09:07.022+0000] {processor.py:186} INFO - Started process (PID=4152) to work on /home/airflow/.local/lib/python3.12/site-packages/airflow/example_dags/example_complex.py
[2024-12-03T00:09:07.023+0000] {processor.py:914} INFO - Processing file /home/airflow/.local/lib/python3.12/site-packages/airflow/example_dags/example_complex.py for tasks to queue
[2024-12-03T00:09:07.023+0000] {logging_mixin.py:190} INFO - [2024-12-03T00:09:07.023+0000] {dagbag.py:588} INFO - Filling up the DagBag from /home/airflow/.local/lib/python3.12/site-packages/airflow/example_dags/example_complex.py
[2024-12-03T00:09:07.031+0000] {processor.py:925} INFO - DAG(s) 'example_complex' retrieved from /home/airflow/.local/lib/python3.12/site-packages/airflow/example_dags/example_complex.py
[2024-12-03T00:09:07.043+0000] {logging_mixin.py:190} INFO - [2024-12-03T00:09:07.042+0000] {dag.py:3239} INFO - Sync 1 DAGs
[2024-12-03T00:09:07.049+0000] {logging_mixin.py:190} INFO - [2024-12-03T00:09:07.049+0000] {dag.py:4180} INFO - Setting next_dagrun for example_complex to None, run_after=None
[2024-12-03T00:09:07.056+0000] {processor.py:208} INFO - Processing /home/airflow/.local/lib/python3.12/site-packages/airflow/example_dags/example_complex.py took 0.037 seconds
[2024-12-03T00:09:37.316+0000] {processor.py:186} INFO - Started process (PID=4218) to work on /home/airflow/.local/lib/python3.12/site-packages/airflow/example_dags/example_complex.py
[2024-12-03T00:09:37.318+0000] {processor.py:914} INFO - Processing file /home/airflow/.local/lib/python3.12/site-packages/airflow/example_dags/example_complex.py for tasks to queue
[2024-12-03T00:09:37.320+0000] {logging_mixin.py:190} INFO - [2024-12-03T00:09:37.320+0000] {dagbag.py:588} INFO - Filling up the DagBag from /home/airflow/.local/lib/python3.12/site-packages/airflow/example_dags/example_complex.py
[2024-12-03T00:09:37.325+0000] {processor.py:925} INFO - DAG(s) 'example_complex' retrieved from /home/airflow/.local/lib/python3.12/site-packages/airflow/example_dags/example_complex.py
[2024-12-03T00:09:37.338+0000] {logging_mixin.py:190} INFO - [2024-12-03T00:09:37.338+0000] {dag.py:3239} INFO - Sync 1 DAGs
[2024-12-03T00:09:37.343+0000] {logging_mixin.py:190} INFO - [2024-12-03T00:09:37.343+0000] {dag.py:4180} INFO - Setting next_dagrun for example_complex to None, run_after=None
[2024-12-03T00:09:37.349+0000] {processor.py:208} INFO - Processing /home/airflow/.local/lib/python3.12/site-packages/airflow/example_dags/example_complex.py took 0.036 seconds
[2024-12-03T00:10:08.591+0000] {processor.py:186} INFO - Started process (PID=4284) to work on /home/airflow/.local/lib/python3.12/site-packages/airflow/example_dags/example_complex.py
[2024-12-03T00:10:08.591+0000] {processor.py:914} INFO - Processing file /home/airflow/.local/lib/python3.12/site-packages/airflow/example_dags/example_complex.py for tasks to queue
[2024-12-03T00:10:08.592+0000] {logging_mixin.py:190} INFO - [2024-12-03T00:10:08.592+0000] {dagbag.py:588} INFO - Filling up the DagBag from /home/airflow/.local/lib/python3.12/site-packages/airflow/example_dags/example_complex.py
[2024-12-03T00:10:08.597+0000] {processor.py:925} INFO - DAG(s) 'example_complex' retrieved from /home/airflow/.local/lib/python3.12/site-packages/airflow/example_dags/example_complex.py
[2024-12-03T00:10:08.611+0000] {logging_mixin.py:190} INFO - [2024-12-03T00:10:08.611+0000] {dag.py:3239} INFO - Sync 1 DAGs
[2024-12-03T00:10:08.619+0000] {logging_mixin.py:190} INFO - [2024-12-03T00:10:08.619+0000] {dag.py:4180} INFO - Setting next_dagrun for example_complex to None, run_after=None
[2024-12-03T00:10:08.628+0000] {processor.py:208} INFO - Processing /home/airflow/.local/lib/python3.12/site-packages/airflow/example_dags/example_complex.py took 0.039 seconds
[2024-12-03T00:10:38.909+0000] {processor.py:186} INFO - Started process (PID=4350) to work on /home/airflow/.local/lib/python3.12/site-packages/airflow/example_dags/example_complex.py
[2024-12-03T00:10:38.911+0000] {processor.py:914} INFO - Processing file /home/airflow/.local/lib/python3.12/site-packages/airflow/example_dags/example_complex.py for tasks to queue
[2024-12-03T00:10:38.913+0000] {logging_mixin.py:190} INFO - [2024-12-03T00:10:38.912+0000] {dagbag.py:588} INFO - Filling up the DagBag from /home/airflow/.local/lib/python3.12/site-packages/airflow/example_dags/example_complex.py
[2024-12-03T00:10:38.917+0000] {processor.py:925} INFO - DAG(s) 'example_complex' retrieved from /home/airflow/.local/lib/python3.12/site-packages/airflow/example_dags/example_complex.py
[2024-12-03T00:10:38.930+0000] {logging_mixin.py:190} INFO - [2024-12-03T00:10:38.930+0000] {dag.py:3239} INFO - Sync 1 DAGs
[2024-12-03T00:10:38.936+0000] {logging_mixin.py:190} INFO - [2024-12-03T00:10:38.936+0000] {dag.py:4180} INFO - Setting next_dagrun for example_complex to None, run_after=None
[2024-12-03T00:10:38.941+0000] {processor.py:208} INFO - Processing /home/airflow/.local/lib/python3.12/site-packages/airflow/example_dags/example_complex.py took 0.035 seconds
[2024-12-03T00:11:10.043+0000] {processor.py:186} INFO - Started process (PID=4416) to work on /home/airflow/.local/lib/python3.12/site-packages/airflow/example_dags/example_complex.py
[2024-12-03T00:11:10.045+0000] {processor.py:914} INFO - Processing file /home/airflow/.local/lib/python3.12/site-packages/airflow/example_dags/example_complex.py for tasks to queue
[2024-12-03T00:11:10.047+0000] {logging_mixin.py:190} INFO - [2024-12-03T00:11:10.047+0000] {dagbag.py:588} INFO - Filling up the DagBag from /home/airflow/.local/lib/python3.12/site-packages/airflow/example_dags/example_complex.py
[2024-12-03T00:11:10.051+0000] {processor.py:925} INFO - DAG(s) 'example_complex' retrieved from /home/airflow/.local/lib/python3.12/site-packages/airflow/example_dags/example_complex.py
[2024-12-03T00:11:10.063+0000] {logging_mixin.py:190} INFO - [2024-12-03T00:11:10.063+0000] {dag.py:3239} INFO - Sync 1 DAGs
[2024-12-03T00:11:10.068+0000] {logging_mixin.py:190} INFO - [2024-12-03T00:11:10.068+0000] {dag.py:4180} INFO - Setting next_dagrun for example_complex to None, run_after=None
[2024-12-03T00:11:10.077+0000] {processor.py:208} INFO - Processing /home/airflow/.local/lib/python3.12/site-packages/airflow/example_dags/example_complex.py took 0.036 seconds
[2024-12-03T00:11:40.281+0000] {processor.py:186} INFO - Started process (PID=4482) to work on /home/airflow/.local/lib/python3.12/site-packages/airflow/example_dags/example_complex.py
[2024-12-03T00:11:40.281+0000] {processor.py:914} INFO - Processing file /home/airflow/.local/lib/python3.12/site-packages/airflow/example_dags/example_complex.py for tasks to queue
[2024-12-03T00:11:40.282+0000] {logging_mixin.py:190} INFO - [2024-12-03T00:11:40.282+0000] {dagbag.py:588} INFO - Filling up the DagBag from /home/airflow/.local/lib/python3.12/site-packages/airflow/example_dags/example_complex.py
[2024-12-03T00:11:40.289+0000] {processor.py:925} INFO - DAG(s) 'example_complex' retrieved from /home/airflow/.local/lib/python3.12/site-packages/airflow/example_dags/example_complex.py
[2024-12-03T00:11:40.303+0000] {logging_mixin.py:190} INFO - [2024-12-03T00:11:40.303+0000] {dag.py:3239} INFO - Sync 1 DAGs
[2024-12-03T00:11:40.310+0000] {logging_mixin.py:190} INFO - [2024-12-03T00:11:40.310+0000] {dag.py:4180} INFO - Setting next_dagrun for example_complex to None, run_after=None
[2024-12-03T00:11:40.315+0000] {processor.py:208} INFO - Processing /home/airflow/.local/lib/python3.12/site-packages/airflow/example_dags/example_complex.py took 0.037 seconds
[2024-12-03T00:12:11.486+0000] {processor.py:186} INFO - Started process (PID=4548) to work on /home/airflow/.local/lib/python3.12/site-packages/airflow/example_dags/example_complex.py
[2024-12-03T00:12:11.488+0000] {processor.py:914} INFO - Processing file /home/airflow/.local/lib/python3.12/site-packages/airflow/example_dags/example_complex.py for tasks to queue
[2024-12-03T00:12:11.490+0000] {logging_mixin.py:190} INFO - [2024-12-03T00:12:11.490+0000] {dagbag.py:588} INFO - Filling up the DagBag from /home/airflow/.local/lib/python3.12/site-packages/airflow/example_dags/example_complex.py
[2024-12-03T00:12:11.494+0000] {processor.py:925} INFO - DAG(s) 'example_complex' retrieved from /home/airflow/.local/lib/python3.12/site-packages/airflow/example_dags/example_complex.py
[2024-12-03T00:12:11.508+0000] {logging_mixin.py:190} INFO - [2024-12-03T00:12:11.508+0000] {dag.py:3239} INFO - Sync 1 DAGs
[2024-12-03T00:12:11.514+0000] {logging_mixin.py:190} INFO - [2024-12-03T00:12:11.514+0000] {dag.py:4180} INFO - Setting next_dagrun for example_complex to None, run_after=None
[2024-12-03T00:12:11.522+0000] {processor.py:208} INFO - Processing /home/airflow/.local/lib/python3.12/site-packages/airflow/example_dags/example_complex.py took 0.037 seconds
[2024-12-03T00:12:42.688+0000] {processor.py:186} INFO - Started process (PID=4614) to work on /home/airflow/.local/lib/python3.12/site-packages/airflow/example_dags/example_complex.py
[2024-12-03T00:12:42.689+0000] {processor.py:914} INFO - Processing file /home/airflow/.local/lib/python3.12/site-packages/airflow/example_dags/example_complex.py for tasks to queue
[2024-12-03T00:12:42.690+0000] {logging_mixin.py:190} INFO - [2024-12-03T00:12:42.690+0000] {dagbag.py:588} INFO - Filling up the DagBag from /home/airflow/.local/lib/python3.12/site-packages/airflow/example_dags/example_complex.py
[2024-12-03T00:12:42.695+0000] {processor.py:925} INFO - DAG(s) 'example_complex' retrieved from /home/airflow/.local/lib/python3.12/site-packages/airflow/example_dags/example_complex.py
[2024-12-03T00:12:42.707+0000] {logging_mixin.py:190} INFO - [2024-12-03T00:12:42.707+0000] {dag.py:3239} INFO - Sync 1 DAGs
[2024-12-03T00:12:42.712+0000] {logging_mixin.py:190} INFO - [2024-12-03T00:12:42.712+0000] {dag.py:4180} INFO - Setting next_dagrun for example_complex to None, run_after=None
[2024-12-03T00:12:42.719+0000] {processor.py:208} INFO - Processing /home/airflow/.local/lib/python3.12/site-packages/airflow/example_dags/example_complex.py took 0.034 seconds
[2024-12-03T00:13:13.067+0000] {processor.py:186} INFO - Started process (PID=4680) to work on /home/airflow/.local/lib/python3.12/site-packages/airflow/example_dags/example_complex.py
[2024-12-03T00:13:13.069+0000] {processor.py:914} INFO - Processing file /home/airflow/.local/lib/python3.12/site-packages/airflow/example_dags/example_complex.py for tasks to queue
[2024-12-03T00:13:13.070+0000] {logging_mixin.py:190} INFO - [2024-12-03T00:13:13.070+0000] {dagbag.py:588} INFO - Filling up the DagBag from /home/airflow/.local/lib/python3.12/site-packages/airflow/example_dags/example_complex.py
[2024-12-03T00:13:13.075+0000] {processor.py:925} INFO - DAG(s) 'example_complex' retrieved from /home/airflow/.local/lib/python3.12/site-packages/airflow/example_dags/example_complex.py
[2024-12-03T00:13:13.086+0000] {logging_mixin.py:190} INFO - [2024-12-03T00:13:13.086+0000] {dag.py:3239} INFO - Sync 1 DAGs
[2024-12-03T00:13:13.092+0000] {logging_mixin.py:190} INFO - [2024-12-03T00:13:13.092+0000] {dag.py:4180} INFO - Setting next_dagrun for example_complex to None, run_after=None
[2024-12-03T00:13:13.098+0000] {processor.py:208} INFO - Processing /home/airflow/.local/lib/python3.12/site-packages/airflow/example_dags/example_complex.py took 0.034 seconds
[2024-12-03T00:13:44.287+0000] {processor.py:186} INFO - Started process (PID=4746) to work on /home/airflow/.local/lib/python3.12/site-packages/airflow/example_dags/example_complex.py
[2024-12-03T00:13:44.288+0000] {processor.py:914} INFO - Processing file /home/airflow/.local/lib/python3.12/site-packages/airflow/example_dags/example_complex.py for tasks to queue
[2024-12-03T00:13:44.289+0000] {logging_mixin.py:190} INFO - [2024-12-03T00:13:44.289+0000] {dagbag.py:588} INFO - Filling up the DagBag from /home/airflow/.local/lib/python3.12/site-packages/airflow/example_dags/example_complex.py
[2024-12-03T00:13:44.294+0000] {processor.py:925} INFO - DAG(s) 'example_complex' retrieved from /home/airflow/.local/lib/python3.12/site-packages/airflow/example_dags/example_complex.py
[2024-12-03T00:13:44.306+0000] {logging_mixin.py:190} INFO - [2024-12-03T00:13:44.306+0000] {dag.py:3239} INFO - Sync 1 DAGs
[2024-12-03T00:13:44.312+0000] {logging_mixin.py:190} INFO - [2024-12-03T00:13:44.312+0000] {dag.py:4180} INFO - Setting next_dagrun for example_complex to None, run_after=None
[2024-12-03T00:13:44.318+0000] {processor.py:208} INFO - Processing /home/airflow/.local/lib/python3.12/site-packages/airflow/example_dags/example_complex.py took 0.033 seconds
[2024-12-03T00:14:14.673+0000] {processor.py:186} INFO - Started process (PID=4812) to work on /home/airflow/.local/lib/python3.12/site-packages/airflow/example_dags/example_complex.py
[2024-12-03T00:14:14.674+0000] {processor.py:914} INFO - Processing file /home/airflow/.local/lib/python3.12/site-packages/airflow/example_dags/example_complex.py for tasks to queue
[2024-12-03T00:14:14.675+0000] {logging_mixin.py:190} INFO - [2024-12-03T00:14:14.675+0000] {dagbag.py:588} INFO - Filling up the DagBag from /home/airflow/.local/lib/python3.12/site-packages/airflow/example_dags/example_complex.py
[2024-12-03T00:14:14.680+0000] {processor.py:925} INFO - DAG(s) 'example_complex' retrieved from /home/airflow/.local/lib/python3.12/site-packages/airflow/example_dags/example_complex.py
[2024-12-03T00:14:14.693+0000] {logging_mixin.py:190} INFO - [2024-12-03T00:14:14.693+0000] {dag.py:3239} INFO - Sync 1 DAGs
[2024-12-03T00:14:14.699+0000] {logging_mixin.py:190} INFO - [2024-12-03T00:14:14.699+0000] {dag.py:4180} INFO - Setting next_dagrun for example_complex to None, run_after=None
[2024-12-03T00:14:14.706+0000] {processor.py:208} INFO - Processing /home/airflow/.local/lib/python3.12/site-packages/airflow/example_dags/example_complex.py took 0.035 seconds
[2024-12-03T00:14:45.023+0000] {processor.py:186} INFO - Started process (PID=4878) to work on /home/airflow/.local/lib/python3.12/site-packages/airflow/example_dags/example_complex.py
[2024-12-03T00:14:45.024+0000] {processor.py:914} INFO - Processing file /home/airflow/.local/lib/python3.12/site-packages/airflow/example_dags/example_complex.py for tasks to queue
[2024-12-03T00:14:45.025+0000] {logging_mixin.py:190} INFO - [2024-12-03T00:14:45.025+0000] {dagbag.py:588} INFO - Filling up the DagBag from /home/airflow/.local/lib/python3.12/site-packages/airflow/example_dags/example_complex.py
[2024-12-03T00:14:45.029+0000] {processor.py:925} INFO - DAG(s) 'example_complex' retrieved from /home/airflow/.local/lib/python3.12/site-packages/airflow/example_dags/example_complex.py
[2024-12-03T00:14:45.040+0000] {logging_mixin.py:190} INFO - [2024-12-03T00:14:45.040+0000] {dag.py:3239} INFO - Sync 1 DAGs
[2024-12-03T00:14:45.046+0000] {logging_mixin.py:190} INFO - [2024-12-03T00:14:45.045+0000] {dag.py:4180} INFO - Setting next_dagrun for example_complex to None, run_after=None
[2024-12-03T00:14:45.053+0000] {processor.py:208} INFO - Processing /home/airflow/.local/lib/python3.12/site-packages/airflow/example_dags/example_complex.py took 0.032 seconds
[2024-12-03T00:15:15.520+0000] {processor.py:186} INFO - Started process (PID=4944) to work on /home/airflow/.local/lib/python3.12/site-packages/airflow/example_dags/example_complex.py
[2024-12-03T00:15:15.521+0000] {processor.py:914} INFO - Processing file /home/airflow/.local/lib/python3.12/site-packages/airflow/example_dags/example_complex.py for tasks to queue
[2024-12-03T00:15:15.522+0000] {logging_mixin.py:190} INFO - [2024-12-03T00:15:15.522+0000] {dagbag.py:588} INFO - Filling up the DagBag from /home/airflow/.local/lib/python3.12/site-packages/airflow/example_dags/example_complex.py
[2024-12-03T00:15:15.527+0000] {processor.py:925} INFO - DAG(s) 'example_complex' retrieved from /home/airflow/.local/lib/python3.12/site-packages/airflow/example_dags/example_complex.py
[2024-12-03T00:15:15.543+0000] {logging_mixin.py:190} INFO - [2024-12-03T00:15:15.543+0000] {dag.py:3239} INFO - Sync 1 DAGs
[2024-12-03T00:15:15.549+0000] {logging_mixin.py:190} INFO - [2024-12-03T00:15:15.549+0000] {dag.py:4180} INFO - Setting next_dagrun for example_complex to None, run_after=None
[2024-12-03T00:15:15.558+0000] {processor.py:208} INFO - Processing /home/airflow/.local/lib/python3.12/site-packages/airflow/example_dags/example_complex.py took 0.040 seconds
[2024-12-03T00:15:46.164+0000] {processor.py:186} INFO - Started process (PID=5010) to work on /home/airflow/.local/lib/python3.12/site-packages/airflow/example_dags/example_complex.py
[2024-12-03T00:15:46.164+0000] {processor.py:914} INFO - Processing file /home/airflow/.local/lib/python3.12/site-packages/airflow/example_dags/example_complex.py for tasks to queue
[2024-12-03T00:15:46.165+0000] {logging_mixin.py:190} INFO - [2024-12-03T00:15:46.165+0000] {dagbag.py:588} INFO - Filling up the DagBag from /home/airflow/.local/lib/python3.12/site-packages/airflow/example_dags/example_complex.py
[2024-12-03T00:15:46.170+0000] {processor.py:925} INFO - DAG(s) 'example_complex' retrieved from /home/airflow/.local/lib/python3.12/site-packages/airflow/example_dags/example_complex.py
[2024-12-03T00:15:46.183+0000] {logging_mixin.py:190} INFO - [2024-12-03T00:15:46.183+0000] {dag.py:3239} INFO - Sync 1 DAGs
[2024-12-03T00:15:46.192+0000] {logging_mixin.py:190} INFO - [2024-12-03T00:15:46.192+0000] {dag.py:4180} INFO - Setting next_dagrun for example_complex to None, run_after=None
[2024-12-03T00:15:46.200+0000] {processor.py:208} INFO - Processing /home/airflow/.local/lib/python3.12/site-packages/airflow/example_dags/example_complex.py took 0.039 seconds
[2024-12-03T00:16:16.475+0000] {processor.py:186} INFO - Started process (PID=5077) to work on /home/airflow/.local/lib/python3.12/site-packages/airflow/example_dags/example_complex.py
[2024-12-03T00:16:16.475+0000] {processor.py:914} INFO - Processing file /home/airflow/.local/lib/python3.12/site-packages/airflow/example_dags/example_complex.py for tasks to queue
[2024-12-03T00:16:16.476+0000] {logging_mixin.py:190} INFO - [2024-12-03T00:16:16.476+0000] {dagbag.py:588} INFO - Filling up the DagBag from /home/airflow/.local/lib/python3.12/site-packages/airflow/example_dags/example_complex.py
[2024-12-03T00:16:16.481+0000] {processor.py:925} INFO - DAG(s) 'example_complex' retrieved from /home/airflow/.local/lib/python3.12/site-packages/airflow/example_dags/example_complex.py
[2024-12-03T00:16:16.495+0000] {logging_mixin.py:190} INFO - [2024-12-03T00:16:16.495+0000] {dag.py:3239} INFO - Sync 1 DAGs
[2024-12-03T00:16:16.500+0000] {logging_mixin.py:190} INFO - [2024-12-03T00:16:16.500+0000] {dag.py:4180} INFO - Setting next_dagrun for example_complex to None, run_after=None
[2024-12-03T00:16:16.507+0000] {processor.py:208} INFO - Processing /home/airflow/.local/lib/python3.12/site-packages/airflow/example_dags/example_complex.py took 0.035 seconds
[2024-12-03T00:16:47.015+0000] {processor.py:186} INFO - Started process (PID=5144) to work on /home/airflow/.local/lib/python3.12/site-packages/airflow/example_dags/example_complex.py
[2024-12-03T00:16:47.015+0000] {processor.py:914} INFO - Processing file /home/airflow/.local/lib/python3.12/site-packages/airflow/example_dags/example_complex.py for tasks to queue
[2024-12-03T00:16:47.016+0000] {logging_mixin.py:190} INFO - [2024-12-03T00:16:47.016+0000] {dagbag.py:588} INFO - Filling up the DagBag from /home/airflow/.local/lib/python3.12/site-packages/airflow/example_dags/example_complex.py
[2024-12-03T00:16:47.021+0000] {processor.py:925} INFO - DAG(s) 'example_complex' retrieved from /home/airflow/.local/lib/python3.12/site-packages/airflow/example_dags/example_complex.py
[2024-12-03T00:16:47.035+0000] {logging_mixin.py:190} INFO - [2024-12-03T00:16:47.035+0000] {dag.py:3239} INFO - Sync 1 DAGs
[2024-12-03T00:16:47.040+0000] {logging_mixin.py:190} INFO - [2024-12-03T00:16:47.040+0000] {dag.py:4180} INFO - Setting next_dagrun for example_complex to None, run_after=None
[2024-12-03T00:16:47.046+0000] {processor.py:208} INFO - Processing /home/airflow/.local/lib/python3.12/site-packages/airflow/example_dags/example_complex.py took 0.034 seconds
[2024-12-03T00:17:17.418+0000] {processor.py:186} INFO - Started process (PID=5210) to work on /home/airflow/.local/lib/python3.12/site-packages/airflow/example_dags/example_complex.py
[2024-12-03T00:17:17.418+0000] {processor.py:914} INFO - Processing file /home/airflow/.local/lib/python3.12/site-packages/airflow/example_dags/example_complex.py for tasks to queue
[2024-12-03T00:17:17.419+0000] {logging_mixin.py:190} INFO - [2024-12-03T00:17:17.419+0000] {dagbag.py:588} INFO - Filling up the DagBag from /home/airflow/.local/lib/python3.12/site-packages/airflow/example_dags/example_complex.py
[2024-12-03T00:17:17.424+0000] {processor.py:925} INFO - DAG(s) 'example_complex' retrieved from /home/airflow/.local/lib/python3.12/site-packages/airflow/example_dags/example_complex.py
[2024-12-03T00:17:17.436+0000] {logging_mixin.py:190} INFO - [2024-12-03T00:17:17.436+0000] {dag.py:3239} INFO - Sync 1 DAGs
[2024-12-03T00:17:17.447+0000] {logging_mixin.py:190} INFO - [2024-12-03T00:17:17.447+0000] {dag.py:4180} INFO - Setting next_dagrun for example_complex to None, run_after=None
[2024-12-03T00:17:17.457+0000] {processor.py:208} INFO - Processing /home/airflow/.local/lib/python3.12/site-packages/airflow/example_dags/example_complex.py took 0.042 seconds
[2024-12-03T00:17:47.804+0000] {processor.py:186} INFO - Started process (PID=5276) to work on /home/airflow/.local/lib/python3.12/site-packages/airflow/example_dags/example_complex.py
[2024-12-03T00:17:47.805+0000] {processor.py:914} INFO - Processing file /home/airflow/.local/lib/python3.12/site-packages/airflow/example_dags/example_complex.py for tasks to queue
[2024-12-03T00:17:47.806+0000] {logging_mixin.py:190} INFO - [2024-12-03T00:17:47.806+0000] {dagbag.py:588} INFO - Filling up the DagBag from /home/airflow/.local/lib/python3.12/site-packages/airflow/example_dags/example_complex.py
[2024-12-03T00:17:47.811+0000] {processor.py:925} INFO - DAG(s) 'example_complex' retrieved from /home/airflow/.local/lib/python3.12/site-packages/airflow/example_dags/example_complex.py
[2024-12-03T00:17:47.822+0000] {logging_mixin.py:190} INFO - [2024-12-03T00:17:47.822+0000] {dag.py:3239} INFO - Sync 1 DAGs
[2024-12-03T00:17:47.827+0000] {logging_mixin.py:190} INFO - [2024-12-03T00:17:47.827+0000] {dag.py:4180} INFO - Setting next_dagrun for example_complex to None, run_after=None
[2024-12-03T00:17:47.837+0000] {processor.py:208} INFO - Processing /home/airflow/.local/lib/python3.12/site-packages/airflow/example_dags/example_complex.py took 0.035 seconds
[2024-12-03T00:18:17.939+0000] {processor.py:186} INFO - Started process (PID=5342) to work on /home/airflow/.local/lib/python3.12/site-packages/airflow/example_dags/example_complex.py
[2024-12-03T00:18:17.939+0000] {processor.py:914} INFO - Processing file /home/airflow/.local/lib/python3.12/site-packages/airflow/example_dags/example_complex.py for tasks to queue
[2024-12-03T00:18:17.940+0000] {logging_mixin.py:190} INFO - [2024-12-03T00:18:17.940+0000] {dagbag.py:588} INFO - Filling up the DagBag from /home/airflow/.local/lib/python3.12/site-packages/airflow/example_dags/example_complex.py
[2024-12-03T00:18:17.945+0000] {processor.py:925} INFO - DAG(s) 'example_complex' retrieved from /home/airflow/.local/lib/python3.12/site-packages/airflow/example_dags/example_complex.py
[2024-12-03T00:18:17.957+0000] {logging_mixin.py:190} INFO - [2024-12-03T00:18:17.957+0000] {dag.py:3239} INFO - Sync 1 DAGs
[2024-12-03T00:18:17.962+0000] {logging_mixin.py:190} INFO - [2024-12-03T00:18:17.962+0000] {dag.py:4180} INFO - Setting next_dagrun for example_complex to None, run_after=None
[2024-12-03T00:18:17.976+0000] {processor.py:208} INFO - Processing /home/airflow/.local/lib/python3.12/site-packages/airflow/example_dags/example_complex.py took 0.039 seconds
[2024-12-03T00:18:48.090+0000] {processor.py:186} INFO - Started process (PID=5407) to work on /home/airflow/.local/lib/python3.12/site-packages/airflow/example_dags/example_complex.py
[2024-12-03T00:18:48.093+0000] {processor.py:914} INFO - Processing file /home/airflow/.local/lib/python3.12/site-packages/airflow/example_dags/example_complex.py for tasks to queue
[2024-12-03T00:18:48.094+0000] {logging_mixin.py:190} INFO - [2024-12-03T00:18:48.094+0000] {dagbag.py:588} INFO - Filling up the DagBag from /home/airflow/.local/lib/python3.12/site-packages/airflow/example_dags/example_complex.py
[2024-12-03T00:18:48.101+0000] {processor.py:925} INFO - DAG(s) 'example_complex' retrieved from /home/airflow/.local/lib/python3.12/site-packages/airflow/example_dags/example_complex.py
[2024-12-03T00:18:48.113+0000] {logging_mixin.py:190} INFO - [2024-12-03T00:18:48.113+0000] {dag.py:3239} INFO - Sync 1 DAGs
[2024-12-03T00:18:48.119+0000] {logging_mixin.py:190} INFO - [2024-12-03T00:18:48.119+0000] {dag.py:4180} INFO - Setting next_dagrun for example_complex to None, run_after=None
[2024-12-03T00:18:48.126+0000] {processor.py:208} INFO - Processing /home/airflow/.local/lib/python3.12/site-packages/airflow/example_dags/example_complex.py took 0.039 seconds
[2024-12-03T00:19:18.290+0000] {processor.py:186} INFO - Started process (PID=5473) to work on /home/airflow/.local/lib/python3.12/site-packages/airflow/example_dags/example_complex.py
[2024-12-03T00:19:18.290+0000] {processor.py:914} INFO - Processing file /home/airflow/.local/lib/python3.12/site-packages/airflow/example_dags/example_complex.py for tasks to queue
[2024-12-03T00:19:18.293+0000] {logging_mixin.py:190} INFO - [2024-12-03T00:19:18.293+0000] {dagbag.py:588} INFO - Filling up the DagBag from /home/airflow/.local/lib/python3.12/site-packages/airflow/example_dags/example_complex.py
[2024-12-03T00:19:18.298+0000] {processor.py:925} INFO - DAG(s) 'example_complex' retrieved from /home/airflow/.local/lib/python3.12/site-packages/airflow/example_dags/example_complex.py
[2024-12-03T00:19:18.309+0000] {logging_mixin.py:190} INFO - [2024-12-03T00:19:18.309+0000] {dag.py:3239} INFO - Sync 1 DAGs
[2024-12-03T00:19:18.314+0000] {logging_mixin.py:190} INFO - [2024-12-03T00:19:18.314+0000] {dag.py:4180} INFO - Setting next_dagrun for example_complex to None, run_after=None
[2024-12-03T00:19:18.320+0000] {processor.py:208} INFO - Processing /home/airflow/.local/lib/python3.12/site-packages/airflow/example_dags/example_complex.py took 0.032 seconds
[2024-12-03T00:19:48.484+0000] {processor.py:186} INFO - Started process (PID=5538) to work on /home/airflow/.local/lib/python3.12/site-packages/airflow/example_dags/example_complex.py
[2024-12-03T00:19:48.485+0000] {processor.py:914} INFO - Processing file /home/airflow/.local/lib/python3.12/site-packages/airflow/example_dags/example_complex.py for tasks to queue
[2024-12-03T00:19:48.486+0000] {logging_mixin.py:190} INFO - [2024-12-03T00:19:48.486+0000] {dagbag.py:588} INFO - Filling up the DagBag from /home/airflow/.local/lib/python3.12/site-packages/airflow/example_dags/example_complex.py
[2024-12-03T00:19:48.491+0000] {processor.py:925} INFO - DAG(s) 'example_complex' retrieved from /home/airflow/.local/lib/python3.12/site-packages/airflow/example_dags/example_complex.py
[2024-12-03T00:19:48.504+0000] {logging_mixin.py:190} INFO - [2024-12-03T00:19:48.504+0000] {dag.py:3239} INFO - Sync 1 DAGs
[2024-12-03T00:19:48.510+0000] {logging_mixin.py:190} INFO - [2024-12-03T00:19:48.510+0000] {dag.py:4180} INFO - Setting next_dagrun for example_complex to None, run_after=None
[2024-12-03T00:19:48.517+0000] {processor.py:208} INFO - Processing /home/airflow/.local/lib/python3.12/site-packages/airflow/example_dags/example_complex.py took 0.035 seconds
[2024-12-03T00:20:18.787+0000] {processor.py:186} INFO - Started process (PID=5604) to work on /home/airflow/.local/lib/python3.12/site-packages/airflow/example_dags/example_complex.py
[2024-12-03T00:20:18.788+0000] {processor.py:914} INFO - Processing file /home/airflow/.local/lib/python3.12/site-packages/airflow/example_dags/example_complex.py for tasks to queue
[2024-12-03T00:20:18.789+0000] {logging_mixin.py:190} INFO - [2024-12-03T00:20:18.789+0000] {dagbag.py:588} INFO - Filling up the DagBag from /home/airflow/.local/lib/python3.12/site-packages/airflow/example_dags/example_complex.py
[2024-12-03T00:20:18.793+0000] {processor.py:925} INFO - DAG(s) 'example_complex' retrieved from /home/airflow/.local/lib/python3.12/site-packages/airflow/example_dags/example_complex.py
[2024-12-03T00:20:18.806+0000] {logging_mixin.py:190} INFO - [2024-12-03T00:20:18.806+0000] {dag.py:3239} INFO - Sync 1 DAGs
[2024-12-03T00:20:18.812+0000] {logging_mixin.py:190} INFO - [2024-12-03T00:20:18.812+0000] {dag.py:4180} INFO - Setting next_dagrun for example_complex to None, run_after=None
[2024-12-03T00:20:18.819+0000] {processor.py:208} INFO - Processing /home/airflow/.local/lib/python3.12/site-packages/airflow/example_dags/example_complex.py took 0.035 seconds
[2024-12-03T00:20:49.127+0000] {processor.py:186} INFO - Started process (PID=5670) to work on /home/airflow/.local/lib/python3.12/site-packages/airflow/example_dags/example_complex.py
[2024-12-03T00:20:49.128+0000] {processor.py:914} INFO - Processing file /home/airflow/.local/lib/python3.12/site-packages/airflow/example_dags/example_complex.py for tasks to queue
[2024-12-03T00:20:49.129+0000] {logging_mixin.py:190} INFO - [2024-12-03T00:20:49.129+0000] {dagbag.py:588} INFO - Filling up the DagBag from /home/airflow/.local/lib/python3.12/site-packages/airflow/example_dags/example_complex.py
[2024-12-03T00:20:49.133+0000] {processor.py:925} INFO - DAG(s) 'example_complex' retrieved from /home/airflow/.local/lib/python3.12/site-packages/airflow/example_dags/example_complex.py
[2024-12-03T00:20:49.147+0000] {logging_mixin.py:190} INFO - [2024-12-03T00:20:49.146+0000] {dag.py:3239} INFO - Sync 1 DAGs
[2024-12-03T00:20:49.152+0000] {logging_mixin.py:190} INFO - [2024-12-03T00:20:49.152+0000] {dag.py:4180} INFO - Setting next_dagrun for example_complex to None, run_after=None
[2024-12-03T00:20:49.159+0000] {processor.py:208} INFO - Processing /home/airflow/.local/lib/python3.12/site-packages/airflow/example_dags/example_complex.py took 0.034 seconds
[2024-12-03T00:21:19.511+0000] {processor.py:186} INFO - Started process (PID=5736) to work on /home/airflow/.local/lib/python3.12/site-packages/airflow/example_dags/example_complex.py
[2024-12-03T00:21:19.512+0000] {processor.py:914} INFO - Processing file /home/airflow/.local/lib/python3.12/site-packages/airflow/example_dags/example_complex.py for tasks to queue
[2024-12-03T00:21:19.514+0000] {logging_mixin.py:190} INFO - [2024-12-03T00:21:19.514+0000] {dagbag.py:588} INFO - Filling up the DagBag from /home/airflow/.local/lib/python3.12/site-packages/airflow/example_dags/example_complex.py
[2024-12-03T00:21:19.520+0000] {processor.py:925} INFO - DAG(s) 'example_complex' retrieved from /home/airflow/.local/lib/python3.12/site-packages/airflow/example_dags/example_complex.py
[2024-12-03T00:21:19.531+0000] {logging_mixin.py:190} INFO - [2024-12-03T00:21:19.531+0000] {dag.py:3239} INFO - Sync 1 DAGs
[2024-12-03T00:21:19.537+0000] {logging_mixin.py:190} INFO - [2024-12-03T00:21:19.537+0000] {dag.py:4180} INFO - Setting next_dagrun for example_complex to None, run_after=None
[2024-12-03T00:21:19.545+0000] {processor.py:208} INFO - Processing /home/airflow/.local/lib/python3.12/site-packages/airflow/example_dags/example_complex.py took 0.036 seconds
[2024-12-03T00:21:49.842+0000] {processor.py:186} INFO - Started process (PID=5802) to work on /home/airflow/.local/lib/python3.12/site-packages/airflow/example_dags/example_complex.py
[2024-12-03T00:21:49.842+0000] {processor.py:914} INFO - Processing file /home/airflow/.local/lib/python3.12/site-packages/airflow/example_dags/example_complex.py for tasks to queue
[2024-12-03T00:21:49.843+0000] {logging_mixin.py:190} INFO - [2024-12-03T00:21:49.843+0000] {dagbag.py:588} INFO - Filling up the DagBag from /home/airflow/.local/lib/python3.12/site-packages/airflow/example_dags/example_complex.py
[2024-12-03T00:21:49.847+0000] {processor.py:925} INFO - DAG(s) 'example_complex' retrieved from /home/airflow/.local/lib/python3.12/site-packages/airflow/example_dags/example_complex.py
[2024-12-03T00:21:49.860+0000] {logging_mixin.py:190} INFO - [2024-12-03T00:21:49.860+0000] {dag.py:3239} INFO - Sync 1 DAGs
[2024-12-03T00:21:49.867+0000] {logging_mixin.py:190} INFO - [2024-12-03T00:21:49.867+0000] {dag.py:4180} INFO - Setting next_dagrun for example_complex to None, run_after=None
[2024-12-03T00:21:49.876+0000] {processor.py:208} INFO - Processing /home/airflow/.local/lib/python3.12/site-packages/airflow/example_dags/example_complex.py took 0.037 seconds
[2024-12-03T00:22:20.311+0000] {processor.py:186} INFO - Started process (PID=5869) to work on /home/airflow/.local/lib/python3.12/site-packages/airflow/example_dags/example_complex.py
[2024-12-03T00:22:20.311+0000] {processor.py:914} INFO - Processing file /home/airflow/.local/lib/python3.12/site-packages/airflow/example_dags/example_complex.py for tasks to queue
[2024-12-03T00:22:20.312+0000] {logging_mixin.py:190} INFO - [2024-12-03T00:22:20.312+0000] {dagbag.py:588} INFO - Filling up the DagBag from /home/airflow/.local/lib/python3.12/site-packages/airflow/example_dags/example_complex.py
[2024-12-03T00:22:20.317+0000] {processor.py:925} INFO - DAG(s) 'example_complex' retrieved from /home/airflow/.local/lib/python3.12/site-packages/airflow/example_dags/example_complex.py
[2024-12-03T00:22:20.332+0000] {logging_mixin.py:190} INFO - [2024-12-03T00:22:20.332+0000] {dag.py:3239} INFO - Sync 1 DAGs
[2024-12-03T00:22:20.337+0000] {logging_mixin.py:190} INFO - [2024-12-03T00:22:20.337+0000] {dag.py:4180} INFO - Setting next_dagrun for example_complex to None, run_after=None
[2024-12-03T00:22:20.343+0000] {processor.py:208} INFO - Processing /home/airflow/.local/lib/python3.12/site-packages/airflow/example_dags/example_complex.py took 0.035 seconds
[2024-12-03T00:22:50.804+0000] {processor.py:186} INFO - Started process (PID=5935) to work on /home/airflow/.local/lib/python3.12/site-packages/airflow/example_dags/example_complex.py
[2024-12-03T00:22:50.805+0000] {processor.py:914} INFO - Processing file /home/airflow/.local/lib/python3.12/site-packages/airflow/example_dags/example_complex.py for tasks to queue
[2024-12-03T00:22:50.808+0000] {logging_mixin.py:190} INFO - [2024-12-03T00:22:50.808+0000] {dagbag.py:588} INFO - Filling up the DagBag from /home/airflow/.local/lib/python3.12/site-packages/airflow/example_dags/example_complex.py
[2024-12-03T00:22:50.813+0000] {processor.py:925} INFO - DAG(s) 'example_complex' retrieved from /home/airflow/.local/lib/python3.12/site-packages/airflow/example_dags/example_complex.py
[2024-12-03T00:22:50.826+0000] {logging_mixin.py:190} INFO - [2024-12-03T00:22:50.825+0000] {dag.py:3239} INFO - Sync 1 DAGs
[2024-12-03T00:22:50.833+0000] {logging_mixin.py:190} INFO - [2024-12-03T00:22:50.832+0000] {dag.py:4180} INFO - Setting next_dagrun for example_complex to None, run_after=None
[2024-12-03T00:22:50.839+0000] {processor.py:208} INFO - Processing /home/airflow/.local/lib/python3.12/site-packages/airflow/example_dags/example_complex.py took 0.038 seconds
[2024-12-03T00:23:21.148+0000] {processor.py:186} INFO - Started process (PID=6001) to work on /home/airflow/.local/lib/python3.12/site-packages/airflow/example_dags/example_complex.py
[2024-12-03T00:23:21.149+0000] {processor.py:914} INFO - Processing file /home/airflow/.local/lib/python3.12/site-packages/airflow/example_dags/example_complex.py for tasks to queue
[2024-12-03T00:23:21.150+0000] {logging_mixin.py:190} INFO - [2024-12-03T00:23:21.150+0000] {dagbag.py:588} INFO - Filling up the DagBag from /home/airflow/.local/lib/python3.12/site-packages/airflow/example_dags/example_complex.py
[2024-12-03T00:23:21.154+0000] {processor.py:925} INFO - DAG(s) 'example_complex' retrieved from /home/airflow/.local/lib/python3.12/site-packages/airflow/example_dags/example_complex.py
[2024-12-03T00:23:21.168+0000] {logging_mixin.py:190} INFO - [2024-12-03T00:23:21.168+0000] {dag.py:3239} INFO - Sync 1 DAGs
[2024-12-03T00:23:21.173+0000] {logging_mixin.py:190} INFO - [2024-12-03T00:23:21.173+0000] {dag.py:4180} INFO - Setting next_dagrun for example_complex to None, run_after=None
[2024-12-03T00:23:21.179+0000] {processor.py:208} INFO - Processing /home/airflow/.local/lib/python3.12/site-packages/airflow/example_dags/example_complex.py took 0.033 seconds
[2024-12-03T00:23:51.336+0000] {processor.py:186} INFO - Started process (PID=6067) to work on /home/airflow/.local/lib/python3.12/site-packages/airflow/example_dags/example_complex.py
[2024-12-03T00:23:51.336+0000] {processor.py:914} INFO - Processing file /home/airflow/.local/lib/python3.12/site-packages/airflow/example_dags/example_complex.py for tasks to queue
[2024-12-03T00:23:51.338+0000] {logging_mixin.py:190} INFO - [2024-12-03T00:23:51.337+0000] {dagbag.py:588} INFO - Filling up the DagBag from /home/airflow/.local/lib/python3.12/site-packages/airflow/example_dags/example_complex.py
[2024-12-03T00:23:51.343+0000] {processor.py:925} INFO - DAG(s) 'example_complex' retrieved from /home/airflow/.local/lib/python3.12/site-packages/airflow/example_dags/example_complex.py
[2024-12-03T00:23:51.354+0000] {logging_mixin.py:190} INFO - [2024-12-03T00:23:51.354+0000] {dag.py:3239} INFO - Sync 1 DAGs
[2024-12-03T00:23:51.360+0000] {logging_mixin.py:190} INFO - [2024-12-03T00:23:51.360+0000] {dag.py:4180} INFO - Setting next_dagrun for example_complex to None, run_after=None
[2024-12-03T00:23:51.366+0000] {processor.py:208} INFO - Processing /home/airflow/.local/lib/python3.12/site-packages/airflow/example_dags/example_complex.py took 0.033 seconds
[2024-12-03T00:24:21.640+0000] {processor.py:186} INFO - Started process (PID=6132) to work on /home/airflow/.local/lib/python3.12/site-packages/airflow/example_dags/example_complex.py
[2024-12-03T00:24:21.641+0000] {processor.py:914} INFO - Processing file /home/airflow/.local/lib/python3.12/site-packages/airflow/example_dags/example_complex.py for tasks to queue
[2024-12-03T00:24:21.642+0000] {logging_mixin.py:190} INFO - [2024-12-03T00:24:21.642+0000] {dagbag.py:588} INFO - Filling up the DagBag from /home/airflow/.local/lib/python3.12/site-packages/airflow/example_dags/example_complex.py
[2024-12-03T00:24:21.647+0000] {processor.py:925} INFO - DAG(s) 'example_complex' retrieved from /home/airflow/.local/lib/python3.12/site-packages/airflow/example_dags/example_complex.py
[2024-12-03T00:24:21.659+0000] {logging_mixin.py:190} INFO - [2024-12-03T00:24:21.659+0000] {dag.py:3239} INFO - Sync 1 DAGs
[2024-12-03T00:24:21.665+0000] {logging_mixin.py:190} INFO - [2024-12-03T00:24:21.665+0000] {dag.py:4180} INFO - Setting next_dagrun for example_complex to None, run_after=None
[2024-12-03T00:24:21.675+0000] {processor.py:208} INFO - Processing /home/airflow/.local/lib/python3.12/site-packages/airflow/example_dags/example_complex.py took 0.037 seconds
[2024-12-03T00:24:51.970+0000] {processor.py:186} INFO - Started process (PID=6198) to work on /home/airflow/.local/lib/python3.12/site-packages/airflow/example_dags/example_complex.py
[2024-12-03T00:24:51.973+0000] {processor.py:914} INFO - Processing file /home/airflow/.local/lib/python3.12/site-packages/airflow/example_dags/example_complex.py for tasks to queue
[2024-12-03T00:24:51.974+0000] {logging_mixin.py:190} INFO - [2024-12-03T00:24:51.974+0000] {dagbag.py:588} INFO - Filling up the DagBag from /home/airflow/.local/lib/python3.12/site-packages/airflow/example_dags/example_complex.py
[2024-12-03T00:24:51.979+0000] {processor.py:925} INFO - DAG(s) 'example_complex' retrieved from /home/airflow/.local/lib/python3.12/site-packages/airflow/example_dags/example_complex.py
[2024-12-03T00:24:51.991+0000] {logging_mixin.py:190} INFO - [2024-12-03T00:24:51.991+0000] {dag.py:3239} INFO - Sync 1 DAGs
[2024-12-03T00:24:51.996+0000] {logging_mixin.py:190} INFO - [2024-12-03T00:24:51.996+0000] {dag.py:4180} INFO - Setting next_dagrun for example_complex to None, run_after=None
[2024-12-03T00:24:52.004+0000] {processor.py:208} INFO - Processing /home/airflow/.local/lib/python3.12/site-packages/airflow/example_dags/example_complex.py took 0.037 seconds
[2024-12-03T00:25:22.303+0000] {processor.py:186} INFO - Started process (PID=6264) to work on /home/airflow/.local/lib/python3.12/site-packages/airflow/example_dags/example_complex.py
[2024-12-03T00:25:22.306+0000] {processor.py:914} INFO - Processing file /home/airflow/.local/lib/python3.12/site-packages/airflow/example_dags/example_complex.py for tasks to queue
[2024-12-03T00:25:22.307+0000] {logging_mixin.py:190} INFO - [2024-12-03T00:25:22.307+0000] {dagbag.py:588} INFO - Filling up the DagBag from /home/airflow/.local/lib/python3.12/site-packages/airflow/example_dags/example_complex.py
[2024-12-03T00:25:22.312+0000] {processor.py:925} INFO - DAG(s) 'example_complex' retrieved from /home/airflow/.local/lib/python3.12/site-packages/airflow/example_dags/example_complex.py
[2024-12-03T00:25:22.324+0000] {logging_mixin.py:190} INFO - [2024-12-03T00:25:22.324+0000] {dag.py:3239} INFO - Sync 1 DAGs
[2024-12-03T00:25:22.330+0000] {logging_mixin.py:190} INFO - [2024-12-03T00:25:22.330+0000] {dag.py:4180} INFO - Setting next_dagrun for example_complex to None, run_after=None
[2024-12-03T00:25:22.338+0000] {processor.py:208} INFO - Processing /home/airflow/.local/lib/python3.12/site-packages/airflow/example_dags/example_complex.py took 0.037 seconds
[2024-12-03T00:25:52.573+0000] {processor.py:186} INFO - Started process (PID=6330) to work on /home/airflow/.local/lib/python3.12/site-packages/airflow/example_dags/example_complex.py
[2024-12-03T00:25:52.574+0000] {processor.py:914} INFO - Processing file /home/airflow/.local/lib/python3.12/site-packages/airflow/example_dags/example_complex.py for tasks to queue
[2024-12-03T00:25:52.575+0000] {logging_mixin.py:190} INFO - [2024-12-03T00:25:52.575+0000] {dagbag.py:588} INFO - Filling up the DagBag from /home/airflow/.local/lib/python3.12/site-packages/airflow/example_dags/example_complex.py
[2024-12-03T00:25:52.581+0000] {processor.py:925} INFO - DAG(s) 'example_complex' retrieved from /home/airflow/.local/lib/python3.12/site-packages/airflow/example_dags/example_complex.py
[2024-12-03T00:25:52.592+0000] {logging_mixin.py:190} INFO - [2024-12-03T00:25:52.592+0000] {dag.py:3239} INFO - Sync 1 DAGs
[2024-12-03T00:25:52.597+0000] {logging_mixin.py:190} INFO - [2024-12-03T00:25:52.597+0000] {dag.py:4180} INFO - Setting next_dagrun for example_complex to None, run_after=None
[2024-12-03T00:25:52.605+0000] {processor.py:208} INFO - Processing /home/airflow/.local/lib/python3.12/site-packages/airflow/example_dags/example_complex.py took 0.034 seconds
[2024-12-03T00:26:22.912+0000] {processor.py:186} INFO - Started process (PID=6396) to work on /home/airflow/.local/lib/python3.12/site-packages/airflow/example_dags/example_complex.py
[2024-12-03T00:26:22.913+0000] {processor.py:914} INFO - Processing file /home/airflow/.local/lib/python3.12/site-packages/airflow/example_dags/example_complex.py for tasks to queue
[2024-12-03T00:26:22.914+0000] {logging_mixin.py:190} INFO - [2024-12-03T00:26:22.914+0000] {dagbag.py:588} INFO - Filling up the DagBag from /home/airflow/.local/lib/python3.12/site-packages/airflow/example_dags/example_complex.py
[2024-12-03T00:26:22.918+0000] {processor.py:925} INFO - DAG(s) 'example_complex' retrieved from /home/airflow/.local/lib/python3.12/site-packages/airflow/example_dags/example_complex.py
[2024-12-03T00:26:22.935+0000] {logging_mixin.py:190} INFO - [2024-12-03T00:26:22.935+0000] {dag.py:3239} INFO - Sync 1 DAGs
[2024-12-03T00:26:22.940+0000] {logging_mixin.py:190} INFO - [2024-12-03T00:26:22.940+0000] {dag.py:4180} INFO - Setting next_dagrun for example_complex to None, run_after=None
[2024-12-03T00:26:22.946+0000] {processor.py:208} INFO - Processing /home/airflow/.local/lib/python3.12/site-packages/airflow/example_dags/example_complex.py took 0.037 seconds
[2024-12-03T00:26:53.247+0000] {processor.py:186} INFO - Started process (PID=6462) to work on /home/airflow/.local/lib/python3.12/site-packages/airflow/example_dags/example_complex.py
[2024-12-03T00:26:53.249+0000] {processor.py:914} INFO - Processing file /home/airflow/.local/lib/python3.12/site-packages/airflow/example_dags/example_complex.py for tasks to queue
[2024-12-03T00:26:53.250+0000] {logging_mixin.py:190} INFO - [2024-12-03T00:26:53.250+0000] {dagbag.py:588} INFO - Filling up the DagBag from /home/airflow/.local/lib/python3.12/site-packages/airflow/example_dags/example_complex.py
[2024-12-03T00:26:53.255+0000] {processor.py:925} INFO - DAG(s) 'example_complex' retrieved from /home/airflow/.local/lib/python3.12/site-packages/airflow/example_dags/example_complex.py
[2024-12-03T00:26:53.267+0000] {logging_mixin.py:190} INFO - [2024-12-03T00:26:53.267+0000] {dag.py:3239} INFO - Sync 1 DAGs
[2024-12-03T00:26:53.271+0000] {logging_mixin.py:190} INFO - [2024-12-03T00:26:53.271+0000] {dag.py:4180} INFO - Setting next_dagrun for example_complex to None, run_after=None
[2024-12-03T00:26:53.281+0000] {processor.py:208} INFO - Processing /home/airflow/.local/lib/python3.12/site-packages/airflow/example_dags/example_complex.py took 0.036 seconds
[2024-12-03T00:27:23.619+0000] {processor.py:186} INFO - Started process (PID=6528) to work on /home/airflow/.local/lib/python3.12/site-packages/airflow/example_dags/example_complex.py
[2024-12-03T00:27:23.620+0000] {processor.py:914} INFO - Processing file /home/airflow/.local/lib/python3.12/site-packages/airflow/example_dags/example_complex.py for tasks to queue
[2024-12-03T00:27:23.623+0000] {logging_mixin.py:190} INFO - [2024-12-03T00:27:23.623+0000] {dagbag.py:588} INFO - Filling up the DagBag from /home/airflow/.local/lib/python3.12/site-packages/airflow/example_dags/example_complex.py
[2024-12-03T00:27:23.630+0000] {processor.py:925} INFO - DAG(s) 'example_complex' retrieved from /home/airflow/.local/lib/python3.12/site-packages/airflow/example_dags/example_complex.py
[2024-12-03T00:27:23.652+0000] {logging_mixin.py:190} INFO - [2024-12-03T00:27:23.652+0000] {dag.py:3239} INFO - Sync 1 DAGs
[2024-12-03T00:27:23.659+0000] {logging_mixin.py:190} INFO - [2024-12-03T00:27:23.659+0000] {dag.py:4180} INFO - Setting next_dagrun for example_complex to None, run_after=None
[2024-12-03T00:27:23.670+0000] {processor.py:208} INFO - Processing /home/airflow/.local/lib/python3.12/site-packages/airflow/example_dags/example_complex.py took 0.055 seconds
[2024-12-03T00:27:54.163+0000] {processor.py:186} INFO - Started process (PID=6594) to work on /home/airflow/.local/lib/python3.12/site-packages/airflow/example_dags/example_complex.py
[2024-12-03T00:27:54.164+0000] {processor.py:914} INFO - Processing file /home/airflow/.local/lib/python3.12/site-packages/airflow/example_dags/example_complex.py for tasks to queue
[2024-12-03T00:27:54.165+0000] {logging_mixin.py:190} INFO - [2024-12-03T00:27:54.165+0000] {dagbag.py:588} INFO - Filling up the DagBag from /home/airflow/.local/lib/python3.12/site-packages/airflow/example_dags/example_complex.py
[2024-12-03T00:27:54.171+0000] {processor.py:925} INFO - DAG(s) 'example_complex' retrieved from /home/airflow/.local/lib/python3.12/site-packages/airflow/example_dags/example_complex.py
[2024-12-03T00:27:54.187+0000] {logging_mixin.py:190} INFO - [2024-12-03T00:27:54.187+0000] {dag.py:3239} INFO - Sync 1 DAGs
[2024-12-03T00:27:54.194+0000] {logging_mixin.py:190} INFO - [2024-12-03T00:27:54.194+0000] {dag.py:4180} INFO - Setting next_dagrun for example_complex to None, run_after=None
[2024-12-03T00:27:54.202+0000] {processor.py:208} INFO - Processing /home/airflow/.local/lib/python3.12/site-packages/airflow/example_dags/example_complex.py took 0.041 seconds
[2024-12-03T00:28:24.559+0000] {processor.py:186} INFO - Started process (PID=6660) to work on /home/airflow/.local/lib/python3.12/site-packages/airflow/example_dags/example_complex.py
[2024-12-03T00:28:24.560+0000] {processor.py:914} INFO - Processing file /home/airflow/.local/lib/python3.12/site-packages/airflow/example_dags/example_complex.py for tasks to queue
[2024-12-03T00:28:24.561+0000] {logging_mixin.py:190} INFO - [2024-12-03T00:28:24.561+0000] {dagbag.py:588} INFO - Filling up the DagBag from /home/airflow/.local/lib/python3.12/site-packages/airflow/example_dags/example_complex.py
[2024-12-03T00:28:24.566+0000] {processor.py:925} INFO - DAG(s) 'example_complex' retrieved from /home/airflow/.local/lib/python3.12/site-packages/airflow/example_dags/example_complex.py
[2024-12-03T00:28:24.578+0000] {logging_mixin.py:190} INFO - [2024-12-03T00:28:24.578+0000] {dag.py:3239} INFO - Sync 1 DAGs
[2024-12-03T00:28:24.583+0000] {logging_mixin.py:190} INFO - [2024-12-03T00:28:24.583+0000] {dag.py:4180} INFO - Setting next_dagrun for example_complex to None, run_after=None
[2024-12-03T00:28:24.592+0000] {processor.py:208} INFO - Processing /home/airflow/.local/lib/python3.12/site-packages/airflow/example_dags/example_complex.py took 0.035 seconds
[2024-12-03T00:28:54.907+0000] {processor.py:186} INFO - Started process (PID=6726) to work on /home/airflow/.local/lib/python3.12/site-packages/airflow/example_dags/example_complex.py
[2024-12-03T00:28:54.908+0000] {processor.py:914} INFO - Processing file /home/airflow/.local/lib/python3.12/site-packages/airflow/example_dags/example_complex.py for tasks to queue
[2024-12-03T00:28:54.909+0000] {logging_mixin.py:190} INFO - [2024-12-03T00:28:54.909+0000] {dagbag.py:588} INFO - Filling up the DagBag from /home/airflow/.local/lib/python3.12/site-packages/airflow/example_dags/example_complex.py
[2024-12-03T00:28:54.914+0000] {processor.py:925} INFO - DAG(s) 'example_complex' retrieved from /home/airflow/.local/lib/python3.12/site-packages/airflow/example_dags/example_complex.py
[2024-12-03T00:28:54.925+0000] {logging_mixin.py:190} INFO - [2024-12-03T00:28:54.925+0000] {dag.py:3239} INFO - Sync 1 DAGs
[2024-12-03T00:28:54.931+0000] {logging_mixin.py:190} INFO - [2024-12-03T00:28:54.931+0000] {dag.py:4180} INFO - Setting next_dagrun for example_complex to None, run_after=None
[2024-12-03T00:28:54.940+0000] {processor.py:208} INFO - Processing /home/airflow/.local/lib/python3.12/site-packages/airflow/example_dags/example_complex.py took 0.035 seconds
[2024-12-03T00:29:25.353+0000] {processor.py:186} INFO - Started process (PID=6792) to work on /home/airflow/.local/lib/python3.12/site-packages/airflow/example_dags/example_complex.py
[2024-12-03T00:29:25.353+0000] {processor.py:914} INFO - Processing file /home/airflow/.local/lib/python3.12/site-packages/airflow/example_dags/example_complex.py for tasks to queue
[2024-12-03T00:29:25.354+0000] {logging_mixin.py:190} INFO - [2024-12-03T00:29:25.354+0000] {dagbag.py:588} INFO - Filling up the DagBag from /home/airflow/.local/lib/python3.12/site-packages/airflow/example_dags/example_complex.py
[2024-12-03T00:29:25.358+0000] {processor.py:925} INFO - DAG(s) 'example_complex' retrieved from /home/airflow/.local/lib/python3.12/site-packages/airflow/example_dags/example_complex.py
[2024-12-03T00:29:25.369+0000] {logging_mixin.py:190} INFO - [2024-12-03T00:29:25.368+0000] {dag.py:3239} INFO - Sync 1 DAGs
[2024-12-03T00:29:25.373+0000] {logging_mixin.py:190} INFO - [2024-12-03T00:29:25.373+0000] {dag.py:4180} INFO - Setting next_dagrun for example_complex to None, run_after=None
[2024-12-03T00:29:25.378+0000] {processor.py:208} INFO - Processing /home/airflow/.local/lib/python3.12/site-packages/airflow/example_dags/example_complex.py took 0.028 seconds
[2024-12-03T00:29:55.759+0000] {processor.py:186} INFO - Started process (PID=6858) to work on /home/airflow/.local/lib/python3.12/site-packages/airflow/example_dags/example_complex.py
[2024-12-03T00:29:55.760+0000] {processor.py:914} INFO - Processing file /home/airflow/.local/lib/python3.12/site-packages/airflow/example_dags/example_complex.py for tasks to queue
[2024-12-03T00:29:55.761+0000] {logging_mixin.py:190} INFO - [2024-12-03T00:29:55.761+0000] {dagbag.py:588} INFO - Filling up the DagBag from /home/airflow/.local/lib/python3.12/site-packages/airflow/example_dags/example_complex.py
[2024-12-03T00:29:55.767+0000] {processor.py:925} INFO - DAG(s) 'example_complex' retrieved from /home/airflow/.local/lib/python3.12/site-packages/airflow/example_dags/example_complex.py
[2024-12-03T00:29:55.782+0000] {logging_mixin.py:190} INFO - [2024-12-03T00:29:55.782+0000] {dag.py:3239} INFO - Sync 1 DAGs
[2024-12-03T00:29:55.788+0000] {logging_mixin.py:190} INFO - [2024-12-03T00:29:55.788+0000] {dag.py:4180} INFO - Setting next_dagrun for example_complex to None, run_after=None
[2024-12-03T00:29:55.796+0000] {processor.py:208} INFO - Processing /home/airflow/.local/lib/python3.12/site-packages/airflow/example_dags/example_complex.py took 0.040 seconds
[2024-12-03T00:30:26.420+0000] {processor.py:186} INFO - Started process (PID=6924) to work on /home/airflow/.local/lib/python3.12/site-packages/airflow/example_dags/example_complex.py
[2024-12-03T00:30:26.421+0000] {processor.py:914} INFO - Processing file /home/airflow/.local/lib/python3.12/site-packages/airflow/example_dags/example_complex.py for tasks to queue
[2024-12-03T00:30:26.423+0000] {logging_mixin.py:190} INFO - [2024-12-03T00:30:26.422+0000] {dagbag.py:588} INFO - Filling up the DagBag from /home/airflow/.local/lib/python3.12/site-packages/airflow/example_dags/example_complex.py
[2024-12-03T00:30:26.430+0000] {processor.py:925} INFO - DAG(s) 'example_complex' retrieved from /home/airflow/.local/lib/python3.12/site-packages/airflow/example_dags/example_complex.py
[2024-12-03T00:30:26.446+0000] {logging_mixin.py:190} INFO - [2024-12-03T00:30:26.446+0000] {dag.py:3239} INFO - Sync 1 DAGs
[2024-12-03T00:30:26.451+0000] {logging_mixin.py:190} INFO - [2024-12-03T00:30:26.451+0000] {dag.py:4180} INFO - Setting next_dagrun for example_complex to None, run_after=None
[2024-12-03T00:30:26.460+0000] {processor.py:208} INFO - Processing /home/airflow/.local/lib/python3.12/site-packages/airflow/example_dags/example_complex.py took 0.042 seconds
[2024-12-03T00:30:56.834+0000] {processor.py:186} INFO - Started process (PID=6990) to work on /home/airflow/.local/lib/python3.12/site-packages/airflow/example_dags/example_complex.py
[2024-12-03T00:30:56.836+0000] {processor.py:914} INFO - Processing file /home/airflow/.local/lib/python3.12/site-packages/airflow/example_dags/example_complex.py for tasks to queue
[2024-12-03T00:30:56.837+0000] {logging_mixin.py:190} INFO - [2024-12-03T00:30:56.836+0000] {dagbag.py:588} INFO - Filling up the DagBag from /home/airflow/.local/lib/python3.12/site-packages/airflow/example_dags/example_complex.py
[2024-12-03T00:30:56.841+0000] {processor.py:925} INFO - DAG(s) 'example_complex' retrieved from /home/airflow/.local/lib/python3.12/site-packages/airflow/example_dags/example_complex.py
[2024-12-03T00:30:56.852+0000] {logging_mixin.py:190} INFO - [2024-12-03T00:30:56.852+0000] {dag.py:3239} INFO - Sync 1 DAGs
[2024-12-03T00:30:56.857+0000] {logging_mixin.py:190} INFO - [2024-12-03T00:30:56.857+0000] {dag.py:4180} INFO - Setting next_dagrun for example_complex to None, run_after=None
[2024-12-03T00:30:56.863+0000] {processor.py:208} INFO - Processing /home/airflow/.local/lib/python3.12/site-packages/airflow/example_dags/example_complex.py took 0.032 seconds
[2024-12-03T00:31:27.324+0000] {processor.py:186} INFO - Started process (PID=7056) to work on /home/airflow/.local/lib/python3.12/site-packages/airflow/example_dags/example_complex.py
[2024-12-03T00:31:27.325+0000] {processor.py:914} INFO - Processing file /home/airflow/.local/lib/python3.12/site-packages/airflow/example_dags/example_complex.py for tasks to queue
[2024-12-03T00:31:27.328+0000] {logging_mixin.py:190} INFO - [2024-12-03T00:31:27.328+0000] {dagbag.py:588} INFO - Filling up the DagBag from /home/airflow/.local/lib/python3.12/site-packages/airflow/example_dags/example_complex.py
[2024-12-03T00:31:27.335+0000] {processor.py:925} INFO - DAG(s) 'example_complex' retrieved from /home/airflow/.local/lib/python3.12/site-packages/airflow/example_dags/example_complex.py
[2024-12-03T00:31:27.350+0000] {logging_mixin.py:190} INFO - [2024-12-03T00:31:27.350+0000] {dag.py:3239} INFO - Sync 1 DAGs
[2024-12-03T00:31:27.357+0000] {logging_mixin.py:190} INFO - [2024-12-03T00:31:27.357+0000] {dag.py:4180} INFO - Setting next_dagrun for example_complex to None, run_after=None
[2024-12-03T00:31:27.366+0000] {processor.py:208} INFO - Processing /home/airflow/.local/lib/python3.12/site-packages/airflow/example_dags/example_complex.py took 0.044 seconds
[2024-12-03T00:31:57.784+0000] {processor.py:186} INFO - Started process (PID=7122) to work on /home/airflow/.local/lib/python3.12/site-packages/airflow/example_dags/example_complex.py
[2024-12-03T00:31:57.786+0000] {processor.py:914} INFO - Processing file /home/airflow/.local/lib/python3.12/site-packages/airflow/example_dags/example_complex.py for tasks to queue
[2024-12-03T00:31:57.787+0000] {logging_mixin.py:190} INFO - [2024-12-03T00:31:57.787+0000] {dagbag.py:588} INFO - Filling up the DagBag from /home/airflow/.local/lib/python3.12/site-packages/airflow/example_dags/example_complex.py
[2024-12-03T00:31:57.793+0000] {processor.py:925} INFO - DAG(s) 'example_complex' retrieved from /home/airflow/.local/lib/python3.12/site-packages/airflow/example_dags/example_complex.py
[2024-12-03T00:31:57.812+0000] {logging_mixin.py:190} INFO - [2024-12-03T00:31:57.811+0000] {dag.py:3239} INFO - Sync 1 DAGs
[2024-12-03T00:31:57.820+0000] {logging_mixin.py:190} INFO - [2024-12-03T00:31:57.820+0000] {dag.py:4180} INFO - Setting next_dagrun for example_complex to None, run_after=None
[2024-12-03T00:31:57.831+0000] {processor.py:208} INFO - Processing /home/airflow/.local/lib/python3.12/site-packages/airflow/example_dags/example_complex.py took 0.050 seconds
[2024-12-03T00:32:28.298+0000] {processor.py:186} INFO - Started process (PID=7188) to work on /home/airflow/.local/lib/python3.12/site-packages/airflow/example_dags/example_complex.py
[2024-12-03T00:32:28.299+0000] {processor.py:914} INFO - Processing file /home/airflow/.local/lib/python3.12/site-packages/airflow/example_dags/example_complex.py for tasks to queue
[2024-12-03T00:32:28.300+0000] {logging_mixin.py:190} INFO - [2024-12-03T00:32:28.300+0000] {dagbag.py:588} INFO - Filling up the DagBag from /home/airflow/.local/lib/python3.12/site-packages/airflow/example_dags/example_complex.py
[2024-12-03T00:32:28.305+0000] {processor.py:925} INFO - DAG(s) 'example_complex' retrieved from /home/airflow/.local/lib/python3.12/site-packages/airflow/example_dags/example_complex.py
[2024-12-03T00:32:28.321+0000] {logging_mixin.py:190} INFO - [2024-12-03T00:32:28.321+0000] {dag.py:3239} INFO - Sync 1 DAGs
[2024-12-03T00:32:28.328+0000] {logging_mixin.py:190} INFO - [2024-12-03T00:32:28.328+0000] {dag.py:4180} INFO - Setting next_dagrun for example_complex to None, run_after=None
[2024-12-03T00:32:28.340+0000] {processor.py:208} INFO - Processing /home/airflow/.local/lib/python3.12/site-packages/airflow/example_dags/example_complex.py took 0.044 seconds
[2024-12-03T00:32:58.686+0000] {processor.py:186} INFO - Started process (PID=7254) to work on /home/airflow/.local/lib/python3.12/site-packages/airflow/example_dags/example_complex.py
[2024-12-03T00:32:58.687+0000] {processor.py:914} INFO - Processing file /home/airflow/.local/lib/python3.12/site-packages/airflow/example_dags/example_complex.py for tasks to queue
[2024-12-03T00:32:58.688+0000] {logging_mixin.py:190} INFO - [2024-12-03T00:32:58.688+0000] {dagbag.py:588} INFO - Filling up the DagBag from /home/airflow/.local/lib/python3.12/site-packages/airflow/example_dags/example_complex.py
[2024-12-03T00:32:58.693+0000] {processor.py:925} INFO - DAG(s) 'example_complex' retrieved from /home/airflow/.local/lib/python3.12/site-packages/airflow/example_dags/example_complex.py
[2024-12-03T00:32:58.708+0000] {logging_mixin.py:190} INFO - [2024-12-03T00:32:58.708+0000] {dag.py:3239} INFO - Sync 1 DAGs
[2024-12-03T00:32:58.713+0000] {logging_mixin.py:190} INFO - [2024-12-03T00:32:58.713+0000] {dag.py:4180} INFO - Setting next_dagrun for example_complex to None, run_after=None
[2024-12-03T00:32:58.723+0000] {processor.py:208} INFO - Processing /home/airflow/.local/lib/python3.12/site-packages/airflow/example_dags/example_complex.py took 0.039 seconds
[2024-12-03T00:33:28.989+0000] {processor.py:186} INFO - Started process (PID=7320) to work on /home/airflow/.local/lib/python3.12/site-packages/airflow/example_dags/example_complex.py
[2024-12-03T00:33:28.990+0000] {processor.py:914} INFO - Processing file /home/airflow/.local/lib/python3.12/site-packages/airflow/example_dags/example_complex.py for tasks to queue
[2024-12-03T00:33:28.991+0000] {logging_mixin.py:190} INFO - [2024-12-03T00:33:28.991+0000] {dagbag.py:588} INFO - Filling up the DagBag from /home/airflow/.local/lib/python3.12/site-packages/airflow/example_dags/example_complex.py
[2024-12-03T00:33:28.996+0000] {processor.py:925} INFO - DAG(s) 'example_complex' retrieved from /home/airflow/.local/lib/python3.12/site-packages/airflow/example_dags/example_complex.py
[2024-12-03T00:33:29.008+0000] {logging_mixin.py:190} INFO - [2024-12-03T00:33:29.008+0000] {dag.py:3239} INFO - Sync 1 DAGs
[2024-12-03T00:33:29.013+0000] {logging_mixin.py:190} INFO - [2024-12-03T00:33:29.013+0000] {dag.py:4180} INFO - Setting next_dagrun for example_complex to None, run_after=None
[2024-12-03T00:33:29.021+0000] {processor.py:208} INFO - Processing /home/airflow/.local/lib/python3.12/site-packages/airflow/example_dags/example_complex.py took 0.034 seconds
[2024-12-03T00:33:59.295+0000] {processor.py:186} INFO - Started process (PID=7386) to work on /home/airflow/.local/lib/python3.12/site-packages/airflow/example_dags/example_complex.py
[2024-12-03T00:33:59.296+0000] {processor.py:914} INFO - Processing file /home/airflow/.local/lib/python3.12/site-packages/airflow/example_dags/example_complex.py for tasks to queue
[2024-12-03T00:33:59.297+0000] {logging_mixin.py:190} INFO - [2024-12-03T00:33:59.297+0000] {dagbag.py:588} INFO - Filling up the DagBag from /home/airflow/.local/lib/python3.12/site-packages/airflow/example_dags/example_complex.py
[2024-12-03T00:33:59.301+0000] {processor.py:925} INFO - DAG(s) 'example_complex' retrieved from /home/airflow/.local/lib/python3.12/site-packages/airflow/example_dags/example_complex.py
[2024-12-03T00:33:59.313+0000] {logging_mixin.py:190} INFO - [2024-12-03T00:33:59.313+0000] {dag.py:3239} INFO - Sync 1 DAGs
[2024-12-03T00:33:59.318+0000] {logging_mixin.py:190} INFO - [2024-12-03T00:33:59.318+0000] {dag.py:4180} INFO - Setting next_dagrun for example_complex to None, run_after=None
[2024-12-03T00:33:59.326+0000] {processor.py:208} INFO - Processing /home/airflow/.local/lib/python3.12/site-packages/airflow/example_dags/example_complex.py took 0.034 seconds
[2024-12-03T00:34:29.543+0000] {processor.py:186} INFO - Started process (PID=7452) to work on /home/airflow/.local/lib/python3.12/site-packages/airflow/example_dags/example_complex.py
[2024-12-03T00:34:29.544+0000] {processor.py:914} INFO - Processing file /home/airflow/.local/lib/python3.12/site-packages/airflow/example_dags/example_complex.py for tasks to queue
[2024-12-03T00:34:29.545+0000] {logging_mixin.py:190} INFO - [2024-12-03T00:34:29.545+0000] {dagbag.py:588} INFO - Filling up the DagBag from /home/airflow/.local/lib/python3.12/site-packages/airflow/example_dags/example_complex.py
[2024-12-03T00:34:29.549+0000] {processor.py:925} INFO - DAG(s) 'example_complex' retrieved from /home/airflow/.local/lib/python3.12/site-packages/airflow/example_dags/example_complex.py
[2024-12-03T00:34:29.561+0000] {logging_mixin.py:190} INFO - [2024-12-03T00:34:29.561+0000] {dag.py:3239} INFO - Sync 1 DAGs
[2024-12-03T00:34:29.567+0000] {logging_mixin.py:190} INFO - [2024-12-03T00:34:29.567+0000] {dag.py:4180} INFO - Setting next_dagrun for example_complex to None, run_after=None
[2024-12-03T00:34:29.575+0000] {processor.py:208} INFO - Processing /home/airflow/.local/lib/python3.12/site-packages/airflow/example_dags/example_complex.py took 0.035 seconds
[2024-12-03T00:34:59.836+0000] {processor.py:186} INFO - Started process (PID=7518) to work on /home/airflow/.local/lib/python3.12/site-packages/airflow/example_dags/example_complex.py
[2024-12-03T00:34:59.837+0000] {processor.py:914} INFO - Processing file /home/airflow/.local/lib/python3.12/site-packages/airflow/example_dags/example_complex.py for tasks to queue
[2024-12-03T00:34:59.838+0000] {logging_mixin.py:190} INFO - [2024-12-03T00:34:59.837+0000] {dagbag.py:588} INFO - Filling up the DagBag from /home/airflow/.local/lib/python3.12/site-packages/airflow/example_dags/example_complex.py
[2024-12-03T00:34:59.845+0000] {processor.py:925} INFO - DAG(s) 'example_complex' retrieved from /home/airflow/.local/lib/python3.12/site-packages/airflow/example_dags/example_complex.py
[2024-12-03T00:34:59.856+0000] {logging_mixin.py:190} INFO - [2024-12-03T00:34:59.856+0000] {dag.py:3239} INFO - Sync 1 DAGs
[2024-12-03T00:34:59.861+0000] {logging_mixin.py:190} INFO - [2024-12-03T00:34:59.861+0000] {dag.py:4180} INFO - Setting next_dagrun for example_complex to None, run_after=None
[2024-12-03T00:34:59.868+0000] {processor.py:208} INFO - Processing /home/airflow/.local/lib/python3.12/site-packages/airflow/example_dags/example_complex.py took 0.034 seconds
[2024-12-03T00:35:30.083+0000] {processor.py:186} INFO - Started process (PID=7584) to work on /home/airflow/.local/lib/python3.12/site-packages/airflow/example_dags/example_complex.py
[2024-12-03T00:35:30.084+0000] {processor.py:914} INFO - Processing file /home/airflow/.local/lib/python3.12/site-packages/airflow/example_dags/example_complex.py for tasks to queue
[2024-12-03T00:35:30.085+0000] {logging_mixin.py:190} INFO - [2024-12-03T00:35:30.085+0000] {dagbag.py:588} INFO - Filling up the DagBag from /home/airflow/.local/lib/python3.12/site-packages/airflow/example_dags/example_complex.py
[2024-12-03T00:35:30.091+0000] {processor.py:925} INFO - DAG(s) 'example_complex' retrieved from /home/airflow/.local/lib/python3.12/site-packages/airflow/example_dags/example_complex.py
[2024-12-03T00:35:30.102+0000] {logging_mixin.py:190} INFO - [2024-12-03T00:35:30.102+0000] {dag.py:3239} INFO - Sync 1 DAGs
[2024-12-03T00:35:30.107+0000] {logging_mixin.py:190} INFO - [2024-12-03T00:35:30.107+0000] {dag.py:4180} INFO - Setting next_dagrun for example_complex to None, run_after=None
[2024-12-03T00:35:30.115+0000] {processor.py:208} INFO - Processing /home/airflow/.local/lib/python3.12/site-packages/airflow/example_dags/example_complex.py took 0.034 seconds
[2024-12-03T00:36:00.467+0000] {processor.py:186} INFO - Started process (PID=7650) to work on /home/airflow/.local/lib/python3.12/site-packages/airflow/example_dags/example_complex.py
[2024-12-03T00:36:00.468+0000] {processor.py:914} INFO - Processing file /home/airflow/.local/lib/python3.12/site-packages/airflow/example_dags/example_complex.py for tasks to queue
[2024-12-03T00:36:00.469+0000] {logging_mixin.py:190} INFO - [2024-12-03T00:36:00.469+0000] {dagbag.py:588} INFO - Filling up the DagBag from /home/airflow/.local/lib/python3.12/site-packages/airflow/example_dags/example_complex.py
[2024-12-03T00:36:00.474+0000] {processor.py:925} INFO - DAG(s) 'example_complex' retrieved from /home/airflow/.local/lib/python3.12/site-packages/airflow/example_dags/example_complex.py
[2024-12-03T00:36:00.487+0000] {logging_mixin.py:190} INFO - [2024-12-03T00:36:00.487+0000] {dag.py:3239} INFO - Sync 1 DAGs
[2024-12-03T00:36:00.492+0000] {logging_mixin.py:190} INFO - [2024-12-03T00:36:00.492+0000] {dag.py:4180} INFO - Setting next_dagrun for example_complex to None, run_after=None
[2024-12-03T00:36:00.498+0000] {processor.py:208} INFO - Processing /home/airflow/.local/lib/python3.12/site-packages/airflow/example_dags/example_complex.py took 0.034 seconds
[2024-12-03T00:36:30.758+0000] {processor.py:186} INFO - Started process (PID=7716) to work on /home/airflow/.local/lib/python3.12/site-packages/airflow/example_dags/example_complex.py
[2024-12-03T00:36:30.759+0000] {processor.py:914} INFO - Processing file /home/airflow/.local/lib/python3.12/site-packages/airflow/example_dags/example_complex.py for tasks to queue
[2024-12-03T00:36:30.760+0000] {logging_mixin.py:190} INFO - [2024-12-03T00:36:30.760+0000] {dagbag.py:588} INFO - Filling up the DagBag from /home/airflow/.local/lib/python3.12/site-packages/airflow/example_dags/example_complex.py
[2024-12-03T00:36:30.765+0000] {processor.py:925} INFO - DAG(s) 'example_complex' retrieved from /home/airflow/.local/lib/python3.12/site-packages/airflow/example_dags/example_complex.py
[2024-12-03T00:36:30.776+0000] {logging_mixin.py:190} INFO - [2024-12-03T00:36:30.776+0000] {dag.py:3239} INFO - Sync 1 DAGs
[2024-12-03T00:36:30.782+0000] {logging_mixin.py:190} INFO - [2024-12-03T00:36:30.782+0000] {dag.py:4180} INFO - Setting next_dagrun for example_complex to None, run_after=None
[2024-12-03T00:36:30.788+0000] {processor.py:208} INFO - Processing /home/airflow/.local/lib/python3.12/site-packages/airflow/example_dags/example_complex.py took 0.031 seconds
[2024-12-03T00:37:01.011+0000] {processor.py:186} INFO - Started process (PID=7782) to work on /home/airflow/.local/lib/python3.12/site-packages/airflow/example_dags/example_complex.py
[2024-12-03T00:37:01.012+0000] {processor.py:914} INFO - Processing file /home/airflow/.local/lib/python3.12/site-packages/airflow/example_dags/example_complex.py for tasks to queue
[2024-12-03T00:37:01.013+0000] {logging_mixin.py:190} INFO - [2024-12-03T00:37:01.013+0000] {dagbag.py:588} INFO - Filling up the DagBag from /home/airflow/.local/lib/python3.12/site-packages/airflow/example_dags/example_complex.py
[2024-12-03T00:37:01.018+0000] {processor.py:925} INFO - DAG(s) 'example_complex' retrieved from /home/airflow/.local/lib/python3.12/site-packages/airflow/example_dags/example_complex.py
[2024-12-03T00:37:01.029+0000] {logging_mixin.py:190} INFO - [2024-12-03T00:37:01.029+0000] {dag.py:3239} INFO - Sync 1 DAGs
[2024-12-03T00:37:01.034+0000] {logging_mixin.py:190} INFO - [2024-12-03T00:37:01.034+0000] {dag.py:4180} INFO - Setting next_dagrun for example_complex to None, run_after=None
[2024-12-03T00:37:01.042+0000] {processor.py:208} INFO - Processing /home/airflow/.local/lib/python3.12/site-packages/airflow/example_dags/example_complex.py took 0.033 seconds
[2024-12-03T00:37:31.277+0000] {processor.py:186} INFO - Started process (PID=7848) to work on /home/airflow/.local/lib/python3.12/site-packages/airflow/example_dags/example_complex.py
[2024-12-03T00:37:31.278+0000] {processor.py:914} INFO - Processing file /home/airflow/.local/lib/python3.12/site-packages/airflow/example_dags/example_complex.py for tasks to queue
[2024-12-03T00:37:31.278+0000] {logging_mixin.py:190} INFO - [2024-12-03T00:37:31.278+0000] {dagbag.py:588} INFO - Filling up the DagBag from /home/airflow/.local/lib/python3.12/site-packages/airflow/example_dags/example_complex.py
[2024-12-03T00:37:31.284+0000] {processor.py:925} INFO - DAG(s) 'example_complex' retrieved from /home/airflow/.local/lib/python3.12/site-packages/airflow/example_dags/example_complex.py
[2024-12-03T00:37:31.296+0000] {logging_mixin.py:190} INFO - [2024-12-03T00:37:31.295+0000] {dag.py:3239} INFO - Sync 1 DAGs
[2024-12-03T00:37:31.301+0000] {logging_mixin.py:190} INFO - [2024-12-03T00:37:31.301+0000] {dag.py:4180} INFO - Setting next_dagrun for example_complex to None, run_after=None
[2024-12-03T00:37:31.310+0000] {processor.py:208} INFO - Processing /home/airflow/.local/lib/python3.12/site-packages/airflow/example_dags/example_complex.py took 0.035 seconds
[2024-12-03T00:38:01.592+0000] {processor.py:186} INFO - Started process (PID=7914) to work on /home/airflow/.local/lib/python3.12/site-packages/airflow/example_dags/example_complex.py
[2024-12-03T00:38:01.593+0000] {processor.py:914} INFO - Processing file /home/airflow/.local/lib/python3.12/site-packages/airflow/example_dags/example_complex.py for tasks to queue
[2024-12-03T00:38:01.594+0000] {logging_mixin.py:190} INFO - [2024-12-03T00:38:01.594+0000] {dagbag.py:588} INFO - Filling up the DagBag from /home/airflow/.local/lib/python3.12/site-packages/airflow/example_dags/example_complex.py
[2024-12-03T00:38:01.600+0000] {processor.py:925} INFO - DAG(s) 'example_complex' retrieved from /home/airflow/.local/lib/python3.12/site-packages/airflow/example_dags/example_complex.py
[2024-12-03T00:38:01.614+0000] {logging_mixin.py:190} INFO - [2024-12-03T00:38:01.614+0000] {dag.py:3239} INFO - Sync 1 DAGs
[2024-12-03T00:38:01.619+0000] {logging_mixin.py:190} INFO - [2024-12-03T00:38:01.619+0000] {dag.py:4180} INFO - Setting next_dagrun for example_complex to None, run_after=None
[2024-12-03T00:38:01.628+0000] {processor.py:208} INFO - Processing /home/airflow/.local/lib/python3.12/site-packages/airflow/example_dags/example_complex.py took 0.039 seconds
