[2024-12-03T00:03:58.193+0000] {processor.py:186} INFO - Started process (PID=3489) to work on /home/airflow/.local/lib/python3.12/site-packages/airflow/example_dags/example_bash_operator.py
[2024-12-03T00:03:58.194+0000] {processor.py:914} INFO - Processing file /home/airflow/.local/lib/python3.12/site-packages/airflow/example_dags/example_bash_operator.py for tasks to queue
[2024-12-03T00:03:58.195+0000] {logging_mixin.py:190} INFO - [2024-12-03T00:03:58.195+0000] {dagbag.py:588} INFO - Filling up the DagBag from /home/airflow/.local/lib/python3.12/site-packages/airflow/example_dags/example_bash_operator.py
[2024-12-03T00:03:58.202+0000] {processor.py:925} INFO - DAG(s) 'example_bash_operator' retrieved from /home/airflow/.local/lib/python3.12/site-packages/airflow/example_dags/example_bash_operator.py
[2024-12-03T00:03:58.215+0000] {logging_mixin.py:190} INFO - [2024-12-03T00:03:58.215+0000] {dag.py:3239} INFO - Sync 1 DAGs
[2024-12-03T00:03:58.225+0000] {logging_mixin.py:190} INFO - [2024-12-03T00:03:58.224+0000] {dag.py:4180} INFO - Setting next_dagrun for example_bash_operator to 2024-12-02 00:00:00+00:00, run_after=2024-12-03 00:00:00+00:00
[2024-12-03T00:03:58.232+0000] {processor.py:208} INFO - Processing /home/airflow/.local/lib/python3.12/site-packages/airflow/example_dags/example_bash_operator.py took 0.041 seconds
[2024-12-03T00:04:28.591+0000] {processor.py:186} INFO - Started process (PID=3554) to work on /home/airflow/.local/lib/python3.12/site-packages/airflow/example_dags/example_bash_operator.py
[2024-12-03T00:04:28.592+0000] {processor.py:914} INFO - Processing file /home/airflow/.local/lib/python3.12/site-packages/airflow/example_dags/example_bash_operator.py for tasks to queue
[2024-12-03T00:04:28.593+0000] {logging_mixin.py:190} INFO - [2024-12-03T00:04:28.593+0000] {dagbag.py:588} INFO - Filling up the DagBag from /home/airflow/.local/lib/python3.12/site-packages/airflow/example_dags/example_bash_operator.py
[2024-12-03T00:04:28.598+0000] {processor.py:925} INFO - DAG(s) 'example_bash_operator' retrieved from /home/airflow/.local/lib/python3.12/site-packages/airflow/example_dags/example_bash_operator.py
[2024-12-03T00:04:28.613+0000] {logging_mixin.py:190} INFO - [2024-12-03T00:04:28.612+0000] {dag.py:3239} INFO - Sync 1 DAGs
[2024-12-03T00:04:28.624+0000] {logging_mixin.py:190} INFO - [2024-12-03T00:04:28.623+0000] {dag.py:4180} INFO - Setting next_dagrun for example_bash_operator to 2024-12-02 00:00:00+00:00, run_after=2024-12-03 00:00:00+00:00
[2024-12-03T00:04:28.632+0000] {processor.py:208} INFO - Processing /home/airflow/.local/lib/python3.12/site-packages/airflow/example_dags/example_bash_operator.py took 0.044 seconds
[2024-12-03T00:04:58.803+0000] {processor.py:186} INFO - Started process (PID=3620) to work on /home/airflow/.local/lib/python3.12/site-packages/airflow/example_dags/example_bash_operator.py
[2024-12-03T00:04:58.806+0000] {processor.py:914} INFO - Processing file /home/airflow/.local/lib/python3.12/site-packages/airflow/example_dags/example_bash_operator.py for tasks to queue
[2024-12-03T00:04:58.807+0000] {logging_mixin.py:190} INFO - [2024-12-03T00:04:58.807+0000] {dagbag.py:588} INFO - Filling up the DagBag from /home/airflow/.local/lib/python3.12/site-packages/airflow/example_dags/example_bash_operator.py
[2024-12-03T00:04:58.814+0000] {processor.py:925} INFO - DAG(s) 'example_bash_operator' retrieved from /home/airflow/.local/lib/python3.12/site-packages/airflow/example_dags/example_bash_operator.py
[2024-12-03T00:04:58.827+0000] {logging_mixin.py:190} INFO - [2024-12-03T00:04:58.827+0000] {dag.py:3239} INFO - Sync 1 DAGs
[2024-12-03T00:04:58.836+0000] {logging_mixin.py:190} INFO - [2024-12-03T00:04:58.836+0000] {dag.py:4180} INFO - Setting next_dagrun for example_bash_operator to 2024-12-02 00:00:00+00:00, run_after=2024-12-03 00:00:00+00:00
[2024-12-03T00:04:58.841+0000] {processor.py:208} INFO - Processing /home/airflow/.local/lib/python3.12/site-packages/airflow/example_dags/example_bash_operator.py took 0.041 seconds
[2024-12-03T00:05:29.998+0000] {processor.py:186} INFO - Started process (PID=3692) to work on /home/airflow/.local/lib/python3.12/site-packages/airflow/example_dags/example_bash_operator.py
[2024-12-03T00:05:29.999+0000] {processor.py:914} INFO - Processing file /home/airflow/.local/lib/python3.12/site-packages/airflow/example_dags/example_bash_operator.py for tasks to queue
[2024-12-03T00:05:30.000+0000] {logging_mixin.py:190} INFO - [2024-12-03T00:05:30.000+0000] {dagbag.py:588} INFO - Filling up the DagBag from /home/airflow/.local/lib/python3.12/site-packages/airflow/example_dags/example_bash_operator.py
[2024-12-03T00:05:30.005+0000] {processor.py:925} INFO - DAG(s) 'example_bash_operator' retrieved from /home/airflow/.local/lib/python3.12/site-packages/airflow/example_dags/example_bash_operator.py
[2024-12-03T00:05:30.015+0000] {logging_mixin.py:190} INFO - [2024-12-03T00:05:30.015+0000] {dag.py:3239} INFO - Sync 1 DAGs
[2024-12-03T00:05:30.025+0000] {logging_mixin.py:190} INFO - [2024-12-03T00:05:30.025+0000] {dag.py:4180} INFO - Setting next_dagrun for example_bash_operator to 2024-12-02 00:00:00+00:00, run_after=2024-12-03 00:00:00+00:00
[2024-12-03T00:05:30.037+0000] {processor.py:208} INFO - Processing /home/airflow/.local/lib/python3.12/site-packages/airflow/example_dags/example_bash_operator.py took 0.042 seconds
[2024-12-03T00:06:01.105+0000] {processor.py:186} INFO - Started process (PID=3758) to work on /home/airflow/.local/lib/python3.12/site-packages/airflow/example_dags/example_bash_operator.py
[2024-12-03T00:06:01.107+0000] {processor.py:914} INFO - Processing file /home/airflow/.local/lib/python3.12/site-packages/airflow/example_dags/example_bash_operator.py for tasks to queue
[2024-12-03T00:06:01.108+0000] {logging_mixin.py:190} INFO - [2024-12-03T00:06:01.108+0000] {dagbag.py:588} INFO - Filling up the DagBag from /home/airflow/.local/lib/python3.12/site-packages/airflow/example_dags/example_bash_operator.py
[2024-12-03T00:06:01.113+0000] {processor.py:925} INFO - DAG(s) 'example_bash_operator' retrieved from /home/airflow/.local/lib/python3.12/site-packages/airflow/example_dags/example_bash_operator.py
[2024-12-03T00:06:01.124+0000] {logging_mixin.py:190} INFO - [2024-12-03T00:06:01.124+0000] {dag.py:3239} INFO - Sync 1 DAGs
[2024-12-03T00:06:01.134+0000] {logging_mixin.py:190} INFO - [2024-12-03T00:06:01.134+0000] {dag.py:4180} INFO - Setting next_dagrun for example_bash_operator to 2024-12-02 00:00:00+00:00, run_after=2024-12-03 00:00:00+00:00
[2024-12-03T00:06:01.142+0000] {processor.py:208} INFO - Processing /home/airflow/.local/lib/python3.12/site-packages/airflow/example_dags/example_bash_operator.py took 0.040 seconds
[2024-12-03T00:06:32.250+0000] {processor.py:186} INFO - Started process (PID=3824) to work on /home/airflow/.local/lib/python3.12/site-packages/airflow/example_dags/example_bash_operator.py
[2024-12-03T00:06:32.250+0000] {processor.py:914} INFO - Processing file /home/airflow/.local/lib/python3.12/site-packages/airflow/example_dags/example_bash_operator.py for tasks to queue
[2024-12-03T00:06:32.251+0000] {logging_mixin.py:190} INFO - [2024-12-03T00:06:32.251+0000] {dagbag.py:588} INFO - Filling up the DagBag from /home/airflow/.local/lib/python3.12/site-packages/airflow/example_dags/example_bash_operator.py
[2024-12-03T00:06:32.257+0000] {processor.py:925} INFO - DAG(s) 'example_bash_operator' retrieved from /home/airflow/.local/lib/python3.12/site-packages/airflow/example_dags/example_bash_operator.py
[2024-12-03T00:06:32.267+0000] {logging_mixin.py:190} INFO - [2024-12-03T00:06:32.267+0000] {dag.py:3239} INFO - Sync 1 DAGs
[2024-12-03T00:06:32.275+0000] {logging_mixin.py:190} INFO - [2024-12-03T00:06:32.275+0000] {dag.py:4180} INFO - Setting next_dagrun for example_bash_operator to 2024-12-02 00:00:00+00:00, run_after=2024-12-03 00:00:00+00:00
[2024-12-03T00:06:32.281+0000] {processor.py:208} INFO - Processing /home/airflow/.local/lib/python3.12/site-packages/airflow/example_dags/example_bash_operator.py took 0.033 seconds
[2024-12-03T00:07:03.437+0000] {processor.py:186} INFO - Started process (PID=3890) to work on /home/airflow/.local/lib/python3.12/site-packages/airflow/example_dags/example_bash_operator.py
[2024-12-03T00:07:03.438+0000] {processor.py:914} INFO - Processing file /home/airflow/.local/lib/python3.12/site-packages/airflow/example_dags/example_bash_operator.py for tasks to queue
[2024-12-03T00:07:03.439+0000] {logging_mixin.py:190} INFO - [2024-12-03T00:07:03.438+0000] {dagbag.py:588} INFO - Filling up the DagBag from /home/airflow/.local/lib/python3.12/site-packages/airflow/example_dags/example_bash_operator.py
[2024-12-03T00:07:03.444+0000] {processor.py:925} INFO - DAG(s) 'example_bash_operator' retrieved from /home/airflow/.local/lib/python3.12/site-packages/airflow/example_dags/example_bash_operator.py
[2024-12-03T00:07:03.452+0000] {logging_mixin.py:190} INFO - [2024-12-03T00:07:03.452+0000] {dag.py:3239} INFO - Sync 1 DAGs
[2024-12-03T00:07:03.460+0000] {logging_mixin.py:190} INFO - [2024-12-03T00:07:03.460+0000] {dag.py:4180} INFO - Setting next_dagrun for example_bash_operator to 2024-12-02 00:00:00+00:00, run_after=2024-12-03 00:00:00+00:00
[2024-12-03T00:07:03.465+0000] {processor.py:208} INFO - Processing /home/airflow/.local/lib/python3.12/site-packages/airflow/example_dags/example_bash_operator.py took 0.030 seconds
[2024-12-03T00:07:34.502+0000] {processor.py:186} INFO - Started process (PID=3956) to work on /home/airflow/.local/lib/python3.12/site-packages/airflow/example_dags/example_bash_operator.py
[2024-12-03T00:07:34.502+0000] {processor.py:914} INFO - Processing file /home/airflow/.local/lib/python3.12/site-packages/airflow/example_dags/example_bash_operator.py for tasks to queue
[2024-12-03T00:07:34.503+0000] {logging_mixin.py:190} INFO - [2024-12-03T00:07:34.503+0000] {dagbag.py:588} INFO - Filling up the DagBag from /home/airflow/.local/lib/python3.12/site-packages/airflow/example_dags/example_bash_operator.py
[2024-12-03T00:07:34.508+0000] {processor.py:925} INFO - DAG(s) 'example_bash_operator' retrieved from /home/airflow/.local/lib/python3.12/site-packages/airflow/example_dags/example_bash_operator.py
[2024-12-03T00:07:34.520+0000] {logging_mixin.py:190} INFO - [2024-12-03T00:07:34.519+0000] {dag.py:3239} INFO - Sync 1 DAGs
[2024-12-03T00:07:34.528+0000] {logging_mixin.py:190} INFO - [2024-12-03T00:07:34.528+0000] {dag.py:4180} INFO - Setting next_dagrun for example_bash_operator to 2024-12-02 00:00:00+00:00, run_after=2024-12-03 00:00:00+00:00
[2024-12-03T00:07:34.536+0000] {processor.py:208} INFO - Processing /home/airflow/.local/lib/python3.12/site-packages/airflow/example_dags/example_bash_operator.py took 0.037 seconds
[2024-12-03T00:08:05.518+0000] {processor.py:186} INFO - Started process (PID=4022) to work on /home/airflow/.local/lib/python3.12/site-packages/airflow/example_dags/example_bash_operator.py
[2024-12-03T00:08:05.518+0000] {processor.py:914} INFO - Processing file /home/airflow/.local/lib/python3.12/site-packages/airflow/example_dags/example_bash_operator.py for tasks to queue
[2024-12-03T00:08:05.519+0000] {logging_mixin.py:190} INFO - [2024-12-03T00:08:05.519+0000] {dagbag.py:588} INFO - Filling up the DagBag from /home/airflow/.local/lib/python3.12/site-packages/airflow/example_dags/example_bash_operator.py
[2024-12-03T00:08:05.525+0000] {processor.py:925} INFO - DAG(s) 'example_bash_operator' retrieved from /home/airflow/.local/lib/python3.12/site-packages/airflow/example_dags/example_bash_operator.py
[2024-12-03T00:08:05.536+0000] {logging_mixin.py:190} INFO - [2024-12-03T00:08:05.536+0000] {dag.py:3239} INFO - Sync 1 DAGs
[2024-12-03T00:08:05.546+0000] {logging_mixin.py:190} INFO - [2024-12-03T00:08:05.546+0000] {dag.py:4180} INFO - Setting next_dagrun for example_bash_operator to 2024-12-02 00:00:00+00:00, run_after=2024-12-03 00:00:00+00:00
[2024-12-03T00:08:05.556+0000] {processor.py:208} INFO - Processing /home/airflow/.local/lib/python3.12/site-packages/airflow/example_dags/example_bash_operator.py took 0.041 seconds
[2024-12-03T00:08:36.759+0000] {processor.py:186} INFO - Started process (PID=4088) to work on /home/airflow/.local/lib/python3.12/site-packages/airflow/example_dags/example_bash_operator.py
[2024-12-03T00:08:36.759+0000] {processor.py:914} INFO - Processing file /home/airflow/.local/lib/python3.12/site-packages/airflow/example_dags/example_bash_operator.py for tasks to queue
[2024-12-03T00:08:36.761+0000] {logging_mixin.py:190} INFO - [2024-12-03T00:08:36.761+0000] {dagbag.py:588} INFO - Filling up the DagBag from /home/airflow/.local/lib/python3.12/site-packages/airflow/example_dags/example_bash_operator.py
[2024-12-03T00:08:36.769+0000] {processor.py:925} INFO - DAG(s) 'example_bash_operator' retrieved from /home/airflow/.local/lib/python3.12/site-packages/airflow/example_dags/example_bash_operator.py
[2024-12-03T00:08:36.782+0000] {logging_mixin.py:190} INFO - [2024-12-03T00:08:36.782+0000] {dag.py:3239} INFO - Sync 1 DAGs
[2024-12-03T00:08:36.792+0000] {logging_mixin.py:190} INFO - [2024-12-03T00:08:36.792+0000] {dag.py:4180} INFO - Setting next_dagrun for example_bash_operator to 2024-12-02 00:00:00+00:00, run_after=2024-12-03 00:00:00+00:00
[2024-12-03T00:08:36.799+0000] {processor.py:208} INFO - Processing /home/airflow/.local/lib/python3.12/site-packages/airflow/example_dags/example_bash_operator.py took 0.043 seconds
[2024-12-03T00:09:07.072+0000] {processor.py:186} INFO - Started process (PID=4154) to work on /home/airflow/.local/lib/python3.12/site-packages/airflow/example_dags/example_bash_operator.py
[2024-12-03T00:09:07.075+0000] {processor.py:914} INFO - Processing file /home/airflow/.local/lib/python3.12/site-packages/airflow/example_dags/example_bash_operator.py for tasks to queue
[2024-12-03T00:09:07.078+0000] {logging_mixin.py:190} INFO - [2024-12-03T00:09:07.077+0000] {dagbag.py:588} INFO - Filling up the DagBag from /home/airflow/.local/lib/python3.12/site-packages/airflow/example_dags/example_bash_operator.py
[2024-12-03T00:09:07.083+0000] {processor.py:925} INFO - DAG(s) 'example_bash_operator' retrieved from /home/airflow/.local/lib/python3.12/site-packages/airflow/example_dags/example_bash_operator.py
[2024-12-03T00:09:07.095+0000] {logging_mixin.py:190} INFO - [2024-12-03T00:09:07.095+0000] {dag.py:3239} INFO - Sync 1 DAGs
[2024-12-03T00:09:07.104+0000] {logging_mixin.py:190} INFO - [2024-12-03T00:09:07.104+0000] {dag.py:4180} INFO - Setting next_dagrun for example_bash_operator to 2024-12-02 00:00:00+00:00, run_after=2024-12-03 00:00:00+00:00
[2024-12-03T00:09:07.109+0000] {processor.py:208} INFO - Processing /home/airflow/.local/lib/python3.12/site-packages/airflow/example_dags/example_bash_operator.py took 0.040 seconds
[2024-12-03T00:09:37.362+0000] {processor.py:186} INFO - Started process (PID=4220) to work on /home/airflow/.local/lib/python3.12/site-packages/airflow/example_dags/example_bash_operator.py
[2024-12-03T00:09:37.363+0000] {processor.py:914} INFO - Processing file /home/airflow/.local/lib/python3.12/site-packages/airflow/example_dags/example_bash_operator.py for tasks to queue
[2024-12-03T00:09:37.364+0000] {logging_mixin.py:190} INFO - [2024-12-03T00:09:37.364+0000] {dagbag.py:588} INFO - Filling up the DagBag from /home/airflow/.local/lib/python3.12/site-packages/airflow/example_dags/example_bash_operator.py
[2024-12-03T00:09:37.370+0000] {processor.py:925} INFO - DAG(s) 'example_bash_operator' retrieved from /home/airflow/.local/lib/python3.12/site-packages/airflow/example_dags/example_bash_operator.py
[2024-12-03T00:09:37.381+0000] {logging_mixin.py:190} INFO - [2024-12-03T00:09:37.381+0000] {dag.py:3239} INFO - Sync 1 DAGs
[2024-12-03T00:09:37.389+0000] {logging_mixin.py:190} INFO - [2024-12-03T00:09:37.389+0000] {dag.py:4180} INFO - Setting next_dagrun for example_bash_operator to 2024-12-02 00:00:00+00:00, run_after=2024-12-03 00:00:00+00:00
[2024-12-03T00:09:37.398+0000] {processor.py:208} INFO - Processing /home/airflow/.local/lib/python3.12/site-packages/airflow/example_dags/example_bash_operator.py took 0.039 seconds
[2024-12-03T00:10:08.638+0000] {processor.py:186} INFO - Started process (PID=4286) to work on /home/airflow/.local/lib/python3.12/site-packages/airflow/example_dags/example_bash_operator.py
[2024-12-03T00:10:08.638+0000] {processor.py:914} INFO - Processing file /home/airflow/.local/lib/python3.12/site-packages/airflow/example_dags/example_bash_operator.py for tasks to queue
[2024-12-03T00:10:08.639+0000] {logging_mixin.py:190} INFO - [2024-12-03T00:10:08.639+0000] {dagbag.py:588} INFO - Filling up the DagBag from /home/airflow/.local/lib/python3.12/site-packages/airflow/example_dags/example_bash_operator.py
[2024-12-03T00:10:08.644+0000] {processor.py:925} INFO - DAG(s) 'example_bash_operator' retrieved from /home/airflow/.local/lib/python3.12/site-packages/airflow/example_dags/example_bash_operator.py
[2024-12-03T00:10:08.653+0000] {logging_mixin.py:190} INFO - [2024-12-03T00:10:08.653+0000] {dag.py:3239} INFO - Sync 1 DAGs
[2024-12-03T00:10:08.661+0000] {logging_mixin.py:190} INFO - [2024-12-03T00:10:08.660+0000] {dag.py:4180} INFO - Setting next_dagrun for example_bash_operator to 2024-12-02 00:00:00+00:00, run_after=2024-12-03 00:00:00+00:00
[2024-12-03T00:10:08.666+0000] {processor.py:208} INFO - Processing /home/airflow/.local/lib/python3.12/site-packages/airflow/example_dags/example_bash_operator.py took 0.030 seconds
[2024-12-03T00:10:38.955+0000] {processor.py:186} INFO - Started process (PID=4352) to work on /home/airflow/.local/lib/python3.12/site-packages/airflow/example_dags/example_bash_operator.py
[2024-12-03T00:10:38.955+0000] {processor.py:914} INFO - Processing file /home/airflow/.local/lib/python3.12/site-packages/airflow/example_dags/example_bash_operator.py for tasks to queue
[2024-12-03T00:10:38.956+0000] {logging_mixin.py:190} INFO - [2024-12-03T00:10:38.956+0000] {dagbag.py:588} INFO - Filling up the DagBag from /home/airflow/.local/lib/python3.12/site-packages/airflow/example_dags/example_bash_operator.py
[2024-12-03T00:10:38.964+0000] {processor.py:925} INFO - DAG(s) 'example_bash_operator' retrieved from /home/airflow/.local/lib/python3.12/site-packages/airflow/example_dags/example_bash_operator.py
[2024-12-03T00:10:38.974+0000] {logging_mixin.py:190} INFO - [2024-12-03T00:10:38.974+0000] {dag.py:3239} INFO - Sync 1 DAGs
[2024-12-03T00:10:38.982+0000] {logging_mixin.py:190} INFO - [2024-12-03T00:10:38.982+0000] {dag.py:4180} INFO - Setting next_dagrun for example_bash_operator to 2024-12-02 00:00:00+00:00, run_after=2024-12-03 00:00:00+00:00
[2024-12-03T00:10:38.988+0000] {processor.py:208} INFO - Processing /home/airflow/.local/lib/python3.12/site-packages/airflow/example_dags/example_bash_operator.py took 0.036 seconds
[2024-12-03T00:11:10.086+0000] {processor.py:186} INFO - Started process (PID=4418) to work on /home/airflow/.local/lib/python3.12/site-packages/airflow/example_dags/example_bash_operator.py
[2024-12-03T00:11:10.086+0000] {processor.py:914} INFO - Processing file /home/airflow/.local/lib/python3.12/site-packages/airflow/example_dags/example_bash_operator.py for tasks to queue
[2024-12-03T00:11:10.087+0000] {logging_mixin.py:190} INFO - [2024-12-03T00:11:10.087+0000] {dagbag.py:588} INFO - Filling up the DagBag from /home/airflow/.local/lib/python3.12/site-packages/airflow/example_dags/example_bash_operator.py
[2024-12-03T00:11:10.092+0000] {processor.py:925} INFO - DAG(s) 'example_bash_operator' retrieved from /home/airflow/.local/lib/python3.12/site-packages/airflow/example_dags/example_bash_operator.py
[2024-12-03T00:11:10.100+0000] {logging_mixin.py:190} INFO - [2024-12-03T00:11:10.100+0000] {dag.py:3239} INFO - Sync 1 DAGs
[2024-12-03T00:11:10.108+0000] {logging_mixin.py:190} INFO - [2024-12-03T00:11:10.108+0000] {dag.py:4180} INFO - Setting next_dagrun for example_bash_operator to 2024-12-02 00:00:00+00:00, run_after=2024-12-03 00:00:00+00:00
[2024-12-03T00:11:10.113+0000] {processor.py:208} INFO - Processing /home/airflow/.local/lib/python3.12/site-packages/airflow/example_dags/example_bash_operator.py took 0.030 seconds
[2024-12-03T00:11:40.328+0000] {processor.py:186} INFO - Started process (PID=4484) to work on /home/airflow/.local/lib/python3.12/site-packages/airflow/example_dags/example_bash_operator.py
[2024-12-03T00:11:40.331+0000] {processor.py:914} INFO - Processing file /home/airflow/.local/lib/python3.12/site-packages/airflow/example_dags/example_bash_operator.py for tasks to queue
[2024-12-03T00:11:40.333+0000] {logging_mixin.py:190} INFO - [2024-12-03T00:11:40.333+0000] {dagbag.py:588} INFO - Filling up the DagBag from /home/airflow/.local/lib/python3.12/site-packages/airflow/example_dags/example_bash_operator.py
[2024-12-03T00:11:40.339+0000] {processor.py:925} INFO - DAG(s) 'example_bash_operator' retrieved from /home/airflow/.local/lib/python3.12/site-packages/airflow/example_dags/example_bash_operator.py
[2024-12-03T00:11:40.353+0000] {logging_mixin.py:190} INFO - [2024-12-03T00:11:40.353+0000] {dag.py:3239} INFO - Sync 1 DAGs
[2024-12-03T00:11:40.362+0000] {logging_mixin.py:190} INFO - [2024-12-03T00:11:40.361+0000] {dag.py:4180} INFO - Setting next_dagrun for example_bash_operator to 2024-12-02 00:00:00+00:00, run_after=2024-12-03 00:00:00+00:00
[2024-12-03T00:11:40.369+0000] {processor.py:208} INFO - Processing /home/airflow/.local/lib/python3.12/site-packages/airflow/example_dags/example_bash_operator.py took 0.044 seconds
[2024-12-03T00:12:11.535+0000] {processor.py:186} INFO - Started process (PID=4550) to work on /home/airflow/.local/lib/python3.12/site-packages/airflow/example_dags/example_bash_operator.py
[2024-12-03T00:12:11.536+0000] {processor.py:914} INFO - Processing file /home/airflow/.local/lib/python3.12/site-packages/airflow/example_dags/example_bash_operator.py for tasks to queue
[2024-12-03T00:12:11.536+0000] {logging_mixin.py:190} INFO - [2024-12-03T00:12:11.536+0000] {dagbag.py:588} INFO - Filling up the DagBag from /home/airflow/.local/lib/python3.12/site-packages/airflow/example_dags/example_bash_operator.py
[2024-12-03T00:12:11.542+0000] {processor.py:925} INFO - DAG(s) 'example_bash_operator' retrieved from /home/airflow/.local/lib/python3.12/site-packages/airflow/example_dags/example_bash_operator.py
[2024-12-03T00:12:11.552+0000] {logging_mixin.py:190} INFO - [2024-12-03T00:12:11.552+0000] {dag.py:3239} INFO - Sync 1 DAGs
[2024-12-03T00:12:11.561+0000] {logging_mixin.py:190} INFO - [2024-12-03T00:12:11.561+0000] {dag.py:4180} INFO - Setting next_dagrun for example_bash_operator to 2024-12-02 00:00:00+00:00, run_after=2024-12-03 00:00:00+00:00
[2024-12-03T00:12:11.568+0000] {processor.py:208} INFO - Processing /home/airflow/.local/lib/python3.12/site-packages/airflow/example_dags/example_bash_operator.py took 0.035 seconds
[2024-12-03T00:12:42.732+0000] {processor.py:186} INFO - Started process (PID=4616) to work on /home/airflow/.local/lib/python3.12/site-packages/airflow/example_dags/example_bash_operator.py
[2024-12-03T00:12:42.733+0000] {processor.py:914} INFO - Processing file /home/airflow/.local/lib/python3.12/site-packages/airflow/example_dags/example_bash_operator.py for tasks to queue
[2024-12-03T00:12:42.735+0000] {logging_mixin.py:190} INFO - [2024-12-03T00:12:42.735+0000] {dagbag.py:588} INFO - Filling up the DagBag from /home/airflow/.local/lib/python3.12/site-packages/airflow/example_dags/example_bash_operator.py
[2024-12-03T00:12:42.741+0000] {processor.py:925} INFO - DAG(s) 'example_bash_operator' retrieved from /home/airflow/.local/lib/python3.12/site-packages/airflow/example_dags/example_bash_operator.py
[2024-12-03T00:12:42.751+0000] {logging_mixin.py:190} INFO - [2024-12-03T00:12:42.751+0000] {dag.py:3239} INFO - Sync 1 DAGs
[2024-12-03T00:12:42.759+0000] {logging_mixin.py:190} INFO - [2024-12-03T00:12:42.759+0000] {dag.py:4180} INFO - Setting next_dagrun for example_bash_operator to 2024-12-02 00:00:00+00:00, run_after=2024-12-03 00:00:00+00:00
[2024-12-03T00:12:42.765+0000] {processor.py:208} INFO - Processing /home/airflow/.local/lib/python3.12/site-packages/airflow/example_dags/example_bash_operator.py took 0.036 seconds
[2024-12-03T00:13:13.110+0000] {processor.py:186} INFO - Started process (PID=4682) to work on /home/airflow/.local/lib/python3.12/site-packages/airflow/example_dags/example_bash_operator.py
[2024-12-03T00:13:13.112+0000] {processor.py:914} INFO - Processing file /home/airflow/.local/lib/python3.12/site-packages/airflow/example_dags/example_bash_operator.py for tasks to queue
[2024-12-03T00:13:13.115+0000] {logging_mixin.py:190} INFO - [2024-12-03T00:13:13.115+0000] {dagbag.py:588} INFO - Filling up the DagBag from /home/airflow/.local/lib/python3.12/site-packages/airflow/example_dags/example_bash_operator.py
[2024-12-03T00:13:13.120+0000] {processor.py:925} INFO - DAG(s) 'example_bash_operator' retrieved from /home/airflow/.local/lib/python3.12/site-packages/airflow/example_dags/example_bash_operator.py
[2024-12-03T00:13:13.132+0000] {logging_mixin.py:190} INFO - [2024-12-03T00:13:13.132+0000] {dag.py:3239} INFO - Sync 1 DAGs
[2024-12-03T00:13:13.142+0000] {logging_mixin.py:190} INFO - [2024-12-03T00:13:13.141+0000] {dag.py:4180} INFO - Setting next_dagrun for example_bash_operator to 2024-12-02 00:00:00+00:00, run_after=2024-12-03 00:00:00+00:00
[2024-12-03T00:13:13.147+0000] {processor.py:208} INFO - Processing /home/airflow/.local/lib/python3.12/site-packages/airflow/example_dags/example_bash_operator.py took 0.039 seconds
[2024-12-03T00:13:44.331+0000] {processor.py:186} INFO - Started process (PID=4748) to work on /home/airflow/.local/lib/python3.12/site-packages/airflow/example_dags/example_bash_operator.py
[2024-12-03T00:13:44.334+0000] {processor.py:914} INFO - Processing file /home/airflow/.local/lib/python3.12/site-packages/airflow/example_dags/example_bash_operator.py for tasks to queue
[2024-12-03T00:13:44.335+0000] {logging_mixin.py:190} INFO - [2024-12-03T00:13:44.335+0000] {dagbag.py:588} INFO - Filling up the DagBag from /home/airflow/.local/lib/python3.12/site-packages/airflow/example_dags/example_bash_operator.py
[2024-12-03T00:13:44.341+0000] {processor.py:925} INFO - DAG(s) 'example_bash_operator' retrieved from /home/airflow/.local/lib/python3.12/site-packages/airflow/example_dags/example_bash_operator.py
[2024-12-03T00:13:44.350+0000] {logging_mixin.py:190} INFO - [2024-12-03T00:13:44.350+0000] {dag.py:3239} INFO - Sync 1 DAGs
[2024-12-03T00:13:44.362+0000] {logging_mixin.py:190} INFO - [2024-12-03T00:13:44.362+0000] {dag.py:4180} INFO - Setting next_dagrun for example_bash_operator to 2024-12-02 00:00:00+00:00, run_after=2024-12-03 00:00:00+00:00
[2024-12-03T00:13:44.369+0000] {processor.py:208} INFO - Processing /home/airflow/.local/lib/python3.12/site-packages/airflow/example_dags/example_bash_operator.py took 0.040 seconds
[2024-12-03T00:14:14.718+0000] {processor.py:186} INFO - Started process (PID=4814) to work on /home/airflow/.local/lib/python3.12/site-packages/airflow/example_dags/example_bash_operator.py
[2024-12-03T00:14:14.718+0000] {processor.py:914} INFO - Processing file /home/airflow/.local/lib/python3.12/site-packages/airflow/example_dags/example_bash_operator.py for tasks to queue
[2024-12-03T00:14:14.719+0000] {logging_mixin.py:190} INFO - [2024-12-03T00:14:14.719+0000] {dagbag.py:588} INFO - Filling up the DagBag from /home/airflow/.local/lib/python3.12/site-packages/airflow/example_dags/example_bash_operator.py
[2024-12-03T00:14:14.724+0000] {processor.py:925} INFO - DAG(s) 'example_bash_operator' retrieved from /home/airflow/.local/lib/python3.12/site-packages/airflow/example_dags/example_bash_operator.py
[2024-12-03T00:14:14.738+0000] {logging_mixin.py:190} INFO - [2024-12-03T00:14:14.738+0000] {dag.py:3239} INFO - Sync 1 DAGs
[2024-12-03T00:14:14.749+0000] {logging_mixin.py:190} INFO - [2024-12-03T00:14:14.749+0000] {dag.py:4180} INFO - Setting next_dagrun for example_bash_operator to 2024-12-02 00:00:00+00:00, run_after=2024-12-03 00:00:00+00:00
[2024-12-03T00:14:14.759+0000] {processor.py:208} INFO - Processing /home/airflow/.local/lib/python3.12/site-packages/airflow/example_dags/example_bash_operator.py took 0.044 seconds
[2024-12-03T00:14:45.067+0000] {processor.py:186} INFO - Started process (PID=4880) to work on /home/airflow/.local/lib/python3.12/site-packages/airflow/example_dags/example_bash_operator.py
[2024-12-03T00:14:45.067+0000] {processor.py:914} INFO - Processing file /home/airflow/.local/lib/python3.12/site-packages/airflow/example_dags/example_bash_operator.py for tasks to queue
[2024-12-03T00:14:45.068+0000] {logging_mixin.py:190} INFO - [2024-12-03T00:14:45.068+0000] {dagbag.py:588} INFO - Filling up the DagBag from /home/airflow/.local/lib/python3.12/site-packages/airflow/example_dags/example_bash_operator.py
[2024-12-03T00:14:45.074+0000] {processor.py:925} INFO - DAG(s) 'example_bash_operator' retrieved from /home/airflow/.local/lib/python3.12/site-packages/airflow/example_dags/example_bash_operator.py
[2024-12-03T00:14:45.084+0000] {logging_mixin.py:190} INFO - [2024-12-03T00:14:45.084+0000] {dag.py:3239} INFO - Sync 1 DAGs
[2024-12-03T00:14:45.095+0000] {logging_mixin.py:190} INFO - [2024-12-03T00:14:45.095+0000] {dag.py:4180} INFO - Setting next_dagrun for example_bash_operator to 2024-12-02 00:00:00+00:00, run_after=2024-12-03 00:00:00+00:00
[2024-12-03T00:14:45.102+0000] {processor.py:208} INFO - Processing /home/airflow/.local/lib/python3.12/site-packages/airflow/example_dags/example_bash_operator.py took 0.037 seconds
[2024-12-03T00:15:15.575+0000] {processor.py:186} INFO - Started process (PID=4946) to work on /home/airflow/.local/lib/python3.12/site-packages/airflow/example_dags/example_bash_operator.py
[2024-12-03T00:15:15.575+0000] {processor.py:914} INFO - Processing file /home/airflow/.local/lib/python3.12/site-packages/airflow/example_dags/example_bash_operator.py for tasks to queue
[2024-12-03T00:15:15.576+0000] {logging_mixin.py:190} INFO - [2024-12-03T00:15:15.576+0000] {dagbag.py:588} INFO - Filling up the DagBag from /home/airflow/.local/lib/python3.12/site-packages/airflow/example_dags/example_bash_operator.py
[2024-12-03T00:15:15.581+0000] {processor.py:925} INFO - DAG(s) 'example_bash_operator' retrieved from /home/airflow/.local/lib/python3.12/site-packages/airflow/example_dags/example_bash_operator.py
[2024-12-03T00:15:15.592+0000] {logging_mixin.py:190} INFO - [2024-12-03T00:15:15.592+0000] {dag.py:3239} INFO - Sync 1 DAGs
[2024-12-03T00:15:15.601+0000] {logging_mixin.py:190} INFO - [2024-12-03T00:15:15.601+0000] {dag.py:4180} INFO - Setting next_dagrun for example_bash_operator to 2024-12-02 00:00:00+00:00, run_after=2024-12-03 00:00:00+00:00
[2024-12-03T00:15:15.611+0000] {processor.py:208} INFO - Processing /home/airflow/.local/lib/python3.12/site-packages/airflow/example_dags/example_bash_operator.py took 0.039 seconds
[2024-12-03T00:15:46.212+0000] {processor.py:186} INFO - Started process (PID=5012) to work on /home/airflow/.local/lib/python3.12/site-packages/airflow/example_dags/example_bash_operator.py
[2024-12-03T00:15:46.213+0000] {processor.py:914} INFO - Processing file /home/airflow/.local/lib/python3.12/site-packages/airflow/example_dags/example_bash_operator.py for tasks to queue
[2024-12-03T00:15:46.214+0000] {logging_mixin.py:190} INFO - [2024-12-03T00:15:46.214+0000] {dagbag.py:588} INFO - Filling up the DagBag from /home/airflow/.local/lib/python3.12/site-packages/airflow/example_dags/example_bash_operator.py
[2024-12-03T00:15:46.219+0000] {processor.py:925} INFO - DAG(s) 'example_bash_operator' retrieved from /home/airflow/.local/lib/python3.12/site-packages/airflow/example_dags/example_bash_operator.py
[2024-12-03T00:15:46.230+0000] {logging_mixin.py:190} INFO - [2024-12-03T00:15:46.230+0000] {dag.py:3239} INFO - Sync 1 DAGs
[2024-12-03T00:15:46.238+0000] {logging_mixin.py:190} INFO - [2024-12-03T00:15:46.238+0000] {dag.py:4180} INFO - Setting next_dagrun for example_bash_operator to 2024-12-02 00:00:00+00:00, run_after=2024-12-03 00:00:00+00:00
[2024-12-03T00:15:46.250+0000] {processor.py:208} INFO - Processing /home/airflow/.local/lib/python3.12/site-packages/airflow/example_dags/example_bash_operator.py took 0.040 seconds
[2024-12-03T00:16:16.518+0000] {processor.py:186} INFO - Started process (PID=5079) to work on /home/airflow/.local/lib/python3.12/site-packages/airflow/example_dags/example_bash_operator.py
[2024-12-03T00:16:16.520+0000] {processor.py:914} INFO - Processing file /home/airflow/.local/lib/python3.12/site-packages/airflow/example_dags/example_bash_operator.py for tasks to queue
[2024-12-03T00:16:16.521+0000] {logging_mixin.py:190} INFO - [2024-12-03T00:16:16.521+0000] {dagbag.py:588} INFO - Filling up the DagBag from /home/airflow/.local/lib/python3.12/site-packages/airflow/example_dags/example_bash_operator.py
[2024-12-03T00:16:16.527+0000] {processor.py:925} INFO - DAG(s) 'example_bash_operator' retrieved from /home/airflow/.local/lib/python3.12/site-packages/airflow/example_dags/example_bash_operator.py
[2024-12-03T00:16:16.537+0000] {logging_mixin.py:190} INFO - [2024-12-03T00:16:16.537+0000] {dag.py:3239} INFO - Sync 1 DAGs
[2024-12-03T00:16:16.546+0000] {logging_mixin.py:190} INFO - [2024-12-03T00:16:16.545+0000] {dag.py:4180} INFO - Setting next_dagrun for example_bash_operator to 2024-12-02 00:00:00+00:00, run_after=2024-12-03 00:00:00+00:00
[2024-12-03T00:16:16.553+0000] {processor.py:208} INFO - Processing /home/airflow/.local/lib/python3.12/site-packages/airflow/example_dags/example_bash_operator.py took 0.037 seconds
[2024-12-03T00:16:47.058+0000] {processor.py:186} INFO - Started process (PID=5146) to work on /home/airflow/.local/lib/python3.12/site-packages/airflow/example_dags/example_bash_operator.py
[2024-12-03T00:16:47.061+0000] {processor.py:914} INFO - Processing file /home/airflow/.local/lib/python3.12/site-packages/airflow/example_dags/example_bash_operator.py for tasks to queue
[2024-12-03T00:16:47.062+0000] {logging_mixin.py:190} INFO - [2024-12-03T00:16:47.062+0000] {dagbag.py:588} INFO - Filling up the DagBag from /home/airflow/.local/lib/python3.12/site-packages/airflow/example_dags/example_bash_operator.py
[2024-12-03T00:16:47.068+0000] {processor.py:925} INFO - DAG(s) 'example_bash_operator' retrieved from /home/airflow/.local/lib/python3.12/site-packages/airflow/example_dags/example_bash_operator.py
[2024-12-03T00:16:47.079+0000] {logging_mixin.py:190} INFO - [2024-12-03T00:16:47.079+0000] {dag.py:3239} INFO - Sync 1 DAGs
[2024-12-03T00:16:47.088+0000] {logging_mixin.py:190} INFO - [2024-12-03T00:16:47.088+0000] {dag.py:4180} INFO - Setting next_dagrun for example_bash_operator to 2024-12-02 00:00:00+00:00, run_after=2024-12-03 00:00:00+00:00
[2024-12-03T00:16:47.094+0000] {processor.py:208} INFO - Processing /home/airflow/.local/lib/python3.12/site-packages/airflow/example_dags/example_bash_operator.py took 0.039 seconds
[2024-12-03T00:17:17.468+0000] {processor.py:186} INFO - Started process (PID=5212) to work on /home/airflow/.local/lib/python3.12/site-packages/airflow/example_dags/example_bash_operator.py
[2024-12-03T00:17:17.469+0000] {processor.py:914} INFO - Processing file /home/airflow/.local/lib/python3.12/site-packages/airflow/example_dags/example_bash_operator.py for tasks to queue
[2024-12-03T00:17:17.470+0000] {logging_mixin.py:190} INFO - [2024-12-03T00:17:17.469+0000] {dagbag.py:588} INFO - Filling up the DagBag from /home/airflow/.local/lib/python3.12/site-packages/airflow/example_dags/example_bash_operator.py
[2024-12-03T00:17:17.475+0000] {processor.py:925} INFO - DAG(s) 'example_bash_operator' retrieved from /home/airflow/.local/lib/python3.12/site-packages/airflow/example_dags/example_bash_operator.py
[2024-12-03T00:17:17.486+0000] {logging_mixin.py:190} INFO - [2024-12-03T00:17:17.486+0000] {dag.py:3239} INFO - Sync 1 DAGs
[2024-12-03T00:17:17.494+0000] {logging_mixin.py:190} INFO - [2024-12-03T00:17:17.494+0000] {dag.py:4180} INFO - Setting next_dagrun for example_bash_operator to 2024-12-02 00:00:00+00:00, run_after=2024-12-03 00:00:00+00:00
[2024-12-03T00:17:17.501+0000] {processor.py:208} INFO - Processing /home/airflow/.local/lib/python3.12/site-packages/airflow/example_dags/example_bash_operator.py took 0.035 seconds
[2024-12-03T00:17:47.852+0000] {processor.py:186} INFO - Started process (PID=5278) to work on /home/airflow/.local/lib/python3.12/site-packages/airflow/example_dags/example_bash_operator.py
[2024-12-03T00:17:47.853+0000] {processor.py:914} INFO - Processing file /home/airflow/.local/lib/python3.12/site-packages/airflow/example_dags/example_bash_operator.py for tasks to queue
[2024-12-03T00:17:47.854+0000] {logging_mixin.py:190} INFO - [2024-12-03T00:17:47.854+0000] {dagbag.py:588} INFO - Filling up the DagBag from /home/airflow/.local/lib/python3.12/site-packages/airflow/example_dags/example_bash_operator.py
[2024-12-03T00:17:47.859+0000] {processor.py:925} INFO - DAG(s) 'example_bash_operator' retrieved from /home/airflow/.local/lib/python3.12/site-packages/airflow/example_dags/example_bash_operator.py
[2024-12-03T00:17:47.869+0000] {logging_mixin.py:190} INFO - [2024-12-03T00:17:47.869+0000] {dag.py:3239} INFO - Sync 1 DAGs
[2024-12-03T00:17:47.877+0000] {logging_mixin.py:190} INFO - [2024-12-03T00:17:47.877+0000] {dag.py:4180} INFO - Setting next_dagrun for example_bash_operator to 2024-12-02 00:00:00+00:00, run_after=2024-12-03 00:00:00+00:00
[2024-12-03T00:17:47.886+0000] {processor.py:208} INFO - Processing /home/airflow/.local/lib/python3.12/site-packages/airflow/example_dags/example_bash_operator.py took 0.036 seconds
[2024-12-03T00:18:18.033+0000] {processor.py:186} INFO - Started process (PID=5344) to work on /home/airflow/.local/lib/python3.12/site-packages/airflow/example_dags/example_bash_operator.py
[2024-12-03T00:18:18.034+0000] {processor.py:914} INFO - Processing file /home/airflow/.local/lib/python3.12/site-packages/airflow/example_dags/example_bash_operator.py for tasks to queue
[2024-12-03T00:18:18.035+0000] {logging_mixin.py:190} INFO - [2024-12-03T00:18:18.034+0000] {dagbag.py:588} INFO - Filling up the DagBag from /home/airflow/.local/lib/python3.12/site-packages/airflow/example_dags/example_bash_operator.py
[2024-12-03T00:18:18.040+0000] {processor.py:925} INFO - DAG(s) 'example_bash_operator' retrieved from /home/airflow/.local/lib/python3.12/site-packages/airflow/example_dags/example_bash_operator.py
[2024-12-03T00:18:18.050+0000] {logging_mixin.py:190} INFO - [2024-12-03T00:18:18.050+0000] {dag.py:3239} INFO - Sync 1 DAGs
[2024-12-03T00:18:18.059+0000] {logging_mixin.py:190} INFO - [2024-12-03T00:18:18.059+0000] {dag.py:4180} INFO - Setting next_dagrun for example_bash_operator to 2024-12-02 00:00:00+00:00, run_after=2024-12-03 00:00:00+00:00
[2024-12-03T00:18:18.065+0000] {processor.py:208} INFO - Processing /home/airflow/.local/lib/python3.12/site-packages/airflow/example_dags/example_bash_operator.py took 0.034 seconds
[2024-12-03T00:18:48.194+0000] {processor.py:186} INFO - Started process (PID=5410) to work on /home/airflow/.local/lib/python3.12/site-packages/airflow/example_dags/example_bash_operator.py
[2024-12-03T00:18:48.196+0000] {processor.py:914} INFO - Processing file /home/airflow/.local/lib/python3.12/site-packages/airflow/example_dags/example_bash_operator.py for tasks to queue
[2024-12-03T00:18:48.197+0000] {logging_mixin.py:190} INFO - [2024-12-03T00:18:48.197+0000] {dagbag.py:588} INFO - Filling up the DagBag from /home/airflow/.local/lib/python3.12/site-packages/airflow/example_dags/example_bash_operator.py
[2024-12-03T00:18:48.203+0000] {processor.py:925} INFO - DAG(s) 'example_bash_operator' retrieved from /home/airflow/.local/lib/python3.12/site-packages/airflow/example_dags/example_bash_operator.py
[2024-12-03T00:18:48.212+0000] {logging_mixin.py:190} INFO - [2024-12-03T00:18:48.212+0000] {dag.py:3239} INFO - Sync 1 DAGs
[2024-12-03T00:18:48.220+0000] {logging_mixin.py:190} INFO - [2024-12-03T00:18:48.220+0000] {dag.py:4180} INFO - Setting next_dagrun for example_bash_operator to 2024-12-02 00:00:00+00:00, run_after=2024-12-03 00:00:00+00:00
[2024-12-03T00:18:48.226+0000] {processor.py:208} INFO - Processing /home/airflow/.local/lib/python3.12/site-packages/airflow/example_dags/example_bash_operator.py took 0.034 seconds
[2024-12-03T00:19:18.367+0000] {processor.py:186} INFO - Started process (PID=5475) to work on /home/airflow/.local/lib/python3.12/site-packages/airflow/example_dags/example_bash_operator.py
[2024-12-03T00:19:18.368+0000] {processor.py:914} INFO - Processing file /home/airflow/.local/lib/python3.12/site-packages/airflow/example_dags/example_bash_operator.py for tasks to queue
[2024-12-03T00:19:18.369+0000] {logging_mixin.py:190} INFO - [2024-12-03T00:19:18.369+0000] {dagbag.py:588} INFO - Filling up the DagBag from /home/airflow/.local/lib/python3.12/site-packages/airflow/example_dags/example_bash_operator.py
[2024-12-03T00:19:18.375+0000] {processor.py:925} INFO - DAG(s) 'example_bash_operator' retrieved from /home/airflow/.local/lib/python3.12/site-packages/airflow/example_dags/example_bash_operator.py
[2024-12-03T00:19:18.386+0000] {logging_mixin.py:190} INFO - [2024-12-03T00:19:18.386+0000] {dag.py:3239} INFO - Sync 1 DAGs
[2024-12-03T00:19:18.395+0000] {logging_mixin.py:190} INFO - [2024-12-03T00:19:18.395+0000] {dag.py:4180} INFO - Setting next_dagrun for example_bash_operator to 2024-12-02 00:00:00+00:00, run_after=2024-12-03 00:00:00+00:00
[2024-12-03T00:19:18.402+0000] {processor.py:208} INFO - Processing /home/airflow/.local/lib/python3.12/site-packages/airflow/example_dags/example_bash_operator.py took 0.037 seconds
[2024-12-03T00:19:48.562+0000] {processor.py:186} INFO - Started process (PID=5540) to work on /home/airflow/.local/lib/python3.12/site-packages/airflow/example_dags/example_bash_operator.py
[2024-12-03T00:19:48.564+0000] {processor.py:914} INFO - Processing file /home/airflow/.local/lib/python3.12/site-packages/airflow/example_dags/example_bash_operator.py for tasks to queue
[2024-12-03T00:19:48.565+0000] {logging_mixin.py:190} INFO - [2024-12-03T00:19:48.565+0000] {dagbag.py:588} INFO - Filling up the DagBag from /home/airflow/.local/lib/python3.12/site-packages/airflow/example_dags/example_bash_operator.py
[2024-12-03T00:19:48.570+0000] {processor.py:925} INFO - DAG(s) 'example_bash_operator' retrieved from /home/airflow/.local/lib/python3.12/site-packages/airflow/example_dags/example_bash_operator.py
[2024-12-03T00:19:48.580+0000] {logging_mixin.py:190} INFO - [2024-12-03T00:19:48.579+0000] {dag.py:3239} INFO - Sync 1 DAGs
[2024-12-03T00:19:48.588+0000] {logging_mixin.py:190} INFO - [2024-12-03T00:19:48.588+0000] {dag.py:4180} INFO - Setting next_dagrun for example_bash_operator to 2024-12-02 00:00:00+00:00, run_after=2024-12-03 00:00:00+00:00
[2024-12-03T00:19:48.594+0000] {processor.py:208} INFO - Processing /home/airflow/.local/lib/python3.12/site-packages/airflow/example_dags/example_bash_operator.py took 0.035 seconds
[2024-12-03T00:20:18.833+0000] {processor.py:186} INFO - Started process (PID=5606) to work on /home/airflow/.local/lib/python3.12/site-packages/airflow/example_dags/example_bash_operator.py
[2024-12-03T00:20:18.834+0000] {processor.py:914} INFO - Processing file /home/airflow/.local/lib/python3.12/site-packages/airflow/example_dags/example_bash_operator.py for tasks to queue
[2024-12-03T00:20:18.835+0000] {logging_mixin.py:190} INFO - [2024-12-03T00:20:18.834+0000] {dagbag.py:588} INFO - Filling up the DagBag from /home/airflow/.local/lib/python3.12/site-packages/airflow/example_dags/example_bash_operator.py
[2024-12-03T00:20:18.840+0000] {processor.py:925} INFO - DAG(s) 'example_bash_operator' retrieved from /home/airflow/.local/lib/python3.12/site-packages/airflow/example_dags/example_bash_operator.py
[2024-12-03T00:20:18.850+0000] {logging_mixin.py:190} INFO - [2024-12-03T00:20:18.850+0000] {dag.py:3239} INFO - Sync 1 DAGs
[2024-12-03T00:20:18.859+0000] {logging_mixin.py:190} INFO - [2024-12-03T00:20:18.859+0000] {dag.py:4180} INFO - Setting next_dagrun for example_bash_operator to 2024-12-02 00:00:00+00:00, run_after=2024-12-03 00:00:00+00:00
[2024-12-03T00:20:18.868+0000] {processor.py:208} INFO - Processing /home/airflow/.local/lib/python3.12/site-packages/airflow/example_dags/example_bash_operator.py took 0.037 seconds
[2024-12-03T00:20:49.170+0000] {processor.py:186} INFO - Started process (PID=5672) to work on /home/airflow/.local/lib/python3.12/site-packages/airflow/example_dags/example_bash_operator.py
[2024-12-03T00:20:49.170+0000] {processor.py:914} INFO - Processing file /home/airflow/.local/lib/python3.12/site-packages/airflow/example_dags/example_bash_operator.py for tasks to queue
[2024-12-03T00:20:49.171+0000] {logging_mixin.py:190} INFO - [2024-12-03T00:20:49.171+0000] {dagbag.py:588} INFO - Filling up the DagBag from /home/airflow/.local/lib/python3.12/site-packages/airflow/example_dags/example_bash_operator.py
[2024-12-03T00:20:49.177+0000] {processor.py:925} INFO - DAG(s) 'example_bash_operator' retrieved from /home/airflow/.local/lib/python3.12/site-packages/airflow/example_dags/example_bash_operator.py
[2024-12-03T00:20:49.188+0000] {logging_mixin.py:190} INFO - [2024-12-03T00:20:49.188+0000] {dag.py:3239} INFO - Sync 1 DAGs
[2024-12-03T00:20:49.196+0000] {logging_mixin.py:190} INFO - [2024-12-03T00:20:49.196+0000] {dag.py:4180} INFO - Setting next_dagrun for example_bash_operator to 2024-12-02 00:00:00+00:00, run_after=2024-12-03 00:00:00+00:00
[2024-12-03T00:20:49.203+0000] {processor.py:208} INFO - Processing /home/airflow/.local/lib/python3.12/site-packages/airflow/example_dags/example_bash_operator.py took 0.036 seconds
[2024-12-03T00:21:19.553+0000] {processor.py:186} INFO - Started process (PID=5738) to work on /home/airflow/.local/lib/python3.12/site-packages/airflow/example_dags/example_bash_operator.py
[2024-12-03T00:21:19.554+0000] {processor.py:914} INFO - Processing file /home/airflow/.local/lib/python3.12/site-packages/airflow/example_dags/example_bash_operator.py for tasks to queue
[2024-12-03T00:21:19.554+0000] {logging_mixin.py:190} INFO - [2024-12-03T00:21:19.554+0000] {dagbag.py:588} INFO - Filling up the DagBag from /home/airflow/.local/lib/python3.12/site-packages/airflow/example_dags/example_bash_operator.py
[2024-12-03T00:21:19.559+0000] {processor.py:925} INFO - DAG(s) 'example_bash_operator' retrieved from /home/airflow/.local/lib/python3.12/site-packages/airflow/example_dags/example_bash_operator.py
[2024-12-03T00:21:19.568+0000] {logging_mixin.py:190} INFO - [2024-12-03T00:21:19.568+0000] {dag.py:3239} INFO - Sync 1 DAGs
[2024-12-03T00:21:19.575+0000] {logging_mixin.py:190} INFO - [2024-12-03T00:21:19.575+0000] {dag.py:4180} INFO - Setting next_dagrun for example_bash_operator to 2024-12-02 00:00:00+00:00, run_after=2024-12-03 00:00:00+00:00
[2024-12-03T00:21:19.580+0000] {processor.py:208} INFO - Processing /home/airflow/.local/lib/python3.12/site-packages/airflow/example_dags/example_bash_operator.py took 0.029 seconds
[2024-12-03T00:21:49.884+0000] {processor.py:186} INFO - Started process (PID=5804) to work on /home/airflow/.local/lib/python3.12/site-packages/airflow/example_dags/example_bash_operator.py
[2024-12-03T00:21:49.884+0000] {processor.py:914} INFO - Processing file /home/airflow/.local/lib/python3.12/site-packages/airflow/example_dags/example_bash_operator.py for tasks to queue
[2024-12-03T00:21:49.885+0000] {logging_mixin.py:190} INFO - [2024-12-03T00:21:49.885+0000] {dagbag.py:588} INFO - Filling up the DagBag from /home/airflow/.local/lib/python3.12/site-packages/airflow/example_dags/example_bash_operator.py
[2024-12-03T00:21:49.890+0000] {processor.py:925} INFO - DAG(s) 'example_bash_operator' retrieved from /home/airflow/.local/lib/python3.12/site-packages/airflow/example_dags/example_bash_operator.py
[2024-12-03T00:21:49.899+0000] {logging_mixin.py:190} INFO - [2024-12-03T00:21:49.899+0000] {dag.py:3239} INFO - Sync 1 DAGs
[2024-12-03T00:21:49.906+0000] {logging_mixin.py:190} INFO - [2024-12-03T00:21:49.906+0000] {dag.py:4180} INFO - Setting next_dagrun for example_bash_operator to 2024-12-02 00:00:00+00:00, run_after=2024-12-03 00:00:00+00:00
[2024-12-03T00:21:49.911+0000] {processor.py:208} INFO - Processing /home/airflow/.local/lib/python3.12/site-packages/airflow/example_dags/example_bash_operator.py took 0.029 seconds
[2024-12-03T00:22:20.357+0000] {processor.py:186} INFO - Started process (PID=5871) to work on /home/airflow/.local/lib/python3.12/site-packages/airflow/example_dags/example_bash_operator.py
[2024-12-03T00:22:20.358+0000] {processor.py:914} INFO - Processing file /home/airflow/.local/lib/python3.12/site-packages/airflow/example_dags/example_bash_operator.py for tasks to queue
[2024-12-03T00:22:20.359+0000] {logging_mixin.py:190} INFO - [2024-12-03T00:22:20.359+0000] {dagbag.py:588} INFO - Filling up the DagBag from /home/airflow/.local/lib/python3.12/site-packages/airflow/example_dags/example_bash_operator.py
[2024-12-03T00:22:20.365+0000] {processor.py:925} INFO - DAG(s) 'example_bash_operator' retrieved from /home/airflow/.local/lib/python3.12/site-packages/airflow/example_dags/example_bash_operator.py
[2024-12-03T00:22:20.376+0000] {logging_mixin.py:190} INFO - [2024-12-03T00:22:20.376+0000] {dag.py:3239} INFO - Sync 1 DAGs
[2024-12-03T00:22:20.387+0000] {logging_mixin.py:190} INFO - [2024-12-03T00:22:20.387+0000] {dag.py:4180} INFO - Setting next_dagrun for example_bash_operator to 2024-12-02 00:00:00+00:00, run_after=2024-12-03 00:00:00+00:00
[2024-12-03T00:22:20.393+0000] {processor.py:208} INFO - Processing /home/airflow/.local/lib/python3.12/site-packages/airflow/example_dags/example_bash_operator.py took 0.038 seconds
[2024-12-03T00:22:50.853+0000] {processor.py:186} INFO - Started process (PID=5937) to work on /home/airflow/.local/lib/python3.12/site-packages/airflow/example_dags/example_bash_operator.py
[2024-12-03T00:22:50.854+0000] {processor.py:914} INFO - Processing file /home/airflow/.local/lib/python3.12/site-packages/airflow/example_dags/example_bash_operator.py for tasks to queue
[2024-12-03T00:22:50.855+0000] {logging_mixin.py:190} INFO - [2024-12-03T00:22:50.855+0000] {dagbag.py:588} INFO - Filling up the DagBag from /home/airflow/.local/lib/python3.12/site-packages/airflow/example_dags/example_bash_operator.py
[2024-12-03T00:22:50.864+0000] {processor.py:925} INFO - DAG(s) 'example_bash_operator' retrieved from /home/airflow/.local/lib/python3.12/site-packages/airflow/example_dags/example_bash_operator.py
[2024-12-03T00:22:50.875+0000] {logging_mixin.py:190} INFO - [2024-12-03T00:22:50.875+0000] {dag.py:3239} INFO - Sync 1 DAGs
[2024-12-03T00:22:50.886+0000] {logging_mixin.py:190} INFO - [2024-12-03T00:22:50.886+0000] {dag.py:4180} INFO - Setting next_dagrun for example_bash_operator to 2024-12-02 00:00:00+00:00, run_after=2024-12-03 00:00:00+00:00
[2024-12-03T00:22:50.895+0000] {processor.py:208} INFO - Processing /home/airflow/.local/lib/python3.12/site-packages/airflow/example_dags/example_bash_operator.py took 0.045 seconds
[2024-12-03T00:23:21.191+0000] {processor.py:186} INFO - Started process (PID=6003) to work on /home/airflow/.local/lib/python3.12/site-packages/airflow/example_dags/example_bash_operator.py
[2024-12-03T00:23:21.191+0000] {processor.py:914} INFO - Processing file /home/airflow/.local/lib/python3.12/site-packages/airflow/example_dags/example_bash_operator.py for tasks to queue
[2024-12-03T00:23:21.195+0000] {logging_mixin.py:190} INFO - [2024-12-03T00:23:21.195+0000] {dagbag.py:588} INFO - Filling up the DagBag from /home/airflow/.local/lib/python3.12/site-packages/airflow/example_dags/example_bash_operator.py
[2024-12-03T00:23:21.200+0000] {processor.py:925} INFO - DAG(s) 'example_bash_operator' retrieved from /home/airflow/.local/lib/python3.12/site-packages/airflow/example_dags/example_bash_operator.py
[2024-12-03T00:23:21.212+0000] {logging_mixin.py:190} INFO - [2024-12-03T00:23:21.212+0000] {dag.py:3239} INFO - Sync 1 DAGs
[2024-12-03T00:23:21.220+0000] {logging_mixin.py:190} INFO - [2024-12-03T00:23:21.220+0000] {dag.py:4180} INFO - Setting next_dagrun for example_bash_operator to 2024-12-02 00:00:00+00:00, run_after=2024-12-03 00:00:00+00:00
[2024-12-03T00:23:21.226+0000] {processor.py:208} INFO - Processing /home/airflow/.local/lib/python3.12/site-packages/airflow/example_dags/example_bash_operator.py took 0.038 seconds
[2024-12-03T00:23:51.414+0000] {processor.py:186} INFO - Started process (PID=6069) to work on /home/airflow/.local/lib/python3.12/site-packages/airflow/example_dags/example_bash_operator.py
[2024-12-03T00:23:51.414+0000] {processor.py:914} INFO - Processing file /home/airflow/.local/lib/python3.12/site-packages/airflow/example_dags/example_bash_operator.py for tasks to queue
[2024-12-03T00:23:51.415+0000] {logging_mixin.py:190} INFO - [2024-12-03T00:23:51.415+0000] {dagbag.py:588} INFO - Filling up the DagBag from /home/airflow/.local/lib/python3.12/site-packages/airflow/example_dags/example_bash_operator.py
[2024-12-03T00:23:51.420+0000] {processor.py:925} INFO - DAG(s) 'example_bash_operator' retrieved from /home/airflow/.local/lib/python3.12/site-packages/airflow/example_dags/example_bash_operator.py
[2024-12-03T00:23:51.430+0000] {logging_mixin.py:190} INFO - [2024-12-03T00:23:51.430+0000] {dag.py:3239} INFO - Sync 1 DAGs
[2024-12-03T00:23:51.438+0000] {logging_mixin.py:190} INFO - [2024-12-03T00:23:51.438+0000] {dag.py:4180} INFO - Setting next_dagrun for example_bash_operator to 2024-12-02 00:00:00+00:00, run_after=2024-12-03 00:00:00+00:00
[2024-12-03T00:23:51.446+0000] {processor.py:208} INFO - Processing /home/airflow/.local/lib/python3.12/site-packages/airflow/example_dags/example_bash_operator.py took 0.034 seconds
[2024-12-03T00:24:21.730+0000] {processor.py:186} INFO - Started process (PID=6135) to work on /home/airflow/.local/lib/python3.12/site-packages/airflow/example_dags/example_bash_operator.py
[2024-12-03T00:24:21.731+0000] {processor.py:914} INFO - Processing file /home/airflow/.local/lib/python3.12/site-packages/airflow/example_dags/example_bash_operator.py for tasks to queue
[2024-12-03T00:24:21.732+0000] {logging_mixin.py:190} INFO - [2024-12-03T00:24:21.732+0000] {dagbag.py:588} INFO - Filling up the DagBag from /home/airflow/.local/lib/python3.12/site-packages/airflow/example_dags/example_bash_operator.py
[2024-12-03T00:24:21.737+0000] {processor.py:925} INFO - DAG(s) 'example_bash_operator' retrieved from /home/airflow/.local/lib/python3.12/site-packages/airflow/example_dags/example_bash_operator.py
[2024-12-03T00:24:21.748+0000] {logging_mixin.py:190} INFO - [2024-12-03T00:24:21.748+0000] {dag.py:3239} INFO - Sync 1 DAGs
[2024-12-03T00:24:21.757+0000] {logging_mixin.py:190} INFO - [2024-12-03T00:24:21.757+0000] {dag.py:4180} INFO - Setting next_dagrun for example_bash_operator to 2024-12-02 00:00:00+00:00, run_after=2024-12-03 00:00:00+00:00
[2024-12-03T00:24:21.763+0000] {processor.py:208} INFO - Processing /home/airflow/.local/lib/python3.12/site-packages/airflow/example_dags/example_bash_operator.py took 0.035 seconds
[2024-12-03T00:24:52.022+0000] {processor.py:186} INFO - Started process (PID=6201) to work on /home/airflow/.local/lib/python3.12/site-packages/airflow/example_dags/example_bash_operator.py
[2024-12-03T00:24:52.023+0000] {processor.py:914} INFO - Processing file /home/airflow/.local/lib/python3.12/site-packages/airflow/example_dags/example_bash_operator.py for tasks to queue
[2024-12-03T00:24:52.024+0000] {logging_mixin.py:190} INFO - [2024-12-03T00:24:52.024+0000] {dagbag.py:588} INFO - Filling up the DagBag from /home/airflow/.local/lib/python3.12/site-packages/airflow/example_dags/example_bash_operator.py
[2024-12-03T00:24:52.030+0000] {processor.py:925} INFO - DAG(s) 'example_bash_operator' retrieved from /home/airflow/.local/lib/python3.12/site-packages/airflow/example_dags/example_bash_operator.py
[2024-12-03T00:24:52.043+0000] {logging_mixin.py:190} INFO - [2024-12-03T00:24:52.043+0000] {dag.py:3239} INFO - Sync 1 DAGs
[2024-12-03T00:24:52.053+0000] {logging_mixin.py:190} INFO - [2024-12-03T00:24:52.053+0000] {dag.py:4180} INFO - Setting next_dagrun for example_bash_operator to 2024-12-02 00:00:00+00:00, run_after=2024-12-03 00:00:00+00:00
[2024-12-03T00:24:52.065+0000] {processor.py:208} INFO - Processing /home/airflow/.local/lib/python3.12/site-packages/airflow/example_dags/example_bash_operator.py took 0.046 seconds
[2024-12-03T00:25:22.391+0000] {processor.py:186} INFO - Started process (PID=6267) to work on /home/airflow/.local/lib/python3.12/site-packages/airflow/example_dags/example_bash_operator.py
[2024-12-03T00:25:22.391+0000] {processor.py:914} INFO - Processing file /home/airflow/.local/lib/python3.12/site-packages/airflow/example_dags/example_bash_operator.py for tasks to queue
[2024-12-03T00:25:22.392+0000] {logging_mixin.py:190} INFO - [2024-12-03T00:25:22.392+0000] {dagbag.py:588} INFO - Filling up the DagBag from /home/airflow/.local/lib/python3.12/site-packages/airflow/example_dags/example_bash_operator.py
[2024-12-03T00:25:22.398+0000] {processor.py:925} INFO - DAG(s) 'example_bash_operator' retrieved from /home/airflow/.local/lib/python3.12/site-packages/airflow/example_dags/example_bash_operator.py
[2024-12-03T00:25:22.411+0000] {logging_mixin.py:190} INFO - [2024-12-03T00:25:22.411+0000] {dag.py:3239} INFO - Sync 1 DAGs
[2024-12-03T00:25:22.419+0000] {logging_mixin.py:190} INFO - [2024-12-03T00:25:22.419+0000] {dag.py:4180} INFO - Setting next_dagrun for example_bash_operator to 2024-12-02 00:00:00+00:00, run_after=2024-12-03 00:00:00+00:00
[2024-12-03T00:25:22.425+0000] {processor.py:208} INFO - Processing /home/airflow/.local/lib/python3.12/site-packages/airflow/example_dags/example_bash_operator.py took 0.037 seconds
[2024-12-03T00:25:52.620+0000] {processor.py:186} INFO - Started process (PID=6332) to work on /home/airflow/.local/lib/python3.12/site-packages/airflow/example_dags/example_bash_operator.py
[2024-12-03T00:25:52.624+0000] {processor.py:914} INFO - Processing file /home/airflow/.local/lib/python3.12/site-packages/airflow/example_dags/example_bash_operator.py for tasks to queue
[2024-12-03T00:25:52.625+0000] {logging_mixin.py:190} INFO - [2024-12-03T00:25:52.625+0000] {dagbag.py:588} INFO - Filling up the DagBag from /home/airflow/.local/lib/python3.12/site-packages/airflow/example_dags/example_bash_operator.py
[2024-12-03T00:25:52.632+0000] {processor.py:925} INFO - DAG(s) 'example_bash_operator' retrieved from /home/airflow/.local/lib/python3.12/site-packages/airflow/example_dags/example_bash_operator.py
[2024-12-03T00:25:52.644+0000] {logging_mixin.py:190} INFO - [2024-12-03T00:25:52.644+0000] {dag.py:3239} INFO - Sync 1 DAGs
[2024-12-03T00:25:52.654+0000] {logging_mixin.py:190} INFO - [2024-12-03T00:25:52.654+0000] {dag.py:4180} INFO - Setting next_dagrun for example_bash_operator to 2024-12-02 00:00:00+00:00, run_after=2024-12-03 00:00:00+00:00
[2024-12-03T00:25:52.661+0000] {processor.py:208} INFO - Processing /home/airflow/.local/lib/python3.12/site-packages/airflow/example_dags/example_bash_operator.py took 0.044 seconds
[2024-12-03T00:26:22.958+0000] {processor.py:186} INFO - Started process (PID=6398) to work on /home/airflow/.local/lib/python3.12/site-packages/airflow/example_dags/example_bash_operator.py
[2024-12-03T00:26:22.958+0000] {processor.py:914} INFO - Processing file /home/airflow/.local/lib/python3.12/site-packages/airflow/example_dags/example_bash_operator.py for tasks to queue
[2024-12-03T00:26:22.959+0000] {logging_mixin.py:190} INFO - [2024-12-03T00:26:22.959+0000] {dagbag.py:588} INFO - Filling up the DagBag from /home/airflow/.local/lib/python3.12/site-packages/airflow/example_dags/example_bash_operator.py
[2024-12-03T00:26:22.965+0000] {processor.py:925} INFO - DAG(s) 'example_bash_operator' retrieved from /home/airflow/.local/lib/python3.12/site-packages/airflow/example_dags/example_bash_operator.py
[2024-12-03T00:26:22.975+0000] {logging_mixin.py:190} INFO - [2024-12-03T00:26:22.975+0000] {dag.py:3239} INFO - Sync 1 DAGs
[2024-12-03T00:26:22.984+0000] {logging_mixin.py:190} INFO - [2024-12-03T00:26:22.984+0000] {dag.py:4180} INFO - Setting next_dagrun for example_bash_operator to 2024-12-02 00:00:00+00:00, run_after=2024-12-03 00:00:00+00:00
[2024-12-03T00:26:22.994+0000] {processor.py:208} INFO - Processing /home/airflow/.local/lib/python3.12/site-packages/airflow/example_dags/example_bash_operator.py took 0.039 seconds
[2024-12-03T00:26:53.325+0000] {processor.py:186} INFO - Started process (PID=6464) to work on /home/airflow/.local/lib/python3.12/site-packages/airflow/example_dags/example_bash_operator.py
[2024-12-03T00:26:53.326+0000] {processor.py:914} INFO - Processing file /home/airflow/.local/lib/python3.12/site-packages/airflow/example_dags/example_bash_operator.py for tasks to queue
[2024-12-03T00:26:53.327+0000] {logging_mixin.py:190} INFO - [2024-12-03T00:26:53.326+0000] {dagbag.py:588} INFO - Filling up the DagBag from /home/airflow/.local/lib/python3.12/site-packages/airflow/example_dags/example_bash_operator.py
[2024-12-03T00:26:53.332+0000] {processor.py:925} INFO - DAG(s) 'example_bash_operator' retrieved from /home/airflow/.local/lib/python3.12/site-packages/airflow/example_dags/example_bash_operator.py
[2024-12-03T00:26:53.341+0000] {logging_mixin.py:190} INFO - [2024-12-03T00:26:53.341+0000] {dag.py:3239} INFO - Sync 1 DAGs
[2024-12-03T00:26:53.349+0000] {logging_mixin.py:190} INFO - [2024-12-03T00:26:53.349+0000] {dag.py:4180} INFO - Setting next_dagrun for example_bash_operator to 2024-12-02 00:00:00+00:00, run_after=2024-12-03 00:00:00+00:00
[2024-12-03T00:26:53.354+0000] {processor.py:208} INFO - Processing /home/airflow/.local/lib/python3.12/site-packages/airflow/example_dags/example_bash_operator.py took 0.031 seconds
[2024-12-03T00:27:23.683+0000] {processor.py:186} INFO - Started process (PID=6530) to work on /home/airflow/.local/lib/python3.12/site-packages/airflow/example_dags/example_bash_operator.py
[2024-12-03T00:27:23.684+0000] {processor.py:914} INFO - Processing file /home/airflow/.local/lib/python3.12/site-packages/airflow/example_dags/example_bash_operator.py for tasks to queue
[2024-12-03T00:27:23.685+0000] {logging_mixin.py:190} INFO - [2024-12-03T00:27:23.685+0000] {dagbag.py:588} INFO - Filling up the DagBag from /home/airflow/.local/lib/python3.12/site-packages/airflow/example_dags/example_bash_operator.py
[2024-12-03T00:27:23.692+0000] {processor.py:925} INFO - DAG(s) 'example_bash_operator' retrieved from /home/airflow/.local/lib/python3.12/site-packages/airflow/example_dags/example_bash_operator.py
[2024-12-03T00:27:23.705+0000] {logging_mixin.py:190} INFO - [2024-12-03T00:27:23.705+0000] {dag.py:3239} INFO - Sync 1 DAGs
[2024-12-03T00:27:23.716+0000] {logging_mixin.py:190} INFO - [2024-12-03T00:27:23.716+0000] {dag.py:4180} INFO - Setting next_dagrun for example_bash_operator to 2024-12-02 00:00:00+00:00, run_after=2024-12-03 00:00:00+00:00
[2024-12-03T00:27:23.728+0000] {processor.py:208} INFO - Processing /home/airflow/.local/lib/python3.12/site-packages/airflow/example_dags/example_bash_operator.py took 0.048 seconds
[2024-12-03T00:27:54.219+0000] {processor.py:186} INFO - Started process (PID=6596) to work on /home/airflow/.local/lib/python3.12/site-packages/airflow/example_dags/example_bash_operator.py
[2024-12-03T00:27:54.219+0000] {processor.py:914} INFO - Processing file /home/airflow/.local/lib/python3.12/site-packages/airflow/example_dags/example_bash_operator.py for tasks to queue
[2024-12-03T00:27:54.220+0000] {logging_mixin.py:190} INFO - [2024-12-03T00:27:54.220+0000] {dagbag.py:588} INFO - Filling up the DagBag from /home/airflow/.local/lib/python3.12/site-packages/airflow/example_dags/example_bash_operator.py
[2024-12-03T00:27:54.226+0000] {processor.py:925} INFO - DAG(s) 'example_bash_operator' retrieved from /home/airflow/.local/lib/python3.12/site-packages/airflow/example_dags/example_bash_operator.py
[2024-12-03T00:27:54.244+0000] {logging_mixin.py:190} INFO - [2024-12-03T00:27:54.244+0000] {dag.py:3239} INFO - Sync 1 DAGs
[2024-12-03T00:27:54.254+0000] {logging_mixin.py:190} INFO - [2024-12-03T00:27:54.254+0000] {dag.py:4180} INFO - Setting next_dagrun for example_bash_operator to 2024-12-02 00:00:00+00:00, run_after=2024-12-03 00:00:00+00:00
[2024-12-03T00:27:54.260+0000] {processor.py:208} INFO - Processing /home/airflow/.local/lib/python3.12/site-packages/airflow/example_dags/example_bash_operator.py took 0.045 seconds
[2024-12-03T00:28:24.604+0000] {processor.py:186} INFO - Started process (PID=6662) to work on /home/airflow/.local/lib/python3.12/site-packages/airflow/example_dags/example_bash_operator.py
[2024-12-03T00:28:24.604+0000] {processor.py:914} INFO - Processing file /home/airflow/.local/lib/python3.12/site-packages/airflow/example_dags/example_bash_operator.py for tasks to queue
[2024-12-03T00:28:24.605+0000] {logging_mixin.py:190} INFO - [2024-12-03T00:28:24.605+0000] {dagbag.py:588} INFO - Filling up the DagBag from /home/airflow/.local/lib/python3.12/site-packages/airflow/example_dags/example_bash_operator.py
[2024-12-03T00:28:24.610+0000] {processor.py:925} INFO - DAG(s) 'example_bash_operator' retrieved from /home/airflow/.local/lib/python3.12/site-packages/airflow/example_dags/example_bash_operator.py
[2024-12-03T00:28:24.620+0000] {logging_mixin.py:190} INFO - [2024-12-03T00:28:24.620+0000] {dag.py:3239} INFO - Sync 1 DAGs
[2024-12-03T00:28:24.628+0000] {logging_mixin.py:190} INFO - [2024-12-03T00:28:24.628+0000] {dag.py:4180} INFO - Setting next_dagrun for example_bash_operator to 2024-12-02 00:00:00+00:00, run_after=2024-12-03 00:00:00+00:00
[2024-12-03T00:28:24.638+0000] {processor.py:208} INFO - Processing /home/airflow/.local/lib/python3.12/site-packages/airflow/example_dags/example_bash_operator.py took 0.037 seconds
[2024-12-03T00:28:54.951+0000] {processor.py:186} INFO - Started process (PID=6728) to work on /home/airflow/.local/lib/python3.12/site-packages/airflow/example_dags/example_bash_operator.py
[2024-12-03T00:28:54.951+0000] {processor.py:914} INFO - Processing file /home/airflow/.local/lib/python3.12/site-packages/airflow/example_dags/example_bash_operator.py for tasks to queue
[2024-12-03T00:28:54.953+0000] {logging_mixin.py:190} INFO - [2024-12-03T00:28:54.953+0000] {dagbag.py:588} INFO - Filling up the DagBag from /home/airflow/.local/lib/python3.12/site-packages/airflow/example_dags/example_bash_operator.py
[2024-12-03T00:28:54.960+0000] {processor.py:925} INFO - DAG(s) 'example_bash_operator' retrieved from /home/airflow/.local/lib/python3.12/site-packages/airflow/example_dags/example_bash_operator.py
[2024-12-03T00:28:54.971+0000] {logging_mixin.py:190} INFO - [2024-12-03T00:28:54.971+0000] {dag.py:3239} INFO - Sync 1 DAGs
[2024-12-03T00:28:54.979+0000] {logging_mixin.py:190} INFO - [2024-12-03T00:28:54.979+0000] {dag.py:4180} INFO - Setting next_dagrun for example_bash_operator to 2024-12-02 00:00:00+00:00, run_after=2024-12-03 00:00:00+00:00
[2024-12-03T00:28:54.986+0000] {processor.py:208} INFO - Processing /home/airflow/.local/lib/python3.12/site-packages/airflow/example_dags/example_bash_operator.py took 0.037 seconds
[2024-12-03T00:29:25.389+0000] {processor.py:186} INFO - Started process (PID=6794) to work on /home/airflow/.local/lib/python3.12/site-packages/airflow/example_dags/example_bash_operator.py
[2024-12-03T00:29:25.390+0000] {processor.py:914} INFO - Processing file /home/airflow/.local/lib/python3.12/site-packages/airflow/example_dags/example_bash_operator.py for tasks to queue
[2024-12-03T00:29:25.390+0000] {logging_mixin.py:190} INFO - [2024-12-03T00:29:25.390+0000] {dagbag.py:588} INFO - Filling up the DagBag from /home/airflow/.local/lib/python3.12/site-packages/airflow/example_dags/example_bash_operator.py
[2024-12-03T00:29:25.397+0000] {processor.py:925} INFO - DAG(s) 'example_bash_operator' retrieved from /home/airflow/.local/lib/python3.12/site-packages/airflow/example_dags/example_bash_operator.py
[2024-12-03T00:29:25.406+0000] {logging_mixin.py:190} INFO - [2024-12-03T00:29:25.406+0000] {dag.py:3239} INFO - Sync 1 DAGs
[2024-12-03T00:29:25.416+0000] {logging_mixin.py:190} INFO - [2024-12-03T00:29:25.416+0000] {dag.py:4180} INFO - Setting next_dagrun for example_bash_operator to 2024-12-02 00:00:00+00:00, run_after=2024-12-03 00:00:00+00:00
[2024-12-03T00:29:25.423+0000] {processor.py:208} INFO - Processing /home/airflow/.local/lib/python3.12/site-packages/airflow/example_dags/example_bash_operator.py took 0.036 seconds
[2024-12-03T00:29:55.810+0000] {processor.py:186} INFO - Started process (PID=6860) to work on /home/airflow/.local/lib/python3.12/site-packages/airflow/example_dags/example_bash_operator.py
[2024-12-03T00:29:55.812+0000] {processor.py:914} INFO - Processing file /home/airflow/.local/lib/python3.12/site-packages/airflow/example_dags/example_bash_operator.py for tasks to queue
[2024-12-03T00:29:55.813+0000] {logging_mixin.py:190} INFO - [2024-12-03T00:29:55.813+0000] {dagbag.py:588} INFO - Filling up the DagBag from /home/airflow/.local/lib/python3.12/site-packages/airflow/example_dags/example_bash_operator.py
[2024-12-03T00:29:55.819+0000] {processor.py:925} INFO - DAG(s) 'example_bash_operator' retrieved from /home/airflow/.local/lib/python3.12/site-packages/airflow/example_dags/example_bash_operator.py
[2024-12-03T00:29:55.835+0000] {logging_mixin.py:190} INFO - [2024-12-03T00:29:55.834+0000] {dag.py:3239} INFO - Sync 1 DAGs
[2024-12-03T00:29:55.846+0000] {logging_mixin.py:190} INFO - [2024-12-03T00:29:55.846+0000] {dag.py:4180} INFO - Setting next_dagrun for example_bash_operator to 2024-12-02 00:00:00+00:00, run_after=2024-12-03 00:00:00+00:00
[2024-12-03T00:29:55.858+0000] {processor.py:208} INFO - Processing /home/airflow/.local/lib/python3.12/site-packages/airflow/example_dags/example_bash_operator.py took 0.052 seconds
[2024-12-03T00:30:26.471+0000] {processor.py:186} INFO - Started process (PID=6926) to work on /home/airflow/.local/lib/python3.12/site-packages/airflow/example_dags/example_bash_operator.py
[2024-12-03T00:30:26.472+0000] {processor.py:914} INFO - Processing file /home/airflow/.local/lib/python3.12/site-packages/airflow/example_dags/example_bash_operator.py for tasks to queue
[2024-12-03T00:30:26.473+0000] {logging_mixin.py:190} INFO - [2024-12-03T00:30:26.473+0000] {dagbag.py:588} INFO - Filling up the DagBag from /home/airflow/.local/lib/python3.12/site-packages/airflow/example_dags/example_bash_operator.py
[2024-12-03T00:30:26.479+0000] {processor.py:925} INFO - DAG(s) 'example_bash_operator' retrieved from /home/airflow/.local/lib/python3.12/site-packages/airflow/example_dags/example_bash_operator.py
[2024-12-03T00:30:26.491+0000] {logging_mixin.py:190} INFO - [2024-12-03T00:30:26.491+0000] {dag.py:3239} INFO - Sync 1 DAGs
[2024-12-03T00:30:26.501+0000] {logging_mixin.py:190} INFO - [2024-12-03T00:30:26.501+0000] {dag.py:4180} INFO - Setting next_dagrun for example_bash_operator to 2024-12-02 00:00:00+00:00, run_after=2024-12-03 00:00:00+00:00
[2024-12-03T00:30:26.507+0000] {processor.py:208} INFO - Processing /home/airflow/.local/lib/python3.12/site-packages/airflow/example_dags/example_bash_operator.py took 0.039 seconds
[2024-12-03T00:30:56.876+0000] {processor.py:186} INFO - Started process (PID=6992) to work on /home/airflow/.local/lib/python3.12/site-packages/airflow/example_dags/example_bash_operator.py
[2024-12-03T00:30:56.876+0000] {processor.py:914} INFO - Processing file /home/airflow/.local/lib/python3.12/site-packages/airflow/example_dags/example_bash_operator.py for tasks to queue
[2024-12-03T00:30:56.877+0000] {logging_mixin.py:190} INFO - [2024-12-03T00:30:56.877+0000] {dagbag.py:588} INFO - Filling up the DagBag from /home/airflow/.local/lib/python3.12/site-packages/airflow/example_dags/example_bash_operator.py
[2024-12-03T00:30:56.882+0000] {processor.py:925} INFO - DAG(s) 'example_bash_operator' retrieved from /home/airflow/.local/lib/python3.12/site-packages/airflow/example_dags/example_bash_operator.py
[2024-12-03T00:30:56.895+0000] {logging_mixin.py:190} INFO - [2024-12-03T00:30:56.895+0000] {dag.py:3239} INFO - Sync 1 DAGs
[2024-12-03T00:30:56.908+0000] {logging_mixin.py:190} INFO - [2024-12-03T00:30:56.908+0000] {dag.py:4180} INFO - Setting next_dagrun for example_bash_operator to 2024-12-02 00:00:00+00:00, run_after=2024-12-03 00:00:00+00:00
[2024-12-03T00:30:56.918+0000] {processor.py:208} INFO - Processing /home/airflow/.local/lib/python3.12/site-packages/airflow/example_dags/example_bash_operator.py took 0.045 seconds
[2024-12-03T00:31:27.380+0000] {processor.py:186} INFO - Started process (PID=7058) to work on /home/airflow/.local/lib/python3.12/site-packages/airflow/example_dags/example_bash_operator.py
[2024-12-03T00:31:27.380+0000] {processor.py:914} INFO - Processing file /home/airflow/.local/lib/python3.12/site-packages/airflow/example_dags/example_bash_operator.py for tasks to queue
[2024-12-03T00:31:27.382+0000] {logging_mixin.py:190} INFO - [2024-12-03T00:31:27.382+0000] {dagbag.py:588} INFO - Filling up the DagBag from /home/airflow/.local/lib/python3.12/site-packages/airflow/example_dags/example_bash_operator.py
[2024-12-03T00:31:27.388+0000] {processor.py:925} INFO - DAG(s) 'example_bash_operator' retrieved from /home/airflow/.local/lib/python3.12/site-packages/airflow/example_dags/example_bash_operator.py
[2024-12-03T00:31:27.399+0000] {logging_mixin.py:190} INFO - [2024-12-03T00:31:27.399+0000] {dag.py:3239} INFO - Sync 1 DAGs
[2024-12-03T00:31:27.410+0000] {logging_mixin.py:190} INFO - [2024-12-03T00:31:27.409+0000] {dag.py:4180} INFO - Setting next_dagrun for example_bash_operator to 2024-12-02 00:00:00+00:00, run_after=2024-12-03 00:00:00+00:00
[2024-12-03T00:31:27.422+0000] {processor.py:208} INFO - Processing /home/airflow/.local/lib/python3.12/site-packages/airflow/example_dags/example_bash_operator.py took 0.045 seconds
[2024-12-03T00:31:57.844+0000] {processor.py:186} INFO - Started process (PID=7124) to work on /home/airflow/.local/lib/python3.12/site-packages/airflow/example_dags/example_bash_operator.py
[2024-12-03T00:31:57.844+0000] {processor.py:914} INFO - Processing file /home/airflow/.local/lib/python3.12/site-packages/airflow/example_dags/example_bash_operator.py for tasks to queue
[2024-12-03T00:31:57.845+0000] {logging_mixin.py:190} INFO - [2024-12-03T00:31:57.845+0000] {dagbag.py:588} INFO - Filling up the DagBag from /home/airflow/.local/lib/python3.12/site-packages/airflow/example_dags/example_bash_operator.py
[2024-12-03T00:31:57.852+0000] {processor.py:925} INFO - DAG(s) 'example_bash_operator' retrieved from /home/airflow/.local/lib/python3.12/site-packages/airflow/example_dags/example_bash_operator.py
[2024-12-03T00:31:57.866+0000] {logging_mixin.py:190} INFO - [2024-12-03T00:31:57.866+0000] {dag.py:3239} INFO - Sync 1 DAGs
[2024-12-03T00:31:57.877+0000] {logging_mixin.py:190} INFO - [2024-12-03T00:31:57.877+0000] {dag.py:4180} INFO - Setting next_dagrun for example_bash_operator to 2024-12-02 00:00:00+00:00, run_after=2024-12-03 00:00:00+00:00
[2024-12-03T00:31:57.888+0000] {processor.py:208} INFO - Processing /home/airflow/.local/lib/python3.12/site-packages/airflow/example_dags/example_bash_operator.py took 0.048 seconds
[2024-12-03T00:32:28.356+0000] {processor.py:186} INFO - Started process (PID=7190) to work on /home/airflow/.local/lib/python3.12/site-packages/airflow/example_dags/example_bash_operator.py
[2024-12-03T00:32:28.359+0000] {processor.py:914} INFO - Processing file /home/airflow/.local/lib/python3.12/site-packages/airflow/example_dags/example_bash_operator.py for tasks to queue
[2024-12-03T00:32:28.361+0000] {logging_mixin.py:190} INFO - [2024-12-03T00:32:28.361+0000] {dagbag.py:588} INFO - Filling up the DagBag from /home/airflow/.local/lib/python3.12/site-packages/airflow/example_dags/example_bash_operator.py
[2024-12-03T00:32:28.379+0000] {processor.py:925} INFO - DAG(s) 'example_bash_operator' retrieved from /home/airflow/.local/lib/python3.12/site-packages/airflow/example_dags/example_bash_operator.py
[2024-12-03T00:32:28.399+0000] {logging_mixin.py:190} INFO - [2024-12-03T00:32:28.399+0000] {dag.py:3239} INFO - Sync 1 DAGs
[2024-12-03T00:32:28.414+0000] {logging_mixin.py:190} INFO - [2024-12-03T00:32:28.413+0000] {dag.py:4180} INFO - Setting next_dagrun for example_bash_operator to 2024-12-02 00:00:00+00:00, run_after=2024-12-03 00:00:00+00:00
[2024-12-03T00:32:28.422+0000] {processor.py:208} INFO - Processing /home/airflow/.local/lib/python3.12/site-packages/airflow/example_dags/example_bash_operator.py took 0.070 seconds
[2024-12-03T00:32:58.764+0000] {processor.py:186} INFO - Started process (PID=7256) to work on /home/airflow/.local/lib/python3.12/site-packages/airflow/example_dags/example_bash_operator.py
[2024-12-03T00:32:58.764+0000] {processor.py:914} INFO - Processing file /home/airflow/.local/lib/python3.12/site-packages/airflow/example_dags/example_bash_operator.py for tasks to queue
[2024-12-03T00:32:58.765+0000] {logging_mixin.py:190} INFO - [2024-12-03T00:32:58.765+0000] {dagbag.py:588} INFO - Filling up the DagBag from /home/airflow/.local/lib/python3.12/site-packages/airflow/example_dags/example_bash_operator.py
[2024-12-03T00:32:58.770+0000] {processor.py:925} INFO - DAG(s) 'example_bash_operator' retrieved from /home/airflow/.local/lib/python3.12/site-packages/airflow/example_dags/example_bash_operator.py
[2024-12-03T00:32:58.779+0000] {logging_mixin.py:190} INFO - [2024-12-03T00:32:58.779+0000] {dag.py:3239} INFO - Sync 1 DAGs
[2024-12-03T00:32:58.786+0000] {logging_mixin.py:190} INFO - [2024-12-03T00:32:58.786+0000] {dag.py:4180} INFO - Setting next_dagrun for example_bash_operator to 2024-12-02 00:00:00+00:00, run_after=2024-12-03 00:00:00+00:00
[2024-12-03T00:32:58.792+0000] {processor.py:208} INFO - Processing /home/airflow/.local/lib/python3.12/site-packages/airflow/example_dags/example_bash_operator.py took 0.030 seconds
[2024-12-03T00:33:29.032+0000] {processor.py:186} INFO - Started process (PID=7322) to work on /home/airflow/.local/lib/python3.12/site-packages/airflow/example_dags/example_bash_operator.py
[2024-12-03T00:33:29.033+0000] {processor.py:914} INFO - Processing file /home/airflow/.local/lib/python3.12/site-packages/airflow/example_dags/example_bash_operator.py for tasks to queue
[2024-12-03T00:33:29.033+0000] {logging_mixin.py:190} INFO - [2024-12-03T00:33:29.033+0000] {dagbag.py:588} INFO - Filling up the DagBag from /home/airflow/.local/lib/python3.12/site-packages/airflow/example_dags/example_bash_operator.py
[2024-12-03T00:33:29.039+0000] {processor.py:925} INFO - DAG(s) 'example_bash_operator' retrieved from /home/airflow/.local/lib/python3.12/site-packages/airflow/example_dags/example_bash_operator.py
[2024-12-03T00:33:29.049+0000] {logging_mixin.py:190} INFO - [2024-12-03T00:33:29.049+0000] {dag.py:3239} INFO - Sync 1 DAGs
[2024-12-03T00:33:29.057+0000] {logging_mixin.py:190} INFO - [2024-12-03T00:33:29.057+0000] {dag.py:4180} INFO - Setting next_dagrun for example_bash_operator to 2024-12-02 00:00:00+00:00, run_after=2024-12-03 00:00:00+00:00
[2024-12-03T00:33:29.067+0000] {processor.py:208} INFO - Processing /home/airflow/.local/lib/python3.12/site-packages/airflow/example_dags/example_bash_operator.py took 0.037 seconds
[2024-12-03T00:33:59.338+0000] {processor.py:186} INFO - Started process (PID=7388) to work on /home/airflow/.local/lib/python3.12/site-packages/airflow/example_dags/example_bash_operator.py
[2024-12-03T00:33:59.338+0000] {processor.py:914} INFO - Processing file /home/airflow/.local/lib/python3.12/site-packages/airflow/example_dags/example_bash_operator.py for tasks to queue
[2024-12-03T00:33:59.340+0000] {logging_mixin.py:190} INFO - [2024-12-03T00:33:59.339+0000] {dagbag.py:588} INFO - Filling up the DagBag from /home/airflow/.local/lib/python3.12/site-packages/airflow/example_dags/example_bash_operator.py
[2024-12-03T00:33:59.345+0000] {processor.py:925} INFO - DAG(s) 'example_bash_operator' retrieved from /home/airflow/.local/lib/python3.12/site-packages/airflow/example_dags/example_bash_operator.py
[2024-12-03T00:33:59.356+0000] {logging_mixin.py:190} INFO - [2024-12-03T00:33:59.356+0000] {dag.py:3239} INFO - Sync 1 DAGs
[2024-12-03T00:33:59.364+0000] {logging_mixin.py:190} INFO - [2024-12-03T00:33:59.364+0000] {dag.py:4180} INFO - Setting next_dagrun for example_bash_operator to 2024-12-02 00:00:00+00:00, run_after=2024-12-03 00:00:00+00:00
[2024-12-03T00:33:59.372+0000] {processor.py:208} INFO - Processing /home/airflow/.local/lib/python3.12/site-packages/airflow/example_dags/example_bash_operator.py took 0.036 seconds
[2024-12-03T00:34:29.586+0000] {processor.py:186} INFO - Started process (PID=7454) to work on /home/airflow/.local/lib/python3.12/site-packages/airflow/example_dags/example_bash_operator.py
[2024-12-03T00:34:29.587+0000] {processor.py:914} INFO - Processing file /home/airflow/.local/lib/python3.12/site-packages/airflow/example_dags/example_bash_operator.py for tasks to queue
[2024-12-03T00:34:29.587+0000] {logging_mixin.py:190} INFO - [2024-12-03T00:34:29.587+0000] {dagbag.py:588} INFO - Filling up the DagBag from /home/airflow/.local/lib/python3.12/site-packages/airflow/example_dags/example_bash_operator.py
[2024-12-03T00:34:29.592+0000] {processor.py:925} INFO - DAG(s) 'example_bash_operator' retrieved from /home/airflow/.local/lib/python3.12/site-packages/airflow/example_dags/example_bash_operator.py
[2024-12-03T00:34:29.601+0000] {logging_mixin.py:190} INFO - [2024-12-03T00:34:29.601+0000] {dag.py:3239} INFO - Sync 1 DAGs
[2024-12-03T00:34:29.608+0000] {logging_mixin.py:190} INFO - [2024-12-03T00:34:29.608+0000] {dag.py:4180} INFO - Setting next_dagrun for example_bash_operator to 2024-12-02 00:00:00+00:00, run_after=2024-12-03 00:00:00+00:00
[2024-12-03T00:34:29.613+0000] {processor.py:208} INFO - Processing /home/airflow/.local/lib/python3.12/site-packages/airflow/example_dags/example_bash_operator.py took 0.030 seconds
[2024-12-03T00:34:59.880+0000] {processor.py:186} INFO - Started process (PID=7520) to work on /home/airflow/.local/lib/python3.12/site-packages/airflow/example_dags/example_bash_operator.py
[2024-12-03T00:34:59.881+0000] {processor.py:914} INFO - Processing file /home/airflow/.local/lib/python3.12/site-packages/airflow/example_dags/example_bash_operator.py for tasks to queue
[2024-12-03T00:34:59.882+0000] {logging_mixin.py:190} INFO - [2024-12-03T00:34:59.882+0000] {dagbag.py:588} INFO - Filling up the DagBag from /home/airflow/.local/lib/python3.12/site-packages/airflow/example_dags/example_bash_operator.py
[2024-12-03T00:34:59.887+0000] {processor.py:925} INFO - DAG(s) 'example_bash_operator' retrieved from /home/airflow/.local/lib/python3.12/site-packages/airflow/example_dags/example_bash_operator.py
[2024-12-03T00:34:59.898+0000] {logging_mixin.py:190} INFO - [2024-12-03T00:34:59.898+0000] {dag.py:3239} INFO - Sync 1 DAGs
[2024-12-03T00:34:59.906+0000] {logging_mixin.py:190} INFO - [2024-12-03T00:34:59.906+0000] {dag.py:4180} INFO - Setting next_dagrun for example_bash_operator to 2024-12-02 00:00:00+00:00, run_after=2024-12-03 00:00:00+00:00
[2024-12-03T00:34:59.912+0000] {processor.py:208} INFO - Processing /home/airflow/.local/lib/python3.12/site-packages/airflow/example_dags/example_bash_operator.py took 0.035 seconds
[2024-12-03T00:35:30.157+0000] {processor.py:186} INFO - Started process (PID=7586) to work on /home/airflow/.local/lib/python3.12/site-packages/airflow/example_dags/example_bash_operator.py
[2024-12-03T00:35:30.159+0000] {processor.py:914} INFO - Processing file /home/airflow/.local/lib/python3.12/site-packages/airflow/example_dags/example_bash_operator.py for tasks to queue
[2024-12-03T00:35:30.160+0000] {logging_mixin.py:190} INFO - [2024-12-03T00:35:30.160+0000] {dagbag.py:588} INFO - Filling up the DagBag from /home/airflow/.local/lib/python3.12/site-packages/airflow/example_dags/example_bash_operator.py
[2024-12-03T00:35:30.167+0000] {processor.py:925} INFO - DAG(s) 'example_bash_operator' retrieved from /home/airflow/.local/lib/python3.12/site-packages/airflow/example_dags/example_bash_operator.py
[2024-12-03T00:35:30.177+0000] {logging_mixin.py:190} INFO - [2024-12-03T00:35:30.177+0000] {dag.py:3239} INFO - Sync 1 DAGs
[2024-12-03T00:35:30.185+0000] {logging_mixin.py:190} INFO - [2024-12-03T00:35:30.185+0000] {dag.py:4180} INFO - Setting next_dagrun for example_bash_operator to 2024-12-02 00:00:00+00:00, run_after=2024-12-03 00:00:00+00:00
[2024-12-03T00:35:30.194+0000] {processor.py:208} INFO - Processing /home/airflow/.local/lib/python3.12/site-packages/airflow/example_dags/example_bash_operator.py took 0.039 seconds
[2024-12-03T00:36:00.510+0000] {processor.py:186} INFO - Started process (PID=7652) to work on /home/airflow/.local/lib/python3.12/site-packages/airflow/example_dags/example_bash_operator.py
[2024-12-03T00:36:00.510+0000] {processor.py:914} INFO - Processing file /home/airflow/.local/lib/python3.12/site-packages/airflow/example_dags/example_bash_operator.py for tasks to queue
[2024-12-03T00:36:00.511+0000] {logging_mixin.py:190} INFO - [2024-12-03T00:36:00.511+0000] {dagbag.py:588} INFO - Filling up the DagBag from /home/airflow/.local/lib/python3.12/site-packages/airflow/example_dags/example_bash_operator.py
[2024-12-03T00:36:00.518+0000] {processor.py:925} INFO - DAG(s) 'example_bash_operator' retrieved from /home/airflow/.local/lib/python3.12/site-packages/airflow/example_dags/example_bash_operator.py
[2024-12-03T00:36:00.530+0000] {logging_mixin.py:190} INFO - [2024-12-03T00:36:00.530+0000] {dag.py:3239} INFO - Sync 1 DAGs
[2024-12-03T00:36:00.538+0000] {logging_mixin.py:190} INFO - [2024-12-03T00:36:00.538+0000] {dag.py:4180} INFO - Setting next_dagrun for example_bash_operator to 2024-12-02 00:00:00+00:00, run_after=2024-12-03 00:00:00+00:00
[2024-12-03T00:36:00.548+0000] {processor.py:208} INFO - Processing /home/airflow/.local/lib/python3.12/site-packages/airflow/example_dags/example_bash_operator.py took 0.041 seconds
[2024-12-03T00:36:30.830+0000] {processor.py:186} INFO - Started process (PID=7718) to work on /home/airflow/.local/lib/python3.12/site-packages/airflow/example_dags/example_bash_operator.py
[2024-12-03T00:36:30.830+0000] {processor.py:914} INFO - Processing file /home/airflow/.local/lib/python3.12/site-packages/airflow/example_dags/example_bash_operator.py for tasks to queue
[2024-12-03T00:36:30.831+0000] {logging_mixin.py:190} INFO - [2024-12-03T00:36:30.831+0000] {dagbag.py:588} INFO - Filling up the DagBag from /home/airflow/.local/lib/python3.12/site-packages/airflow/example_dags/example_bash_operator.py
[2024-12-03T00:36:30.836+0000] {processor.py:925} INFO - DAG(s) 'example_bash_operator' retrieved from /home/airflow/.local/lib/python3.12/site-packages/airflow/example_dags/example_bash_operator.py
[2024-12-03T00:36:30.847+0000] {logging_mixin.py:190} INFO - [2024-12-03T00:36:30.846+0000] {dag.py:3239} INFO - Sync 1 DAGs
[2024-12-03T00:36:30.857+0000] {logging_mixin.py:190} INFO - [2024-12-03T00:36:30.857+0000] {dag.py:4180} INFO - Setting next_dagrun for example_bash_operator to 2024-12-02 00:00:00+00:00, run_after=2024-12-03 00:00:00+00:00
[2024-12-03T00:36:30.864+0000] {processor.py:208} INFO - Processing /home/airflow/.local/lib/python3.12/site-packages/airflow/example_dags/example_bash_operator.py took 0.037 seconds
[2024-12-03T00:37:01.053+0000] {processor.py:186} INFO - Started process (PID=7784) to work on /home/airflow/.local/lib/python3.12/site-packages/airflow/example_dags/example_bash_operator.py
[2024-12-03T00:37:01.053+0000] {processor.py:914} INFO - Processing file /home/airflow/.local/lib/python3.12/site-packages/airflow/example_dags/example_bash_operator.py for tasks to queue
[2024-12-03T00:37:01.054+0000] {logging_mixin.py:190} INFO - [2024-12-03T00:37:01.054+0000] {dagbag.py:588} INFO - Filling up the DagBag from /home/airflow/.local/lib/python3.12/site-packages/airflow/example_dags/example_bash_operator.py
[2024-12-03T00:37:01.059+0000] {processor.py:925} INFO - DAG(s) 'example_bash_operator' retrieved from /home/airflow/.local/lib/python3.12/site-packages/airflow/example_dags/example_bash_operator.py
[2024-12-03T00:37:01.070+0000] {logging_mixin.py:190} INFO - [2024-12-03T00:37:01.070+0000] {dag.py:3239} INFO - Sync 1 DAGs
[2024-12-03T00:37:01.079+0000] {logging_mixin.py:190} INFO - [2024-12-03T00:37:01.078+0000] {dag.py:4180} INFO - Setting next_dagrun for example_bash_operator to 2024-12-02 00:00:00+00:00, run_after=2024-12-03 00:00:00+00:00
[2024-12-03T00:37:01.085+0000] {processor.py:208} INFO - Processing /home/airflow/.local/lib/python3.12/site-packages/airflow/example_dags/example_bash_operator.py took 0.035 seconds
[2024-12-03T00:37:31.351+0000] {processor.py:186} INFO - Started process (PID=7850) to work on /home/airflow/.local/lib/python3.12/site-packages/airflow/example_dags/example_bash_operator.py
[2024-12-03T00:37:31.353+0000] {processor.py:914} INFO - Processing file /home/airflow/.local/lib/python3.12/site-packages/airflow/example_dags/example_bash_operator.py for tasks to queue
[2024-12-03T00:37:31.354+0000] {logging_mixin.py:190} INFO - [2024-12-03T00:37:31.354+0000] {dagbag.py:588} INFO - Filling up the DagBag from /home/airflow/.local/lib/python3.12/site-packages/airflow/example_dags/example_bash_operator.py
[2024-12-03T00:37:31.360+0000] {processor.py:925} INFO - DAG(s) 'example_bash_operator' retrieved from /home/airflow/.local/lib/python3.12/site-packages/airflow/example_dags/example_bash_operator.py
[2024-12-03T00:37:31.370+0000] {logging_mixin.py:190} INFO - [2024-12-03T00:37:31.370+0000] {dag.py:3239} INFO - Sync 1 DAGs
[2024-12-03T00:37:31.378+0000] {logging_mixin.py:190} INFO - [2024-12-03T00:37:31.378+0000] {dag.py:4180} INFO - Setting next_dagrun for example_bash_operator to 2024-12-02 00:00:00+00:00, run_after=2024-12-03 00:00:00+00:00
[2024-12-03T00:37:31.386+0000] {processor.py:208} INFO - Processing /home/airflow/.local/lib/python3.12/site-packages/airflow/example_dags/example_bash_operator.py took 0.037 seconds
[2024-12-03T00:38:01.641+0000] {processor.py:186} INFO - Started process (PID=7916) to work on /home/airflow/.local/lib/python3.12/site-packages/airflow/example_dags/example_bash_operator.py
[2024-12-03T00:38:01.641+0000] {processor.py:914} INFO - Processing file /home/airflow/.local/lib/python3.12/site-packages/airflow/example_dags/example_bash_operator.py for tasks to queue
[2024-12-03T00:38:01.643+0000] {logging_mixin.py:190} INFO - [2024-12-03T00:38:01.643+0000] {dagbag.py:588} INFO - Filling up the DagBag from /home/airflow/.local/lib/python3.12/site-packages/airflow/example_dags/example_bash_operator.py
[2024-12-03T00:38:01.649+0000] {processor.py:925} INFO - DAG(s) 'example_bash_operator' retrieved from /home/airflow/.local/lib/python3.12/site-packages/airflow/example_dags/example_bash_operator.py
[2024-12-03T00:38:01.660+0000] {logging_mixin.py:190} INFO - [2024-12-03T00:38:01.660+0000] {dag.py:3239} INFO - Sync 1 DAGs
[2024-12-03T00:38:01.669+0000] {logging_mixin.py:190} INFO - [2024-12-03T00:38:01.669+0000] {dag.py:4180} INFO - Setting next_dagrun for example_bash_operator to 2024-12-02 00:00:00+00:00, run_after=2024-12-03 00:00:00+00:00
[2024-12-03T00:38:01.675+0000] {processor.py:208} INFO - Processing /home/airflow/.local/lib/python3.12/site-packages/airflow/example_dags/example_bash_operator.py took 0.038 seconds
