[2024-12-03T00:03:58.089+0000] {processor.py:186} INFO - Started process (PID=3485) to work on /home/airflow/.local/lib/python3.12/site-packages/airflow/example_dags/example_setup_teardown.py
[2024-12-03T00:03:58.090+0000] {processor.py:914} INFO - Processing file /home/airflow/.local/lib/python3.12/site-packages/airflow/example_dags/example_setup_teardown.py for tasks to queue
[2024-12-03T00:03:58.091+0000] {logging_mixin.py:190} INFO - [2024-12-03T00:03:58.090+0000] {dagbag.py:588} INFO - Filling up the DagBag from /home/airflow/.local/lib/python3.12/site-packages/airflow/example_dags/example_setup_teardown.py
[2024-12-03T00:03:58.097+0000] {processor.py:925} INFO - DAG(s) 'example_setup_teardown' retrieved from /home/airflow/.local/lib/python3.12/site-packages/airflow/example_dags/example_setup_teardown.py
[2024-12-03T00:03:58.112+0000] {logging_mixin.py:190} INFO - [2024-12-03T00:03:58.112+0000] {dag.py:3239} INFO - Sync 1 DAGs
[2024-12-03T00:03:58.119+0000] {logging_mixin.py:190} INFO - [2024-12-03T00:03:58.119+0000] {dag.py:4180} INFO - Setting next_dagrun for example_setup_teardown to None, run_after=None
[2024-12-03T00:03:58.125+0000] {processor.py:208} INFO - Processing /home/airflow/.local/lib/python3.12/site-packages/airflow/example_dags/example_setup_teardown.py took 0.039 seconds
[2024-12-03T00:04:28.485+0000] {processor.py:186} INFO - Started process (PID=3550) to work on /home/airflow/.local/lib/python3.12/site-packages/airflow/example_dags/example_setup_teardown.py
[2024-12-03T00:04:28.488+0000] {processor.py:914} INFO - Processing file /home/airflow/.local/lib/python3.12/site-packages/airflow/example_dags/example_setup_teardown.py for tasks to queue
[2024-12-03T00:04:28.492+0000] {logging_mixin.py:190} INFO - [2024-12-03T00:04:28.492+0000] {dagbag.py:588} INFO - Filling up the DagBag from /home/airflow/.local/lib/python3.12/site-packages/airflow/example_dags/example_setup_teardown.py
[2024-12-03T00:04:28.496+0000] {processor.py:925} INFO - DAG(s) 'example_setup_teardown' retrieved from /home/airflow/.local/lib/python3.12/site-packages/airflow/example_dags/example_setup_teardown.py
[2024-12-03T00:04:28.507+0000] {logging_mixin.py:190} INFO - [2024-12-03T00:04:28.507+0000] {dag.py:3239} INFO - Sync 1 DAGs
[2024-12-03T00:04:28.514+0000] {logging_mixin.py:190} INFO - [2024-12-03T00:04:28.513+0000] {dag.py:4180} INFO - Setting next_dagrun for example_setup_teardown to None, run_after=None
[2024-12-03T00:04:28.521+0000] {processor.py:208} INFO - Processing /home/airflow/.local/lib/python3.12/site-packages/airflow/example_dags/example_setup_teardown.py took 0.039 seconds
[2024-12-03T00:04:58.717+0000] {processor.py:186} INFO - Started process (PID=3616) to work on /home/airflow/.local/lib/python3.12/site-packages/airflow/example_dags/example_setup_teardown.py
[2024-12-03T00:04:58.718+0000] {processor.py:914} INFO - Processing file /home/airflow/.local/lib/python3.12/site-packages/airflow/example_dags/example_setup_teardown.py for tasks to queue
[2024-12-03T00:04:58.719+0000] {logging_mixin.py:190} INFO - [2024-12-03T00:04:58.719+0000] {dagbag.py:588} INFO - Filling up the DagBag from /home/airflow/.local/lib/python3.12/site-packages/airflow/example_dags/example_setup_teardown.py
[2024-12-03T00:04:58.722+0000] {processor.py:925} INFO - DAG(s) 'example_setup_teardown' retrieved from /home/airflow/.local/lib/python3.12/site-packages/airflow/example_dags/example_setup_teardown.py
[2024-12-03T00:04:58.733+0000] {logging_mixin.py:190} INFO - [2024-12-03T00:04:58.733+0000] {dag.py:3239} INFO - Sync 1 DAGs
[2024-12-03T00:04:58.738+0000] {logging_mixin.py:190} INFO - [2024-12-03T00:04:58.738+0000] {dag.py:4180} INFO - Setting next_dagrun for example_setup_teardown to None, run_after=None
[2024-12-03T00:04:58.744+0000] {processor.py:208} INFO - Processing /home/airflow/.local/lib/python3.12/site-packages/airflow/example_dags/example_setup_teardown.py took 0.029 seconds
[2024-12-03T00:05:29.908+0000] {processor.py:186} INFO - Started process (PID=3688) to work on /home/airflow/.local/lib/python3.12/site-packages/airflow/example_dags/example_setup_teardown.py
[2024-12-03T00:05:29.910+0000] {processor.py:914} INFO - Processing file /home/airflow/.local/lib/python3.12/site-packages/airflow/example_dags/example_setup_teardown.py for tasks to queue
[2024-12-03T00:05:29.911+0000] {logging_mixin.py:190} INFO - [2024-12-03T00:05:29.911+0000] {dagbag.py:588} INFO - Filling up the DagBag from /home/airflow/.local/lib/python3.12/site-packages/airflow/example_dags/example_setup_teardown.py
[2024-12-03T00:05:29.914+0000] {processor.py:925} INFO - DAG(s) 'example_setup_teardown' retrieved from /home/airflow/.local/lib/python3.12/site-packages/airflow/example_dags/example_setup_teardown.py
[2024-12-03T00:05:29.922+0000] {logging_mixin.py:190} INFO - [2024-12-03T00:05:29.922+0000] {dag.py:3239} INFO - Sync 1 DAGs
[2024-12-03T00:05:29.928+0000] {logging_mixin.py:190} INFO - [2024-12-03T00:05:29.927+0000] {dag.py:4180} INFO - Setting next_dagrun for example_setup_teardown to None, run_after=None
[2024-12-03T00:05:29.938+0000] {processor.py:208} INFO - Processing /home/airflow/.local/lib/python3.12/site-packages/airflow/example_dags/example_setup_teardown.py took 0.032 seconds
[2024-12-03T00:06:01.011+0000] {processor.py:186} INFO - Started process (PID=3754) to work on /home/airflow/.local/lib/python3.12/site-packages/airflow/example_dags/example_setup_teardown.py
[2024-12-03T00:06:01.014+0000] {processor.py:914} INFO - Processing file /home/airflow/.local/lib/python3.12/site-packages/airflow/example_dags/example_setup_teardown.py for tasks to queue
[2024-12-03T00:06:01.016+0000] {logging_mixin.py:190} INFO - [2024-12-03T00:06:01.016+0000] {dagbag.py:588} INFO - Filling up the DagBag from /home/airflow/.local/lib/python3.12/site-packages/airflow/example_dags/example_setup_teardown.py
[2024-12-03T00:06:01.020+0000] {processor.py:925} INFO - DAG(s) 'example_setup_teardown' retrieved from /home/airflow/.local/lib/python3.12/site-packages/airflow/example_dags/example_setup_teardown.py
[2024-12-03T00:06:01.029+0000] {logging_mixin.py:190} INFO - [2024-12-03T00:06:01.029+0000] {dag.py:3239} INFO - Sync 1 DAGs
[2024-12-03T00:06:01.034+0000] {logging_mixin.py:190} INFO - [2024-12-03T00:06:01.034+0000] {dag.py:4180} INFO - Setting next_dagrun for example_setup_teardown to None, run_after=None
[2024-12-03T00:06:01.041+0000] {processor.py:208} INFO - Processing /home/airflow/.local/lib/python3.12/site-packages/airflow/example_dags/example_setup_teardown.py took 0.033 seconds
[2024-12-03T00:06:32.167+0000] {processor.py:186} INFO - Started process (PID=3820) to work on /home/airflow/.local/lib/python3.12/site-packages/airflow/example_dags/example_setup_teardown.py
[2024-12-03T00:06:32.167+0000] {processor.py:914} INFO - Processing file /home/airflow/.local/lib/python3.12/site-packages/airflow/example_dags/example_setup_teardown.py for tasks to queue
[2024-12-03T00:06:32.169+0000] {logging_mixin.py:190} INFO - [2024-12-03T00:06:32.169+0000] {dagbag.py:588} INFO - Filling up the DagBag from /home/airflow/.local/lib/python3.12/site-packages/airflow/example_dags/example_setup_teardown.py
[2024-12-03T00:06:32.173+0000] {processor.py:925} INFO - DAG(s) 'example_setup_teardown' retrieved from /home/airflow/.local/lib/python3.12/site-packages/airflow/example_dags/example_setup_teardown.py
[2024-12-03T00:06:32.180+0000] {logging_mixin.py:190} INFO - [2024-12-03T00:06:32.180+0000] {dag.py:3239} INFO - Sync 1 DAGs
[2024-12-03T00:06:32.186+0000] {logging_mixin.py:190} INFO - [2024-12-03T00:06:32.186+0000] {dag.py:4180} INFO - Setting next_dagrun for example_setup_teardown to None, run_after=None
[2024-12-03T00:06:32.195+0000] {processor.py:208} INFO - Processing /home/airflow/.local/lib/python3.12/site-packages/airflow/example_dags/example_setup_teardown.py took 0.031 seconds
[2024-12-03T00:07:03.322+0000] {processor.py:186} INFO - Started process (PID=3886) to work on /home/airflow/.local/lib/python3.12/site-packages/airflow/example_dags/example_setup_teardown.py
[2024-12-03T00:07:03.323+0000] {processor.py:914} INFO - Processing file /home/airflow/.local/lib/python3.12/site-packages/airflow/example_dags/example_setup_teardown.py for tasks to queue
[2024-12-03T00:07:03.324+0000] {logging_mixin.py:190} INFO - [2024-12-03T00:07:03.324+0000] {dagbag.py:588} INFO - Filling up the DagBag from /home/airflow/.local/lib/python3.12/site-packages/airflow/example_dags/example_setup_teardown.py
[2024-12-03T00:07:03.327+0000] {processor.py:925} INFO - DAG(s) 'example_setup_teardown' retrieved from /home/airflow/.local/lib/python3.12/site-packages/airflow/example_dags/example_setup_teardown.py
[2024-12-03T00:07:03.337+0000] {logging_mixin.py:190} INFO - [2024-12-03T00:07:03.337+0000] {dag.py:3239} INFO - Sync 1 DAGs
[2024-12-03T00:07:03.343+0000] {logging_mixin.py:190} INFO - [2024-12-03T00:07:03.343+0000] {dag.py:4180} INFO - Setting next_dagrun for example_setup_teardown to None, run_after=None
[2024-12-03T00:07:03.351+0000] {processor.py:208} INFO - Processing /home/airflow/.local/lib/python3.12/site-packages/airflow/example_dags/example_setup_teardown.py took 0.031 seconds
[2024-12-03T00:07:34.418+0000] {processor.py:186} INFO - Started process (PID=3952) to work on /home/airflow/.local/lib/python3.12/site-packages/airflow/example_dags/example_setup_teardown.py
[2024-12-03T00:07:34.419+0000] {processor.py:914} INFO - Processing file /home/airflow/.local/lib/python3.12/site-packages/airflow/example_dags/example_setup_teardown.py for tasks to queue
[2024-12-03T00:07:34.419+0000] {logging_mixin.py:190} INFO - [2024-12-03T00:07:34.419+0000] {dagbag.py:588} INFO - Filling up the DagBag from /home/airflow/.local/lib/python3.12/site-packages/airflow/example_dags/example_setup_teardown.py
[2024-12-03T00:07:34.423+0000] {processor.py:925} INFO - DAG(s) 'example_setup_teardown' retrieved from /home/airflow/.local/lib/python3.12/site-packages/airflow/example_dags/example_setup_teardown.py
[2024-12-03T00:07:34.432+0000] {logging_mixin.py:190} INFO - [2024-12-03T00:07:34.432+0000] {dag.py:3239} INFO - Sync 1 DAGs
[2024-12-03T00:07:34.437+0000] {logging_mixin.py:190} INFO - [2024-12-03T00:07:34.437+0000] {dag.py:4180} INFO - Setting next_dagrun for example_setup_teardown to None, run_after=None
[2024-12-03T00:07:34.444+0000] {processor.py:208} INFO - Processing /home/airflow/.local/lib/python3.12/site-packages/airflow/example_dags/example_setup_teardown.py took 0.029 seconds
[2024-12-03T00:08:05.427+0000] {processor.py:186} INFO - Started process (PID=4018) to work on /home/airflow/.local/lib/python3.12/site-packages/airflow/example_dags/example_setup_teardown.py
[2024-12-03T00:08:05.428+0000] {processor.py:914} INFO - Processing file /home/airflow/.local/lib/python3.12/site-packages/airflow/example_dags/example_setup_teardown.py for tasks to queue
[2024-12-03T00:08:05.429+0000] {logging_mixin.py:190} INFO - [2024-12-03T00:08:05.428+0000] {dagbag.py:588} INFO - Filling up the DagBag from /home/airflow/.local/lib/python3.12/site-packages/airflow/example_dags/example_setup_teardown.py
[2024-12-03T00:08:05.432+0000] {processor.py:925} INFO - DAG(s) 'example_setup_teardown' retrieved from /home/airflow/.local/lib/python3.12/site-packages/airflow/example_dags/example_setup_teardown.py
[2024-12-03T00:08:05.442+0000] {logging_mixin.py:190} INFO - [2024-12-03T00:08:05.442+0000] {dag.py:3239} INFO - Sync 1 DAGs
[2024-12-03T00:08:05.448+0000] {logging_mixin.py:190} INFO - [2024-12-03T00:08:05.448+0000] {dag.py:4180} INFO - Setting next_dagrun for example_setup_teardown to None, run_after=None
[2024-12-03T00:08:05.455+0000] {processor.py:208} INFO - Processing /home/airflow/.local/lib/python3.12/site-packages/airflow/example_dags/example_setup_teardown.py took 0.030 seconds
[2024-12-03T00:08:36.667+0000] {processor.py:186} INFO - Started process (PID=4084) to work on /home/airflow/.local/lib/python3.12/site-packages/airflow/example_dags/example_setup_teardown.py
[2024-12-03T00:08:36.668+0000] {processor.py:914} INFO - Processing file /home/airflow/.local/lib/python3.12/site-packages/airflow/example_dags/example_setup_teardown.py for tasks to queue
[2024-12-03T00:08:36.669+0000] {logging_mixin.py:190} INFO - [2024-12-03T00:08:36.669+0000] {dagbag.py:588} INFO - Filling up the DagBag from /home/airflow/.local/lib/python3.12/site-packages/airflow/example_dags/example_setup_teardown.py
[2024-12-03T00:08:36.673+0000] {processor.py:925} INFO - DAG(s) 'example_setup_teardown' retrieved from /home/airflow/.local/lib/python3.12/site-packages/airflow/example_dags/example_setup_teardown.py
[2024-12-03T00:08:36.685+0000] {logging_mixin.py:190} INFO - [2024-12-03T00:08:36.685+0000] {dag.py:3239} INFO - Sync 1 DAGs
[2024-12-03T00:08:36.689+0000] {logging_mixin.py:190} INFO - [2024-12-03T00:08:36.689+0000] {dag.py:4180} INFO - Setting next_dagrun for example_setup_teardown to None, run_after=None
[2024-12-03T00:08:36.697+0000] {processor.py:208} INFO - Processing /home/airflow/.local/lib/python3.12/site-packages/airflow/example_dags/example_setup_teardown.py took 0.032 seconds
[2024-12-03T00:09:06.978+0000] {processor.py:186} INFO - Started process (PID=4150) to work on /home/airflow/.local/lib/python3.12/site-packages/airflow/example_dags/example_setup_teardown.py
[2024-12-03T00:09:06.979+0000] {processor.py:914} INFO - Processing file /home/airflow/.local/lib/python3.12/site-packages/airflow/example_dags/example_setup_teardown.py for tasks to queue
[2024-12-03T00:09:06.980+0000] {logging_mixin.py:190} INFO - [2024-12-03T00:09:06.979+0000] {dagbag.py:588} INFO - Filling up the DagBag from /home/airflow/.local/lib/python3.12/site-packages/airflow/example_dags/example_setup_teardown.py
[2024-12-03T00:09:06.986+0000] {processor.py:925} INFO - DAG(s) 'example_setup_teardown' retrieved from /home/airflow/.local/lib/python3.12/site-packages/airflow/example_dags/example_setup_teardown.py
[2024-12-03T00:09:06.995+0000] {logging_mixin.py:190} INFO - [2024-12-03T00:09:06.995+0000] {dag.py:3239} INFO - Sync 1 DAGs
[2024-12-03T00:09:07.000+0000] {logging_mixin.py:190} INFO - [2024-12-03T00:09:07.000+0000] {dag.py:4180} INFO - Setting next_dagrun for example_setup_teardown to None, run_after=None
[2024-12-03T00:09:07.008+0000] {processor.py:208} INFO - Processing /home/airflow/.local/lib/python3.12/site-packages/airflow/example_dags/example_setup_teardown.py took 0.032 seconds
[2024-12-03T00:09:37.277+0000] {processor.py:186} INFO - Started process (PID=4216) to work on /home/airflow/.local/lib/python3.12/site-packages/airflow/example_dags/example_setup_teardown.py
[2024-12-03T00:09:37.277+0000] {processor.py:914} INFO - Processing file /home/airflow/.local/lib/python3.12/site-packages/airflow/example_dags/example_setup_teardown.py for tasks to queue
[2024-12-03T00:09:37.278+0000] {logging_mixin.py:190} INFO - [2024-12-03T00:09:37.278+0000] {dagbag.py:588} INFO - Filling up the DagBag from /home/airflow/.local/lib/python3.12/site-packages/airflow/example_dags/example_setup_teardown.py
[2024-12-03T00:09:37.281+0000] {processor.py:925} INFO - DAG(s) 'example_setup_teardown' retrieved from /home/airflow/.local/lib/python3.12/site-packages/airflow/example_dags/example_setup_teardown.py
[2024-12-03T00:09:37.291+0000] {logging_mixin.py:190} INFO - [2024-12-03T00:09:37.290+0000] {dag.py:3239} INFO - Sync 1 DAGs
[2024-12-03T00:09:37.297+0000] {logging_mixin.py:190} INFO - [2024-12-03T00:09:37.297+0000] {dag.py:4180} INFO - Setting next_dagrun for example_setup_teardown to None, run_after=None
[2024-12-03T00:09:37.303+0000] {processor.py:208} INFO - Processing /home/airflow/.local/lib/python3.12/site-packages/airflow/example_dags/example_setup_teardown.py took 0.029 seconds
[2024-12-03T00:10:08.548+0000] {processor.py:186} INFO - Started process (PID=4282) to work on /home/airflow/.local/lib/python3.12/site-packages/airflow/example_dags/example_setup_teardown.py
[2024-12-03T00:10:08.549+0000] {processor.py:914} INFO - Processing file /home/airflow/.local/lib/python3.12/site-packages/airflow/example_dags/example_setup_teardown.py for tasks to queue
[2024-12-03T00:10:08.550+0000] {logging_mixin.py:190} INFO - [2024-12-03T00:10:08.549+0000] {dagbag.py:588} INFO - Filling up the DagBag from /home/airflow/.local/lib/python3.12/site-packages/airflow/example_dags/example_setup_teardown.py
[2024-12-03T00:10:08.553+0000] {processor.py:925} INFO - DAG(s) 'example_setup_teardown' retrieved from /home/airflow/.local/lib/python3.12/site-packages/airflow/example_dags/example_setup_teardown.py
[2024-12-03T00:10:08.565+0000] {logging_mixin.py:190} INFO - [2024-12-03T00:10:08.564+0000] {dag.py:3239} INFO - Sync 1 DAGs
[2024-12-03T00:10:08.569+0000] {logging_mixin.py:190} INFO - [2024-12-03T00:10:08.569+0000] {dag.py:4180} INFO - Setting next_dagrun for example_setup_teardown to None, run_after=None
[2024-12-03T00:10:08.577+0000] {processor.py:208} INFO - Processing /home/airflow/.local/lib/python3.12/site-packages/airflow/example_dags/example_setup_teardown.py took 0.031 seconds
[2024-12-03T00:10:38.872+0000] {processor.py:186} INFO - Started process (PID=4348) to work on /home/airflow/.local/lib/python3.12/site-packages/airflow/example_dags/example_setup_teardown.py
[2024-12-03T00:10:38.872+0000] {processor.py:914} INFO - Processing file /home/airflow/.local/lib/python3.12/site-packages/airflow/example_dags/example_setup_teardown.py for tasks to queue
[2024-12-03T00:10:38.873+0000] {logging_mixin.py:190} INFO - [2024-12-03T00:10:38.873+0000] {dagbag.py:588} INFO - Filling up the DagBag from /home/airflow/.local/lib/python3.12/site-packages/airflow/example_dags/example_setup_teardown.py
[2024-12-03T00:10:38.877+0000] {processor.py:925} INFO - DAG(s) 'example_setup_teardown' retrieved from /home/airflow/.local/lib/python3.12/site-packages/airflow/example_dags/example_setup_teardown.py
[2024-12-03T00:10:38.886+0000] {logging_mixin.py:190} INFO - [2024-12-03T00:10:38.886+0000] {dag.py:3239} INFO - Sync 1 DAGs
[2024-12-03T00:10:38.891+0000] {logging_mixin.py:190} INFO - [2024-12-03T00:10:38.891+0000] {dag.py:4180} INFO - Setting next_dagrun for example_setup_teardown to None, run_after=None
[2024-12-03T00:10:38.897+0000] {processor.py:208} INFO - Processing /home/airflow/.local/lib/python3.12/site-packages/airflow/example_dags/example_setup_teardown.py took 0.027 seconds
[2024-12-03T00:11:09.968+0000] {processor.py:186} INFO - Started process (PID=4414) to work on /home/airflow/.local/lib/python3.12/site-packages/airflow/example_dags/example_setup_teardown.py
[2024-12-03T00:11:09.969+0000] {processor.py:914} INFO - Processing file /home/airflow/.local/lib/python3.12/site-packages/airflow/example_dags/example_setup_teardown.py for tasks to queue
[2024-12-03T00:11:09.970+0000] {logging_mixin.py:190} INFO - [2024-12-03T00:11:09.970+0000] {dagbag.py:588} INFO - Filling up the DagBag from /home/airflow/.local/lib/python3.12/site-packages/airflow/example_dags/example_setup_teardown.py
[2024-12-03T00:11:09.975+0000] {processor.py:925} INFO - DAG(s) 'example_setup_teardown' retrieved from /home/airflow/.local/lib/python3.12/site-packages/airflow/example_dags/example_setup_teardown.py
[2024-12-03T00:11:09.985+0000] {logging_mixin.py:190} INFO - [2024-12-03T00:11:09.985+0000] {dag.py:3239} INFO - Sync 1 DAGs
[2024-12-03T00:11:09.990+0000] {logging_mixin.py:190} INFO - [2024-12-03T00:11:09.990+0000] {dag.py:4180} INFO - Setting next_dagrun for example_setup_teardown to None, run_after=None
[2024-12-03T00:11:09.999+0000] {processor.py:208} INFO - Processing /home/airflow/.local/lib/python3.12/site-packages/airflow/example_dags/example_setup_teardown.py took 0.034 seconds
[2024-12-03T00:11:40.239+0000] {processor.py:186} INFO - Started process (PID=4480) to work on /home/airflow/.local/lib/python3.12/site-packages/airflow/example_dags/example_setup_teardown.py
[2024-12-03T00:11:40.240+0000] {processor.py:914} INFO - Processing file /home/airflow/.local/lib/python3.12/site-packages/airflow/example_dags/example_setup_teardown.py for tasks to queue
[2024-12-03T00:11:40.241+0000] {logging_mixin.py:190} INFO - [2024-12-03T00:11:40.241+0000] {dagbag.py:588} INFO - Filling up the DagBag from /home/airflow/.local/lib/python3.12/site-packages/airflow/example_dags/example_setup_teardown.py
[2024-12-03T00:11:40.244+0000] {processor.py:925} INFO - DAG(s) 'example_setup_teardown' retrieved from /home/airflow/.local/lib/python3.12/site-packages/airflow/example_dags/example_setup_teardown.py
[2024-12-03T00:11:40.254+0000] {logging_mixin.py:190} INFO - [2024-12-03T00:11:40.254+0000] {dag.py:3239} INFO - Sync 1 DAGs
[2024-12-03T00:11:40.260+0000] {logging_mixin.py:190} INFO - [2024-12-03T00:11:40.260+0000] {dag.py:4180} INFO - Setting next_dagrun for example_setup_teardown to None, run_after=None
[2024-12-03T00:11:40.266+0000] {processor.py:208} INFO - Processing /home/airflow/.local/lib/python3.12/site-packages/airflow/example_dags/example_setup_teardown.py took 0.030 seconds
[2024-12-03T00:12:11.453+0000] {processor.py:186} INFO - Started process (PID=4546) to work on /home/airflow/.local/lib/python3.12/site-packages/airflow/example_dags/example_setup_teardown.py
[2024-12-03T00:12:11.453+0000] {processor.py:914} INFO - Processing file /home/airflow/.local/lib/python3.12/site-packages/airflow/example_dags/example_setup_teardown.py for tasks to queue
[2024-12-03T00:12:11.454+0000] {logging_mixin.py:190} INFO - [2024-12-03T00:12:11.454+0000] {dagbag.py:588} INFO - Filling up the DagBag from /home/airflow/.local/lib/python3.12/site-packages/airflow/example_dags/example_setup_teardown.py
[2024-12-03T00:12:11.457+0000] {processor.py:925} INFO - DAG(s) 'example_setup_teardown' retrieved from /home/airflow/.local/lib/python3.12/site-packages/airflow/example_dags/example_setup_teardown.py
[2024-12-03T00:12:11.464+0000] {logging_mixin.py:190} INFO - [2024-12-03T00:12:11.464+0000] {dag.py:3239} INFO - Sync 1 DAGs
[2024-12-03T00:12:11.469+0000] {logging_mixin.py:190} INFO - [2024-12-03T00:12:11.469+0000] {dag.py:4180} INFO - Setting next_dagrun for example_setup_teardown to None, run_after=None
[2024-12-03T00:12:11.474+0000] {processor.py:208} INFO - Processing /home/airflow/.local/lib/python3.12/site-packages/airflow/example_dags/example_setup_teardown.py took 0.024 seconds
[2024-12-03T00:12:42.648+0000] {processor.py:186} INFO - Started process (PID=4612) to work on /home/airflow/.local/lib/python3.12/site-packages/airflow/example_dags/example_setup_teardown.py
[2024-12-03T00:12:42.649+0000] {processor.py:914} INFO - Processing file /home/airflow/.local/lib/python3.12/site-packages/airflow/example_dags/example_setup_teardown.py for tasks to queue
[2024-12-03T00:12:42.651+0000] {logging_mixin.py:190} INFO - [2024-12-03T00:12:42.651+0000] {dagbag.py:588} INFO - Filling up the DagBag from /home/airflow/.local/lib/python3.12/site-packages/airflow/example_dags/example_setup_teardown.py
[2024-12-03T00:12:42.654+0000] {processor.py:925} INFO - DAG(s) 'example_setup_teardown' retrieved from /home/airflow/.local/lib/python3.12/site-packages/airflow/example_dags/example_setup_teardown.py
[2024-12-03T00:12:42.663+0000] {logging_mixin.py:190} INFO - [2024-12-03T00:12:42.663+0000] {dag.py:3239} INFO - Sync 1 DAGs
[2024-12-03T00:12:42.667+0000] {logging_mixin.py:190} INFO - [2024-12-03T00:12:42.667+0000] {dag.py:4180} INFO - Setting next_dagrun for example_setup_teardown to None, run_after=None
[2024-12-03T00:12:42.674+0000] {processor.py:208} INFO - Processing /home/airflow/.local/lib/python3.12/site-packages/airflow/example_dags/example_setup_teardown.py took 0.028 seconds
[2024-12-03T00:13:13.026+0000] {processor.py:186} INFO - Started process (PID=4678) to work on /home/airflow/.local/lib/python3.12/site-packages/airflow/example_dags/example_setup_teardown.py
[2024-12-03T00:13:13.027+0000] {processor.py:914} INFO - Processing file /home/airflow/.local/lib/python3.12/site-packages/airflow/example_dags/example_setup_teardown.py for tasks to queue
[2024-12-03T00:13:13.030+0000] {logging_mixin.py:190} INFO - [2024-12-03T00:13:13.030+0000] {dagbag.py:588} INFO - Filling up the DagBag from /home/airflow/.local/lib/python3.12/site-packages/airflow/example_dags/example_setup_teardown.py
[2024-12-03T00:13:13.034+0000] {processor.py:925} INFO - DAG(s) 'example_setup_teardown' retrieved from /home/airflow/.local/lib/python3.12/site-packages/airflow/example_dags/example_setup_teardown.py
[2024-12-03T00:13:13.042+0000] {logging_mixin.py:190} INFO - [2024-12-03T00:13:13.042+0000] {dag.py:3239} INFO - Sync 1 DAGs
[2024-12-03T00:13:13.048+0000] {logging_mixin.py:190} INFO - [2024-12-03T00:13:13.048+0000] {dag.py:4180} INFO - Setting next_dagrun for example_setup_teardown to None, run_after=None
[2024-12-03T00:13:13.054+0000] {processor.py:208} INFO - Processing /home/airflow/.local/lib/python3.12/site-packages/airflow/example_dags/example_setup_teardown.py took 0.031 seconds
[2024-12-03T00:13:44.240+0000] {processor.py:186} INFO - Started process (PID=4744) to work on /home/airflow/.local/lib/python3.12/site-packages/airflow/example_dags/example_setup_teardown.py
[2024-12-03T00:13:44.241+0000] {processor.py:914} INFO - Processing file /home/airflow/.local/lib/python3.12/site-packages/airflow/example_dags/example_setup_teardown.py for tasks to queue
[2024-12-03T00:13:44.242+0000] {logging_mixin.py:190} INFO - [2024-12-03T00:13:44.242+0000] {dagbag.py:588} INFO - Filling up the DagBag from /home/airflow/.local/lib/python3.12/site-packages/airflow/example_dags/example_setup_teardown.py
[2024-12-03T00:13:44.246+0000] {processor.py:925} INFO - DAG(s) 'example_setup_teardown' retrieved from /home/airflow/.local/lib/python3.12/site-packages/airflow/example_dags/example_setup_teardown.py
[2024-12-03T00:13:44.254+0000] {logging_mixin.py:190} INFO - [2024-12-03T00:13:44.254+0000] {dag.py:3239} INFO - Sync 1 DAGs
[2024-12-03T00:13:44.262+0000] {logging_mixin.py:190} INFO - [2024-12-03T00:13:44.262+0000] {dag.py:4180} INFO - Setting next_dagrun for example_setup_teardown to None, run_after=None
[2024-12-03T00:13:44.269+0000] {processor.py:208} INFO - Processing /home/airflow/.local/lib/python3.12/site-packages/airflow/example_dags/example_setup_teardown.py took 0.031 seconds
[2024-12-03T00:14:14.634+0000] {processor.py:186} INFO - Started process (PID=4810) to work on /home/airflow/.local/lib/python3.12/site-packages/airflow/example_dags/example_setup_teardown.py
[2024-12-03T00:14:14.635+0000] {processor.py:914} INFO - Processing file /home/airflow/.local/lib/python3.12/site-packages/airflow/example_dags/example_setup_teardown.py for tasks to queue
[2024-12-03T00:14:14.635+0000] {logging_mixin.py:190} INFO - [2024-12-03T00:14:14.635+0000] {dagbag.py:588} INFO - Filling up the DagBag from /home/airflow/.local/lib/python3.12/site-packages/airflow/example_dags/example_setup_teardown.py
[2024-12-03T00:14:14.639+0000] {processor.py:925} INFO - DAG(s) 'example_setup_teardown' retrieved from /home/airflow/.local/lib/python3.12/site-packages/airflow/example_dags/example_setup_teardown.py
[2024-12-03T00:14:14.647+0000] {logging_mixin.py:190} INFO - [2024-12-03T00:14:14.647+0000] {dag.py:3239} INFO - Sync 1 DAGs
[2024-12-03T00:14:14.653+0000] {logging_mixin.py:190} INFO - [2024-12-03T00:14:14.652+0000] {dag.py:4180} INFO - Setting next_dagrun for example_setup_teardown to None, run_after=None
[2024-12-03T00:14:14.659+0000] {processor.py:208} INFO - Processing /home/airflow/.local/lib/python3.12/site-packages/airflow/example_dags/example_setup_teardown.py took 0.028 seconds
[2024-12-03T00:14:44.978+0000] {processor.py:186} INFO - Started process (PID=4876) to work on /home/airflow/.local/lib/python3.12/site-packages/airflow/example_dags/example_setup_teardown.py
[2024-12-03T00:14:44.979+0000] {processor.py:914} INFO - Processing file /home/airflow/.local/lib/python3.12/site-packages/airflow/example_dags/example_setup_teardown.py for tasks to queue
[2024-12-03T00:14:44.979+0000] {logging_mixin.py:190} INFO - [2024-12-03T00:14:44.979+0000] {dagbag.py:588} INFO - Filling up the DagBag from /home/airflow/.local/lib/python3.12/site-packages/airflow/example_dags/example_setup_teardown.py
[2024-12-03T00:14:44.986+0000] {processor.py:925} INFO - DAG(s) 'example_setup_teardown' retrieved from /home/airflow/.local/lib/python3.12/site-packages/airflow/example_dags/example_setup_teardown.py
[2024-12-03T00:14:44.996+0000] {logging_mixin.py:190} INFO - [2024-12-03T00:14:44.996+0000] {dag.py:3239} INFO - Sync 1 DAGs
[2024-12-03T00:14:45.002+0000] {logging_mixin.py:190} INFO - [2024-12-03T00:14:45.001+0000] {dag.py:4180} INFO - Setting next_dagrun for example_setup_teardown to None, run_after=None
[2024-12-03T00:14:45.009+0000] {processor.py:208} INFO - Processing /home/airflow/.local/lib/python3.12/site-packages/airflow/example_dags/example_setup_teardown.py took 0.033 seconds
[2024-12-03T00:15:15.475+0000] {processor.py:186} INFO - Started process (PID=4942) to work on /home/airflow/.local/lib/python3.12/site-packages/airflow/example_dags/example_setup_teardown.py
[2024-12-03T00:15:15.477+0000] {processor.py:914} INFO - Processing file /home/airflow/.local/lib/python3.12/site-packages/airflow/example_dags/example_setup_teardown.py for tasks to queue
[2024-12-03T00:15:15.478+0000] {logging_mixin.py:190} INFO - [2024-12-03T00:15:15.478+0000] {dagbag.py:588} INFO - Filling up the DagBag from /home/airflow/.local/lib/python3.12/site-packages/airflow/example_dags/example_setup_teardown.py
[2024-12-03T00:15:15.481+0000] {processor.py:925} INFO - DAG(s) 'example_setup_teardown' retrieved from /home/airflow/.local/lib/python3.12/site-packages/airflow/example_dags/example_setup_teardown.py
[2024-12-03T00:15:15.493+0000] {logging_mixin.py:190} INFO - [2024-12-03T00:15:15.493+0000] {dag.py:3239} INFO - Sync 1 DAGs
[2024-12-03T00:15:15.499+0000] {logging_mixin.py:190} INFO - [2024-12-03T00:15:15.499+0000] {dag.py:4180} INFO - Setting next_dagrun for example_setup_teardown to None, run_after=None
[2024-12-03T00:15:15.506+0000] {processor.py:208} INFO - Processing /home/airflow/.local/lib/python3.12/site-packages/airflow/example_dags/example_setup_teardown.py took 0.033 seconds
[2024-12-03T00:15:46.117+0000] {processor.py:186} INFO - Started process (PID=5008) to work on /home/airflow/.local/lib/python3.12/site-packages/airflow/example_dags/example_setup_teardown.py
[2024-12-03T00:15:46.117+0000] {processor.py:914} INFO - Processing file /home/airflow/.local/lib/python3.12/site-packages/airflow/example_dags/example_setup_teardown.py for tasks to queue
[2024-12-03T00:15:46.118+0000] {logging_mixin.py:190} INFO - [2024-12-03T00:15:46.118+0000] {dagbag.py:588} INFO - Filling up the DagBag from /home/airflow/.local/lib/python3.12/site-packages/airflow/example_dags/example_setup_teardown.py
[2024-12-03T00:15:46.122+0000] {processor.py:925} INFO - DAG(s) 'example_setup_teardown' retrieved from /home/airflow/.local/lib/python3.12/site-packages/airflow/example_dags/example_setup_teardown.py
[2024-12-03T00:15:46.130+0000] {logging_mixin.py:190} INFO - [2024-12-03T00:15:46.130+0000] {dag.py:3239} INFO - Sync 1 DAGs
[2024-12-03T00:15:46.136+0000] {logging_mixin.py:190} INFO - [2024-12-03T00:15:46.136+0000] {dag.py:4180} INFO - Setting next_dagrun for example_setup_teardown to None, run_after=None
[2024-12-03T00:15:46.148+0000] {processor.py:208} INFO - Processing /home/airflow/.local/lib/python3.12/site-packages/airflow/example_dags/example_setup_teardown.py took 0.034 seconds
[2024-12-03T00:16:16.430+0000] {processor.py:186} INFO - Started process (PID=5075) to work on /home/airflow/.local/lib/python3.12/site-packages/airflow/example_dags/example_setup_teardown.py
[2024-12-03T00:16:16.431+0000] {processor.py:914} INFO - Processing file /home/airflow/.local/lib/python3.12/site-packages/airflow/example_dags/example_setup_teardown.py for tasks to queue
[2024-12-03T00:16:16.433+0000] {logging_mixin.py:190} INFO - [2024-12-03T00:16:16.433+0000] {dagbag.py:588} INFO - Filling up the DagBag from /home/airflow/.local/lib/python3.12/site-packages/airflow/example_dags/example_setup_teardown.py
[2024-12-03T00:16:16.437+0000] {processor.py:925} INFO - DAG(s) 'example_setup_teardown' retrieved from /home/airflow/.local/lib/python3.12/site-packages/airflow/example_dags/example_setup_teardown.py
[2024-12-03T00:16:16.447+0000] {logging_mixin.py:190} INFO - [2024-12-03T00:16:16.447+0000] {dag.py:3239} INFO - Sync 1 DAGs
[2024-12-03T00:16:16.454+0000] {logging_mixin.py:190} INFO - [2024-12-03T00:16:16.454+0000] {dag.py:4180} INFO - Setting next_dagrun for example_setup_teardown to None, run_after=None
[2024-12-03T00:16:16.460+0000] {processor.py:208} INFO - Processing /home/airflow/.local/lib/python3.12/site-packages/airflow/example_dags/example_setup_teardown.py took 0.032 seconds
[2024-12-03T00:16:46.976+0000] {processor.py:186} INFO - Started process (PID=5142) to work on /home/airflow/.local/lib/python3.12/site-packages/airflow/example_dags/example_setup_teardown.py
[2024-12-03T00:16:46.976+0000] {processor.py:914} INFO - Processing file /home/airflow/.local/lib/python3.12/site-packages/airflow/example_dags/example_setup_teardown.py for tasks to queue
[2024-12-03T00:16:46.978+0000] {logging_mixin.py:190} INFO - [2024-12-03T00:16:46.978+0000] {dagbag.py:588} INFO - Filling up the DagBag from /home/airflow/.local/lib/python3.12/site-packages/airflow/example_dags/example_setup_teardown.py
[2024-12-03T00:16:46.982+0000] {processor.py:925} INFO - DAG(s) 'example_setup_teardown' retrieved from /home/airflow/.local/lib/python3.12/site-packages/airflow/example_dags/example_setup_teardown.py
[2024-12-03T00:16:46.991+0000] {logging_mixin.py:190} INFO - [2024-12-03T00:16:46.991+0000] {dag.py:3239} INFO - Sync 1 DAGs
[2024-12-03T00:16:46.996+0000] {logging_mixin.py:190} INFO - [2024-12-03T00:16:46.996+0000] {dag.py:4180} INFO - Setting next_dagrun for example_setup_teardown to None, run_after=None
[2024-12-03T00:16:47.002+0000] {processor.py:208} INFO - Processing /home/airflow/.local/lib/python3.12/site-packages/airflow/example_dags/example_setup_teardown.py took 0.028 seconds
[2024-12-03T00:17:17.374+0000] {processor.py:186} INFO - Started process (PID=5208) to work on /home/airflow/.local/lib/python3.12/site-packages/airflow/example_dags/example_setup_teardown.py
[2024-12-03T00:17:17.375+0000] {processor.py:914} INFO - Processing file /home/airflow/.local/lib/python3.12/site-packages/airflow/example_dags/example_setup_teardown.py for tasks to queue
[2024-12-03T00:17:17.376+0000] {logging_mixin.py:190} INFO - [2024-12-03T00:17:17.375+0000] {dagbag.py:588} INFO - Filling up the DagBag from /home/airflow/.local/lib/python3.12/site-packages/airflow/example_dags/example_setup_teardown.py
[2024-12-03T00:17:17.379+0000] {processor.py:925} INFO - DAG(s) 'example_setup_teardown' retrieved from /home/airflow/.local/lib/python3.12/site-packages/airflow/example_dags/example_setup_teardown.py
[2024-12-03T00:17:17.387+0000] {logging_mixin.py:190} INFO - [2024-12-03T00:17:17.386+0000] {dag.py:3239} INFO - Sync 1 DAGs
[2024-12-03T00:17:17.392+0000] {logging_mixin.py:190} INFO - [2024-12-03T00:17:17.392+0000] {dag.py:4180} INFO - Setting next_dagrun for example_setup_teardown to None, run_after=None
[2024-12-03T00:17:17.402+0000] {processor.py:208} INFO - Processing /home/airflow/.local/lib/python3.12/site-packages/airflow/example_dags/example_setup_teardown.py took 0.031 seconds
[2024-12-03T00:17:47.736+0000] {processor.py:186} INFO - Started process (PID=5274) to work on /home/airflow/.local/lib/python3.12/site-packages/airflow/example_dags/example_setup_teardown.py
[2024-12-03T00:17:47.737+0000] {processor.py:914} INFO - Processing file /home/airflow/.local/lib/python3.12/site-packages/airflow/example_dags/example_setup_teardown.py for tasks to queue
[2024-12-03T00:17:47.738+0000] {logging_mixin.py:190} INFO - [2024-12-03T00:17:47.738+0000] {dagbag.py:588} INFO - Filling up the DagBag from /home/airflow/.local/lib/python3.12/site-packages/airflow/example_dags/example_setup_teardown.py
[2024-12-03T00:17:47.741+0000] {processor.py:925} INFO - DAG(s) 'example_setup_teardown' retrieved from /home/airflow/.local/lib/python3.12/site-packages/airflow/example_dags/example_setup_teardown.py
[2024-12-03T00:17:47.750+0000] {logging_mixin.py:190} INFO - [2024-12-03T00:17:47.750+0000] {dag.py:3239} INFO - Sync 1 DAGs
[2024-12-03T00:17:47.758+0000] {logging_mixin.py:190} INFO - [2024-12-03T00:17:47.758+0000] {dag.py:4180} INFO - Setting next_dagrun for example_setup_teardown to None, run_after=None
[2024-12-03T00:17:47.768+0000] {processor.py:208} INFO - Processing /home/airflow/.local/lib/python3.12/site-packages/airflow/example_dags/example_setup_teardown.py took 0.034 seconds
[2024-12-03T00:18:17.866+0000] {processor.py:186} INFO - Started process (PID=5340) to work on /home/airflow/.local/lib/python3.12/site-packages/airflow/example_dags/example_setup_teardown.py
[2024-12-03T00:18:17.867+0000] {processor.py:914} INFO - Processing file /home/airflow/.local/lib/python3.12/site-packages/airflow/example_dags/example_setup_teardown.py for tasks to queue
[2024-12-03T00:18:17.868+0000] {logging_mixin.py:190} INFO - [2024-12-03T00:18:17.868+0000] {dagbag.py:588} INFO - Filling up the DagBag from /home/airflow/.local/lib/python3.12/site-packages/airflow/example_dags/example_setup_teardown.py
[2024-12-03T00:18:17.872+0000] {processor.py:925} INFO - DAG(s) 'example_setup_teardown' retrieved from /home/airflow/.local/lib/python3.12/site-packages/airflow/example_dags/example_setup_teardown.py
[2024-12-03T00:18:17.880+0000] {logging_mixin.py:190} INFO - [2024-12-03T00:18:17.880+0000] {dag.py:3239} INFO - Sync 1 DAGs
[2024-12-03T00:18:17.887+0000] {logging_mixin.py:190} INFO - [2024-12-03T00:18:17.886+0000] {dag.py:4180} INFO - Setting next_dagrun for example_setup_teardown to None, run_after=None
[2024-12-03T00:18:17.893+0000] {processor.py:208} INFO - Processing /home/airflow/.local/lib/python3.12/site-packages/airflow/example_dags/example_setup_teardown.py took 0.029 seconds
[2024-12-03T00:18:47.998+0000] {processor.py:186} INFO - Started process (PID=5405) to work on /home/airflow/.local/lib/python3.12/site-packages/airflow/example_dags/example_setup_teardown.py
[2024-12-03T00:18:47.999+0000] {processor.py:914} INFO - Processing file /home/airflow/.local/lib/python3.12/site-packages/airflow/example_dags/example_setup_teardown.py for tasks to queue
[2024-12-03T00:18:48.002+0000] {logging_mixin.py:190} INFO - [2024-12-03T00:18:48.002+0000] {dagbag.py:588} INFO - Filling up the DagBag from /home/airflow/.local/lib/python3.12/site-packages/airflow/example_dags/example_setup_teardown.py
[2024-12-03T00:18:48.006+0000] {processor.py:925} INFO - DAG(s) 'example_setup_teardown' retrieved from /home/airflow/.local/lib/python3.12/site-packages/airflow/example_dags/example_setup_teardown.py
[2024-12-03T00:18:48.019+0000] {logging_mixin.py:190} INFO - [2024-12-03T00:18:48.018+0000] {dag.py:3239} INFO - Sync 1 DAGs
[2024-12-03T00:18:48.023+0000] {logging_mixin.py:190} INFO - [2024-12-03T00:18:48.023+0000] {dag.py:4180} INFO - Setting next_dagrun for example_setup_teardown to None, run_after=None
[2024-12-03T00:18:48.030+0000] {processor.py:208} INFO - Processing /home/airflow/.local/lib/python3.12/site-packages/airflow/example_dags/example_setup_teardown.py took 0.034 seconds
[2024-12-03T00:19:18.204+0000] {processor.py:186} INFO - Started process (PID=5470) to work on /home/airflow/.local/lib/python3.12/site-packages/airflow/example_dags/example_setup_teardown.py
[2024-12-03T00:19:18.207+0000] {processor.py:914} INFO - Processing file /home/airflow/.local/lib/python3.12/site-packages/airflow/example_dags/example_setup_teardown.py for tasks to queue
[2024-12-03T00:19:18.208+0000] {logging_mixin.py:190} INFO - [2024-12-03T00:19:18.208+0000] {dagbag.py:588} INFO - Filling up the DagBag from /home/airflow/.local/lib/python3.12/site-packages/airflow/example_dags/example_setup_teardown.py
[2024-12-03T00:19:18.211+0000] {processor.py:925} INFO - DAG(s) 'example_setup_teardown' retrieved from /home/airflow/.local/lib/python3.12/site-packages/airflow/example_dags/example_setup_teardown.py
[2024-12-03T00:19:18.220+0000] {logging_mixin.py:190} INFO - [2024-12-03T00:19:18.220+0000] {dag.py:3239} INFO - Sync 1 DAGs
[2024-12-03T00:19:18.228+0000] {logging_mixin.py:190} INFO - [2024-12-03T00:19:18.228+0000] {dag.py:4180} INFO - Setting next_dagrun for example_setup_teardown to None, run_after=None
[2024-12-03T00:19:18.236+0000] {processor.py:208} INFO - Processing /home/airflow/.local/lib/python3.12/site-packages/airflow/example_dags/example_setup_teardown.py took 0.034 seconds
[2024-12-03T00:19:48.452+0000] {processor.py:186} INFO - Started process (PID=5536) to work on /home/airflow/.local/lib/python3.12/site-packages/airflow/example_dags/example_setup_teardown.py
[2024-12-03T00:19:48.452+0000] {processor.py:914} INFO - Processing file /home/airflow/.local/lib/python3.12/site-packages/airflow/example_dags/example_setup_teardown.py for tasks to queue
[2024-12-03T00:19:48.453+0000] {logging_mixin.py:190} INFO - [2024-12-03T00:19:48.453+0000] {dagbag.py:588} INFO - Filling up the DagBag from /home/airflow/.local/lib/python3.12/site-packages/airflow/example_dags/example_setup_teardown.py
[2024-12-03T00:19:48.456+0000] {processor.py:925} INFO - DAG(s) 'example_setup_teardown' retrieved from /home/airflow/.local/lib/python3.12/site-packages/airflow/example_dags/example_setup_teardown.py
[2024-12-03T00:19:48.463+0000] {logging_mixin.py:190} INFO - [2024-12-03T00:19:48.463+0000] {dag.py:3239} INFO - Sync 1 DAGs
[2024-12-03T00:19:48.468+0000] {logging_mixin.py:190} INFO - [2024-12-03T00:19:48.467+0000] {dag.py:4180} INFO - Setting next_dagrun for example_setup_teardown to None, run_after=None
[2024-12-03T00:19:48.473+0000] {processor.py:208} INFO - Processing /home/airflow/.local/lib/python3.12/site-packages/airflow/example_dags/example_setup_teardown.py took 0.023 seconds
[2024-12-03T00:20:18.729+0000] {processor.py:186} INFO - Started process (PID=5602) to work on /home/airflow/.local/lib/python3.12/site-packages/airflow/example_dags/example_setup_teardown.py
[2024-12-03T00:20:18.730+0000] {processor.py:914} INFO - Processing file /home/airflow/.local/lib/python3.12/site-packages/airflow/example_dags/example_setup_teardown.py for tasks to queue
[2024-12-03T00:20:18.731+0000] {logging_mixin.py:190} INFO - [2024-12-03T00:20:18.730+0000] {dagbag.py:588} INFO - Filling up the DagBag from /home/airflow/.local/lib/python3.12/site-packages/airflow/example_dags/example_setup_teardown.py
[2024-12-03T00:20:18.734+0000] {processor.py:925} INFO - DAG(s) 'example_setup_teardown' retrieved from /home/airflow/.local/lib/python3.12/site-packages/airflow/example_dags/example_setup_teardown.py
[2024-12-03T00:20:18.742+0000] {logging_mixin.py:190} INFO - [2024-12-03T00:20:18.742+0000] {dag.py:3239} INFO - Sync 1 DAGs
[2024-12-03T00:20:18.748+0000] {logging_mixin.py:190} INFO - [2024-12-03T00:20:18.748+0000] {dag.py:4180} INFO - Setting next_dagrun for example_setup_teardown to None, run_after=None
[2024-12-03T00:20:18.756+0000] {processor.py:208} INFO - Processing /home/airflow/.local/lib/python3.12/site-packages/airflow/example_dags/example_setup_teardown.py took 0.029 seconds
[2024-12-03T00:20:49.056+0000] {processor.py:186} INFO - Started process (PID=5668) to work on /home/airflow/.local/lib/python3.12/site-packages/airflow/example_dags/example_setup_teardown.py
[2024-12-03T00:20:49.057+0000] {processor.py:914} INFO - Processing file /home/airflow/.local/lib/python3.12/site-packages/airflow/example_dags/example_setup_teardown.py for tasks to queue
[2024-12-03T00:20:49.058+0000] {logging_mixin.py:190} INFO - [2024-12-03T00:20:49.057+0000] {dagbag.py:588} INFO - Filling up the DagBag from /home/airflow/.local/lib/python3.12/site-packages/airflow/example_dags/example_setup_teardown.py
[2024-12-03T00:20:49.061+0000] {processor.py:925} INFO - DAG(s) 'example_setup_teardown' retrieved from /home/airflow/.local/lib/python3.12/site-packages/airflow/example_dags/example_setup_teardown.py
[2024-12-03T00:20:49.071+0000] {logging_mixin.py:190} INFO - [2024-12-03T00:20:49.071+0000] {dag.py:3239} INFO - Sync 1 DAGs
[2024-12-03T00:20:49.075+0000] {logging_mixin.py:190} INFO - [2024-12-03T00:20:49.075+0000] {dag.py:4180} INFO - Setting next_dagrun for example_setup_teardown to None, run_after=None
[2024-12-03T00:20:49.083+0000] {processor.py:208} INFO - Processing /home/airflow/.local/lib/python3.12/site-packages/airflow/example_dags/example_setup_teardown.py took 0.029 seconds
[2024-12-03T00:21:19.437+0000] {processor.py:186} INFO - Started process (PID=5734) to work on /home/airflow/.local/lib/python3.12/site-packages/airflow/example_dags/example_setup_teardown.py
[2024-12-03T00:21:19.438+0000] {processor.py:914} INFO - Processing file /home/airflow/.local/lib/python3.12/site-packages/airflow/example_dags/example_setup_teardown.py for tasks to queue
[2024-12-03T00:21:19.442+0000] {logging_mixin.py:190} INFO - [2024-12-03T00:21:19.441+0000] {dagbag.py:588} INFO - Filling up the DagBag from /home/airflow/.local/lib/python3.12/site-packages/airflow/example_dags/example_setup_teardown.py
[2024-12-03T00:21:19.447+0000] {processor.py:925} INFO - DAG(s) 'example_setup_teardown' retrieved from /home/airflow/.local/lib/python3.12/site-packages/airflow/example_dags/example_setup_teardown.py
[2024-12-03T00:21:19.455+0000] {logging_mixin.py:190} INFO - [2024-12-03T00:21:19.455+0000] {dag.py:3239} INFO - Sync 1 DAGs
[2024-12-03T00:21:19.461+0000] {logging_mixin.py:190} INFO - [2024-12-03T00:21:19.461+0000] {dag.py:4180} INFO - Setting next_dagrun for example_setup_teardown to None, run_after=None
[2024-12-03T00:21:19.469+0000] {processor.py:208} INFO - Processing /home/airflow/.local/lib/python3.12/site-packages/airflow/example_dags/example_setup_teardown.py took 0.035 seconds
[2024-12-03T00:21:49.769+0000] {processor.py:186} INFO - Started process (PID=5800) to work on /home/airflow/.local/lib/python3.12/site-packages/airflow/example_dags/example_setup_teardown.py
[2024-12-03T00:21:49.769+0000] {processor.py:914} INFO - Processing file /home/airflow/.local/lib/python3.12/site-packages/airflow/example_dags/example_setup_teardown.py for tasks to queue
[2024-12-03T00:21:49.770+0000] {logging_mixin.py:190} INFO - [2024-12-03T00:21:49.770+0000] {dagbag.py:588} INFO - Filling up the DagBag from /home/airflow/.local/lib/python3.12/site-packages/airflow/example_dags/example_setup_teardown.py
[2024-12-03T00:21:49.774+0000] {processor.py:925} INFO - DAG(s) 'example_setup_teardown' retrieved from /home/airflow/.local/lib/python3.12/site-packages/airflow/example_dags/example_setup_teardown.py
[2024-12-03T00:21:49.782+0000] {logging_mixin.py:190} INFO - [2024-12-03T00:21:49.781+0000] {dag.py:3239} INFO - Sync 1 DAGs
[2024-12-03T00:21:49.786+0000] {logging_mixin.py:190} INFO - [2024-12-03T00:21:49.786+0000] {dag.py:4180} INFO - Setting next_dagrun for example_setup_teardown to None, run_after=None
[2024-12-03T00:21:49.796+0000] {processor.py:208} INFO - Processing /home/airflow/.local/lib/python3.12/site-packages/airflow/example_dags/example_setup_teardown.py took 0.030 seconds
[2024-12-03T00:22:20.233+0000] {processor.py:186} INFO - Started process (PID=5867) to work on /home/airflow/.local/lib/python3.12/site-packages/airflow/example_dags/example_setup_teardown.py
[2024-12-03T00:22:20.233+0000] {processor.py:914} INFO - Processing file /home/airflow/.local/lib/python3.12/site-packages/airflow/example_dags/example_setup_teardown.py for tasks to queue
[2024-12-03T00:22:20.234+0000] {logging_mixin.py:190} INFO - [2024-12-03T00:22:20.234+0000] {dagbag.py:588} INFO - Filling up the DagBag from /home/airflow/.local/lib/python3.12/site-packages/airflow/example_dags/example_setup_teardown.py
[2024-12-03T00:22:20.238+0000] {processor.py:925} INFO - DAG(s) 'example_setup_teardown' retrieved from /home/airflow/.local/lib/python3.12/site-packages/airflow/example_dags/example_setup_teardown.py
[2024-12-03T00:22:20.247+0000] {logging_mixin.py:190} INFO - [2024-12-03T00:22:20.246+0000] {dag.py:3239} INFO - Sync 1 DAGs
[2024-12-03T00:22:20.253+0000] {logging_mixin.py:190} INFO - [2024-12-03T00:22:20.253+0000] {dag.py:4180} INFO - Setting next_dagrun for example_setup_teardown to None, run_after=None
[2024-12-03T00:22:20.264+0000] {processor.py:208} INFO - Processing /home/airflow/.local/lib/python3.12/site-packages/airflow/example_dags/example_setup_teardown.py took 0.034 seconds
[2024-12-03T00:22:50.753+0000] {processor.py:186} INFO - Started process (PID=5933) to work on /home/airflow/.local/lib/python3.12/site-packages/airflow/example_dags/example_setup_teardown.py
[2024-12-03T00:22:50.754+0000] {processor.py:914} INFO - Processing file /home/airflow/.local/lib/python3.12/site-packages/airflow/example_dags/example_setup_teardown.py for tasks to queue
[2024-12-03T00:22:50.755+0000] {logging_mixin.py:190} INFO - [2024-12-03T00:22:50.754+0000] {dagbag.py:588} INFO - Filling up the DagBag from /home/airflow/.local/lib/python3.12/site-packages/airflow/example_dags/example_setup_teardown.py
[2024-12-03T00:22:50.758+0000] {processor.py:925} INFO - DAG(s) 'example_setup_teardown' retrieved from /home/airflow/.local/lib/python3.12/site-packages/airflow/example_dags/example_setup_teardown.py
[2024-12-03T00:22:50.766+0000] {logging_mixin.py:190} INFO - [2024-12-03T00:22:50.766+0000] {dag.py:3239} INFO - Sync 1 DAGs
[2024-12-03T00:22:50.771+0000] {logging_mixin.py:190} INFO - [2024-12-03T00:22:50.771+0000] {dag.py:4180} INFO - Setting next_dagrun for example_setup_teardown to None, run_after=None
[2024-12-03T00:22:50.779+0000] {processor.py:208} INFO - Processing /home/airflow/.local/lib/python3.12/site-packages/airflow/example_dags/example_setup_teardown.py took 0.029 seconds
[2024-12-03T00:23:21.099+0000] {processor.py:186} INFO - Started process (PID=5999) to work on /home/airflow/.local/lib/python3.12/site-packages/airflow/example_dags/example_setup_teardown.py
[2024-12-03T00:23:21.100+0000] {processor.py:914} INFO - Processing file /home/airflow/.local/lib/python3.12/site-packages/airflow/example_dags/example_setup_teardown.py for tasks to queue
[2024-12-03T00:23:21.101+0000] {logging_mixin.py:190} INFO - [2024-12-03T00:23:21.101+0000] {dagbag.py:588} INFO - Filling up the DagBag from /home/airflow/.local/lib/python3.12/site-packages/airflow/example_dags/example_setup_teardown.py
[2024-12-03T00:23:21.104+0000] {processor.py:925} INFO - DAG(s) 'example_setup_teardown' retrieved from /home/airflow/.local/lib/python3.12/site-packages/airflow/example_dags/example_setup_teardown.py
[2024-12-03T00:23:21.112+0000] {logging_mixin.py:190} INFO - [2024-12-03T00:23:21.112+0000] {dag.py:3239} INFO - Sync 1 DAGs
[2024-12-03T00:23:21.121+0000] {logging_mixin.py:190} INFO - [2024-12-03T00:23:21.121+0000] {dag.py:4180} INFO - Setting next_dagrun for example_setup_teardown to None, run_after=None
[2024-12-03T00:23:21.130+0000] {processor.py:208} INFO - Processing /home/airflow/.local/lib/python3.12/site-packages/airflow/example_dags/example_setup_teardown.py took 0.034 seconds
[2024-12-03T00:23:51.255+0000] {processor.py:186} INFO - Started process (PID=6065) to work on /home/airflow/.local/lib/python3.12/site-packages/airflow/example_dags/example_setup_teardown.py
[2024-12-03T00:23:51.255+0000] {processor.py:914} INFO - Processing file /home/airflow/.local/lib/python3.12/site-packages/airflow/example_dags/example_setup_teardown.py for tasks to queue
[2024-12-03T00:23:51.256+0000] {logging_mixin.py:190} INFO - [2024-12-03T00:23:51.256+0000] {dagbag.py:588} INFO - Filling up the DagBag from /home/airflow/.local/lib/python3.12/site-packages/airflow/example_dags/example_setup_teardown.py
[2024-12-03T00:23:51.260+0000] {processor.py:925} INFO - DAG(s) 'example_setup_teardown' retrieved from /home/airflow/.local/lib/python3.12/site-packages/airflow/example_dags/example_setup_teardown.py
[2024-12-03T00:23:51.269+0000] {logging_mixin.py:190} INFO - [2024-12-03T00:23:51.269+0000] {dag.py:3239} INFO - Sync 1 DAGs
[2024-12-03T00:23:51.274+0000] {logging_mixin.py:190} INFO - [2024-12-03T00:23:51.274+0000] {dag.py:4180} INFO - Setting next_dagrun for example_setup_teardown to None, run_after=None
[2024-12-03T00:23:51.280+0000] {processor.py:208} INFO - Processing /home/airflow/.local/lib/python3.12/site-packages/airflow/example_dags/example_setup_teardown.py took 0.028 seconds
[2024-12-03T00:24:21.597+0000] {processor.py:186} INFO - Started process (PID=6130) to work on /home/airflow/.local/lib/python3.12/site-packages/airflow/example_dags/example_setup_teardown.py
[2024-12-03T00:24:21.598+0000] {processor.py:914} INFO - Processing file /home/airflow/.local/lib/python3.12/site-packages/airflow/example_dags/example_setup_teardown.py for tasks to queue
[2024-12-03T00:24:21.599+0000] {logging_mixin.py:190} INFO - [2024-12-03T00:24:21.599+0000] {dagbag.py:588} INFO - Filling up the DagBag from /home/airflow/.local/lib/python3.12/site-packages/airflow/example_dags/example_setup_teardown.py
[2024-12-03T00:24:21.603+0000] {processor.py:925} INFO - DAG(s) 'example_setup_teardown' retrieved from /home/airflow/.local/lib/python3.12/site-packages/airflow/example_dags/example_setup_teardown.py
[2024-12-03T00:24:21.614+0000] {logging_mixin.py:190} INFO - [2024-12-03T00:24:21.614+0000] {dag.py:3239} INFO - Sync 1 DAGs
[2024-12-03T00:24:21.620+0000] {logging_mixin.py:190} INFO - [2024-12-03T00:24:21.620+0000] {dag.py:4180} INFO - Setting next_dagrun for example_setup_teardown to None, run_after=None
[2024-12-03T00:24:21.627+0000] {processor.py:208} INFO - Processing /home/airflow/.local/lib/python3.12/site-packages/airflow/example_dags/example_setup_teardown.py took 0.033 seconds
[2024-12-03T00:24:51.929+0000] {processor.py:186} INFO - Started process (PID=6196) to work on /home/airflow/.local/lib/python3.12/site-packages/airflow/example_dags/example_setup_teardown.py
[2024-12-03T00:24:51.929+0000] {processor.py:914} INFO - Processing file /home/airflow/.local/lib/python3.12/site-packages/airflow/example_dags/example_setup_teardown.py for tasks to queue
[2024-12-03T00:24:51.930+0000] {logging_mixin.py:190} INFO - [2024-12-03T00:24:51.930+0000] {dagbag.py:588} INFO - Filling up the DagBag from /home/airflow/.local/lib/python3.12/site-packages/airflow/example_dags/example_setup_teardown.py
[2024-12-03T00:24:51.933+0000] {processor.py:925} INFO - DAG(s) 'example_setup_teardown' retrieved from /home/airflow/.local/lib/python3.12/site-packages/airflow/example_dags/example_setup_teardown.py
[2024-12-03T00:24:51.942+0000] {logging_mixin.py:190} INFO - [2024-12-03T00:24:51.942+0000] {dag.py:3239} INFO - Sync 1 DAGs
[2024-12-03T00:24:51.948+0000] {logging_mixin.py:190} INFO - [2024-12-03T00:24:51.947+0000] {dag.py:4180} INFO - Setting next_dagrun for example_setup_teardown to None, run_after=None
[2024-12-03T00:24:51.956+0000] {processor.py:208} INFO - Processing /home/airflow/.local/lib/python3.12/site-packages/airflow/example_dags/example_setup_teardown.py took 0.030 seconds
[2024-12-03T00:25:22.270+0000] {processor.py:186} INFO - Started process (PID=6262) to work on /home/airflow/.local/lib/python3.12/site-packages/airflow/example_dags/example_setup_teardown.py
[2024-12-03T00:25:22.270+0000] {processor.py:914} INFO - Processing file /home/airflow/.local/lib/python3.12/site-packages/airflow/example_dags/example_setup_teardown.py for tasks to queue
[2024-12-03T00:25:22.271+0000] {logging_mixin.py:190} INFO - [2024-12-03T00:25:22.271+0000] {dagbag.py:588} INFO - Filling up the DagBag from /home/airflow/.local/lib/python3.12/site-packages/airflow/example_dags/example_setup_teardown.py
[2024-12-03T00:25:22.274+0000] {processor.py:925} INFO - DAG(s) 'example_setup_teardown' retrieved from /home/airflow/.local/lib/python3.12/site-packages/airflow/example_dags/example_setup_teardown.py
[2024-12-03T00:25:22.282+0000] {logging_mixin.py:190} INFO - [2024-12-03T00:25:22.282+0000] {dag.py:3239} INFO - Sync 1 DAGs
[2024-12-03T00:25:22.286+0000] {logging_mixin.py:190} INFO - [2024-12-03T00:25:22.286+0000] {dag.py:4180} INFO - Setting next_dagrun for example_setup_teardown to None, run_after=None
[2024-12-03T00:25:22.291+0000] {processor.py:208} INFO - Processing /home/airflow/.local/lib/python3.12/site-packages/airflow/example_dags/example_setup_teardown.py took 0.024 seconds
[2024-12-03T00:25:52.538+0000] {processor.py:186} INFO - Started process (PID=6328) to work on /home/airflow/.local/lib/python3.12/site-packages/airflow/example_dags/example_setup_teardown.py
[2024-12-03T00:25:52.538+0000] {processor.py:914} INFO - Processing file /home/airflow/.local/lib/python3.12/site-packages/airflow/example_dags/example_setup_teardown.py for tasks to queue
[2024-12-03T00:25:52.539+0000] {logging_mixin.py:190} INFO - [2024-12-03T00:25:52.539+0000] {dagbag.py:588} INFO - Filling up the DagBag from /home/airflow/.local/lib/python3.12/site-packages/airflow/example_dags/example_setup_teardown.py
[2024-12-03T00:25:52.543+0000] {processor.py:925} INFO - DAG(s) 'example_setup_teardown' retrieved from /home/airflow/.local/lib/python3.12/site-packages/airflow/example_dags/example_setup_teardown.py
[2024-12-03T00:25:52.549+0000] {logging_mixin.py:190} INFO - [2024-12-03T00:25:52.549+0000] {dag.py:3239} INFO - Sync 1 DAGs
[2024-12-03T00:25:52.554+0000] {logging_mixin.py:190} INFO - [2024-12-03T00:25:52.554+0000] {dag.py:4180} INFO - Setting next_dagrun for example_setup_teardown to None, run_after=None
[2024-12-03T00:25:52.559+0000] {processor.py:208} INFO - Processing /home/airflow/.local/lib/python3.12/site-packages/airflow/example_dags/example_setup_teardown.py took 0.024 seconds
[2024-12-03T00:26:22.863+0000] {processor.py:186} INFO - Started process (PID=6394) to work on /home/airflow/.local/lib/python3.12/site-packages/airflow/example_dags/example_setup_teardown.py
[2024-12-03T00:26:22.864+0000] {processor.py:914} INFO - Processing file /home/airflow/.local/lib/python3.12/site-packages/airflow/example_dags/example_setup_teardown.py for tasks to queue
[2024-12-03T00:26:22.865+0000] {logging_mixin.py:190} INFO - [2024-12-03T00:26:22.865+0000] {dagbag.py:588} INFO - Filling up the DagBag from /home/airflow/.local/lib/python3.12/site-packages/airflow/example_dags/example_setup_teardown.py
[2024-12-03T00:26:22.870+0000] {processor.py:925} INFO - DAG(s) 'example_setup_teardown' retrieved from /home/airflow/.local/lib/python3.12/site-packages/airflow/example_dags/example_setup_teardown.py
[2024-12-03T00:26:22.884+0000] {logging_mixin.py:190} INFO - [2024-12-03T00:26:22.884+0000] {dag.py:3239} INFO - Sync 1 DAGs
[2024-12-03T00:26:22.891+0000] {logging_mixin.py:190} INFO - [2024-12-03T00:26:22.891+0000] {dag.py:4180} INFO - Setting next_dagrun for example_setup_teardown to None, run_after=None
[2024-12-03T00:26:22.898+0000] {processor.py:208} INFO - Processing /home/airflow/.local/lib/python3.12/site-packages/airflow/example_dags/example_setup_teardown.py took 0.038 seconds
[2024-12-03T00:26:53.212+0000] {processor.py:186} INFO - Started process (PID=6460) to work on /home/airflow/.local/lib/python3.12/site-packages/airflow/example_dags/example_setup_teardown.py
[2024-12-03T00:26:53.212+0000] {processor.py:914} INFO - Processing file /home/airflow/.local/lib/python3.12/site-packages/airflow/example_dags/example_setup_teardown.py for tasks to queue
[2024-12-03T00:26:53.213+0000] {logging_mixin.py:190} INFO - [2024-12-03T00:26:53.213+0000] {dagbag.py:588} INFO - Filling up the DagBag from /home/airflow/.local/lib/python3.12/site-packages/airflow/example_dags/example_setup_teardown.py
[2024-12-03T00:26:53.217+0000] {processor.py:925} INFO - DAG(s) 'example_setup_teardown' retrieved from /home/airflow/.local/lib/python3.12/site-packages/airflow/example_dags/example_setup_teardown.py
[2024-12-03T00:26:53.224+0000] {logging_mixin.py:190} INFO - [2024-12-03T00:26:53.224+0000] {dag.py:3239} INFO - Sync 1 DAGs
[2024-12-03T00:26:53.229+0000] {logging_mixin.py:190} INFO - [2024-12-03T00:26:53.229+0000] {dag.py:4180} INFO - Setting next_dagrun for example_setup_teardown to None, run_after=None
[2024-12-03T00:26:53.234+0000] {processor.py:208} INFO - Processing /home/airflow/.local/lib/python3.12/site-packages/airflow/example_dags/example_setup_teardown.py took 0.024 seconds
[2024-12-03T00:27:23.570+0000] {processor.py:186} INFO - Started process (PID=6526) to work on /home/airflow/.local/lib/python3.12/site-packages/airflow/example_dags/example_setup_teardown.py
[2024-12-03T00:27:23.571+0000] {processor.py:914} INFO - Processing file /home/airflow/.local/lib/python3.12/site-packages/airflow/example_dags/example_setup_teardown.py for tasks to queue
[2024-12-03T00:27:23.573+0000] {logging_mixin.py:190} INFO - [2024-12-03T00:27:23.572+0000] {dagbag.py:588} INFO - Filling up the DagBag from /home/airflow/.local/lib/python3.12/site-packages/airflow/example_dags/example_setup_teardown.py
[2024-12-03T00:27:23.576+0000] {processor.py:925} INFO - DAG(s) 'example_setup_teardown' retrieved from /home/airflow/.local/lib/python3.12/site-packages/airflow/example_dags/example_setup_teardown.py
[2024-12-03T00:27:23.586+0000] {logging_mixin.py:190} INFO - [2024-12-03T00:27:23.586+0000] {dag.py:3239} INFO - Sync 1 DAGs
[2024-12-03T00:27:23.592+0000] {logging_mixin.py:190} INFO - [2024-12-03T00:27:23.592+0000] {dag.py:4180} INFO - Setting next_dagrun for example_setup_teardown to None, run_after=None
[2024-12-03T00:27:23.601+0000] {processor.py:208} INFO - Processing /home/airflow/.local/lib/python3.12/site-packages/airflow/example_dags/example_setup_teardown.py took 0.034 seconds
[2024-12-03T00:27:54.119+0000] {processor.py:186} INFO - Started process (PID=6592) to work on /home/airflow/.local/lib/python3.12/site-packages/airflow/example_dags/example_setup_teardown.py
[2024-12-03T00:27:54.119+0000] {processor.py:914} INFO - Processing file /home/airflow/.local/lib/python3.12/site-packages/airflow/example_dags/example_setup_teardown.py for tasks to queue
[2024-12-03T00:27:54.120+0000] {logging_mixin.py:190} INFO - [2024-12-03T00:27:54.120+0000] {dagbag.py:588} INFO - Filling up the DagBag from /home/airflow/.local/lib/python3.12/site-packages/airflow/example_dags/example_setup_teardown.py
[2024-12-03T00:27:54.124+0000] {processor.py:925} INFO - DAG(s) 'example_setup_teardown' retrieved from /home/airflow/.local/lib/python3.12/site-packages/airflow/example_dags/example_setup_teardown.py
[2024-12-03T00:27:54.132+0000] {logging_mixin.py:190} INFO - [2024-12-03T00:27:54.132+0000] {dag.py:3239} INFO - Sync 1 DAGs
[2024-12-03T00:27:54.137+0000] {logging_mixin.py:190} INFO - [2024-12-03T00:27:54.137+0000] {dag.py:4180} INFO - Setting next_dagrun for example_setup_teardown to None, run_after=None
[2024-12-03T00:27:54.143+0000] {processor.py:208} INFO - Processing /home/airflow/.local/lib/python3.12/site-packages/airflow/example_dags/example_setup_teardown.py took 0.027 seconds
[2024-12-03T00:28:24.514+0000] {processor.py:186} INFO - Started process (PID=6658) to work on /home/airflow/.local/lib/python3.12/site-packages/airflow/example_dags/example_setup_teardown.py
[2024-12-03T00:28:24.514+0000] {processor.py:914} INFO - Processing file /home/airflow/.local/lib/python3.12/site-packages/airflow/example_dags/example_setup_teardown.py for tasks to queue
[2024-12-03T00:28:24.516+0000] {logging_mixin.py:190} INFO - [2024-12-03T00:28:24.516+0000] {dagbag.py:588} INFO - Filling up the DagBag from /home/airflow/.local/lib/python3.12/site-packages/airflow/example_dags/example_setup_teardown.py
[2024-12-03T00:28:24.521+0000] {processor.py:925} INFO - DAG(s) 'example_setup_teardown' retrieved from /home/airflow/.local/lib/python3.12/site-packages/airflow/example_dags/example_setup_teardown.py
[2024-12-03T00:28:24.530+0000] {logging_mixin.py:190} INFO - [2024-12-03T00:28:24.530+0000] {dag.py:3239} INFO - Sync 1 DAGs
[2024-12-03T00:28:24.536+0000] {logging_mixin.py:190} INFO - [2024-12-03T00:28:24.536+0000] {dag.py:4180} INFO - Setting next_dagrun for example_setup_teardown to None, run_after=None
[2024-12-03T00:28:24.546+0000] {processor.py:208} INFO - Processing /home/airflow/.local/lib/python3.12/site-packages/airflow/example_dags/example_setup_teardown.py took 0.035 seconds
[2024-12-03T00:28:54.865+0000] {processor.py:186} INFO - Started process (PID=6724) to work on /home/airflow/.local/lib/python3.12/site-packages/airflow/example_dags/example_setup_teardown.py
[2024-12-03T00:28:54.868+0000] {processor.py:914} INFO - Processing file /home/airflow/.local/lib/python3.12/site-packages/airflow/example_dags/example_setup_teardown.py for tasks to queue
[2024-12-03T00:28:54.869+0000] {logging_mixin.py:190} INFO - [2024-12-03T00:28:54.869+0000] {dagbag.py:588} INFO - Filling up the DagBag from /home/airflow/.local/lib/python3.12/site-packages/airflow/example_dags/example_setup_teardown.py
[2024-12-03T00:28:54.873+0000] {processor.py:925} INFO - DAG(s) 'example_setup_teardown' retrieved from /home/airflow/.local/lib/python3.12/site-packages/airflow/example_dags/example_setup_teardown.py
[2024-12-03T00:28:54.880+0000] {logging_mixin.py:190} INFO - [2024-12-03T00:28:54.880+0000] {dag.py:3239} INFO - Sync 1 DAGs
[2024-12-03T00:28:54.886+0000] {logging_mixin.py:190} INFO - [2024-12-03T00:28:54.886+0000] {dag.py:4180} INFO - Setting next_dagrun for example_setup_teardown to None, run_after=None
[2024-12-03T00:28:54.894+0000] {processor.py:208} INFO - Processing /home/airflow/.local/lib/python3.12/site-packages/airflow/example_dags/example_setup_teardown.py took 0.032 seconds
[2024-12-03T00:29:25.312+0000] {processor.py:186} INFO - Started process (PID=6790) to work on /home/airflow/.local/lib/python3.12/site-packages/airflow/example_dags/example_setup_teardown.py
[2024-12-03T00:29:25.313+0000] {processor.py:914} INFO - Processing file /home/airflow/.local/lib/python3.12/site-packages/airflow/example_dags/example_setup_teardown.py for tasks to queue
[2024-12-03T00:29:25.314+0000] {logging_mixin.py:190} INFO - [2024-12-03T00:29:25.314+0000] {dagbag.py:588} INFO - Filling up the DagBag from /home/airflow/.local/lib/python3.12/site-packages/airflow/example_dags/example_setup_teardown.py
[2024-12-03T00:29:25.317+0000] {processor.py:925} INFO - DAG(s) 'example_setup_teardown' retrieved from /home/airflow/.local/lib/python3.12/site-packages/airflow/example_dags/example_setup_teardown.py
[2024-12-03T00:29:25.330+0000] {logging_mixin.py:190} INFO - [2024-12-03T00:29:25.330+0000] {dag.py:3239} INFO - Sync 1 DAGs
[2024-12-03T00:29:25.334+0000] {logging_mixin.py:190} INFO - [2024-12-03T00:29:25.334+0000] {dag.py:4180} INFO - Setting next_dagrun for example_setup_teardown to None, run_after=None
[2024-12-03T00:29:25.342+0000] {processor.py:208} INFO - Processing /home/airflow/.local/lib/python3.12/site-packages/airflow/example_dags/example_setup_teardown.py took 0.032 seconds
[2024-12-03T00:29:55.703+0000] {processor.py:186} INFO - Started process (PID=6856) to work on /home/airflow/.local/lib/python3.12/site-packages/airflow/example_dags/example_setup_teardown.py
[2024-12-03T00:29:55.704+0000] {processor.py:914} INFO - Processing file /home/airflow/.local/lib/python3.12/site-packages/airflow/example_dags/example_setup_teardown.py for tasks to queue
[2024-12-03T00:29:55.705+0000] {logging_mixin.py:190} INFO - [2024-12-03T00:29:55.705+0000] {dagbag.py:588} INFO - Filling up the DagBag from /home/airflow/.local/lib/python3.12/site-packages/airflow/example_dags/example_setup_teardown.py
[2024-12-03T00:29:55.709+0000] {processor.py:925} INFO - DAG(s) 'example_setup_teardown' retrieved from /home/airflow/.local/lib/python3.12/site-packages/airflow/example_dags/example_setup_teardown.py
[2024-12-03T00:29:55.720+0000] {logging_mixin.py:190} INFO - [2024-12-03T00:29:55.720+0000] {dag.py:3239} INFO - Sync 1 DAGs
[2024-12-03T00:29:55.728+0000] {logging_mixin.py:190} INFO - [2024-12-03T00:29:55.728+0000] {dag.py:4180} INFO - Setting next_dagrun for example_setup_teardown to None, run_after=None
[2024-12-03T00:29:55.743+0000] {processor.py:208} INFO - Processing /home/airflow/.local/lib/python3.12/site-packages/airflow/example_dags/example_setup_teardown.py took 0.043 seconds
[2024-12-03T00:30:26.387+0000] {processor.py:186} INFO - Started process (PID=6922) to work on /home/airflow/.local/lib/python3.12/site-packages/airflow/example_dags/example_setup_teardown.py
[2024-12-03T00:30:26.387+0000] {processor.py:914} INFO - Processing file /home/airflow/.local/lib/python3.12/site-packages/airflow/example_dags/example_setup_teardown.py for tasks to queue
[2024-12-03T00:30:26.388+0000] {logging_mixin.py:190} INFO - [2024-12-03T00:30:26.388+0000] {dagbag.py:588} INFO - Filling up the DagBag from /home/airflow/.local/lib/python3.12/site-packages/airflow/example_dags/example_setup_teardown.py
[2024-12-03T00:30:26.391+0000] {processor.py:925} INFO - DAG(s) 'example_setup_teardown' retrieved from /home/airflow/.local/lib/python3.12/site-packages/airflow/example_dags/example_setup_teardown.py
[2024-12-03T00:30:26.399+0000] {logging_mixin.py:190} INFO - [2024-12-03T00:30:26.399+0000] {dag.py:3239} INFO - Sync 1 DAGs
[2024-12-03T00:30:26.403+0000] {logging_mixin.py:190} INFO - [2024-12-03T00:30:26.403+0000] {dag.py:4180} INFO - Setting next_dagrun for example_setup_teardown to None, run_after=None
[2024-12-03T00:30:26.408+0000] {processor.py:208} INFO - Processing /home/airflow/.local/lib/python3.12/site-packages/airflow/example_dags/example_setup_teardown.py took 0.024 seconds
[2024-12-03T00:30:56.788+0000] {processor.py:186} INFO - Started process (PID=6988) to work on /home/airflow/.local/lib/python3.12/site-packages/airflow/example_dags/example_setup_teardown.py
[2024-12-03T00:30:56.790+0000] {processor.py:914} INFO - Processing file /home/airflow/.local/lib/python3.12/site-packages/airflow/example_dags/example_setup_teardown.py for tasks to queue
[2024-12-03T00:30:56.792+0000] {logging_mixin.py:190} INFO - [2024-12-03T00:30:56.792+0000] {dagbag.py:588} INFO - Filling up the DagBag from /home/airflow/.local/lib/python3.12/site-packages/airflow/example_dags/example_setup_teardown.py
[2024-12-03T00:30:56.796+0000] {processor.py:925} INFO - DAG(s) 'example_setup_teardown' retrieved from /home/airflow/.local/lib/python3.12/site-packages/airflow/example_dags/example_setup_teardown.py
[2024-12-03T00:30:56.803+0000] {logging_mixin.py:190} INFO - [2024-12-03T00:30:56.803+0000] {dag.py:3239} INFO - Sync 1 DAGs
[2024-12-03T00:30:56.809+0000] {logging_mixin.py:190} INFO - [2024-12-03T00:30:56.809+0000] {dag.py:4180} INFO - Setting next_dagrun for example_setup_teardown to None, run_after=None
[2024-12-03T00:30:56.822+0000] {processor.py:208} INFO - Processing /home/airflow/.local/lib/python3.12/site-packages/airflow/example_dags/example_setup_teardown.py took 0.037 seconds
[2024-12-03T00:31:27.268+0000] {processor.py:186} INFO - Started process (PID=7054) to work on /home/airflow/.local/lib/python3.12/site-packages/airflow/example_dags/example_setup_teardown.py
[2024-12-03T00:31:27.269+0000] {processor.py:914} INFO - Processing file /home/airflow/.local/lib/python3.12/site-packages/airflow/example_dags/example_setup_teardown.py for tasks to queue
[2024-12-03T00:31:27.270+0000] {logging_mixin.py:190} INFO - [2024-12-03T00:31:27.270+0000] {dagbag.py:588} INFO - Filling up the DagBag from /home/airflow/.local/lib/python3.12/site-packages/airflow/example_dags/example_setup_teardown.py
[2024-12-03T00:31:27.274+0000] {processor.py:925} INFO - DAG(s) 'example_setup_teardown' retrieved from /home/airflow/.local/lib/python3.12/site-packages/airflow/example_dags/example_setup_teardown.py
[2024-12-03T00:31:27.284+0000] {logging_mixin.py:190} INFO - [2024-12-03T00:31:27.284+0000] {dag.py:3239} INFO - Sync 1 DAGs
[2024-12-03T00:31:27.290+0000] {logging_mixin.py:190} INFO - [2024-12-03T00:31:27.290+0000] {dag.py:4180} INFO - Setting next_dagrun for example_setup_teardown to None, run_after=None
[2024-12-03T00:31:27.302+0000] {processor.py:208} INFO - Processing /home/airflow/.local/lib/python3.12/site-packages/airflow/example_dags/example_setup_teardown.py took 0.037 seconds
[2024-12-03T00:31:57.742+0000] {processor.py:186} INFO - Started process (PID=7120) to work on /home/airflow/.local/lib/python3.12/site-packages/airflow/example_dags/example_setup_teardown.py
[2024-12-03T00:31:57.743+0000] {processor.py:914} INFO - Processing file /home/airflow/.local/lib/python3.12/site-packages/airflow/example_dags/example_setup_teardown.py for tasks to queue
[2024-12-03T00:31:57.744+0000] {logging_mixin.py:190} INFO - [2024-12-03T00:31:57.743+0000] {dagbag.py:588} INFO - Filling up the DagBag from /home/airflow/.local/lib/python3.12/site-packages/airflow/example_dags/example_setup_teardown.py
[2024-12-03T00:31:57.747+0000] {processor.py:925} INFO - DAG(s) 'example_setup_teardown' retrieved from /home/airflow/.local/lib/python3.12/site-packages/airflow/example_dags/example_setup_teardown.py
[2024-12-03T00:31:57.756+0000] {logging_mixin.py:190} INFO - [2024-12-03T00:31:57.756+0000] {dag.py:3239} INFO - Sync 1 DAGs
[2024-12-03T00:31:57.762+0000] {logging_mixin.py:190} INFO - [2024-12-03T00:31:57.761+0000] {dag.py:4180} INFO - Setting next_dagrun for example_setup_teardown to None, run_after=None
[2024-12-03T00:31:57.770+0000] {processor.py:208} INFO - Processing /home/airflow/.local/lib/python3.12/site-packages/airflow/example_dags/example_setup_teardown.py took 0.031 seconds
[2024-12-03T00:32:28.263+0000] {processor.py:186} INFO - Started process (PID=7186) to work on /home/airflow/.local/lib/python3.12/site-packages/airflow/example_dags/example_setup_teardown.py
[2024-12-03T00:32:28.264+0000] {processor.py:914} INFO - Processing file /home/airflow/.local/lib/python3.12/site-packages/airflow/example_dags/example_setup_teardown.py for tasks to queue
[2024-12-03T00:32:28.265+0000] {logging_mixin.py:190} INFO - [2024-12-03T00:32:28.264+0000] {dagbag.py:588} INFO - Filling up the DagBag from /home/airflow/.local/lib/python3.12/site-packages/airflow/example_dags/example_setup_teardown.py
[2024-12-03T00:32:28.268+0000] {processor.py:925} INFO - DAG(s) 'example_setup_teardown' retrieved from /home/airflow/.local/lib/python3.12/site-packages/airflow/example_dags/example_setup_teardown.py
[2024-12-03T00:32:28.275+0000] {logging_mixin.py:190} INFO - [2024-12-03T00:32:28.275+0000] {dag.py:3239} INFO - Sync 1 DAGs
[2024-12-03T00:32:28.280+0000] {logging_mixin.py:190} INFO - [2024-12-03T00:32:28.280+0000] {dag.py:4180} INFO - Setting next_dagrun for example_setup_teardown to None, run_after=None
[2024-12-03T00:32:28.286+0000] {processor.py:208} INFO - Processing /home/airflow/.local/lib/python3.12/site-packages/airflow/example_dags/example_setup_teardown.py took 0.025 seconds
[2024-12-03T00:32:58.651+0000] {processor.py:186} INFO - Started process (PID=7252) to work on /home/airflow/.local/lib/python3.12/site-packages/airflow/example_dags/example_setup_teardown.py
[2024-12-03T00:32:58.652+0000] {processor.py:914} INFO - Processing file /home/airflow/.local/lib/python3.12/site-packages/airflow/example_dags/example_setup_teardown.py for tasks to queue
[2024-12-03T00:32:58.653+0000] {logging_mixin.py:190} INFO - [2024-12-03T00:32:58.653+0000] {dagbag.py:588} INFO - Filling up the DagBag from /home/airflow/.local/lib/python3.12/site-packages/airflow/example_dags/example_setup_teardown.py
[2024-12-03T00:32:58.656+0000] {processor.py:925} INFO - DAG(s) 'example_setup_teardown' retrieved from /home/airflow/.local/lib/python3.12/site-packages/airflow/example_dags/example_setup_teardown.py
[2024-12-03T00:32:58.663+0000] {logging_mixin.py:190} INFO - [2024-12-03T00:32:58.663+0000] {dag.py:3239} INFO - Sync 1 DAGs
[2024-12-03T00:32:58.668+0000] {logging_mixin.py:190} INFO - [2024-12-03T00:32:58.668+0000] {dag.py:4180} INFO - Setting next_dagrun for example_setup_teardown to None, run_after=None
[2024-12-03T00:32:58.673+0000] {processor.py:208} INFO - Processing /home/airflow/.local/lib/python3.12/site-packages/airflow/example_dags/example_setup_teardown.py took 0.025 seconds
[2024-12-03T00:33:28.945+0000] {processor.py:186} INFO - Started process (PID=7318) to work on /home/airflow/.local/lib/python3.12/site-packages/airflow/example_dags/example_setup_teardown.py
[2024-12-03T00:33:28.945+0000] {processor.py:914} INFO - Processing file /home/airflow/.local/lib/python3.12/site-packages/airflow/example_dags/example_setup_teardown.py for tasks to queue
[2024-12-03T00:33:28.946+0000] {logging_mixin.py:190} INFO - [2024-12-03T00:33:28.946+0000] {dagbag.py:588} INFO - Filling up the DagBag from /home/airflow/.local/lib/python3.12/site-packages/airflow/example_dags/example_setup_teardown.py
[2024-12-03T00:33:28.951+0000] {processor.py:925} INFO - DAG(s) 'example_setup_teardown' retrieved from /home/airflow/.local/lib/python3.12/site-packages/airflow/example_dags/example_setup_teardown.py
[2024-12-03T00:33:28.959+0000] {logging_mixin.py:190} INFO - [2024-12-03T00:33:28.959+0000] {dag.py:3239} INFO - Sync 1 DAGs
[2024-12-03T00:33:28.965+0000] {logging_mixin.py:190} INFO - [2024-12-03T00:33:28.964+0000] {dag.py:4180} INFO - Setting next_dagrun for example_setup_teardown to None, run_after=None
[2024-12-03T00:33:28.976+0000] {processor.py:208} INFO - Processing /home/airflow/.local/lib/python3.12/site-packages/airflow/example_dags/example_setup_teardown.py took 0.035 seconds
[2024-12-03T00:33:59.230+0000] {processor.py:186} INFO - Started process (PID=7384) to work on /home/airflow/.local/lib/python3.12/site-packages/airflow/example_dags/example_setup_teardown.py
[2024-12-03T00:33:59.231+0000] {processor.py:914} INFO - Processing file /home/airflow/.local/lib/python3.12/site-packages/airflow/example_dags/example_setup_teardown.py for tasks to queue
[2024-12-03T00:33:59.232+0000] {logging_mixin.py:190} INFO - [2024-12-03T00:33:59.231+0000] {dagbag.py:588} INFO - Filling up the DagBag from /home/airflow/.local/lib/python3.12/site-packages/airflow/example_dags/example_setup_teardown.py
[2024-12-03T00:33:59.235+0000] {processor.py:925} INFO - DAG(s) 'example_setup_teardown' retrieved from /home/airflow/.local/lib/python3.12/site-packages/airflow/example_dags/example_setup_teardown.py
[2024-12-03T00:33:59.243+0000] {logging_mixin.py:190} INFO - [2024-12-03T00:33:59.243+0000] {dag.py:3239} INFO - Sync 1 DAGs
[2024-12-03T00:33:59.247+0000] {logging_mixin.py:190} INFO - [2024-12-03T00:33:59.247+0000] {dag.py:4180} INFO - Setting next_dagrun for example_setup_teardown to None, run_after=None
[2024-12-03T00:33:59.253+0000] {processor.py:208} INFO - Processing /home/airflow/.local/lib/python3.12/site-packages/airflow/example_dags/example_setup_teardown.py took 0.025 seconds
[2024-12-03T00:34:29.479+0000] {processor.py:186} INFO - Started process (PID=7450) to work on /home/airflow/.local/lib/python3.12/site-packages/airflow/example_dags/example_setup_teardown.py
[2024-12-03T00:34:29.479+0000] {processor.py:914} INFO - Processing file /home/airflow/.local/lib/python3.12/site-packages/airflow/example_dags/example_setup_teardown.py for tasks to queue
[2024-12-03T00:34:29.480+0000] {logging_mixin.py:190} INFO - [2024-12-03T00:34:29.480+0000] {dagbag.py:588} INFO - Filling up the DagBag from /home/airflow/.local/lib/python3.12/site-packages/airflow/example_dags/example_setup_teardown.py
[2024-12-03T00:34:29.483+0000] {processor.py:925} INFO - DAG(s) 'example_setup_teardown' retrieved from /home/airflow/.local/lib/python3.12/site-packages/airflow/example_dags/example_setup_teardown.py
[2024-12-03T00:34:29.490+0000] {logging_mixin.py:190} INFO - [2024-12-03T00:34:29.490+0000] {dag.py:3239} INFO - Sync 1 DAGs
[2024-12-03T00:34:29.495+0000] {logging_mixin.py:190} INFO - [2024-12-03T00:34:29.494+0000] {dag.py:4180} INFO - Setting next_dagrun for example_setup_teardown to None, run_after=None
[2024-12-03T00:34:29.500+0000] {processor.py:208} INFO - Processing /home/airflow/.local/lib/python3.12/site-packages/airflow/example_dags/example_setup_teardown.py took 0.023 seconds
[2024-12-03T00:34:59.772+0000] {processor.py:186} INFO - Started process (PID=7516) to work on /home/airflow/.local/lib/python3.12/site-packages/airflow/example_dags/example_setup_teardown.py
[2024-12-03T00:34:59.773+0000] {processor.py:914} INFO - Processing file /home/airflow/.local/lib/python3.12/site-packages/airflow/example_dags/example_setup_teardown.py for tasks to queue
[2024-12-03T00:34:59.773+0000] {logging_mixin.py:190} INFO - [2024-12-03T00:34:59.773+0000] {dagbag.py:588} INFO - Filling up the DagBag from /home/airflow/.local/lib/python3.12/site-packages/airflow/example_dags/example_setup_teardown.py
[2024-12-03T00:34:59.777+0000] {processor.py:925} INFO - DAG(s) 'example_setup_teardown' retrieved from /home/airflow/.local/lib/python3.12/site-packages/airflow/example_dags/example_setup_teardown.py
[2024-12-03T00:34:59.784+0000] {logging_mixin.py:190} INFO - [2024-12-03T00:34:59.784+0000] {dag.py:3239} INFO - Sync 1 DAGs
[2024-12-03T00:34:59.788+0000] {logging_mixin.py:190} INFO - [2024-12-03T00:34:59.788+0000] {dag.py:4180} INFO - Setting next_dagrun for example_setup_teardown to None, run_after=None
[2024-12-03T00:34:59.793+0000] {processor.py:208} INFO - Processing /home/airflow/.local/lib/python3.12/site-packages/airflow/example_dags/example_setup_teardown.py took 0.024 seconds
[2024-12-03T00:35:30.050+0000] {processor.py:186} INFO - Started process (PID=7582) to work on /home/airflow/.local/lib/python3.12/site-packages/airflow/example_dags/example_setup_teardown.py
[2024-12-03T00:35:30.051+0000] {processor.py:914} INFO - Processing file /home/airflow/.local/lib/python3.12/site-packages/airflow/example_dags/example_setup_teardown.py for tasks to queue
[2024-12-03T00:35:30.051+0000] {logging_mixin.py:190} INFO - [2024-12-03T00:35:30.051+0000] {dagbag.py:588} INFO - Filling up the DagBag from /home/airflow/.local/lib/python3.12/site-packages/airflow/example_dags/example_setup_teardown.py
[2024-12-03T00:35:30.054+0000] {processor.py:925} INFO - DAG(s) 'example_setup_teardown' retrieved from /home/airflow/.local/lib/python3.12/site-packages/airflow/example_dags/example_setup_teardown.py
[2024-12-03T00:35:30.062+0000] {logging_mixin.py:190} INFO - [2024-12-03T00:35:30.062+0000] {dag.py:3239} INFO - Sync 1 DAGs
[2024-12-03T00:35:30.066+0000] {logging_mixin.py:190} INFO - [2024-12-03T00:35:30.066+0000] {dag.py:4180} INFO - Setting next_dagrun for example_setup_teardown to None, run_after=None
[2024-12-03T00:35:30.071+0000] {processor.py:208} INFO - Processing /home/airflow/.local/lib/python3.12/site-packages/airflow/example_dags/example_setup_teardown.py took 0.024 seconds
[2024-12-03T00:36:00.428+0000] {processor.py:186} INFO - Started process (PID=7648) to work on /home/airflow/.local/lib/python3.12/site-packages/airflow/example_dags/example_setup_teardown.py
[2024-12-03T00:36:00.429+0000] {processor.py:914} INFO - Processing file /home/airflow/.local/lib/python3.12/site-packages/airflow/example_dags/example_setup_teardown.py for tasks to queue
[2024-12-03T00:36:00.430+0000] {logging_mixin.py:190} INFO - [2024-12-03T00:36:00.429+0000] {dagbag.py:588} INFO - Filling up the DagBag from /home/airflow/.local/lib/python3.12/site-packages/airflow/example_dags/example_setup_teardown.py
[2024-12-03T00:36:00.433+0000] {processor.py:925} INFO - DAG(s) 'example_setup_teardown' retrieved from /home/airflow/.local/lib/python3.12/site-packages/airflow/example_dags/example_setup_teardown.py
[2024-12-03T00:36:00.441+0000] {logging_mixin.py:190} INFO - [2024-12-03T00:36:00.441+0000] {dag.py:3239} INFO - Sync 1 DAGs
[2024-12-03T00:36:00.447+0000] {logging_mixin.py:190} INFO - [2024-12-03T00:36:00.446+0000] {dag.py:4180} INFO - Setting next_dagrun for example_setup_teardown to None, run_after=None
[2024-12-03T00:36:00.455+0000] {processor.py:208} INFO - Processing /home/airflow/.local/lib/python3.12/site-packages/airflow/example_dags/example_setup_teardown.py took 0.030 seconds
[2024-12-03T00:36:30.726+0000] {processor.py:186} INFO - Started process (PID=7714) to work on /home/airflow/.local/lib/python3.12/site-packages/airflow/example_dags/example_setup_teardown.py
[2024-12-03T00:36:30.727+0000] {processor.py:914} INFO - Processing file /home/airflow/.local/lib/python3.12/site-packages/airflow/example_dags/example_setup_teardown.py for tasks to queue
[2024-12-03T00:36:30.728+0000] {logging_mixin.py:190} INFO - [2024-12-03T00:36:30.727+0000] {dagbag.py:588} INFO - Filling up the DagBag from /home/airflow/.local/lib/python3.12/site-packages/airflow/example_dags/example_setup_teardown.py
[2024-12-03T00:36:30.730+0000] {processor.py:925} INFO - DAG(s) 'example_setup_teardown' retrieved from /home/airflow/.local/lib/python3.12/site-packages/airflow/example_dags/example_setup_teardown.py
[2024-12-03T00:36:30.738+0000] {logging_mixin.py:190} INFO - [2024-12-03T00:36:30.737+0000] {dag.py:3239} INFO - Sync 1 DAGs
[2024-12-03T00:36:30.742+0000] {logging_mixin.py:190} INFO - [2024-12-03T00:36:30.742+0000] {dag.py:4180} INFO - Setting next_dagrun for example_setup_teardown to None, run_after=None
[2024-12-03T00:36:30.747+0000] {processor.py:208} INFO - Processing /home/airflow/.local/lib/python3.12/site-packages/airflow/example_dags/example_setup_teardown.py took 0.023 seconds
[2024-12-03T00:37:00.973+0000] {processor.py:186} INFO - Started process (PID=7780) to work on /home/airflow/.local/lib/python3.12/site-packages/airflow/example_dags/example_setup_teardown.py
[2024-12-03T00:37:00.973+0000] {processor.py:914} INFO - Processing file /home/airflow/.local/lib/python3.12/site-packages/airflow/example_dags/example_setup_teardown.py for tasks to queue
[2024-12-03T00:37:00.974+0000] {logging_mixin.py:190} INFO - [2024-12-03T00:37:00.974+0000] {dagbag.py:588} INFO - Filling up the DagBag from /home/airflow/.local/lib/python3.12/site-packages/airflow/example_dags/example_setup_teardown.py
[2024-12-03T00:37:00.978+0000] {processor.py:925} INFO - DAG(s) 'example_setup_teardown' retrieved from /home/airflow/.local/lib/python3.12/site-packages/airflow/example_dags/example_setup_teardown.py
[2024-12-03T00:37:00.985+0000] {logging_mixin.py:190} INFO - [2024-12-03T00:37:00.985+0000] {dag.py:3239} INFO - Sync 1 DAGs
[2024-12-03T00:37:00.991+0000] {logging_mixin.py:190} INFO - [2024-12-03T00:37:00.991+0000] {dag.py:4180} INFO - Setting next_dagrun for example_setup_teardown to None, run_after=None
[2024-12-03T00:37:00.998+0000] {processor.py:208} INFO - Processing /home/airflow/.local/lib/python3.12/site-packages/airflow/example_dags/example_setup_teardown.py took 0.027 seconds
[2024-12-03T00:37:31.244+0000] {processor.py:186} INFO - Started process (PID=7846) to work on /home/airflow/.local/lib/python3.12/site-packages/airflow/example_dags/example_setup_teardown.py
[2024-12-03T00:37:31.244+0000] {processor.py:914} INFO - Processing file /home/airflow/.local/lib/python3.12/site-packages/airflow/example_dags/example_setup_teardown.py for tasks to queue
[2024-12-03T00:37:31.245+0000] {logging_mixin.py:190} INFO - [2024-12-03T00:37:31.245+0000] {dagbag.py:588} INFO - Filling up the DagBag from /home/airflow/.local/lib/python3.12/site-packages/airflow/example_dags/example_setup_teardown.py
[2024-12-03T00:37:31.248+0000] {processor.py:925} INFO - DAG(s) 'example_setup_teardown' retrieved from /home/airflow/.local/lib/python3.12/site-packages/airflow/example_dags/example_setup_teardown.py
[2024-12-03T00:37:31.256+0000] {logging_mixin.py:190} INFO - [2024-12-03T00:37:31.256+0000] {dag.py:3239} INFO - Sync 1 DAGs
[2024-12-03T00:37:31.260+0000] {logging_mixin.py:190} INFO - [2024-12-03T00:37:31.260+0000] {dag.py:4180} INFO - Setting next_dagrun for example_setup_teardown to None, run_after=None
[2024-12-03T00:37:31.266+0000] {processor.py:208} INFO - Processing /home/airflow/.local/lib/python3.12/site-packages/airflow/example_dags/example_setup_teardown.py took 0.024 seconds
[2024-12-03T00:38:01.553+0000] {processor.py:186} INFO - Started process (PID=7912) to work on /home/airflow/.local/lib/python3.12/site-packages/airflow/example_dags/example_setup_teardown.py
[2024-12-03T00:38:01.554+0000] {processor.py:914} INFO - Processing file /home/airflow/.local/lib/python3.12/site-packages/airflow/example_dags/example_setup_teardown.py for tasks to queue
[2024-12-03T00:38:01.555+0000] {logging_mixin.py:190} INFO - [2024-12-03T00:38:01.554+0000] {dagbag.py:588} INFO - Filling up the DagBag from /home/airflow/.local/lib/python3.12/site-packages/airflow/example_dags/example_setup_teardown.py
[2024-12-03T00:38:01.558+0000] {processor.py:925} INFO - DAG(s) 'example_setup_teardown' retrieved from /home/airflow/.local/lib/python3.12/site-packages/airflow/example_dags/example_setup_teardown.py
[2024-12-03T00:38:01.566+0000] {logging_mixin.py:190} INFO - [2024-12-03T00:38:01.566+0000] {dag.py:3239} INFO - Sync 1 DAGs
[2024-12-03T00:38:01.571+0000] {logging_mixin.py:190} INFO - [2024-12-03T00:38:01.571+0000] {dag.py:4180} INFO - Setting next_dagrun for example_setup_teardown to None, run_after=None
[2024-12-03T00:38:01.580+0000] {processor.py:208} INFO - Processing /home/airflow/.local/lib/python3.12/site-packages/airflow/example_dags/example_setup_teardown.py took 0.029 seconds
