[2024-12-03T00:03:58.245+0000] {processor.py:186} INFO - Started process (PID=3491) to work on /home/airflow/.local/lib/python3.12/site-packages/airflow/example_dags/example_latest_only.py
[2024-12-03T00:03:58.246+0000] {processor.py:914} INFO - Processing file /home/airflow/.local/lib/python3.12/site-packages/airflow/example_dags/example_latest_only.py for tasks to queue
[2024-12-03T00:03:58.248+0000] {logging_mixin.py:190} INFO - [2024-12-03T00:03:58.248+0000] {dagbag.py:588} INFO - Filling up the DagBag from /home/airflow/.local/lib/python3.12/site-packages/airflow/example_dags/example_latest_only.py
[2024-12-03T00:03:58.251+0000] {processor.py:925} INFO - DAG(s) 'latest_only' retrieved from /home/airflow/.local/lib/python3.12/site-packages/airflow/example_dags/example_latest_only.py
[2024-12-03T00:03:58.263+0000] {logging_mixin.py:190} INFO - [2024-12-03T00:03:58.263+0000] {dag.py:3239} INFO - Sync 1 DAGs
[2024-12-03T00:03:58.272+0000] {logging_mixin.py:190} INFO - [2024-12-03T00:03:58.272+0000] {dag.py:4180} INFO - Setting next_dagrun for latest_only to 2024-12-02 20:00:00+00:00, run_after=2024-12-03 00:00:00+00:00
[2024-12-03T00:03:58.280+0000] {processor.py:208} INFO - Processing /home/airflow/.local/lib/python3.12/site-packages/airflow/example_dags/example_latest_only.py took 0.038 seconds
[2024-12-03T00:04:28.647+0000] {processor.py:186} INFO - Started process (PID=3556) to work on /home/airflow/.local/lib/python3.12/site-packages/airflow/example_dags/example_latest_only.py
[2024-12-03T00:04:28.649+0000] {processor.py:914} INFO - Processing file /home/airflow/.local/lib/python3.12/site-packages/airflow/example_dags/example_latest_only.py for tasks to queue
[2024-12-03T00:04:28.650+0000] {logging_mixin.py:190} INFO - [2024-12-03T00:04:28.650+0000] {dagbag.py:588} INFO - Filling up the DagBag from /home/airflow/.local/lib/python3.12/site-packages/airflow/example_dags/example_latest_only.py
[2024-12-03T00:04:28.654+0000] {processor.py:925} INFO - DAG(s) 'latest_only' retrieved from /home/airflow/.local/lib/python3.12/site-packages/airflow/example_dags/example_latest_only.py
[2024-12-03T00:04:28.662+0000] {logging_mixin.py:190} INFO - [2024-12-03T00:04:28.662+0000] {dag.py:3239} INFO - Sync 1 DAGs
[2024-12-03T00:04:28.672+0000] {logging_mixin.py:190} INFO - [2024-12-03T00:04:28.672+0000] {dag.py:4180} INFO - Setting next_dagrun for latest_only to 2024-12-02 20:00:00+00:00, run_after=2024-12-03 00:00:00+00:00
[2024-12-03T00:04:28.680+0000] {processor.py:208} INFO - Processing /home/airflow/.local/lib/python3.12/site-packages/airflow/example_dags/example_latest_only.py took 0.036 seconds
[2024-12-03T00:04:58.856+0000] {processor.py:186} INFO - Started process (PID=3622) to work on /home/airflow/.local/lib/python3.12/site-packages/airflow/example_dags/example_latest_only.py
[2024-12-03T00:04:58.858+0000] {processor.py:914} INFO - Processing file /home/airflow/.local/lib/python3.12/site-packages/airflow/example_dags/example_latest_only.py for tasks to queue
[2024-12-03T00:04:58.859+0000] {logging_mixin.py:190} INFO - [2024-12-03T00:04:58.859+0000] {dagbag.py:588} INFO - Filling up the DagBag from /home/airflow/.local/lib/python3.12/site-packages/airflow/example_dags/example_latest_only.py
[2024-12-03T00:04:58.864+0000] {processor.py:925} INFO - DAG(s) 'latest_only' retrieved from /home/airflow/.local/lib/python3.12/site-packages/airflow/example_dags/example_latest_only.py
[2024-12-03T00:04:58.875+0000] {logging_mixin.py:190} INFO - [2024-12-03T00:04:58.875+0000] {dag.py:3239} INFO - Sync 1 DAGs
[2024-12-03T00:04:58.884+0000] {logging_mixin.py:190} INFO - [2024-12-03T00:04:58.884+0000] {dag.py:4180} INFO - Setting next_dagrun for latest_only to 2024-12-02 20:00:00+00:00, run_after=2024-12-03 00:00:00+00:00
[2024-12-03T00:04:58.890+0000] {processor.py:208} INFO - Processing /home/airflow/.local/lib/python3.12/site-packages/airflow/example_dags/example_latest_only.py took 0.036 seconds
[2024-12-03T00:05:30.051+0000] {processor.py:186} INFO - Started process (PID=3694) to work on /home/airflow/.local/lib/python3.12/site-packages/airflow/example_dags/example_latest_only.py
[2024-12-03T00:05:30.052+0000] {processor.py:914} INFO - Processing file /home/airflow/.local/lib/python3.12/site-packages/airflow/example_dags/example_latest_only.py for tasks to queue
[2024-12-03T00:05:30.053+0000] {logging_mixin.py:190} INFO - [2024-12-03T00:05:30.053+0000] {dagbag.py:588} INFO - Filling up the DagBag from /home/airflow/.local/lib/python3.12/site-packages/airflow/example_dags/example_latest_only.py
[2024-12-03T00:05:30.056+0000] {processor.py:925} INFO - DAG(s) 'latest_only' retrieved from /home/airflow/.local/lib/python3.12/site-packages/airflow/example_dags/example_latest_only.py
[2024-12-03T00:05:30.065+0000] {logging_mixin.py:190} INFO - [2024-12-03T00:05:30.065+0000] {dag.py:3239} INFO - Sync 1 DAGs
[2024-12-03T00:05:30.074+0000] {logging_mixin.py:190} INFO - [2024-12-03T00:05:30.074+0000] {dag.py:4180} INFO - Setting next_dagrun for latest_only to 2024-12-02 20:00:00+00:00, run_after=2024-12-03 00:00:00+00:00
[2024-12-03T00:05:30.081+0000] {processor.py:208} INFO - Processing /home/airflow/.local/lib/python3.12/site-packages/airflow/example_dags/example_latest_only.py took 0.033 seconds
[2024-12-03T00:06:01.157+0000] {processor.py:186} INFO - Started process (PID=3760) to work on /home/airflow/.local/lib/python3.12/site-packages/airflow/example_dags/example_latest_only.py
[2024-12-03T00:06:01.157+0000] {processor.py:914} INFO - Processing file /home/airflow/.local/lib/python3.12/site-packages/airflow/example_dags/example_latest_only.py for tasks to queue
[2024-12-03T00:06:01.158+0000] {logging_mixin.py:190} INFO - [2024-12-03T00:06:01.158+0000] {dagbag.py:588} INFO - Filling up the DagBag from /home/airflow/.local/lib/python3.12/site-packages/airflow/example_dags/example_latest_only.py
[2024-12-03T00:06:01.161+0000] {processor.py:925} INFO - DAG(s) 'latest_only' retrieved from /home/airflow/.local/lib/python3.12/site-packages/airflow/example_dags/example_latest_only.py
[2024-12-03T00:06:01.169+0000] {logging_mixin.py:190} INFO - [2024-12-03T00:06:01.169+0000] {dag.py:3239} INFO - Sync 1 DAGs
[2024-12-03T00:06:01.179+0000] {logging_mixin.py:190} INFO - [2024-12-03T00:06:01.179+0000] {dag.py:4180} INFO - Setting next_dagrun for latest_only to 2024-12-02 20:00:00+00:00, run_after=2024-12-03 00:00:00+00:00
[2024-12-03T00:06:01.187+0000] {processor.py:208} INFO - Processing /home/airflow/.local/lib/python3.12/site-packages/airflow/example_dags/example_latest_only.py took 0.033 seconds
[2024-12-03T00:06:32.292+0000] {processor.py:186} INFO - Started process (PID=3826) to work on /home/airflow/.local/lib/python3.12/site-packages/airflow/example_dags/example_latest_only.py
[2024-12-03T00:06:32.293+0000] {processor.py:914} INFO - Processing file /home/airflow/.local/lib/python3.12/site-packages/airflow/example_dags/example_latest_only.py for tasks to queue
[2024-12-03T00:06:32.294+0000] {logging_mixin.py:190} INFO - [2024-12-03T00:06:32.294+0000] {dagbag.py:588} INFO - Filling up the DagBag from /home/airflow/.local/lib/python3.12/site-packages/airflow/example_dags/example_latest_only.py
[2024-12-03T00:06:32.298+0000] {processor.py:925} INFO - DAG(s) 'latest_only' retrieved from /home/airflow/.local/lib/python3.12/site-packages/airflow/example_dags/example_latest_only.py
[2024-12-03T00:06:32.306+0000] {logging_mixin.py:190} INFO - [2024-12-03T00:06:32.306+0000] {dag.py:3239} INFO - Sync 1 DAGs
[2024-12-03T00:06:32.315+0000] {logging_mixin.py:190} INFO - [2024-12-03T00:06:32.315+0000] {dag.py:4180} INFO - Setting next_dagrun for latest_only to 2024-12-02 20:00:00+00:00, run_after=2024-12-03 00:00:00+00:00
[2024-12-03T00:06:32.321+0000] {processor.py:208} INFO - Processing /home/airflow/.local/lib/python3.12/site-packages/airflow/example_dags/example_latest_only.py took 0.031 seconds
[2024-12-03T00:07:03.479+0000] {processor.py:186} INFO - Started process (PID=3892) to work on /home/airflow/.local/lib/python3.12/site-packages/airflow/example_dags/example_latest_only.py
[2024-12-03T00:07:03.481+0000] {processor.py:914} INFO - Processing file /home/airflow/.local/lib/python3.12/site-packages/airflow/example_dags/example_latest_only.py for tasks to queue
[2024-12-03T00:07:03.483+0000] {logging_mixin.py:190} INFO - [2024-12-03T00:07:03.483+0000] {dagbag.py:588} INFO - Filling up the DagBag from /home/airflow/.local/lib/python3.12/site-packages/airflow/example_dags/example_latest_only.py
[2024-12-03T00:07:03.486+0000] {processor.py:925} INFO - DAG(s) 'latest_only' retrieved from /home/airflow/.local/lib/python3.12/site-packages/airflow/example_dags/example_latest_only.py
[2024-12-03T00:07:03.494+0000] {logging_mixin.py:190} INFO - [2024-12-03T00:07:03.494+0000] {dag.py:3239} INFO - Sync 1 DAGs
[2024-12-03T00:07:03.505+0000] {logging_mixin.py:190} INFO - [2024-12-03T00:07:03.505+0000] {dag.py:4180} INFO - Setting next_dagrun for latest_only to 2024-12-02 20:00:00+00:00, run_after=2024-12-03 00:00:00+00:00
[2024-12-03T00:07:03.513+0000] {processor.py:208} INFO - Processing /home/airflow/.local/lib/python3.12/site-packages/airflow/example_dags/example_latest_only.py took 0.036 seconds
[2024-12-03T00:07:34.549+0000] {processor.py:186} INFO - Started process (PID=3958) to work on /home/airflow/.local/lib/python3.12/site-packages/airflow/example_dags/example_latest_only.py
[2024-12-03T00:07:34.553+0000] {processor.py:914} INFO - Processing file /home/airflow/.local/lib/python3.12/site-packages/airflow/example_dags/example_latest_only.py for tasks to queue
[2024-12-03T00:07:34.554+0000] {logging_mixin.py:190} INFO - [2024-12-03T00:07:34.554+0000] {dagbag.py:588} INFO - Filling up the DagBag from /home/airflow/.local/lib/python3.12/site-packages/airflow/example_dags/example_latest_only.py
[2024-12-03T00:07:34.557+0000] {processor.py:925} INFO - DAG(s) 'latest_only' retrieved from /home/airflow/.local/lib/python3.12/site-packages/airflow/example_dags/example_latest_only.py
[2024-12-03T00:07:34.564+0000] {logging_mixin.py:190} INFO - [2024-12-03T00:07:34.564+0000] {dag.py:3239} INFO - Sync 1 DAGs
[2024-12-03T00:07:34.573+0000] {logging_mixin.py:190} INFO - [2024-12-03T00:07:34.573+0000] {dag.py:4180} INFO - Setting next_dagrun for latest_only to 2024-12-02 20:00:00+00:00, run_after=2024-12-03 00:00:00+00:00
[2024-12-03T00:07:34.583+0000] {processor.py:208} INFO - Processing /home/airflow/.local/lib/python3.12/site-packages/airflow/example_dags/example_latest_only.py took 0.037 seconds
[2024-12-03T00:08:05.568+0000] {processor.py:186} INFO - Started process (PID=4024) to work on /home/airflow/.local/lib/python3.12/site-packages/airflow/example_dags/example_latest_only.py
[2024-12-03T00:08:05.570+0000] {processor.py:914} INFO - Processing file /home/airflow/.local/lib/python3.12/site-packages/airflow/example_dags/example_latest_only.py for tasks to queue
[2024-12-03T00:08:05.571+0000] {logging_mixin.py:190} INFO - [2024-12-03T00:08:05.571+0000] {dagbag.py:588} INFO - Filling up the DagBag from /home/airflow/.local/lib/python3.12/site-packages/airflow/example_dags/example_latest_only.py
[2024-12-03T00:08:05.574+0000] {processor.py:925} INFO - DAG(s) 'latest_only' retrieved from /home/airflow/.local/lib/python3.12/site-packages/airflow/example_dags/example_latest_only.py
[2024-12-03T00:08:05.581+0000] {logging_mixin.py:190} INFO - [2024-12-03T00:08:05.581+0000] {dag.py:3239} INFO - Sync 1 DAGs
[2024-12-03T00:08:05.591+0000] {logging_mixin.py:190} INFO - [2024-12-03T00:08:05.591+0000] {dag.py:4180} INFO - Setting next_dagrun for latest_only to 2024-12-02 20:00:00+00:00, run_after=2024-12-03 00:00:00+00:00
[2024-12-03T00:08:05.597+0000] {processor.py:208} INFO - Processing /home/airflow/.local/lib/python3.12/site-packages/airflow/example_dags/example_latest_only.py took 0.031 seconds
[2024-12-03T00:08:36.814+0000] {processor.py:186} INFO - Started process (PID=4090) to work on /home/airflow/.local/lib/python3.12/site-packages/airflow/example_dags/example_latest_only.py
[2024-12-03T00:08:36.815+0000] {processor.py:914} INFO - Processing file /home/airflow/.local/lib/python3.12/site-packages/airflow/example_dags/example_latest_only.py for tasks to queue
[2024-12-03T00:08:36.816+0000] {logging_mixin.py:190} INFO - [2024-12-03T00:08:36.816+0000] {dagbag.py:588} INFO - Filling up the DagBag from /home/airflow/.local/lib/python3.12/site-packages/airflow/example_dags/example_latest_only.py
[2024-12-03T00:08:36.819+0000] {processor.py:925} INFO - DAG(s) 'latest_only' retrieved from /home/airflow/.local/lib/python3.12/site-packages/airflow/example_dags/example_latest_only.py
[2024-12-03T00:08:36.827+0000] {logging_mixin.py:190} INFO - [2024-12-03T00:08:36.827+0000] {dag.py:3239} INFO - Sync 1 DAGs
[2024-12-03T00:08:36.836+0000] {logging_mixin.py:190} INFO - [2024-12-03T00:08:36.835+0000] {dag.py:4180} INFO - Setting next_dagrun for latest_only to 2024-12-02 20:00:00+00:00, run_after=2024-12-03 00:00:00+00:00
[2024-12-03T00:08:36.844+0000] {processor.py:208} INFO - Processing /home/airflow/.local/lib/python3.12/site-packages/airflow/example_dags/example_latest_only.py took 0.032 seconds
[2024-12-03T00:09:07.129+0000] {processor.py:186} INFO - Started process (PID=4156) to work on /home/airflow/.local/lib/python3.12/site-packages/airflow/example_dags/example_latest_only.py
[2024-12-03T00:09:07.130+0000] {processor.py:914} INFO - Processing file /home/airflow/.local/lib/python3.12/site-packages/airflow/example_dags/example_latest_only.py for tasks to queue
[2024-12-03T00:09:07.131+0000] {logging_mixin.py:190} INFO - [2024-12-03T00:09:07.131+0000] {dagbag.py:588} INFO - Filling up the DagBag from /home/airflow/.local/lib/python3.12/site-packages/airflow/example_dags/example_latest_only.py
[2024-12-03T00:09:07.134+0000] {processor.py:925} INFO - DAG(s) 'latest_only' retrieved from /home/airflow/.local/lib/python3.12/site-packages/airflow/example_dags/example_latest_only.py
[2024-12-03T00:09:07.143+0000] {logging_mixin.py:190} INFO - [2024-12-03T00:09:07.143+0000] {dag.py:3239} INFO - Sync 1 DAGs
[2024-12-03T00:09:07.155+0000] {logging_mixin.py:190} INFO - [2024-12-03T00:09:07.155+0000] {dag.py:4180} INFO - Setting next_dagrun for latest_only to 2024-12-02 20:00:00+00:00, run_after=2024-12-03 00:00:00+00:00
[2024-12-03T00:09:07.161+0000] {processor.py:208} INFO - Processing /home/airflow/.local/lib/python3.12/site-packages/airflow/example_dags/example_latest_only.py took 0.034 seconds
[2024-12-03T00:09:37.413+0000] {processor.py:186} INFO - Started process (PID=4222) to work on /home/airflow/.local/lib/python3.12/site-packages/airflow/example_dags/example_latest_only.py
[2024-12-03T00:09:37.414+0000] {processor.py:914} INFO - Processing file /home/airflow/.local/lib/python3.12/site-packages/airflow/example_dags/example_latest_only.py for tasks to queue
[2024-12-03T00:09:37.415+0000] {logging_mixin.py:190} INFO - [2024-12-03T00:09:37.415+0000] {dagbag.py:588} INFO - Filling up the DagBag from /home/airflow/.local/lib/python3.12/site-packages/airflow/example_dags/example_latest_only.py
[2024-12-03T00:09:37.418+0000] {processor.py:925} INFO - DAG(s) 'latest_only' retrieved from /home/airflow/.local/lib/python3.12/site-packages/airflow/example_dags/example_latest_only.py
[2024-12-03T00:09:37.428+0000] {logging_mixin.py:190} INFO - [2024-12-03T00:09:37.428+0000] {dag.py:3239} INFO - Sync 1 DAGs
[2024-12-03T00:09:37.438+0000] {logging_mixin.py:190} INFO - [2024-12-03T00:09:37.437+0000] {dag.py:4180} INFO - Setting next_dagrun for latest_only to 2024-12-02 20:00:00+00:00, run_after=2024-12-03 00:00:00+00:00
[2024-12-03T00:09:37.443+0000] {processor.py:208} INFO - Processing /home/airflow/.local/lib/python3.12/site-packages/airflow/example_dags/example_latest_only.py took 0.032 seconds
[2024-12-03T00:10:08.679+0000] {processor.py:186} INFO - Started process (PID=4288) to work on /home/airflow/.local/lib/python3.12/site-packages/airflow/example_dags/example_latest_only.py
[2024-12-03T00:10:08.681+0000] {processor.py:914} INFO - Processing file /home/airflow/.local/lib/python3.12/site-packages/airflow/example_dags/example_latest_only.py for tasks to queue
[2024-12-03T00:10:08.682+0000] {logging_mixin.py:190} INFO - [2024-12-03T00:10:08.682+0000] {dagbag.py:588} INFO - Filling up the DagBag from /home/airflow/.local/lib/python3.12/site-packages/airflow/example_dags/example_latest_only.py
[2024-12-03T00:10:08.685+0000] {processor.py:925} INFO - DAG(s) 'latest_only' retrieved from /home/airflow/.local/lib/python3.12/site-packages/airflow/example_dags/example_latest_only.py
[2024-12-03T00:10:08.692+0000] {logging_mixin.py:190} INFO - [2024-12-03T00:10:08.692+0000] {dag.py:3239} INFO - Sync 1 DAGs
[2024-12-03T00:10:08.700+0000] {logging_mixin.py:190} INFO - [2024-12-03T00:10:08.700+0000] {dag.py:4180} INFO - Setting next_dagrun for latest_only to 2024-12-02 20:00:00+00:00, run_after=2024-12-03 00:00:00+00:00
[2024-12-03T00:10:08.708+0000] {processor.py:208} INFO - Processing /home/airflow/.local/lib/python3.12/site-packages/airflow/example_dags/example_latest_only.py took 0.031 seconds
[2024-12-03T00:10:39.004+0000] {processor.py:186} INFO - Started process (PID=4354) to work on /home/airflow/.local/lib/python3.12/site-packages/airflow/example_dags/example_latest_only.py
[2024-12-03T00:10:39.006+0000] {processor.py:914} INFO - Processing file /home/airflow/.local/lib/python3.12/site-packages/airflow/example_dags/example_latest_only.py for tasks to queue
[2024-12-03T00:10:39.007+0000] {logging_mixin.py:190} INFO - [2024-12-03T00:10:39.007+0000] {dagbag.py:588} INFO - Filling up the DagBag from /home/airflow/.local/lib/python3.12/site-packages/airflow/example_dags/example_latest_only.py
[2024-12-03T00:10:39.010+0000] {processor.py:925} INFO - DAG(s) 'latest_only' retrieved from /home/airflow/.local/lib/python3.12/site-packages/airflow/example_dags/example_latest_only.py
[2024-12-03T00:10:39.019+0000] {logging_mixin.py:190} INFO - [2024-12-03T00:10:39.019+0000] {dag.py:3239} INFO - Sync 1 DAGs
[2024-12-03T00:10:39.028+0000] {logging_mixin.py:190} INFO - [2024-12-03T00:10:39.028+0000] {dag.py:4180} INFO - Setting next_dagrun for latest_only to 2024-12-02 20:00:00+00:00, run_after=2024-12-03 00:00:00+00:00
[2024-12-03T00:10:39.034+0000] {processor.py:208} INFO - Processing /home/airflow/.local/lib/python3.12/site-packages/airflow/example_dags/example_latest_only.py took 0.032 seconds
[2024-12-03T00:11:10.124+0000] {processor.py:186} INFO - Started process (PID=4420) to work on /home/airflow/.local/lib/python3.12/site-packages/airflow/example_dags/example_latest_only.py
[2024-12-03T00:11:10.125+0000] {processor.py:914} INFO - Processing file /home/airflow/.local/lib/python3.12/site-packages/airflow/example_dags/example_latest_only.py for tasks to queue
[2024-12-03T00:11:10.125+0000] {logging_mixin.py:190} INFO - [2024-12-03T00:11:10.125+0000] {dagbag.py:588} INFO - Filling up the DagBag from /home/airflow/.local/lib/python3.12/site-packages/airflow/example_dags/example_latest_only.py
[2024-12-03T00:11:10.130+0000] {processor.py:925} INFO - DAG(s) 'latest_only' retrieved from /home/airflow/.local/lib/python3.12/site-packages/airflow/example_dags/example_latest_only.py
[2024-12-03T00:11:10.138+0000] {logging_mixin.py:190} INFO - [2024-12-03T00:11:10.138+0000] {dag.py:3239} INFO - Sync 1 DAGs
[2024-12-03T00:11:10.148+0000] {logging_mixin.py:190} INFO - [2024-12-03T00:11:10.148+0000] {dag.py:4180} INFO - Setting next_dagrun for latest_only to 2024-12-02 20:00:00+00:00, run_after=2024-12-03 00:00:00+00:00
[2024-12-03T00:11:10.158+0000] {processor.py:208} INFO - Processing /home/airflow/.local/lib/python3.12/site-packages/airflow/example_dags/example_latest_only.py took 0.036 seconds
[2024-12-03T00:11:40.382+0000] {processor.py:186} INFO - Started process (PID=4486) to work on /home/airflow/.local/lib/python3.12/site-packages/airflow/example_dags/example_latest_only.py
[2024-12-03T00:11:40.383+0000] {processor.py:914} INFO - Processing file /home/airflow/.local/lib/python3.12/site-packages/airflow/example_dags/example_latest_only.py for tasks to queue
[2024-12-03T00:11:40.384+0000] {logging_mixin.py:190} INFO - [2024-12-03T00:11:40.384+0000] {dagbag.py:588} INFO - Filling up the DagBag from /home/airflow/.local/lib/python3.12/site-packages/airflow/example_dags/example_latest_only.py
[2024-12-03T00:11:40.387+0000] {processor.py:925} INFO - DAG(s) 'latest_only' retrieved from /home/airflow/.local/lib/python3.12/site-packages/airflow/example_dags/example_latest_only.py
[2024-12-03T00:11:40.398+0000] {logging_mixin.py:190} INFO - [2024-12-03T00:11:40.398+0000] {dag.py:3239} INFO - Sync 1 DAGs
[2024-12-03T00:11:40.406+0000] {logging_mixin.py:190} INFO - [2024-12-03T00:11:40.406+0000] {dag.py:4180} INFO - Setting next_dagrun for latest_only to 2024-12-02 20:00:00+00:00, run_after=2024-12-03 00:00:00+00:00
[2024-12-03T00:11:40.412+0000] {processor.py:208} INFO - Processing /home/airflow/.local/lib/python3.12/site-packages/airflow/example_dags/example_latest_only.py took 0.033 seconds
[2024-12-03T00:12:11.581+0000] {processor.py:186} INFO - Started process (PID=4552) to work on /home/airflow/.local/lib/python3.12/site-packages/airflow/example_dags/example_latest_only.py
[2024-12-03T00:12:11.582+0000] {processor.py:914} INFO - Processing file /home/airflow/.local/lib/python3.12/site-packages/airflow/example_dags/example_latest_only.py for tasks to queue
[2024-12-03T00:12:11.583+0000] {logging_mixin.py:190} INFO - [2024-12-03T00:12:11.583+0000] {dagbag.py:588} INFO - Filling up the DagBag from /home/airflow/.local/lib/python3.12/site-packages/airflow/example_dags/example_latest_only.py
[2024-12-03T00:12:11.586+0000] {processor.py:925} INFO - DAG(s) 'latest_only' retrieved from /home/airflow/.local/lib/python3.12/site-packages/airflow/example_dags/example_latest_only.py
[2024-12-03T00:12:11.595+0000] {logging_mixin.py:190} INFO - [2024-12-03T00:12:11.594+0000] {dag.py:3239} INFO - Sync 1 DAGs
[2024-12-03T00:12:11.604+0000] {logging_mixin.py:190} INFO - [2024-12-03T00:12:11.604+0000] {dag.py:4180} INFO - Setting next_dagrun for latest_only to 2024-12-02 20:00:00+00:00, run_after=2024-12-03 00:00:00+00:00
[2024-12-03T00:12:11.613+0000] {processor.py:208} INFO - Processing /home/airflow/.local/lib/python3.12/site-packages/airflow/example_dags/example_latest_only.py took 0.035 seconds
[2024-12-03T00:12:42.776+0000] {processor.py:186} INFO - Started process (PID=4618) to work on /home/airflow/.local/lib/python3.12/site-packages/airflow/example_dags/example_latest_only.py
[2024-12-03T00:12:42.778+0000] {processor.py:914} INFO - Processing file /home/airflow/.local/lib/python3.12/site-packages/airflow/example_dags/example_latest_only.py for tasks to queue
[2024-12-03T00:12:42.779+0000] {logging_mixin.py:190} INFO - [2024-12-03T00:12:42.779+0000] {dagbag.py:588} INFO - Filling up the DagBag from /home/airflow/.local/lib/python3.12/site-packages/airflow/example_dags/example_latest_only.py
[2024-12-03T00:12:42.782+0000] {processor.py:925} INFO - DAG(s) 'latest_only' retrieved from /home/airflow/.local/lib/python3.12/site-packages/airflow/example_dags/example_latest_only.py
[2024-12-03T00:12:42.790+0000] {logging_mixin.py:190} INFO - [2024-12-03T00:12:42.790+0000] {dag.py:3239} INFO - Sync 1 DAGs
[2024-12-03T00:12:42.798+0000] {logging_mixin.py:190} INFO - [2024-12-03T00:12:42.798+0000] {dag.py:4180} INFO - Setting next_dagrun for latest_only to 2024-12-02 20:00:00+00:00, run_after=2024-12-03 00:00:00+00:00
[2024-12-03T00:12:42.805+0000] {processor.py:208} INFO - Processing /home/airflow/.local/lib/python3.12/site-packages/airflow/example_dags/example_latest_only.py took 0.031 seconds
[2024-12-03T00:13:13.163+0000] {processor.py:186} INFO - Started process (PID=4684) to work on /home/airflow/.local/lib/python3.12/site-packages/airflow/example_dags/example_latest_only.py
[2024-12-03T00:13:13.165+0000] {processor.py:914} INFO - Processing file /home/airflow/.local/lib/python3.12/site-packages/airflow/example_dags/example_latest_only.py for tasks to queue
[2024-12-03T00:13:13.166+0000] {logging_mixin.py:190} INFO - [2024-12-03T00:13:13.166+0000] {dagbag.py:588} INFO - Filling up the DagBag from /home/airflow/.local/lib/python3.12/site-packages/airflow/example_dags/example_latest_only.py
[2024-12-03T00:13:13.169+0000] {processor.py:925} INFO - DAG(s) 'latest_only' retrieved from /home/airflow/.local/lib/python3.12/site-packages/airflow/example_dags/example_latest_only.py
[2024-12-03T00:13:13.178+0000] {logging_mixin.py:190} INFO - [2024-12-03T00:13:13.178+0000] {dag.py:3239} INFO - Sync 1 DAGs
[2024-12-03T00:13:13.186+0000] {logging_mixin.py:190} INFO - [2024-12-03T00:13:13.186+0000] {dag.py:4180} INFO - Setting next_dagrun for latest_only to 2024-12-02 20:00:00+00:00, run_after=2024-12-03 00:00:00+00:00
[2024-12-03T00:13:13.192+0000] {processor.py:208} INFO - Processing /home/airflow/.local/lib/python3.12/site-packages/airflow/example_dags/example_latest_only.py took 0.031 seconds
[2024-12-03T00:13:44.382+0000] {processor.py:186} INFO - Started process (PID=4750) to work on /home/airflow/.local/lib/python3.12/site-packages/airflow/example_dags/example_latest_only.py
[2024-12-03T00:13:44.383+0000] {processor.py:914} INFO - Processing file /home/airflow/.local/lib/python3.12/site-packages/airflow/example_dags/example_latest_only.py for tasks to queue
[2024-12-03T00:13:44.384+0000] {logging_mixin.py:190} INFO - [2024-12-03T00:13:44.384+0000] {dagbag.py:588} INFO - Filling up the DagBag from /home/airflow/.local/lib/python3.12/site-packages/airflow/example_dags/example_latest_only.py
[2024-12-03T00:13:44.387+0000] {processor.py:925} INFO - DAG(s) 'latest_only' retrieved from /home/airflow/.local/lib/python3.12/site-packages/airflow/example_dags/example_latest_only.py
[2024-12-03T00:13:44.397+0000] {logging_mixin.py:190} INFO - [2024-12-03T00:13:44.396+0000] {dag.py:3239} INFO - Sync 1 DAGs
[2024-12-03T00:13:44.405+0000] {logging_mixin.py:190} INFO - [2024-12-03T00:13:44.405+0000] {dag.py:4180} INFO - Setting next_dagrun for latest_only to 2024-12-02 20:00:00+00:00, run_after=2024-12-03 00:00:00+00:00
[2024-12-03T00:13:44.412+0000] {processor.py:208} INFO - Processing /home/airflow/.local/lib/python3.12/site-packages/airflow/example_dags/example_latest_only.py took 0.033 seconds
[2024-12-03T00:14:14.774+0000] {processor.py:186} INFO - Started process (PID=4816) to work on /home/airflow/.local/lib/python3.12/site-packages/airflow/example_dags/example_latest_only.py
[2024-12-03T00:14:14.774+0000] {processor.py:914} INFO - Processing file /home/airflow/.local/lib/python3.12/site-packages/airflow/example_dags/example_latest_only.py for tasks to queue
[2024-12-03T00:14:14.775+0000] {logging_mixin.py:190} INFO - [2024-12-03T00:14:14.775+0000] {dagbag.py:588} INFO - Filling up the DagBag from /home/airflow/.local/lib/python3.12/site-packages/airflow/example_dags/example_latest_only.py
[2024-12-03T00:14:14.778+0000] {processor.py:925} INFO - DAG(s) 'latest_only' retrieved from /home/airflow/.local/lib/python3.12/site-packages/airflow/example_dags/example_latest_only.py
[2024-12-03T00:14:14.790+0000] {logging_mixin.py:190} INFO - [2024-12-03T00:14:14.790+0000] {dag.py:3239} INFO - Sync 1 DAGs
[2024-12-03T00:14:14.799+0000] {logging_mixin.py:190} INFO - [2024-12-03T00:14:14.799+0000] {dag.py:4180} INFO - Setting next_dagrun for latest_only to 2024-12-02 20:00:00+00:00, run_after=2024-12-03 00:00:00+00:00
[2024-12-03T00:14:14.806+0000] {processor.py:208} INFO - Processing /home/airflow/.local/lib/python3.12/site-packages/airflow/example_dags/example_latest_only.py took 0.035 seconds
[2024-12-03T00:14:45.113+0000] {processor.py:186} INFO - Started process (PID=4882) to work on /home/airflow/.local/lib/python3.12/site-packages/airflow/example_dags/example_latest_only.py
[2024-12-03T00:14:45.114+0000] {processor.py:914} INFO - Processing file /home/airflow/.local/lib/python3.12/site-packages/airflow/example_dags/example_latest_only.py for tasks to queue
[2024-12-03T00:14:45.115+0000] {logging_mixin.py:190} INFO - [2024-12-03T00:14:45.115+0000] {dagbag.py:588} INFO - Filling up the DagBag from /home/airflow/.local/lib/python3.12/site-packages/airflow/example_dags/example_latest_only.py
[2024-12-03T00:14:45.118+0000] {processor.py:925} INFO - DAG(s) 'latest_only' retrieved from /home/airflow/.local/lib/python3.12/site-packages/airflow/example_dags/example_latest_only.py
[2024-12-03T00:14:45.127+0000] {logging_mixin.py:190} INFO - [2024-12-03T00:14:45.127+0000] {dag.py:3239} INFO - Sync 1 DAGs
[2024-12-03T00:14:45.136+0000] {logging_mixin.py:190} INFO - [2024-12-03T00:14:45.136+0000] {dag.py:4180} INFO - Setting next_dagrun for latest_only to 2024-12-02 20:00:00+00:00, run_after=2024-12-03 00:00:00+00:00
[2024-12-03T00:14:45.145+0000] {processor.py:208} INFO - Processing /home/airflow/.local/lib/python3.12/site-packages/airflow/example_dags/example_latest_only.py took 0.035 seconds
[2024-12-03T00:15:15.626+0000] {processor.py:186} INFO - Started process (PID=4948) to work on /home/airflow/.local/lib/python3.12/site-packages/airflow/example_dags/example_latest_only.py
[2024-12-03T00:15:15.626+0000] {processor.py:914} INFO - Processing file /home/airflow/.local/lib/python3.12/site-packages/airflow/example_dags/example_latest_only.py for tasks to queue
[2024-12-03T00:15:15.628+0000] {logging_mixin.py:190} INFO - [2024-12-03T00:15:15.628+0000] {dagbag.py:588} INFO - Filling up the DagBag from /home/airflow/.local/lib/python3.12/site-packages/airflow/example_dags/example_latest_only.py
[2024-12-03T00:15:15.631+0000] {processor.py:925} INFO - DAG(s) 'latest_only' retrieved from /home/airflow/.local/lib/python3.12/site-packages/airflow/example_dags/example_latest_only.py
[2024-12-03T00:15:15.640+0000] {logging_mixin.py:190} INFO - [2024-12-03T00:15:15.640+0000] {dag.py:3239} INFO - Sync 1 DAGs
[2024-12-03T00:15:15.649+0000] {logging_mixin.py:190} INFO - [2024-12-03T00:15:15.649+0000] {dag.py:4180} INFO - Setting next_dagrun for latest_only to 2024-12-02 20:00:00+00:00, run_after=2024-12-03 00:00:00+00:00
[2024-12-03T00:15:15.656+0000] {processor.py:208} INFO - Processing /home/airflow/.local/lib/python3.12/site-packages/airflow/example_dags/example_latest_only.py took 0.032 seconds
[2024-12-03T00:15:46.265+0000] {processor.py:186} INFO - Started process (PID=5014) to work on /home/airflow/.local/lib/python3.12/site-packages/airflow/example_dags/example_latest_only.py
[2024-12-03T00:15:46.266+0000] {processor.py:914} INFO - Processing file /home/airflow/.local/lib/python3.12/site-packages/airflow/example_dags/example_latest_only.py for tasks to queue
[2024-12-03T00:15:46.267+0000] {logging_mixin.py:190} INFO - [2024-12-03T00:15:46.267+0000] {dagbag.py:588} INFO - Filling up the DagBag from /home/airflow/.local/lib/python3.12/site-packages/airflow/example_dags/example_latest_only.py
[2024-12-03T00:15:46.270+0000] {processor.py:925} INFO - DAG(s) 'latest_only' retrieved from /home/airflow/.local/lib/python3.12/site-packages/airflow/example_dags/example_latest_only.py
[2024-12-03T00:15:46.280+0000] {logging_mixin.py:190} INFO - [2024-12-03T00:15:46.280+0000] {dag.py:3239} INFO - Sync 1 DAGs
[2024-12-03T00:15:46.291+0000] {logging_mixin.py:190} INFO - [2024-12-03T00:15:46.291+0000] {dag.py:4180} INFO - Setting next_dagrun for latest_only to 2024-12-02 20:00:00+00:00, run_after=2024-12-03 00:00:00+00:00
[2024-12-03T00:15:46.300+0000] {processor.py:208} INFO - Processing /home/airflow/.local/lib/python3.12/site-packages/airflow/example_dags/example_latest_only.py took 0.038 seconds
[2024-12-03T00:16:16.565+0000] {processor.py:186} INFO - Started process (PID=5081) to work on /home/airflow/.local/lib/python3.12/site-packages/airflow/example_dags/example_latest_only.py
[2024-12-03T00:16:16.565+0000] {processor.py:914} INFO - Processing file /home/airflow/.local/lib/python3.12/site-packages/airflow/example_dags/example_latest_only.py for tasks to queue
[2024-12-03T00:16:16.567+0000] {logging_mixin.py:190} INFO - [2024-12-03T00:16:16.566+0000] {dagbag.py:588} INFO - Filling up the DagBag from /home/airflow/.local/lib/python3.12/site-packages/airflow/example_dags/example_latest_only.py
[2024-12-03T00:16:16.569+0000] {processor.py:925} INFO - DAG(s) 'latest_only' retrieved from /home/airflow/.local/lib/python3.12/site-packages/airflow/example_dags/example_latest_only.py
[2024-12-03T00:16:16.582+0000] {logging_mixin.py:190} INFO - [2024-12-03T00:16:16.582+0000] {dag.py:3239} INFO - Sync 1 DAGs
[2024-12-03T00:16:16.591+0000] {logging_mixin.py:190} INFO - [2024-12-03T00:16:16.591+0000] {dag.py:4180} INFO - Setting next_dagrun for latest_only to 2024-12-02 20:00:00+00:00, run_after=2024-12-03 00:00:00+00:00
[2024-12-03T00:16:16.600+0000] {processor.py:208} INFO - Processing /home/airflow/.local/lib/python3.12/site-packages/airflow/example_dags/example_latest_only.py took 0.038 seconds
[2024-12-03T00:16:47.110+0000] {processor.py:186} INFO - Started process (PID=5148) to work on /home/airflow/.local/lib/python3.12/site-packages/airflow/example_dags/example_latest_only.py
[2024-12-03T00:16:47.111+0000] {processor.py:914} INFO - Processing file /home/airflow/.local/lib/python3.12/site-packages/airflow/example_dags/example_latest_only.py for tasks to queue
[2024-12-03T00:16:47.112+0000] {logging_mixin.py:190} INFO - [2024-12-03T00:16:47.112+0000] {dagbag.py:588} INFO - Filling up the DagBag from /home/airflow/.local/lib/python3.12/site-packages/airflow/example_dags/example_latest_only.py
[2024-12-03T00:16:47.115+0000] {processor.py:925} INFO - DAG(s) 'latest_only' retrieved from /home/airflow/.local/lib/python3.12/site-packages/airflow/example_dags/example_latest_only.py
[2024-12-03T00:16:47.124+0000] {logging_mixin.py:190} INFO - [2024-12-03T00:16:47.124+0000] {dag.py:3239} INFO - Sync 1 DAGs
[2024-12-03T00:16:47.132+0000] {logging_mixin.py:190} INFO - [2024-12-03T00:16:47.132+0000] {dag.py:4180} INFO - Setting next_dagrun for latest_only to 2024-12-02 20:00:00+00:00, run_after=2024-12-03 00:00:00+00:00
[2024-12-03T00:16:47.140+0000] {processor.py:208} INFO - Processing /home/airflow/.local/lib/python3.12/site-packages/airflow/example_dags/example_latest_only.py took 0.032 seconds
[2024-12-03T00:17:17.512+0000] {processor.py:186} INFO - Started process (PID=5214) to work on /home/airflow/.local/lib/python3.12/site-packages/airflow/example_dags/example_latest_only.py
[2024-12-03T00:17:17.513+0000] {processor.py:914} INFO - Processing file /home/airflow/.local/lib/python3.12/site-packages/airflow/example_dags/example_latest_only.py for tasks to queue
[2024-12-03T00:17:17.513+0000] {logging_mixin.py:190} INFO - [2024-12-03T00:17:17.513+0000] {dagbag.py:588} INFO - Filling up the DagBag from /home/airflow/.local/lib/python3.12/site-packages/airflow/example_dags/example_latest_only.py
[2024-12-03T00:17:17.516+0000] {processor.py:925} INFO - DAG(s) 'latest_only' retrieved from /home/airflow/.local/lib/python3.12/site-packages/airflow/example_dags/example_latest_only.py
[2024-12-03T00:17:17.524+0000] {logging_mixin.py:190} INFO - [2024-12-03T00:17:17.524+0000] {dag.py:3239} INFO - Sync 1 DAGs
[2024-12-03T00:17:17.534+0000] {logging_mixin.py:190} INFO - [2024-12-03T00:17:17.534+0000] {dag.py:4180} INFO - Setting next_dagrun for latest_only to 2024-12-02 20:00:00+00:00, run_after=2024-12-03 00:00:00+00:00
[2024-12-03T00:17:17.542+0000] {processor.py:208} INFO - Processing /home/airflow/.local/lib/python3.12/site-packages/airflow/example_dags/example_latest_only.py took 0.032 seconds
[2024-12-03T00:17:47.898+0000] {processor.py:186} INFO - Started process (PID=5280) to work on /home/airflow/.local/lib/python3.12/site-packages/airflow/example_dags/example_latest_only.py
[2024-12-03T00:17:47.898+0000] {processor.py:914} INFO - Processing file /home/airflow/.local/lib/python3.12/site-packages/airflow/example_dags/example_latest_only.py for tasks to queue
[2024-12-03T00:17:47.899+0000] {logging_mixin.py:190} INFO - [2024-12-03T00:17:47.899+0000] {dagbag.py:588} INFO - Filling up the DagBag from /home/airflow/.local/lib/python3.12/site-packages/airflow/example_dags/example_latest_only.py
[2024-12-03T00:17:47.902+0000] {processor.py:925} INFO - DAG(s) 'latest_only' retrieved from /home/airflow/.local/lib/python3.12/site-packages/airflow/example_dags/example_latest_only.py
[2024-12-03T00:17:47.910+0000] {logging_mixin.py:190} INFO - [2024-12-03T00:17:47.910+0000] {dag.py:3239} INFO - Sync 1 DAGs
[2024-12-03T00:17:47.918+0000] {logging_mixin.py:190} INFO - [2024-12-03T00:17:47.917+0000] {dag.py:4180} INFO - Setting next_dagrun for latest_only to 2024-12-02 20:00:00+00:00, run_after=2024-12-03 00:00:00+00:00
[2024-12-03T00:17:47.925+0000] {processor.py:208} INFO - Processing /home/airflow/.local/lib/python3.12/site-packages/airflow/example_dags/example_latest_only.py took 0.030 seconds
[2024-12-03T00:18:18.132+0000] {processor.py:186} INFO - Started process (PID=5346) to work on /home/airflow/.local/lib/python3.12/site-packages/airflow/example_dags/example_latest_only.py
[2024-12-03T00:18:18.132+0000] {processor.py:914} INFO - Processing file /home/airflow/.local/lib/python3.12/site-packages/airflow/example_dags/example_latest_only.py for tasks to queue
[2024-12-03T00:18:18.133+0000] {logging_mixin.py:190} INFO - [2024-12-03T00:18:18.133+0000] {dagbag.py:588} INFO - Filling up the DagBag from /home/airflow/.local/lib/python3.12/site-packages/airflow/example_dags/example_latest_only.py
[2024-12-03T00:18:18.136+0000] {processor.py:925} INFO - DAG(s) 'latest_only' retrieved from /home/airflow/.local/lib/python3.12/site-packages/airflow/example_dags/example_latest_only.py
[2024-12-03T00:18:18.143+0000] {logging_mixin.py:190} INFO - [2024-12-03T00:18:18.142+0000] {dag.py:3239} INFO - Sync 1 DAGs
[2024-12-03T00:18:18.150+0000] {logging_mixin.py:190} INFO - [2024-12-03T00:18:18.150+0000] {dag.py:4180} INFO - Setting next_dagrun for latest_only to 2024-12-02 20:00:00+00:00, run_after=2024-12-03 00:00:00+00:00
[2024-12-03T00:18:18.155+0000] {processor.py:208} INFO - Processing /home/airflow/.local/lib/python3.12/site-packages/airflow/example_dags/example_latest_only.py took 0.025 seconds
[2024-12-03T00:18:48.279+0000] {processor.py:186} INFO - Started process (PID=5412) to work on /home/airflow/.local/lib/python3.12/site-packages/airflow/example_dags/example_latest_only.py
[2024-12-03T00:18:48.280+0000] {processor.py:914} INFO - Processing file /home/airflow/.local/lib/python3.12/site-packages/airflow/example_dags/example_latest_only.py for tasks to queue
[2024-12-03T00:18:48.280+0000] {logging_mixin.py:190} INFO - [2024-12-03T00:18:48.280+0000] {dagbag.py:588} INFO - Filling up the DagBag from /home/airflow/.local/lib/python3.12/site-packages/airflow/example_dags/example_latest_only.py
[2024-12-03T00:18:48.284+0000] {processor.py:925} INFO - DAG(s) 'latest_only' retrieved from /home/airflow/.local/lib/python3.12/site-packages/airflow/example_dags/example_latest_only.py
[2024-12-03T00:18:48.292+0000] {logging_mixin.py:190} INFO - [2024-12-03T00:18:48.292+0000] {dag.py:3239} INFO - Sync 1 DAGs
[2024-12-03T00:18:48.303+0000] {logging_mixin.py:190} INFO - [2024-12-03T00:18:48.303+0000] {dag.py:4180} INFO - Setting next_dagrun for latest_only to 2024-12-02 20:00:00+00:00, run_after=2024-12-03 00:00:00+00:00
[2024-12-03T00:18:48.308+0000] {processor.py:208} INFO - Processing /home/airflow/.local/lib/python3.12/site-packages/airflow/example_dags/example_latest_only.py took 0.031 seconds
[2024-12-03T00:19:18.458+0000] {processor.py:186} INFO - Started process (PID=5477) to work on /home/airflow/.local/lib/python3.12/site-packages/airflow/example_dags/example_latest_only.py
[2024-12-03T00:19:18.459+0000] {processor.py:914} INFO - Processing file /home/airflow/.local/lib/python3.12/site-packages/airflow/example_dags/example_latest_only.py for tasks to queue
[2024-12-03T00:19:18.459+0000] {logging_mixin.py:190} INFO - [2024-12-03T00:19:18.459+0000] {dagbag.py:588} INFO - Filling up the DagBag from /home/airflow/.local/lib/python3.12/site-packages/airflow/example_dags/example_latest_only.py
[2024-12-03T00:19:18.462+0000] {processor.py:925} INFO - DAG(s) 'latest_only' retrieved from /home/airflow/.local/lib/python3.12/site-packages/airflow/example_dags/example_latest_only.py
[2024-12-03T00:19:18.470+0000] {logging_mixin.py:190} INFO - [2024-12-03T00:19:18.470+0000] {dag.py:3239} INFO - Sync 1 DAGs
[2024-12-03T00:19:18.478+0000] {logging_mixin.py:190} INFO - [2024-12-03T00:19:18.478+0000] {dag.py:4180} INFO - Setting next_dagrun for latest_only to 2024-12-02 20:00:00+00:00, run_after=2024-12-03 00:00:00+00:00
[2024-12-03T00:19:18.487+0000] {processor.py:208} INFO - Processing /home/airflow/.local/lib/python3.12/site-packages/airflow/example_dags/example_latest_only.py took 0.031 seconds
[2024-12-03T00:19:48.618+0000] {processor.py:186} INFO - Started process (PID=5543) to work on /home/airflow/.local/lib/python3.12/site-packages/airflow/example_dags/example_latest_only.py
[2024-12-03T00:19:48.618+0000] {processor.py:914} INFO - Processing file /home/airflow/.local/lib/python3.12/site-packages/airflow/example_dags/example_latest_only.py for tasks to queue
[2024-12-03T00:19:48.621+0000] {logging_mixin.py:190} INFO - [2024-12-03T00:19:48.621+0000] {dagbag.py:588} INFO - Filling up the DagBag from /home/airflow/.local/lib/python3.12/site-packages/airflow/example_dags/example_latest_only.py
[2024-12-03T00:19:48.624+0000] {processor.py:925} INFO - DAG(s) 'latest_only' retrieved from /home/airflow/.local/lib/python3.12/site-packages/airflow/example_dags/example_latest_only.py
[2024-12-03T00:19:48.633+0000] {logging_mixin.py:190} INFO - [2024-12-03T00:19:48.632+0000] {dag.py:3239} INFO - Sync 1 DAGs
[2024-12-03T00:19:48.643+0000] {logging_mixin.py:190} INFO - [2024-12-03T00:19:48.643+0000] {dag.py:4180} INFO - Setting next_dagrun for latest_only to 2024-12-02 20:00:00+00:00, run_after=2024-12-03 00:00:00+00:00
[2024-12-03T00:19:48.650+0000] {processor.py:208} INFO - Processing /home/airflow/.local/lib/python3.12/site-packages/airflow/example_dags/example_latest_only.py took 0.034 seconds
[2024-12-03T00:20:18.882+0000] {processor.py:186} INFO - Started process (PID=5608) to work on /home/airflow/.local/lib/python3.12/site-packages/airflow/example_dags/example_latest_only.py
[2024-12-03T00:20:18.883+0000] {processor.py:914} INFO - Processing file /home/airflow/.local/lib/python3.12/site-packages/airflow/example_dags/example_latest_only.py for tasks to queue
[2024-12-03T00:20:18.884+0000] {logging_mixin.py:190} INFO - [2024-12-03T00:20:18.884+0000] {dagbag.py:588} INFO - Filling up the DagBag from /home/airflow/.local/lib/python3.12/site-packages/airflow/example_dags/example_latest_only.py
[2024-12-03T00:20:18.887+0000] {processor.py:925} INFO - DAG(s) 'latest_only' retrieved from /home/airflow/.local/lib/python3.12/site-packages/airflow/example_dags/example_latest_only.py
[2024-12-03T00:20:18.894+0000] {logging_mixin.py:190} INFO - [2024-12-03T00:20:18.894+0000] {dag.py:3239} INFO - Sync 1 DAGs
[2024-12-03T00:20:18.904+0000] {logging_mixin.py:190} INFO - [2024-12-03T00:20:18.904+0000] {dag.py:4180} INFO - Setting next_dagrun for latest_only to 2024-12-02 20:00:00+00:00, run_after=2024-12-03 00:00:00+00:00
[2024-12-03T00:20:18.913+0000] {processor.py:208} INFO - Processing /home/airflow/.local/lib/python3.12/site-packages/airflow/example_dags/example_latest_only.py took 0.034 seconds
[2024-12-03T00:20:49.213+0000] {processor.py:186} INFO - Started process (PID=5674) to work on /home/airflow/.local/lib/python3.12/site-packages/airflow/example_dags/example_latest_only.py
[2024-12-03T00:20:49.214+0000] {processor.py:914} INFO - Processing file /home/airflow/.local/lib/python3.12/site-packages/airflow/example_dags/example_latest_only.py for tasks to queue
[2024-12-03T00:20:49.215+0000] {logging_mixin.py:190} INFO - [2024-12-03T00:20:49.215+0000] {dagbag.py:588} INFO - Filling up the DagBag from /home/airflow/.local/lib/python3.12/site-packages/airflow/example_dags/example_latest_only.py
[2024-12-03T00:20:49.218+0000] {processor.py:925} INFO - DAG(s) 'latest_only' retrieved from /home/airflow/.local/lib/python3.12/site-packages/airflow/example_dags/example_latest_only.py
[2024-12-03T00:20:49.225+0000] {logging_mixin.py:190} INFO - [2024-12-03T00:20:49.225+0000] {dag.py:3239} INFO - Sync 1 DAGs
[2024-12-03T00:20:49.233+0000] {logging_mixin.py:190} INFO - [2024-12-03T00:20:49.233+0000] {dag.py:4180} INFO - Setting next_dagrun for latest_only to 2024-12-02 20:00:00+00:00, run_after=2024-12-03 00:00:00+00:00
[2024-12-03T00:20:49.241+0000] {processor.py:208} INFO - Processing /home/airflow/.local/lib/python3.12/site-packages/airflow/example_dags/example_latest_only.py took 0.030 seconds
[2024-12-03T00:21:19.591+0000] {processor.py:186} INFO - Started process (PID=5740) to work on /home/airflow/.local/lib/python3.12/site-packages/airflow/example_dags/example_latest_only.py
[2024-12-03T00:21:19.592+0000] {processor.py:914} INFO - Processing file /home/airflow/.local/lib/python3.12/site-packages/airflow/example_dags/example_latest_only.py for tasks to queue
[2024-12-03T00:21:19.592+0000] {logging_mixin.py:190} INFO - [2024-12-03T00:21:19.592+0000] {dagbag.py:588} INFO - Filling up the DagBag from /home/airflow/.local/lib/python3.12/site-packages/airflow/example_dags/example_latest_only.py
[2024-12-03T00:21:19.596+0000] {processor.py:925} INFO - DAG(s) 'latest_only' retrieved from /home/airflow/.local/lib/python3.12/site-packages/airflow/example_dags/example_latest_only.py
[2024-12-03T00:21:19.604+0000] {logging_mixin.py:190} INFO - [2024-12-03T00:21:19.604+0000] {dag.py:3239} INFO - Sync 1 DAGs
[2024-12-03T00:21:19.612+0000] {logging_mixin.py:190} INFO - [2024-12-03T00:21:19.612+0000] {dag.py:4180} INFO - Setting next_dagrun for latest_only to 2024-12-02 20:00:00+00:00, run_after=2024-12-03 00:00:00+00:00
[2024-12-03T00:21:19.620+0000] {processor.py:208} INFO - Processing /home/airflow/.local/lib/python3.12/site-packages/airflow/example_dags/example_latest_only.py took 0.031 seconds
[2024-12-03T00:21:49.924+0000] {processor.py:186} INFO - Started process (PID=5806) to work on /home/airflow/.local/lib/python3.12/site-packages/airflow/example_dags/example_latest_only.py
[2024-12-03T00:21:49.925+0000] {processor.py:914} INFO - Processing file /home/airflow/.local/lib/python3.12/site-packages/airflow/example_dags/example_latest_only.py for tasks to queue
[2024-12-03T00:21:49.927+0000] {logging_mixin.py:190} INFO - [2024-12-03T00:21:49.927+0000] {dagbag.py:588} INFO - Filling up the DagBag from /home/airflow/.local/lib/python3.12/site-packages/airflow/example_dags/example_latest_only.py
[2024-12-03T00:21:49.930+0000] {processor.py:925} INFO - DAG(s) 'latest_only' retrieved from /home/airflow/.local/lib/python3.12/site-packages/airflow/example_dags/example_latest_only.py
[2024-12-03T00:21:49.937+0000] {logging_mixin.py:190} INFO - [2024-12-03T00:21:49.937+0000] {dag.py:3239} INFO - Sync 1 DAGs
[2024-12-03T00:21:49.945+0000] {logging_mixin.py:190} INFO - [2024-12-03T00:21:49.945+0000] {dag.py:4180} INFO - Setting next_dagrun for latest_only to 2024-12-02 20:00:00+00:00, run_after=2024-12-03 00:00:00+00:00
[2024-12-03T00:21:49.953+0000] {processor.py:208} INFO - Processing /home/airflow/.local/lib/python3.12/site-packages/airflow/example_dags/example_latest_only.py took 0.032 seconds
[2024-12-03T00:22:20.406+0000] {processor.py:186} INFO - Started process (PID=5873) to work on /home/airflow/.local/lib/python3.12/site-packages/airflow/example_dags/example_latest_only.py
[2024-12-03T00:22:20.406+0000] {processor.py:914} INFO - Processing file /home/airflow/.local/lib/python3.12/site-packages/airflow/example_dags/example_latest_only.py for tasks to queue
[2024-12-03T00:22:20.407+0000] {logging_mixin.py:190} INFO - [2024-12-03T00:22:20.407+0000] {dagbag.py:588} INFO - Filling up the DagBag from /home/airflow/.local/lib/python3.12/site-packages/airflow/example_dags/example_latest_only.py
[2024-12-03T00:22:20.411+0000] {processor.py:925} INFO - DAG(s) 'latest_only' retrieved from /home/airflow/.local/lib/python3.12/site-packages/airflow/example_dags/example_latest_only.py
[2024-12-03T00:22:20.419+0000] {logging_mixin.py:190} INFO - [2024-12-03T00:22:20.419+0000] {dag.py:3239} INFO - Sync 1 DAGs
[2024-12-03T00:22:20.428+0000] {logging_mixin.py:190} INFO - [2024-12-03T00:22:20.428+0000] {dag.py:4180} INFO - Setting next_dagrun for latest_only to 2024-12-02 20:00:00+00:00, run_after=2024-12-03 00:00:00+00:00
[2024-12-03T00:22:20.435+0000] {processor.py:208} INFO - Processing /home/airflow/.local/lib/python3.12/site-packages/airflow/example_dags/example_latest_only.py took 0.033 seconds
[2024-12-03T00:22:50.908+0000] {processor.py:186} INFO - Started process (PID=5939) to work on /home/airflow/.local/lib/python3.12/site-packages/airflow/example_dags/example_latest_only.py
[2024-12-03T00:22:50.909+0000] {processor.py:914} INFO - Processing file /home/airflow/.local/lib/python3.12/site-packages/airflow/example_dags/example_latest_only.py for tasks to queue
[2024-12-03T00:22:50.910+0000] {logging_mixin.py:190} INFO - [2024-12-03T00:22:50.910+0000] {dagbag.py:588} INFO - Filling up the DagBag from /home/airflow/.local/lib/python3.12/site-packages/airflow/example_dags/example_latest_only.py
[2024-12-03T00:22:50.913+0000] {processor.py:925} INFO - DAG(s) 'latest_only' retrieved from /home/airflow/.local/lib/python3.12/site-packages/airflow/example_dags/example_latest_only.py
[2024-12-03T00:22:50.921+0000] {logging_mixin.py:190} INFO - [2024-12-03T00:22:50.921+0000] {dag.py:3239} INFO - Sync 1 DAGs
[2024-12-03T00:22:50.930+0000] {logging_mixin.py:190} INFO - [2024-12-03T00:22:50.930+0000] {dag.py:4180} INFO - Setting next_dagrun for latest_only to 2024-12-02 20:00:00+00:00, run_after=2024-12-03 00:00:00+00:00
[2024-12-03T00:22:50.936+0000] {processor.py:208} INFO - Processing /home/airflow/.local/lib/python3.12/site-packages/airflow/example_dags/example_latest_only.py took 0.030 seconds
[2024-12-03T00:23:21.241+0000] {processor.py:186} INFO - Started process (PID=6005) to work on /home/airflow/.local/lib/python3.12/site-packages/airflow/example_dags/example_latest_only.py
[2024-12-03T00:23:21.243+0000] {processor.py:914} INFO - Processing file /home/airflow/.local/lib/python3.12/site-packages/airflow/example_dags/example_latest_only.py for tasks to queue
[2024-12-03T00:23:21.244+0000] {logging_mixin.py:190} INFO - [2024-12-03T00:23:21.244+0000] {dagbag.py:588} INFO - Filling up the DagBag from /home/airflow/.local/lib/python3.12/site-packages/airflow/example_dags/example_latest_only.py
[2024-12-03T00:23:21.247+0000] {processor.py:925} INFO - DAG(s) 'latest_only' retrieved from /home/airflow/.local/lib/python3.12/site-packages/airflow/example_dags/example_latest_only.py
[2024-12-03T00:23:21.256+0000] {logging_mixin.py:190} INFO - [2024-12-03T00:23:21.256+0000] {dag.py:3239} INFO - Sync 1 DAGs
[2024-12-03T00:23:21.264+0000] {logging_mixin.py:190} INFO - [2024-12-03T00:23:21.264+0000] {dag.py:4180} INFO - Setting next_dagrun for latest_only to 2024-12-02 20:00:00+00:00, run_after=2024-12-03 00:00:00+00:00
[2024-12-03T00:23:21.270+0000] {processor.py:208} INFO - Processing /home/airflow/.local/lib/python3.12/site-packages/airflow/example_dags/example_latest_only.py took 0.031 seconds
[2024-12-03T00:23:51.466+0000] {processor.py:186} INFO - Started process (PID=6071) to work on /home/airflow/.local/lib/python3.12/site-packages/airflow/example_dags/example_latest_only.py
[2024-12-03T00:23:51.467+0000] {processor.py:914} INFO - Processing file /home/airflow/.local/lib/python3.12/site-packages/airflow/example_dags/example_latest_only.py for tasks to queue
[2024-12-03T00:23:51.468+0000] {logging_mixin.py:190} INFO - [2024-12-03T00:23:51.468+0000] {dagbag.py:588} INFO - Filling up the DagBag from /home/airflow/.local/lib/python3.12/site-packages/airflow/example_dags/example_latest_only.py
[2024-12-03T00:23:51.472+0000] {processor.py:925} INFO - DAG(s) 'latest_only' retrieved from /home/airflow/.local/lib/python3.12/site-packages/airflow/example_dags/example_latest_only.py
[2024-12-03T00:23:51.480+0000] {logging_mixin.py:190} INFO - [2024-12-03T00:23:51.480+0000] {dag.py:3239} INFO - Sync 1 DAGs
[2024-12-03T00:23:51.489+0000] {logging_mixin.py:190} INFO - [2024-12-03T00:23:51.489+0000] {dag.py:4180} INFO - Setting next_dagrun for latest_only to 2024-12-02 20:00:00+00:00, run_after=2024-12-03 00:00:00+00:00
[2024-12-03T00:23:51.496+0000] {processor.py:208} INFO - Processing /home/airflow/.local/lib/python3.12/site-packages/airflow/example_dags/example_latest_only.py took 0.033 seconds
[2024-12-03T00:24:21.847+0000] {processor.py:186} INFO - Started process (PID=6137) to work on /home/airflow/.local/lib/python3.12/site-packages/airflow/example_dags/example_latest_only.py
[2024-12-03T00:24:21.847+0000] {processor.py:914} INFO - Processing file /home/airflow/.local/lib/python3.12/site-packages/airflow/example_dags/example_latest_only.py for tasks to queue
[2024-12-03T00:24:21.849+0000] {logging_mixin.py:190} INFO - [2024-12-03T00:24:21.848+0000] {dagbag.py:588} INFO - Filling up the DagBag from /home/airflow/.local/lib/python3.12/site-packages/airflow/example_dags/example_latest_only.py
[2024-12-03T00:24:21.852+0000] {processor.py:925} INFO - DAG(s) 'latest_only' retrieved from /home/airflow/.local/lib/python3.12/site-packages/airflow/example_dags/example_latest_only.py
[2024-12-03T00:24:21.860+0000] {logging_mixin.py:190} INFO - [2024-12-03T00:24:21.860+0000] {dag.py:3239} INFO - Sync 1 DAGs
[2024-12-03T00:24:21.869+0000] {logging_mixin.py:190} INFO - [2024-12-03T00:24:21.868+0000] {dag.py:4180} INFO - Setting next_dagrun for latest_only to 2024-12-02 20:00:00+00:00, run_after=2024-12-03 00:00:00+00:00
[2024-12-03T00:24:21.875+0000] {processor.py:208} INFO - Processing /home/airflow/.local/lib/python3.12/site-packages/airflow/example_dags/example_latest_only.py took 0.031 seconds
[2024-12-03T00:24:52.137+0000] {processor.py:186} INFO - Started process (PID=6203) to work on /home/airflow/.local/lib/python3.12/site-packages/airflow/example_dags/example_latest_only.py
[2024-12-03T00:24:52.137+0000] {processor.py:914} INFO - Processing file /home/airflow/.local/lib/python3.12/site-packages/airflow/example_dags/example_latest_only.py for tasks to queue
[2024-12-03T00:24:52.138+0000] {logging_mixin.py:190} INFO - [2024-12-03T00:24:52.138+0000] {dagbag.py:588} INFO - Filling up the DagBag from /home/airflow/.local/lib/python3.12/site-packages/airflow/example_dags/example_latest_only.py
[2024-12-03T00:24:52.143+0000] {processor.py:925} INFO - DAG(s) 'latest_only' retrieved from /home/airflow/.local/lib/python3.12/site-packages/airflow/example_dags/example_latest_only.py
[2024-12-03T00:24:52.156+0000] {logging_mixin.py:190} INFO - [2024-12-03T00:24:52.156+0000] {dag.py:3239} INFO - Sync 1 DAGs
[2024-12-03T00:24:52.165+0000] {logging_mixin.py:190} INFO - [2024-12-03T00:24:52.165+0000] {dag.py:4180} INFO - Setting next_dagrun for latest_only to 2024-12-02 20:00:00+00:00, run_after=2024-12-03 00:00:00+00:00
[2024-12-03T00:24:52.173+0000] {processor.py:208} INFO - Processing /home/airflow/.local/lib/python3.12/site-packages/airflow/example_dags/example_latest_only.py took 0.039 seconds
[2024-12-03T00:25:22.487+0000] {processor.py:186} INFO - Started process (PID=6269) to work on /home/airflow/.local/lib/python3.12/site-packages/airflow/example_dags/example_latest_only.py
[2024-12-03T00:25:22.488+0000] {processor.py:914} INFO - Processing file /home/airflow/.local/lib/python3.12/site-packages/airflow/example_dags/example_latest_only.py for tasks to queue
[2024-12-03T00:25:22.489+0000] {logging_mixin.py:190} INFO - [2024-12-03T00:25:22.489+0000] {dagbag.py:588} INFO - Filling up the DagBag from /home/airflow/.local/lib/python3.12/site-packages/airflow/example_dags/example_latest_only.py
[2024-12-03T00:25:22.492+0000] {processor.py:925} INFO - DAG(s) 'latest_only' retrieved from /home/airflow/.local/lib/python3.12/site-packages/airflow/example_dags/example_latest_only.py
[2024-12-03T00:25:22.500+0000] {logging_mixin.py:190} INFO - [2024-12-03T00:25:22.500+0000] {dag.py:3239} INFO - Sync 1 DAGs
[2024-12-03T00:25:22.508+0000] {logging_mixin.py:190} INFO - [2024-12-03T00:25:22.508+0000] {dag.py:4180} INFO - Setting next_dagrun for latest_only to 2024-12-02 20:00:00+00:00, run_after=2024-12-03 00:00:00+00:00
[2024-12-03T00:25:22.515+0000] {processor.py:208} INFO - Processing /home/airflow/.local/lib/python3.12/site-packages/airflow/example_dags/example_latest_only.py took 0.030 seconds
[2024-12-03T00:25:52.679+0000] {processor.py:186} INFO - Started process (PID=6334) to work on /home/airflow/.local/lib/python3.12/site-packages/airflow/example_dags/example_latest_only.py
[2024-12-03T00:25:52.680+0000] {processor.py:914} INFO - Processing file /home/airflow/.local/lib/python3.12/site-packages/airflow/example_dags/example_latest_only.py for tasks to queue
[2024-12-03T00:25:52.682+0000] {logging_mixin.py:190} INFO - [2024-12-03T00:25:52.681+0000] {dagbag.py:588} INFO - Filling up the DagBag from /home/airflow/.local/lib/python3.12/site-packages/airflow/example_dags/example_latest_only.py
[2024-12-03T00:25:52.685+0000] {processor.py:925} INFO - DAG(s) 'latest_only' retrieved from /home/airflow/.local/lib/python3.12/site-packages/airflow/example_dags/example_latest_only.py
[2024-12-03T00:25:52.695+0000] {logging_mixin.py:190} INFO - [2024-12-03T00:25:52.695+0000] {dag.py:3239} INFO - Sync 1 DAGs
[2024-12-03T00:25:52.703+0000] {logging_mixin.py:190} INFO - [2024-12-03T00:25:52.703+0000] {dag.py:4180} INFO - Setting next_dagrun for latest_only to 2024-12-02 20:00:00+00:00, run_after=2024-12-03 00:00:00+00:00
[2024-12-03T00:25:52.710+0000] {processor.py:208} INFO - Processing /home/airflow/.local/lib/python3.12/site-packages/airflow/example_dags/example_latest_only.py took 0.034 seconds
[2024-12-03T00:26:23.006+0000] {processor.py:186} INFO - Started process (PID=6400) to work on /home/airflow/.local/lib/python3.12/site-packages/airflow/example_dags/example_latest_only.py
[2024-12-03T00:26:23.006+0000] {processor.py:914} INFO - Processing file /home/airflow/.local/lib/python3.12/site-packages/airflow/example_dags/example_latest_only.py for tasks to queue
[2024-12-03T00:26:23.008+0000] {logging_mixin.py:190} INFO - [2024-12-03T00:26:23.008+0000] {dagbag.py:588} INFO - Filling up the DagBag from /home/airflow/.local/lib/python3.12/site-packages/airflow/example_dags/example_latest_only.py
[2024-12-03T00:26:23.012+0000] {processor.py:925} INFO - DAG(s) 'latest_only' retrieved from /home/airflow/.local/lib/python3.12/site-packages/airflow/example_dags/example_latest_only.py
[2024-12-03T00:26:23.019+0000] {logging_mixin.py:190} INFO - [2024-12-03T00:26:23.019+0000] {dag.py:3239} INFO - Sync 1 DAGs
[2024-12-03T00:26:23.028+0000] {logging_mixin.py:190} INFO - [2024-12-03T00:26:23.028+0000] {dag.py:4180} INFO - Setting next_dagrun for latest_only to 2024-12-02 20:00:00+00:00, run_after=2024-12-03 00:00:00+00:00
[2024-12-03T00:26:23.034+0000] {processor.py:208} INFO - Processing /home/airflow/.local/lib/python3.12/site-packages/airflow/example_dags/example_latest_only.py took 0.031 seconds
[2024-12-03T00:26:53.368+0000] {processor.py:186} INFO - Started process (PID=6466) to work on /home/airflow/.local/lib/python3.12/site-packages/airflow/example_dags/example_latest_only.py
[2024-12-03T00:26:53.369+0000] {processor.py:914} INFO - Processing file /home/airflow/.local/lib/python3.12/site-packages/airflow/example_dags/example_latest_only.py for tasks to queue
[2024-12-03T00:26:53.370+0000] {logging_mixin.py:190} INFO - [2024-12-03T00:26:53.370+0000] {dagbag.py:588} INFO - Filling up the DagBag from /home/airflow/.local/lib/python3.12/site-packages/airflow/example_dags/example_latest_only.py
[2024-12-03T00:26:53.372+0000] {processor.py:925} INFO - DAG(s) 'latest_only' retrieved from /home/airflow/.local/lib/python3.12/site-packages/airflow/example_dags/example_latest_only.py
[2024-12-03T00:26:53.380+0000] {logging_mixin.py:190} INFO - [2024-12-03T00:26:53.380+0000] {dag.py:3239} INFO - Sync 1 DAGs
[2024-12-03T00:26:53.391+0000] {logging_mixin.py:190} INFO - [2024-12-03T00:26:53.391+0000] {dag.py:4180} INFO - Setting next_dagrun for latest_only to 2024-12-02 20:00:00+00:00, run_after=2024-12-03 00:00:00+00:00
[2024-12-03T00:26:53.399+0000] {processor.py:208} INFO - Processing /home/airflow/.local/lib/python3.12/site-packages/airflow/example_dags/example_latest_only.py took 0.032 seconds
[2024-12-03T00:27:23.746+0000] {processor.py:186} INFO - Started process (PID=6532) to work on /home/airflow/.local/lib/python3.12/site-packages/airflow/example_dags/example_latest_only.py
[2024-12-03T00:27:23.748+0000] {processor.py:914} INFO - Processing file /home/airflow/.local/lib/python3.12/site-packages/airflow/example_dags/example_latest_only.py for tasks to queue
[2024-12-03T00:27:23.751+0000] {logging_mixin.py:190} INFO - [2024-12-03T00:27:23.751+0000] {dagbag.py:588} INFO - Filling up the DagBag from /home/airflow/.local/lib/python3.12/site-packages/airflow/example_dags/example_latest_only.py
[2024-12-03T00:27:23.755+0000] {processor.py:925} INFO - DAG(s) 'latest_only' retrieved from /home/airflow/.local/lib/python3.12/site-packages/airflow/example_dags/example_latest_only.py
[2024-12-03T00:27:23.770+0000] {logging_mixin.py:190} INFO - [2024-12-03T00:27:23.769+0000] {dag.py:3239} INFO - Sync 1 DAGs
[2024-12-03T00:27:23.781+0000] {logging_mixin.py:190} INFO - [2024-12-03T00:27:23.781+0000] {dag.py:4180} INFO - Setting next_dagrun for latest_only to 2024-12-02 20:00:00+00:00, run_after=2024-12-03 00:00:00+00:00
[2024-12-03T00:27:23.792+0000] {processor.py:208} INFO - Processing /home/airflow/.local/lib/python3.12/site-packages/airflow/example_dags/example_latest_only.py took 0.048 seconds
[2024-12-03T00:27:54.274+0000] {processor.py:186} INFO - Started process (PID=6598) to work on /home/airflow/.local/lib/python3.12/site-packages/airflow/example_dags/example_latest_only.py
[2024-12-03T00:27:54.274+0000] {processor.py:914} INFO - Processing file /home/airflow/.local/lib/python3.12/site-packages/airflow/example_dags/example_latest_only.py for tasks to queue
[2024-12-03T00:27:54.275+0000] {logging_mixin.py:190} INFO - [2024-12-03T00:27:54.275+0000] {dagbag.py:588} INFO - Filling up the DagBag from /home/airflow/.local/lib/python3.12/site-packages/airflow/example_dags/example_latest_only.py
[2024-12-03T00:27:54.278+0000] {processor.py:925} INFO - DAG(s) 'latest_only' retrieved from /home/airflow/.local/lib/python3.12/site-packages/airflow/example_dags/example_latest_only.py
[2024-12-03T00:27:54.288+0000] {logging_mixin.py:190} INFO - [2024-12-03T00:27:54.288+0000] {dag.py:3239} INFO - Sync 1 DAGs
[2024-12-03T00:27:54.298+0000] {logging_mixin.py:190} INFO - [2024-12-03T00:27:54.298+0000] {dag.py:4180} INFO - Setting next_dagrun for latest_only to 2024-12-02 20:00:00+00:00, run_after=2024-12-03 00:00:00+00:00
[2024-12-03T00:27:54.306+0000] {processor.py:208} INFO - Processing /home/airflow/.local/lib/python3.12/site-packages/airflow/example_dags/example_latest_only.py took 0.035 seconds
[2024-12-03T00:28:24.651+0000] {processor.py:186} INFO - Started process (PID=6664) to work on /home/airflow/.local/lib/python3.12/site-packages/airflow/example_dags/example_latest_only.py
[2024-12-03T00:28:24.652+0000] {processor.py:914} INFO - Processing file /home/airflow/.local/lib/python3.12/site-packages/airflow/example_dags/example_latest_only.py for tasks to queue
[2024-12-03T00:28:24.653+0000] {logging_mixin.py:190} INFO - [2024-12-03T00:28:24.653+0000] {dagbag.py:588} INFO - Filling up the DagBag from /home/airflow/.local/lib/python3.12/site-packages/airflow/example_dags/example_latest_only.py
[2024-12-03T00:28:24.657+0000] {processor.py:925} INFO - DAG(s) 'latest_only' retrieved from /home/airflow/.local/lib/python3.12/site-packages/airflow/example_dags/example_latest_only.py
[2024-12-03T00:28:24.666+0000] {logging_mixin.py:190} INFO - [2024-12-03T00:28:24.666+0000] {dag.py:3239} INFO - Sync 1 DAGs
[2024-12-03T00:28:24.675+0000] {logging_mixin.py:190} INFO - [2024-12-03T00:28:24.675+0000] {dag.py:4180} INFO - Setting next_dagrun for latest_only to 2024-12-02 20:00:00+00:00, run_after=2024-12-03 00:00:00+00:00
[2024-12-03T00:28:24.681+0000] {processor.py:208} INFO - Processing /home/airflow/.local/lib/python3.12/site-packages/airflow/example_dags/example_latest_only.py took 0.032 seconds
[2024-12-03T00:28:54.996+0000] {processor.py:186} INFO - Started process (PID=6730) to work on /home/airflow/.local/lib/python3.12/site-packages/airflow/example_dags/example_latest_only.py
[2024-12-03T00:28:54.996+0000] {processor.py:914} INFO - Processing file /home/airflow/.local/lib/python3.12/site-packages/airflow/example_dags/example_latest_only.py for tasks to queue
[2024-12-03T00:28:54.997+0000] {logging_mixin.py:190} INFO - [2024-12-03T00:28:54.997+0000] {dagbag.py:588} INFO - Filling up the DagBag from /home/airflow/.local/lib/python3.12/site-packages/airflow/example_dags/example_latest_only.py
[2024-12-03T00:28:55.000+0000] {processor.py:925} INFO - DAG(s) 'latest_only' retrieved from /home/airflow/.local/lib/python3.12/site-packages/airflow/example_dags/example_latest_only.py
[2024-12-03T00:28:55.007+0000] {logging_mixin.py:190} INFO - [2024-12-03T00:28:55.007+0000] {dag.py:3239} INFO - Sync 1 DAGs
[2024-12-03T00:28:55.016+0000] {logging_mixin.py:190} INFO - [2024-12-03T00:28:55.015+0000] {dag.py:4180} INFO - Setting next_dagrun for latest_only to 2024-12-02 20:00:00+00:00, run_after=2024-12-03 00:00:00+00:00
[2024-12-03T00:28:55.021+0000] {processor.py:208} INFO - Processing /home/airflow/.local/lib/python3.12/site-packages/airflow/example_dags/example_latest_only.py took 0.028 seconds
[2024-12-03T00:29:25.471+0000] {processor.py:186} INFO - Started process (PID=6796) to work on /home/airflow/.local/lib/python3.12/site-packages/airflow/example_dags/example_latest_only.py
[2024-12-03T00:29:25.472+0000] {processor.py:914} INFO - Processing file /home/airflow/.local/lib/python3.12/site-packages/airflow/example_dags/example_latest_only.py for tasks to queue
[2024-12-03T00:29:25.473+0000] {logging_mixin.py:190} INFO - [2024-12-03T00:29:25.473+0000] {dagbag.py:588} INFO - Filling up the DagBag from /home/airflow/.local/lib/python3.12/site-packages/airflow/example_dags/example_latest_only.py
[2024-12-03T00:29:25.476+0000] {processor.py:925} INFO - DAG(s) 'latest_only' retrieved from /home/airflow/.local/lib/python3.12/site-packages/airflow/example_dags/example_latest_only.py
[2024-12-03T00:29:25.486+0000] {logging_mixin.py:190} INFO - [2024-12-03T00:29:25.486+0000] {dag.py:3239} INFO - Sync 1 DAGs
[2024-12-03T00:29:25.494+0000] {logging_mixin.py:190} INFO - [2024-12-03T00:29:25.494+0000] {dag.py:4180} INFO - Setting next_dagrun for latest_only to 2024-12-02 20:00:00+00:00, run_after=2024-12-03 00:00:00+00:00
[2024-12-03T00:29:25.502+0000] {processor.py:208} INFO - Processing /home/airflow/.local/lib/python3.12/site-packages/airflow/example_dags/example_latest_only.py took 0.033 seconds
[2024-12-03T00:29:55.873+0000] {processor.py:186} INFO - Started process (PID=6862) to work on /home/airflow/.local/lib/python3.12/site-packages/airflow/example_dags/example_latest_only.py
[2024-12-03T00:29:55.874+0000] {processor.py:914} INFO - Processing file /home/airflow/.local/lib/python3.12/site-packages/airflow/example_dags/example_latest_only.py for tasks to queue
[2024-12-03T00:29:55.876+0000] {logging_mixin.py:190} INFO - [2024-12-03T00:29:55.876+0000] {dagbag.py:588} INFO - Filling up the DagBag from /home/airflow/.local/lib/python3.12/site-packages/airflow/example_dags/example_latest_only.py
[2024-12-03T00:29:55.879+0000] {processor.py:925} INFO - DAG(s) 'latest_only' retrieved from /home/airflow/.local/lib/python3.12/site-packages/airflow/example_dags/example_latest_only.py
[2024-12-03T00:29:55.890+0000] {logging_mixin.py:190} INFO - [2024-12-03T00:29:55.890+0000] {dag.py:3239} INFO - Sync 1 DAGs
[2024-12-03T00:29:55.899+0000] {logging_mixin.py:190} INFO - [2024-12-03T00:29:55.899+0000] {dag.py:4180} INFO - Setting next_dagrun for latest_only to 2024-12-02 20:00:00+00:00, run_after=2024-12-03 00:00:00+00:00
[2024-12-03T00:29:55.907+0000] {processor.py:208} INFO - Processing /home/airflow/.local/lib/python3.12/site-packages/airflow/example_dags/example_latest_only.py took 0.037 seconds
[2024-12-03T00:30:26.520+0000] {processor.py:186} INFO - Started process (PID=6928) to work on /home/airflow/.local/lib/python3.12/site-packages/airflow/example_dags/example_latest_only.py
[2024-12-03T00:30:26.522+0000] {processor.py:914} INFO - Processing file /home/airflow/.local/lib/python3.12/site-packages/airflow/example_dags/example_latest_only.py for tasks to queue
[2024-12-03T00:30:26.523+0000] {logging_mixin.py:190} INFO - [2024-12-03T00:30:26.522+0000] {dagbag.py:588} INFO - Filling up the DagBag from /home/airflow/.local/lib/python3.12/site-packages/airflow/example_dags/example_latest_only.py
[2024-12-03T00:30:26.526+0000] {processor.py:925} INFO - DAG(s) 'latest_only' retrieved from /home/airflow/.local/lib/python3.12/site-packages/airflow/example_dags/example_latest_only.py
[2024-12-03T00:30:26.537+0000] {logging_mixin.py:190} INFO - [2024-12-03T00:30:26.537+0000] {dag.py:3239} INFO - Sync 1 DAGs
[2024-12-03T00:30:26.545+0000] {logging_mixin.py:190} INFO - [2024-12-03T00:30:26.545+0000] {dag.py:4180} INFO - Setting next_dagrun for latest_only to 2024-12-02 20:00:00+00:00, run_after=2024-12-03 00:00:00+00:00
[2024-12-03T00:30:26.554+0000] {processor.py:208} INFO - Processing /home/airflow/.local/lib/python3.12/site-packages/airflow/example_dags/example_latest_only.py took 0.036 seconds
[2024-12-03T00:30:56.931+0000] {processor.py:186} INFO - Started process (PID=6994) to work on /home/airflow/.local/lib/python3.12/site-packages/airflow/example_dags/example_latest_only.py
[2024-12-03T00:30:56.931+0000] {processor.py:914} INFO - Processing file /home/airflow/.local/lib/python3.12/site-packages/airflow/example_dags/example_latest_only.py for tasks to queue
[2024-12-03T00:30:56.933+0000] {logging_mixin.py:190} INFO - [2024-12-03T00:30:56.932+0000] {dagbag.py:588} INFO - Filling up the DagBag from /home/airflow/.local/lib/python3.12/site-packages/airflow/example_dags/example_latest_only.py
[2024-12-03T00:30:56.937+0000] {processor.py:925} INFO - DAG(s) 'latest_only' retrieved from /home/airflow/.local/lib/python3.12/site-packages/airflow/example_dags/example_latest_only.py
[2024-12-03T00:30:56.947+0000] {logging_mixin.py:190} INFO - [2024-12-03T00:30:56.947+0000] {dag.py:3239} INFO - Sync 1 DAGs
[2024-12-03T00:30:56.959+0000] {logging_mixin.py:190} INFO - [2024-12-03T00:30:56.959+0000] {dag.py:4180} INFO - Setting next_dagrun for latest_only to 2024-12-02 20:00:00+00:00, run_after=2024-12-03 00:00:00+00:00
[2024-12-03T00:30:56.971+0000] {processor.py:208} INFO - Processing /home/airflow/.local/lib/python3.12/site-packages/airflow/example_dags/example_latest_only.py took 0.044 seconds
[2024-12-03T00:31:27.438+0000] {processor.py:186} INFO - Started process (PID=7060) to work on /home/airflow/.local/lib/python3.12/site-packages/airflow/example_dags/example_latest_only.py
[2024-12-03T00:31:27.439+0000] {processor.py:914} INFO - Processing file /home/airflow/.local/lib/python3.12/site-packages/airflow/example_dags/example_latest_only.py for tasks to queue
[2024-12-03T00:31:27.441+0000] {logging_mixin.py:190} INFO - [2024-12-03T00:31:27.441+0000] {dagbag.py:588} INFO - Filling up the DagBag from /home/airflow/.local/lib/python3.12/site-packages/airflow/example_dags/example_latest_only.py
[2024-12-03T00:31:27.446+0000] {processor.py:925} INFO - DAG(s) 'latest_only' retrieved from /home/airflow/.local/lib/python3.12/site-packages/airflow/example_dags/example_latest_only.py
[2024-12-03T00:31:27.455+0000] {logging_mixin.py:190} INFO - [2024-12-03T00:31:27.455+0000] {dag.py:3239} INFO - Sync 1 DAGs
[2024-12-03T00:31:27.466+0000] {logging_mixin.py:190} INFO - [2024-12-03T00:31:27.466+0000] {dag.py:4180} INFO - Setting next_dagrun for latest_only to 2024-12-02 20:00:00+00:00, run_after=2024-12-03 00:00:00+00:00
[2024-12-03T00:31:27.481+0000] {processor.py:208} INFO - Processing /home/airflow/.local/lib/python3.12/site-packages/airflow/example_dags/example_latest_only.py took 0.047 seconds
[2024-12-03T00:31:57.901+0000] {processor.py:186} INFO - Started process (PID=7126) to work on /home/airflow/.local/lib/python3.12/site-packages/airflow/example_dags/example_latest_only.py
[2024-12-03T00:31:57.902+0000] {processor.py:914} INFO - Processing file /home/airflow/.local/lib/python3.12/site-packages/airflow/example_dags/example_latest_only.py for tasks to queue
[2024-12-03T00:31:57.903+0000] {logging_mixin.py:190} INFO - [2024-12-03T00:31:57.903+0000] {dagbag.py:588} INFO - Filling up the DagBag from /home/airflow/.local/lib/python3.12/site-packages/airflow/example_dags/example_latest_only.py
[2024-12-03T00:31:57.908+0000] {processor.py:925} INFO - DAG(s) 'latest_only' retrieved from /home/airflow/.local/lib/python3.12/site-packages/airflow/example_dags/example_latest_only.py
[2024-12-03T00:31:57.916+0000] {logging_mixin.py:190} INFO - [2024-12-03T00:31:57.916+0000] {dag.py:3239} INFO - Sync 1 DAGs
[2024-12-03T00:31:57.924+0000] {logging_mixin.py:190} INFO - [2024-12-03T00:31:57.924+0000] {dag.py:4180} INFO - Setting next_dagrun for latest_only to 2024-12-02 20:00:00+00:00, run_after=2024-12-03 00:00:00+00:00
[2024-12-03T00:31:57.933+0000] {processor.py:208} INFO - Processing /home/airflow/.local/lib/python3.12/site-packages/airflow/example_dags/example_latest_only.py took 0.035 seconds
[2024-12-03T00:32:28.435+0000] {processor.py:186} INFO - Started process (PID=7192) to work on /home/airflow/.local/lib/python3.12/site-packages/airflow/example_dags/example_latest_only.py
[2024-12-03T00:32:28.436+0000] {processor.py:914} INFO - Processing file /home/airflow/.local/lib/python3.12/site-packages/airflow/example_dags/example_latest_only.py for tasks to queue
[2024-12-03T00:32:28.437+0000] {logging_mixin.py:190} INFO - [2024-12-03T00:32:28.436+0000] {dagbag.py:588} INFO - Filling up the DagBag from /home/airflow/.local/lib/python3.12/site-packages/airflow/example_dags/example_latest_only.py
[2024-12-03T00:32:28.440+0000] {processor.py:925} INFO - DAG(s) 'latest_only' retrieved from /home/airflow/.local/lib/python3.12/site-packages/airflow/example_dags/example_latest_only.py
[2024-12-03T00:32:28.452+0000] {logging_mixin.py:190} INFO - [2024-12-03T00:32:28.452+0000] {dag.py:3239} INFO - Sync 1 DAGs
[2024-12-03T00:32:28.463+0000] {logging_mixin.py:190} INFO - [2024-12-03T00:32:28.463+0000] {dag.py:4180} INFO - Setting next_dagrun for latest_only to 2024-12-02 20:00:00+00:00, run_after=2024-12-03 00:00:00+00:00
[2024-12-03T00:32:28.472+0000] {processor.py:208} INFO - Processing /home/airflow/.local/lib/python3.12/site-packages/airflow/example_dags/example_latest_only.py took 0.040 seconds
[2024-12-03T00:32:58.806+0000] {processor.py:186} INFO - Started process (PID=7258) to work on /home/airflow/.local/lib/python3.12/site-packages/airflow/example_dags/example_latest_only.py
[2024-12-03T00:32:58.807+0000] {processor.py:914} INFO - Processing file /home/airflow/.local/lib/python3.12/site-packages/airflow/example_dags/example_latest_only.py for tasks to queue
[2024-12-03T00:32:58.807+0000] {logging_mixin.py:190} INFO - [2024-12-03T00:32:58.807+0000] {dagbag.py:588} INFO - Filling up the DagBag from /home/airflow/.local/lib/python3.12/site-packages/airflow/example_dags/example_latest_only.py
[2024-12-03T00:32:58.810+0000] {processor.py:925} INFO - DAG(s) 'latest_only' retrieved from /home/airflow/.local/lib/python3.12/site-packages/airflow/example_dags/example_latest_only.py
[2024-12-03T00:32:58.819+0000] {logging_mixin.py:190} INFO - [2024-12-03T00:32:58.819+0000] {dag.py:3239} INFO - Sync 1 DAGs
[2024-12-03T00:32:58.827+0000] {logging_mixin.py:190} INFO - [2024-12-03T00:32:58.827+0000] {dag.py:4180} INFO - Setting next_dagrun for latest_only to 2024-12-02 20:00:00+00:00, run_after=2024-12-03 00:00:00+00:00
[2024-12-03T00:32:58.835+0000] {processor.py:208} INFO - Processing /home/airflow/.local/lib/python3.12/site-packages/airflow/example_dags/example_latest_only.py took 0.032 seconds
[2024-12-03T00:33:29.078+0000] {processor.py:186} INFO - Started process (PID=7324) to work on /home/airflow/.local/lib/python3.12/site-packages/airflow/example_dags/example_latest_only.py
[2024-12-03T00:33:29.078+0000] {processor.py:914} INFO - Processing file /home/airflow/.local/lib/python3.12/site-packages/airflow/example_dags/example_latest_only.py for tasks to queue
[2024-12-03T00:33:29.079+0000] {logging_mixin.py:190} INFO - [2024-12-03T00:33:29.079+0000] {dagbag.py:588} INFO - Filling up the DagBag from /home/airflow/.local/lib/python3.12/site-packages/airflow/example_dags/example_latest_only.py
[2024-12-03T00:33:29.082+0000] {processor.py:925} INFO - DAG(s) 'latest_only' retrieved from /home/airflow/.local/lib/python3.12/site-packages/airflow/example_dags/example_latest_only.py
[2024-12-03T00:33:29.090+0000] {logging_mixin.py:190} INFO - [2024-12-03T00:33:29.089+0000] {dag.py:3239} INFO - Sync 1 DAGs
[2024-12-03T00:33:29.097+0000] {logging_mixin.py:190} INFO - [2024-12-03T00:33:29.097+0000] {dag.py:4180} INFO - Setting next_dagrun for latest_only to 2024-12-02 20:00:00+00:00, run_after=2024-12-03 00:00:00+00:00
[2024-12-03T00:33:29.105+0000] {processor.py:208} INFO - Processing /home/airflow/.local/lib/python3.12/site-packages/airflow/example_dags/example_latest_only.py took 0.030 seconds
[2024-12-03T00:33:59.384+0000] {processor.py:186} INFO - Started process (PID=7390) to work on /home/airflow/.local/lib/python3.12/site-packages/airflow/example_dags/example_latest_only.py
[2024-12-03T00:33:59.385+0000] {processor.py:914} INFO - Processing file /home/airflow/.local/lib/python3.12/site-packages/airflow/example_dags/example_latest_only.py for tasks to queue
[2024-12-03T00:33:59.385+0000] {logging_mixin.py:190} INFO - [2024-12-03T00:33:59.385+0000] {dagbag.py:588} INFO - Filling up the DagBag from /home/airflow/.local/lib/python3.12/site-packages/airflow/example_dags/example_latest_only.py
[2024-12-03T00:33:59.390+0000] {processor.py:925} INFO - DAG(s) 'latest_only' retrieved from /home/airflow/.local/lib/python3.12/site-packages/airflow/example_dags/example_latest_only.py
[2024-12-03T00:33:59.396+0000] {logging_mixin.py:190} INFO - [2024-12-03T00:33:59.396+0000] {dag.py:3239} INFO - Sync 1 DAGs
[2024-12-03T00:33:59.405+0000] {logging_mixin.py:190} INFO - [2024-12-03T00:33:59.405+0000] {dag.py:4180} INFO - Setting next_dagrun for latest_only to 2024-12-02 20:00:00+00:00, run_after=2024-12-03 00:00:00+00:00
[2024-12-03T00:33:59.411+0000] {processor.py:208} INFO - Processing /home/airflow/.local/lib/python3.12/site-packages/airflow/example_dags/example_latest_only.py took 0.030 seconds
[2024-12-03T00:34:29.627+0000] {processor.py:186} INFO - Started process (PID=7456) to work on /home/airflow/.local/lib/python3.12/site-packages/airflow/example_dags/example_latest_only.py
[2024-12-03T00:34:29.628+0000] {processor.py:914} INFO - Processing file /home/airflow/.local/lib/python3.12/site-packages/airflow/example_dags/example_latest_only.py for tasks to queue
[2024-12-03T00:34:29.630+0000] {logging_mixin.py:190} INFO - [2024-12-03T00:34:29.629+0000] {dagbag.py:588} INFO - Filling up the DagBag from /home/airflow/.local/lib/python3.12/site-packages/airflow/example_dags/example_latest_only.py
[2024-12-03T00:34:29.633+0000] {processor.py:925} INFO - DAG(s) 'latest_only' retrieved from /home/airflow/.local/lib/python3.12/site-packages/airflow/example_dags/example_latest_only.py
[2024-12-03T00:34:29.641+0000] {logging_mixin.py:190} INFO - [2024-12-03T00:34:29.641+0000] {dag.py:3239} INFO - Sync 1 DAGs
[2024-12-03T00:34:29.653+0000] {logging_mixin.py:190} INFO - [2024-12-03T00:34:29.653+0000] {dag.py:4180} INFO - Setting next_dagrun for latest_only to 2024-12-02 20:00:00+00:00, run_after=2024-12-03 00:00:00+00:00
[2024-12-03T00:34:29.663+0000] {processor.py:208} INFO - Processing /home/airflow/.local/lib/python3.12/site-packages/airflow/example_dags/example_latest_only.py took 0.038 seconds
[2024-12-03T00:34:59.922+0000] {processor.py:186} INFO - Started process (PID=7522) to work on /home/airflow/.local/lib/python3.12/site-packages/airflow/example_dags/example_latest_only.py
[2024-12-03T00:34:59.923+0000] {processor.py:914} INFO - Processing file /home/airflow/.local/lib/python3.12/site-packages/airflow/example_dags/example_latest_only.py for tasks to queue
[2024-12-03T00:34:59.924+0000] {logging_mixin.py:190} INFO - [2024-12-03T00:34:59.924+0000] {dagbag.py:588} INFO - Filling up the DagBag from /home/airflow/.local/lib/python3.12/site-packages/airflow/example_dags/example_latest_only.py
[2024-12-03T00:34:59.927+0000] {processor.py:925} INFO - DAG(s) 'latest_only' retrieved from /home/airflow/.local/lib/python3.12/site-packages/airflow/example_dags/example_latest_only.py
[2024-12-03T00:34:59.935+0000] {logging_mixin.py:190} INFO - [2024-12-03T00:34:59.935+0000] {dag.py:3239} INFO - Sync 1 DAGs
[2024-12-03T00:34:59.944+0000] {logging_mixin.py:190} INFO - [2024-12-03T00:34:59.944+0000] {dag.py:4180} INFO - Setting next_dagrun for latest_only to 2024-12-02 20:00:00+00:00, run_after=2024-12-03 00:00:00+00:00
[2024-12-03T00:34:59.951+0000] {processor.py:208} INFO - Processing /home/airflow/.local/lib/python3.12/site-packages/airflow/example_dags/example_latest_only.py took 0.031 seconds
[2024-12-03T00:35:30.208+0000] {processor.py:186} INFO - Started process (PID=7588) to work on /home/airflow/.local/lib/python3.12/site-packages/airflow/example_dags/example_latest_only.py
[2024-12-03T00:35:30.209+0000] {processor.py:914} INFO - Processing file /home/airflow/.local/lib/python3.12/site-packages/airflow/example_dags/example_latest_only.py for tasks to queue
[2024-12-03T00:35:30.211+0000] {logging_mixin.py:190} INFO - [2024-12-03T00:35:30.211+0000] {dagbag.py:588} INFO - Filling up the DagBag from /home/airflow/.local/lib/python3.12/site-packages/airflow/example_dags/example_latest_only.py
[2024-12-03T00:35:30.214+0000] {processor.py:925} INFO - DAG(s) 'latest_only' retrieved from /home/airflow/.local/lib/python3.12/site-packages/airflow/example_dags/example_latest_only.py
[2024-12-03T00:35:30.223+0000] {logging_mixin.py:190} INFO - [2024-12-03T00:35:30.223+0000] {dag.py:3239} INFO - Sync 1 DAGs
[2024-12-03T00:35:30.233+0000] {logging_mixin.py:190} INFO - [2024-12-03T00:35:30.233+0000] {dag.py:4180} INFO - Setting next_dagrun for latest_only to 2024-12-02 20:00:00+00:00, run_after=2024-12-03 00:00:00+00:00
[2024-12-03T00:35:30.240+0000] {processor.py:208} INFO - Processing /home/airflow/.local/lib/python3.12/site-packages/airflow/example_dags/example_latest_only.py took 0.034 seconds
[2024-12-03T00:36:00.560+0000] {processor.py:186} INFO - Started process (PID=7654) to work on /home/airflow/.local/lib/python3.12/site-packages/airflow/example_dags/example_latest_only.py
[2024-12-03T00:36:00.560+0000] {processor.py:914} INFO - Processing file /home/airflow/.local/lib/python3.12/site-packages/airflow/example_dags/example_latest_only.py for tasks to queue
[2024-12-03T00:36:00.562+0000] {logging_mixin.py:190} INFO - [2024-12-03T00:36:00.562+0000] {dagbag.py:588} INFO - Filling up the DagBag from /home/airflow/.local/lib/python3.12/site-packages/airflow/example_dags/example_latest_only.py
[2024-12-03T00:36:00.566+0000] {processor.py:925} INFO - DAG(s) 'latest_only' retrieved from /home/airflow/.local/lib/python3.12/site-packages/airflow/example_dags/example_latest_only.py
[2024-12-03T00:36:00.574+0000] {logging_mixin.py:190} INFO - [2024-12-03T00:36:00.574+0000] {dag.py:3239} INFO - Sync 1 DAGs
[2024-12-03T00:36:00.583+0000] {logging_mixin.py:190} INFO - [2024-12-03T00:36:00.583+0000] {dag.py:4180} INFO - Setting next_dagrun for latest_only to 2024-12-02 20:00:00+00:00, run_after=2024-12-03 00:00:00+00:00
[2024-12-03T00:36:00.590+0000] {processor.py:208} INFO - Processing /home/airflow/.local/lib/python3.12/site-packages/airflow/example_dags/example_latest_only.py took 0.033 seconds
[2024-12-03T00:36:30.875+0000] {processor.py:186} INFO - Started process (PID=7720) to work on /home/airflow/.local/lib/python3.12/site-packages/airflow/example_dags/example_latest_only.py
[2024-12-03T00:36:30.876+0000] {processor.py:914} INFO - Processing file /home/airflow/.local/lib/python3.12/site-packages/airflow/example_dags/example_latest_only.py for tasks to queue
[2024-12-03T00:36:30.877+0000] {logging_mixin.py:190} INFO - [2024-12-03T00:36:30.877+0000] {dagbag.py:588} INFO - Filling up the DagBag from /home/airflow/.local/lib/python3.12/site-packages/airflow/example_dags/example_latest_only.py
[2024-12-03T00:36:30.880+0000] {processor.py:925} INFO - DAG(s) 'latest_only' retrieved from /home/airflow/.local/lib/python3.12/site-packages/airflow/example_dags/example_latest_only.py
[2024-12-03T00:36:30.887+0000] {logging_mixin.py:190} INFO - [2024-12-03T00:36:30.887+0000] {dag.py:3239} INFO - Sync 1 DAGs
[2024-12-03T00:36:30.898+0000] {logging_mixin.py:190} INFO - [2024-12-03T00:36:30.898+0000] {dag.py:4180} INFO - Setting next_dagrun for latest_only to 2024-12-02 20:00:00+00:00, run_after=2024-12-03 00:00:00+00:00
[2024-12-03T00:36:30.907+0000] {processor.py:208} INFO - Processing /home/airflow/.local/lib/python3.12/site-packages/airflow/example_dags/example_latest_only.py took 0.035 seconds
[2024-12-03T00:37:01.097+0000] {processor.py:186} INFO - Started process (PID=7786) to work on /home/airflow/.local/lib/python3.12/site-packages/airflow/example_dags/example_latest_only.py
[2024-12-03T00:37:01.100+0000] {processor.py:914} INFO - Processing file /home/airflow/.local/lib/python3.12/site-packages/airflow/example_dags/example_latest_only.py for tasks to queue
[2024-12-03T00:37:01.101+0000] {logging_mixin.py:190} INFO - [2024-12-03T00:37:01.101+0000] {dagbag.py:588} INFO - Filling up the DagBag from /home/airflow/.local/lib/python3.12/site-packages/airflow/example_dags/example_latest_only.py
[2024-12-03T00:37:01.104+0000] {processor.py:925} INFO - DAG(s) 'latest_only' retrieved from /home/airflow/.local/lib/python3.12/site-packages/airflow/example_dags/example_latest_only.py
[2024-12-03T00:37:01.113+0000] {logging_mixin.py:190} INFO - [2024-12-03T00:37:01.113+0000] {dag.py:3239} INFO - Sync 1 DAGs
[2024-12-03T00:37:01.123+0000] {logging_mixin.py:190} INFO - [2024-12-03T00:37:01.123+0000] {dag.py:4180} INFO - Setting next_dagrun for latest_only to 2024-12-02 20:00:00+00:00, run_after=2024-12-03 00:00:00+00:00
[2024-12-03T00:37:01.129+0000] {processor.py:208} INFO - Processing /home/airflow/.local/lib/python3.12/site-packages/airflow/example_dags/example_latest_only.py took 0.035 seconds
[2024-12-03T00:37:31.398+0000] {processor.py:186} INFO - Started process (PID=7852) to work on /home/airflow/.local/lib/python3.12/site-packages/airflow/example_dags/example_latest_only.py
[2024-12-03T00:37:31.399+0000] {processor.py:914} INFO - Processing file /home/airflow/.local/lib/python3.12/site-packages/airflow/example_dags/example_latest_only.py for tasks to queue
[2024-12-03T00:37:31.400+0000] {logging_mixin.py:190} INFO - [2024-12-03T00:37:31.400+0000] {dagbag.py:588} INFO - Filling up the DagBag from /home/airflow/.local/lib/python3.12/site-packages/airflow/example_dags/example_latest_only.py
[2024-12-03T00:37:31.403+0000] {processor.py:925} INFO - DAG(s) 'latest_only' retrieved from /home/airflow/.local/lib/python3.12/site-packages/airflow/example_dags/example_latest_only.py
[2024-12-03T00:37:31.412+0000] {logging_mixin.py:190} INFO - [2024-12-03T00:37:31.412+0000] {dag.py:3239} INFO - Sync 1 DAGs
[2024-12-03T00:37:31.421+0000] {logging_mixin.py:190} INFO - [2024-12-03T00:37:31.420+0000] {dag.py:4180} INFO - Setting next_dagrun for latest_only to 2024-12-02 20:00:00+00:00, run_after=2024-12-03 00:00:00+00:00
[2024-12-03T00:37:31.427+0000] {processor.py:208} INFO - Processing /home/airflow/.local/lib/python3.12/site-packages/airflow/example_dags/example_latest_only.py took 0.031 seconds
[2024-12-03T00:38:01.688+0000] {processor.py:186} INFO - Started process (PID=7918) to work on /home/airflow/.local/lib/python3.12/site-packages/airflow/example_dags/example_latest_only.py
[2024-12-03T00:38:01.689+0000] {processor.py:914} INFO - Processing file /home/airflow/.local/lib/python3.12/site-packages/airflow/example_dags/example_latest_only.py for tasks to queue
[2024-12-03T00:38:01.690+0000] {logging_mixin.py:190} INFO - [2024-12-03T00:38:01.690+0000] {dagbag.py:588} INFO - Filling up the DagBag from /home/airflow/.local/lib/python3.12/site-packages/airflow/example_dags/example_latest_only.py
[2024-12-03T00:38:01.693+0000] {processor.py:925} INFO - DAG(s) 'latest_only' retrieved from /home/airflow/.local/lib/python3.12/site-packages/airflow/example_dags/example_latest_only.py
[2024-12-03T00:38:01.702+0000] {logging_mixin.py:190} INFO - [2024-12-03T00:38:01.702+0000] {dag.py:3239} INFO - Sync 1 DAGs
[2024-12-03T00:38:01.711+0000] {logging_mixin.py:190} INFO - [2024-12-03T00:38:01.711+0000] {dag.py:4180} INFO - Setting next_dagrun for latest_only to 2024-12-02 20:00:00+00:00, run_after=2024-12-03 00:00:00+00:00
[2024-12-03T00:38:01.717+0000] {processor.py:208} INFO - Processing /home/airflow/.local/lib/python3.12/site-packages/airflow/example_dags/example_latest_only.py took 0.031 seconds
