[2024-12-03T00:03:58.998+0000] {processor.py:186} INFO - Started process (PID=3518) to work on /home/airflow/.local/lib/python3.12/site-packages/airflow/example_dags/example_bash_decorator.py
[2024-12-03T00:03:58.999+0000] {processor.py:914} INFO - Processing file /home/airflow/.local/lib/python3.12/site-packages/airflow/example_dags/example_bash_decorator.py for tasks to queue
[2024-12-03T00:03:59.001+0000] {logging_mixin.py:190} INFO - [2024-12-03T00:03:59.000+0000] {dagbag.py:588} INFO - Filling up the DagBag from /home/airflow/.local/lib/python3.12/site-packages/airflow/example_dags/example_bash_decorator.py
[2024-12-03T00:03:59.010+0000] {processor.py:925} INFO - DAG(s) 'example_bash_decorator' retrieved from /home/airflow/.local/lib/python3.12/site-packages/airflow/example_dags/example_bash_decorator.py
[2024-12-03T00:03:59.024+0000] {logging_mixin.py:190} INFO - [2024-12-03T00:03:59.024+0000] {dag.py:3239} INFO - Sync 1 DAGs
[2024-12-03T00:03:59.031+0000] {logging_mixin.py:190} INFO - [2024-12-03T00:03:59.031+0000] {dag.py:4180} INFO - Setting next_dagrun for example_bash_decorator to None, run_after=None
[2024-12-03T00:03:59.041+0000] {processor.py:208} INFO - Processing /home/airflow/.local/lib/python3.12/site-packages/airflow/example_dags/example_bash_decorator.py took 0.046 seconds
[2024-12-03T00:04:29.385+0000] {processor.py:186} INFO - Started process (PID=3584) to work on /home/airflow/.local/lib/python3.12/site-packages/airflow/example_dags/example_bash_decorator.py
[2024-12-03T00:04:29.385+0000] {processor.py:914} INFO - Processing file /home/airflow/.local/lib/python3.12/site-packages/airflow/example_dags/example_bash_decorator.py for tasks to queue
[2024-12-03T00:04:29.387+0000] {logging_mixin.py:190} INFO - [2024-12-03T00:04:29.387+0000] {dagbag.py:588} INFO - Filling up the DagBag from /home/airflow/.local/lib/python3.12/site-packages/airflow/example_dags/example_bash_decorator.py
[2024-12-03T00:04:29.394+0000] {processor.py:925} INFO - DAG(s) 'example_bash_decorator' retrieved from /home/airflow/.local/lib/python3.12/site-packages/airflow/example_dags/example_bash_decorator.py
[2024-12-03T00:04:29.409+0000] {logging_mixin.py:190} INFO - [2024-12-03T00:04:29.409+0000] {dag.py:3239} INFO - Sync 1 DAGs
[2024-12-03T00:04:29.416+0000] {logging_mixin.py:190} INFO - [2024-12-03T00:04:29.415+0000] {dag.py:4180} INFO - Setting next_dagrun for example_bash_decorator to None, run_after=None
[2024-12-03T00:04:29.430+0000] {processor.py:208} INFO - Processing /home/airflow/.local/lib/python3.12/site-packages/airflow/example_dags/example_bash_decorator.py took 0.047 seconds
[2024-12-03T00:04:59.498+0000] {processor.py:186} INFO - Started process (PID=3649) to work on /home/airflow/.local/lib/python3.12/site-packages/airflow/example_dags/example_bash_decorator.py
[2024-12-03T00:04:59.498+0000] {processor.py:914} INFO - Processing file /home/airflow/.local/lib/python3.12/site-packages/airflow/example_dags/example_bash_decorator.py for tasks to queue
[2024-12-03T00:04:59.499+0000] {logging_mixin.py:190} INFO - [2024-12-03T00:04:59.499+0000] {dagbag.py:588} INFO - Filling up the DagBag from /home/airflow/.local/lib/python3.12/site-packages/airflow/example_dags/example_bash_decorator.py
[2024-12-03T00:04:59.508+0000] {processor.py:925} INFO - DAG(s) 'example_bash_decorator' retrieved from /home/airflow/.local/lib/python3.12/site-packages/airflow/example_dags/example_bash_decorator.py
[2024-12-03T00:04:59.521+0000] {logging_mixin.py:190} INFO - [2024-12-03T00:04:59.521+0000] {dag.py:3239} INFO - Sync 1 DAGs
[2024-12-03T00:04:59.528+0000] {logging_mixin.py:190} INFO - [2024-12-03T00:04:59.528+0000] {dag.py:4180} INFO - Setting next_dagrun for example_bash_decorator to None, run_after=None
[2024-12-03T00:04:59.538+0000] {processor.py:208} INFO - Processing /home/airflow/.local/lib/python3.12/site-packages/airflow/example_dags/example_bash_decorator.py took 0.043 seconds
[2024-12-03T00:05:30.642+0000] {processor.py:186} INFO - Started process (PID=3716) to work on /home/airflow/.local/lib/python3.12/site-packages/airflow/example_dags/example_bash_decorator.py
[2024-12-03T00:05:30.642+0000] {processor.py:914} INFO - Processing file /home/airflow/.local/lib/python3.12/site-packages/airflow/example_dags/example_bash_decorator.py for tasks to queue
[2024-12-03T00:05:30.643+0000] {logging_mixin.py:190} INFO - [2024-12-03T00:05:30.643+0000] {dagbag.py:588} INFO - Filling up the DagBag from /home/airflow/.local/lib/python3.12/site-packages/airflow/example_dags/example_bash_decorator.py
[2024-12-03T00:05:30.649+0000] {processor.py:925} INFO - DAG(s) 'example_bash_decorator' retrieved from /home/airflow/.local/lib/python3.12/site-packages/airflow/example_dags/example_bash_decorator.py
[2024-12-03T00:05:30.659+0000] {logging_mixin.py:190} INFO - [2024-12-03T00:05:30.659+0000] {dag.py:3239} INFO - Sync 1 DAGs
[2024-12-03T00:05:30.664+0000] {logging_mixin.py:190} INFO - [2024-12-03T00:05:30.664+0000] {dag.py:4180} INFO - Setting next_dagrun for example_bash_decorator to None, run_after=None
[2024-12-03T00:05:30.670+0000] {processor.py:208} INFO - Processing /home/airflow/.local/lib/python3.12/site-packages/airflow/example_dags/example_bash_decorator.py took 0.031 seconds
[2024-12-03T00:06:01.800+0000] {processor.py:186} INFO - Started process (PID=3782) to work on /home/airflow/.local/lib/python3.12/site-packages/airflow/example_dags/example_bash_decorator.py
[2024-12-03T00:06:01.800+0000] {processor.py:914} INFO - Processing file /home/airflow/.local/lib/python3.12/site-packages/airflow/example_dags/example_bash_decorator.py for tasks to queue
[2024-12-03T00:06:01.801+0000] {logging_mixin.py:190} INFO - [2024-12-03T00:06:01.801+0000] {dagbag.py:588} INFO - Filling up the DagBag from /home/airflow/.local/lib/python3.12/site-packages/airflow/example_dags/example_bash_decorator.py
[2024-12-03T00:06:01.807+0000] {processor.py:925} INFO - DAG(s) 'example_bash_decorator' retrieved from /home/airflow/.local/lib/python3.12/site-packages/airflow/example_dags/example_bash_decorator.py
[2024-12-03T00:06:01.817+0000] {logging_mixin.py:190} INFO - [2024-12-03T00:06:01.817+0000] {dag.py:3239} INFO - Sync 1 DAGs
[2024-12-03T00:06:01.822+0000] {logging_mixin.py:190} INFO - [2024-12-03T00:06:01.822+0000] {dag.py:4180} INFO - Setting next_dagrun for example_bash_decorator to None, run_after=None
[2024-12-03T00:06:01.828+0000] {processor.py:208} INFO - Processing /home/airflow/.local/lib/python3.12/site-packages/airflow/example_dags/example_bash_decorator.py took 0.031 seconds
[2024-12-03T00:06:32.893+0000] {processor.py:186} INFO - Started process (PID=3848) to work on /home/airflow/.local/lib/python3.12/site-packages/airflow/example_dags/example_bash_decorator.py
[2024-12-03T00:06:32.894+0000] {processor.py:914} INFO - Processing file /home/airflow/.local/lib/python3.12/site-packages/airflow/example_dags/example_bash_decorator.py for tasks to queue
[2024-12-03T00:06:32.895+0000] {logging_mixin.py:190} INFO - [2024-12-03T00:06:32.895+0000] {dagbag.py:588} INFO - Filling up the DagBag from /home/airflow/.local/lib/python3.12/site-packages/airflow/example_dags/example_bash_decorator.py
[2024-12-03T00:06:32.903+0000] {processor.py:925} INFO - DAG(s) 'example_bash_decorator' retrieved from /home/airflow/.local/lib/python3.12/site-packages/airflow/example_dags/example_bash_decorator.py
[2024-12-03T00:06:32.920+0000] {logging_mixin.py:190} INFO - [2024-12-03T00:06:32.920+0000] {dag.py:3239} INFO - Sync 1 DAGs
[2024-12-03T00:06:32.928+0000] {logging_mixin.py:190} INFO - [2024-12-03T00:06:32.928+0000] {dag.py:4180} INFO - Setting next_dagrun for example_bash_decorator to None, run_after=None
[2024-12-03T00:06:32.934+0000] {processor.py:208} INFO - Processing /home/airflow/.local/lib/python3.12/site-packages/airflow/example_dags/example_bash_decorator.py took 0.044 seconds
[2024-12-03T00:07:04.114+0000] {processor.py:186} INFO - Started process (PID=3914) to work on /home/airflow/.local/lib/python3.12/site-packages/airflow/example_dags/example_bash_decorator.py
[2024-12-03T00:07:04.115+0000] {processor.py:914} INFO - Processing file /home/airflow/.local/lib/python3.12/site-packages/airflow/example_dags/example_bash_decorator.py for tasks to queue
[2024-12-03T00:07:04.117+0000] {logging_mixin.py:190} INFO - [2024-12-03T00:07:04.117+0000] {dagbag.py:588} INFO - Filling up the DagBag from /home/airflow/.local/lib/python3.12/site-packages/airflow/example_dags/example_bash_decorator.py
[2024-12-03T00:07:04.124+0000] {processor.py:925} INFO - DAG(s) 'example_bash_decorator' retrieved from /home/airflow/.local/lib/python3.12/site-packages/airflow/example_dags/example_bash_decorator.py
[2024-12-03T00:07:04.133+0000] {logging_mixin.py:190} INFO - [2024-12-03T00:07:04.133+0000] {dag.py:3239} INFO - Sync 1 DAGs
[2024-12-03T00:07:04.139+0000] {logging_mixin.py:190} INFO - [2024-12-03T00:07:04.139+0000] {dag.py:4180} INFO - Setting next_dagrun for example_bash_decorator to None, run_after=None
[2024-12-03T00:07:04.145+0000] {processor.py:208} INFO - Processing /home/airflow/.local/lib/python3.12/site-packages/airflow/example_dags/example_bash_decorator.py took 0.033 seconds
[2024-12-03T00:07:35.116+0000] {processor.py:186} INFO - Started process (PID=3980) to work on /home/airflow/.local/lib/python3.12/site-packages/airflow/example_dags/example_bash_decorator.py
[2024-12-03T00:07:35.116+0000] {processor.py:914} INFO - Processing file /home/airflow/.local/lib/python3.12/site-packages/airflow/example_dags/example_bash_decorator.py for tasks to queue
[2024-12-03T00:07:35.117+0000] {logging_mixin.py:190} INFO - [2024-12-03T00:07:35.117+0000] {dagbag.py:588} INFO - Filling up the DagBag from /home/airflow/.local/lib/python3.12/site-packages/airflow/example_dags/example_bash_decorator.py
[2024-12-03T00:07:35.123+0000] {processor.py:925} INFO - DAG(s) 'example_bash_decorator' retrieved from /home/airflow/.local/lib/python3.12/site-packages/airflow/example_dags/example_bash_decorator.py
[2024-12-03T00:07:35.133+0000] {logging_mixin.py:190} INFO - [2024-12-03T00:07:35.133+0000] {dag.py:3239} INFO - Sync 1 DAGs
[2024-12-03T00:07:35.138+0000] {logging_mixin.py:190} INFO - [2024-12-03T00:07:35.138+0000] {dag.py:4180} INFO - Setting next_dagrun for example_bash_decorator to None, run_after=None
[2024-12-03T00:07:35.144+0000] {processor.py:208} INFO - Processing /home/airflow/.local/lib/python3.12/site-packages/airflow/example_dags/example_bash_decorator.py took 0.030 seconds
[2024-12-03T00:08:06.156+0000] {processor.py:186} INFO - Started process (PID=4046) to work on /home/airflow/.local/lib/python3.12/site-packages/airflow/example_dags/example_bash_decorator.py
[2024-12-03T00:08:06.156+0000] {processor.py:914} INFO - Processing file /home/airflow/.local/lib/python3.12/site-packages/airflow/example_dags/example_bash_decorator.py for tasks to queue
[2024-12-03T00:08:06.157+0000] {logging_mixin.py:190} INFO - [2024-12-03T00:08:06.157+0000] {dagbag.py:588} INFO - Filling up the DagBag from /home/airflow/.local/lib/python3.12/site-packages/airflow/example_dags/example_bash_decorator.py
[2024-12-03T00:08:06.163+0000] {processor.py:925} INFO - DAG(s) 'example_bash_decorator' retrieved from /home/airflow/.local/lib/python3.12/site-packages/airflow/example_dags/example_bash_decorator.py
[2024-12-03T00:08:06.171+0000] {logging_mixin.py:190} INFO - [2024-12-03T00:08:06.171+0000] {dag.py:3239} INFO - Sync 1 DAGs
[2024-12-03T00:08:06.176+0000] {logging_mixin.py:190} INFO - [2024-12-03T00:08:06.176+0000] {dag.py:4180} INFO - Setting next_dagrun for example_bash_decorator to None, run_after=None
[2024-12-03T00:08:06.182+0000] {processor.py:208} INFO - Processing /home/airflow/.local/lib/python3.12/site-packages/airflow/example_dags/example_bash_decorator.py took 0.029 seconds
[2024-12-03T00:08:37.502+0000] {processor.py:186} INFO - Started process (PID=4112) to work on /home/airflow/.local/lib/python3.12/site-packages/airflow/example_dags/example_bash_decorator.py
[2024-12-03T00:08:37.502+0000] {processor.py:914} INFO - Processing file /home/airflow/.local/lib/python3.12/site-packages/airflow/example_dags/example_bash_decorator.py for tasks to queue
[2024-12-03T00:08:37.503+0000] {logging_mixin.py:190} INFO - [2024-12-03T00:08:37.503+0000] {dagbag.py:588} INFO - Filling up the DagBag from /home/airflow/.local/lib/python3.12/site-packages/airflow/example_dags/example_bash_decorator.py
[2024-12-03T00:08:37.509+0000] {processor.py:925} INFO - DAG(s) 'example_bash_decorator' retrieved from /home/airflow/.local/lib/python3.12/site-packages/airflow/example_dags/example_bash_decorator.py
[2024-12-03T00:08:37.518+0000] {logging_mixin.py:190} INFO - [2024-12-03T00:08:37.518+0000] {dag.py:3239} INFO - Sync 1 DAGs
[2024-12-03T00:08:37.523+0000] {logging_mixin.py:190} INFO - [2024-12-03T00:08:37.523+0000] {dag.py:4180} INFO - Setting next_dagrun for example_bash_decorator to None, run_after=None
[2024-12-03T00:08:37.529+0000] {processor.py:208} INFO - Processing /home/airflow/.local/lib/python3.12/site-packages/airflow/example_dags/example_bash_decorator.py took 0.029 seconds
[2024-12-03T00:09:07.775+0000] {processor.py:186} INFO - Started process (PID=4177) to work on /home/airflow/.local/lib/python3.12/site-packages/airflow/example_dags/example_bash_decorator.py
[2024-12-03T00:09:07.778+0000] {processor.py:914} INFO - Processing file /home/airflow/.local/lib/python3.12/site-packages/airflow/example_dags/example_bash_decorator.py for tasks to queue
[2024-12-03T00:09:07.779+0000] {logging_mixin.py:190} INFO - [2024-12-03T00:09:07.779+0000] {dagbag.py:588} INFO - Filling up the DagBag from /home/airflow/.local/lib/python3.12/site-packages/airflow/example_dags/example_bash_decorator.py
[2024-12-03T00:09:07.786+0000] {processor.py:925} INFO - DAG(s) 'example_bash_decorator' retrieved from /home/airflow/.local/lib/python3.12/site-packages/airflow/example_dags/example_bash_decorator.py
[2024-12-03T00:09:07.798+0000] {logging_mixin.py:190} INFO - [2024-12-03T00:09:07.798+0000] {dag.py:3239} INFO - Sync 1 DAGs
[2024-12-03T00:09:07.803+0000] {logging_mixin.py:190} INFO - [2024-12-03T00:09:07.803+0000] {dag.py:4180} INFO - Setting next_dagrun for example_bash_decorator to None, run_after=None
[2024-12-03T00:09:07.812+0000] {processor.py:208} INFO - Processing /home/airflow/.local/lib/python3.12/site-packages/airflow/example_dags/example_bash_decorator.py took 0.039 seconds
[2024-12-03T00:09:37.997+0000] {processor.py:186} INFO - Started process (PID=4243) to work on /home/airflow/.local/lib/python3.12/site-packages/airflow/example_dags/example_bash_decorator.py
[2024-12-03T00:09:37.998+0000] {processor.py:914} INFO - Processing file /home/airflow/.local/lib/python3.12/site-packages/airflow/example_dags/example_bash_decorator.py for tasks to queue
[2024-12-03T00:09:37.999+0000] {logging_mixin.py:190} INFO - [2024-12-03T00:09:37.999+0000] {dagbag.py:588} INFO - Filling up the DagBag from /home/airflow/.local/lib/python3.12/site-packages/airflow/example_dags/example_bash_decorator.py
[2024-12-03T00:09:38.004+0000] {processor.py:925} INFO - DAG(s) 'example_bash_decorator' retrieved from /home/airflow/.local/lib/python3.12/site-packages/airflow/example_dags/example_bash_decorator.py
[2024-12-03T00:09:38.012+0000] {logging_mixin.py:190} INFO - [2024-12-03T00:09:38.012+0000] {dag.py:3239} INFO - Sync 1 DAGs
[2024-12-03T00:09:38.016+0000] {logging_mixin.py:190} INFO - [2024-12-03T00:09:38.016+0000] {dag.py:4180} INFO - Setting next_dagrun for example_bash_decorator to None, run_after=None
[2024-12-03T00:09:38.021+0000] {processor.py:208} INFO - Processing /home/airflow/.local/lib/python3.12/site-packages/airflow/example_dags/example_bash_decorator.py took 0.026 seconds
[2024-12-03T00:10:09.320+0000] {processor.py:186} INFO - Started process (PID=4309) to work on /home/airflow/.local/lib/python3.12/site-packages/airflow/example_dags/example_bash_decorator.py
[2024-12-03T00:10:09.320+0000] {processor.py:914} INFO - Processing file /home/airflow/.local/lib/python3.12/site-packages/airflow/example_dags/example_bash_decorator.py for tasks to queue
[2024-12-03T00:10:09.321+0000] {logging_mixin.py:190} INFO - [2024-12-03T00:10:09.321+0000] {dagbag.py:588} INFO - Filling up the DagBag from /home/airflow/.local/lib/python3.12/site-packages/airflow/example_dags/example_bash_decorator.py
[2024-12-03T00:10:09.329+0000] {processor.py:925} INFO - DAG(s) 'example_bash_decorator' retrieved from /home/airflow/.local/lib/python3.12/site-packages/airflow/example_dags/example_bash_decorator.py
[2024-12-03T00:10:09.339+0000] {logging_mixin.py:190} INFO - [2024-12-03T00:10:09.339+0000] {dag.py:3239} INFO - Sync 1 DAGs
[2024-12-03T00:10:09.344+0000] {logging_mixin.py:190} INFO - [2024-12-03T00:10:09.344+0000] {dag.py:4180} INFO - Setting next_dagrun for example_bash_decorator to None, run_after=None
[2024-12-03T00:10:09.350+0000] {processor.py:208} INFO - Processing /home/airflow/.local/lib/python3.12/site-packages/airflow/example_dags/example_bash_decorator.py took 0.033 seconds
[2024-12-03T00:10:39.642+0000] {processor.py:186} INFO - Started process (PID=4375) to work on /home/airflow/.local/lib/python3.12/site-packages/airflow/example_dags/example_bash_decorator.py
[2024-12-03T00:10:39.643+0000] {processor.py:914} INFO - Processing file /home/airflow/.local/lib/python3.12/site-packages/airflow/example_dags/example_bash_decorator.py for tasks to queue
[2024-12-03T00:10:39.643+0000] {logging_mixin.py:190} INFO - [2024-12-03T00:10:39.643+0000] {dagbag.py:588} INFO - Filling up the DagBag from /home/airflow/.local/lib/python3.12/site-packages/airflow/example_dags/example_bash_decorator.py
[2024-12-03T00:10:39.649+0000] {processor.py:925} INFO - DAG(s) 'example_bash_decorator' retrieved from /home/airflow/.local/lib/python3.12/site-packages/airflow/example_dags/example_bash_decorator.py
[2024-12-03T00:10:39.657+0000] {logging_mixin.py:190} INFO - [2024-12-03T00:10:39.657+0000] {dag.py:3239} INFO - Sync 1 DAGs
[2024-12-03T00:10:39.661+0000] {logging_mixin.py:190} INFO - [2024-12-03T00:10:39.661+0000] {dag.py:4180} INFO - Setting next_dagrun for example_bash_decorator to None, run_after=None
[2024-12-03T00:10:39.667+0000] {processor.py:208} INFO - Processing /home/airflow/.local/lib/python3.12/site-packages/airflow/example_dags/example_bash_decorator.py took 0.026 seconds
[2024-12-03T00:11:10.809+0000] {processor.py:186} INFO - Started process (PID=4442) to work on /home/airflow/.local/lib/python3.12/site-packages/airflow/example_dags/example_bash_decorator.py
[2024-12-03T00:11:10.809+0000] {processor.py:914} INFO - Processing file /home/airflow/.local/lib/python3.12/site-packages/airflow/example_dags/example_bash_decorator.py for tasks to queue
[2024-12-03T00:11:10.810+0000] {logging_mixin.py:190} INFO - [2024-12-03T00:11:10.810+0000] {dagbag.py:588} INFO - Filling up the DagBag from /home/airflow/.local/lib/python3.12/site-packages/airflow/example_dags/example_bash_decorator.py
[2024-12-03T00:11:10.817+0000] {processor.py:925} INFO - DAG(s) 'example_bash_decorator' retrieved from /home/airflow/.local/lib/python3.12/site-packages/airflow/example_dags/example_bash_decorator.py
[2024-12-03T00:11:10.834+0000] {logging_mixin.py:190} INFO - [2024-12-03T00:11:10.834+0000] {dag.py:3239} INFO - Sync 1 DAGs
[2024-12-03T00:11:10.841+0000] {logging_mixin.py:190} INFO - [2024-12-03T00:11:10.841+0000] {dag.py:4180} INFO - Setting next_dagrun for example_bash_decorator to None, run_after=None
[2024-12-03T00:11:10.847+0000] {processor.py:208} INFO - Processing /home/airflow/.local/lib/python3.12/site-packages/airflow/example_dags/example_bash_decorator.py took 0.041 seconds
[2024-12-03T00:11:40.989+0000] {processor.py:186} INFO - Started process (PID=4507) to work on /home/airflow/.local/lib/python3.12/site-packages/airflow/example_dags/example_bash_decorator.py
[2024-12-03T00:11:40.990+0000] {processor.py:914} INFO - Processing file /home/airflow/.local/lib/python3.12/site-packages/airflow/example_dags/example_bash_decorator.py for tasks to queue
[2024-12-03T00:11:40.991+0000] {logging_mixin.py:190} INFO - [2024-12-03T00:11:40.991+0000] {dagbag.py:588} INFO - Filling up the DagBag from /home/airflow/.local/lib/python3.12/site-packages/airflow/example_dags/example_bash_decorator.py
[2024-12-03T00:11:40.997+0000] {processor.py:925} INFO - DAG(s) 'example_bash_decorator' retrieved from /home/airflow/.local/lib/python3.12/site-packages/airflow/example_dags/example_bash_decorator.py
[2024-12-03T00:11:41.008+0000] {logging_mixin.py:190} INFO - [2024-12-03T00:11:41.008+0000] {dag.py:3239} INFO - Sync 1 DAGs
[2024-12-03T00:11:41.013+0000] {logging_mixin.py:190} INFO - [2024-12-03T00:11:41.013+0000] {dag.py:4180} INFO - Setting next_dagrun for example_bash_decorator to None, run_after=None
[2024-12-03T00:11:41.027+0000] {processor.py:208} INFO - Processing /home/airflow/.local/lib/python3.12/site-packages/airflow/example_dags/example_bash_decorator.py took 0.041 seconds
[2024-12-03T00:12:12.214+0000] {processor.py:186} INFO - Started process (PID=4573) to work on /home/airflow/.local/lib/python3.12/site-packages/airflow/example_dags/example_bash_decorator.py
[2024-12-03T00:12:12.215+0000] {processor.py:914} INFO - Processing file /home/airflow/.local/lib/python3.12/site-packages/airflow/example_dags/example_bash_decorator.py for tasks to queue
[2024-12-03T00:12:12.216+0000] {logging_mixin.py:190} INFO - [2024-12-03T00:12:12.215+0000] {dagbag.py:588} INFO - Filling up the DagBag from /home/airflow/.local/lib/python3.12/site-packages/airflow/example_dags/example_bash_decorator.py
[2024-12-03T00:12:12.221+0000] {processor.py:925} INFO - DAG(s) 'example_bash_decorator' retrieved from /home/airflow/.local/lib/python3.12/site-packages/airflow/example_dags/example_bash_decorator.py
[2024-12-03T00:12:12.233+0000] {logging_mixin.py:190} INFO - [2024-12-03T00:12:12.233+0000] {dag.py:3239} INFO - Sync 1 DAGs
[2024-12-03T00:12:12.240+0000] {logging_mixin.py:190} INFO - [2024-12-03T00:12:12.240+0000] {dag.py:4180} INFO - Setting next_dagrun for example_bash_decorator to None, run_after=None
[2024-12-03T00:12:12.248+0000] {processor.py:208} INFO - Processing /home/airflow/.local/lib/python3.12/site-packages/airflow/example_dags/example_bash_decorator.py took 0.036 seconds
[2024-12-03T00:12:43.672+0000] {processor.py:186} INFO - Started process (PID=4640) to work on /home/airflow/.local/lib/python3.12/site-packages/airflow/example_dags/example_bash_decorator.py
[2024-12-03T00:12:43.672+0000] {processor.py:914} INFO - Processing file /home/airflow/.local/lib/python3.12/site-packages/airflow/example_dags/example_bash_decorator.py for tasks to queue
[2024-12-03T00:12:43.673+0000] {logging_mixin.py:190} INFO - [2024-12-03T00:12:43.673+0000] {dagbag.py:588} INFO - Filling up the DagBag from /home/airflow/.local/lib/python3.12/site-packages/airflow/example_dags/example_bash_decorator.py
[2024-12-03T00:12:43.679+0000] {processor.py:925} INFO - DAG(s) 'example_bash_decorator' retrieved from /home/airflow/.local/lib/python3.12/site-packages/airflow/example_dags/example_bash_decorator.py
[2024-12-03T00:12:43.688+0000] {logging_mixin.py:190} INFO - [2024-12-03T00:12:43.688+0000] {dag.py:3239} INFO - Sync 1 DAGs
[2024-12-03T00:12:43.696+0000] {logging_mixin.py:190} INFO - [2024-12-03T00:12:43.696+0000] {dag.py:4180} INFO - Setting next_dagrun for example_bash_decorator to None, run_after=None
[2024-12-03T00:12:43.704+0000] {processor.py:208} INFO - Processing /home/airflow/.local/lib/python3.12/site-packages/airflow/example_dags/example_bash_decorator.py took 0.034 seconds
[2024-12-03T00:13:13.776+0000] {processor.py:186} INFO - Started process (PID=4706) to work on /home/airflow/.local/lib/python3.12/site-packages/airflow/example_dags/example_bash_decorator.py
[2024-12-03T00:13:13.777+0000] {processor.py:914} INFO - Processing file /home/airflow/.local/lib/python3.12/site-packages/airflow/example_dags/example_bash_decorator.py for tasks to queue
[2024-12-03T00:13:13.778+0000] {logging_mixin.py:190} INFO - [2024-12-03T00:13:13.778+0000] {dagbag.py:588} INFO - Filling up the DagBag from /home/airflow/.local/lib/python3.12/site-packages/airflow/example_dags/example_bash_decorator.py
[2024-12-03T00:13:13.784+0000] {processor.py:925} INFO - DAG(s) 'example_bash_decorator' retrieved from /home/airflow/.local/lib/python3.12/site-packages/airflow/example_dags/example_bash_decorator.py
[2024-12-03T00:13:13.792+0000] {logging_mixin.py:190} INFO - [2024-12-03T00:13:13.792+0000] {dag.py:3239} INFO - Sync 1 DAGs
[2024-12-03T00:13:13.798+0000] {logging_mixin.py:190} INFO - [2024-12-03T00:13:13.798+0000] {dag.py:4180} INFO - Setting next_dagrun for example_bash_decorator to None, run_after=None
[2024-12-03T00:13:13.804+0000] {processor.py:208} INFO - Processing /home/airflow/.local/lib/python3.12/site-packages/airflow/example_dags/example_bash_decorator.py took 0.029 seconds
[2024-12-03T00:13:45.264+0000] {processor.py:186} INFO - Started process (PID=4772) to work on /home/airflow/.local/lib/python3.12/site-packages/airflow/example_dags/example_bash_decorator.py
[2024-12-03T00:13:45.264+0000] {processor.py:914} INFO - Processing file /home/airflow/.local/lib/python3.12/site-packages/airflow/example_dags/example_bash_decorator.py for tasks to queue
[2024-12-03T00:13:45.265+0000] {logging_mixin.py:190} INFO - [2024-12-03T00:13:45.265+0000] {dagbag.py:588} INFO - Filling up the DagBag from /home/airflow/.local/lib/python3.12/site-packages/airflow/example_dags/example_bash_decorator.py
[2024-12-03T00:13:45.271+0000] {processor.py:925} INFO - DAG(s) 'example_bash_decorator' retrieved from /home/airflow/.local/lib/python3.12/site-packages/airflow/example_dags/example_bash_decorator.py
[2024-12-03T00:13:45.280+0000] {logging_mixin.py:190} INFO - [2024-12-03T00:13:45.280+0000] {dag.py:3239} INFO - Sync 1 DAGs
[2024-12-03T00:13:45.288+0000] {logging_mixin.py:190} INFO - [2024-12-03T00:13:45.288+0000] {dag.py:4180} INFO - Setting next_dagrun for example_bash_decorator to None, run_after=None
[2024-12-03T00:13:45.295+0000] {processor.py:208} INFO - Processing /home/airflow/.local/lib/python3.12/site-packages/airflow/example_dags/example_bash_decorator.py took 0.034 seconds
[2024-12-03T00:14:15.383+0000] {processor.py:186} INFO - Started process (PID=4838) to work on /home/airflow/.local/lib/python3.12/site-packages/airflow/example_dags/example_bash_decorator.py
[2024-12-03T00:14:15.385+0000] {processor.py:914} INFO - Processing file /home/airflow/.local/lib/python3.12/site-packages/airflow/example_dags/example_bash_decorator.py for tasks to queue
[2024-12-03T00:14:15.386+0000] {logging_mixin.py:190} INFO - [2024-12-03T00:14:15.386+0000] {dagbag.py:588} INFO - Filling up the DagBag from /home/airflow/.local/lib/python3.12/site-packages/airflow/example_dags/example_bash_decorator.py
[2024-12-03T00:14:15.393+0000] {processor.py:925} INFO - DAG(s) 'example_bash_decorator' retrieved from /home/airflow/.local/lib/python3.12/site-packages/airflow/example_dags/example_bash_decorator.py
[2024-12-03T00:14:15.410+0000] {logging_mixin.py:190} INFO - [2024-12-03T00:14:15.410+0000] {dag.py:3239} INFO - Sync 1 DAGs
[2024-12-03T00:14:15.415+0000] {logging_mixin.py:190} INFO - [2024-12-03T00:14:15.415+0000] {dag.py:4180} INFO - Setting next_dagrun for example_bash_decorator to None, run_after=None
[2024-12-03T00:14:15.421+0000] {processor.py:208} INFO - Processing /home/airflow/.local/lib/python3.12/site-packages/airflow/example_dags/example_bash_decorator.py took 0.041 seconds
[2024-12-03T00:14:45.765+0000] {processor.py:186} INFO - Started process (PID=4904) to work on /home/airflow/.local/lib/python3.12/site-packages/airflow/example_dags/example_bash_decorator.py
[2024-12-03T00:14:45.765+0000] {processor.py:914} INFO - Processing file /home/airflow/.local/lib/python3.12/site-packages/airflow/example_dags/example_bash_decorator.py for tasks to queue
[2024-12-03T00:14:45.766+0000] {logging_mixin.py:190} INFO - [2024-12-03T00:14:45.766+0000] {dagbag.py:588} INFO - Filling up the DagBag from /home/airflow/.local/lib/python3.12/site-packages/airflow/example_dags/example_bash_decorator.py
[2024-12-03T00:14:45.772+0000] {processor.py:925} INFO - DAG(s) 'example_bash_decorator' retrieved from /home/airflow/.local/lib/python3.12/site-packages/airflow/example_dags/example_bash_decorator.py
[2024-12-03T00:14:45.780+0000] {logging_mixin.py:190} INFO - [2024-12-03T00:14:45.780+0000] {dag.py:3239} INFO - Sync 1 DAGs
[2024-12-03T00:14:45.785+0000] {logging_mixin.py:190} INFO - [2024-12-03T00:14:45.785+0000] {dag.py:4180} INFO - Setting next_dagrun for example_bash_decorator to None, run_after=None
[2024-12-03T00:14:45.791+0000] {processor.py:208} INFO - Processing /home/airflow/.local/lib/python3.12/site-packages/airflow/example_dags/example_bash_decorator.py took 0.029 seconds
[2024-12-03T00:15:16.231+0000] {processor.py:186} INFO - Started process (PID=4969) to work on /home/airflow/.local/lib/python3.12/site-packages/airflow/example_dags/example_bash_decorator.py
[2024-12-03T00:15:16.231+0000] {processor.py:914} INFO - Processing file /home/airflow/.local/lib/python3.12/site-packages/airflow/example_dags/example_bash_decorator.py for tasks to queue
[2024-12-03T00:15:16.232+0000] {logging_mixin.py:190} INFO - [2024-12-03T00:15:16.232+0000] {dagbag.py:588} INFO - Filling up the DagBag from /home/airflow/.local/lib/python3.12/site-packages/airflow/example_dags/example_bash_decorator.py
[2024-12-03T00:15:16.239+0000] {processor.py:925} INFO - DAG(s) 'example_bash_decorator' retrieved from /home/airflow/.local/lib/python3.12/site-packages/airflow/example_dags/example_bash_decorator.py
[2024-12-03T00:15:16.251+0000] {logging_mixin.py:190} INFO - [2024-12-03T00:15:16.251+0000] {dag.py:3239} INFO - Sync 1 DAGs
[2024-12-03T00:15:16.256+0000] {logging_mixin.py:190} INFO - [2024-12-03T00:15:16.256+0000] {dag.py:4180} INFO - Setting next_dagrun for example_bash_decorator to None, run_after=None
[2024-12-03T00:15:16.265+0000] {processor.py:208} INFO - Processing /home/airflow/.local/lib/python3.12/site-packages/airflow/example_dags/example_bash_decorator.py took 0.037 seconds
[2024-12-03T00:15:47.058+0000] {processor.py:186} INFO - Started process (PID=5037) to work on /home/airflow/.local/lib/python3.12/site-packages/airflow/example_dags/example_bash_decorator.py
[2024-12-03T00:15:47.059+0000] {processor.py:914} INFO - Processing file /home/airflow/.local/lib/python3.12/site-packages/airflow/example_dags/example_bash_decorator.py for tasks to queue
[2024-12-03T00:15:47.061+0000] {logging_mixin.py:190} INFO - [2024-12-03T00:15:47.060+0000] {dagbag.py:588} INFO - Filling up the DagBag from /home/airflow/.local/lib/python3.12/site-packages/airflow/example_dags/example_bash_decorator.py
[2024-12-03T00:15:47.068+0000] {processor.py:925} INFO - DAG(s) 'example_bash_decorator' retrieved from /home/airflow/.local/lib/python3.12/site-packages/airflow/example_dags/example_bash_decorator.py
[2024-12-03T00:15:47.078+0000] {logging_mixin.py:190} INFO - [2024-12-03T00:15:47.077+0000] {dag.py:3239} INFO - Sync 1 DAGs
[2024-12-03T00:15:47.084+0000] {logging_mixin.py:190} INFO - [2024-12-03T00:15:47.084+0000] {dag.py:4180} INFO - Setting next_dagrun for example_bash_decorator to None, run_after=None
[2024-12-03T00:15:47.092+0000] {processor.py:208} INFO - Processing /home/airflow/.local/lib/python3.12/site-packages/airflow/example_dags/example_bash_decorator.py took 0.041 seconds
[2024-12-03T00:16:17.311+0000] {processor.py:186} INFO - Started process (PID=5103) to work on /home/airflow/.local/lib/python3.12/site-packages/airflow/example_dags/example_bash_decorator.py
[2024-12-03T00:16:17.315+0000] {processor.py:914} INFO - Processing file /home/airflow/.local/lib/python3.12/site-packages/airflow/example_dags/example_bash_decorator.py for tasks to queue
[2024-12-03T00:16:17.316+0000] {logging_mixin.py:190} INFO - [2024-12-03T00:16:17.316+0000] {dagbag.py:588} INFO - Filling up the DagBag from /home/airflow/.local/lib/python3.12/site-packages/airflow/example_dags/example_bash_decorator.py
[2024-12-03T00:16:17.322+0000] {processor.py:925} INFO - DAG(s) 'example_bash_decorator' retrieved from /home/airflow/.local/lib/python3.12/site-packages/airflow/example_dags/example_bash_decorator.py
[2024-12-03T00:16:17.336+0000] {logging_mixin.py:190} INFO - [2024-12-03T00:16:17.335+0000] {dag.py:3239} INFO - Sync 1 DAGs
[2024-12-03T00:16:17.341+0000] {logging_mixin.py:190} INFO - [2024-12-03T00:16:17.341+0000] {dag.py:4180} INFO - Setting next_dagrun for example_bash_decorator to None, run_after=None
[2024-12-03T00:16:17.351+0000] {processor.py:208} INFO - Processing /home/airflow/.local/lib/python3.12/site-packages/airflow/example_dags/example_bash_decorator.py took 0.042 seconds
[2024-12-03T00:16:47.649+0000] {processor.py:186} INFO - Started process (PID=5169) to work on /home/airflow/.local/lib/python3.12/site-packages/airflow/example_dags/example_bash_decorator.py
[2024-12-03T00:16:47.650+0000] {processor.py:914} INFO - Processing file /home/airflow/.local/lib/python3.12/site-packages/airflow/example_dags/example_bash_decorator.py for tasks to queue
[2024-12-03T00:16:47.651+0000] {logging_mixin.py:190} INFO - [2024-12-03T00:16:47.651+0000] {dagbag.py:588} INFO - Filling up the DagBag from /home/airflow/.local/lib/python3.12/site-packages/airflow/example_dags/example_bash_decorator.py
[2024-12-03T00:16:47.658+0000] {processor.py:925} INFO - DAG(s) 'example_bash_decorator' retrieved from /home/airflow/.local/lib/python3.12/site-packages/airflow/example_dags/example_bash_decorator.py
[2024-12-03T00:16:47.669+0000] {logging_mixin.py:190} INFO - [2024-12-03T00:16:47.669+0000] {dag.py:3239} INFO - Sync 1 DAGs
[2024-12-03T00:16:47.674+0000] {logging_mixin.py:190} INFO - [2024-12-03T00:16:47.674+0000] {dag.py:4180} INFO - Setting next_dagrun for example_bash_decorator to None, run_after=None
[2024-12-03T00:16:47.684+0000] {processor.py:208} INFO - Processing /home/airflow/.local/lib/python3.12/site-packages/airflow/example_dags/example_bash_decorator.py took 0.038 seconds
[2024-12-03T00:17:18.006+0000] {processor.py:186} INFO - Started process (PID=5235) to work on /home/airflow/.local/lib/python3.12/site-packages/airflow/example_dags/example_bash_decorator.py
[2024-12-03T00:17:18.007+0000] {processor.py:914} INFO - Processing file /home/airflow/.local/lib/python3.12/site-packages/airflow/example_dags/example_bash_decorator.py for tasks to queue
[2024-12-03T00:17:18.009+0000] {logging_mixin.py:190} INFO - [2024-12-03T00:17:18.009+0000] {dagbag.py:588} INFO - Filling up the DagBag from /home/airflow/.local/lib/python3.12/site-packages/airflow/example_dags/example_bash_decorator.py
[2024-12-03T00:17:18.015+0000] {processor.py:925} INFO - DAG(s) 'example_bash_decorator' retrieved from /home/airflow/.local/lib/python3.12/site-packages/airflow/example_dags/example_bash_decorator.py
[2024-12-03T00:17:18.025+0000] {logging_mixin.py:190} INFO - [2024-12-03T00:17:18.025+0000] {dag.py:3239} INFO - Sync 1 DAGs
[2024-12-03T00:17:18.031+0000] {logging_mixin.py:190} INFO - [2024-12-03T00:17:18.031+0000] {dag.py:4180} INFO - Setting next_dagrun for example_bash_decorator to None, run_after=None
[2024-12-03T00:17:18.040+0000] {processor.py:208} INFO - Processing /home/airflow/.local/lib/python3.12/site-packages/airflow/example_dags/example_bash_decorator.py took 0.036 seconds
[2024-12-03T00:17:48.347+0000] {processor.py:186} INFO - Started process (PID=5300) to work on /home/airflow/.local/lib/python3.12/site-packages/airflow/example_dags/example_bash_decorator.py
[2024-12-03T00:17:48.348+0000] {processor.py:914} INFO - Processing file /home/airflow/.local/lib/python3.12/site-packages/airflow/example_dags/example_bash_decorator.py for tasks to queue
[2024-12-03T00:17:48.349+0000] {logging_mixin.py:190} INFO - [2024-12-03T00:17:48.349+0000] {dagbag.py:588} INFO - Filling up the DagBag from /home/airflow/.local/lib/python3.12/site-packages/airflow/example_dags/example_bash_decorator.py
[2024-12-03T00:17:48.354+0000] {processor.py:925} INFO - DAG(s) 'example_bash_decorator' retrieved from /home/airflow/.local/lib/python3.12/site-packages/airflow/example_dags/example_bash_decorator.py
[2024-12-03T00:17:48.363+0000] {logging_mixin.py:190} INFO - [2024-12-03T00:17:48.363+0000] {dag.py:3239} INFO - Sync 1 DAGs
[2024-12-03T00:17:48.369+0000] {logging_mixin.py:190} INFO - [2024-12-03T00:17:48.369+0000] {dag.py:4180} INFO - Setting next_dagrun for example_bash_decorator to None, run_after=None
[2024-12-03T00:17:48.375+0000] {processor.py:208} INFO - Processing /home/airflow/.local/lib/python3.12/site-packages/airflow/example_dags/example_bash_decorator.py took 0.030 seconds
[2024-12-03T00:18:18.649+0000] {processor.py:186} INFO - Started process (PID=5366) to work on /home/airflow/.local/lib/python3.12/site-packages/airflow/example_dags/example_bash_decorator.py
[2024-12-03T00:18:18.649+0000] {processor.py:914} INFO - Processing file /home/airflow/.local/lib/python3.12/site-packages/airflow/example_dags/example_bash_decorator.py for tasks to queue
[2024-12-03T00:18:18.650+0000] {logging_mixin.py:190} INFO - [2024-12-03T00:18:18.650+0000] {dagbag.py:588} INFO - Filling up the DagBag from /home/airflow/.local/lib/python3.12/site-packages/airflow/example_dags/example_bash_decorator.py
[2024-12-03T00:18:18.655+0000] {processor.py:925} INFO - DAG(s) 'example_bash_decorator' retrieved from /home/airflow/.local/lib/python3.12/site-packages/airflow/example_dags/example_bash_decorator.py
[2024-12-03T00:18:18.663+0000] {logging_mixin.py:190} INFO - [2024-12-03T00:18:18.663+0000] {dag.py:3239} INFO - Sync 1 DAGs
[2024-12-03T00:18:18.668+0000] {logging_mixin.py:190} INFO - [2024-12-03T00:18:18.668+0000] {dag.py:4180} INFO - Setting next_dagrun for example_bash_decorator to None, run_after=None
[2024-12-03T00:18:18.673+0000] {processor.py:208} INFO - Processing /home/airflow/.local/lib/python3.12/site-packages/airflow/example_dags/example_bash_decorator.py took 0.026 seconds
[2024-12-03T00:18:48.808+0000] {processor.py:186} INFO - Started process (PID=5432) to work on /home/airflow/.local/lib/python3.12/site-packages/airflow/example_dags/example_bash_decorator.py
[2024-12-03T00:18:48.809+0000] {processor.py:914} INFO - Processing file /home/airflow/.local/lib/python3.12/site-packages/airflow/example_dags/example_bash_decorator.py for tasks to queue
[2024-12-03T00:18:48.810+0000] {logging_mixin.py:190} INFO - [2024-12-03T00:18:48.810+0000] {dagbag.py:588} INFO - Filling up the DagBag from /home/airflow/.local/lib/python3.12/site-packages/airflow/example_dags/example_bash_decorator.py
[2024-12-03T00:18:48.816+0000] {processor.py:925} INFO - DAG(s) 'example_bash_decorator' retrieved from /home/airflow/.local/lib/python3.12/site-packages/airflow/example_dags/example_bash_decorator.py
[2024-12-03T00:18:48.827+0000] {logging_mixin.py:190} INFO - [2024-12-03T00:18:48.826+0000] {dag.py:3239} INFO - Sync 1 DAGs
[2024-12-03T00:18:48.832+0000] {logging_mixin.py:190} INFO - [2024-12-03T00:18:48.832+0000] {dag.py:4180} INFO - Setting next_dagrun for example_bash_decorator to None, run_after=None
[2024-12-03T00:18:48.838+0000] {processor.py:208} INFO - Processing /home/airflow/.local/lib/python3.12/site-packages/airflow/example_dags/example_bash_decorator.py took 0.031 seconds
[2024-12-03T00:19:19.077+0000] {processor.py:186} INFO - Started process (PID=5498) to work on /home/airflow/.local/lib/python3.12/site-packages/airflow/example_dags/example_bash_decorator.py
[2024-12-03T00:19:19.078+0000] {processor.py:914} INFO - Processing file /home/airflow/.local/lib/python3.12/site-packages/airflow/example_dags/example_bash_decorator.py for tasks to queue
[2024-12-03T00:19:19.079+0000] {logging_mixin.py:190} INFO - [2024-12-03T00:19:19.079+0000] {dagbag.py:588} INFO - Filling up the DagBag from /home/airflow/.local/lib/python3.12/site-packages/airflow/example_dags/example_bash_decorator.py
[2024-12-03T00:19:19.084+0000] {processor.py:925} INFO - DAG(s) 'example_bash_decorator' retrieved from /home/airflow/.local/lib/python3.12/site-packages/airflow/example_dags/example_bash_decorator.py
[2024-12-03T00:19:19.094+0000] {logging_mixin.py:190} INFO - [2024-12-03T00:19:19.094+0000] {dag.py:3239} INFO - Sync 1 DAGs
[2024-12-03T00:19:19.099+0000] {logging_mixin.py:190} INFO - [2024-12-03T00:19:19.099+0000] {dag.py:4180} INFO - Setting next_dagrun for example_bash_decorator to None, run_after=None
[2024-12-03T00:19:19.105+0000] {processor.py:208} INFO - Processing /home/airflow/.local/lib/python3.12/site-packages/airflow/example_dags/example_bash_decorator.py took 0.030 seconds
[2024-12-03T00:19:49.383+0000] {processor.py:186} INFO - Started process (PID=5564) to work on /home/airflow/.local/lib/python3.12/site-packages/airflow/example_dags/example_bash_decorator.py
[2024-12-03T00:19:49.383+0000] {processor.py:914} INFO - Processing file /home/airflow/.local/lib/python3.12/site-packages/airflow/example_dags/example_bash_decorator.py for tasks to queue
[2024-12-03T00:19:49.388+0000] {logging_mixin.py:190} INFO - [2024-12-03T00:19:49.387+0000] {dagbag.py:588} INFO - Filling up the DagBag from /home/airflow/.local/lib/python3.12/site-packages/airflow/example_dags/example_bash_decorator.py
[2024-12-03T00:19:49.394+0000] {processor.py:925} INFO - DAG(s) 'example_bash_decorator' retrieved from /home/airflow/.local/lib/python3.12/site-packages/airflow/example_dags/example_bash_decorator.py
[2024-12-03T00:19:49.402+0000] {logging_mixin.py:190} INFO - [2024-12-03T00:19:49.402+0000] {dag.py:3239} INFO - Sync 1 DAGs
[2024-12-03T00:19:49.407+0000] {logging_mixin.py:190} INFO - [2024-12-03T00:19:49.407+0000] {dag.py:4180} INFO - Setting next_dagrun for example_bash_decorator to None, run_after=None
[2024-12-03T00:19:49.412+0000] {processor.py:208} INFO - Processing /home/airflow/.local/lib/python3.12/site-packages/airflow/example_dags/example_bash_decorator.py took 0.032 seconds
[2024-12-03T00:20:19.613+0000] {processor.py:186} INFO - Started process (PID=5630) to work on /home/airflow/.local/lib/python3.12/site-packages/airflow/example_dags/example_bash_decorator.py
[2024-12-03T00:20:19.614+0000] {processor.py:914} INFO - Processing file /home/airflow/.local/lib/python3.12/site-packages/airflow/example_dags/example_bash_decorator.py for tasks to queue
[2024-12-03T00:20:19.615+0000] {logging_mixin.py:190} INFO - [2024-12-03T00:20:19.614+0000] {dagbag.py:588} INFO - Filling up the DagBag from /home/airflow/.local/lib/python3.12/site-packages/airflow/example_dags/example_bash_decorator.py
[2024-12-03T00:20:19.620+0000] {processor.py:925} INFO - DAG(s) 'example_bash_decorator' retrieved from /home/airflow/.local/lib/python3.12/site-packages/airflow/example_dags/example_bash_decorator.py
[2024-12-03T00:20:19.629+0000] {logging_mixin.py:190} INFO - [2024-12-03T00:20:19.629+0000] {dag.py:3239} INFO - Sync 1 DAGs
[2024-12-03T00:20:19.634+0000] {logging_mixin.py:190} INFO - [2024-12-03T00:20:19.634+0000] {dag.py:4180} INFO - Setting next_dagrun for example_bash_decorator to None, run_after=None
[2024-12-03T00:20:19.641+0000] {processor.py:208} INFO - Processing /home/airflow/.local/lib/python3.12/site-packages/airflow/example_dags/example_bash_decorator.py took 0.031 seconds
[2024-12-03T00:20:49.938+0000] {processor.py:186} INFO - Started process (PID=5696) to work on /home/airflow/.local/lib/python3.12/site-packages/airflow/example_dags/example_bash_decorator.py
[2024-12-03T00:20:49.940+0000] {processor.py:914} INFO - Processing file /home/airflow/.local/lib/python3.12/site-packages/airflow/example_dags/example_bash_decorator.py for tasks to queue
[2024-12-03T00:20:49.941+0000] {logging_mixin.py:190} INFO - [2024-12-03T00:20:49.941+0000] {dagbag.py:588} INFO - Filling up the DagBag from /home/airflow/.local/lib/python3.12/site-packages/airflow/example_dags/example_bash_decorator.py
[2024-12-03T00:20:49.947+0000] {processor.py:925} INFO - DAG(s) 'example_bash_decorator' retrieved from /home/airflow/.local/lib/python3.12/site-packages/airflow/example_dags/example_bash_decorator.py
[2024-12-03T00:20:49.955+0000] {logging_mixin.py:190} INFO - [2024-12-03T00:20:49.955+0000] {dag.py:3239} INFO - Sync 1 DAGs
[2024-12-03T00:20:49.961+0000] {logging_mixin.py:190} INFO - [2024-12-03T00:20:49.961+0000] {dag.py:4180} INFO - Setting next_dagrun for example_bash_decorator to None, run_after=None
[2024-12-03T00:20:49.967+0000] {processor.py:208} INFO - Processing /home/airflow/.local/lib/python3.12/site-packages/airflow/example_dags/example_bash_decorator.py took 0.031 seconds
[2024-12-03T00:21:20.323+0000] {processor.py:186} INFO - Started process (PID=5762) to work on /home/airflow/.local/lib/python3.12/site-packages/airflow/example_dags/example_bash_decorator.py
[2024-12-03T00:21:20.323+0000] {processor.py:914} INFO - Processing file /home/airflow/.local/lib/python3.12/site-packages/airflow/example_dags/example_bash_decorator.py for tasks to queue
[2024-12-03T00:21:20.324+0000] {logging_mixin.py:190} INFO - [2024-12-03T00:21:20.324+0000] {dagbag.py:588} INFO - Filling up the DagBag from /home/airflow/.local/lib/python3.12/site-packages/airflow/example_dags/example_bash_decorator.py
[2024-12-03T00:21:20.331+0000] {processor.py:925} INFO - DAG(s) 'example_bash_decorator' retrieved from /home/airflow/.local/lib/python3.12/site-packages/airflow/example_dags/example_bash_decorator.py
[2024-12-03T00:21:20.342+0000] {logging_mixin.py:190} INFO - [2024-12-03T00:21:20.342+0000] {dag.py:3239} INFO - Sync 1 DAGs
[2024-12-03T00:21:20.348+0000] {logging_mixin.py:190} INFO - [2024-12-03T00:21:20.348+0000] {dag.py:4180} INFO - Setting next_dagrun for example_bash_decorator to None, run_after=None
[2024-12-03T00:21:20.357+0000] {processor.py:208} INFO - Processing /home/airflow/.local/lib/python3.12/site-packages/airflow/example_dags/example_bash_decorator.py took 0.037 seconds
[2024-12-03T00:21:50.642+0000] {processor.py:186} INFO - Started process (PID=5828) to work on /home/airflow/.local/lib/python3.12/site-packages/airflow/example_dags/example_bash_decorator.py
[2024-12-03T00:21:50.643+0000] {processor.py:914} INFO - Processing file /home/airflow/.local/lib/python3.12/site-packages/airflow/example_dags/example_bash_decorator.py for tasks to queue
[2024-12-03T00:21:50.644+0000] {logging_mixin.py:190} INFO - [2024-12-03T00:21:50.643+0000] {dagbag.py:588} INFO - Filling up the DagBag from /home/airflow/.local/lib/python3.12/site-packages/airflow/example_dags/example_bash_decorator.py
[2024-12-03T00:21:50.650+0000] {processor.py:925} INFO - DAG(s) 'example_bash_decorator' retrieved from /home/airflow/.local/lib/python3.12/site-packages/airflow/example_dags/example_bash_decorator.py
[2024-12-03T00:21:50.660+0000] {logging_mixin.py:190} INFO - [2024-12-03T00:21:50.660+0000] {dag.py:3239} INFO - Sync 1 DAGs
[2024-12-03T00:21:50.667+0000] {logging_mixin.py:190} INFO - [2024-12-03T00:21:50.667+0000] {dag.py:4180} INFO - Setting next_dagrun for example_bash_decorator to None, run_after=None
[2024-12-03T00:21:50.676+0000] {processor.py:208} INFO - Processing /home/airflow/.local/lib/python3.12/site-packages/airflow/example_dags/example_bash_decorator.py took 0.036 seconds
[2024-12-03T00:22:21.041+0000] {processor.py:186} INFO - Started process (PID=5894) to work on /home/airflow/.local/lib/python3.12/site-packages/airflow/example_dags/example_bash_decorator.py
[2024-12-03T00:22:21.042+0000] {processor.py:914} INFO - Processing file /home/airflow/.local/lib/python3.12/site-packages/airflow/example_dags/example_bash_decorator.py for tasks to queue
[2024-12-03T00:22:21.043+0000] {logging_mixin.py:190} INFO - [2024-12-03T00:22:21.042+0000] {dagbag.py:588} INFO - Filling up the DagBag from /home/airflow/.local/lib/python3.12/site-packages/airflow/example_dags/example_bash_decorator.py
[2024-12-03T00:22:21.048+0000] {processor.py:925} INFO - DAG(s) 'example_bash_decorator' retrieved from /home/airflow/.local/lib/python3.12/site-packages/airflow/example_dags/example_bash_decorator.py
[2024-12-03T00:22:21.056+0000] {logging_mixin.py:190} INFO - [2024-12-03T00:22:21.056+0000] {dag.py:3239} INFO - Sync 1 DAGs
[2024-12-03T00:22:21.061+0000] {logging_mixin.py:190} INFO - [2024-12-03T00:22:21.061+0000] {dag.py:4180} INFO - Setting next_dagrun for example_bash_decorator to None, run_after=None
[2024-12-03T00:22:21.066+0000] {processor.py:208} INFO - Processing /home/airflow/.local/lib/python3.12/site-packages/airflow/example_dags/example_bash_decorator.py took 0.027 seconds
[2024-12-03T00:22:51.478+0000] {processor.py:186} INFO - Started process (PID=5960) to work on /home/airflow/.local/lib/python3.12/site-packages/airflow/example_dags/example_bash_decorator.py
[2024-12-03T00:22:51.478+0000] {processor.py:914} INFO - Processing file /home/airflow/.local/lib/python3.12/site-packages/airflow/example_dags/example_bash_decorator.py for tasks to queue
[2024-12-03T00:22:51.479+0000] {logging_mixin.py:190} INFO - [2024-12-03T00:22:51.479+0000] {dagbag.py:588} INFO - Filling up the DagBag from /home/airflow/.local/lib/python3.12/site-packages/airflow/example_dags/example_bash_decorator.py
[2024-12-03T00:22:51.486+0000] {processor.py:925} INFO - DAG(s) 'example_bash_decorator' retrieved from /home/airflow/.local/lib/python3.12/site-packages/airflow/example_dags/example_bash_decorator.py
[2024-12-03T00:22:51.500+0000] {logging_mixin.py:190} INFO - [2024-12-03T00:22:51.499+0000] {dag.py:3239} INFO - Sync 1 DAGs
[2024-12-03T00:22:51.505+0000] {logging_mixin.py:190} INFO - [2024-12-03T00:22:51.505+0000] {dag.py:4180} INFO - Setting next_dagrun for example_bash_decorator to None, run_after=None
[2024-12-03T00:22:51.512+0000] {processor.py:208} INFO - Processing /home/airflow/.local/lib/python3.12/site-packages/airflow/example_dags/example_bash_decorator.py took 0.037 seconds
[2024-12-03T00:23:21.766+0000] {processor.py:186} INFO - Started process (PID=6026) to work on /home/airflow/.local/lib/python3.12/site-packages/airflow/example_dags/example_bash_decorator.py
[2024-12-03T00:23:21.769+0000] {processor.py:914} INFO - Processing file /home/airflow/.local/lib/python3.12/site-packages/airflow/example_dags/example_bash_decorator.py for tasks to queue
[2024-12-03T00:23:21.770+0000] {logging_mixin.py:190} INFO - [2024-12-03T00:23:21.770+0000] {dagbag.py:588} INFO - Filling up the DagBag from /home/airflow/.local/lib/python3.12/site-packages/airflow/example_dags/example_bash_decorator.py
[2024-12-03T00:23:21.775+0000] {processor.py:925} INFO - DAG(s) 'example_bash_decorator' retrieved from /home/airflow/.local/lib/python3.12/site-packages/airflow/example_dags/example_bash_decorator.py
[2024-12-03T00:23:21.784+0000] {logging_mixin.py:190} INFO - [2024-12-03T00:23:21.784+0000] {dag.py:3239} INFO - Sync 1 DAGs
[2024-12-03T00:23:21.789+0000] {logging_mixin.py:190} INFO - [2024-12-03T00:23:21.789+0000] {dag.py:4180} INFO - Setting next_dagrun for example_bash_decorator to None, run_after=None
[2024-12-03T00:23:21.796+0000] {processor.py:208} INFO - Processing /home/airflow/.local/lib/python3.12/site-packages/airflow/example_dags/example_bash_decorator.py took 0.033 seconds
[2024-12-03T00:23:51.994+0000] {processor.py:186} INFO - Started process (PID=6091) to work on /home/airflow/.local/lib/python3.12/site-packages/airflow/example_dags/example_bash_decorator.py
[2024-12-03T00:23:51.994+0000] {processor.py:914} INFO - Processing file /home/airflow/.local/lib/python3.12/site-packages/airflow/example_dags/example_bash_decorator.py for tasks to queue
[2024-12-03T00:23:51.995+0000] {logging_mixin.py:190} INFO - [2024-12-03T00:23:51.995+0000] {dagbag.py:588} INFO - Filling up the DagBag from /home/airflow/.local/lib/python3.12/site-packages/airflow/example_dags/example_bash_decorator.py
[2024-12-03T00:23:52.002+0000] {processor.py:925} INFO - DAG(s) 'example_bash_decorator' retrieved from /home/airflow/.local/lib/python3.12/site-packages/airflow/example_dags/example_bash_decorator.py
[2024-12-03T00:23:52.012+0000] {logging_mixin.py:190} INFO - [2024-12-03T00:23:52.012+0000] {dag.py:3239} INFO - Sync 1 DAGs
[2024-12-03T00:23:52.019+0000] {logging_mixin.py:190} INFO - [2024-12-03T00:23:52.019+0000] {dag.py:4180} INFO - Setting next_dagrun for example_bash_decorator to None, run_after=None
[2024-12-03T00:23:52.026+0000] {processor.py:208} INFO - Processing /home/airflow/.local/lib/python3.12/site-packages/airflow/example_dags/example_bash_decorator.py took 0.034 seconds
[2024-12-03T00:24:22.424+0000] {processor.py:186} INFO - Started process (PID=6158) to work on /home/airflow/.local/lib/python3.12/site-packages/airflow/example_dags/example_bash_decorator.py
[2024-12-03T00:24:22.424+0000] {processor.py:914} INFO - Processing file /home/airflow/.local/lib/python3.12/site-packages/airflow/example_dags/example_bash_decorator.py for tasks to queue
[2024-12-03T00:24:22.425+0000] {logging_mixin.py:190} INFO - [2024-12-03T00:24:22.425+0000] {dagbag.py:588} INFO - Filling up the DagBag from /home/airflow/.local/lib/python3.12/site-packages/airflow/example_dags/example_bash_decorator.py
[2024-12-03T00:24:22.432+0000] {processor.py:925} INFO - DAG(s) 'example_bash_decorator' retrieved from /home/airflow/.local/lib/python3.12/site-packages/airflow/example_dags/example_bash_decorator.py
[2024-12-03T00:24:22.441+0000] {logging_mixin.py:190} INFO - [2024-12-03T00:24:22.441+0000] {dag.py:3239} INFO - Sync 1 DAGs
[2024-12-03T00:24:22.446+0000] {logging_mixin.py:190} INFO - [2024-12-03T00:24:22.446+0000] {dag.py:4180} INFO - Setting next_dagrun for example_bash_decorator to None, run_after=None
[2024-12-03T00:24:22.452+0000] {processor.py:208} INFO - Processing /home/airflow/.local/lib/python3.12/site-packages/airflow/example_dags/example_bash_decorator.py took 0.031 seconds
[2024-12-03T00:24:52.702+0000] {processor.py:186} INFO - Started process (PID=6223) to work on /home/airflow/.local/lib/python3.12/site-packages/airflow/example_dags/example_bash_decorator.py
[2024-12-03T00:24:52.703+0000] {processor.py:914} INFO - Processing file /home/airflow/.local/lib/python3.12/site-packages/airflow/example_dags/example_bash_decorator.py for tasks to queue
[2024-12-03T00:24:52.704+0000] {logging_mixin.py:190} INFO - [2024-12-03T00:24:52.704+0000] {dagbag.py:588} INFO - Filling up the DagBag from /home/airflow/.local/lib/python3.12/site-packages/airflow/example_dags/example_bash_decorator.py
[2024-12-03T00:24:52.710+0000] {processor.py:925} INFO - DAG(s) 'example_bash_decorator' retrieved from /home/airflow/.local/lib/python3.12/site-packages/airflow/example_dags/example_bash_decorator.py
[2024-12-03T00:24:52.718+0000] {logging_mixin.py:190} INFO - [2024-12-03T00:24:52.718+0000] {dag.py:3239} INFO - Sync 1 DAGs
[2024-12-03T00:24:52.722+0000] {logging_mixin.py:190} INFO - [2024-12-03T00:24:52.722+0000] {dag.py:4180} INFO - Setting next_dagrun for example_bash_decorator to None, run_after=None
[2024-12-03T00:24:52.728+0000] {processor.py:208} INFO - Processing /home/airflow/.local/lib/python3.12/site-packages/airflow/example_dags/example_bash_decorator.py took 0.029 seconds
[2024-12-03T00:25:22.991+0000] {processor.py:186} INFO - Started process (PID=6289) to work on /home/airflow/.local/lib/python3.12/site-packages/airflow/example_dags/example_bash_decorator.py
[2024-12-03T00:25:22.992+0000] {processor.py:914} INFO - Processing file /home/airflow/.local/lib/python3.12/site-packages/airflow/example_dags/example_bash_decorator.py for tasks to queue
[2024-12-03T00:25:22.993+0000] {logging_mixin.py:190} INFO - [2024-12-03T00:25:22.993+0000] {dagbag.py:588} INFO - Filling up the DagBag from /home/airflow/.local/lib/python3.12/site-packages/airflow/example_dags/example_bash_decorator.py
[2024-12-03T00:25:22.999+0000] {processor.py:925} INFO - DAG(s) 'example_bash_decorator' retrieved from /home/airflow/.local/lib/python3.12/site-packages/airflow/example_dags/example_bash_decorator.py
[2024-12-03T00:25:23.008+0000] {logging_mixin.py:190} INFO - [2024-12-03T00:25:23.008+0000] {dag.py:3239} INFO - Sync 1 DAGs
[2024-12-03T00:25:23.013+0000] {logging_mixin.py:190} INFO - [2024-12-03T00:25:23.013+0000] {dag.py:4180} INFO - Setting next_dagrun for example_bash_decorator to None, run_after=None
[2024-12-03T00:25:23.020+0000] {processor.py:208} INFO - Processing /home/airflow/.local/lib/python3.12/site-packages/airflow/example_dags/example_bash_decorator.py took 0.031 seconds
[2024-12-03T00:25:53.321+0000] {processor.py:186} INFO - Started process (PID=6356) to work on /home/airflow/.local/lib/python3.12/site-packages/airflow/example_dags/example_bash_decorator.py
[2024-12-03T00:25:53.321+0000] {processor.py:914} INFO - Processing file /home/airflow/.local/lib/python3.12/site-packages/airflow/example_dags/example_bash_decorator.py for tasks to queue
[2024-12-03T00:25:53.323+0000] {logging_mixin.py:190} INFO - [2024-12-03T00:25:53.322+0000] {dagbag.py:588} INFO - Filling up the DagBag from /home/airflow/.local/lib/python3.12/site-packages/airflow/example_dags/example_bash_decorator.py
[2024-12-03T00:25:53.329+0000] {processor.py:925} INFO - DAG(s) 'example_bash_decorator' retrieved from /home/airflow/.local/lib/python3.12/site-packages/airflow/example_dags/example_bash_decorator.py
[2024-12-03T00:25:53.338+0000] {logging_mixin.py:190} INFO - [2024-12-03T00:25:53.338+0000] {dag.py:3239} INFO - Sync 1 DAGs
[2024-12-03T00:25:53.345+0000] {logging_mixin.py:190} INFO - [2024-12-03T00:25:53.345+0000] {dag.py:4180} INFO - Setting next_dagrun for example_bash_decorator to None, run_after=None
[2024-12-03T00:25:53.354+0000] {processor.py:208} INFO - Processing /home/airflow/.local/lib/python3.12/site-packages/airflow/example_dags/example_bash_decorator.py took 0.036 seconds
[2024-12-03T00:26:23.628+0000] {processor.py:186} INFO - Started process (PID=6421) to work on /home/airflow/.local/lib/python3.12/site-packages/airflow/example_dags/example_bash_decorator.py
[2024-12-03T00:26:23.629+0000] {processor.py:914} INFO - Processing file /home/airflow/.local/lib/python3.12/site-packages/airflow/example_dags/example_bash_decorator.py for tasks to queue
[2024-12-03T00:26:23.629+0000] {logging_mixin.py:190} INFO - [2024-12-03T00:26:23.629+0000] {dagbag.py:588} INFO - Filling up the DagBag from /home/airflow/.local/lib/python3.12/site-packages/airflow/example_dags/example_bash_decorator.py
[2024-12-03T00:26:23.635+0000] {processor.py:925} INFO - DAG(s) 'example_bash_decorator' retrieved from /home/airflow/.local/lib/python3.12/site-packages/airflow/example_dags/example_bash_decorator.py
[2024-12-03T00:26:23.643+0000] {logging_mixin.py:190} INFO - [2024-12-03T00:26:23.643+0000] {dag.py:3239} INFO - Sync 1 DAGs
[2024-12-03T00:26:23.647+0000] {logging_mixin.py:190} INFO - [2024-12-03T00:26:23.647+0000] {dag.py:4180} INFO - Setting next_dagrun for example_bash_decorator to None, run_after=None
[2024-12-03T00:26:23.652+0000] {processor.py:208} INFO - Processing /home/airflow/.local/lib/python3.12/site-packages/airflow/example_dags/example_bash_decorator.py took 0.026 seconds
[2024-12-03T00:26:54.062+0000] {processor.py:186} INFO - Started process (PID=6488) to work on /home/airflow/.local/lib/python3.12/site-packages/airflow/example_dags/example_bash_decorator.py
[2024-12-03T00:26:54.063+0000] {processor.py:914} INFO - Processing file /home/airflow/.local/lib/python3.12/site-packages/airflow/example_dags/example_bash_decorator.py for tasks to queue
[2024-12-03T00:26:54.065+0000] {logging_mixin.py:190} INFO - [2024-12-03T00:26:54.065+0000] {dagbag.py:588} INFO - Filling up the DagBag from /home/airflow/.local/lib/python3.12/site-packages/airflow/example_dags/example_bash_decorator.py
[2024-12-03T00:26:54.072+0000] {processor.py:925} INFO - DAG(s) 'example_bash_decorator' retrieved from /home/airflow/.local/lib/python3.12/site-packages/airflow/example_dags/example_bash_decorator.py
[2024-12-03T00:26:54.082+0000] {logging_mixin.py:190} INFO - [2024-12-03T00:26:54.081+0000] {dag.py:3239} INFO - Sync 1 DAGs
[2024-12-03T00:26:54.087+0000] {logging_mixin.py:190} INFO - [2024-12-03T00:26:54.087+0000] {dag.py:4180} INFO - Setting next_dagrun for example_bash_decorator to None, run_after=None
[2024-12-03T00:26:54.093+0000] {processor.py:208} INFO - Processing /home/airflow/.local/lib/python3.12/site-packages/airflow/example_dags/example_bash_decorator.py took 0.034 seconds
[2024-12-03T00:27:24.517+0000] {processor.py:186} INFO - Started process (PID=6553) to work on /home/airflow/.local/lib/python3.12/site-packages/airflow/example_dags/example_bash_decorator.py
[2024-12-03T00:27:24.517+0000] {processor.py:914} INFO - Processing file /home/airflow/.local/lib/python3.12/site-packages/airflow/example_dags/example_bash_decorator.py for tasks to queue
[2024-12-03T00:27:24.518+0000] {logging_mixin.py:190} INFO - [2024-12-03T00:27:24.518+0000] {dagbag.py:588} INFO - Filling up the DagBag from /home/airflow/.local/lib/python3.12/site-packages/airflow/example_dags/example_bash_decorator.py
[2024-12-03T00:27:24.525+0000] {processor.py:925} INFO - DAG(s) 'example_bash_decorator' retrieved from /home/airflow/.local/lib/python3.12/site-packages/airflow/example_dags/example_bash_decorator.py
[2024-12-03T00:27:24.536+0000] {logging_mixin.py:190} INFO - [2024-12-03T00:27:24.536+0000] {dag.py:3239} INFO - Sync 1 DAGs
[2024-12-03T00:27:24.542+0000] {logging_mixin.py:190} INFO - [2024-12-03T00:27:24.542+0000] {dag.py:4180} INFO - Setting next_dagrun for example_bash_decorator to None, run_after=None
[2024-12-03T00:27:24.548+0000] {processor.py:208} INFO - Processing /home/airflow/.local/lib/python3.12/site-packages/airflow/example_dags/example_bash_decorator.py took 0.034 seconds
[2024-12-03T00:27:54.953+0000] {processor.py:186} INFO - Started process (PID=6619) to work on /home/airflow/.local/lib/python3.12/site-packages/airflow/example_dags/example_bash_decorator.py
[2024-12-03T00:27:54.954+0000] {processor.py:914} INFO - Processing file /home/airflow/.local/lib/python3.12/site-packages/airflow/example_dags/example_bash_decorator.py for tasks to queue
[2024-12-03T00:27:54.955+0000] {logging_mixin.py:190} INFO - [2024-12-03T00:27:54.955+0000] {dagbag.py:588} INFO - Filling up the DagBag from /home/airflow/.local/lib/python3.12/site-packages/airflow/example_dags/example_bash_decorator.py
[2024-12-03T00:27:54.961+0000] {processor.py:925} INFO - DAG(s) 'example_bash_decorator' retrieved from /home/airflow/.local/lib/python3.12/site-packages/airflow/example_dags/example_bash_decorator.py
[2024-12-03T00:27:54.971+0000] {logging_mixin.py:190} INFO - [2024-12-03T00:27:54.971+0000] {dag.py:3239} INFO - Sync 1 DAGs
[2024-12-03T00:27:54.976+0000] {logging_mixin.py:190} INFO - [2024-12-03T00:27:54.976+0000] {dag.py:4180} INFO - Setting next_dagrun for example_bash_decorator to None, run_after=None
[2024-12-03T00:27:54.983+0000] {processor.py:208} INFO - Processing /home/airflow/.local/lib/python3.12/site-packages/airflow/example_dags/example_bash_decorator.py took 0.033 seconds
[2024-12-03T00:28:25.111+0000] {processor.py:186} INFO - Started process (PID=6684) to work on /home/airflow/.local/lib/python3.12/site-packages/airflow/example_dags/example_bash_decorator.py
[2024-12-03T00:28:25.111+0000] {processor.py:914} INFO - Processing file /home/airflow/.local/lib/python3.12/site-packages/airflow/example_dags/example_bash_decorator.py for tasks to queue
[2024-12-03T00:28:25.112+0000] {logging_mixin.py:190} INFO - [2024-12-03T00:28:25.112+0000] {dagbag.py:588} INFO - Filling up the DagBag from /home/airflow/.local/lib/python3.12/site-packages/airflow/example_dags/example_bash_decorator.py
[2024-12-03T00:28:25.118+0000] {processor.py:925} INFO - DAG(s) 'example_bash_decorator' retrieved from /home/airflow/.local/lib/python3.12/site-packages/airflow/example_dags/example_bash_decorator.py
[2024-12-03T00:28:25.126+0000] {logging_mixin.py:190} INFO - [2024-12-03T00:28:25.126+0000] {dag.py:3239} INFO - Sync 1 DAGs
[2024-12-03T00:28:25.131+0000] {logging_mixin.py:190} INFO - [2024-12-03T00:28:25.131+0000] {dag.py:4180} INFO - Setting next_dagrun for example_bash_decorator to None, run_after=None
[2024-12-03T00:28:25.135+0000] {processor.py:208} INFO - Processing /home/airflow/.local/lib/python3.12/site-packages/airflow/example_dags/example_bash_decorator.py took 0.027 seconds
[2024-12-03T00:28:55.440+0000] {processor.py:186} INFO - Started process (PID=6750) to work on /home/airflow/.local/lib/python3.12/site-packages/airflow/example_dags/example_bash_decorator.py
[2024-12-03T00:28:55.441+0000] {processor.py:914} INFO - Processing file /home/airflow/.local/lib/python3.12/site-packages/airflow/example_dags/example_bash_decorator.py for tasks to queue
[2024-12-03T00:28:55.442+0000] {logging_mixin.py:190} INFO - [2024-12-03T00:28:55.442+0000] {dagbag.py:588} INFO - Filling up the DagBag from /home/airflow/.local/lib/python3.12/site-packages/airflow/example_dags/example_bash_decorator.py
[2024-12-03T00:28:55.448+0000] {processor.py:925} INFO - DAG(s) 'example_bash_decorator' retrieved from /home/airflow/.local/lib/python3.12/site-packages/airflow/example_dags/example_bash_decorator.py
[2024-12-03T00:28:55.459+0000] {logging_mixin.py:190} INFO - [2024-12-03T00:28:55.458+0000] {dag.py:3239} INFO - Sync 1 DAGs
[2024-12-03T00:28:55.464+0000] {logging_mixin.py:190} INFO - [2024-12-03T00:28:55.464+0000] {dag.py:4180} INFO - Setting next_dagrun for example_bash_decorator to None, run_after=None
[2024-12-03T00:28:55.470+0000] {processor.py:208} INFO - Processing /home/airflow/.local/lib/python3.12/site-packages/airflow/example_dags/example_bash_decorator.py took 0.032 seconds
[2024-12-03T00:29:25.926+0000] {processor.py:186} INFO - Started process (PID=6816) to work on /home/airflow/.local/lib/python3.12/site-packages/airflow/example_dags/example_bash_decorator.py
[2024-12-03T00:29:25.926+0000] {processor.py:914} INFO - Processing file /home/airflow/.local/lib/python3.12/site-packages/airflow/example_dags/example_bash_decorator.py for tasks to queue
[2024-12-03T00:29:25.927+0000] {logging_mixin.py:190} INFO - [2024-12-03T00:29:25.927+0000] {dagbag.py:588} INFO - Filling up the DagBag from /home/airflow/.local/lib/python3.12/site-packages/airflow/example_dags/example_bash_decorator.py
[2024-12-03T00:29:25.933+0000] {processor.py:925} INFO - DAG(s) 'example_bash_decorator' retrieved from /home/airflow/.local/lib/python3.12/site-packages/airflow/example_dags/example_bash_decorator.py
[2024-12-03T00:29:25.942+0000] {logging_mixin.py:190} INFO - [2024-12-03T00:29:25.942+0000] {dag.py:3239} INFO - Sync 1 DAGs
[2024-12-03T00:29:25.948+0000] {logging_mixin.py:190} INFO - [2024-12-03T00:29:25.947+0000] {dag.py:4180} INFO - Setting next_dagrun for example_bash_decorator to None, run_after=None
[2024-12-03T00:29:25.953+0000] {processor.py:208} INFO - Processing /home/airflow/.local/lib/python3.12/site-packages/airflow/example_dags/example_bash_decorator.py took 0.030 seconds
[2024-12-03T00:29:56.654+0000] {processor.py:186} INFO - Started process (PID=6883) to work on /home/airflow/.local/lib/python3.12/site-packages/airflow/example_dags/example_bash_decorator.py
[2024-12-03T00:29:56.655+0000] {processor.py:914} INFO - Processing file /home/airflow/.local/lib/python3.12/site-packages/airflow/example_dags/example_bash_decorator.py for tasks to queue
[2024-12-03T00:29:56.656+0000] {logging_mixin.py:190} INFO - [2024-12-03T00:29:56.656+0000] {dagbag.py:588} INFO - Filling up the DagBag from /home/airflow/.local/lib/python3.12/site-packages/airflow/example_dags/example_bash_decorator.py
[2024-12-03T00:29:56.663+0000] {processor.py:925} INFO - DAG(s) 'example_bash_decorator' retrieved from /home/airflow/.local/lib/python3.12/site-packages/airflow/example_dags/example_bash_decorator.py
[2024-12-03T00:29:56.674+0000] {logging_mixin.py:190} INFO - [2024-12-03T00:29:56.674+0000] {dag.py:3239} INFO - Sync 1 DAGs
[2024-12-03T00:29:56.680+0000] {logging_mixin.py:190} INFO - [2024-12-03T00:29:56.680+0000] {dag.py:4180} INFO - Setting next_dagrun for example_bash_decorator to None, run_after=None
[2024-12-03T00:29:56.692+0000] {processor.py:208} INFO - Processing /home/airflow/.local/lib/python3.12/site-packages/airflow/example_dags/example_bash_decorator.py took 0.042 seconds
[2024-12-03T00:30:27.187+0000] {processor.py:186} INFO - Started process (PID=6949) to work on /home/airflow/.local/lib/python3.12/site-packages/airflow/example_dags/example_bash_decorator.py
[2024-12-03T00:30:27.188+0000] {processor.py:914} INFO - Processing file /home/airflow/.local/lib/python3.12/site-packages/airflow/example_dags/example_bash_decorator.py for tasks to queue
[2024-12-03T00:30:27.190+0000] {logging_mixin.py:190} INFO - [2024-12-03T00:30:27.189+0000] {dagbag.py:588} INFO - Filling up the DagBag from /home/airflow/.local/lib/python3.12/site-packages/airflow/example_dags/example_bash_decorator.py
[2024-12-03T00:30:27.196+0000] {processor.py:925} INFO - DAG(s) 'example_bash_decorator' retrieved from /home/airflow/.local/lib/python3.12/site-packages/airflow/example_dags/example_bash_decorator.py
[2024-12-03T00:30:27.205+0000] {logging_mixin.py:190} INFO - [2024-12-03T00:30:27.204+0000] {dag.py:3239} INFO - Sync 1 DAGs
[2024-12-03T00:30:27.212+0000] {logging_mixin.py:190} INFO - [2024-12-03T00:30:27.212+0000] {dag.py:4180} INFO - Setting next_dagrun for example_bash_decorator to None, run_after=None
[2024-12-03T00:30:27.218+0000] {processor.py:208} INFO - Processing /home/airflow/.local/lib/python3.12/site-packages/airflow/example_dags/example_bash_decorator.py took 0.034 seconds
[2024-12-03T00:30:57.577+0000] {processor.py:186} INFO - Started process (PID=7015) to work on /home/airflow/.local/lib/python3.12/site-packages/airflow/example_dags/example_bash_decorator.py
[2024-12-03T00:30:57.577+0000] {processor.py:914} INFO - Processing file /home/airflow/.local/lib/python3.12/site-packages/airflow/example_dags/example_bash_decorator.py for tasks to queue
[2024-12-03T00:30:57.578+0000] {logging_mixin.py:190} INFO - [2024-12-03T00:30:57.578+0000] {dagbag.py:588} INFO - Filling up the DagBag from /home/airflow/.local/lib/python3.12/site-packages/airflow/example_dags/example_bash_decorator.py
[2024-12-03T00:30:57.584+0000] {processor.py:925} INFO - DAG(s) 'example_bash_decorator' retrieved from /home/airflow/.local/lib/python3.12/site-packages/airflow/example_dags/example_bash_decorator.py
[2024-12-03T00:30:57.599+0000] {logging_mixin.py:190} INFO - [2024-12-03T00:30:57.599+0000] {dag.py:3239} INFO - Sync 1 DAGs
[2024-12-03T00:30:57.604+0000] {logging_mixin.py:190} INFO - [2024-12-03T00:30:57.604+0000] {dag.py:4180} INFO - Setting next_dagrun for example_bash_decorator to None, run_after=None
[2024-12-03T00:30:57.613+0000] {processor.py:208} INFO - Processing /home/airflow/.local/lib/python3.12/site-packages/airflow/example_dags/example_bash_decorator.py took 0.039 seconds
[2024-12-03T00:31:28.299+0000] {processor.py:186} INFO - Started process (PID=7082) to work on /home/airflow/.local/lib/python3.12/site-packages/airflow/example_dags/example_bash_decorator.py
[2024-12-03T00:31:28.299+0000] {processor.py:914} INFO - Processing file /home/airflow/.local/lib/python3.12/site-packages/airflow/example_dags/example_bash_decorator.py for tasks to queue
[2024-12-03T00:31:28.300+0000] {logging_mixin.py:190} INFO - [2024-12-03T00:31:28.300+0000] {dagbag.py:588} INFO - Filling up the DagBag from /home/airflow/.local/lib/python3.12/site-packages/airflow/example_dags/example_bash_decorator.py
[2024-12-03T00:31:28.311+0000] {processor.py:925} INFO - DAG(s) 'example_bash_decorator' retrieved from /home/airflow/.local/lib/python3.12/site-packages/airflow/example_dags/example_bash_decorator.py
[2024-12-03T00:31:28.322+0000] {logging_mixin.py:190} INFO - [2024-12-03T00:31:28.322+0000] {dag.py:3239} INFO - Sync 1 DAGs
[2024-12-03T00:31:28.328+0000] {logging_mixin.py:190} INFO - [2024-12-03T00:31:28.328+0000] {dag.py:4180} INFO - Setting next_dagrun for example_bash_decorator to None, run_after=None
[2024-12-03T00:31:28.335+0000] {processor.py:208} INFO - Processing /home/airflow/.local/lib/python3.12/site-packages/airflow/example_dags/example_bash_decorator.py took 0.039 seconds
[2024-12-03T00:31:58.829+0000] {processor.py:186} INFO - Started process (PID=7148) to work on /home/airflow/.local/lib/python3.12/site-packages/airflow/example_dags/example_bash_decorator.py
[2024-12-03T00:31:58.830+0000] {processor.py:914} INFO - Processing file /home/airflow/.local/lib/python3.12/site-packages/airflow/example_dags/example_bash_decorator.py for tasks to queue
[2024-12-03T00:31:58.831+0000] {logging_mixin.py:190} INFO - [2024-12-03T00:31:58.831+0000] {dagbag.py:588} INFO - Filling up the DagBag from /home/airflow/.local/lib/python3.12/site-packages/airflow/example_dags/example_bash_decorator.py
[2024-12-03T00:31:58.838+0000] {processor.py:925} INFO - DAG(s) 'example_bash_decorator' retrieved from /home/airflow/.local/lib/python3.12/site-packages/airflow/example_dags/example_bash_decorator.py
[2024-12-03T00:31:58.848+0000] {logging_mixin.py:190} INFO - [2024-12-03T00:31:58.848+0000] {dag.py:3239} INFO - Sync 1 DAGs
[2024-12-03T00:31:58.854+0000] {logging_mixin.py:190} INFO - [2024-12-03T00:31:58.854+0000] {dag.py:4180} INFO - Setting next_dagrun for example_bash_decorator to None, run_after=None
[2024-12-03T00:31:58.861+0000] {processor.py:208} INFO - Processing /home/airflow/.local/lib/python3.12/site-packages/airflow/example_dags/example_bash_decorator.py took 0.035 seconds
[2024-12-03T00:32:29.076+0000] {processor.py:186} INFO - Started process (PID=7213) to work on /home/airflow/.local/lib/python3.12/site-packages/airflow/example_dags/example_bash_decorator.py
[2024-12-03T00:32:29.076+0000] {processor.py:914} INFO - Processing file /home/airflow/.local/lib/python3.12/site-packages/airflow/example_dags/example_bash_decorator.py for tasks to queue
[2024-12-03T00:32:29.077+0000] {logging_mixin.py:190} INFO - [2024-12-03T00:32:29.077+0000] {dagbag.py:588} INFO - Filling up the DagBag from /home/airflow/.local/lib/python3.12/site-packages/airflow/example_dags/example_bash_decorator.py
[2024-12-03T00:32:29.084+0000] {processor.py:925} INFO - DAG(s) 'example_bash_decorator' retrieved from /home/airflow/.local/lib/python3.12/site-packages/airflow/example_dags/example_bash_decorator.py
[2024-12-03T00:32:29.094+0000] {logging_mixin.py:190} INFO - [2024-12-03T00:32:29.094+0000] {dag.py:3239} INFO - Sync 1 DAGs
[2024-12-03T00:32:29.100+0000] {logging_mixin.py:190} INFO - [2024-12-03T00:32:29.100+0000] {dag.py:4180} INFO - Setting next_dagrun for example_bash_decorator to None, run_after=None
[2024-12-03T00:32:29.107+0000] {processor.py:208} INFO - Processing /home/airflow/.local/lib/python3.12/site-packages/airflow/example_dags/example_bash_decorator.py took 0.034 seconds
[2024-12-03T00:32:59.312+0000] {processor.py:186} INFO - Started process (PID=7279) to work on /home/airflow/.local/lib/python3.12/site-packages/airflow/example_dags/example_bash_decorator.py
[2024-12-03T00:32:59.313+0000] {processor.py:914} INFO - Processing file /home/airflow/.local/lib/python3.12/site-packages/airflow/example_dags/example_bash_decorator.py for tasks to queue
[2024-12-03T00:32:59.317+0000] {logging_mixin.py:190} INFO - [2024-12-03T00:32:59.317+0000] {dagbag.py:588} INFO - Filling up the DagBag from /home/airflow/.local/lib/python3.12/site-packages/airflow/example_dags/example_bash_decorator.py
[2024-12-03T00:32:59.324+0000] {processor.py:925} INFO - DAG(s) 'example_bash_decorator' retrieved from /home/airflow/.local/lib/python3.12/site-packages/airflow/example_dags/example_bash_decorator.py
[2024-12-03T00:32:59.335+0000] {logging_mixin.py:190} INFO - [2024-12-03T00:32:59.335+0000] {dag.py:3239} INFO - Sync 1 DAGs
[2024-12-03T00:32:59.340+0000] {logging_mixin.py:190} INFO - [2024-12-03T00:32:59.340+0000] {dag.py:4180} INFO - Setting next_dagrun for example_bash_decorator to None, run_after=None
[2024-12-03T00:32:59.346+0000] {processor.py:208} INFO - Processing /home/airflow/.local/lib/python3.12/site-packages/airflow/example_dags/example_bash_decorator.py took 0.036 seconds
[2024-12-03T00:33:29.529+0000] {processor.py:186} INFO - Started process (PID=7344) to work on /home/airflow/.local/lib/python3.12/site-packages/airflow/example_dags/example_bash_decorator.py
[2024-12-03T00:33:29.530+0000] {processor.py:914} INFO - Processing file /home/airflow/.local/lib/python3.12/site-packages/airflow/example_dags/example_bash_decorator.py for tasks to queue
[2024-12-03T00:33:29.531+0000] {logging_mixin.py:190} INFO - [2024-12-03T00:33:29.531+0000] {dagbag.py:588} INFO - Filling up the DagBag from /home/airflow/.local/lib/python3.12/site-packages/airflow/example_dags/example_bash_decorator.py
[2024-12-03T00:33:29.537+0000] {processor.py:925} INFO - DAG(s) 'example_bash_decorator' retrieved from /home/airflow/.local/lib/python3.12/site-packages/airflow/example_dags/example_bash_decorator.py
[2024-12-03T00:33:29.550+0000] {logging_mixin.py:190} INFO - [2024-12-03T00:33:29.550+0000] {dag.py:3239} INFO - Sync 1 DAGs
[2024-12-03T00:33:29.555+0000] {logging_mixin.py:190} INFO - [2024-12-03T00:33:29.555+0000] {dag.py:4180} INFO - Setting next_dagrun for example_bash_decorator to None, run_after=None
[2024-12-03T00:33:29.561+0000] {processor.py:208} INFO - Processing /home/airflow/.local/lib/python3.12/site-packages/airflow/example_dags/example_bash_decorator.py took 0.035 seconds
[2024-12-03T00:33:59.847+0000] {processor.py:186} INFO - Started process (PID=7410) to work on /home/airflow/.local/lib/python3.12/site-packages/airflow/example_dags/example_bash_decorator.py
[2024-12-03T00:33:59.848+0000] {processor.py:914} INFO - Processing file /home/airflow/.local/lib/python3.12/site-packages/airflow/example_dags/example_bash_decorator.py for tasks to queue
[2024-12-03T00:33:59.849+0000] {logging_mixin.py:190} INFO - [2024-12-03T00:33:59.848+0000] {dagbag.py:588} INFO - Filling up the DagBag from /home/airflow/.local/lib/python3.12/site-packages/airflow/example_dags/example_bash_decorator.py
[2024-12-03T00:33:59.854+0000] {processor.py:925} INFO - DAG(s) 'example_bash_decorator' retrieved from /home/airflow/.local/lib/python3.12/site-packages/airflow/example_dags/example_bash_decorator.py
[2024-12-03T00:33:59.863+0000] {logging_mixin.py:190} INFO - [2024-12-03T00:33:59.863+0000] {dag.py:3239} INFO - Sync 1 DAGs
[2024-12-03T00:33:59.868+0000] {logging_mixin.py:190} INFO - [2024-12-03T00:33:59.868+0000] {dag.py:4180} INFO - Setting next_dagrun for example_bash_decorator to None, run_after=None
[2024-12-03T00:33:59.874+0000] {processor.py:208} INFO - Processing /home/airflow/.local/lib/python3.12/site-packages/airflow/example_dags/example_bash_decorator.py took 0.030 seconds
[2024-12-03T00:34:30.101+0000] {processor.py:186} INFO - Started process (PID=7476) to work on /home/airflow/.local/lib/python3.12/site-packages/airflow/example_dags/example_bash_decorator.py
[2024-12-03T00:34:30.102+0000] {processor.py:914} INFO - Processing file /home/airflow/.local/lib/python3.12/site-packages/airflow/example_dags/example_bash_decorator.py for tasks to queue
[2024-12-03T00:34:30.103+0000] {logging_mixin.py:190} INFO - [2024-12-03T00:34:30.103+0000] {dagbag.py:588} INFO - Filling up the DagBag from /home/airflow/.local/lib/python3.12/site-packages/airflow/example_dags/example_bash_decorator.py
[2024-12-03T00:34:30.109+0000] {processor.py:925} INFO - DAG(s) 'example_bash_decorator' retrieved from /home/airflow/.local/lib/python3.12/site-packages/airflow/example_dags/example_bash_decorator.py
[2024-12-03T00:34:30.119+0000] {logging_mixin.py:190} INFO - [2024-12-03T00:34:30.118+0000] {dag.py:3239} INFO - Sync 1 DAGs
[2024-12-03T00:34:30.124+0000] {logging_mixin.py:190} INFO - [2024-12-03T00:34:30.124+0000] {dag.py:4180} INFO - Setting next_dagrun for example_bash_decorator to None, run_after=None
[2024-12-03T00:34:30.133+0000] {processor.py:208} INFO - Processing /home/airflow/.local/lib/python3.12/site-packages/airflow/example_dags/example_bash_decorator.py took 0.035 seconds
[2024-12-03T00:35:00.388+0000] {processor.py:186} INFO - Started process (PID=7542) to work on /home/airflow/.local/lib/python3.12/site-packages/airflow/example_dags/example_bash_decorator.py
[2024-12-03T00:35:00.390+0000] {processor.py:914} INFO - Processing file /home/airflow/.local/lib/python3.12/site-packages/airflow/example_dags/example_bash_decorator.py for tasks to queue
[2024-12-03T00:35:00.391+0000] {logging_mixin.py:190} INFO - [2024-12-03T00:35:00.391+0000] {dagbag.py:588} INFO - Filling up the DagBag from /home/airflow/.local/lib/python3.12/site-packages/airflow/example_dags/example_bash_decorator.py
[2024-12-03T00:35:00.397+0000] {processor.py:925} INFO - DAG(s) 'example_bash_decorator' retrieved from /home/airflow/.local/lib/python3.12/site-packages/airflow/example_dags/example_bash_decorator.py
[2024-12-03T00:35:00.405+0000] {logging_mixin.py:190} INFO - [2024-12-03T00:35:00.405+0000] {dag.py:3239} INFO - Sync 1 DAGs
[2024-12-03T00:35:00.411+0000] {logging_mixin.py:190} INFO - [2024-12-03T00:35:00.411+0000] {dag.py:4180} INFO - Setting next_dagrun for example_bash_decorator to None, run_after=None
[2024-12-03T00:35:00.422+0000] {processor.py:208} INFO - Processing /home/airflow/.local/lib/python3.12/site-packages/airflow/example_dags/example_bash_decorator.py took 0.036 seconds
[2024-12-03T00:35:30.679+0000] {processor.py:186} INFO - Started process (PID=7608) to work on /home/airflow/.local/lib/python3.12/site-packages/airflow/example_dags/example_bash_decorator.py
[2024-12-03T00:35:30.679+0000] {processor.py:914} INFO - Processing file /home/airflow/.local/lib/python3.12/site-packages/airflow/example_dags/example_bash_decorator.py for tasks to queue
[2024-12-03T00:35:30.681+0000] {logging_mixin.py:190} INFO - [2024-12-03T00:35:30.681+0000] {dagbag.py:588} INFO - Filling up the DagBag from /home/airflow/.local/lib/python3.12/site-packages/airflow/example_dags/example_bash_decorator.py
[2024-12-03T00:35:30.687+0000] {processor.py:925} INFO - DAG(s) 'example_bash_decorator' retrieved from /home/airflow/.local/lib/python3.12/site-packages/airflow/example_dags/example_bash_decorator.py
[2024-12-03T00:35:30.696+0000] {logging_mixin.py:190} INFO - [2024-12-03T00:35:30.695+0000] {dag.py:3239} INFO - Sync 1 DAGs
[2024-12-03T00:35:30.701+0000] {logging_mixin.py:190} INFO - [2024-12-03T00:35:30.701+0000] {dag.py:4180} INFO - Setting next_dagrun for example_bash_decorator to None, run_after=None
[2024-12-03T00:35:30.707+0000] {processor.py:208} INFO - Processing /home/airflow/.local/lib/python3.12/site-packages/airflow/example_dags/example_bash_decorator.py took 0.031 seconds
[2024-12-03T00:36:00.997+0000] {processor.py:186} INFO - Started process (PID=7674) to work on /home/airflow/.local/lib/python3.12/site-packages/airflow/example_dags/example_bash_decorator.py
[2024-12-03T00:36:00.998+0000] {processor.py:914} INFO - Processing file /home/airflow/.local/lib/python3.12/site-packages/airflow/example_dags/example_bash_decorator.py for tasks to queue
[2024-12-03T00:36:00.999+0000] {logging_mixin.py:190} INFO - [2024-12-03T00:36:00.999+0000] {dagbag.py:588} INFO - Filling up the DagBag from /home/airflow/.local/lib/python3.12/site-packages/airflow/example_dags/example_bash_decorator.py
[2024-12-03T00:36:01.004+0000] {processor.py:925} INFO - DAG(s) 'example_bash_decorator' retrieved from /home/airflow/.local/lib/python3.12/site-packages/airflow/example_dags/example_bash_decorator.py
[2024-12-03T00:36:01.014+0000] {logging_mixin.py:190} INFO - [2024-12-03T00:36:01.014+0000] {dag.py:3239} INFO - Sync 1 DAGs
[2024-12-03T00:36:01.020+0000] {logging_mixin.py:190} INFO - [2024-12-03T00:36:01.020+0000] {dag.py:4180} INFO - Setting next_dagrun for example_bash_decorator to None, run_after=None
[2024-12-03T00:36:01.031+0000] {processor.py:208} INFO - Processing /home/airflow/.local/lib/python3.12/site-packages/airflow/example_dags/example_bash_decorator.py took 0.036 seconds
[2024-12-03T00:36:31.313+0000] {processor.py:186} INFO - Started process (PID=7740) to work on /home/airflow/.local/lib/python3.12/site-packages/airflow/example_dags/example_bash_decorator.py
[2024-12-03T00:36:31.314+0000] {processor.py:914} INFO - Processing file /home/airflow/.local/lib/python3.12/site-packages/airflow/example_dags/example_bash_decorator.py for tasks to queue
[2024-12-03T00:36:31.314+0000] {logging_mixin.py:190} INFO - [2024-12-03T00:36:31.314+0000] {dagbag.py:588} INFO - Filling up the DagBag from /home/airflow/.local/lib/python3.12/site-packages/airflow/example_dags/example_bash_decorator.py
[2024-12-03T00:36:31.320+0000] {processor.py:925} INFO - DAG(s) 'example_bash_decorator' retrieved from /home/airflow/.local/lib/python3.12/site-packages/airflow/example_dags/example_bash_decorator.py
[2024-12-03T00:36:31.330+0000] {logging_mixin.py:190} INFO - [2024-12-03T00:36:31.330+0000] {dag.py:3239} INFO - Sync 1 DAGs
[2024-12-03T00:36:31.335+0000] {logging_mixin.py:190} INFO - [2024-12-03T00:36:31.335+0000] {dag.py:4180} INFO - Setting next_dagrun for example_bash_decorator to None, run_after=None
[2024-12-03T00:36:31.345+0000] {processor.py:208} INFO - Processing /home/airflow/.local/lib/python3.12/site-packages/airflow/example_dags/example_bash_decorator.py took 0.034 seconds
[2024-12-03T00:37:01.545+0000] {processor.py:186} INFO - Started process (PID=7806) to work on /home/airflow/.local/lib/python3.12/site-packages/airflow/example_dags/example_bash_decorator.py
[2024-12-03T00:37:01.548+0000] {processor.py:914} INFO - Processing file /home/airflow/.local/lib/python3.12/site-packages/airflow/example_dags/example_bash_decorator.py for tasks to queue
[2024-12-03T00:37:01.549+0000] {logging_mixin.py:190} INFO - [2024-12-03T00:37:01.549+0000] {dagbag.py:588} INFO - Filling up the DagBag from /home/airflow/.local/lib/python3.12/site-packages/airflow/example_dags/example_bash_decorator.py
[2024-12-03T00:37:01.555+0000] {processor.py:925} INFO - DAG(s) 'example_bash_decorator' retrieved from /home/airflow/.local/lib/python3.12/site-packages/airflow/example_dags/example_bash_decorator.py
[2024-12-03T00:37:01.563+0000] {logging_mixin.py:190} INFO - [2024-12-03T00:37:01.563+0000] {dag.py:3239} INFO - Sync 1 DAGs
[2024-12-03T00:37:01.569+0000] {logging_mixin.py:190} INFO - [2024-12-03T00:37:01.569+0000] {dag.py:4180} INFO - Setting next_dagrun for example_bash_decorator to None, run_after=None
[2024-12-03T00:37:01.580+0000] {processor.py:208} INFO - Processing /home/airflow/.local/lib/python3.12/site-packages/airflow/example_dags/example_bash_decorator.py took 0.038 seconds
[2024-12-03T00:37:31.836+0000] {processor.py:186} INFO - Started process (PID=7872) to work on /home/airflow/.local/lib/python3.12/site-packages/airflow/example_dags/example_bash_decorator.py
[2024-12-03T00:37:31.837+0000] {processor.py:914} INFO - Processing file /home/airflow/.local/lib/python3.12/site-packages/airflow/example_dags/example_bash_decorator.py for tasks to queue
[2024-12-03T00:37:31.838+0000] {logging_mixin.py:190} INFO - [2024-12-03T00:37:31.838+0000] {dagbag.py:588} INFO - Filling up the DagBag from /home/airflow/.local/lib/python3.12/site-packages/airflow/example_dags/example_bash_decorator.py
[2024-12-03T00:37:31.843+0000] {processor.py:925} INFO - DAG(s) 'example_bash_decorator' retrieved from /home/airflow/.local/lib/python3.12/site-packages/airflow/example_dags/example_bash_decorator.py
[2024-12-03T00:37:31.853+0000] {logging_mixin.py:190} INFO - [2024-12-03T00:37:31.853+0000] {dag.py:3239} INFO - Sync 1 DAGs
[2024-12-03T00:37:31.858+0000] {logging_mixin.py:190} INFO - [2024-12-03T00:37:31.858+0000] {dag.py:4180} INFO - Setting next_dagrun for example_bash_decorator to None, run_after=None
[2024-12-03T00:37:31.864+0000] {processor.py:208} INFO - Processing /home/airflow/.local/lib/python3.12/site-packages/airflow/example_dags/example_bash_decorator.py took 0.031 seconds
[2024-12-03T00:38:02.186+0000] {processor.py:186} INFO - Started process (PID=7938) to work on /home/airflow/.local/lib/python3.12/site-packages/airflow/example_dags/example_bash_decorator.py
[2024-12-03T00:38:02.187+0000] {processor.py:914} INFO - Processing file /home/airflow/.local/lib/python3.12/site-packages/airflow/example_dags/example_bash_decorator.py for tasks to queue
[2024-12-03T00:38:02.188+0000] {logging_mixin.py:190} INFO - [2024-12-03T00:38:02.188+0000] {dagbag.py:588} INFO - Filling up the DagBag from /home/airflow/.local/lib/python3.12/site-packages/airflow/example_dags/example_bash_decorator.py
[2024-12-03T00:38:02.193+0000] {processor.py:925} INFO - DAG(s) 'example_bash_decorator' retrieved from /home/airflow/.local/lib/python3.12/site-packages/airflow/example_dags/example_bash_decorator.py
[2024-12-03T00:38:02.203+0000] {logging_mixin.py:190} INFO - [2024-12-03T00:38:02.203+0000] {dag.py:3239} INFO - Sync 1 DAGs
[2024-12-03T00:38:02.208+0000] {logging_mixin.py:190} INFO - [2024-12-03T00:38:02.208+0000] {dag.py:4180} INFO - Setting next_dagrun for example_bash_decorator to None, run_after=None
[2024-12-03T00:38:02.215+0000] {processor.py:208} INFO - Processing /home/airflow/.local/lib/python3.12/site-packages/airflow/example_dags/example_bash_decorator.py took 0.031 seconds
