[2024-12-03T00:03:58.020+0000] {processor.py:186} INFO - Started process (PID=3483) to work on /home/airflow/.local/lib/python3.12/site-packages/airflow/example_dags/example_skip_dag.py
[2024-12-03T00:03:58.021+0000] {processor.py:914} INFO - Processing file /home/airflow/.local/lib/python3.12/site-packages/airflow/example_dags/example_skip_dag.py for tasks to queue
[2024-12-03T00:03:58.024+0000] {logging_mixin.py:190} INFO - [2024-12-03T00:03:58.024+0000] {dagbag.py:588} INFO - Filling up the DagBag from /home/airflow/.local/lib/python3.12/site-packages/airflow/example_dags/example_skip_dag.py
[2024-12-03T00:03:58.029+0000] {processor.py:925} INFO - DAG(s) 'example_skip_dag' retrieved from /home/airflow/.local/lib/python3.12/site-packages/airflow/example_dags/example_skip_dag.py
[2024-12-03T00:03:58.043+0000] {logging_mixin.py:190} INFO - [2024-12-03T00:03:58.042+0000] {dag.py:3239} INFO - Sync 1 DAGs
[2024-12-03T00:03:58.056+0000] {logging_mixin.py:190} INFO - [2024-12-03T00:03:58.056+0000] {dag.py:4180} INFO - Setting next_dagrun for example_skip_dag to 2024-12-02 00:00:00+00:00, run_after=2024-12-03 00:00:00+00:00
[2024-12-03T00:03:58.066+0000] {processor.py:208} INFO - Processing /home/airflow/.local/lib/python3.12/site-packages/airflow/example_dags/example_skip_dag.py took 0.049 seconds
[2024-12-03T00:04:28.429+0000] {processor.py:186} INFO - Started process (PID=3548) to work on /home/airflow/.local/lib/python3.12/site-packages/airflow/example_dags/example_skip_dag.py
[2024-12-03T00:04:28.429+0000] {processor.py:914} INFO - Processing file /home/airflow/.local/lib/python3.12/site-packages/airflow/example_dags/example_skip_dag.py for tasks to queue
[2024-12-03T00:04:28.430+0000] {logging_mixin.py:190} INFO - [2024-12-03T00:04:28.430+0000] {dagbag.py:588} INFO - Filling up the DagBag from /home/airflow/.local/lib/python3.12/site-packages/airflow/example_dags/example_skip_dag.py
[2024-12-03T00:04:28.433+0000] {processor.py:925} INFO - DAG(s) 'example_skip_dag' retrieved from /home/airflow/.local/lib/python3.12/site-packages/airflow/example_dags/example_skip_dag.py
[2024-12-03T00:04:28.442+0000] {logging_mixin.py:190} INFO - [2024-12-03T00:04:28.442+0000] {dag.py:3239} INFO - Sync 1 DAGs
[2024-12-03T00:04:28.454+0000] {logging_mixin.py:190} INFO - [2024-12-03T00:04:28.454+0000] {dag.py:4180} INFO - Setting next_dagrun for example_skip_dag to 2024-12-02 00:00:00+00:00, run_after=2024-12-03 00:00:00+00:00
[2024-12-03T00:04:28.462+0000] {processor.py:208} INFO - Processing /home/airflow/.local/lib/python3.12/site-packages/airflow/example_dags/example_skip_dag.py took 0.036 seconds
[2024-12-03T00:04:58.647+0000] {processor.py:186} INFO - Started process (PID=3614) to work on /home/airflow/.local/lib/python3.12/site-packages/airflow/example_dags/example_skip_dag.py
[2024-12-03T00:04:58.648+0000] {processor.py:914} INFO - Processing file /home/airflow/.local/lib/python3.12/site-packages/airflow/example_dags/example_skip_dag.py for tasks to queue
[2024-12-03T00:04:58.649+0000] {logging_mixin.py:190} INFO - [2024-12-03T00:04:58.648+0000] {dagbag.py:588} INFO - Filling up the DagBag from /home/airflow/.local/lib/python3.12/site-packages/airflow/example_dags/example_skip_dag.py
[2024-12-03T00:04:58.652+0000] {processor.py:925} INFO - DAG(s) 'example_skip_dag' retrieved from /home/airflow/.local/lib/python3.12/site-packages/airflow/example_dags/example_skip_dag.py
[2024-12-03T00:04:58.664+0000] {logging_mixin.py:190} INFO - [2024-12-03T00:04:58.664+0000] {dag.py:3239} INFO - Sync 1 DAGs
[2024-12-03T00:04:58.672+0000] {logging_mixin.py:190} INFO - [2024-12-03T00:04:58.672+0000] {dag.py:4180} INFO - Setting next_dagrun for example_skip_dag to 2024-12-02 00:00:00+00:00, run_after=2024-12-03 00:00:00+00:00
[2024-12-03T00:04:58.678+0000] {processor.py:208} INFO - Processing /home/airflow/.local/lib/python3.12/site-packages/airflow/example_dags/example_skip_dag.py took 0.033 seconds
[2024-12-03T00:05:29.839+0000] {processor.py:186} INFO - Started process (PID=3686) to work on /home/airflow/.local/lib/python3.12/site-packages/airflow/example_dags/example_skip_dag.py
[2024-12-03T00:05:29.839+0000] {processor.py:914} INFO - Processing file /home/airflow/.local/lib/python3.12/site-packages/airflow/example_dags/example_skip_dag.py for tasks to queue
[2024-12-03T00:05:29.840+0000] {logging_mixin.py:190} INFO - [2024-12-03T00:05:29.840+0000] {dagbag.py:588} INFO - Filling up the DagBag from /home/airflow/.local/lib/python3.12/site-packages/airflow/example_dags/example_skip_dag.py
[2024-12-03T00:05:29.843+0000] {processor.py:925} INFO - DAG(s) 'example_skip_dag' retrieved from /home/airflow/.local/lib/python3.12/site-packages/airflow/example_dags/example_skip_dag.py
[2024-12-03T00:05:29.851+0000] {logging_mixin.py:190} INFO - [2024-12-03T00:05:29.851+0000] {dag.py:3239} INFO - Sync 1 DAGs
[2024-12-03T00:05:29.858+0000] {logging_mixin.py:190} INFO - [2024-12-03T00:05:29.858+0000] {dag.py:4180} INFO - Setting next_dagrun for example_skip_dag to 2024-12-02 00:00:00+00:00, run_after=2024-12-03 00:00:00+00:00
[2024-12-03T00:05:29.864+0000] {processor.py:208} INFO - Processing /home/airflow/.local/lib/python3.12/site-packages/airflow/example_dags/example_skip_dag.py took 0.028 seconds
[2024-12-03T00:06:00.970+0000] {processor.py:186} INFO - Started process (PID=3752) to work on /home/airflow/.local/lib/python3.12/site-packages/airflow/example_dags/example_skip_dag.py
[2024-12-03T00:06:00.970+0000] {processor.py:914} INFO - Processing file /home/airflow/.local/lib/python3.12/site-packages/airflow/example_dags/example_skip_dag.py for tasks to queue
[2024-12-03T00:06:00.971+0000] {logging_mixin.py:190} INFO - [2024-12-03T00:06:00.971+0000] {dagbag.py:588} INFO - Filling up the DagBag from /home/airflow/.local/lib/python3.12/site-packages/airflow/example_dags/example_skip_dag.py
[2024-12-03T00:06:00.974+0000] {processor.py:925} INFO - DAG(s) 'example_skip_dag' retrieved from /home/airflow/.local/lib/python3.12/site-packages/airflow/example_dags/example_skip_dag.py
[2024-12-03T00:06:00.982+0000] {logging_mixin.py:190} INFO - [2024-12-03T00:06:00.982+0000] {dag.py:3239} INFO - Sync 1 DAGs
[2024-12-03T00:06:00.991+0000] {logging_mixin.py:190} INFO - [2024-12-03T00:06:00.991+0000] {dag.py:4180} INFO - Setting next_dagrun for example_skip_dag to 2024-12-02 00:00:00+00:00, run_after=2024-12-03 00:00:00+00:00
[2024-12-03T00:06:00.998+0000] {processor.py:208} INFO - Processing /home/airflow/.local/lib/python3.12/site-packages/airflow/example_dags/example_skip_dag.py took 0.030 seconds
[2024-12-03T00:06:32.095+0000] {processor.py:186} INFO - Started process (PID=3818) to work on /home/airflow/.local/lib/python3.12/site-packages/airflow/example_dags/example_skip_dag.py
[2024-12-03T00:06:32.095+0000] {processor.py:914} INFO - Processing file /home/airflow/.local/lib/python3.12/site-packages/airflow/example_dags/example_skip_dag.py for tasks to queue
[2024-12-03T00:06:32.096+0000] {logging_mixin.py:190} INFO - [2024-12-03T00:06:32.096+0000] {dagbag.py:588} INFO - Filling up the DagBag from /home/airflow/.local/lib/python3.12/site-packages/airflow/example_dags/example_skip_dag.py
[2024-12-03T00:06:32.099+0000] {processor.py:925} INFO - DAG(s) 'example_skip_dag' retrieved from /home/airflow/.local/lib/python3.12/site-packages/airflow/example_dags/example_skip_dag.py
[2024-12-03T00:06:32.108+0000] {logging_mixin.py:190} INFO - [2024-12-03T00:06:32.108+0000] {dag.py:3239} INFO - Sync 1 DAGs
[2024-12-03T00:06:32.116+0000] {logging_mixin.py:190} INFO - [2024-12-03T00:06:32.116+0000] {dag.py:4180} INFO - Setting next_dagrun for example_skip_dag to 2024-12-02 00:00:00+00:00, run_after=2024-12-03 00:00:00+00:00
[2024-12-03T00:06:32.122+0000] {processor.py:208} INFO - Processing /home/airflow/.local/lib/python3.12/site-packages/airflow/example_dags/example_skip_dag.py took 0.030 seconds
[2024-12-03T00:07:03.274+0000] {processor.py:186} INFO - Started process (PID=3884) to work on /home/airflow/.local/lib/python3.12/site-packages/airflow/example_dags/example_skip_dag.py
[2024-12-03T00:07:03.275+0000] {processor.py:914} INFO - Processing file /home/airflow/.local/lib/python3.12/site-packages/airflow/example_dags/example_skip_dag.py for tasks to queue
[2024-12-03T00:07:03.276+0000] {logging_mixin.py:190} INFO - [2024-12-03T00:07:03.275+0000] {dagbag.py:588} INFO - Filling up the DagBag from /home/airflow/.local/lib/python3.12/site-packages/airflow/example_dags/example_skip_dag.py
[2024-12-03T00:07:03.279+0000] {processor.py:925} INFO - DAG(s) 'example_skip_dag' retrieved from /home/airflow/.local/lib/python3.12/site-packages/airflow/example_dags/example_skip_dag.py
[2024-12-03T00:07:03.286+0000] {logging_mixin.py:190} INFO - [2024-12-03T00:07:03.286+0000] {dag.py:3239} INFO - Sync 1 DAGs
[2024-12-03T00:07:03.295+0000] {logging_mixin.py:190} INFO - [2024-12-03T00:07:03.295+0000] {dag.py:4180} INFO - Setting next_dagrun for example_skip_dag to 2024-12-02 00:00:00+00:00, run_after=2024-12-03 00:00:00+00:00
[2024-12-03T00:07:03.301+0000] {processor.py:208} INFO - Processing /home/airflow/.local/lib/python3.12/site-packages/airflow/example_dags/example_skip_dag.py took 0.029 seconds
[2024-12-03T00:07:34.339+0000] {processor.py:186} INFO - Started process (PID=3950) to work on /home/airflow/.local/lib/python3.12/site-packages/airflow/example_dags/example_skip_dag.py
[2024-12-03T00:07:34.340+0000] {processor.py:914} INFO - Processing file /home/airflow/.local/lib/python3.12/site-packages/airflow/example_dags/example_skip_dag.py for tasks to queue
[2024-12-03T00:07:34.341+0000] {logging_mixin.py:190} INFO - [2024-12-03T00:07:34.341+0000] {dagbag.py:588} INFO - Filling up the DagBag from /home/airflow/.local/lib/python3.12/site-packages/airflow/example_dags/example_skip_dag.py
[2024-12-03T00:07:34.345+0000] {processor.py:925} INFO - DAG(s) 'example_skip_dag' retrieved from /home/airflow/.local/lib/python3.12/site-packages/airflow/example_dags/example_skip_dag.py
[2024-12-03T00:07:34.356+0000] {logging_mixin.py:190} INFO - [2024-12-03T00:07:34.355+0000] {dag.py:3239} INFO - Sync 1 DAGs
[2024-12-03T00:07:34.364+0000] {logging_mixin.py:190} INFO - [2024-12-03T00:07:34.364+0000] {dag.py:4180} INFO - Setting next_dagrun for example_skip_dag to 2024-12-02 00:00:00+00:00, run_after=2024-12-03 00:00:00+00:00
[2024-12-03T00:07:34.372+0000] {processor.py:208} INFO - Processing /home/airflow/.local/lib/python3.12/site-packages/airflow/example_dags/example_skip_dag.py took 0.035 seconds
[2024-12-03T00:08:05.365+0000] {processor.py:186} INFO - Started process (PID=4016) to work on /home/airflow/.local/lib/python3.12/site-packages/airflow/example_dags/example_skip_dag.py
[2024-12-03T00:08:05.365+0000] {processor.py:914} INFO - Processing file /home/airflow/.local/lib/python3.12/site-packages/airflow/example_dags/example_skip_dag.py for tasks to queue
[2024-12-03T00:08:05.366+0000] {logging_mixin.py:190} INFO - [2024-12-03T00:08:05.366+0000] {dagbag.py:588} INFO - Filling up the DagBag from /home/airflow/.local/lib/python3.12/site-packages/airflow/example_dags/example_skip_dag.py
[2024-12-03T00:08:05.369+0000] {processor.py:925} INFO - DAG(s) 'example_skip_dag' retrieved from /home/airflow/.local/lib/python3.12/site-packages/airflow/example_dags/example_skip_dag.py
[2024-12-03T00:08:05.378+0000] {logging_mixin.py:190} INFO - [2024-12-03T00:08:05.377+0000] {dag.py:3239} INFO - Sync 1 DAGs
[2024-12-03T00:08:05.385+0000] {logging_mixin.py:190} INFO - [2024-12-03T00:08:05.385+0000] {dag.py:4180} INFO - Setting next_dagrun for example_skip_dag to 2024-12-02 00:00:00+00:00, run_after=2024-12-03 00:00:00+00:00
[2024-12-03T00:08:05.391+0000] {processor.py:208} INFO - Processing /home/airflow/.local/lib/python3.12/site-packages/airflow/example_dags/example_skip_dag.py took 0.029 seconds
[2024-12-03T00:08:36.617+0000] {processor.py:186} INFO - Started process (PID=4082) to work on /home/airflow/.local/lib/python3.12/site-packages/airflow/example_dags/example_skip_dag.py
[2024-12-03T00:08:36.617+0000] {processor.py:914} INFO - Processing file /home/airflow/.local/lib/python3.12/site-packages/airflow/example_dags/example_skip_dag.py for tasks to queue
[2024-12-03T00:08:36.618+0000] {logging_mixin.py:190} INFO - [2024-12-03T00:08:36.618+0000] {dagbag.py:588} INFO - Filling up the DagBag from /home/airflow/.local/lib/python3.12/site-packages/airflow/example_dags/example_skip_dag.py
[2024-12-03T00:08:36.621+0000] {processor.py:925} INFO - DAG(s) 'example_skip_dag' retrieved from /home/airflow/.local/lib/python3.12/site-packages/airflow/example_dags/example_skip_dag.py
[2024-12-03T00:08:36.631+0000] {logging_mixin.py:190} INFO - [2024-12-03T00:08:36.631+0000] {dag.py:3239} INFO - Sync 1 DAGs
[2024-12-03T00:08:36.639+0000] {logging_mixin.py:190} INFO - [2024-12-03T00:08:36.639+0000] {dag.py:4180} INFO - Setting next_dagrun for example_skip_dag to 2024-12-02 00:00:00+00:00, run_after=2024-12-03 00:00:00+00:00
[2024-12-03T00:08:36.648+0000] {processor.py:208} INFO - Processing /home/airflow/.local/lib/python3.12/site-packages/airflow/example_dags/example_skip_dag.py took 0.034 seconds
[2024-12-03T00:09:06.930+0000] {processor.py:186} INFO - Started process (PID=4148) to work on /home/airflow/.local/lib/python3.12/site-packages/airflow/example_dags/example_skip_dag.py
[2024-12-03T00:09:06.931+0000] {processor.py:914} INFO - Processing file /home/airflow/.local/lib/python3.12/site-packages/airflow/example_dags/example_skip_dag.py for tasks to queue
[2024-12-03T00:09:06.931+0000] {logging_mixin.py:190} INFO - [2024-12-03T00:09:06.931+0000] {dagbag.py:588} INFO - Filling up the DagBag from /home/airflow/.local/lib/python3.12/site-packages/airflow/example_dags/example_skip_dag.py
[2024-12-03T00:09:06.935+0000] {processor.py:925} INFO - DAG(s) 'example_skip_dag' retrieved from /home/airflow/.local/lib/python3.12/site-packages/airflow/example_dags/example_skip_dag.py
[2024-12-03T00:09:06.942+0000] {logging_mixin.py:190} INFO - [2024-12-03T00:09:06.942+0000] {dag.py:3239} INFO - Sync 1 DAGs
[2024-12-03T00:09:06.950+0000] {logging_mixin.py:190} INFO - [2024-12-03T00:09:06.950+0000] {dag.py:4180} INFO - Setting next_dagrun for example_skip_dag to 2024-12-02 00:00:00+00:00, run_after=2024-12-03 00:00:00+00:00
[2024-12-03T00:09:06.959+0000] {processor.py:208} INFO - Processing /home/airflow/.local/lib/python3.12/site-packages/airflow/example_dags/example_skip_dag.py took 0.031 seconds
[2024-12-03T00:09:37.227+0000] {processor.py:186} INFO - Started process (PID=4214) to work on /home/airflow/.local/lib/python3.12/site-packages/airflow/example_dags/example_skip_dag.py
[2024-12-03T00:09:37.227+0000] {processor.py:914} INFO - Processing file /home/airflow/.local/lib/python3.12/site-packages/airflow/example_dags/example_skip_dag.py for tasks to queue
[2024-12-03T00:09:37.229+0000] {logging_mixin.py:190} INFO - [2024-12-03T00:09:37.229+0000] {dagbag.py:588} INFO - Filling up the DagBag from /home/airflow/.local/lib/python3.12/site-packages/airflow/example_dags/example_skip_dag.py
[2024-12-03T00:09:37.233+0000] {processor.py:925} INFO - DAG(s) 'example_skip_dag' retrieved from /home/airflow/.local/lib/python3.12/site-packages/airflow/example_dags/example_skip_dag.py
[2024-12-03T00:09:37.249+0000] {logging_mixin.py:190} INFO - [2024-12-03T00:09:37.247+0000] {dag.py:3239} INFO - Sync 1 DAGs
[2024-12-03T00:09:37.258+0000] {logging_mixin.py:190} INFO - [2024-12-03T00:09:37.258+0000] {dag.py:4180} INFO - Setting next_dagrun for example_skip_dag to 2024-12-02 00:00:00+00:00, run_after=2024-12-03 00:00:00+00:00
[2024-12-03T00:09:37.264+0000] {processor.py:208} INFO - Processing /home/airflow/.local/lib/python3.12/site-packages/airflow/example_dags/example_skip_dag.py took 0.039 seconds
[2024-12-03T00:10:08.478+0000] {processor.py:186} INFO - Started process (PID=4280) to work on /home/airflow/.local/lib/python3.12/site-packages/airflow/example_dags/example_skip_dag.py
[2024-12-03T00:10:08.478+0000] {processor.py:914} INFO - Processing file /home/airflow/.local/lib/python3.12/site-packages/airflow/example_dags/example_skip_dag.py for tasks to queue
[2024-12-03T00:10:08.479+0000] {logging_mixin.py:190} INFO - [2024-12-03T00:10:08.479+0000] {dagbag.py:588} INFO - Filling up the DagBag from /home/airflow/.local/lib/python3.12/site-packages/airflow/example_dags/example_skip_dag.py
[2024-12-03T00:10:08.482+0000] {processor.py:925} INFO - DAG(s) 'example_skip_dag' retrieved from /home/airflow/.local/lib/python3.12/site-packages/airflow/example_dags/example_skip_dag.py
[2024-12-03T00:10:08.490+0000] {logging_mixin.py:190} INFO - [2024-12-03T00:10:08.490+0000] {dag.py:3239} INFO - Sync 1 DAGs
[2024-12-03T00:10:08.499+0000] {logging_mixin.py:190} INFO - [2024-12-03T00:10:08.499+0000] {dag.py:4180} INFO - Setting next_dagrun for example_skip_dag to 2024-12-02 00:00:00+00:00, run_after=2024-12-03 00:00:00+00:00
[2024-12-03T00:10:08.506+0000] {processor.py:208} INFO - Processing /home/airflow/.local/lib/python3.12/site-packages/airflow/example_dags/example_skip_dag.py took 0.031 seconds
[2024-12-03T00:10:38.810+0000] {processor.py:186} INFO - Started process (PID=4346) to work on /home/airflow/.local/lib/python3.12/site-packages/airflow/example_dags/example_skip_dag.py
[2024-12-03T00:10:38.811+0000] {processor.py:914} INFO - Processing file /home/airflow/.local/lib/python3.12/site-packages/airflow/example_dags/example_skip_dag.py for tasks to queue
[2024-12-03T00:10:38.812+0000] {logging_mixin.py:190} INFO - [2024-12-03T00:10:38.812+0000] {dagbag.py:588} INFO - Filling up the DagBag from /home/airflow/.local/lib/python3.12/site-packages/airflow/example_dags/example_skip_dag.py
[2024-12-03T00:10:38.815+0000] {processor.py:925} INFO - DAG(s) 'example_skip_dag' retrieved from /home/airflow/.local/lib/python3.12/site-packages/airflow/example_dags/example_skip_dag.py
[2024-12-03T00:10:38.823+0000] {logging_mixin.py:190} INFO - [2024-12-03T00:10:38.823+0000] {dag.py:3239} INFO - Sync 1 DAGs
[2024-12-03T00:10:38.831+0000] {logging_mixin.py:190} INFO - [2024-12-03T00:10:38.831+0000] {dag.py:4180} INFO - Setting next_dagrun for example_skip_dag to 2024-12-02 00:00:00+00:00, run_after=2024-12-03 00:00:00+00:00
[2024-12-03T00:10:38.836+0000] {processor.py:208} INFO - Processing /home/airflow/.local/lib/python3.12/site-packages/airflow/example_dags/example_skip_dag.py took 0.029 seconds
[2024-12-03T00:11:09.924+0000] {processor.py:186} INFO - Started process (PID=4412) to work on /home/airflow/.local/lib/python3.12/site-packages/airflow/example_dags/example_skip_dag.py
[2024-12-03T00:11:09.925+0000] {processor.py:914} INFO - Processing file /home/airflow/.local/lib/python3.12/site-packages/airflow/example_dags/example_skip_dag.py for tasks to queue
[2024-12-03T00:11:09.926+0000] {logging_mixin.py:190} INFO - [2024-12-03T00:11:09.926+0000] {dagbag.py:588} INFO - Filling up the DagBag from /home/airflow/.local/lib/python3.12/site-packages/airflow/example_dags/example_skip_dag.py
[2024-12-03T00:11:09.931+0000] {processor.py:925} INFO - DAG(s) 'example_skip_dag' retrieved from /home/airflow/.local/lib/python3.12/site-packages/airflow/example_dags/example_skip_dag.py
[2024-12-03T00:11:09.941+0000] {logging_mixin.py:190} INFO - [2024-12-03T00:11:09.941+0000] {dag.py:3239} INFO - Sync 1 DAGs
[2024-12-03T00:11:09.950+0000] {logging_mixin.py:190} INFO - [2024-12-03T00:11:09.949+0000] {dag.py:4180} INFO - Setting next_dagrun for example_skip_dag to 2024-12-02 00:00:00+00:00, run_after=2024-12-03 00:00:00+00:00
[2024-12-03T00:11:09.957+0000] {processor.py:208} INFO - Processing /home/airflow/.local/lib/python3.12/site-packages/airflow/example_dags/example_skip_dag.py took 0.035 seconds
[2024-12-03T00:11:40.189+0000] {processor.py:186} INFO - Started process (PID=4478) to work on /home/airflow/.local/lib/python3.12/site-packages/airflow/example_dags/example_skip_dag.py
[2024-12-03T00:11:40.190+0000] {processor.py:914} INFO - Processing file /home/airflow/.local/lib/python3.12/site-packages/airflow/example_dags/example_skip_dag.py for tasks to queue
[2024-12-03T00:11:40.190+0000] {logging_mixin.py:190} INFO - [2024-12-03T00:11:40.190+0000] {dagbag.py:588} INFO - Filling up the DagBag from /home/airflow/.local/lib/python3.12/site-packages/airflow/example_dags/example_skip_dag.py
[2024-12-03T00:11:40.194+0000] {processor.py:925} INFO - DAG(s) 'example_skip_dag' retrieved from /home/airflow/.local/lib/python3.12/site-packages/airflow/example_dags/example_skip_dag.py
[2024-12-03T00:11:40.202+0000] {logging_mixin.py:190} INFO - [2024-12-03T00:11:40.202+0000] {dag.py:3239} INFO - Sync 1 DAGs
[2024-12-03T00:11:40.211+0000] {logging_mixin.py:190} INFO - [2024-12-03T00:11:40.211+0000] {dag.py:4180} INFO - Setting next_dagrun for example_skip_dag to 2024-12-02 00:00:00+00:00, run_after=2024-12-03 00:00:00+00:00
[2024-12-03T00:11:40.220+0000] {processor.py:208} INFO - Processing /home/airflow/.local/lib/python3.12/site-packages/airflow/example_dags/example_skip_dag.py took 0.033 seconds
[2024-12-03T00:12:11.411+0000] {processor.py:186} INFO - Started process (PID=4544) to work on /home/airflow/.local/lib/python3.12/site-packages/airflow/example_dags/example_skip_dag.py
[2024-12-03T00:12:11.413+0000] {processor.py:914} INFO - Processing file /home/airflow/.local/lib/python3.12/site-packages/airflow/example_dags/example_skip_dag.py for tasks to queue
[2024-12-03T00:12:11.415+0000] {logging_mixin.py:190} INFO - [2024-12-03T00:12:11.414+0000] {dagbag.py:588} INFO - Filling up the DagBag from /home/airflow/.local/lib/python3.12/site-packages/airflow/example_dags/example_skip_dag.py
[2024-12-03T00:12:11.419+0000] {processor.py:925} INFO - DAG(s) 'example_skip_dag' retrieved from /home/airflow/.local/lib/python3.12/site-packages/airflow/example_dags/example_skip_dag.py
[2024-12-03T00:12:11.429+0000] {logging_mixin.py:190} INFO - [2024-12-03T00:12:11.428+0000] {dag.py:3239} INFO - Sync 1 DAGs
[2024-12-03T00:12:11.438+0000] {logging_mixin.py:190} INFO - [2024-12-03T00:12:11.438+0000] {dag.py:4180} INFO - Setting next_dagrun for example_skip_dag to 2024-12-02 00:00:00+00:00, run_after=2024-12-03 00:00:00+00:00
[2024-12-03T00:12:11.446+0000] {processor.py:208} INFO - Processing /home/airflow/.local/lib/python3.12/site-packages/airflow/example_dags/example_skip_dag.py took 0.037 seconds
[2024-12-03T00:12:42.587+0000] {processor.py:186} INFO - Started process (PID=4610) to work on /home/airflow/.local/lib/python3.12/site-packages/airflow/example_dags/example_skip_dag.py
[2024-12-03T00:12:42.587+0000] {processor.py:914} INFO - Processing file /home/airflow/.local/lib/python3.12/site-packages/airflow/example_dags/example_skip_dag.py for tasks to queue
[2024-12-03T00:12:42.588+0000] {logging_mixin.py:190} INFO - [2024-12-03T00:12:42.588+0000] {dagbag.py:588} INFO - Filling up the DagBag from /home/airflow/.local/lib/python3.12/site-packages/airflow/example_dags/example_skip_dag.py
[2024-12-03T00:12:42.591+0000] {processor.py:925} INFO - DAG(s) 'example_skip_dag' retrieved from /home/airflow/.local/lib/python3.12/site-packages/airflow/example_dags/example_skip_dag.py
[2024-12-03T00:12:42.599+0000] {logging_mixin.py:190} INFO - [2024-12-03T00:12:42.599+0000] {dag.py:3239} INFO - Sync 1 DAGs
[2024-12-03T00:12:42.607+0000] {logging_mixin.py:190} INFO - [2024-12-03T00:12:42.607+0000] {dag.py:4180} INFO - Setting next_dagrun for example_skip_dag to 2024-12-02 00:00:00+00:00, run_after=2024-12-03 00:00:00+00:00
[2024-12-03T00:12:42.612+0000] {processor.py:208} INFO - Processing /home/airflow/.local/lib/python3.12/site-packages/airflow/example_dags/example_skip_dag.py took 0.028 seconds
[2024-12-03T00:13:12.955+0000] {processor.py:186} INFO - Started process (PID=4676) to work on /home/airflow/.local/lib/python3.12/site-packages/airflow/example_dags/example_skip_dag.py
[2024-12-03T00:13:12.959+0000] {processor.py:914} INFO - Processing file /home/airflow/.local/lib/python3.12/site-packages/airflow/example_dags/example_skip_dag.py for tasks to queue
[2024-12-03T00:13:12.960+0000] {logging_mixin.py:190} INFO - [2024-12-03T00:13:12.960+0000] {dagbag.py:588} INFO - Filling up the DagBag from /home/airflow/.local/lib/python3.12/site-packages/airflow/example_dags/example_skip_dag.py
[2024-12-03T00:13:12.964+0000] {processor.py:925} INFO - DAG(s) 'example_skip_dag' retrieved from /home/airflow/.local/lib/python3.12/site-packages/airflow/example_dags/example_skip_dag.py
[2024-12-03T00:13:12.978+0000] {logging_mixin.py:190} INFO - [2024-12-03T00:13:12.978+0000] {dag.py:3239} INFO - Sync 1 DAGs
[2024-12-03T00:13:12.988+0000] {logging_mixin.py:190} INFO - [2024-12-03T00:13:12.988+0000] {dag.py:4180} INFO - Setting next_dagrun for example_skip_dag to 2024-12-02 00:00:00+00:00, run_after=2024-12-03 00:00:00+00:00
[2024-12-03T00:13:12.997+0000] {processor.py:208} INFO - Processing /home/airflow/.local/lib/python3.12/site-packages/airflow/example_dags/example_skip_dag.py took 0.043 seconds
[2024-12-03T00:13:44.178+0000] {processor.py:186} INFO - Started process (PID=4742) to work on /home/airflow/.local/lib/python3.12/site-packages/airflow/example_dags/example_skip_dag.py
[2024-12-03T00:13:44.178+0000] {processor.py:914} INFO - Processing file /home/airflow/.local/lib/python3.12/site-packages/airflow/example_dags/example_skip_dag.py for tasks to queue
[2024-12-03T00:13:44.179+0000] {logging_mixin.py:190} INFO - [2024-12-03T00:13:44.179+0000] {dagbag.py:588} INFO - Filling up the DagBag from /home/airflow/.local/lib/python3.12/site-packages/airflow/example_dags/example_skip_dag.py
[2024-12-03T00:13:44.183+0000] {processor.py:925} INFO - DAG(s) 'example_skip_dag' retrieved from /home/airflow/.local/lib/python3.12/site-packages/airflow/example_dags/example_skip_dag.py
[2024-12-03T00:13:44.192+0000] {logging_mixin.py:190} INFO - [2024-12-03T00:13:44.191+0000] {dag.py:3239} INFO - Sync 1 DAGs
[2024-12-03T00:13:44.201+0000] {logging_mixin.py:190} INFO - [2024-12-03T00:13:44.201+0000] {dag.py:4180} INFO - Setting next_dagrun for example_skip_dag to 2024-12-02 00:00:00+00:00, run_after=2024-12-03 00:00:00+00:00
[2024-12-03T00:13:44.207+0000] {processor.py:208} INFO - Processing /home/airflow/.local/lib/python3.12/site-packages/airflow/example_dags/example_skip_dag.py took 0.032 seconds
[2024-12-03T00:14:14.563+0000] {processor.py:186} INFO - Started process (PID=4808) to work on /home/airflow/.local/lib/python3.12/site-packages/airflow/example_dags/example_skip_dag.py
[2024-12-03T00:14:14.564+0000] {processor.py:914} INFO - Processing file /home/airflow/.local/lib/python3.12/site-packages/airflow/example_dags/example_skip_dag.py for tasks to queue
[2024-12-03T00:14:14.565+0000] {logging_mixin.py:190} INFO - [2024-12-03T00:14:14.564+0000] {dagbag.py:588} INFO - Filling up the DagBag from /home/airflow/.local/lib/python3.12/site-packages/airflow/example_dags/example_skip_dag.py
[2024-12-03T00:14:14.568+0000] {processor.py:925} INFO - DAG(s) 'example_skip_dag' retrieved from /home/airflow/.local/lib/python3.12/site-packages/airflow/example_dags/example_skip_dag.py
[2024-12-03T00:14:14.583+0000] {logging_mixin.py:190} INFO - [2024-12-03T00:14:14.583+0000] {dag.py:3239} INFO - Sync 1 DAGs
[2024-12-03T00:14:14.591+0000] {logging_mixin.py:190} INFO - [2024-12-03T00:14:14.591+0000] {dag.py:4180} INFO - Setting next_dagrun for example_skip_dag to 2024-12-02 00:00:00+00:00, run_after=2024-12-03 00:00:00+00:00
[2024-12-03T00:14:14.596+0000] {processor.py:208} INFO - Processing /home/airflow/.local/lib/python3.12/site-packages/airflow/example_dags/example_skip_dag.py took 0.036 seconds
[2024-12-03T00:14:44.920+0000] {processor.py:186} INFO - Started process (PID=4874) to work on /home/airflow/.local/lib/python3.12/site-packages/airflow/example_dags/example_skip_dag.py
[2024-12-03T00:14:44.921+0000] {processor.py:914} INFO - Processing file /home/airflow/.local/lib/python3.12/site-packages/airflow/example_dags/example_skip_dag.py for tasks to queue
[2024-12-03T00:14:44.922+0000] {logging_mixin.py:190} INFO - [2024-12-03T00:14:44.922+0000] {dagbag.py:588} INFO - Filling up the DagBag from /home/airflow/.local/lib/python3.12/site-packages/airflow/example_dags/example_skip_dag.py
[2024-12-03T00:14:44.926+0000] {processor.py:925} INFO - DAG(s) 'example_skip_dag' retrieved from /home/airflow/.local/lib/python3.12/site-packages/airflow/example_dags/example_skip_dag.py
[2024-12-03T00:14:44.936+0000] {logging_mixin.py:190} INFO - [2024-12-03T00:14:44.936+0000] {dag.py:3239} INFO - Sync 1 DAGs
[2024-12-03T00:14:44.944+0000] {logging_mixin.py:190} INFO - [2024-12-03T00:14:44.944+0000] {dag.py:4180} INFO - Setting next_dagrun for example_skip_dag to 2024-12-02 00:00:00+00:00, run_after=2024-12-03 00:00:00+00:00
[2024-12-03T00:14:44.956+0000] {processor.py:208} INFO - Processing /home/airflow/.local/lib/python3.12/site-packages/airflow/example_dags/example_skip_dag.py took 0.039 seconds
[2024-12-03T00:15:15.429+0000] {processor.py:186} INFO - Started process (PID=4940) to work on /home/airflow/.local/lib/python3.12/site-packages/airflow/example_dags/example_skip_dag.py
[2024-12-03T00:15:15.430+0000] {processor.py:914} INFO - Processing file /home/airflow/.local/lib/python3.12/site-packages/airflow/example_dags/example_skip_dag.py for tasks to queue
[2024-12-03T00:15:15.431+0000] {logging_mixin.py:190} INFO - [2024-12-03T00:15:15.431+0000] {dagbag.py:588} INFO - Filling up the DagBag from /home/airflow/.local/lib/python3.12/site-packages/airflow/example_dags/example_skip_dag.py
[2024-12-03T00:15:15.434+0000] {processor.py:925} INFO - DAG(s) 'example_skip_dag' retrieved from /home/airflow/.local/lib/python3.12/site-packages/airflow/example_dags/example_skip_dag.py
[2024-12-03T00:15:15.445+0000] {logging_mixin.py:190} INFO - [2024-12-03T00:15:15.445+0000] {dag.py:3239} INFO - Sync 1 DAGs
[2024-12-03T00:15:15.456+0000] {logging_mixin.py:190} INFO - [2024-12-03T00:15:15.456+0000] {dag.py:4180} INFO - Setting next_dagrun for example_skip_dag to 2024-12-02 00:00:00+00:00, run_after=2024-12-03 00:00:00+00:00
[2024-12-03T00:15:15.461+0000] {processor.py:208} INFO - Processing /home/airflow/.local/lib/python3.12/site-packages/airflow/example_dags/example_skip_dag.py took 0.034 seconds
[2024-12-03T00:15:46.068+0000] {processor.py:186} INFO - Started process (PID=5006) to work on /home/airflow/.local/lib/python3.12/site-packages/airflow/example_dags/example_skip_dag.py
[2024-12-03T00:15:46.069+0000] {processor.py:914} INFO - Processing file /home/airflow/.local/lib/python3.12/site-packages/airflow/example_dags/example_skip_dag.py for tasks to queue
[2024-12-03T00:15:46.069+0000] {logging_mixin.py:190} INFO - [2024-12-03T00:15:46.069+0000] {dagbag.py:588} INFO - Filling up the DagBag from /home/airflow/.local/lib/python3.12/site-packages/airflow/example_dags/example_skip_dag.py
[2024-12-03T00:15:46.073+0000] {processor.py:925} INFO - DAG(s) 'example_skip_dag' retrieved from /home/airflow/.local/lib/python3.12/site-packages/airflow/example_dags/example_skip_dag.py
[2024-12-03T00:15:46.084+0000] {logging_mixin.py:190} INFO - [2024-12-03T00:15:46.084+0000] {dag.py:3239} INFO - Sync 1 DAGs
[2024-12-03T00:15:46.093+0000] {logging_mixin.py:190} INFO - [2024-12-03T00:15:46.092+0000] {dag.py:4180} INFO - Setting next_dagrun for example_skip_dag to 2024-12-02 00:00:00+00:00, run_after=2024-12-03 00:00:00+00:00
[2024-12-03T00:15:46.105+0000] {processor.py:208} INFO - Processing /home/airflow/.local/lib/python3.12/site-packages/airflow/example_dags/example_skip_dag.py took 0.039 seconds
[2024-12-03T00:16:16.385+0000] {processor.py:186} INFO - Started process (PID=5073) to work on /home/airflow/.local/lib/python3.12/site-packages/airflow/example_dags/example_skip_dag.py
[2024-12-03T00:16:16.386+0000] {processor.py:914} INFO - Processing file /home/airflow/.local/lib/python3.12/site-packages/airflow/example_dags/example_skip_dag.py for tasks to queue
[2024-12-03T00:16:16.387+0000] {logging_mixin.py:190} INFO - [2024-12-03T00:16:16.387+0000] {dagbag.py:588} INFO - Filling up the DagBag from /home/airflow/.local/lib/python3.12/site-packages/airflow/example_dags/example_skip_dag.py
[2024-12-03T00:16:16.390+0000] {processor.py:925} INFO - DAG(s) 'example_skip_dag' retrieved from /home/airflow/.local/lib/python3.12/site-packages/airflow/example_dags/example_skip_dag.py
[2024-12-03T00:16:16.398+0000] {logging_mixin.py:190} INFO - [2024-12-03T00:16:16.398+0000] {dag.py:3239} INFO - Sync 1 DAGs
[2024-12-03T00:16:16.408+0000] {logging_mixin.py:190} INFO - [2024-12-03T00:16:16.408+0000] {dag.py:4180} INFO - Setting next_dagrun for example_skip_dag to 2024-12-02 00:00:00+00:00, run_after=2024-12-03 00:00:00+00:00
[2024-12-03T00:16:16.415+0000] {processor.py:208} INFO - Processing /home/airflow/.local/lib/python3.12/site-packages/airflow/example_dags/example_skip_dag.py took 0.032 seconds
[2024-12-03T00:16:46.911+0000] {processor.py:186} INFO - Started process (PID=5140) to work on /home/airflow/.local/lib/python3.12/site-packages/airflow/example_dags/example_skip_dag.py
[2024-12-03T00:16:46.912+0000] {processor.py:914} INFO - Processing file /home/airflow/.local/lib/python3.12/site-packages/airflow/example_dags/example_skip_dag.py for tasks to queue
[2024-12-03T00:16:46.913+0000] {logging_mixin.py:190} INFO - [2024-12-03T00:16:46.913+0000] {dagbag.py:588} INFO - Filling up the DagBag from /home/airflow/.local/lib/python3.12/site-packages/airflow/example_dags/example_skip_dag.py
[2024-12-03T00:16:46.917+0000] {processor.py:925} INFO - DAG(s) 'example_skip_dag' retrieved from /home/airflow/.local/lib/python3.12/site-packages/airflow/example_dags/example_skip_dag.py
[2024-12-03T00:16:46.927+0000] {logging_mixin.py:190} INFO - [2024-12-03T00:16:46.927+0000] {dag.py:3239} INFO - Sync 1 DAGs
[2024-12-03T00:16:46.938+0000] {logging_mixin.py:190} INFO - [2024-12-03T00:16:46.938+0000] {dag.py:4180} INFO - Setting next_dagrun for example_skip_dag to 2024-12-02 00:00:00+00:00, run_after=2024-12-03 00:00:00+00:00
[2024-12-03T00:16:46.943+0000] {processor.py:208} INFO - Processing /home/airflow/.local/lib/python3.12/site-packages/airflow/example_dags/example_skip_dag.py took 0.035 seconds
[2024-12-03T00:17:17.301+0000] {processor.py:186} INFO - Started process (PID=5206) to work on /home/airflow/.local/lib/python3.12/site-packages/airflow/example_dags/example_skip_dag.py
[2024-12-03T00:17:17.302+0000] {processor.py:914} INFO - Processing file /home/airflow/.local/lib/python3.12/site-packages/airflow/example_dags/example_skip_dag.py for tasks to queue
[2024-12-03T00:17:17.302+0000] {logging_mixin.py:190} INFO - [2024-12-03T00:17:17.302+0000] {dagbag.py:588} INFO - Filling up the DagBag from /home/airflow/.local/lib/python3.12/site-packages/airflow/example_dags/example_skip_dag.py
[2024-12-03T00:17:17.307+0000] {processor.py:925} INFO - DAG(s) 'example_skip_dag' retrieved from /home/airflow/.local/lib/python3.12/site-packages/airflow/example_dags/example_skip_dag.py
[2024-12-03T00:17:17.316+0000] {logging_mixin.py:190} INFO - [2024-12-03T00:17:17.316+0000] {dag.py:3239} INFO - Sync 1 DAGs
[2024-12-03T00:17:17.324+0000] {logging_mixin.py:190} INFO - [2024-12-03T00:17:17.324+0000] {dag.py:4180} INFO - Setting next_dagrun for example_skip_dag to 2024-12-02 00:00:00+00:00, run_after=2024-12-03 00:00:00+00:00
[2024-12-03T00:17:17.330+0000] {processor.py:208} INFO - Processing /home/airflow/.local/lib/python3.12/site-packages/airflow/example_dags/example_skip_dag.py took 0.031 seconds
[2024-12-03T00:17:47.652+0000] {processor.py:186} INFO - Started process (PID=5272) to work on /home/airflow/.local/lib/python3.12/site-packages/airflow/example_dags/example_skip_dag.py
[2024-12-03T00:17:47.652+0000] {processor.py:914} INFO - Processing file /home/airflow/.local/lib/python3.12/site-packages/airflow/example_dags/example_skip_dag.py for tasks to queue
[2024-12-03T00:17:47.653+0000] {logging_mixin.py:190} INFO - [2024-12-03T00:17:47.653+0000] {dagbag.py:588} INFO - Filling up the DagBag from /home/airflow/.local/lib/python3.12/site-packages/airflow/example_dags/example_skip_dag.py
[2024-12-03T00:17:47.657+0000] {processor.py:925} INFO - DAG(s) 'example_skip_dag' retrieved from /home/airflow/.local/lib/python3.12/site-packages/airflow/example_dags/example_skip_dag.py
[2024-12-03T00:17:47.666+0000] {logging_mixin.py:190} INFO - [2024-12-03T00:17:47.665+0000] {dag.py:3239} INFO - Sync 1 DAGs
[2024-12-03T00:17:47.674+0000] {logging_mixin.py:190} INFO - [2024-12-03T00:17:47.674+0000] {dag.py:4180} INFO - Setting next_dagrun for example_skip_dag to 2024-12-02 00:00:00+00:00, run_after=2024-12-03 00:00:00+00:00
[2024-12-03T00:17:47.680+0000] {processor.py:208} INFO - Processing /home/airflow/.local/lib/python3.12/site-packages/airflow/example_dags/example_skip_dag.py took 0.030 seconds
[2024-12-03T00:18:17.752+0000] {processor.py:186} INFO - Started process (PID=5337) to work on /home/airflow/.local/lib/python3.12/site-packages/airflow/example_dags/example_skip_dag.py
[2024-12-03T00:18:17.753+0000] {processor.py:914} INFO - Processing file /home/airflow/.local/lib/python3.12/site-packages/airflow/example_dags/example_skip_dag.py for tasks to queue
[2024-12-03T00:18:17.754+0000] {logging_mixin.py:190} INFO - [2024-12-03T00:18:17.753+0000] {dagbag.py:588} INFO - Filling up the DagBag from /home/airflow/.local/lib/python3.12/site-packages/airflow/example_dags/example_skip_dag.py
[2024-12-03T00:18:17.757+0000] {processor.py:925} INFO - DAG(s) 'example_skip_dag' retrieved from /home/airflow/.local/lib/python3.12/site-packages/airflow/example_dags/example_skip_dag.py
[2024-12-03T00:18:17.766+0000] {logging_mixin.py:190} INFO - [2024-12-03T00:18:17.766+0000] {dag.py:3239} INFO - Sync 1 DAGs
[2024-12-03T00:18:17.775+0000] {logging_mixin.py:190} INFO - [2024-12-03T00:18:17.775+0000] {dag.py:4180} INFO - Setting next_dagrun for example_skip_dag to 2024-12-02 00:00:00+00:00, run_after=2024-12-03 00:00:00+00:00
[2024-12-03T00:18:17.781+0000] {processor.py:208} INFO - Processing /home/airflow/.local/lib/python3.12/site-packages/airflow/example_dags/example_skip_dag.py took 0.031 seconds
[2024-12-03T00:18:47.912+0000] {processor.py:186} INFO - Started process (PID=5403) to work on /home/airflow/.local/lib/python3.12/site-packages/airflow/example_dags/example_skip_dag.py
[2024-12-03T00:18:47.915+0000] {processor.py:914} INFO - Processing file /home/airflow/.local/lib/python3.12/site-packages/airflow/example_dags/example_skip_dag.py for tasks to queue
[2024-12-03T00:18:47.916+0000] {logging_mixin.py:190} INFO - [2024-12-03T00:18:47.916+0000] {dagbag.py:588} INFO - Filling up the DagBag from /home/airflow/.local/lib/python3.12/site-packages/airflow/example_dags/example_skip_dag.py
[2024-12-03T00:18:47.920+0000] {processor.py:925} INFO - DAG(s) 'example_skip_dag' retrieved from /home/airflow/.local/lib/python3.12/site-packages/airflow/example_dags/example_skip_dag.py
[2024-12-03T00:18:47.931+0000] {logging_mixin.py:190} INFO - [2024-12-03T00:18:47.931+0000] {dag.py:3239} INFO - Sync 1 DAGs
[2024-12-03T00:18:47.939+0000] {logging_mixin.py:190} INFO - [2024-12-03T00:18:47.939+0000] {dag.py:4180} INFO - Setting next_dagrun for example_skip_dag to 2024-12-02 00:00:00+00:00, run_after=2024-12-03 00:00:00+00:00
[2024-12-03T00:18:47.945+0000] {processor.py:208} INFO - Processing /home/airflow/.local/lib/python3.12/site-packages/airflow/example_dags/example_skip_dag.py took 0.036 seconds
[2024-12-03T00:19:18.140+0000] {processor.py:186} INFO - Started process (PID=5468) to work on /home/airflow/.local/lib/python3.12/site-packages/airflow/example_dags/example_skip_dag.py
[2024-12-03T00:19:18.140+0000] {processor.py:914} INFO - Processing file /home/airflow/.local/lib/python3.12/site-packages/airflow/example_dags/example_skip_dag.py for tasks to queue
[2024-12-03T00:19:18.141+0000] {logging_mixin.py:190} INFO - [2024-12-03T00:19:18.141+0000] {dagbag.py:588} INFO - Filling up the DagBag from /home/airflow/.local/lib/python3.12/site-packages/airflow/example_dags/example_skip_dag.py
[2024-12-03T00:19:18.145+0000] {processor.py:925} INFO - DAG(s) 'example_skip_dag' retrieved from /home/airflow/.local/lib/python3.12/site-packages/airflow/example_dags/example_skip_dag.py
[2024-12-03T00:19:18.154+0000] {logging_mixin.py:190} INFO - [2024-12-03T00:19:18.154+0000] {dag.py:3239} INFO - Sync 1 DAGs
[2024-12-03T00:19:18.167+0000] {logging_mixin.py:190} INFO - [2024-12-03T00:19:18.167+0000] {dag.py:4180} INFO - Setting next_dagrun for example_skip_dag to 2024-12-02 00:00:00+00:00, run_after=2024-12-03 00:00:00+00:00
[2024-12-03T00:19:18.173+0000] {processor.py:208} INFO - Processing /home/airflow/.local/lib/python3.12/site-packages/airflow/example_dags/example_skip_dag.py took 0.036 seconds
[2024-12-03T00:19:48.407+0000] {processor.py:186} INFO - Started process (PID=5534) to work on /home/airflow/.local/lib/python3.12/site-packages/airflow/example_dags/example_skip_dag.py
[2024-12-03T00:19:48.407+0000] {processor.py:914} INFO - Processing file /home/airflow/.local/lib/python3.12/site-packages/airflow/example_dags/example_skip_dag.py for tasks to queue
[2024-12-03T00:19:48.408+0000] {logging_mixin.py:190} INFO - [2024-12-03T00:19:48.408+0000] {dagbag.py:588} INFO - Filling up the DagBag from /home/airflow/.local/lib/python3.12/site-packages/airflow/example_dags/example_skip_dag.py
[2024-12-03T00:19:48.413+0000] {processor.py:925} INFO - DAG(s) 'example_skip_dag' retrieved from /home/airflow/.local/lib/python3.12/site-packages/airflow/example_dags/example_skip_dag.py
[2024-12-03T00:19:48.426+0000] {logging_mixin.py:190} INFO - [2024-12-03T00:19:48.426+0000] {dag.py:3239} INFO - Sync 1 DAGs
[2024-12-03T00:19:48.437+0000] {logging_mixin.py:190} INFO - [2024-12-03T00:19:48.437+0000] {dag.py:4180} INFO - Setting next_dagrun for example_skip_dag to 2024-12-02 00:00:00+00:00, run_after=2024-12-03 00:00:00+00:00
[2024-12-03T00:19:48.445+0000] {processor.py:208} INFO - Processing /home/airflow/.local/lib/python3.12/site-packages/airflow/example_dags/example_skip_dag.py took 0.040 seconds
[2024-12-03T00:20:18.652+0000] {processor.py:186} INFO - Started process (PID=5600) to work on /home/airflow/.local/lib/python3.12/site-packages/airflow/example_dags/example_skip_dag.py
[2024-12-03T00:20:18.653+0000] {processor.py:914} INFO - Processing file /home/airflow/.local/lib/python3.12/site-packages/airflow/example_dags/example_skip_dag.py for tasks to queue
[2024-12-03T00:20:18.654+0000] {logging_mixin.py:190} INFO - [2024-12-03T00:20:18.654+0000] {dagbag.py:588} INFO - Filling up the DagBag from /home/airflow/.local/lib/python3.12/site-packages/airflow/example_dags/example_skip_dag.py
[2024-12-03T00:20:18.657+0000] {processor.py:925} INFO - DAG(s) 'example_skip_dag' retrieved from /home/airflow/.local/lib/python3.12/site-packages/airflow/example_dags/example_skip_dag.py
[2024-12-03T00:20:18.666+0000] {logging_mixin.py:190} INFO - [2024-12-03T00:20:18.666+0000] {dag.py:3239} INFO - Sync 1 DAGs
[2024-12-03T00:20:18.674+0000] {logging_mixin.py:190} INFO - [2024-12-03T00:20:18.674+0000] {dag.py:4180} INFO - Setting next_dagrun for example_skip_dag to 2024-12-02 00:00:00+00:00, run_after=2024-12-03 00:00:00+00:00
[2024-12-03T00:20:18.680+0000] {processor.py:208} INFO - Processing /home/airflow/.local/lib/python3.12/site-packages/airflow/example_dags/example_skip_dag.py took 0.031 seconds
[2024-12-03T00:20:48.967+0000] {processor.py:186} INFO - Started process (PID=5666) to work on /home/airflow/.local/lib/python3.12/site-packages/airflow/example_dags/example_skip_dag.py
[2024-12-03T00:20:48.967+0000] {processor.py:914} INFO - Processing file /home/airflow/.local/lib/python3.12/site-packages/airflow/example_dags/example_skip_dag.py for tasks to queue
[2024-12-03T00:20:48.968+0000] {logging_mixin.py:190} INFO - [2024-12-03T00:20:48.968+0000] {dagbag.py:588} INFO - Filling up the DagBag from /home/airflow/.local/lib/python3.12/site-packages/airflow/example_dags/example_skip_dag.py
[2024-12-03T00:20:48.972+0000] {processor.py:925} INFO - DAG(s) 'example_skip_dag' retrieved from /home/airflow/.local/lib/python3.12/site-packages/airflow/example_dags/example_skip_dag.py
[2024-12-03T00:20:48.981+0000] {logging_mixin.py:190} INFO - [2024-12-03T00:20:48.981+0000] {dag.py:3239} INFO - Sync 1 DAGs
[2024-12-03T00:20:48.993+0000] {logging_mixin.py:190} INFO - [2024-12-03T00:20:48.993+0000] {dag.py:4180} INFO - Setting next_dagrun for example_skip_dag to 2024-12-02 00:00:00+00:00, run_after=2024-12-03 00:00:00+00:00
[2024-12-03T00:20:49.002+0000] {processor.py:208} INFO - Processing /home/airflow/.local/lib/python3.12/site-packages/airflow/example_dags/example_skip_dag.py took 0.038 seconds
[2024-12-03T00:21:19.334+0000] {processor.py:186} INFO - Started process (PID=5732) to work on /home/airflow/.local/lib/python3.12/site-packages/airflow/example_dags/example_skip_dag.py
[2024-12-03T00:21:19.336+0000] {processor.py:914} INFO - Processing file /home/airflow/.local/lib/python3.12/site-packages/airflow/example_dags/example_skip_dag.py for tasks to queue
[2024-12-03T00:21:19.338+0000] {logging_mixin.py:190} INFO - [2024-12-03T00:21:19.337+0000] {dagbag.py:588} INFO - Filling up the DagBag from /home/airflow/.local/lib/python3.12/site-packages/airflow/example_dags/example_skip_dag.py
[2024-12-03T00:21:19.342+0000] {processor.py:925} INFO - DAG(s) 'example_skip_dag' retrieved from /home/airflow/.local/lib/python3.12/site-packages/airflow/example_dags/example_skip_dag.py
[2024-12-03T00:21:19.358+0000] {logging_mixin.py:190} INFO - [2024-12-03T00:21:19.358+0000] {dag.py:3239} INFO - Sync 1 DAGs
[2024-12-03T00:21:19.369+0000] {logging_mixin.py:190} INFO - [2024-12-03T00:21:19.369+0000] {dag.py:4180} INFO - Setting next_dagrun for example_skip_dag to 2024-12-02 00:00:00+00:00, run_after=2024-12-03 00:00:00+00:00
[2024-12-03T00:21:19.377+0000] {processor.py:208} INFO - Processing /home/airflow/.local/lib/python3.12/site-packages/airflow/example_dags/example_skip_dag.py took 0.046 seconds
[2024-12-03T00:21:49.689+0000] {processor.py:186} INFO - Started process (PID=5798) to work on /home/airflow/.local/lib/python3.12/site-packages/airflow/example_dags/example_skip_dag.py
[2024-12-03T00:21:49.689+0000] {processor.py:914} INFO - Processing file /home/airflow/.local/lib/python3.12/site-packages/airflow/example_dags/example_skip_dag.py for tasks to queue
[2024-12-03T00:21:49.691+0000] {logging_mixin.py:190} INFO - [2024-12-03T00:21:49.691+0000] {dagbag.py:588} INFO - Filling up the DagBag from /home/airflow/.local/lib/python3.12/site-packages/airflow/example_dags/example_skip_dag.py
[2024-12-03T00:21:49.695+0000] {processor.py:925} INFO - DAG(s) 'example_skip_dag' retrieved from /home/airflow/.local/lib/python3.12/site-packages/airflow/example_dags/example_skip_dag.py
[2024-12-03T00:21:49.704+0000] {logging_mixin.py:190} INFO - [2024-12-03T00:21:49.703+0000] {dag.py:3239} INFO - Sync 1 DAGs
[2024-12-03T00:21:49.713+0000] {logging_mixin.py:190} INFO - [2024-12-03T00:21:49.713+0000] {dag.py:4180} INFO - Setting next_dagrun for example_skip_dag to 2024-12-02 00:00:00+00:00, run_after=2024-12-03 00:00:00+00:00
[2024-12-03T00:21:49.719+0000] {processor.py:208} INFO - Processing /home/airflow/.local/lib/python3.12/site-packages/airflow/example_dags/example_skip_dag.py took 0.033 seconds
[2024-12-03T00:22:20.153+0000] {processor.py:186} INFO - Started process (PID=5865) to work on /home/airflow/.local/lib/python3.12/site-packages/airflow/example_dags/example_skip_dag.py
[2024-12-03T00:22:20.153+0000] {processor.py:914} INFO - Processing file /home/airflow/.local/lib/python3.12/site-packages/airflow/example_dags/example_skip_dag.py for tasks to queue
[2024-12-03T00:22:20.154+0000] {logging_mixin.py:190} INFO - [2024-12-03T00:22:20.154+0000] {dagbag.py:588} INFO - Filling up the DagBag from /home/airflow/.local/lib/python3.12/site-packages/airflow/example_dags/example_skip_dag.py
[2024-12-03T00:22:20.159+0000] {processor.py:925} INFO - DAG(s) 'example_skip_dag' retrieved from /home/airflow/.local/lib/python3.12/site-packages/airflow/example_dags/example_skip_dag.py
[2024-12-03T00:22:20.168+0000] {logging_mixin.py:190} INFO - [2024-12-03T00:22:20.168+0000] {dag.py:3239} INFO - Sync 1 DAGs
[2024-12-03T00:22:20.177+0000] {logging_mixin.py:190} INFO - [2024-12-03T00:22:20.176+0000] {dag.py:4180} INFO - Setting next_dagrun for example_skip_dag to 2024-12-02 00:00:00+00:00, run_after=2024-12-03 00:00:00+00:00
[2024-12-03T00:22:20.183+0000] {processor.py:208} INFO - Processing /home/airflow/.local/lib/python3.12/site-packages/airflow/example_dags/example_skip_dag.py took 0.033 seconds
[2024-12-03T00:22:50.663+0000] {processor.py:186} INFO - Started process (PID=5931) to work on /home/airflow/.local/lib/python3.12/site-packages/airflow/example_dags/example_skip_dag.py
[2024-12-03T00:22:50.664+0000] {processor.py:914} INFO - Processing file /home/airflow/.local/lib/python3.12/site-packages/airflow/example_dags/example_skip_dag.py for tasks to queue
[2024-12-03T00:22:50.665+0000] {logging_mixin.py:190} INFO - [2024-12-03T00:22:50.665+0000] {dagbag.py:588} INFO - Filling up the DagBag from /home/airflow/.local/lib/python3.12/site-packages/airflow/example_dags/example_skip_dag.py
[2024-12-03T00:22:50.670+0000] {processor.py:925} INFO - DAG(s) 'example_skip_dag' retrieved from /home/airflow/.local/lib/python3.12/site-packages/airflow/example_dags/example_skip_dag.py
[2024-12-03T00:22:50.680+0000] {logging_mixin.py:190} INFO - [2024-12-03T00:22:50.680+0000] {dag.py:3239} INFO - Sync 1 DAGs
[2024-12-03T00:22:50.690+0000] {logging_mixin.py:190} INFO - [2024-12-03T00:22:50.690+0000] {dag.py:4180} INFO - Setting next_dagrun for example_skip_dag to 2024-12-02 00:00:00+00:00, run_after=2024-12-03 00:00:00+00:00
[2024-12-03T00:22:50.697+0000] {processor.py:208} INFO - Processing /home/airflow/.local/lib/python3.12/site-packages/airflow/example_dags/example_skip_dag.py took 0.037 seconds
[2024-12-03T00:23:21.020+0000] {processor.py:186} INFO - Started process (PID=5997) to work on /home/airflow/.local/lib/python3.12/site-packages/airflow/example_dags/example_skip_dag.py
[2024-12-03T00:23:21.021+0000] {processor.py:914} INFO - Processing file /home/airflow/.local/lib/python3.12/site-packages/airflow/example_dags/example_skip_dag.py for tasks to queue
[2024-12-03T00:23:21.022+0000] {logging_mixin.py:190} INFO - [2024-12-03T00:23:21.021+0000] {dagbag.py:588} INFO - Filling up the DagBag from /home/airflow/.local/lib/python3.12/site-packages/airflow/example_dags/example_skip_dag.py
[2024-12-03T00:23:21.025+0000] {processor.py:925} INFO - DAG(s) 'example_skip_dag' retrieved from /home/airflow/.local/lib/python3.12/site-packages/airflow/example_dags/example_skip_dag.py
[2024-12-03T00:23:21.034+0000] {logging_mixin.py:190} INFO - [2024-12-03T00:23:21.034+0000] {dag.py:3239} INFO - Sync 1 DAGs
[2024-12-03T00:23:21.043+0000] {logging_mixin.py:190} INFO - [2024-12-03T00:23:21.043+0000] {dag.py:4180} INFO - Setting next_dagrun for example_skip_dag to 2024-12-02 00:00:00+00:00, run_after=2024-12-03 00:00:00+00:00
[2024-12-03T00:23:21.049+0000] {processor.py:208} INFO - Processing /home/airflow/.local/lib/python3.12/site-packages/airflow/example_dags/example_skip_dag.py took 0.031 seconds
[2024-12-03T00:23:51.175+0000] {processor.py:186} INFO - Started process (PID=6063) to work on /home/airflow/.local/lib/python3.12/site-packages/airflow/example_dags/example_skip_dag.py
[2024-12-03T00:23:51.176+0000] {processor.py:914} INFO - Processing file /home/airflow/.local/lib/python3.12/site-packages/airflow/example_dags/example_skip_dag.py for tasks to queue
[2024-12-03T00:23:51.176+0000] {logging_mixin.py:190} INFO - [2024-12-03T00:23:51.176+0000] {dagbag.py:588} INFO - Filling up the DagBag from /home/airflow/.local/lib/python3.12/site-packages/airflow/example_dags/example_skip_dag.py
[2024-12-03T00:23:51.180+0000] {processor.py:925} INFO - DAG(s) 'example_skip_dag' retrieved from /home/airflow/.local/lib/python3.12/site-packages/airflow/example_dags/example_skip_dag.py
[2024-12-03T00:23:51.189+0000] {logging_mixin.py:190} INFO - [2024-12-03T00:23:51.189+0000] {dag.py:3239} INFO - Sync 1 DAGs
[2024-12-03T00:23:51.196+0000] {logging_mixin.py:190} INFO - [2024-12-03T00:23:51.196+0000] {dag.py:4180} INFO - Setting next_dagrun for example_skip_dag to 2024-12-02 00:00:00+00:00, run_after=2024-12-03 00:00:00+00:00
[2024-12-03T00:23:51.206+0000] {processor.py:208} INFO - Processing /home/airflow/.local/lib/python3.12/site-packages/airflow/example_dags/example_skip_dag.py took 0.033 seconds
[2024-12-03T00:24:21.555+0000] {processor.py:186} INFO - Started process (PID=6128) to work on /home/airflow/.local/lib/python3.12/site-packages/airflow/example_dags/example_skip_dag.py
[2024-12-03T00:24:21.556+0000] {processor.py:914} INFO - Processing file /home/airflow/.local/lib/python3.12/site-packages/airflow/example_dags/example_skip_dag.py for tasks to queue
[2024-12-03T00:24:21.558+0000] {logging_mixin.py:190} INFO - [2024-12-03T00:24:21.558+0000] {dagbag.py:588} INFO - Filling up the DagBag from /home/airflow/.local/lib/python3.12/site-packages/airflow/example_dags/example_skip_dag.py
[2024-12-03T00:24:21.562+0000] {processor.py:925} INFO - DAG(s) 'example_skip_dag' retrieved from /home/airflow/.local/lib/python3.12/site-packages/airflow/example_dags/example_skip_dag.py
[2024-12-03T00:24:21.570+0000] {logging_mixin.py:190} INFO - [2024-12-03T00:24:21.570+0000] {dag.py:3239} INFO - Sync 1 DAGs
[2024-12-03T00:24:21.579+0000] {logging_mixin.py:190} INFO - [2024-12-03T00:24:21.578+0000] {dag.py:4180} INFO - Setting next_dagrun for example_skip_dag to 2024-12-02 00:00:00+00:00, run_after=2024-12-03 00:00:00+00:00
[2024-12-03T00:24:21.586+0000] {processor.py:208} INFO - Processing /home/airflow/.local/lib/python3.12/site-packages/airflow/example_dags/example_skip_dag.py took 0.034 seconds
[2024-12-03T00:24:51.885+0000] {processor.py:186} INFO - Started process (PID=6194) to work on /home/airflow/.local/lib/python3.12/site-packages/airflow/example_dags/example_skip_dag.py
[2024-12-03T00:24:51.885+0000] {processor.py:914} INFO - Processing file /home/airflow/.local/lib/python3.12/site-packages/airflow/example_dags/example_skip_dag.py for tasks to queue
[2024-12-03T00:24:51.886+0000] {logging_mixin.py:190} INFO - [2024-12-03T00:24:51.886+0000] {dagbag.py:588} INFO - Filling up the DagBag from /home/airflow/.local/lib/python3.12/site-packages/airflow/example_dags/example_skip_dag.py
[2024-12-03T00:24:51.890+0000] {processor.py:925} INFO - DAG(s) 'example_skip_dag' retrieved from /home/airflow/.local/lib/python3.12/site-packages/airflow/example_dags/example_skip_dag.py
[2024-12-03T00:24:51.901+0000] {logging_mixin.py:190} INFO - [2024-12-03T00:24:51.900+0000] {dag.py:3239} INFO - Sync 1 DAGs
[2024-12-03T00:24:51.910+0000] {logging_mixin.py:190} INFO - [2024-12-03T00:24:51.910+0000] {dag.py:4180} INFO - Setting next_dagrun for example_skip_dag to 2024-12-02 00:00:00+00:00, run_after=2024-12-03 00:00:00+00:00
[2024-12-03T00:24:51.917+0000] {processor.py:208} INFO - Processing /home/airflow/.local/lib/python3.12/site-packages/airflow/example_dags/example_skip_dag.py took 0.035 seconds
[2024-12-03T00:25:22.221+0000] {processor.py:186} INFO - Started process (PID=6260) to work on /home/airflow/.local/lib/python3.12/site-packages/airflow/example_dags/example_skip_dag.py
[2024-12-03T00:25:22.222+0000] {processor.py:914} INFO - Processing file /home/airflow/.local/lib/python3.12/site-packages/airflow/example_dags/example_skip_dag.py for tasks to queue
[2024-12-03T00:25:22.223+0000] {logging_mixin.py:190} INFO - [2024-12-03T00:25:22.223+0000] {dagbag.py:588} INFO - Filling up the DagBag from /home/airflow/.local/lib/python3.12/site-packages/airflow/example_dags/example_skip_dag.py
[2024-12-03T00:25:22.227+0000] {processor.py:925} INFO - DAG(s) 'example_skip_dag' retrieved from /home/airflow/.local/lib/python3.12/site-packages/airflow/example_dags/example_skip_dag.py
[2024-12-03T00:25:22.238+0000] {logging_mixin.py:190} INFO - [2024-12-03T00:25:22.237+0000] {dag.py:3239} INFO - Sync 1 DAGs
[2024-12-03T00:25:22.249+0000] {logging_mixin.py:190} INFO - [2024-12-03T00:25:22.249+0000] {dag.py:4180} INFO - Setting next_dagrun for example_skip_dag to 2024-12-02 00:00:00+00:00, run_after=2024-12-03 00:00:00+00:00
[2024-12-03T00:25:22.259+0000] {processor.py:208} INFO - Processing /home/airflow/.local/lib/python3.12/site-packages/airflow/example_dags/example_skip_dag.py took 0.041 seconds
[2024-12-03T00:25:52.494+0000] {processor.py:186} INFO - Started process (PID=6326) to work on /home/airflow/.local/lib/python3.12/site-packages/airflow/example_dags/example_skip_dag.py
[2024-12-03T00:25:52.494+0000] {processor.py:914} INFO - Processing file /home/airflow/.local/lib/python3.12/site-packages/airflow/example_dags/example_skip_dag.py for tasks to queue
[2024-12-03T00:25:52.495+0000] {logging_mixin.py:190} INFO - [2024-12-03T00:25:52.495+0000] {dagbag.py:588} INFO - Filling up the DagBag from /home/airflow/.local/lib/python3.12/site-packages/airflow/example_dags/example_skip_dag.py
[2024-12-03T00:25:52.499+0000] {processor.py:925} INFO - DAG(s) 'example_skip_dag' retrieved from /home/airflow/.local/lib/python3.12/site-packages/airflow/example_dags/example_skip_dag.py
[2024-12-03T00:25:52.509+0000] {logging_mixin.py:190} INFO - [2024-12-03T00:25:52.509+0000] {dag.py:3239} INFO - Sync 1 DAGs
[2024-12-03T00:25:52.519+0000] {logging_mixin.py:190} INFO - [2024-12-03T00:25:52.519+0000] {dag.py:4180} INFO - Setting next_dagrun for example_skip_dag to 2024-12-02 00:00:00+00:00, run_after=2024-12-03 00:00:00+00:00
[2024-12-03T00:25:52.527+0000] {processor.py:208} INFO - Processing /home/airflow/.local/lib/python3.12/site-packages/airflow/example_dags/example_skip_dag.py took 0.036 seconds
[2024-12-03T00:26:22.777+0000] {processor.py:186} INFO - Started process (PID=6392) to work on /home/airflow/.local/lib/python3.12/site-packages/airflow/example_dags/example_skip_dag.py
[2024-12-03T00:26:22.777+0000] {processor.py:914} INFO - Processing file /home/airflow/.local/lib/python3.12/site-packages/airflow/example_dags/example_skip_dag.py for tasks to queue
[2024-12-03T00:26:22.779+0000] {logging_mixin.py:190} INFO - [2024-12-03T00:26:22.779+0000] {dagbag.py:588} INFO - Filling up the DagBag from /home/airflow/.local/lib/python3.12/site-packages/airflow/example_dags/example_skip_dag.py
[2024-12-03T00:26:22.783+0000] {processor.py:925} INFO - DAG(s) 'example_skip_dag' retrieved from /home/airflow/.local/lib/python3.12/site-packages/airflow/example_dags/example_skip_dag.py
[2024-12-03T00:26:22.795+0000] {logging_mixin.py:190} INFO - [2024-12-03T00:26:22.795+0000] {dag.py:3239} INFO - Sync 1 DAGs
[2024-12-03T00:26:22.805+0000] {logging_mixin.py:190} INFO - [2024-12-03T00:26:22.804+0000] {dag.py:4180} INFO - Setting next_dagrun for example_skip_dag to 2024-12-02 00:00:00+00:00, run_after=2024-12-03 00:00:00+00:00
[2024-12-03T00:26:22.811+0000] {processor.py:208} INFO - Processing /home/airflow/.local/lib/python3.12/site-packages/airflow/example_dags/example_skip_dag.py took 0.037 seconds
[2024-12-03T00:26:53.166+0000] {processor.py:186} INFO - Started process (PID=6458) to work on /home/airflow/.local/lib/python3.12/site-packages/airflow/example_dags/example_skip_dag.py
[2024-12-03T00:26:53.167+0000] {processor.py:914} INFO - Processing file /home/airflow/.local/lib/python3.12/site-packages/airflow/example_dags/example_skip_dag.py for tasks to queue
[2024-12-03T00:26:53.169+0000] {logging_mixin.py:190} INFO - [2024-12-03T00:26:53.169+0000] {dagbag.py:588} INFO - Filling up the DagBag from /home/airflow/.local/lib/python3.12/site-packages/airflow/example_dags/example_skip_dag.py
[2024-12-03T00:26:53.173+0000] {processor.py:925} INFO - DAG(s) 'example_skip_dag' retrieved from /home/airflow/.local/lib/python3.12/site-packages/airflow/example_dags/example_skip_dag.py
[2024-12-03T00:26:53.182+0000] {logging_mixin.py:190} INFO - [2024-12-03T00:26:53.182+0000] {dag.py:3239} INFO - Sync 1 DAGs
[2024-12-03T00:26:53.191+0000] {logging_mixin.py:190} INFO - [2024-12-03T00:26:53.191+0000] {dag.py:4180} INFO - Setting next_dagrun for example_skip_dag to 2024-12-02 00:00:00+00:00, run_after=2024-12-03 00:00:00+00:00
[2024-12-03T00:26:53.200+0000] {processor.py:208} INFO - Processing /home/airflow/.local/lib/python3.12/site-packages/airflow/example_dags/example_skip_dag.py took 0.037 seconds
[2024-12-03T00:27:23.512+0000] {processor.py:186} INFO - Started process (PID=6524) to work on /home/airflow/.local/lib/python3.12/site-packages/airflow/example_dags/example_skip_dag.py
[2024-12-03T00:27:23.514+0000] {processor.py:914} INFO - Processing file /home/airflow/.local/lib/python3.12/site-packages/airflow/example_dags/example_skip_dag.py for tasks to queue
[2024-12-03T00:27:23.515+0000] {logging_mixin.py:190} INFO - [2024-12-03T00:27:23.515+0000] {dagbag.py:588} INFO - Filling up the DagBag from /home/airflow/.local/lib/python3.12/site-packages/airflow/example_dags/example_skip_dag.py
[2024-12-03T00:27:23.521+0000] {processor.py:925} INFO - DAG(s) 'example_skip_dag' retrieved from /home/airflow/.local/lib/python3.12/site-packages/airflow/example_dags/example_skip_dag.py
[2024-12-03T00:27:23.532+0000] {logging_mixin.py:190} INFO - [2024-12-03T00:27:23.532+0000] {dag.py:3239} INFO - Sync 1 DAGs
[2024-12-03T00:27:23.542+0000] {logging_mixin.py:190} INFO - [2024-12-03T00:27:23.542+0000] {dag.py:4180} INFO - Setting next_dagrun for example_skip_dag to 2024-12-02 00:00:00+00:00, run_after=2024-12-03 00:00:00+00:00
[2024-12-03T00:27:23.555+0000] {processor.py:208} INFO - Processing /home/airflow/.local/lib/python3.12/site-packages/airflow/example_dags/example_skip_dag.py took 0.049 seconds
[2024-12-03T00:27:54.067+0000] {processor.py:186} INFO - Started process (PID=6590) to work on /home/airflow/.local/lib/python3.12/site-packages/airflow/example_dags/example_skip_dag.py
[2024-12-03T00:27:54.067+0000] {processor.py:914} INFO - Processing file /home/airflow/.local/lib/python3.12/site-packages/airflow/example_dags/example_skip_dag.py for tasks to queue
[2024-12-03T00:27:54.069+0000] {logging_mixin.py:190} INFO - [2024-12-03T00:27:54.069+0000] {dagbag.py:588} INFO - Filling up the DagBag from /home/airflow/.local/lib/python3.12/site-packages/airflow/example_dags/example_skip_dag.py
[2024-12-03T00:27:54.073+0000] {processor.py:925} INFO - DAG(s) 'example_skip_dag' retrieved from /home/airflow/.local/lib/python3.12/site-packages/airflow/example_dags/example_skip_dag.py
[2024-12-03T00:27:54.088+0000] {logging_mixin.py:190} INFO - [2024-12-03T00:27:54.088+0000] {dag.py:3239} INFO - Sync 1 DAGs
[2024-12-03T00:27:54.098+0000] {logging_mixin.py:190} INFO - [2024-12-03T00:27:54.098+0000] {dag.py:4180} INFO - Setting next_dagrun for example_skip_dag to 2024-12-02 00:00:00+00:00, run_after=2024-12-03 00:00:00+00:00
[2024-12-03T00:27:54.106+0000] {processor.py:208} INFO - Processing /home/airflow/.local/lib/python3.12/site-packages/airflow/example_dags/example_skip_dag.py took 0.042 seconds
[2024-12-03T00:28:24.430+0000] {processor.py:186} INFO - Started process (PID=6656) to work on /home/airflow/.local/lib/python3.12/site-packages/airflow/example_dags/example_skip_dag.py
[2024-12-03T00:28:24.430+0000] {processor.py:914} INFO - Processing file /home/airflow/.local/lib/python3.12/site-packages/airflow/example_dags/example_skip_dag.py for tasks to queue
[2024-12-03T00:28:24.431+0000] {logging_mixin.py:190} INFO - [2024-12-03T00:28:24.431+0000] {dagbag.py:588} INFO - Filling up the DagBag from /home/airflow/.local/lib/python3.12/site-packages/airflow/example_dags/example_skip_dag.py
[2024-12-03T00:28:24.436+0000] {processor.py:925} INFO - DAG(s) 'example_skip_dag' retrieved from /home/airflow/.local/lib/python3.12/site-packages/airflow/example_dags/example_skip_dag.py
[2024-12-03T00:28:24.446+0000] {logging_mixin.py:190} INFO - [2024-12-03T00:28:24.446+0000] {dag.py:3239} INFO - Sync 1 DAGs
[2024-12-03T00:28:24.455+0000] {logging_mixin.py:190} INFO - [2024-12-03T00:28:24.455+0000] {dag.py:4180} INFO - Setting next_dagrun for example_skip_dag to 2024-12-02 00:00:00+00:00, run_after=2024-12-03 00:00:00+00:00
[2024-12-03T00:28:24.463+0000] {processor.py:208} INFO - Processing /home/airflow/.local/lib/python3.12/site-packages/airflow/example_dags/example_skip_dag.py took 0.036 seconds
[2024-12-03T00:28:54.784+0000] {processor.py:186} INFO - Started process (PID=6722) to work on /home/airflow/.local/lib/python3.12/site-packages/airflow/example_dags/example_skip_dag.py
[2024-12-03T00:28:54.785+0000] {processor.py:914} INFO - Processing file /home/airflow/.local/lib/python3.12/site-packages/airflow/example_dags/example_skip_dag.py for tasks to queue
[2024-12-03T00:28:54.786+0000] {logging_mixin.py:190} INFO - [2024-12-03T00:28:54.786+0000] {dagbag.py:588} INFO - Filling up the DagBag from /home/airflow/.local/lib/python3.12/site-packages/airflow/example_dags/example_skip_dag.py
[2024-12-03T00:28:54.789+0000] {processor.py:925} INFO - DAG(s) 'example_skip_dag' retrieved from /home/airflow/.local/lib/python3.12/site-packages/airflow/example_dags/example_skip_dag.py
[2024-12-03T00:28:54.799+0000] {logging_mixin.py:190} INFO - [2024-12-03T00:28:54.799+0000] {dag.py:3239} INFO - Sync 1 DAGs
[2024-12-03T00:28:54.808+0000] {logging_mixin.py:190} INFO - [2024-12-03T00:28:54.808+0000] {dag.py:4180} INFO - Setting next_dagrun for example_skip_dag to 2024-12-02 00:00:00+00:00, run_after=2024-12-03 00:00:00+00:00
[2024-12-03T00:28:54.819+0000] {processor.py:208} INFO - Processing /home/airflow/.local/lib/python3.12/site-packages/airflow/example_dags/example_skip_dag.py took 0.037 seconds
[2024-12-03T00:29:25.268+0000] {processor.py:186} INFO - Started process (PID=6788) to work on /home/airflow/.local/lib/python3.12/site-packages/airflow/example_dags/example_skip_dag.py
[2024-12-03T00:29:25.270+0000] {processor.py:914} INFO - Processing file /home/airflow/.local/lib/python3.12/site-packages/airflow/example_dags/example_skip_dag.py for tasks to queue
[2024-12-03T00:29:25.272+0000] {logging_mixin.py:190} INFO - [2024-12-03T00:29:25.271+0000] {dagbag.py:588} INFO - Filling up the DagBag from /home/airflow/.local/lib/python3.12/site-packages/airflow/example_dags/example_skip_dag.py
[2024-12-03T00:29:25.276+0000] {processor.py:925} INFO - DAG(s) 'example_skip_dag' retrieved from /home/airflow/.local/lib/python3.12/site-packages/airflow/example_dags/example_skip_dag.py
[2024-12-03T00:29:25.285+0000] {logging_mixin.py:190} INFO - [2024-12-03T00:29:25.285+0000] {dag.py:3239} INFO - Sync 1 DAGs
[2024-12-03T00:29:25.294+0000] {logging_mixin.py:190} INFO - [2024-12-03T00:29:25.294+0000] {dag.py:4180} INFO - Setting next_dagrun for example_skip_dag to 2024-12-02 00:00:00+00:00, run_after=2024-12-03 00:00:00+00:00
[2024-12-03T00:29:25.301+0000] {processor.py:208} INFO - Processing /home/airflow/.local/lib/python3.12/site-packages/airflow/example_dags/example_skip_dag.py took 0.035 seconds
[2024-12-03T00:29:55.640+0000] {processor.py:186} INFO - Started process (PID=6854) to work on /home/airflow/.local/lib/python3.12/site-packages/airflow/example_dags/example_skip_dag.py
[2024-12-03T00:29:55.642+0000] {processor.py:914} INFO - Processing file /home/airflow/.local/lib/python3.12/site-packages/airflow/example_dags/example_skip_dag.py for tasks to queue
[2024-12-03T00:29:55.643+0000] {logging_mixin.py:190} INFO - [2024-12-03T00:29:55.643+0000] {dagbag.py:588} INFO - Filling up the DagBag from /home/airflow/.local/lib/python3.12/site-packages/airflow/example_dags/example_skip_dag.py
[2024-12-03T00:29:55.648+0000] {processor.py:925} INFO - DAG(s) 'example_skip_dag' retrieved from /home/airflow/.local/lib/python3.12/site-packages/airflow/example_dags/example_skip_dag.py
[2024-12-03T00:29:55.664+0000] {logging_mixin.py:190} INFO - [2024-12-03T00:29:55.663+0000] {dag.py:3239} INFO - Sync 1 DAGs
[2024-12-03T00:29:55.675+0000] {logging_mixin.py:190} INFO - [2024-12-03T00:29:55.675+0000] {dag.py:4180} INFO - Setting next_dagrun for example_skip_dag to 2024-12-02 00:00:00+00:00, run_after=2024-12-03 00:00:00+00:00
[2024-12-03T00:29:55.686+0000] {processor.py:208} INFO - Processing /home/airflow/.local/lib/python3.12/site-packages/airflow/example_dags/example_skip_dag.py took 0.052 seconds
[2024-12-03T00:30:26.343+0000] {processor.py:186} INFO - Started process (PID=6920) to work on /home/airflow/.local/lib/python3.12/site-packages/airflow/example_dags/example_skip_dag.py
[2024-12-03T00:30:26.344+0000] {processor.py:914} INFO - Processing file /home/airflow/.local/lib/python3.12/site-packages/airflow/example_dags/example_skip_dag.py for tasks to queue
[2024-12-03T00:30:26.345+0000] {logging_mixin.py:190} INFO - [2024-12-03T00:30:26.345+0000] {dagbag.py:588} INFO - Filling up the DagBag from /home/airflow/.local/lib/python3.12/site-packages/airflow/example_dags/example_skip_dag.py
[2024-12-03T00:30:26.348+0000] {processor.py:925} INFO - DAG(s) 'example_skip_dag' retrieved from /home/airflow/.local/lib/python3.12/site-packages/airflow/example_dags/example_skip_dag.py
[2024-12-03T00:30:26.359+0000] {logging_mixin.py:190} INFO - [2024-12-03T00:30:26.359+0000] {dag.py:3239} INFO - Sync 1 DAGs
[2024-12-03T00:30:26.370+0000] {logging_mixin.py:190} INFO - [2024-12-03T00:30:26.369+0000] {dag.py:4180} INFO - Setting next_dagrun for example_skip_dag to 2024-12-02 00:00:00+00:00, run_after=2024-12-03 00:00:00+00:00
[2024-12-03T00:30:26.376+0000] {processor.py:208} INFO - Processing /home/airflow/.local/lib/python3.12/site-packages/airflow/example_dags/example_skip_dag.py took 0.036 seconds
[2024-12-03T00:30:56.705+0000] {processor.py:186} INFO - Started process (PID=6986) to work on /home/airflow/.local/lib/python3.12/site-packages/airflow/example_dags/example_skip_dag.py
[2024-12-03T00:30:56.705+0000] {processor.py:914} INFO - Processing file /home/airflow/.local/lib/python3.12/site-packages/airflow/example_dags/example_skip_dag.py for tasks to queue
[2024-12-03T00:30:56.706+0000] {logging_mixin.py:190} INFO - [2024-12-03T00:30:56.706+0000] {dagbag.py:588} INFO - Filling up the DagBag from /home/airflow/.local/lib/python3.12/site-packages/airflow/example_dags/example_skip_dag.py
[2024-12-03T00:30:56.710+0000] {processor.py:925} INFO - DAG(s) 'example_skip_dag' retrieved from /home/airflow/.local/lib/python3.12/site-packages/airflow/example_dags/example_skip_dag.py
[2024-12-03T00:30:56.722+0000] {logging_mixin.py:190} INFO - [2024-12-03T00:30:56.722+0000] {dag.py:3239} INFO - Sync 1 DAGs
[2024-12-03T00:30:56.730+0000] {logging_mixin.py:190} INFO - [2024-12-03T00:30:56.730+0000] {dag.py:4180} INFO - Setting next_dagrun for example_skip_dag to 2024-12-02 00:00:00+00:00, run_after=2024-12-03 00:00:00+00:00
[2024-12-03T00:30:56.736+0000] {processor.py:208} INFO - Processing /home/airflow/.local/lib/python3.12/site-packages/airflow/example_dags/example_skip_dag.py took 0.034 seconds
[2024-12-03T00:31:27.179+0000] {processor.py:186} INFO - Started process (PID=7052) to work on /home/airflow/.local/lib/python3.12/site-packages/airflow/example_dags/example_skip_dag.py
[2024-12-03T00:31:27.180+0000] {processor.py:914} INFO - Processing file /home/airflow/.local/lib/python3.12/site-packages/airflow/example_dags/example_skip_dag.py for tasks to queue
[2024-12-03T00:31:27.181+0000] {logging_mixin.py:190} INFO - [2024-12-03T00:31:27.181+0000] {dagbag.py:588} INFO - Filling up the DagBag from /home/airflow/.local/lib/python3.12/site-packages/airflow/example_dags/example_skip_dag.py
[2024-12-03T00:31:27.185+0000] {processor.py:925} INFO - DAG(s) 'example_skip_dag' retrieved from /home/airflow/.local/lib/python3.12/site-packages/airflow/example_dags/example_skip_dag.py
[2024-12-03T00:31:27.205+0000] {logging_mixin.py:190} INFO - [2024-12-03T00:31:27.205+0000] {dag.py:3239} INFO - Sync 1 DAGs
[2024-12-03T00:31:27.216+0000] {logging_mixin.py:190} INFO - [2024-12-03T00:31:27.216+0000] {dag.py:4180} INFO - Setting next_dagrun for example_skip_dag to 2024-12-02 00:00:00+00:00, run_after=2024-12-03 00:00:00+00:00
[2024-12-03T00:31:27.224+0000] {processor.py:208} INFO - Processing /home/airflow/.local/lib/python3.12/site-packages/airflow/example_dags/example_skip_dag.py took 0.049 seconds
[2024-12-03T00:31:57.695+0000] {processor.py:186} INFO - Started process (PID=7118) to work on /home/airflow/.local/lib/python3.12/site-packages/airflow/example_dags/example_skip_dag.py
[2024-12-03T00:31:57.695+0000] {processor.py:914} INFO - Processing file /home/airflow/.local/lib/python3.12/site-packages/airflow/example_dags/example_skip_dag.py for tasks to queue
[2024-12-03T00:31:57.696+0000] {logging_mixin.py:190} INFO - [2024-12-03T00:31:57.696+0000] {dagbag.py:588} INFO - Filling up the DagBag from /home/airflow/.local/lib/python3.12/site-packages/airflow/example_dags/example_skip_dag.py
[2024-12-03T00:31:57.700+0000] {processor.py:925} INFO - DAG(s) 'example_skip_dag' retrieved from /home/airflow/.local/lib/python3.12/site-packages/airflow/example_dags/example_skip_dag.py
[2024-12-03T00:31:57.710+0000] {logging_mixin.py:190} INFO - [2024-12-03T00:31:57.710+0000] {dag.py:3239} INFO - Sync 1 DAGs
[2024-12-03T00:31:57.721+0000] {logging_mixin.py:190} INFO - [2024-12-03T00:31:57.721+0000] {dag.py:4180} INFO - Setting next_dagrun for example_skip_dag to 2024-12-02 00:00:00+00:00, run_after=2024-12-03 00:00:00+00:00
[2024-12-03T00:31:57.730+0000] {processor.py:208} INFO - Processing /home/airflow/.local/lib/python3.12/site-packages/airflow/example_dags/example_skip_dag.py took 0.038 seconds
[2024-12-03T00:32:28.222+0000] {processor.py:186} INFO - Started process (PID=7184) to work on /home/airflow/.local/lib/python3.12/site-packages/airflow/example_dags/example_skip_dag.py
[2024-12-03T00:32:28.224+0000] {processor.py:914} INFO - Processing file /home/airflow/.local/lib/python3.12/site-packages/airflow/example_dags/example_skip_dag.py for tasks to queue
[2024-12-03T00:32:28.225+0000] {logging_mixin.py:190} INFO - [2024-12-03T00:32:28.225+0000] {dagbag.py:588} INFO - Filling up the DagBag from /home/airflow/.local/lib/python3.12/site-packages/airflow/example_dags/example_skip_dag.py
[2024-12-03T00:32:28.230+0000] {processor.py:925} INFO - DAG(s) 'example_skip_dag' retrieved from /home/airflow/.local/lib/python3.12/site-packages/airflow/example_dags/example_skip_dag.py
[2024-12-03T00:32:28.239+0000] {logging_mixin.py:190} INFO - [2024-12-03T00:32:28.239+0000] {dag.py:3239} INFO - Sync 1 DAGs
[2024-12-03T00:32:28.249+0000] {logging_mixin.py:190} INFO - [2024-12-03T00:32:28.249+0000] {dag.py:4180} INFO - Setting next_dagrun for example_skip_dag to 2024-12-02 00:00:00+00:00, run_after=2024-12-03 00:00:00+00:00
[2024-12-03T00:32:28.257+0000] {processor.py:208} INFO - Processing /home/airflow/.local/lib/python3.12/site-packages/airflow/example_dags/example_skip_dag.py took 0.037 seconds
[2024-12-03T00:32:58.606+0000] {processor.py:186} INFO - Started process (PID=7250) to work on /home/airflow/.local/lib/python3.12/site-packages/airflow/example_dags/example_skip_dag.py
[2024-12-03T00:32:58.607+0000] {processor.py:914} INFO - Processing file /home/airflow/.local/lib/python3.12/site-packages/airflow/example_dags/example_skip_dag.py for tasks to queue
[2024-12-03T00:32:58.609+0000] {logging_mixin.py:190} INFO - [2024-12-03T00:32:58.609+0000] {dagbag.py:588} INFO - Filling up the DagBag from /home/airflow/.local/lib/python3.12/site-packages/airflow/example_dags/example_skip_dag.py
[2024-12-03T00:32:58.615+0000] {processor.py:925} INFO - DAG(s) 'example_skip_dag' retrieved from /home/airflow/.local/lib/python3.12/site-packages/airflow/example_dags/example_skip_dag.py
[2024-12-03T00:32:58.624+0000] {logging_mixin.py:190} INFO - [2024-12-03T00:32:58.624+0000] {dag.py:3239} INFO - Sync 1 DAGs
[2024-12-03T00:32:58.636+0000] {logging_mixin.py:190} INFO - [2024-12-03T00:32:58.636+0000] {dag.py:4180} INFO - Setting next_dagrun for example_skip_dag to 2024-12-02 00:00:00+00:00, run_after=2024-12-03 00:00:00+00:00
[2024-12-03T00:32:58.644+0000] {processor.py:208} INFO - Processing /home/airflow/.local/lib/python3.12/site-packages/airflow/example_dags/example_skip_dag.py took 0.041 seconds
[2024-12-03T00:33:28.868+0000] {processor.py:186} INFO - Started process (PID=7316) to work on /home/airflow/.local/lib/python3.12/site-packages/airflow/example_dags/example_skip_dag.py
[2024-12-03T00:33:28.869+0000] {processor.py:914} INFO - Processing file /home/airflow/.local/lib/python3.12/site-packages/airflow/example_dags/example_skip_dag.py for tasks to queue
[2024-12-03T00:33:28.870+0000] {logging_mixin.py:190} INFO - [2024-12-03T00:33:28.870+0000] {dagbag.py:588} INFO - Filling up the DagBag from /home/airflow/.local/lib/python3.12/site-packages/airflow/example_dags/example_skip_dag.py
[2024-12-03T00:33:28.875+0000] {processor.py:925} INFO - DAG(s) 'example_skip_dag' retrieved from /home/airflow/.local/lib/python3.12/site-packages/airflow/example_dags/example_skip_dag.py
[2024-12-03T00:33:28.888+0000] {logging_mixin.py:190} INFO - [2024-12-03T00:33:28.887+0000] {dag.py:3239} INFO - Sync 1 DAGs
[2024-12-03T00:33:28.896+0000] {logging_mixin.py:190} INFO - [2024-12-03T00:33:28.896+0000] {dag.py:4180} INFO - Setting next_dagrun for example_skip_dag to 2024-12-02 00:00:00+00:00, run_after=2024-12-03 00:00:00+00:00
[2024-12-03T00:33:28.902+0000] {processor.py:208} INFO - Processing /home/airflow/.local/lib/python3.12/site-packages/airflow/example_dags/example_skip_dag.py took 0.037 seconds
[2024-12-03T00:33:59.186+0000] {processor.py:186} INFO - Started process (PID=7382) to work on /home/airflow/.local/lib/python3.12/site-packages/airflow/example_dags/example_skip_dag.py
[2024-12-03T00:33:59.187+0000] {processor.py:914} INFO - Processing file /home/airflow/.local/lib/python3.12/site-packages/airflow/example_dags/example_skip_dag.py for tasks to queue
[2024-12-03T00:33:59.188+0000] {logging_mixin.py:190} INFO - [2024-12-03T00:33:59.188+0000] {dagbag.py:588} INFO - Filling up the DagBag from /home/airflow/.local/lib/python3.12/site-packages/airflow/example_dags/example_skip_dag.py
[2024-12-03T00:33:59.193+0000] {processor.py:925} INFO - DAG(s) 'example_skip_dag' retrieved from /home/airflow/.local/lib/python3.12/site-packages/airflow/example_dags/example_skip_dag.py
[2024-12-03T00:33:59.203+0000] {logging_mixin.py:190} INFO - [2024-12-03T00:33:59.203+0000] {dag.py:3239} INFO - Sync 1 DAGs
[2024-12-03T00:33:59.212+0000] {logging_mixin.py:190} INFO - [2024-12-03T00:33:59.212+0000] {dag.py:4180} INFO - Setting next_dagrun for example_skip_dag to 2024-12-02 00:00:00+00:00, run_after=2024-12-03 00:00:00+00:00
[2024-12-03T00:33:59.220+0000] {processor.py:208} INFO - Processing /home/airflow/.local/lib/python3.12/site-packages/airflow/example_dags/example_skip_dag.py took 0.037 seconds
[2024-12-03T00:34:29.438+0000] {processor.py:186} INFO - Started process (PID=7448) to work on /home/airflow/.local/lib/python3.12/site-packages/airflow/example_dags/example_skip_dag.py
[2024-12-03T00:34:29.440+0000] {processor.py:914} INFO - Processing file /home/airflow/.local/lib/python3.12/site-packages/airflow/example_dags/example_skip_dag.py for tasks to queue
[2024-12-03T00:34:29.441+0000] {logging_mixin.py:190} INFO - [2024-12-03T00:34:29.441+0000] {dagbag.py:588} INFO - Filling up the DagBag from /home/airflow/.local/lib/python3.12/site-packages/airflow/example_dags/example_skip_dag.py
[2024-12-03T00:34:29.445+0000] {processor.py:925} INFO - DAG(s) 'example_skip_dag' retrieved from /home/airflow/.local/lib/python3.12/site-packages/airflow/example_dags/example_skip_dag.py
[2024-12-03T00:34:29.454+0000] {logging_mixin.py:190} INFO - [2024-12-03T00:34:29.454+0000] {dag.py:3239} INFO - Sync 1 DAGs
[2024-12-03T00:34:29.462+0000] {logging_mixin.py:190} INFO - [2024-12-03T00:34:29.462+0000] {dag.py:4180} INFO - Setting next_dagrun for example_skip_dag to 2024-12-02 00:00:00+00:00, run_after=2024-12-03 00:00:00+00:00
[2024-12-03T00:34:29.469+0000] {processor.py:208} INFO - Processing /home/airflow/.local/lib/python3.12/site-packages/airflow/example_dags/example_skip_dag.py took 0.033 seconds
[2024-12-03T00:34:59.721+0000] {processor.py:186} INFO - Started process (PID=7514) to work on /home/airflow/.local/lib/python3.12/site-packages/airflow/example_dags/example_skip_dag.py
[2024-12-03T00:34:59.721+0000] {processor.py:914} INFO - Processing file /home/airflow/.local/lib/python3.12/site-packages/airflow/example_dags/example_skip_dag.py for tasks to queue
[2024-12-03T00:34:59.723+0000] {logging_mixin.py:190} INFO - [2024-12-03T00:34:59.722+0000] {dagbag.py:588} INFO - Filling up the DagBag from /home/airflow/.local/lib/python3.12/site-packages/airflow/example_dags/example_skip_dag.py
[2024-12-03T00:34:59.728+0000] {processor.py:925} INFO - DAG(s) 'example_skip_dag' retrieved from /home/airflow/.local/lib/python3.12/site-packages/airflow/example_dags/example_skip_dag.py
[2024-12-03T00:34:59.742+0000] {logging_mixin.py:190} INFO - [2024-12-03T00:34:59.742+0000] {dag.py:3239} INFO - Sync 1 DAGs
[2024-12-03T00:34:59.752+0000] {logging_mixin.py:190} INFO - [2024-12-03T00:34:59.752+0000] {dag.py:4180} INFO - Setting next_dagrun for example_skip_dag to 2024-12-02 00:00:00+00:00, run_after=2024-12-03 00:00:00+00:00
[2024-12-03T00:34:59.761+0000] {processor.py:208} INFO - Processing /home/airflow/.local/lib/python3.12/site-packages/airflow/example_dags/example_skip_dag.py took 0.044 seconds
[2024-12-03T00:35:30.008+0000] {processor.py:186} INFO - Started process (PID=7580) to work on /home/airflow/.local/lib/python3.12/site-packages/airflow/example_dags/example_skip_dag.py
[2024-12-03T00:35:30.010+0000] {processor.py:914} INFO - Processing file /home/airflow/.local/lib/python3.12/site-packages/airflow/example_dags/example_skip_dag.py for tasks to queue
[2024-12-03T00:35:30.011+0000] {logging_mixin.py:190} INFO - [2024-12-03T00:35:30.011+0000] {dagbag.py:588} INFO - Filling up the DagBag from /home/airflow/.local/lib/python3.12/site-packages/airflow/example_dags/example_skip_dag.py
[2024-12-03T00:35:30.016+0000] {processor.py:925} INFO - DAG(s) 'example_skip_dag' retrieved from /home/airflow/.local/lib/python3.12/site-packages/airflow/example_dags/example_skip_dag.py
[2024-12-03T00:35:30.025+0000] {logging_mixin.py:190} INFO - [2024-12-03T00:35:30.025+0000] {dag.py:3239} INFO - Sync 1 DAGs
[2024-12-03T00:35:30.035+0000] {logging_mixin.py:190} INFO - [2024-12-03T00:35:30.035+0000] {dag.py:4180} INFO - Setting next_dagrun for example_skip_dag to 2024-12-02 00:00:00+00:00, run_after=2024-12-03 00:00:00+00:00
[2024-12-03T00:35:30.043+0000] {processor.py:208} INFO - Processing /home/airflow/.local/lib/python3.12/site-packages/airflow/example_dags/example_skip_dag.py took 0.038 seconds
[2024-12-03T00:36:00.382+0000] {processor.py:186} INFO - Started process (PID=7646) to work on /home/airflow/.local/lib/python3.12/site-packages/airflow/example_dags/example_skip_dag.py
[2024-12-03T00:36:00.382+0000] {processor.py:914} INFO - Processing file /home/airflow/.local/lib/python3.12/site-packages/airflow/example_dags/example_skip_dag.py for tasks to queue
[2024-12-03T00:36:00.383+0000] {logging_mixin.py:190} INFO - [2024-12-03T00:36:00.383+0000] {dagbag.py:588} INFO - Filling up the DagBag from /home/airflow/.local/lib/python3.12/site-packages/airflow/example_dags/example_skip_dag.py
[2024-12-03T00:36:00.387+0000] {processor.py:925} INFO - DAG(s) 'example_skip_dag' retrieved from /home/airflow/.local/lib/python3.12/site-packages/airflow/example_dags/example_skip_dag.py
[2024-12-03T00:36:00.399+0000] {logging_mixin.py:190} INFO - [2024-12-03T00:36:00.399+0000] {dag.py:3239} INFO - Sync 1 DAGs
[2024-12-03T00:36:00.407+0000] {logging_mixin.py:190} INFO - [2024-12-03T00:36:00.407+0000] {dag.py:4180} INFO - Setting next_dagrun for example_skip_dag to 2024-12-02 00:00:00+00:00, run_after=2024-12-03 00:00:00+00:00
[2024-12-03T00:36:00.416+0000] {processor.py:208} INFO - Processing /home/airflow/.local/lib/python3.12/site-packages/airflow/example_dags/example_skip_dag.py took 0.037 seconds
[2024-12-03T00:36:30.685+0000] {processor.py:186} INFO - Started process (PID=7712) to work on /home/airflow/.local/lib/python3.12/site-packages/airflow/example_dags/example_skip_dag.py
[2024-12-03T00:36:30.686+0000] {processor.py:914} INFO - Processing file /home/airflow/.local/lib/python3.12/site-packages/airflow/example_dags/example_skip_dag.py for tasks to queue
[2024-12-03T00:36:30.688+0000] {logging_mixin.py:190} INFO - [2024-12-03T00:36:30.688+0000] {dagbag.py:588} INFO - Filling up the DagBag from /home/airflow/.local/lib/python3.12/site-packages/airflow/example_dags/example_skip_dag.py
[2024-12-03T00:36:30.692+0000] {processor.py:925} INFO - DAG(s) 'example_skip_dag' retrieved from /home/airflow/.local/lib/python3.12/site-packages/airflow/example_dags/example_skip_dag.py
[2024-12-03T00:36:30.703+0000] {logging_mixin.py:190} INFO - [2024-12-03T00:36:30.703+0000] {dag.py:3239} INFO - Sync 1 DAGs
[2024-12-03T00:36:30.712+0000] {logging_mixin.py:190} INFO - [2024-12-03T00:36:30.712+0000] {dag.py:4180} INFO - Setting next_dagrun for example_skip_dag to 2024-12-02 00:00:00+00:00, run_after=2024-12-03 00:00:00+00:00
[2024-12-03T00:36:30.720+0000] {processor.py:208} INFO - Processing /home/airflow/.local/lib/python3.12/site-packages/airflow/example_dags/example_skip_dag.py took 0.038 seconds
[2024-12-03T00:37:00.928+0000] {processor.py:186} INFO - Started process (PID=7778) to work on /home/airflow/.local/lib/python3.12/site-packages/airflow/example_dags/example_skip_dag.py
[2024-12-03T00:37:00.929+0000] {processor.py:914} INFO - Processing file /home/airflow/.local/lib/python3.12/site-packages/airflow/example_dags/example_skip_dag.py for tasks to queue
[2024-12-03T00:37:00.930+0000] {logging_mixin.py:190} INFO - [2024-12-03T00:37:00.930+0000] {dagbag.py:588} INFO - Filling up the DagBag from /home/airflow/.local/lib/python3.12/site-packages/airflow/example_dags/example_skip_dag.py
[2024-12-03T00:37:00.933+0000] {processor.py:925} INFO - DAG(s) 'example_skip_dag' retrieved from /home/airflow/.local/lib/python3.12/site-packages/airflow/example_dags/example_skip_dag.py
[2024-12-03T00:37:00.943+0000] {logging_mixin.py:190} INFO - [2024-12-03T00:37:00.943+0000] {dag.py:3239} INFO - Sync 1 DAGs
[2024-12-03T00:37:00.953+0000] {logging_mixin.py:190} INFO - [2024-12-03T00:37:00.952+0000] {dag.py:4180} INFO - Setting next_dagrun for example_skip_dag to 2024-12-02 00:00:00+00:00, run_after=2024-12-03 00:00:00+00:00
[2024-12-03T00:37:00.961+0000] {processor.py:208} INFO - Processing /home/airflow/.local/lib/python3.12/site-packages/airflow/example_dags/example_skip_dag.py took 0.035 seconds
[2024-12-03T00:37:31.201+0000] {processor.py:186} INFO - Started process (PID=7844) to work on /home/airflow/.local/lib/python3.12/site-packages/airflow/example_dags/example_skip_dag.py
[2024-12-03T00:37:31.203+0000] {processor.py:914} INFO - Processing file /home/airflow/.local/lib/python3.12/site-packages/airflow/example_dags/example_skip_dag.py for tasks to queue
[2024-12-03T00:37:31.204+0000] {logging_mixin.py:190} INFO - [2024-12-03T00:37:31.204+0000] {dagbag.py:588} INFO - Filling up the DagBag from /home/airflow/.local/lib/python3.12/site-packages/airflow/example_dags/example_skip_dag.py
[2024-12-03T00:37:31.208+0000] {processor.py:925} INFO - DAG(s) 'example_skip_dag' retrieved from /home/airflow/.local/lib/python3.12/site-packages/airflow/example_dags/example_skip_dag.py
[2024-12-03T00:37:31.218+0000] {logging_mixin.py:190} INFO - [2024-12-03T00:37:31.217+0000] {dag.py:3239} INFO - Sync 1 DAGs
[2024-12-03T00:37:31.226+0000] {logging_mixin.py:190} INFO - [2024-12-03T00:37:31.226+0000] {dag.py:4180} INFO - Setting next_dagrun for example_skip_dag to 2024-12-02 00:00:00+00:00, run_after=2024-12-03 00:00:00+00:00
[2024-12-03T00:37:31.234+0000] {processor.py:208} INFO - Processing /home/airflow/.local/lib/python3.12/site-packages/airflow/example_dags/example_skip_dag.py took 0.036 seconds
[2024-12-03T00:38:01.502+0000] {processor.py:186} INFO - Started process (PID=7910) to work on /home/airflow/.local/lib/python3.12/site-packages/airflow/example_dags/example_skip_dag.py
[2024-12-03T00:38:01.503+0000] {processor.py:914} INFO - Processing file /home/airflow/.local/lib/python3.12/site-packages/airflow/example_dags/example_skip_dag.py for tasks to queue
[2024-12-03T00:38:01.504+0000] {logging_mixin.py:190} INFO - [2024-12-03T00:38:01.504+0000] {dagbag.py:588} INFO - Filling up the DagBag from /home/airflow/.local/lib/python3.12/site-packages/airflow/example_dags/example_skip_dag.py
[2024-12-03T00:38:01.508+0000] {processor.py:925} INFO - DAG(s) 'example_skip_dag' retrieved from /home/airflow/.local/lib/python3.12/site-packages/airflow/example_dags/example_skip_dag.py
[2024-12-03T00:38:01.521+0000] {logging_mixin.py:190} INFO - [2024-12-03T00:38:01.521+0000] {dag.py:3239} INFO - Sync 1 DAGs
[2024-12-03T00:38:01.531+0000] {logging_mixin.py:190} INFO - [2024-12-03T00:38:01.531+0000] {dag.py:4180} INFO - Setting next_dagrun for example_skip_dag to 2024-12-02 00:00:00+00:00, run_after=2024-12-03 00:00:00+00:00
[2024-12-03T00:38:01.541+0000] {processor.py:208} INFO - Processing /home/airflow/.local/lib/python3.12/site-packages/airflow/example_dags/example_skip_dag.py took 0.042 seconds
