[2024-12-03T00:03:57.241+0000] {processor.py:186} INFO - Started process (PID=3470) to work on /home/airflow/.local/lib/python3.12/site-packages/airflow/example_dags/example_sla_dag.py
[2024-12-03T00:03:57.242+0000] {processor.py:914} INFO - Processing file /home/airflow/.local/lib/python3.12/site-packages/airflow/example_dags/example_sla_dag.py for tasks to queue
[2024-12-03T00:03:57.244+0000] {logging_mixin.py:190} INFO - [2024-12-03T00:03:57.244+0000] {dagbag.py:588} INFO - Filling up the DagBag from /home/airflow/.local/lib/python3.12/site-packages/airflow/example_dags/example_sla_dag.py
[2024-12-03T00:03:57.249+0000] {processor.py:925} INFO - DAG(s) 'example_sla_dag' retrieved from /home/airflow/.local/lib/python3.12/site-packages/airflow/example_dags/example_sla_dag.py
[2024-12-03T00:03:57.259+0000] {logging_mixin.py:190} INFO - [2024-12-03T00:03:57.259+0000] {dag.py:3239} INFO - Sync 1 DAGs
[2024-12-03T00:03:57.270+0000] {logging_mixin.py:190} INFO - [2024-12-03T00:03:57.270+0000] {dag.py:4180} INFO - Setting next_dagrun for example_sla_dag to 2024-12-03 00:00:00+00:00, run_after=2024-12-03 00:02:00+00:00
[2024-12-03T00:03:57.279+0000] {processor.py:208} INFO - Processing /home/airflow/.local/lib/python3.12/site-packages/airflow/example_dags/example_sla_dag.py took 0.044 seconds
[2024-12-03T00:04:27.854+0000] {processor.py:186} INFO - Started process (PID=3535) to work on /home/airflow/.local/lib/python3.12/site-packages/airflow/example_dags/example_sla_dag.py
[2024-12-03T00:04:27.855+0000] {processor.py:914} INFO - Processing file /home/airflow/.local/lib/python3.12/site-packages/airflow/example_dags/example_sla_dag.py for tasks to queue
[2024-12-03T00:04:27.856+0000] {logging_mixin.py:190} INFO - [2024-12-03T00:04:27.856+0000] {dagbag.py:588} INFO - Filling up the DagBag from /home/airflow/.local/lib/python3.12/site-packages/airflow/example_dags/example_sla_dag.py
[2024-12-03T00:04:27.861+0000] {processor.py:925} INFO - DAG(s) 'example_sla_dag' retrieved from /home/airflow/.local/lib/python3.12/site-packages/airflow/example_dags/example_sla_dag.py
[2024-12-03T00:04:27.870+0000] {logging_mixin.py:190} INFO - [2024-12-03T00:04:27.870+0000] {dag.py:3239} INFO - Sync 1 DAGs
[2024-12-03T00:04:27.880+0000] {logging_mixin.py:190} INFO - [2024-12-03T00:04:27.880+0000] {dag.py:4180} INFO - Setting next_dagrun for example_sla_dag to 2024-12-03 00:02:00+00:00, run_after=2024-12-03 00:04:00+00:00
[2024-12-03T00:04:27.891+0000] {processor.py:208} INFO - Processing /home/airflow/.local/lib/python3.12/site-packages/airflow/example_dags/example_sla_dag.py took 0.041 seconds
[2024-12-03T00:04:58.126+0000] {processor.py:186} INFO - Started process (PID=3601) to work on /home/airflow/.local/lib/python3.12/site-packages/airflow/example_dags/example_sla_dag.py
[2024-12-03T00:04:58.127+0000] {processor.py:914} INFO - Processing file /home/airflow/.local/lib/python3.12/site-packages/airflow/example_dags/example_sla_dag.py for tasks to queue
[2024-12-03T00:04:58.129+0000] {logging_mixin.py:190} INFO - [2024-12-03T00:04:58.129+0000] {dagbag.py:588} INFO - Filling up the DagBag from /home/airflow/.local/lib/python3.12/site-packages/airflow/example_dags/example_sla_dag.py
[2024-12-03T00:04:58.133+0000] {processor.py:925} INFO - DAG(s) 'example_sla_dag' retrieved from /home/airflow/.local/lib/python3.12/site-packages/airflow/example_dags/example_sla_dag.py
[2024-12-03T00:04:58.142+0000] {logging_mixin.py:190} INFO - [2024-12-03T00:04:58.142+0000] {dag.py:3239} INFO - Sync 1 DAGs
[2024-12-03T00:04:58.152+0000] {logging_mixin.py:190} INFO - [2024-12-03T00:04:58.152+0000] {dag.py:4180} INFO - Setting next_dagrun for example_sla_dag to 2024-12-03 00:02:00+00:00, run_after=2024-12-03 00:04:00+00:00
[2024-12-03T00:04:58.159+0000] {processor.py:208} INFO - Processing /home/airflow/.local/lib/python3.12/site-packages/airflow/example_dags/example_sla_dag.py took 0.036 seconds
[2024-12-03T00:05:28.324+0000] {processor.py:186} INFO - Started process (PID=3667) to work on /home/airflow/.local/lib/python3.12/site-packages/airflow/example_dags/example_sla_dag.py
[2024-12-03T00:05:28.325+0000] {processor.py:914} INFO - Processing file /home/airflow/.local/lib/python3.12/site-packages/airflow/example_dags/example_sla_dag.py for tasks to queue
[2024-12-03T00:05:28.326+0000] {logging_mixin.py:190} INFO - [2024-12-03T00:05:28.326+0000] {dagbag.py:588} INFO - Filling up the DagBag from /home/airflow/.local/lib/python3.12/site-packages/airflow/example_dags/example_sla_dag.py
[2024-12-03T00:05:28.331+0000] {processor.py:925} INFO - DAG(s) 'example_sla_dag' retrieved from /home/airflow/.local/lib/python3.12/site-packages/airflow/example_dags/example_sla_dag.py
[2024-12-03T00:05:28.340+0000] {logging_mixin.py:190} INFO - [2024-12-03T00:05:28.339+0000] {dag.py:3239} INFO - Sync 1 DAGs
[2024-12-03T00:05:28.350+0000] {logging_mixin.py:190} INFO - [2024-12-03T00:05:28.350+0000] {dag.py:4180} INFO - Setting next_dagrun for example_sla_dag to 2024-12-03 00:02:00+00:00, run_after=2024-12-03 00:04:00+00:00
[2024-12-03T00:05:28.358+0000] {processor.py:208} INFO - Processing /home/airflow/.local/lib/python3.12/site-packages/airflow/example_dags/example_sla_dag.py took 0.038 seconds
[2024-12-03T00:05:58.410+0000] {processor.py:186} INFO - Started process (PID=3733) to work on /home/airflow/.local/lib/python3.12/site-packages/airflow/example_dags/example_sla_dag.py
[2024-12-03T00:05:58.410+0000] {processor.py:914} INFO - Processing file /home/airflow/.local/lib/python3.12/site-packages/airflow/example_dags/example_sla_dag.py for tasks to queue
[2024-12-03T00:05:58.411+0000] {logging_mixin.py:190} INFO - [2024-12-03T00:05:58.411+0000] {dagbag.py:588} INFO - Filling up the DagBag from /home/airflow/.local/lib/python3.12/site-packages/airflow/example_dags/example_sla_dag.py
[2024-12-03T00:05:58.418+0000] {processor.py:925} INFO - DAG(s) 'example_sla_dag' retrieved from /home/airflow/.local/lib/python3.12/site-packages/airflow/example_dags/example_sla_dag.py
[2024-12-03T00:05:58.427+0000] {logging_mixin.py:190} INFO - [2024-12-03T00:05:58.427+0000] {dag.py:3239} INFO - Sync 1 DAGs
[2024-12-03T00:05:58.436+0000] {logging_mixin.py:190} INFO - [2024-12-03T00:05:58.436+0000] {dag.py:4180} INFO - Setting next_dagrun for example_sla_dag to 2024-12-03 00:02:00+00:00, run_after=2024-12-03 00:04:00+00:00
[2024-12-03T00:05:58.444+0000] {processor.py:208} INFO - Processing /home/airflow/.local/lib/python3.12/site-packages/airflow/example_dags/example_sla_dag.py took 0.037 seconds
[2024-12-03T00:06:28.520+0000] {processor.py:186} INFO - Started process (PID=3799) to work on /home/airflow/.local/lib/python3.12/site-packages/airflow/example_dags/example_sla_dag.py
[2024-12-03T00:06:28.521+0000] {processor.py:914} INFO - Processing file /home/airflow/.local/lib/python3.12/site-packages/airflow/example_dags/example_sla_dag.py for tasks to queue
[2024-12-03T00:06:28.522+0000] {logging_mixin.py:190} INFO - [2024-12-03T00:06:28.522+0000] {dagbag.py:588} INFO - Filling up the DagBag from /home/airflow/.local/lib/python3.12/site-packages/airflow/example_dags/example_sla_dag.py
[2024-12-03T00:06:28.527+0000] {processor.py:925} INFO - DAG(s) 'example_sla_dag' retrieved from /home/airflow/.local/lib/python3.12/site-packages/airflow/example_dags/example_sla_dag.py
[2024-12-03T00:06:28.538+0000] {logging_mixin.py:190} INFO - [2024-12-03T00:06:28.537+0000] {dag.py:3239} INFO - Sync 1 DAGs
[2024-12-03T00:06:28.548+0000] {logging_mixin.py:190} INFO - [2024-12-03T00:06:28.548+0000] {dag.py:4180} INFO - Setting next_dagrun for example_sla_dag to 2024-12-03 00:04:00+00:00, run_after=2024-12-03 00:06:00+00:00
[2024-12-03T00:06:28.560+0000] {processor.py:208} INFO - Processing /home/airflow/.local/lib/python3.12/site-packages/airflow/example_dags/example_sla_dag.py took 0.043 seconds
[2024-12-03T00:06:58.689+0000] {processor.py:186} INFO - Started process (PID=3865) to work on /home/airflow/.local/lib/python3.12/site-packages/airflow/example_dags/example_sla_dag.py
[2024-12-03T00:06:58.690+0000] {processor.py:914} INFO - Processing file /home/airflow/.local/lib/python3.12/site-packages/airflow/example_dags/example_sla_dag.py for tasks to queue
[2024-12-03T00:06:58.691+0000] {logging_mixin.py:190} INFO - [2024-12-03T00:06:58.691+0000] {dagbag.py:588} INFO - Filling up the DagBag from /home/airflow/.local/lib/python3.12/site-packages/airflow/example_dags/example_sla_dag.py
[2024-12-03T00:06:58.696+0000] {processor.py:925} INFO - DAG(s) 'example_sla_dag' retrieved from /home/airflow/.local/lib/python3.12/site-packages/airflow/example_dags/example_sla_dag.py
[2024-12-03T00:06:58.714+0000] {logging_mixin.py:190} INFO - [2024-12-03T00:06:58.713+0000] {dag.py:3239} INFO - Sync 1 DAGs
[2024-12-03T00:06:58.724+0000] {logging_mixin.py:190} INFO - [2024-12-03T00:06:58.724+0000] {dag.py:4180} INFO - Setting next_dagrun for example_sla_dag to 2024-12-03 00:04:00+00:00, run_after=2024-12-03 00:06:00+00:00
[2024-12-03T00:06:58.731+0000] {processor.py:208} INFO - Processing /home/airflow/.local/lib/python3.12/site-packages/airflow/example_dags/example_sla_dag.py took 0.046 seconds
[2024-12-03T00:07:28.804+0000] {processor.py:186} INFO - Started process (PID=3931) to work on /home/airflow/.local/lib/python3.12/site-packages/airflow/example_dags/example_sla_dag.py
[2024-12-03T00:07:28.804+0000] {processor.py:914} INFO - Processing file /home/airflow/.local/lib/python3.12/site-packages/airflow/example_dags/example_sla_dag.py for tasks to queue
[2024-12-03T00:07:28.805+0000] {logging_mixin.py:190} INFO - [2024-12-03T00:07:28.805+0000] {dagbag.py:588} INFO - Filling up the DagBag from /home/airflow/.local/lib/python3.12/site-packages/airflow/example_dags/example_sla_dag.py
[2024-12-03T00:07:28.810+0000] {processor.py:925} INFO - DAG(s) 'example_sla_dag' retrieved from /home/airflow/.local/lib/python3.12/site-packages/airflow/example_dags/example_sla_dag.py
[2024-12-03T00:07:28.821+0000] {logging_mixin.py:190} INFO - [2024-12-03T00:07:28.820+0000] {dag.py:3239} INFO - Sync 1 DAGs
[2024-12-03T00:07:28.830+0000] {logging_mixin.py:190} INFO - [2024-12-03T00:07:28.830+0000] {dag.py:4180} INFO - Setting next_dagrun for example_sla_dag to 2024-12-03 00:04:00+00:00, run_after=2024-12-03 00:06:00+00:00
[2024-12-03T00:07:28.839+0000] {processor.py:208} INFO - Processing /home/airflow/.local/lib/python3.12/site-packages/airflow/example_dags/example_sla_dag.py took 0.038 seconds
[2024-12-03T00:07:59.817+0000] {processor.py:186} INFO - Started process (PID=4003) to work on /home/airflow/.local/lib/python3.12/site-packages/airflow/example_dags/example_sla_dag.py
[2024-12-03T00:07:59.818+0000] {processor.py:914} INFO - Processing file /home/airflow/.local/lib/python3.12/site-packages/airflow/example_dags/example_sla_dag.py for tasks to queue
[2024-12-03T00:07:59.819+0000] {logging_mixin.py:190} INFO - [2024-12-03T00:07:59.819+0000] {dagbag.py:588} INFO - Filling up the DagBag from /home/airflow/.local/lib/python3.12/site-packages/airflow/example_dags/example_sla_dag.py
[2024-12-03T00:07:59.823+0000] {processor.py:925} INFO - DAG(s) 'example_sla_dag' retrieved from /home/airflow/.local/lib/python3.12/site-packages/airflow/example_dags/example_sla_dag.py
[2024-12-03T00:07:59.832+0000] {logging_mixin.py:190} INFO - [2024-12-03T00:07:59.832+0000] {dag.py:3239} INFO - Sync 1 DAGs
[2024-12-03T00:07:59.841+0000] {logging_mixin.py:190} INFO - [2024-12-03T00:07:59.841+0000] {dag.py:4180} INFO - Setting next_dagrun for example_sla_dag to 2024-12-03 00:04:00+00:00, run_after=2024-12-03 00:06:00+00:00
[2024-12-03T00:07:59.849+0000] {processor.py:208} INFO - Processing /home/airflow/.local/lib/python3.12/site-packages/airflow/example_dags/example_sla_dag.py took 0.034 seconds
[2024-12-03T00:08:29.902+0000] {processor.py:186} INFO - Started process (PID=4069) to work on /home/airflow/.local/lib/python3.12/site-packages/airflow/example_dags/example_sla_dag.py
[2024-12-03T00:08:29.902+0000] {processor.py:914} INFO - Processing file /home/airflow/.local/lib/python3.12/site-packages/airflow/example_dags/example_sla_dag.py for tasks to queue
[2024-12-03T00:08:29.903+0000] {logging_mixin.py:190} INFO - [2024-12-03T00:08:29.903+0000] {dagbag.py:588} INFO - Filling up the DagBag from /home/airflow/.local/lib/python3.12/site-packages/airflow/example_dags/example_sla_dag.py
[2024-12-03T00:08:29.908+0000] {processor.py:925} INFO - DAG(s) 'example_sla_dag' retrieved from /home/airflow/.local/lib/python3.12/site-packages/airflow/example_dags/example_sla_dag.py
[2024-12-03T00:08:29.920+0000] {logging_mixin.py:190} INFO - [2024-12-03T00:08:29.920+0000] {dag.py:3239} INFO - Sync 1 DAGs
[2024-12-03T00:08:29.930+0000] {logging_mixin.py:190} INFO - [2024-12-03T00:08:29.930+0000] {dag.py:4180} INFO - Setting next_dagrun for example_sla_dag to 2024-12-03 00:06:00+00:00, run_after=2024-12-03 00:08:00+00:00
[2024-12-03T00:08:29.940+0000] {processor.py:208} INFO - Processing /home/airflow/.local/lib/python3.12/site-packages/airflow/example_dags/example_sla_dag.py took 0.041 seconds
[2024-12-03T00:09:00.191+0000] {processor.py:186} INFO - Started process (PID=4135) to work on /home/airflow/.local/lib/python3.12/site-packages/airflow/example_dags/example_sla_dag.py
[2024-12-03T00:09:00.191+0000] {processor.py:914} INFO - Processing file /home/airflow/.local/lib/python3.12/site-packages/airflow/example_dags/example_sla_dag.py for tasks to queue
[2024-12-03T00:09:00.192+0000] {logging_mixin.py:190} INFO - [2024-12-03T00:09:00.192+0000] {dagbag.py:588} INFO - Filling up the DagBag from /home/airflow/.local/lib/python3.12/site-packages/airflow/example_dags/example_sla_dag.py
[2024-12-03T00:09:00.197+0000] {processor.py:925} INFO - DAG(s) 'example_sla_dag' retrieved from /home/airflow/.local/lib/python3.12/site-packages/airflow/example_dags/example_sla_dag.py
[2024-12-03T00:09:00.214+0000] {logging_mixin.py:190} INFO - [2024-12-03T00:09:00.214+0000] {dag.py:3239} INFO - Sync 1 DAGs
[2024-12-03T00:09:00.223+0000] {logging_mixin.py:190} INFO - [2024-12-03T00:09:00.223+0000] {dag.py:4180} INFO - Setting next_dagrun for example_sla_dag to 2024-12-03 00:06:00+00:00, run_after=2024-12-03 00:08:00+00:00
[2024-12-03T00:09:00.230+0000] {processor.py:208} INFO - Processing /home/airflow/.local/lib/python3.12/site-packages/airflow/example_dags/example_sla_dag.py took 0.042 seconds
[2024-12-03T00:09:30.485+0000] {processor.py:186} INFO - Started process (PID=4201) to work on /home/airflow/.local/lib/python3.12/site-packages/airflow/example_dags/example_sla_dag.py
[2024-12-03T00:09:30.485+0000] {processor.py:914} INFO - Processing file /home/airflow/.local/lib/python3.12/site-packages/airflow/example_dags/example_sla_dag.py for tasks to queue
[2024-12-03T00:09:30.486+0000] {logging_mixin.py:190} INFO - [2024-12-03T00:09:30.486+0000] {dagbag.py:588} INFO - Filling up the DagBag from /home/airflow/.local/lib/python3.12/site-packages/airflow/example_dags/example_sla_dag.py
[2024-12-03T00:09:30.491+0000] {processor.py:925} INFO - DAG(s) 'example_sla_dag' retrieved from /home/airflow/.local/lib/python3.12/site-packages/airflow/example_dags/example_sla_dag.py
[2024-12-03T00:09:30.502+0000] {logging_mixin.py:190} INFO - [2024-12-03T00:09:30.502+0000] {dag.py:3239} INFO - Sync 1 DAGs
[2024-12-03T00:09:30.513+0000] {logging_mixin.py:190} INFO - [2024-12-03T00:09:30.513+0000] {dag.py:4180} INFO - Setting next_dagrun for example_sla_dag to 2024-12-03 00:06:00+00:00, run_after=2024-12-03 00:08:00+00:00
[2024-12-03T00:09:30.521+0000] {processor.py:208} INFO - Processing /home/airflow/.local/lib/python3.12/site-packages/airflow/example_dags/example_sla_dag.py took 0.038 seconds
[2024-12-03T00:10:00.718+0000] {processor.py:186} INFO - Started process (PID=4267) to work on /home/airflow/.local/lib/python3.12/site-packages/airflow/example_dags/example_sla_dag.py
[2024-12-03T00:10:00.719+0000] {processor.py:914} INFO - Processing file /home/airflow/.local/lib/python3.12/site-packages/airflow/example_dags/example_sla_dag.py for tasks to queue
[2024-12-03T00:10:00.720+0000] {logging_mixin.py:190} INFO - [2024-12-03T00:10:00.720+0000] {dagbag.py:588} INFO - Filling up the DagBag from /home/airflow/.local/lib/python3.12/site-packages/airflow/example_dags/example_sla_dag.py
[2024-12-03T00:10:00.724+0000] {processor.py:925} INFO - DAG(s) 'example_sla_dag' retrieved from /home/airflow/.local/lib/python3.12/site-packages/airflow/example_dags/example_sla_dag.py
[2024-12-03T00:10:00.734+0000] {logging_mixin.py:190} INFO - [2024-12-03T00:10:00.734+0000] {dag.py:3239} INFO - Sync 1 DAGs
[2024-12-03T00:10:00.745+0000] {logging_mixin.py:190} INFO - [2024-12-03T00:10:00.745+0000] {dag.py:4180} INFO - Setting next_dagrun for example_sla_dag to 2024-12-03 00:08:00+00:00, run_after=2024-12-03 00:10:00+00:00
[2024-12-03T00:10:00.753+0000] {processor.py:208} INFO - Processing /home/airflow/.local/lib/python3.12/site-packages/airflow/example_dags/example_sla_dag.py took 0.038 seconds
[2024-12-03T00:10:31.066+0000] {processor.py:186} INFO - Started process (PID=4333) to work on /home/airflow/.local/lib/python3.12/site-packages/airflow/example_dags/example_sla_dag.py
[2024-12-03T00:10:31.067+0000] {processor.py:914} INFO - Processing file /home/airflow/.local/lib/python3.12/site-packages/airflow/example_dags/example_sla_dag.py for tasks to queue
[2024-12-03T00:10:31.068+0000] {logging_mixin.py:190} INFO - [2024-12-03T00:10:31.068+0000] {dagbag.py:588} INFO - Filling up the DagBag from /home/airflow/.local/lib/python3.12/site-packages/airflow/example_dags/example_sla_dag.py
[2024-12-03T00:10:31.072+0000] {processor.py:925} INFO - DAG(s) 'example_sla_dag' retrieved from /home/airflow/.local/lib/python3.12/site-packages/airflow/example_dags/example_sla_dag.py
[2024-12-03T00:10:31.081+0000] {logging_mixin.py:190} INFO - [2024-12-03T00:10:31.081+0000] {dag.py:3239} INFO - Sync 1 DAGs
[2024-12-03T00:10:31.095+0000] {logging_mixin.py:190} INFO - [2024-12-03T00:10:31.095+0000] {dag.py:4180} INFO - Setting next_dagrun for example_sla_dag to 2024-12-03 00:08:00+00:00, run_after=2024-12-03 00:10:00+00:00
[2024-12-03T00:10:31.103+0000] {processor.py:208} INFO - Processing /home/airflow/.local/lib/python3.12/site-packages/airflow/example_dags/example_sla_dag.py took 0.040 seconds
[2024-12-03T00:11:01.265+0000] {processor.py:186} INFO - Started process (PID=4399) to work on /home/airflow/.local/lib/python3.12/site-packages/airflow/example_dags/example_sla_dag.py
[2024-12-03T00:11:01.267+0000] {processor.py:914} INFO - Processing file /home/airflow/.local/lib/python3.12/site-packages/airflow/example_dags/example_sla_dag.py for tasks to queue
[2024-12-03T00:11:01.269+0000] {logging_mixin.py:190} INFO - [2024-12-03T00:11:01.268+0000] {dagbag.py:588} INFO - Filling up the DagBag from /home/airflow/.local/lib/python3.12/site-packages/airflow/example_dags/example_sla_dag.py
[2024-12-03T00:11:01.273+0000] {processor.py:925} INFO - DAG(s) 'example_sla_dag' retrieved from /home/airflow/.local/lib/python3.12/site-packages/airflow/example_dags/example_sla_dag.py
[2024-12-03T00:11:01.281+0000] {logging_mixin.py:190} INFO - [2024-12-03T00:11:01.281+0000] {dag.py:3239} INFO - Sync 1 DAGs
[2024-12-03T00:11:01.293+0000] {logging_mixin.py:190} INFO - [2024-12-03T00:11:01.293+0000] {dag.py:4180} INFO - Setting next_dagrun for example_sla_dag to 2024-12-03 00:08:00+00:00, run_after=2024-12-03 00:10:00+00:00
[2024-12-03T00:11:01.300+0000] {processor.py:208} INFO - Processing /home/airflow/.local/lib/python3.12/site-packages/airflow/example_dags/example_sla_dag.py took 0.038 seconds
[2024-12-03T00:11:31.494+0000] {processor.py:186} INFO - Started process (PID=4465) to work on /home/airflow/.local/lib/python3.12/site-packages/airflow/example_dags/example_sla_dag.py
[2024-12-03T00:11:31.494+0000] {processor.py:914} INFO - Processing file /home/airflow/.local/lib/python3.12/site-packages/airflow/example_dags/example_sla_dag.py for tasks to queue
[2024-12-03T00:11:31.495+0000] {logging_mixin.py:190} INFO - [2024-12-03T00:11:31.495+0000] {dagbag.py:588} INFO - Filling up the DagBag from /home/airflow/.local/lib/python3.12/site-packages/airflow/example_dags/example_sla_dag.py
[2024-12-03T00:11:31.500+0000] {processor.py:925} INFO - DAG(s) 'example_sla_dag' retrieved from /home/airflow/.local/lib/python3.12/site-packages/airflow/example_dags/example_sla_dag.py
[2024-12-03T00:11:31.512+0000] {logging_mixin.py:190} INFO - [2024-12-03T00:11:31.512+0000] {dag.py:3239} INFO - Sync 1 DAGs
[2024-12-03T00:11:31.521+0000] {logging_mixin.py:190} INFO - [2024-12-03T00:11:31.521+0000] {dag.py:4180} INFO - Setting next_dagrun for example_sla_dag to 2024-12-03 00:08:00+00:00, run_after=2024-12-03 00:10:00+00:00
[2024-12-03T00:11:31.530+0000] {processor.py:208} INFO - Processing /home/airflow/.local/lib/python3.12/site-packages/airflow/example_dags/example_sla_dag.py took 0.039 seconds
[2024-12-03T00:12:01.735+0000] {processor.py:186} INFO - Started process (PID=4531) to work on /home/airflow/.local/lib/python3.12/site-packages/airflow/example_dags/example_sla_dag.py
[2024-12-03T00:12:01.736+0000] {processor.py:914} INFO - Processing file /home/airflow/.local/lib/python3.12/site-packages/airflow/example_dags/example_sla_dag.py for tasks to queue
[2024-12-03T00:12:01.737+0000] {logging_mixin.py:190} INFO - [2024-12-03T00:12:01.737+0000] {dagbag.py:588} INFO - Filling up the DagBag from /home/airflow/.local/lib/python3.12/site-packages/airflow/example_dags/example_sla_dag.py
[2024-12-03T00:12:01.742+0000] {processor.py:925} INFO - DAG(s) 'example_sla_dag' retrieved from /home/airflow/.local/lib/python3.12/site-packages/airflow/example_dags/example_sla_dag.py
[2024-12-03T00:12:01.754+0000] {logging_mixin.py:190} INFO - [2024-12-03T00:12:01.754+0000] {dag.py:3239} INFO - Sync 1 DAGs
[2024-12-03T00:12:01.775+0000] {logging_mixin.py:190} INFO - [2024-12-03T00:12:01.775+0000] {dag.py:4180} INFO - Setting next_dagrun for example_sla_dag to 2024-12-03 00:10:00+00:00, run_after=2024-12-03 00:12:00+00:00
[2024-12-03T00:12:01.787+0000] {processor.py:208} INFO - Processing /home/airflow/.local/lib/python3.12/site-packages/airflow/example_dags/example_sla_dag.py took 0.055 seconds
[2024-12-03T00:12:31.894+0000] {processor.py:186} INFO - Started process (PID=4597) to work on /home/airflow/.local/lib/python3.12/site-packages/airflow/example_dags/example_sla_dag.py
[2024-12-03T00:12:31.895+0000] {processor.py:914} INFO - Processing file /home/airflow/.local/lib/python3.12/site-packages/airflow/example_dags/example_sla_dag.py for tasks to queue
[2024-12-03T00:12:31.897+0000] {logging_mixin.py:190} INFO - [2024-12-03T00:12:31.897+0000] {dagbag.py:588} INFO - Filling up the DagBag from /home/airflow/.local/lib/python3.12/site-packages/airflow/example_dags/example_sla_dag.py
[2024-12-03T00:12:31.901+0000] {processor.py:925} INFO - DAG(s) 'example_sla_dag' retrieved from /home/airflow/.local/lib/python3.12/site-packages/airflow/example_dags/example_sla_dag.py
[2024-12-03T00:12:31.909+0000] {logging_mixin.py:190} INFO - [2024-12-03T00:12:31.909+0000] {dag.py:3239} INFO - Sync 1 DAGs
[2024-12-03T00:12:31.917+0000] {logging_mixin.py:190} INFO - [2024-12-03T00:12:31.917+0000] {dag.py:4180} INFO - Setting next_dagrun for example_sla_dag to 2024-12-03 00:10:00+00:00, run_after=2024-12-03 00:12:00+00:00
[2024-12-03T00:12:31.926+0000] {processor.py:208} INFO - Processing /home/airflow/.local/lib/python3.12/site-packages/airflow/example_dags/example_sla_dag.py took 0.034 seconds
[2024-12-03T00:13:02.245+0000] {processor.py:186} INFO - Started process (PID=4663) to work on /home/airflow/.local/lib/python3.12/site-packages/airflow/example_dags/example_sla_dag.py
[2024-12-03T00:13:02.245+0000] {processor.py:914} INFO - Processing file /home/airflow/.local/lib/python3.12/site-packages/airflow/example_dags/example_sla_dag.py for tasks to queue
[2024-12-03T00:13:02.246+0000] {logging_mixin.py:190} INFO - [2024-12-03T00:13:02.246+0000] {dagbag.py:588} INFO - Filling up the DagBag from /home/airflow/.local/lib/python3.12/site-packages/airflow/example_dags/example_sla_dag.py
[2024-12-03T00:13:02.251+0000] {processor.py:925} INFO - DAG(s) 'example_sla_dag' retrieved from /home/airflow/.local/lib/python3.12/site-packages/airflow/example_dags/example_sla_dag.py
[2024-12-03T00:13:02.261+0000] {logging_mixin.py:190} INFO - [2024-12-03T00:13:02.261+0000] {dag.py:3239} INFO - Sync 1 DAGs
[2024-12-03T00:13:02.270+0000] {logging_mixin.py:190} INFO - [2024-12-03T00:13:02.270+0000] {dag.py:4180} INFO - Setting next_dagrun for example_sla_dag to 2024-12-03 00:10:00+00:00, run_after=2024-12-03 00:12:00+00:00
[2024-12-03T00:13:02.278+0000] {processor.py:208} INFO - Processing /home/airflow/.local/lib/python3.12/site-packages/airflow/example_dags/example_sla_dag.py took 0.036 seconds
[2024-12-03T00:13:32.444+0000] {processor.py:186} INFO - Started process (PID=4729) to work on /home/airflow/.local/lib/python3.12/site-packages/airflow/example_dags/example_sla_dag.py
[2024-12-03T00:13:32.445+0000] {processor.py:914} INFO - Processing file /home/airflow/.local/lib/python3.12/site-packages/airflow/example_dags/example_sla_dag.py for tasks to queue
[2024-12-03T00:13:32.446+0000] {logging_mixin.py:190} INFO - [2024-12-03T00:13:32.446+0000] {dagbag.py:588} INFO - Filling up the DagBag from /home/airflow/.local/lib/python3.12/site-packages/airflow/example_dags/example_sla_dag.py
[2024-12-03T00:13:32.450+0000] {processor.py:925} INFO - DAG(s) 'example_sla_dag' retrieved from /home/airflow/.local/lib/python3.12/site-packages/airflow/example_dags/example_sla_dag.py
[2024-12-03T00:13:32.461+0000] {logging_mixin.py:190} INFO - [2024-12-03T00:13:32.461+0000] {dag.py:3239} INFO - Sync 1 DAGs
[2024-12-03T00:13:32.470+0000] {logging_mixin.py:190} INFO - [2024-12-03T00:13:32.469+0000] {dag.py:4180} INFO - Setting next_dagrun for example_sla_dag to 2024-12-03 00:10:00+00:00, run_after=2024-12-03 00:12:00+00:00
[2024-12-03T00:13:32.478+0000] {processor.py:208} INFO - Processing /home/airflow/.local/lib/python3.12/site-packages/airflow/example_dags/example_sla_dag.py took 0.036 seconds
[2024-12-03T00:14:02.881+0000] {processor.py:186} INFO - Started process (PID=4795) to work on /home/airflow/.local/lib/python3.12/site-packages/airflow/example_dags/example_sla_dag.py
[2024-12-03T00:14:02.881+0000] {processor.py:914} INFO - Processing file /home/airflow/.local/lib/python3.12/site-packages/airflow/example_dags/example_sla_dag.py for tasks to queue
[2024-12-03T00:14:02.882+0000] {logging_mixin.py:190} INFO - [2024-12-03T00:14:02.882+0000] {dagbag.py:588} INFO - Filling up the DagBag from /home/airflow/.local/lib/python3.12/site-packages/airflow/example_dags/example_sla_dag.py
[2024-12-03T00:14:02.887+0000] {processor.py:925} INFO - DAG(s) 'example_sla_dag' retrieved from /home/airflow/.local/lib/python3.12/site-packages/airflow/example_dags/example_sla_dag.py
[2024-12-03T00:14:02.896+0000] {logging_mixin.py:190} INFO - [2024-12-03T00:14:02.896+0000] {dag.py:3239} INFO - Sync 1 DAGs
[2024-12-03T00:14:02.907+0000] {logging_mixin.py:190} INFO - [2024-12-03T00:14:02.907+0000] {dag.py:4180} INFO - Setting next_dagrun for example_sla_dag to 2024-12-03 00:12:00+00:00, run_after=2024-12-03 00:14:00+00:00
[2024-12-03T00:14:02.916+0000] {processor.py:208} INFO - Processing /home/airflow/.local/lib/python3.12/site-packages/airflow/example_dags/example_sla_dag.py took 0.038 seconds
[2024-12-03T00:14:33.056+0000] {processor.py:186} INFO - Started process (PID=4861) to work on /home/airflow/.local/lib/python3.12/site-packages/airflow/example_dags/example_sla_dag.py
[2024-12-03T00:14:33.057+0000] {processor.py:914} INFO - Processing file /home/airflow/.local/lib/python3.12/site-packages/airflow/example_dags/example_sla_dag.py for tasks to queue
[2024-12-03T00:14:33.058+0000] {logging_mixin.py:190} INFO - [2024-12-03T00:14:33.058+0000] {dagbag.py:588} INFO - Filling up the DagBag from /home/airflow/.local/lib/python3.12/site-packages/airflow/example_dags/example_sla_dag.py
[2024-12-03T00:14:33.062+0000] {processor.py:925} INFO - DAG(s) 'example_sla_dag' retrieved from /home/airflow/.local/lib/python3.12/site-packages/airflow/example_dags/example_sla_dag.py
[2024-12-03T00:14:33.076+0000] {logging_mixin.py:190} INFO - [2024-12-03T00:14:33.076+0000] {dag.py:3239} INFO - Sync 1 DAGs
[2024-12-03T00:14:33.086+0000] {logging_mixin.py:190} INFO - [2024-12-03T00:14:33.086+0000] {dag.py:4180} INFO - Setting next_dagrun for example_sla_dag to 2024-12-03 00:12:00+00:00, run_after=2024-12-03 00:14:00+00:00
[2024-12-03T00:14:33.093+0000] {processor.py:208} INFO - Processing /home/airflow/.local/lib/python3.12/site-packages/airflow/example_dags/example_sla_dag.py took 0.040 seconds
[2024-12-03T00:15:03.445+0000] {processor.py:186} INFO - Started process (PID=4927) to work on /home/airflow/.local/lib/python3.12/site-packages/airflow/example_dags/example_sla_dag.py
[2024-12-03T00:15:03.445+0000] {processor.py:914} INFO - Processing file /home/airflow/.local/lib/python3.12/site-packages/airflow/example_dags/example_sla_dag.py for tasks to queue
[2024-12-03T00:15:03.446+0000] {logging_mixin.py:190} INFO - [2024-12-03T00:15:03.446+0000] {dagbag.py:588} INFO - Filling up the DagBag from /home/airflow/.local/lib/python3.12/site-packages/airflow/example_dags/example_sla_dag.py
[2024-12-03T00:15:03.451+0000] {processor.py:925} INFO - DAG(s) 'example_sla_dag' retrieved from /home/airflow/.local/lib/python3.12/site-packages/airflow/example_dags/example_sla_dag.py
[2024-12-03T00:15:03.465+0000] {logging_mixin.py:190} INFO - [2024-12-03T00:15:03.465+0000] {dag.py:3239} INFO - Sync 1 DAGs
[2024-12-03T00:15:03.476+0000] {logging_mixin.py:190} INFO - [2024-12-03T00:15:03.476+0000] {dag.py:4180} INFO - Setting next_dagrun for example_sla_dag to 2024-12-03 00:12:00+00:00, run_after=2024-12-03 00:14:00+00:00
[2024-12-03T00:15:03.485+0000] {processor.py:208} INFO - Processing /home/airflow/.local/lib/python3.12/site-packages/airflow/example_dags/example_sla_dag.py took 0.043 seconds
[2024-12-03T00:15:33.971+0000] {processor.py:186} INFO - Started process (PID=4993) to work on /home/airflow/.local/lib/python3.12/site-packages/airflow/example_dags/example_sla_dag.py
[2024-12-03T00:15:33.973+0000] {processor.py:914} INFO - Processing file /home/airflow/.local/lib/python3.12/site-packages/airflow/example_dags/example_sla_dag.py for tasks to queue
[2024-12-03T00:15:33.975+0000] {logging_mixin.py:190} INFO - [2024-12-03T00:15:33.975+0000] {dagbag.py:588} INFO - Filling up the DagBag from /home/airflow/.local/lib/python3.12/site-packages/airflow/example_dags/example_sla_dag.py
[2024-12-03T00:15:33.979+0000] {processor.py:925} INFO - DAG(s) 'example_sla_dag' retrieved from /home/airflow/.local/lib/python3.12/site-packages/airflow/example_dags/example_sla_dag.py
[2024-12-03T00:15:33.990+0000] {logging_mixin.py:190} INFO - [2024-12-03T00:15:33.990+0000] {dag.py:3239} INFO - Sync 1 DAGs
[2024-12-03T00:15:34.000+0000] {logging_mixin.py:190} INFO - [2024-12-03T00:15:34.000+0000] {dag.py:4180} INFO - Setting next_dagrun for example_sla_dag to 2024-12-03 00:12:00+00:00, run_after=2024-12-03 00:14:00+00:00
[2024-12-03T00:15:34.009+0000] {processor.py:208} INFO - Processing /home/airflow/.local/lib/python3.12/site-packages/airflow/example_dags/example_sla_dag.py took 0.042 seconds
[2024-12-03T00:16:04.704+0000] {processor.py:186} INFO - Started process (PID=5060) to work on /home/airflow/.local/lib/python3.12/site-packages/airflow/example_dags/example_sla_dag.py
[2024-12-03T00:16:04.704+0000] {processor.py:914} INFO - Processing file /home/airflow/.local/lib/python3.12/site-packages/airflow/example_dags/example_sla_dag.py for tasks to queue
[2024-12-03T00:16:04.705+0000] {logging_mixin.py:190} INFO - [2024-12-03T00:16:04.705+0000] {dagbag.py:588} INFO - Filling up the DagBag from /home/airflow/.local/lib/python3.12/site-packages/airflow/example_dags/example_sla_dag.py
[2024-12-03T00:16:04.710+0000] {processor.py:925} INFO - DAG(s) 'example_sla_dag' retrieved from /home/airflow/.local/lib/python3.12/site-packages/airflow/example_dags/example_sla_dag.py
[2024-12-03T00:16:04.720+0000] {logging_mixin.py:190} INFO - [2024-12-03T00:16:04.719+0000] {dag.py:3239} INFO - Sync 1 DAGs
[2024-12-03T00:16:04.729+0000] {logging_mixin.py:190} INFO - [2024-12-03T00:16:04.729+0000] {dag.py:4180} INFO - Setting next_dagrun for example_sla_dag to 2024-12-03 00:14:00+00:00, run_after=2024-12-03 00:16:00+00:00
[2024-12-03T00:16:04.738+0000] {processor.py:208} INFO - Processing /home/airflow/.local/lib/python3.12/site-packages/airflow/example_dags/example_sla_dag.py took 0.037 seconds
[2024-12-03T00:16:34.982+0000] {processor.py:186} INFO - Started process (PID=5127) to work on /home/airflow/.local/lib/python3.12/site-packages/airflow/example_dags/example_sla_dag.py
[2024-12-03T00:16:34.983+0000] {processor.py:914} INFO - Processing file /home/airflow/.local/lib/python3.12/site-packages/airflow/example_dags/example_sla_dag.py for tasks to queue
[2024-12-03T00:16:34.984+0000] {logging_mixin.py:190} INFO - [2024-12-03T00:16:34.984+0000] {dagbag.py:588} INFO - Filling up the DagBag from /home/airflow/.local/lib/python3.12/site-packages/airflow/example_dags/example_sla_dag.py
[2024-12-03T00:16:34.990+0000] {processor.py:925} INFO - DAG(s) 'example_sla_dag' retrieved from /home/airflow/.local/lib/python3.12/site-packages/airflow/example_dags/example_sla_dag.py
[2024-12-03T00:16:35.002+0000] {logging_mixin.py:190} INFO - [2024-12-03T00:16:35.002+0000] {dag.py:3239} INFO - Sync 1 DAGs
[2024-12-03T00:16:35.012+0000] {logging_mixin.py:190} INFO - [2024-12-03T00:16:35.012+0000] {dag.py:4180} INFO - Setting next_dagrun for example_sla_dag to 2024-12-03 00:14:00+00:00, run_after=2024-12-03 00:16:00+00:00
[2024-12-03T00:16:35.019+0000] {processor.py:208} INFO - Processing /home/airflow/.local/lib/python3.12/site-packages/airflow/example_dags/example_sla_dag.py took 0.040 seconds
[2024-12-03T00:17:05.398+0000] {processor.py:186} INFO - Started process (PID=5193) to work on /home/airflow/.local/lib/python3.12/site-packages/airflow/example_dags/example_sla_dag.py
[2024-12-03T00:17:05.398+0000] {processor.py:914} INFO - Processing file /home/airflow/.local/lib/python3.12/site-packages/airflow/example_dags/example_sla_dag.py for tasks to queue
[2024-12-03T00:17:05.399+0000] {logging_mixin.py:190} INFO - [2024-12-03T00:17:05.399+0000] {dagbag.py:588} INFO - Filling up the DagBag from /home/airflow/.local/lib/python3.12/site-packages/airflow/example_dags/example_sla_dag.py
[2024-12-03T00:17:05.404+0000] {processor.py:925} INFO - DAG(s) 'example_sla_dag' retrieved from /home/airflow/.local/lib/python3.12/site-packages/airflow/example_dags/example_sla_dag.py
[2024-12-03T00:17:05.412+0000] {logging_mixin.py:190} INFO - [2024-12-03T00:17:05.412+0000] {dag.py:3239} INFO - Sync 1 DAGs
[2024-12-03T00:17:05.423+0000] {logging_mixin.py:190} INFO - [2024-12-03T00:17:05.423+0000] {dag.py:4180} INFO - Setting next_dagrun for example_sla_dag to 2024-12-03 00:14:00+00:00, run_after=2024-12-03 00:16:00+00:00
[2024-12-03T00:17:05.431+0000] {processor.py:208} INFO - Processing /home/airflow/.local/lib/python3.12/site-packages/airflow/example_dags/example_sla_dag.py took 0.036 seconds
[2024-12-03T00:17:35.661+0000] {processor.py:186} INFO - Started process (PID=5259) to work on /home/airflow/.local/lib/python3.12/site-packages/airflow/example_dags/example_sla_dag.py
[2024-12-03T00:17:35.662+0000] {processor.py:914} INFO - Processing file /home/airflow/.local/lib/python3.12/site-packages/airflow/example_dags/example_sla_dag.py for tasks to queue
[2024-12-03T00:17:35.663+0000] {logging_mixin.py:190} INFO - [2024-12-03T00:17:35.663+0000] {dagbag.py:588} INFO - Filling up the DagBag from /home/airflow/.local/lib/python3.12/site-packages/airflow/example_dags/example_sla_dag.py
[2024-12-03T00:17:35.668+0000] {processor.py:925} INFO - DAG(s) 'example_sla_dag' retrieved from /home/airflow/.local/lib/python3.12/site-packages/airflow/example_dags/example_sla_dag.py
[2024-12-03T00:17:35.680+0000] {logging_mixin.py:190} INFO - [2024-12-03T00:17:35.680+0000] {dag.py:3239} INFO - Sync 1 DAGs
[2024-12-03T00:17:35.689+0000] {logging_mixin.py:190} INFO - [2024-12-03T00:17:35.689+0000] {dag.py:4180} INFO - Setting next_dagrun for example_sla_dag to 2024-12-03 00:14:00+00:00, run_after=2024-12-03 00:16:00+00:00
[2024-12-03T00:17:35.696+0000] {processor.py:208} INFO - Processing /home/airflow/.local/lib/python3.12/site-packages/airflow/example_dags/example_sla_dag.py took 0.037 seconds
[2024-12-03T00:18:06.051+0000] {processor.py:186} INFO - Started process (PID=5325) to work on /home/airflow/.local/lib/python3.12/site-packages/airflow/example_dags/example_sla_dag.py
[2024-12-03T00:18:06.052+0000] {processor.py:914} INFO - Processing file /home/airflow/.local/lib/python3.12/site-packages/airflow/example_dags/example_sla_dag.py for tasks to queue
[2024-12-03T00:18:06.054+0000] {logging_mixin.py:190} INFO - [2024-12-03T00:18:06.054+0000] {dagbag.py:588} INFO - Filling up the DagBag from /home/airflow/.local/lib/python3.12/site-packages/airflow/example_dags/example_sla_dag.py
[2024-12-03T00:18:06.059+0000] {processor.py:925} INFO - DAG(s) 'example_sla_dag' retrieved from /home/airflow/.local/lib/python3.12/site-packages/airflow/example_dags/example_sla_dag.py
[2024-12-03T00:18:06.068+0000] {logging_mixin.py:190} INFO - [2024-12-03T00:18:06.068+0000] {dag.py:3239} INFO - Sync 1 DAGs
[2024-12-03T00:18:06.079+0000] {logging_mixin.py:190} INFO - [2024-12-03T00:18:06.079+0000] {dag.py:4180} INFO - Setting next_dagrun for example_sla_dag to 2024-12-03 00:16:00+00:00, run_after=2024-12-03 00:18:00+00:00
[2024-12-03T00:18:06.087+0000] {processor.py:208} INFO - Processing /home/airflow/.local/lib/python3.12/site-packages/airflow/example_dags/example_sla_dag.py took 0.040 seconds
[2024-12-03T00:18:36.455+0000] {processor.py:186} INFO - Started process (PID=5391) to work on /home/airflow/.local/lib/python3.12/site-packages/airflow/example_dags/example_sla_dag.py
[2024-12-03T00:18:36.457+0000] {processor.py:914} INFO - Processing file /home/airflow/.local/lib/python3.12/site-packages/airflow/example_dags/example_sla_dag.py for tasks to queue
[2024-12-03T00:18:36.458+0000] {logging_mixin.py:190} INFO - [2024-12-03T00:18:36.458+0000] {dagbag.py:588} INFO - Filling up the DagBag from /home/airflow/.local/lib/python3.12/site-packages/airflow/example_dags/example_sla_dag.py
[2024-12-03T00:18:36.463+0000] {processor.py:925} INFO - DAG(s) 'example_sla_dag' retrieved from /home/airflow/.local/lib/python3.12/site-packages/airflow/example_dags/example_sla_dag.py
[2024-12-03T00:18:36.472+0000] {logging_mixin.py:190} INFO - [2024-12-03T00:18:36.472+0000] {dag.py:3239} INFO - Sync 1 DAGs
[2024-12-03T00:18:36.480+0000] {logging_mixin.py:190} INFO - [2024-12-03T00:18:36.480+0000] {dag.py:4180} INFO - Setting next_dagrun for example_sla_dag to 2024-12-03 00:16:00+00:00, run_after=2024-12-03 00:18:00+00:00
[2024-12-03T00:18:36.488+0000] {processor.py:208} INFO - Processing /home/airflow/.local/lib/python3.12/site-packages/airflow/example_dags/example_sla_dag.py took 0.035 seconds
[2024-12-03T00:19:06.730+0000] {processor.py:186} INFO - Started process (PID=5457) to work on /home/airflow/.local/lib/python3.12/site-packages/airflow/example_dags/example_sla_dag.py
[2024-12-03T00:19:06.731+0000] {processor.py:914} INFO - Processing file /home/airflow/.local/lib/python3.12/site-packages/airflow/example_dags/example_sla_dag.py for tasks to queue
[2024-12-03T00:19:06.732+0000] {logging_mixin.py:190} INFO - [2024-12-03T00:19:06.732+0000] {dagbag.py:588} INFO - Filling up the DagBag from /home/airflow/.local/lib/python3.12/site-packages/airflow/example_dags/example_sla_dag.py
[2024-12-03T00:19:06.737+0000] {processor.py:925} INFO - DAG(s) 'example_sla_dag' retrieved from /home/airflow/.local/lib/python3.12/site-packages/airflow/example_dags/example_sla_dag.py
[2024-12-03T00:19:06.746+0000] {logging_mixin.py:190} INFO - [2024-12-03T00:19:06.746+0000] {dag.py:3239} INFO - Sync 1 DAGs
[2024-12-03T00:19:06.756+0000] {logging_mixin.py:190} INFO - [2024-12-03T00:19:06.756+0000] {dag.py:4180} INFO - Setting next_dagrun for example_sla_dag to 2024-12-03 00:16:00+00:00, run_after=2024-12-03 00:18:00+00:00
[2024-12-03T00:19:06.766+0000] {processor.py:208} INFO - Processing /home/airflow/.local/lib/python3.12/site-packages/airflow/example_dags/example_sla_dag.py took 0.038 seconds
[2024-12-03T00:19:36.957+0000] {processor.py:186} INFO - Started process (PID=5523) to work on /home/airflow/.local/lib/python3.12/site-packages/airflow/example_dags/example_sla_dag.py
[2024-12-03T00:19:36.958+0000] {processor.py:914} INFO - Processing file /home/airflow/.local/lib/python3.12/site-packages/airflow/example_dags/example_sla_dag.py for tasks to queue
[2024-12-03T00:19:36.959+0000] {logging_mixin.py:190} INFO - [2024-12-03T00:19:36.959+0000] {dagbag.py:588} INFO - Filling up the DagBag from /home/airflow/.local/lib/python3.12/site-packages/airflow/example_dags/example_sla_dag.py
[2024-12-03T00:19:36.964+0000] {processor.py:925} INFO - DAG(s) 'example_sla_dag' retrieved from /home/airflow/.local/lib/python3.12/site-packages/airflow/example_dags/example_sla_dag.py
[2024-12-03T00:19:36.975+0000] {logging_mixin.py:190} INFO - [2024-12-03T00:19:36.975+0000] {dag.py:3239} INFO - Sync 1 DAGs
[2024-12-03T00:19:36.984+0000] {logging_mixin.py:190} INFO - [2024-12-03T00:19:36.984+0000] {dag.py:4180} INFO - Setting next_dagrun for example_sla_dag to 2024-12-03 00:16:00+00:00, run_after=2024-12-03 00:18:00+00:00
[2024-12-03T00:19:36.993+0000] {processor.py:208} INFO - Processing /home/airflow/.local/lib/python3.12/site-packages/airflow/example_dags/example_sla_dag.py took 0.039 seconds
[2024-12-03T00:20:07.207+0000] {processor.py:186} INFO - Started process (PID=5589) to work on /home/airflow/.local/lib/python3.12/site-packages/airflow/example_dags/example_sla_dag.py
[2024-12-03T00:20:07.209+0000] {processor.py:914} INFO - Processing file /home/airflow/.local/lib/python3.12/site-packages/airflow/example_dags/example_sla_dag.py for tasks to queue
[2024-12-03T00:20:07.210+0000] {logging_mixin.py:190} INFO - [2024-12-03T00:20:07.210+0000] {dagbag.py:588} INFO - Filling up the DagBag from /home/airflow/.local/lib/python3.12/site-packages/airflow/example_dags/example_sla_dag.py
[2024-12-03T00:20:07.215+0000] {processor.py:925} INFO - DAG(s) 'example_sla_dag' retrieved from /home/airflow/.local/lib/python3.12/site-packages/airflow/example_dags/example_sla_dag.py
[2024-12-03T00:20:07.225+0000] {logging_mixin.py:190} INFO - [2024-12-03T00:20:07.224+0000] {dag.py:3239} INFO - Sync 1 DAGs
[2024-12-03T00:20:07.235+0000] {logging_mixin.py:190} INFO - [2024-12-03T00:20:07.234+0000] {dag.py:4180} INFO - Setting next_dagrun for example_sla_dag to 2024-12-03 00:18:00+00:00, run_after=2024-12-03 00:20:00+00:00
[2024-12-03T00:20:07.243+0000] {processor.py:208} INFO - Processing /home/airflow/.local/lib/python3.12/site-packages/airflow/example_dags/example_sla_dag.py took 0.038 seconds
[2024-12-03T00:20:37.433+0000] {processor.py:186} INFO - Started process (PID=5655) to work on /home/airflow/.local/lib/python3.12/site-packages/airflow/example_dags/example_sla_dag.py
[2024-12-03T00:20:37.434+0000] {processor.py:914} INFO - Processing file /home/airflow/.local/lib/python3.12/site-packages/airflow/example_dags/example_sla_dag.py for tasks to queue
[2024-12-03T00:20:37.435+0000] {logging_mixin.py:190} INFO - [2024-12-03T00:20:37.435+0000] {dagbag.py:588} INFO - Filling up the DagBag from /home/airflow/.local/lib/python3.12/site-packages/airflow/example_dags/example_sla_dag.py
[2024-12-03T00:20:37.439+0000] {processor.py:925} INFO - DAG(s) 'example_sla_dag' retrieved from /home/airflow/.local/lib/python3.12/site-packages/airflow/example_dags/example_sla_dag.py
[2024-12-03T00:20:37.449+0000] {logging_mixin.py:190} INFO - [2024-12-03T00:20:37.449+0000] {dag.py:3239} INFO - Sync 1 DAGs
[2024-12-03T00:20:37.458+0000] {logging_mixin.py:190} INFO - [2024-12-03T00:20:37.458+0000] {dag.py:4180} INFO - Setting next_dagrun for example_sla_dag to 2024-12-03 00:18:00+00:00, run_after=2024-12-03 00:20:00+00:00
[2024-12-03T00:20:37.466+0000] {processor.py:208} INFO - Processing /home/airflow/.local/lib/python3.12/site-packages/airflow/example_dags/example_sla_dag.py took 0.036 seconds
[2024-12-03T00:21:07.811+0000] {processor.py:186} INFO - Started process (PID=5721) to work on /home/airflow/.local/lib/python3.12/site-packages/airflow/example_dags/example_sla_dag.py
[2024-12-03T00:21:07.812+0000] {processor.py:914} INFO - Processing file /home/airflow/.local/lib/python3.12/site-packages/airflow/example_dags/example_sla_dag.py for tasks to queue
[2024-12-03T00:21:07.813+0000] {logging_mixin.py:190} INFO - [2024-12-03T00:21:07.813+0000] {dagbag.py:588} INFO - Filling up the DagBag from /home/airflow/.local/lib/python3.12/site-packages/airflow/example_dags/example_sla_dag.py
[2024-12-03T00:21:07.820+0000] {processor.py:925} INFO - DAG(s) 'example_sla_dag' retrieved from /home/airflow/.local/lib/python3.12/site-packages/airflow/example_dags/example_sla_dag.py
[2024-12-03T00:21:07.830+0000] {logging_mixin.py:190} INFO - [2024-12-03T00:21:07.830+0000] {dag.py:3239} INFO - Sync 1 DAGs
[2024-12-03T00:21:07.842+0000] {logging_mixin.py:190} INFO - [2024-12-03T00:21:07.842+0000] {dag.py:4180} INFO - Setting next_dagrun for example_sla_dag to 2024-12-03 00:18:00+00:00, run_after=2024-12-03 00:20:00+00:00
[2024-12-03T00:21:07.852+0000] {processor.py:208} INFO - Processing /home/airflow/.local/lib/python3.12/site-packages/airflow/example_dags/example_sla_dag.py took 0.043 seconds
[2024-12-03T00:21:38.210+0000] {processor.py:186} INFO - Started process (PID=5787) to work on /home/airflow/.local/lib/python3.12/site-packages/airflow/example_dags/example_sla_dag.py
[2024-12-03T00:21:38.210+0000] {processor.py:914} INFO - Processing file /home/airflow/.local/lib/python3.12/site-packages/airflow/example_dags/example_sla_dag.py for tasks to queue
[2024-12-03T00:21:38.212+0000] {logging_mixin.py:190} INFO - [2024-12-03T00:21:38.212+0000] {dagbag.py:588} INFO - Filling up the DagBag from /home/airflow/.local/lib/python3.12/site-packages/airflow/example_dags/example_sla_dag.py
[2024-12-03T00:21:38.217+0000] {processor.py:925} INFO - DAG(s) 'example_sla_dag' retrieved from /home/airflow/.local/lib/python3.12/site-packages/airflow/example_dags/example_sla_dag.py
[2024-12-03T00:21:38.226+0000] {logging_mixin.py:190} INFO - [2024-12-03T00:21:38.226+0000] {dag.py:3239} INFO - Sync 1 DAGs
[2024-12-03T00:21:38.236+0000] {logging_mixin.py:190} INFO - [2024-12-03T00:21:38.236+0000] {dag.py:4180} INFO - Setting next_dagrun for example_sla_dag to 2024-12-03 00:18:00+00:00, run_after=2024-12-03 00:20:00+00:00
[2024-12-03T00:21:38.244+0000] {processor.py:208} INFO - Processing /home/airflow/.local/lib/python3.12/site-packages/airflow/example_dags/example_sla_dag.py took 0.037 seconds
[2024-12-03T00:22:08.651+0000] {processor.py:186} INFO - Started process (PID=5854) to work on /home/airflow/.local/lib/python3.12/site-packages/airflow/example_dags/example_sla_dag.py
[2024-12-03T00:22:08.653+0000] {processor.py:914} INFO - Processing file /home/airflow/.local/lib/python3.12/site-packages/airflow/example_dags/example_sla_dag.py for tasks to queue
[2024-12-03T00:22:08.655+0000] {logging_mixin.py:190} INFO - [2024-12-03T00:22:08.655+0000] {dagbag.py:588} INFO - Filling up the DagBag from /home/airflow/.local/lib/python3.12/site-packages/airflow/example_dags/example_sla_dag.py
[2024-12-03T00:22:08.660+0000] {processor.py:925} INFO - DAG(s) 'example_sla_dag' retrieved from /home/airflow/.local/lib/python3.12/site-packages/airflow/example_dags/example_sla_dag.py
[2024-12-03T00:22:08.669+0000] {logging_mixin.py:190} INFO - [2024-12-03T00:22:08.669+0000] {dag.py:3239} INFO - Sync 1 DAGs
[2024-12-03T00:22:08.679+0000] {logging_mixin.py:190} INFO - [2024-12-03T00:22:08.679+0000] {dag.py:4180} INFO - Setting next_dagrun for example_sla_dag to 2024-12-03 00:20:00+00:00, run_after=2024-12-03 00:22:00+00:00
[2024-12-03T00:22:08.687+0000] {processor.py:208} INFO - Processing /home/airflow/.local/lib/python3.12/site-packages/airflow/example_dags/example_sla_dag.py took 0.038 seconds
[2024-12-03T00:22:39.140+0000] {processor.py:186} INFO - Started process (PID=5920) to work on /home/airflow/.local/lib/python3.12/site-packages/airflow/example_dags/example_sla_dag.py
[2024-12-03T00:22:39.141+0000] {processor.py:914} INFO - Processing file /home/airflow/.local/lib/python3.12/site-packages/airflow/example_dags/example_sla_dag.py for tasks to queue
[2024-12-03T00:22:39.142+0000] {logging_mixin.py:190} INFO - [2024-12-03T00:22:39.141+0000] {dagbag.py:588} INFO - Filling up the DagBag from /home/airflow/.local/lib/python3.12/site-packages/airflow/example_dags/example_sla_dag.py
[2024-12-03T00:22:39.146+0000] {processor.py:925} INFO - DAG(s) 'example_sla_dag' retrieved from /home/airflow/.local/lib/python3.12/site-packages/airflow/example_dags/example_sla_dag.py
[2024-12-03T00:22:39.155+0000] {logging_mixin.py:190} INFO - [2024-12-03T00:22:39.155+0000] {dag.py:3239} INFO - Sync 1 DAGs
[2024-12-03T00:22:39.165+0000] {logging_mixin.py:190} INFO - [2024-12-03T00:22:39.165+0000] {dag.py:4180} INFO - Setting next_dagrun for example_sla_dag to 2024-12-03 00:20:00+00:00, run_after=2024-12-03 00:22:00+00:00
[2024-12-03T00:22:39.173+0000] {processor.py:208} INFO - Processing /home/airflow/.local/lib/python3.12/site-packages/airflow/example_dags/example_sla_dag.py took 0.036 seconds
[2024-12-03T00:23:09.522+0000] {processor.py:186} INFO - Started process (PID=5986) to work on /home/airflow/.local/lib/python3.12/site-packages/airflow/example_dags/example_sla_dag.py
[2024-12-03T00:23:09.524+0000] {processor.py:914} INFO - Processing file /home/airflow/.local/lib/python3.12/site-packages/airflow/example_dags/example_sla_dag.py for tasks to queue
[2024-12-03T00:23:09.526+0000] {logging_mixin.py:190} INFO - [2024-12-03T00:23:09.526+0000] {dagbag.py:588} INFO - Filling up the DagBag from /home/airflow/.local/lib/python3.12/site-packages/airflow/example_dags/example_sla_dag.py
[2024-12-03T00:23:09.531+0000] {processor.py:925} INFO - DAG(s) 'example_sla_dag' retrieved from /home/airflow/.local/lib/python3.12/site-packages/airflow/example_dags/example_sla_dag.py
[2024-12-03T00:23:09.541+0000] {logging_mixin.py:190} INFO - [2024-12-03T00:23:09.541+0000] {dag.py:3239} INFO - Sync 1 DAGs
[2024-12-03T00:23:09.552+0000] {logging_mixin.py:190} INFO - [2024-12-03T00:23:09.552+0000] {dag.py:4180} INFO - Setting next_dagrun for example_sla_dag to 2024-12-03 00:20:00+00:00, run_after=2024-12-03 00:22:00+00:00
[2024-12-03T00:23:09.561+0000] {processor.py:208} INFO - Processing /home/airflow/.local/lib/python3.12/site-packages/airflow/example_dags/example_sla_dag.py took 0.041 seconds
[2024-12-03T00:23:39.719+0000] {processor.py:186} INFO - Started process (PID=6052) to work on /home/airflow/.local/lib/python3.12/site-packages/airflow/example_dags/example_sla_dag.py
[2024-12-03T00:23:39.722+0000] {processor.py:914} INFO - Processing file /home/airflow/.local/lib/python3.12/site-packages/airflow/example_dags/example_sla_dag.py for tasks to queue
[2024-12-03T00:23:39.723+0000] {logging_mixin.py:190} INFO - [2024-12-03T00:23:39.723+0000] {dagbag.py:588} INFO - Filling up the DagBag from /home/airflow/.local/lib/python3.12/site-packages/airflow/example_dags/example_sla_dag.py
[2024-12-03T00:23:39.728+0000] {processor.py:925} INFO - DAG(s) 'example_sla_dag' retrieved from /home/airflow/.local/lib/python3.12/site-packages/airflow/example_dags/example_sla_dag.py
[2024-12-03T00:23:39.737+0000] {logging_mixin.py:190} INFO - [2024-12-03T00:23:39.737+0000] {dag.py:3239} INFO - Sync 1 DAGs
[2024-12-03T00:23:39.751+0000] {logging_mixin.py:190} INFO - [2024-12-03T00:23:39.751+0000] {dag.py:4180} INFO - Setting next_dagrun for example_sla_dag to 2024-12-03 00:20:00+00:00, run_after=2024-12-03 00:22:00+00:00
[2024-12-03T00:23:39.758+0000] {processor.py:208} INFO - Processing /home/airflow/.local/lib/python3.12/site-packages/airflow/example_dags/example_sla_dag.py took 0.042 seconds
[2024-12-03T00:24:10.144+0000] {processor.py:186} INFO - Started process (PID=6118) to work on /home/airflow/.local/lib/python3.12/site-packages/airflow/example_dags/example_sla_dag.py
[2024-12-03T00:24:10.146+0000] {processor.py:914} INFO - Processing file /home/airflow/.local/lib/python3.12/site-packages/airflow/example_dags/example_sla_dag.py for tasks to queue
[2024-12-03T00:24:10.147+0000] {logging_mixin.py:190} INFO - [2024-12-03T00:24:10.147+0000] {dagbag.py:588} INFO - Filling up the DagBag from /home/airflow/.local/lib/python3.12/site-packages/airflow/example_dags/example_sla_dag.py
[2024-12-03T00:24:10.153+0000] {processor.py:925} INFO - DAG(s) 'example_sla_dag' retrieved from /home/airflow/.local/lib/python3.12/site-packages/airflow/example_dags/example_sla_dag.py
[2024-12-03T00:24:10.163+0000] {logging_mixin.py:190} INFO - [2024-12-03T00:24:10.163+0000] {dag.py:3239} INFO - Sync 1 DAGs
[2024-12-03T00:24:10.173+0000] {logging_mixin.py:190} INFO - [2024-12-03T00:24:10.173+0000] {dag.py:4180} INFO - Setting next_dagrun for example_sla_dag to 2024-12-03 00:22:00+00:00, run_after=2024-12-03 00:24:00+00:00
[2024-12-03T00:24:10.183+0000] {processor.py:208} INFO - Processing /home/airflow/.local/lib/python3.12/site-packages/airflow/example_dags/example_sla_dag.py took 0.042 seconds
[2024-12-03T00:24:40.493+0000] {processor.py:186} INFO - Started process (PID=6184) to work on /home/airflow/.local/lib/python3.12/site-packages/airflow/example_dags/example_sla_dag.py
[2024-12-03T00:24:40.494+0000] {processor.py:914} INFO - Processing file /home/airflow/.local/lib/python3.12/site-packages/airflow/example_dags/example_sla_dag.py for tasks to queue
[2024-12-03T00:24:40.496+0000] {logging_mixin.py:190} INFO - [2024-12-03T00:24:40.496+0000] {dagbag.py:588} INFO - Filling up the DagBag from /home/airflow/.local/lib/python3.12/site-packages/airflow/example_dags/example_sla_dag.py
[2024-12-03T00:24:40.502+0000] {processor.py:925} INFO - DAG(s) 'example_sla_dag' retrieved from /home/airflow/.local/lib/python3.12/site-packages/airflow/example_dags/example_sla_dag.py
[2024-12-03T00:24:40.512+0000] {logging_mixin.py:190} INFO - [2024-12-03T00:24:40.512+0000] {dag.py:3239} INFO - Sync 1 DAGs
[2024-12-03T00:24:40.522+0000] {logging_mixin.py:190} INFO - [2024-12-03T00:24:40.522+0000] {dag.py:4180} INFO - Setting next_dagrun for example_sla_dag to 2024-12-03 00:22:00+00:00, run_after=2024-12-03 00:24:00+00:00
[2024-12-03T00:24:40.532+0000] {processor.py:208} INFO - Processing /home/airflow/.local/lib/python3.12/site-packages/airflow/example_dags/example_sla_dag.py took 0.042 seconds
[2024-12-03T00:25:10.792+0000] {processor.py:186} INFO - Started process (PID=6250) to work on /home/airflow/.local/lib/python3.12/site-packages/airflow/example_dags/example_sla_dag.py
[2024-12-03T00:25:10.794+0000] {processor.py:914} INFO - Processing file /home/airflow/.local/lib/python3.12/site-packages/airflow/example_dags/example_sla_dag.py for tasks to queue
[2024-12-03T00:25:10.795+0000] {logging_mixin.py:190} INFO - [2024-12-03T00:25:10.795+0000] {dagbag.py:588} INFO - Filling up the DagBag from /home/airflow/.local/lib/python3.12/site-packages/airflow/example_dags/example_sla_dag.py
[2024-12-03T00:25:10.800+0000] {processor.py:925} INFO - DAG(s) 'example_sla_dag' retrieved from /home/airflow/.local/lib/python3.12/site-packages/airflow/example_dags/example_sla_dag.py
[2024-12-03T00:25:10.810+0000] {logging_mixin.py:190} INFO - [2024-12-03T00:25:10.810+0000] {dag.py:3239} INFO - Sync 1 DAGs
[2024-12-03T00:25:10.821+0000] {logging_mixin.py:190} INFO - [2024-12-03T00:25:10.820+0000] {dag.py:4180} INFO - Setting next_dagrun for example_sla_dag to 2024-12-03 00:22:00+00:00, run_after=2024-12-03 00:24:00+00:00
[2024-12-03T00:25:10.828+0000] {processor.py:208} INFO - Processing /home/airflow/.local/lib/python3.12/site-packages/airflow/example_dags/example_sla_dag.py took 0.039 seconds
[2024-12-03T00:25:41.053+0000] {processor.py:186} INFO - Started process (PID=6316) to work on /home/airflow/.local/lib/python3.12/site-packages/airflow/example_dags/example_sla_dag.py
[2024-12-03T00:25:41.054+0000] {processor.py:914} INFO - Processing file /home/airflow/.local/lib/python3.12/site-packages/airflow/example_dags/example_sla_dag.py for tasks to queue
[2024-12-03T00:25:41.056+0000] {logging_mixin.py:190} INFO - [2024-12-03T00:25:41.055+0000] {dagbag.py:588} INFO - Filling up the DagBag from /home/airflow/.local/lib/python3.12/site-packages/airflow/example_dags/example_sla_dag.py
[2024-12-03T00:25:41.062+0000] {processor.py:925} INFO - DAG(s) 'example_sla_dag' retrieved from /home/airflow/.local/lib/python3.12/site-packages/airflow/example_dags/example_sla_dag.py
[2024-12-03T00:25:41.073+0000] {logging_mixin.py:190} INFO - [2024-12-03T00:25:41.073+0000] {dag.py:3239} INFO - Sync 1 DAGs
[2024-12-03T00:25:41.082+0000] {logging_mixin.py:190} INFO - [2024-12-03T00:25:41.082+0000] {dag.py:4180} INFO - Setting next_dagrun for example_sla_dag to 2024-12-03 00:22:00+00:00, run_after=2024-12-03 00:24:00+00:00
[2024-12-03T00:25:41.089+0000] {processor.py:208} INFO - Processing /home/airflow/.local/lib/python3.12/site-packages/airflow/example_dags/example_sla_dag.py took 0.039 seconds
[2024-12-03T00:26:11.413+0000] {processor.py:186} INFO - Started process (PID=6382) to work on /home/airflow/.local/lib/python3.12/site-packages/airflow/example_dags/example_sla_dag.py
[2024-12-03T00:26:11.413+0000] {processor.py:914} INFO - Processing file /home/airflow/.local/lib/python3.12/site-packages/airflow/example_dags/example_sla_dag.py for tasks to queue
[2024-12-03T00:26:11.415+0000] {logging_mixin.py:190} INFO - [2024-12-03T00:26:11.414+0000] {dagbag.py:588} INFO - Filling up the DagBag from /home/airflow/.local/lib/python3.12/site-packages/airflow/example_dags/example_sla_dag.py
[2024-12-03T00:26:11.421+0000] {processor.py:925} INFO - DAG(s) 'example_sla_dag' retrieved from /home/airflow/.local/lib/python3.12/site-packages/airflow/example_dags/example_sla_dag.py
[2024-12-03T00:26:11.431+0000] {logging_mixin.py:190} INFO - [2024-12-03T00:26:11.431+0000] {dag.py:3239} INFO - Sync 1 DAGs
[2024-12-03T00:26:11.442+0000] {logging_mixin.py:190} INFO - [2024-12-03T00:26:11.442+0000] {dag.py:4180} INFO - Setting next_dagrun for example_sla_dag to 2024-12-03 00:24:00+00:00, run_after=2024-12-03 00:26:00+00:00
[2024-12-03T00:26:11.453+0000] {processor.py:208} INFO - Processing /home/airflow/.local/lib/python3.12/site-packages/airflow/example_dags/example_sla_dag.py took 0.044 seconds
[2024-12-03T00:26:41.739+0000] {processor.py:186} INFO - Started process (PID=6448) to work on /home/airflow/.local/lib/python3.12/site-packages/airflow/example_dags/example_sla_dag.py
[2024-12-03T00:26:41.740+0000] {processor.py:914} INFO - Processing file /home/airflow/.local/lib/python3.12/site-packages/airflow/example_dags/example_sla_dag.py for tasks to queue
[2024-12-03T00:26:41.742+0000] {logging_mixin.py:190} INFO - [2024-12-03T00:26:41.742+0000] {dagbag.py:588} INFO - Filling up the DagBag from /home/airflow/.local/lib/python3.12/site-packages/airflow/example_dags/example_sla_dag.py
[2024-12-03T00:26:41.747+0000] {processor.py:925} INFO - DAG(s) 'example_sla_dag' retrieved from /home/airflow/.local/lib/python3.12/site-packages/airflow/example_dags/example_sla_dag.py
[2024-12-03T00:26:41.757+0000] {logging_mixin.py:190} INFO - [2024-12-03T00:26:41.757+0000] {dag.py:3239} INFO - Sync 1 DAGs
[2024-12-03T00:26:41.768+0000] {logging_mixin.py:190} INFO - [2024-12-03T00:26:41.768+0000] {dag.py:4180} INFO - Setting next_dagrun for example_sla_dag to 2024-12-03 00:24:00+00:00, run_after=2024-12-03 00:26:00+00:00
[2024-12-03T00:26:41.776+0000] {processor.py:208} INFO - Processing /home/airflow/.local/lib/python3.12/site-packages/airflow/example_dags/example_sla_dag.py took 0.040 seconds
[2024-12-03T00:27:12.095+0000] {processor.py:186} INFO - Started process (PID=6514) to work on /home/airflow/.local/lib/python3.12/site-packages/airflow/example_dags/example_sla_dag.py
[2024-12-03T00:27:12.095+0000] {processor.py:914} INFO - Processing file /home/airflow/.local/lib/python3.12/site-packages/airflow/example_dags/example_sla_dag.py for tasks to queue
[2024-12-03T00:27:12.096+0000] {logging_mixin.py:190} INFO - [2024-12-03T00:27:12.096+0000] {dagbag.py:588} INFO - Filling up the DagBag from /home/airflow/.local/lib/python3.12/site-packages/airflow/example_dags/example_sla_dag.py
[2024-12-03T00:27:12.101+0000] {processor.py:925} INFO - DAG(s) 'example_sla_dag' retrieved from /home/airflow/.local/lib/python3.12/site-packages/airflow/example_dags/example_sla_dag.py
[2024-12-03T00:27:12.112+0000] {logging_mixin.py:190} INFO - [2024-12-03T00:27:12.112+0000] {dag.py:3239} INFO - Sync 1 DAGs
[2024-12-03T00:27:12.124+0000] {logging_mixin.py:190} INFO - [2024-12-03T00:27:12.124+0000] {dag.py:4180} INFO - Setting next_dagrun for example_sla_dag to 2024-12-03 00:24:00+00:00, run_after=2024-12-03 00:26:00+00:00
[2024-12-03T00:27:12.132+0000] {processor.py:208} INFO - Processing /home/airflow/.local/lib/python3.12/site-packages/airflow/example_dags/example_sla_dag.py took 0.040 seconds
[2024-12-03T00:27:42.620+0000] {processor.py:186} INFO - Started process (PID=6580) to work on /home/airflow/.local/lib/python3.12/site-packages/airflow/example_dags/example_sla_dag.py
[2024-12-03T00:27:42.622+0000] {processor.py:914} INFO - Processing file /home/airflow/.local/lib/python3.12/site-packages/airflow/example_dags/example_sla_dag.py for tasks to queue
[2024-12-03T00:27:42.623+0000] {logging_mixin.py:190} INFO - [2024-12-03T00:27:42.623+0000] {dagbag.py:588} INFO - Filling up the DagBag from /home/airflow/.local/lib/python3.12/site-packages/airflow/example_dags/example_sla_dag.py
[2024-12-03T00:27:42.629+0000] {processor.py:925} INFO - DAG(s) 'example_sla_dag' retrieved from /home/airflow/.local/lib/python3.12/site-packages/airflow/example_dags/example_sla_dag.py
[2024-12-03T00:27:42.639+0000] {logging_mixin.py:190} INFO - [2024-12-03T00:27:42.639+0000] {dag.py:3239} INFO - Sync 1 DAGs
[2024-12-03T00:27:42.650+0000] {logging_mixin.py:190} INFO - [2024-12-03T00:27:42.649+0000] {dag.py:4180} INFO - Setting next_dagrun for example_sla_dag to 2024-12-03 00:24:00+00:00, run_after=2024-12-03 00:26:00+00:00
[2024-12-03T00:27:42.658+0000] {processor.py:208} INFO - Processing /home/airflow/.local/lib/python3.12/site-packages/airflow/example_dags/example_sla_dag.py took 0.041 seconds
[2024-12-03T00:28:13.018+0000] {processor.py:186} INFO - Started process (PID=6646) to work on /home/airflow/.local/lib/python3.12/site-packages/airflow/example_dags/example_sla_dag.py
[2024-12-03T00:28:13.019+0000] {processor.py:914} INFO - Processing file /home/airflow/.local/lib/python3.12/site-packages/airflow/example_dags/example_sla_dag.py for tasks to queue
[2024-12-03T00:28:13.021+0000] {logging_mixin.py:190} INFO - [2024-12-03T00:28:13.020+0000] {dagbag.py:588} INFO - Filling up the DagBag from /home/airflow/.local/lib/python3.12/site-packages/airflow/example_dags/example_sla_dag.py
[2024-12-03T00:28:13.025+0000] {processor.py:925} INFO - DAG(s) 'example_sla_dag' retrieved from /home/airflow/.local/lib/python3.12/site-packages/airflow/example_dags/example_sla_dag.py
[2024-12-03T00:28:13.038+0000] {logging_mixin.py:190} INFO - [2024-12-03T00:28:13.038+0000] {dag.py:3239} INFO - Sync 1 DAGs
[2024-12-03T00:28:13.048+0000] {logging_mixin.py:190} INFO - [2024-12-03T00:28:13.048+0000] {dag.py:4180} INFO - Setting next_dagrun for example_sla_dag to 2024-12-03 00:26:00+00:00, run_after=2024-12-03 00:28:00+00:00
[2024-12-03T00:28:13.057+0000] {processor.py:208} INFO - Processing /home/airflow/.local/lib/python3.12/site-packages/airflow/example_dags/example_sla_dag.py took 0.042 seconds
[2024-12-03T00:28:43.449+0000] {processor.py:186} INFO - Started process (PID=6712) to work on /home/airflow/.local/lib/python3.12/site-packages/airflow/example_dags/example_sla_dag.py
[2024-12-03T00:28:43.450+0000] {processor.py:914} INFO - Processing file /home/airflow/.local/lib/python3.12/site-packages/airflow/example_dags/example_sla_dag.py for tasks to queue
[2024-12-03T00:28:43.452+0000] {logging_mixin.py:190} INFO - [2024-12-03T00:28:43.452+0000] {dagbag.py:588} INFO - Filling up the DagBag from /home/airflow/.local/lib/python3.12/site-packages/airflow/example_dags/example_sla_dag.py
[2024-12-03T00:28:43.456+0000] {processor.py:925} INFO - DAG(s) 'example_sla_dag' retrieved from /home/airflow/.local/lib/python3.12/site-packages/airflow/example_dags/example_sla_dag.py
[2024-12-03T00:28:43.465+0000] {logging_mixin.py:190} INFO - [2024-12-03T00:28:43.465+0000] {dag.py:3239} INFO - Sync 1 DAGs
[2024-12-03T00:28:43.475+0000] {logging_mixin.py:190} INFO - [2024-12-03T00:28:43.475+0000] {dag.py:4180} INFO - Setting next_dagrun for example_sla_dag to 2024-12-03 00:26:00+00:00, run_after=2024-12-03 00:28:00+00:00
[2024-12-03T00:28:43.482+0000] {processor.py:208} INFO - Processing /home/airflow/.local/lib/python3.12/site-packages/airflow/example_dags/example_sla_dag.py took 0.036 seconds
[2024-12-03T00:29:13.857+0000] {processor.py:186} INFO - Started process (PID=6778) to work on /home/airflow/.local/lib/python3.12/site-packages/airflow/example_dags/example_sla_dag.py
[2024-12-03T00:29:13.859+0000] {processor.py:914} INFO - Processing file /home/airflow/.local/lib/python3.12/site-packages/airflow/example_dags/example_sla_dag.py for tasks to queue
[2024-12-03T00:29:13.860+0000] {logging_mixin.py:190} INFO - [2024-12-03T00:29:13.860+0000] {dagbag.py:588} INFO - Filling up the DagBag from /home/airflow/.local/lib/python3.12/site-packages/airflow/example_dags/example_sla_dag.py
[2024-12-03T00:29:13.865+0000] {processor.py:925} INFO - DAG(s) 'example_sla_dag' retrieved from /home/airflow/.local/lib/python3.12/site-packages/airflow/example_dags/example_sla_dag.py
[2024-12-03T00:29:13.875+0000] {logging_mixin.py:190} INFO - [2024-12-03T00:29:13.875+0000] {dag.py:3239} INFO - Sync 1 DAGs
[2024-12-03T00:29:13.885+0000] {logging_mixin.py:190} INFO - [2024-12-03T00:29:13.885+0000] {dag.py:4180} INFO - Setting next_dagrun for example_sla_dag to 2024-12-03 00:26:00+00:00, run_after=2024-12-03 00:28:00+00:00
[2024-12-03T00:29:13.894+0000] {processor.py:208} INFO - Processing /home/airflow/.local/lib/python3.12/site-packages/airflow/example_dags/example_sla_dag.py took 0.040 seconds
[2024-12-03T00:29:44.192+0000] {processor.py:186} INFO - Started process (PID=6844) to work on /home/airflow/.local/lib/python3.12/site-packages/airflow/example_dags/example_sla_dag.py
[2024-12-03T00:29:44.193+0000] {processor.py:914} INFO - Processing file /home/airflow/.local/lib/python3.12/site-packages/airflow/example_dags/example_sla_dag.py for tasks to queue
[2024-12-03T00:29:44.195+0000] {logging_mixin.py:190} INFO - [2024-12-03T00:29:44.194+0000] {dagbag.py:588} INFO - Filling up the DagBag from /home/airflow/.local/lib/python3.12/site-packages/airflow/example_dags/example_sla_dag.py
[2024-12-03T00:29:44.200+0000] {processor.py:925} INFO - DAG(s) 'example_sla_dag' retrieved from /home/airflow/.local/lib/python3.12/site-packages/airflow/example_dags/example_sla_dag.py
[2024-12-03T00:29:44.215+0000] {logging_mixin.py:190} INFO - [2024-12-03T00:29:44.215+0000] {dag.py:3239} INFO - Sync 1 DAGs
[2024-12-03T00:29:44.225+0000] {logging_mixin.py:190} INFO - [2024-12-03T00:29:44.225+0000] {dag.py:4180} INFO - Setting next_dagrun for example_sla_dag to 2024-12-03 00:26:00+00:00, run_after=2024-12-03 00:28:00+00:00
[2024-12-03T00:29:44.232+0000] {processor.py:208} INFO - Processing /home/airflow/.local/lib/python3.12/site-packages/airflow/example_dags/example_sla_dag.py took 0.043 seconds
[2024-12-03T00:30:14.883+0000] {processor.py:186} INFO - Started process (PID=6910) to work on /home/airflow/.local/lib/python3.12/site-packages/airflow/example_dags/example_sla_dag.py
[2024-12-03T00:30:14.883+0000] {processor.py:914} INFO - Processing file /home/airflow/.local/lib/python3.12/site-packages/airflow/example_dags/example_sla_dag.py for tasks to queue
[2024-12-03T00:30:14.885+0000] {logging_mixin.py:190} INFO - [2024-12-03T00:30:14.884+0000] {dagbag.py:588} INFO - Filling up the DagBag from /home/airflow/.local/lib/python3.12/site-packages/airflow/example_dags/example_sla_dag.py
[2024-12-03T00:30:14.890+0000] {processor.py:925} INFO - DAG(s) 'example_sla_dag' retrieved from /home/airflow/.local/lib/python3.12/site-packages/airflow/example_dags/example_sla_dag.py
[2024-12-03T00:30:14.900+0000] {logging_mixin.py:190} INFO - [2024-12-03T00:30:14.900+0000] {dag.py:3239} INFO - Sync 1 DAGs
[2024-12-03T00:30:14.911+0000] {logging_mixin.py:190} INFO - [2024-12-03T00:30:14.910+0000] {dag.py:4180} INFO - Setting next_dagrun for example_sla_dag to 2024-12-03 00:28:00+00:00, run_after=2024-12-03 00:30:00+00:00
[2024-12-03T00:30:14.919+0000] {processor.py:208} INFO - Processing /home/airflow/.local/lib/python3.12/site-packages/airflow/example_dags/example_sla_dag.py took 0.040 seconds
[2024-12-03T00:30:45.310+0000] {processor.py:186} INFO - Started process (PID=6976) to work on /home/airflow/.local/lib/python3.12/site-packages/airflow/example_dags/example_sla_dag.py
[2024-12-03T00:30:45.310+0000] {processor.py:914} INFO - Processing file /home/airflow/.local/lib/python3.12/site-packages/airflow/example_dags/example_sla_dag.py for tasks to queue
[2024-12-03T00:30:45.312+0000] {logging_mixin.py:190} INFO - [2024-12-03T00:30:45.312+0000] {dagbag.py:588} INFO - Filling up the DagBag from /home/airflow/.local/lib/python3.12/site-packages/airflow/example_dags/example_sla_dag.py
[2024-12-03T00:30:45.317+0000] {processor.py:925} INFO - DAG(s) 'example_sla_dag' retrieved from /home/airflow/.local/lib/python3.12/site-packages/airflow/example_dags/example_sla_dag.py
[2024-12-03T00:30:45.328+0000] {logging_mixin.py:190} INFO - [2024-12-03T00:30:45.328+0000] {dag.py:3239} INFO - Sync 1 DAGs
[2024-12-03T00:30:45.339+0000] {logging_mixin.py:190} INFO - [2024-12-03T00:30:45.339+0000] {dag.py:4180} INFO - Setting next_dagrun for example_sla_dag to 2024-12-03 00:28:00+00:00, run_after=2024-12-03 00:30:00+00:00
[2024-12-03T00:30:45.349+0000] {processor.py:208} INFO - Processing /home/airflow/.local/lib/python3.12/site-packages/airflow/example_dags/example_sla_dag.py took 0.042 seconds
[2024-12-03T00:31:15.839+0000] {processor.py:186} INFO - Started process (PID=7042) to work on /home/airflow/.local/lib/python3.12/site-packages/airflow/example_dags/example_sla_dag.py
[2024-12-03T00:31:15.840+0000] {processor.py:914} INFO - Processing file /home/airflow/.local/lib/python3.12/site-packages/airflow/example_dags/example_sla_dag.py for tasks to queue
[2024-12-03T00:31:15.841+0000] {logging_mixin.py:190} INFO - [2024-12-03T00:31:15.841+0000] {dagbag.py:588} INFO - Filling up the DagBag from /home/airflow/.local/lib/python3.12/site-packages/airflow/example_dags/example_sla_dag.py
[2024-12-03T00:31:15.846+0000] {processor.py:925} INFO - DAG(s) 'example_sla_dag' retrieved from /home/airflow/.local/lib/python3.12/site-packages/airflow/example_dags/example_sla_dag.py
[2024-12-03T00:31:15.857+0000] {logging_mixin.py:190} INFO - [2024-12-03T00:31:15.857+0000] {dag.py:3239} INFO - Sync 1 DAGs
[2024-12-03T00:31:15.867+0000] {logging_mixin.py:190} INFO - [2024-12-03T00:31:15.867+0000] {dag.py:4180} INFO - Setting next_dagrun for example_sla_dag to 2024-12-03 00:28:00+00:00, run_after=2024-12-03 00:30:00+00:00
[2024-12-03T00:31:15.875+0000] {processor.py:208} INFO - Processing /home/airflow/.local/lib/python3.12/site-packages/airflow/example_dags/example_sla_dag.py took 0.039 seconds
[2024-12-03T00:31:46.269+0000] {processor.py:186} INFO - Started process (PID=7108) to work on /home/airflow/.local/lib/python3.12/site-packages/airflow/example_dags/example_sla_dag.py
[2024-12-03T00:31:46.269+0000] {processor.py:914} INFO - Processing file /home/airflow/.local/lib/python3.12/site-packages/airflow/example_dags/example_sla_dag.py for tasks to queue
[2024-12-03T00:31:46.270+0000] {logging_mixin.py:190} INFO - [2024-12-03T00:31:46.270+0000] {dagbag.py:588} INFO - Filling up the DagBag from /home/airflow/.local/lib/python3.12/site-packages/airflow/example_dags/example_sla_dag.py
[2024-12-03T00:31:46.275+0000] {processor.py:925} INFO - DAG(s) 'example_sla_dag' retrieved from /home/airflow/.local/lib/python3.12/site-packages/airflow/example_dags/example_sla_dag.py
[2024-12-03T00:31:46.287+0000] {logging_mixin.py:190} INFO - [2024-12-03T00:31:46.287+0000] {dag.py:3239} INFO - Sync 1 DAGs
[2024-12-03T00:31:46.300+0000] {logging_mixin.py:190} INFO - [2024-12-03T00:31:46.300+0000] {dag.py:4180} INFO - Setting next_dagrun for example_sla_dag to 2024-12-03 00:28:00+00:00, run_after=2024-12-03 00:30:00+00:00
[2024-12-03T00:31:46.309+0000] {processor.py:208} INFO - Processing /home/airflow/.local/lib/python3.12/site-packages/airflow/example_dags/example_sla_dag.py took 0.043 seconds
[2024-12-03T00:32:16.760+0000] {processor.py:186} INFO - Started process (PID=7174) to work on /home/airflow/.local/lib/python3.12/site-packages/airflow/example_dags/example_sla_dag.py
[2024-12-03T00:32:16.761+0000] {processor.py:914} INFO - Processing file /home/airflow/.local/lib/python3.12/site-packages/airflow/example_dags/example_sla_dag.py for tasks to queue
[2024-12-03T00:32:16.762+0000] {logging_mixin.py:190} INFO - [2024-12-03T00:32:16.762+0000] {dagbag.py:588} INFO - Filling up the DagBag from /home/airflow/.local/lib/python3.12/site-packages/airflow/example_dags/example_sla_dag.py
[2024-12-03T00:32:16.767+0000] {processor.py:925} INFO - DAG(s) 'example_sla_dag' retrieved from /home/airflow/.local/lib/python3.12/site-packages/airflow/example_dags/example_sla_dag.py
[2024-12-03T00:32:16.778+0000] {logging_mixin.py:190} INFO - [2024-12-03T00:32:16.778+0000] {dag.py:3239} INFO - Sync 1 DAGs
[2024-12-03T00:32:16.787+0000] {logging_mixin.py:190} INFO - [2024-12-03T00:32:16.787+0000] {dag.py:4180} INFO - Setting next_dagrun for example_sla_dag to 2024-12-03 00:30:00+00:00, run_after=2024-12-03 00:32:00+00:00
[2024-12-03T00:32:16.796+0000] {processor.py:208} INFO - Processing /home/airflow/.local/lib/python3.12/site-packages/airflow/example_dags/example_sla_dag.py took 0.038 seconds
[2024-12-03T00:32:47.166+0000] {processor.py:186} INFO - Started process (PID=7240) to work on /home/airflow/.local/lib/python3.12/site-packages/airflow/example_dags/example_sla_dag.py
[2024-12-03T00:32:47.167+0000] {processor.py:914} INFO - Processing file /home/airflow/.local/lib/python3.12/site-packages/airflow/example_dags/example_sla_dag.py for tasks to queue
[2024-12-03T00:32:47.169+0000] {logging_mixin.py:190} INFO - [2024-12-03T00:32:47.169+0000] {dagbag.py:588} INFO - Filling up the DagBag from /home/airflow/.local/lib/python3.12/site-packages/airflow/example_dags/example_sla_dag.py
[2024-12-03T00:32:47.173+0000] {processor.py:925} INFO - DAG(s) 'example_sla_dag' retrieved from /home/airflow/.local/lib/python3.12/site-packages/airflow/example_dags/example_sla_dag.py
[2024-12-03T00:32:47.188+0000] {logging_mixin.py:190} INFO - [2024-12-03T00:32:47.188+0000] {dag.py:3239} INFO - Sync 1 DAGs
[2024-12-03T00:32:47.196+0000] {logging_mixin.py:190} INFO - [2024-12-03T00:32:47.196+0000] {dag.py:4180} INFO - Setting next_dagrun for example_sla_dag to 2024-12-03 00:30:00+00:00, run_after=2024-12-03 00:32:00+00:00
[2024-12-03T00:32:47.206+0000] {processor.py:208} INFO - Processing /home/airflow/.local/lib/python3.12/site-packages/airflow/example_dags/example_sla_dag.py took 0.043 seconds
[2024-12-03T00:33:17.480+0000] {processor.py:186} INFO - Started process (PID=7306) to work on /home/airflow/.local/lib/python3.12/site-packages/airflow/example_dags/example_sla_dag.py
[2024-12-03T00:33:17.482+0000] {processor.py:914} INFO - Processing file /home/airflow/.local/lib/python3.12/site-packages/airflow/example_dags/example_sla_dag.py for tasks to queue
[2024-12-03T00:33:17.483+0000] {logging_mixin.py:190} INFO - [2024-12-03T00:33:17.482+0000] {dagbag.py:588} INFO - Filling up the DagBag from /home/airflow/.local/lib/python3.12/site-packages/airflow/example_dags/example_sla_dag.py
[2024-12-03T00:33:17.489+0000] {processor.py:925} INFO - DAG(s) 'example_sla_dag' retrieved from /home/airflow/.local/lib/python3.12/site-packages/airflow/example_dags/example_sla_dag.py
[2024-12-03T00:33:17.501+0000] {logging_mixin.py:190} INFO - [2024-12-03T00:33:17.501+0000] {dag.py:3239} INFO - Sync 1 DAGs
[2024-12-03T00:33:17.510+0000] {logging_mixin.py:190} INFO - [2024-12-03T00:33:17.510+0000] {dag.py:4180} INFO - Setting next_dagrun for example_sla_dag to 2024-12-03 00:30:00+00:00, run_after=2024-12-03 00:32:00+00:00
[2024-12-03T00:33:17.517+0000] {processor.py:208} INFO - Processing /home/airflow/.local/lib/python3.12/site-packages/airflow/example_dags/example_sla_dag.py took 0.040 seconds
[2024-12-03T00:33:47.726+0000] {processor.py:186} INFO - Started process (PID=7372) to work on /home/airflow/.local/lib/python3.12/site-packages/airflow/example_dags/example_sla_dag.py
[2024-12-03T00:33:47.726+0000] {processor.py:914} INFO - Processing file /home/airflow/.local/lib/python3.12/site-packages/airflow/example_dags/example_sla_dag.py for tasks to queue
[2024-12-03T00:33:47.727+0000] {logging_mixin.py:190} INFO - [2024-12-03T00:33:47.727+0000] {dagbag.py:588} INFO - Filling up the DagBag from /home/airflow/.local/lib/python3.12/site-packages/airflow/example_dags/example_sla_dag.py
[2024-12-03T00:33:47.732+0000] {processor.py:925} INFO - DAG(s) 'example_sla_dag' retrieved from /home/airflow/.local/lib/python3.12/site-packages/airflow/example_dags/example_sla_dag.py
[2024-12-03T00:33:47.743+0000] {logging_mixin.py:190} INFO - [2024-12-03T00:33:47.743+0000] {dag.py:3239} INFO - Sync 1 DAGs
[2024-12-03T00:33:47.753+0000] {logging_mixin.py:190} INFO - [2024-12-03T00:33:47.753+0000] {dag.py:4180} INFO - Setting next_dagrun for example_sla_dag to 2024-12-03 00:30:00+00:00, run_after=2024-12-03 00:32:00+00:00
[2024-12-03T00:33:47.761+0000] {processor.py:208} INFO - Processing /home/airflow/.local/lib/python3.12/site-packages/airflow/example_dags/example_sla_dag.py took 0.038 seconds
[2024-12-03T00:34:18.011+0000] {processor.py:186} INFO - Started process (PID=7438) to work on /home/airflow/.local/lib/python3.12/site-packages/airflow/example_dags/example_sla_dag.py
[2024-12-03T00:34:18.012+0000] {processor.py:914} INFO - Processing file /home/airflow/.local/lib/python3.12/site-packages/airflow/example_dags/example_sla_dag.py for tasks to queue
[2024-12-03T00:34:18.013+0000] {logging_mixin.py:190} INFO - [2024-12-03T00:34:18.013+0000] {dagbag.py:588} INFO - Filling up the DagBag from /home/airflow/.local/lib/python3.12/site-packages/airflow/example_dags/example_sla_dag.py
[2024-12-03T00:34:18.017+0000] {processor.py:925} INFO - DAG(s) 'example_sla_dag' retrieved from /home/airflow/.local/lib/python3.12/site-packages/airflow/example_dags/example_sla_dag.py
[2024-12-03T00:34:18.027+0000] {logging_mixin.py:190} INFO - [2024-12-03T00:34:18.027+0000] {dag.py:3239} INFO - Sync 1 DAGs
[2024-12-03T00:34:18.037+0000] {logging_mixin.py:190} INFO - [2024-12-03T00:34:18.037+0000] {dag.py:4180} INFO - Setting next_dagrun for example_sla_dag to 2024-12-03 00:32:00+00:00, run_after=2024-12-03 00:34:00+00:00
[2024-12-03T00:34:18.046+0000] {processor.py:208} INFO - Processing /home/airflow/.local/lib/python3.12/site-packages/airflow/example_dags/example_sla_dag.py took 0.037 seconds
[2024-12-03T00:34:48.260+0000] {processor.py:186} INFO - Started process (PID=7504) to work on /home/airflow/.local/lib/python3.12/site-packages/airflow/example_dags/example_sla_dag.py
[2024-12-03T00:34:48.261+0000] {processor.py:914} INFO - Processing file /home/airflow/.local/lib/python3.12/site-packages/airflow/example_dags/example_sla_dag.py for tasks to queue
[2024-12-03T00:34:48.262+0000] {logging_mixin.py:190} INFO - [2024-12-03T00:34:48.262+0000] {dagbag.py:588} INFO - Filling up the DagBag from /home/airflow/.local/lib/python3.12/site-packages/airflow/example_dags/example_sla_dag.py
[2024-12-03T00:34:48.267+0000] {processor.py:925} INFO - DAG(s) 'example_sla_dag' retrieved from /home/airflow/.local/lib/python3.12/site-packages/airflow/example_dags/example_sla_dag.py
[2024-12-03T00:34:48.277+0000] {logging_mixin.py:190} INFO - [2024-12-03T00:34:48.277+0000] {dag.py:3239} INFO - Sync 1 DAGs
[2024-12-03T00:34:48.289+0000] {logging_mixin.py:190} INFO - [2024-12-03T00:34:48.289+0000] {dag.py:4180} INFO - Setting next_dagrun for example_sla_dag to 2024-12-03 00:32:00+00:00, run_after=2024-12-03 00:34:00+00:00
[2024-12-03T00:34:48.298+0000] {processor.py:208} INFO - Processing /home/airflow/.local/lib/python3.12/site-packages/airflow/example_dags/example_sla_dag.py took 0.041 seconds
[2024-12-03T00:35:18.604+0000] {processor.py:186} INFO - Started process (PID=7570) to work on /home/airflow/.local/lib/python3.12/site-packages/airflow/example_dags/example_sla_dag.py
[2024-12-03T00:35:18.605+0000] {processor.py:914} INFO - Processing file /home/airflow/.local/lib/python3.12/site-packages/airflow/example_dags/example_sla_dag.py for tasks to queue
[2024-12-03T00:35:18.607+0000] {logging_mixin.py:190} INFO - [2024-12-03T00:35:18.607+0000] {dagbag.py:588} INFO - Filling up the DagBag from /home/airflow/.local/lib/python3.12/site-packages/airflow/example_dags/example_sla_dag.py
[2024-12-03T00:35:18.611+0000] {processor.py:925} INFO - DAG(s) 'example_sla_dag' retrieved from /home/airflow/.local/lib/python3.12/site-packages/airflow/example_dags/example_sla_dag.py
[2024-12-03T00:35:18.621+0000] {logging_mixin.py:190} INFO - [2024-12-03T00:35:18.620+0000] {dag.py:3239} INFO - Sync 1 DAGs
[2024-12-03T00:35:18.630+0000] {logging_mixin.py:190} INFO - [2024-12-03T00:35:18.629+0000] {dag.py:4180} INFO - Setting next_dagrun for example_sla_dag to 2024-12-03 00:32:00+00:00, run_after=2024-12-03 00:34:00+00:00
[2024-12-03T00:35:18.637+0000] {processor.py:208} INFO - Processing /home/airflow/.local/lib/python3.12/site-packages/airflow/example_dags/example_sla_dag.py took 0.036 seconds
[2024-12-03T00:35:48.938+0000] {processor.py:186} INFO - Started process (PID=7636) to work on /home/airflow/.local/lib/python3.12/site-packages/airflow/example_dags/example_sla_dag.py
[2024-12-03T00:35:48.940+0000] {processor.py:914} INFO - Processing file /home/airflow/.local/lib/python3.12/site-packages/airflow/example_dags/example_sla_dag.py for tasks to queue
[2024-12-03T00:35:48.942+0000] {logging_mixin.py:190} INFO - [2024-12-03T00:35:48.942+0000] {dagbag.py:588} INFO - Filling up the DagBag from /home/airflow/.local/lib/python3.12/site-packages/airflow/example_dags/example_sla_dag.py
[2024-12-03T00:35:48.946+0000] {processor.py:925} INFO - DAG(s) 'example_sla_dag' retrieved from /home/airflow/.local/lib/python3.12/site-packages/airflow/example_dags/example_sla_dag.py
[2024-12-03T00:35:48.957+0000] {logging_mixin.py:190} INFO - [2024-12-03T00:35:48.957+0000] {dag.py:3239} INFO - Sync 1 DAGs
[2024-12-03T00:35:48.967+0000] {logging_mixin.py:190} INFO - [2024-12-03T00:35:48.967+0000] {dag.py:4180} INFO - Setting next_dagrun for example_sla_dag to 2024-12-03 00:32:00+00:00, run_after=2024-12-03 00:34:00+00:00
[2024-12-03T00:35:48.975+0000] {processor.py:208} INFO - Processing /home/airflow/.local/lib/python3.12/site-packages/airflow/example_dags/example_sla_dag.py took 0.040 seconds
[2024-12-03T00:36:19.242+0000] {processor.py:186} INFO - Started process (PID=7702) to work on /home/airflow/.local/lib/python3.12/site-packages/airflow/example_dags/example_sla_dag.py
[2024-12-03T00:36:19.244+0000] {processor.py:914} INFO - Processing file /home/airflow/.local/lib/python3.12/site-packages/airflow/example_dags/example_sla_dag.py for tasks to queue
[2024-12-03T00:36:19.245+0000] {logging_mixin.py:190} INFO - [2024-12-03T00:36:19.245+0000] {dagbag.py:588} INFO - Filling up the DagBag from /home/airflow/.local/lib/python3.12/site-packages/airflow/example_dags/example_sla_dag.py
[2024-12-03T00:36:19.250+0000] {processor.py:925} INFO - DAG(s) 'example_sla_dag' retrieved from /home/airflow/.local/lib/python3.12/site-packages/airflow/example_dags/example_sla_dag.py
[2024-12-03T00:36:19.258+0000] {logging_mixin.py:190} INFO - [2024-12-03T00:36:19.258+0000] {dag.py:3239} INFO - Sync 1 DAGs
[2024-12-03T00:36:19.266+0000] {logging_mixin.py:190} INFO - [2024-12-03T00:36:19.266+0000] {dag.py:4180} INFO - Setting next_dagrun for example_sla_dag to 2024-12-03 00:34:00+00:00, run_after=2024-12-03 00:36:00+00:00
[2024-12-03T00:36:19.275+0000] {processor.py:208} INFO - Processing /home/airflow/.local/lib/python3.12/site-packages/airflow/example_dags/example_sla_dag.py took 0.035 seconds
[2024-12-03T00:36:49.514+0000] {processor.py:186} INFO - Started process (PID=7768) to work on /home/airflow/.local/lib/python3.12/site-packages/airflow/example_dags/example_sla_dag.py
[2024-12-03T00:36:49.515+0000] {processor.py:914} INFO - Processing file /home/airflow/.local/lib/python3.12/site-packages/airflow/example_dags/example_sla_dag.py for tasks to queue
[2024-12-03T00:36:49.516+0000] {logging_mixin.py:190} INFO - [2024-12-03T00:36:49.516+0000] {dagbag.py:588} INFO - Filling up the DagBag from /home/airflow/.local/lib/python3.12/site-packages/airflow/example_dags/example_sla_dag.py
[2024-12-03T00:36:49.521+0000] {processor.py:925} INFO - DAG(s) 'example_sla_dag' retrieved from /home/airflow/.local/lib/python3.12/site-packages/airflow/example_dags/example_sla_dag.py
[2024-12-03T00:36:49.534+0000] {logging_mixin.py:190} INFO - [2024-12-03T00:36:49.534+0000] {dag.py:3239} INFO - Sync 1 DAGs
[2024-12-03T00:36:49.543+0000] {logging_mixin.py:190} INFO - [2024-12-03T00:36:49.543+0000] {dag.py:4180} INFO - Setting next_dagrun for example_sla_dag to 2024-12-03 00:34:00+00:00, run_after=2024-12-03 00:36:00+00:00
[2024-12-03T00:36:49.553+0000] {processor.py:208} INFO - Processing /home/airflow/.local/lib/python3.12/site-packages/airflow/example_dags/example_sla_dag.py took 0.041 seconds
[2024-12-03T00:37:19.746+0000] {processor.py:186} INFO - Started process (PID=7834) to work on /home/airflow/.local/lib/python3.12/site-packages/airflow/example_dags/example_sla_dag.py
[2024-12-03T00:37:19.746+0000] {processor.py:914} INFO - Processing file /home/airflow/.local/lib/python3.12/site-packages/airflow/example_dags/example_sla_dag.py for tasks to queue
[2024-12-03T00:37:19.748+0000] {logging_mixin.py:190} INFO - [2024-12-03T00:37:19.748+0000] {dagbag.py:588} INFO - Filling up the DagBag from /home/airflow/.local/lib/python3.12/site-packages/airflow/example_dags/example_sla_dag.py
[2024-12-03T00:37:19.753+0000] {processor.py:925} INFO - DAG(s) 'example_sla_dag' retrieved from /home/airflow/.local/lib/python3.12/site-packages/airflow/example_dags/example_sla_dag.py
[2024-12-03T00:37:19.763+0000] {logging_mixin.py:190} INFO - [2024-12-03T00:37:19.763+0000] {dag.py:3239} INFO - Sync 1 DAGs
[2024-12-03T00:37:19.774+0000] {logging_mixin.py:190} INFO - [2024-12-03T00:37:19.773+0000] {dag.py:4180} INFO - Setting next_dagrun for example_sla_dag to 2024-12-03 00:34:00+00:00, run_after=2024-12-03 00:36:00+00:00
[2024-12-03T00:37:19.786+0000] {processor.py:208} INFO - Processing /home/airflow/.local/lib/python3.12/site-packages/airflow/example_dags/example_sla_dag.py took 0.043 seconds
[2024-12-03T00:37:50.063+0000] {processor.py:186} INFO - Started process (PID=7900) to work on /home/airflow/.local/lib/python3.12/site-packages/airflow/example_dags/example_sla_dag.py
[2024-12-03T00:37:50.064+0000] {processor.py:914} INFO - Processing file /home/airflow/.local/lib/python3.12/site-packages/airflow/example_dags/example_sla_dag.py for tasks to queue
[2024-12-03T00:37:50.065+0000] {logging_mixin.py:190} INFO - [2024-12-03T00:37:50.065+0000] {dagbag.py:588} INFO - Filling up the DagBag from /home/airflow/.local/lib/python3.12/site-packages/airflow/example_dags/example_sla_dag.py
[2024-12-03T00:37:50.071+0000] {processor.py:925} INFO - DAG(s) 'example_sla_dag' retrieved from /home/airflow/.local/lib/python3.12/site-packages/airflow/example_dags/example_sla_dag.py
[2024-12-03T00:37:50.089+0000] {logging_mixin.py:190} INFO - [2024-12-03T00:37:50.089+0000] {dag.py:3239} INFO - Sync 1 DAGs
[2024-12-03T00:37:50.102+0000] {logging_mixin.py:190} INFO - [2024-12-03T00:37:50.102+0000] {dag.py:4180} INFO - Setting next_dagrun for example_sla_dag to 2024-12-03 00:34:00+00:00, run_after=2024-12-03 00:36:00+00:00
[2024-12-03T00:37:50.114+0000] {processor.py:208} INFO - Processing /home/airflow/.local/lib/python3.12/site-packages/airflow/example_dags/example_sla_dag.py took 0.054 seconds
