[2024-12-03T00:03:58.772+0000] {processor.py:186} INFO - Started process (PID=3507) to work on /home/airflow/.local/lib/python3.12/site-packages/airflow/example_dags/example_workday_timetable.py
[2024-12-03T00:03:58.773+0000] {processor.py:914} INFO - Processing file /home/airflow/.local/lib/python3.12/site-packages/airflow/example_dags/example_workday_timetable.py for tasks to queue
[2024-12-03T00:03:58.774+0000] {logging_mixin.py:190} INFO - [2024-12-03T00:03:58.774+0000] {dagbag.py:588} INFO - Filling up the DagBag from /home/airflow/.local/lib/python3.12/site-packages/airflow/example_dags/example_workday_timetable.py
[2024-12-03T00:03:58.776+0000] {processor.py:925} INFO - DAG(s) 'example_workday_timetable' retrieved from /home/airflow/.local/lib/python3.12/site-packages/airflow/example_dags/example_workday_timetable.py
[2024-12-03T00:03:58.786+0000] {logging_mixin.py:190} INFO - [2024-12-03T00:03:58.786+0000] {dag.py:3239} INFO - Sync 1 DAGs
[2024-12-03T00:03:58.815+0000] {logging_mixin.py:190} INFO - [2024-12-03T00:03:58.815+0000] {dag.py:4180} INFO - Setting next_dagrun for example_workday_timetable to 2021-01-04 00:00:00+00:00, run_after=2021-01-05 00:00:00+00:00
[2024-12-03T00:03:58.829+0000] {processor.py:208} INFO - Processing /home/airflow/.local/lib/python3.12/site-packages/airflow/example_dags/example_workday_timetable.py took 0.059 seconds
[2024-12-03T00:04:29.195+0000] {processor.py:186} INFO - Started process (PID=3578) to work on /home/airflow/.local/lib/python3.12/site-packages/airflow/example_dags/example_workday_timetable.py
[2024-12-03T00:04:29.195+0000] {processor.py:914} INFO - Processing file /home/airflow/.local/lib/python3.12/site-packages/airflow/example_dags/example_workday_timetable.py for tasks to queue
[2024-12-03T00:04:29.197+0000] {logging_mixin.py:190} INFO - [2024-12-03T00:04:29.196+0000] {dagbag.py:588} INFO - Filling up the DagBag from /home/airflow/.local/lib/python3.12/site-packages/airflow/example_dags/example_workday_timetable.py
[2024-12-03T00:04:29.201+0000] {processor.py:925} INFO - DAG(s) 'example_workday_timetable' retrieved from /home/airflow/.local/lib/python3.12/site-packages/airflow/example_dags/example_workday_timetable.py
[2024-12-03T00:04:29.215+0000] {logging_mixin.py:190} INFO - [2024-12-03T00:04:29.215+0000] {dag.py:3239} INFO - Sync 1 DAGs
[2024-12-03T00:04:29.242+0000] {logging_mixin.py:190} INFO - [2024-12-03T00:04:29.242+0000] {dag.py:4180} INFO - Setting next_dagrun for example_workday_timetable to 2021-01-04 00:00:00+00:00, run_after=2021-01-05 00:00:00+00:00
[2024-12-03T00:04:29.257+0000] {processor.py:208} INFO - Processing /home/airflow/.local/lib/python3.12/site-packages/airflow/example_dags/example_workday_timetable.py took 0.065 seconds
[2024-12-03T00:04:59.375+0000] {processor.py:186} INFO - Started process (PID=3644) to work on /home/airflow/.local/lib/python3.12/site-packages/airflow/example_dags/example_workday_timetable.py
[2024-12-03T00:04:59.376+0000] {processor.py:914} INFO - Processing file /home/airflow/.local/lib/python3.12/site-packages/airflow/example_dags/example_workday_timetable.py for tasks to queue
[2024-12-03T00:04:59.377+0000] {logging_mixin.py:190} INFO - [2024-12-03T00:04:59.376+0000] {dagbag.py:588} INFO - Filling up the DagBag from /home/airflow/.local/lib/python3.12/site-packages/airflow/example_dags/example_workday_timetable.py
[2024-12-03T00:04:59.379+0000] {processor.py:925} INFO - DAG(s) 'example_workday_timetable' retrieved from /home/airflow/.local/lib/python3.12/site-packages/airflow/example_dags/example_workday_timetable.py
[2024-12-03T00:04:59.388+0000] {logging_mixin.py:190} INFO - [2024-12-03T00:04:59.387+0000] {dag.py:3239} INFO - Sync 1 DAGs
[2024-12-03T00:04:59.411+0000] {logging_mixin.py:190} INFO - [2024-12-03T00:04:59.411+0000] {dag.py:4180} INFO - Setting next_dagrun for example_workday_timetable to 2021-01-04 00:00:00+00:00, run_after=2021-01-05 00:00:00+00:00
[2024-12-03T00:04:59.422+0000] {processor.py:208} INFO - Processing /home/airflow/.local/lib/python3.12/site-packages/airflow/example_dags/example_workday_timetable.py took 0.050 seconds
[2024-12-03T00:05:30.469+0000] {processor.py:186} INFO - Started process (PID=3710) to work on /home/airflow/.local/lib/python3.12/site-packages/airflow/example_dags/example_workday_timetable.py
[2024-12-03T00:05:30.469+0000] {processor.py:914} INFO - Processing file /home/airflow/.local/lib/python3.12/site-packages/airflow/example_dags/example_workday_timetable.py for tasks to queue
[2024-12-03T00:05:30.472+0000] {logging_mixin.py:190} INFO - [2024-12-03T00:05:30.472+0000] {dagbag.py:588} INFO - Filling up the DagBag from /home/airflow/.local/lib/python3.12/site-packages/airflow/example_dags/example_workday_timetable.py
[2024-12-03T00:05:30.475+0000] {processor.py:925} INFO - DAG(s) 'example_workday_timetable' retrieved from /home/airflow/.local/lib/python3.12/site-packages/airflow/example_dags/example_workday_timetable.py
[2024-12-03T00:05:30.486+0000] {logging_mixin.py:190} INFO - [2024-12-03T00:05:30.486+0000] {dag.py:3239} INFO - Sync 1 DAGs
[2024-12-03T00:05:30.507+0000] {logging_mixin.py:190} INFO - [2024-12-03T00:05:30.507+0000] {dag.py:4180} INFO - Setting next_dagrun for example_workday_timetable to 2021-01-04 00:00:00+00:00, run_after=2021-01-05 00:00:00+00:00
[2024-12-03T00:05:30.517+0000] {processor.py:208} INFO - Processing /home/airflow/.local/lib/python3.12/site-packages/airflow/example_dags/example_workday_timetable.py took 0.051 seconds
[2024-12-03T00:06:01.617+0000] {processor.py:186} INFO - Started process (PID=3776) to work on /home/airflow/.local/lib/python3.12/site-packages/airflow/example_dags/example_workday_timetable.py
[2024-12-03T00:06:01.617+0000] {processor.py:914} INFO - Processing file /home/airflow/.local/lib/python3.12/site-packages/airflow/example_dags/example_workday_timetable.py for tasks to queue
[2024-12-03T00:06:01.618+0000] {logging_mixin.py:190} INFO - [2024-12-03T00:06:01.618+0000] {dagbag.py:588} INFO - Filling up the DagBag from /home/airflow/.local/lib/python3.12/site-packages/airflow/example_dags/example_workday_timetable.py
[2024-12-03T00:06:01.621+0000] {processor.py:925} INFO - DAG(s) 'example_workday_timetable' retrieved from /home/airflow/.local/lib/python3.12/site-packages/airflow/example_dags/example_workday_timetable.py
[2024-12-03T00:06:01.628+0000] {logging_mixin.py:190} INFO - [2024-12-03T00:06:01.628+0000] {dag.py:3239} INFO - Sync 1 DAGs
[2024-12-03T00:06:01.647+0000] {logging_mixin.py:190} INFO - [2024-12-03T00:06:01.647+0000] {dag.py:4180} INFO - Setting next_dagrun for example_workday_timetable to 2021-01-04 00:00:00+00:00, run_after=2021-01-05 00:00:00+00:00
[2024-12-03T00:06:01.653+0000] {processor.py:208} INFO - Processing /home/airflow/.local/lib/python3.12/site-packages/airflow/example_dags/example_workday_timetable.py took 0.039 seconds
[2024-12-03T00:06:32.720+0000] {processor.py:186} INFO - Started process (PID=3842) to work on /home/airflow/.local/lib/python3.12/site-packages/airflow/example_dags/example_workday_timetable.py
[2024-12-03T00:06:32.720+0000] {processor.py:914} INFO - Processing file /home/airflow/.local/lib/python3.12/site-packages/airflow/example_dags/example_workday_timetable.py for tasks to queue
[2024-12-03T00:06:32.721+0000] {logging_mixin.py:190} INFO - [2024-12-03T00:06:32.721+0000] {dagbag.py:588} INFO - Filling up the DagBag from /home/airflow/.local/lib/python3.12/site-packages/airflow/example_dags/example_workday_timetable.py
[2024-12-03T00:06:32.725+0000] {processor.py:925} INFO - DAG(s) 'example_workday_timetable' retrieved from /home/airflow/.local/lib/python3.12/site-packages/airflow/example_dags/example_workday_timetable.py
[2024-12-03T00:06:32.736+0000] {logging_mixin.py:190} INFO - [2024-12-03T00:06:32.735+0000] {dag.py:3239} INFO - Sync 1 DAGs
[2024-12-03T00:06:32.756+0000] {logging_mixin.py:190} INFO - [2024-12-03T00:06:32.756+0000] {dag.py:4180} INFO - Setting next_dagrun for example_workday_timetable to 2021-01-04 00:00:00+00:00, run_after=2021-01-05 00:00:00+00:00
[2024-12-03T00:06:32.764+0000] {processor.py:208} INFO - Processing /home/airflow/.local/lib/python3.12/site-packages/airflow/example_dags/example_workday_timetable.py took 0.047 seconds
[2024-12-03T00:07:03.952+0000] {processor.py:186} INFO - Started process (PID=3908) to work on /home/airflow/.local/lib/python3.12/site-packages/airflow/example_dags/example_workday_timetable.py
[2024-12-03T00:07:03.954+0000] {processor.py:914} INFO - Processing file /home/airflow/.local/lib/python3.12/site-packages/airflow/example_dags/example_workday_timetable.py for tasks to queue
[2024-12-03T00:07:03.955+0000] {logging_mixin.py:190} INFO - [2024-12-03T00:07:03.955+0000] {dagbag.py:588} INFO - Filling up the DagBag from /home/airflow/.local/lib/python3.12/site-packages/airflow/example_dags/example_workday_timetable.py
[2024-12-03T00:07:03.960+0000] {processor.py:925} INFO - DAG(s) 'example_workday_timetable' retrieved from /home/airflow/.local/lib/python3.12/site-packages/airflow/example_dags/example_workday_timetable.py
[2024-12-03T00:07:03.969+0000] {logging_mixin.py:190} INFO - [2024-12-03T00:07:03.969+0000] {dag.py:3239} INFO - Sync 1 DAGs
[2024-12-03T00:07:03.992+0000] {logging_mixin.py:190} INFO - [2024-12-03T00:07:03.992+0000] {dag.py:4180} INFO - Setting next_dagrun for example_workday_timetable to 2021-01-04 00:00:00+00:00, run_after=2021-01-05 00:00:00+00:00
[2024-12-03T00:07:03.999+0000] {processor.py:208} INFO - Processing /home/airflow/.local/lib/python3.12/site-packages/airflow/example_dags/example_workday_timetable.py took 0.050 seconds
[2024-12-03T00:07:34.950+0000] {processor.py:186} INFO - Started process (PID=3974) to work on /home/airflow/.local/lib/python3.12/site-packages/airflow/example_dags/example_workday_timetable.py
[2024-12-03T00:07:34.951+0000] {processor.py:914} INFO - Processing file /home/airflow/.local/lib/python3.12/site-packages/airflow/example_dags/example_workday_timetable.py for tasks to queue
[2024-12-03T00:07:34.952+0000] {logging_mixin.py:190} INFO - [2024-12-03T00:07:34.952+0000] {dagbag.py:588} INFO - Filling up the DagBag from /home/airflow/.local/lib/python3.12/site-packages/airflow/example_dags/example_workday_timetable.py
[2024-12-03T00:07:34.956+0000] {processor.py:925} INFO - DAG(s) 'example_workday_timetable' retrieved from /home/airflow/.local/lib/python3.12/site-packages/airflow/example_dags/example_workday_timetable.py
[2024-12-03T00:07:34.964+0000] {logging_mixin.py:190} INFO - [2024-12-03T00:07:34.964+0000] {dag.py:3239} INFO - Sync 1 DAGs
[2024-12-03T00:07:34.986+0000] {logging_mixin.py:190} INFO - [2024-12-03T00:07:34.986+0000] {dag.py:4180} INFO - Setting next_dagrun for example_workday_timetable to 2021-01-04 00:00:00+00:00, run_after=2021-01-05 00:00:00+00:00
[2024-12-03T00:07:34.995+0000] {processor.py:208} INFO - Processing /home/airflow/.local/lib/python3.12/site-packages/airflow/example_dags/example_workday_timetable.py took 0.047 seconds
[2024-12-03T00:08:05.988+0000] {processor.py:186} INFO - Started process (PID=4040) to work on /home/airflow/.local/lib/python3.12/site-packages/airflow/example_dags/example_workday_timetable.py
[2024-12-03T00:08:05.991+0000] {processor.py:914} INFO - Processing file /home/airflow/.local/lib/python3.12/site-packages/airflow/example_dags/example_workday_timetable.py for tasks to queue
[2024-12-03T00:08:05.992+0000] {logging_mixin.py:190} INFO - [2024-12-03T00:08:05.992+0000] {dagbag.py:588} INFO - Filling up the DagBag from /home/airflow/.local/lib/python3.12/site-packages/airflow/example_dags/example_workday_timetable.py
[2024-12-03T00:08:05.994+0000] {processor.py:925} INFO - DAG(s) 'example_workday_timetable' retrieved from /home/airflow/.local/lib/python3.12/site-packages/airflow/example_dags/example_workday_timetable.py
[2024-12-03T00:08:06.005+0000] {logging_mixin.py:190} INFO - [2024-12-03T00:08:06.005+0000] {dag.py:3239} INFO - Sync 1 DAGs
[2024-12-03T00:08:06.025+0000] {logging_mixin.py:190} INFO - [2024-12-03T00:08:06.025+0000] {dag.py:4180} INFO - Setting next_dagrun for example_workday_timetable to 2021-01-04 00:00:00+00:00, run_after=2021-01-05 00:00:00+00:00
[2024-12-03T00:08:06.035+0000] {processor.py:208} INFO - Processing /home/airflow/.local/lib/python3.12/site-packages/airflow/example_dags/example_workday_timetable.py took 0.050 seconds
[2024-12-03T00:08:37.333+0000] {processor.py:186} INFO - Started process (PID=4106) to work on /home/airflow/.local/lib/python3.12/site-packages/airflow/example_dags/example_workday_timetable.py
[2024-12-03T00:08:37.334+0000] {processor.py:914} INFO - Processing file /home/airflow/.local/lib/python3.12/site-packages/airflow/example_dags/example_workday_timetable.py for tasks to queue
[2024-12-03T00:08:37.335+0000] {logging_mixin.py:190} INFO - [2024-12-03T00:08:37.335+0000] {dagbag.py:588} INFO - Filling up the DagBag from /home/airflow/.local/lib/python3.12/site-packages/airflow/example_dags/example_workday_timetable.py
[2024-12-03T00:08:37.337+0000] {processor.py:925} INFO - DAG(s) 'example_workday_timetable' retrieved from /home/airflow/.local/lib/python3.12/site-packages/airflow/example_dags/example_workday_timetable.py
[2024-12-03T00:08:37.354+0000] {logging_mixin.py:190} INFO - [2024-12-03T00:08:37.354+0000] {dag.py:3239} INFO - Sync 1 DAGs
[2024-12-03T00:08:37.381+0000] {logging_mixin.py:190} INFO - [2024-12-03T00:08:37.381+0000] {dag.py:4180} INFO - Setting next_dagrun for example_workday_timetable to 2021-01-04 00:00:00+00:00, run_after=2021-01-05 00:00:00+00:00
[2024-12-03T00:08:37.389+0000] {processor.py:208} INFO - Processing /home/airflow/.local/lib/python3.12/site-packages/airflow/example_dags/example_workday_timetable.py took 0.058 seconds
[2024-12-03T00:09:07.650+0000] {processor.py:186} INFO - Started process (PID=4172) to work on /home/airflow/.local/lib/python3.12/site-packages/airflow/example_dags/example_workday_timetable.py
[2024-12-03T00:09:07.650+0000] {processor.py:914} INFO - Processing file /home/airflow/.local/lib/python3.12/site-packages/airflow/example_dags/example_workday_timetable.py for tasks to queue
[2024-12-03T00:09:07.651+0000] {logging_mixin.py:190} INFO - [2024-12-03T00:09:07.651+0000] {dagbag.py:588} INFO - Filling up the DagBag from /home/airflow/.local/lib/python3.12/site-packages/airflow/example_dags/example_workday_timetable.py
[2024-12-03T00:09:07.653+0000] {processor.py:925} INFO - DAG(s) 'example_workday_timetable' retrieved from /home/airflow/.local/lib/python3.12/site-packages/airflow/example_dags/example_workday_timetable.py
[2024-12-03T00:09:07.660+0000] {logging_mixin.py:190} INFO - [2024-12-03T00:09:07.660+0000] {dag.py:3239} INFO - Sync 1 DAGs
[2024-12-03T00:09:07.679+0000] {logging_mixin.py:190} INFO - [2024-12-03T00:09:07.679+0000] {dag.py:4180} INFO - Setting next_dagrun for example_workday_timetable to 2021-01-04 00:00:00+00:00, run_after=2021-01-05 00:00:00+00:00
[2024-12-03T00:09:07.685+0000] {processor.py:208} INFO - Processing /home/airflow/.local/lib/python3.12/site-packages/airflow/example_dags/example_workday_timetable.py took 0.038 seconds
[2024-12-03T00:09:37.830+0000] {processor.py:186} INFO - Started process (PID=4238) to work on /home/airflow/.local/lib/python3.12/site-packages/airflow/example_dags/example_workday_timetable.py
[2024-12-03T00:09:37.831+0000] {processor.py:914} INFO - Processing file /home/airflow/.local/lib/python3.12/site-packages/airflow/example_dags/example_workday_timetable.py for tasks to queue
[2024-12-03T00:09:37.831+0000] {logging_mixin.py:190} INFO - [2024-12-03T00:09:37.831+0000] {dagbag.py:588} INFO - Filling up the DagBag from /home/airflow/.local/lib/python3.12/site-packages/airflow/example_dags/example_workday_timetable.py
[2024-12-03T00:09:37.834+0000] {processor.py:925} INFO - DAG(s) 'example_workday_timetable' retrieved from /home/airflow/.local/lib/python3.12/site-packages/airflow/example_dags/example_workday_timetable.py
[2024-12-03T00:09:37.841+0000] {logging_mixin.py:190} INFO - [2024-12-03T00:09:37.841+0000] {dag.py:3239} INFO - Sync 1 DAGs
[2024-12-03T00:09:37.861+0000] {logging_mixin.py:190} INFO - [2024-12-03T00:09:37.861+0000] {dag.py:4180} INFO - Setting next_dagrun for example_workday_timetable to 2021-01-04 00:00:00+00:00, run_after=2021-01-05 00:00:00+00:00
[2024-12-03T00:09:37.867+0000] {processor.py:208} INFO - Processing /home/airflow/.local/lib/python3.12/site-packages/airflow/example_dags/example_workday_timetable.py took 0.039 seconds
[2024-12-03T00:10:09.210+0000] {processor.py:186} INFO - Started process (PID=4304) to work on /home/airflow/.local/lib/python3.12/site-packages/airflow/example_dags/example_workday_timetable.py
[2024-12-03T00:10:09.210+0000] {processor.py:914} INFO - Processing file /home/airflow/.local/lib/python3.12/site-packages/airflow/example_dags/example_workday_timetable.py for tasks to queue
[2024-12-03T00:10:09.211+0000] {logging_mixin.py:190} INFO - [2024-12-03T00:10:09.211+0000] {dagbag.py:588} INFO - Filling up the DagBag from /home/airflow/.local/lib/python3.12/site-packages/airflow/example_dags/example_workday_timetable.py
[2024-12-03T00:10:09.216+0000] {processor.py:925} INFO - DAG(s) 'example_workday_timetable' retrieved from /home/airflow/.local/lib/python3.12/site-packages/airflow/example_dags/example_workday_timetable.py
[2024-12-03T00:10:09.222+0000] {logging_mixin.py:190} INFO - [2024-12-03T00:10:09.222+0000] {dag.py:3239} INFO - Sync 1 DAGs
[2024-12-03T00:10:09.243+0000] {logging_mixin.py:190} INFO - [2024-12-03T00:10:09.242+0000] {dag.py:4180} INFO - Setting next_dagrun for example_workday_timetable to 2021-01-04 00:00:00+00:00, run_after=2021-01-05 00:00:00+00:00
[2024-12-03T00:10:09.251+0000] {processor.py:208} INFO - Processing /home/airflow/.local/lib/python3.12/site-packages/airflow/example_dags/example_workday_timetable.py took 0.044 seconds
[2024-12-03T00:10:39.509+0000] {processor.py:186} INFO - Started process (PID=4370) to work on /home/airflow/.local/lib/python3.12/site-packages/airflow/example_dags/example_workday_timetable.py
[2024-12-03T00:10:39.512+0000] {processor.py:914} INFO - Processing file /home/airflow/.local/lib/python3.12/site-packages/airflow/example_dags/example_workday_timetable.py for tasks to queue
[2024-12-03T00:10:39.513+0000] {logging_mixin.py:190} INFO - [2024-12-03T00:10:39.513+0000] {dagbag.py:588} INFO - Filling up the DagBag from /home/airflow/.local/lib/python3.12/site-packages/airflow/example_dags/example_workday_timetable.py
[2024-12-03T00:10:39.517+0000] {processor.py:925} INFO - DAG(s) 'example_workday_timetable' retrieved from /home/airflow/.local/lib/python3.12/site-packages/airflow/example_dags/example_workday_timetable.py
[2024-12-03T00:10:39.524+0000] {logging_mixin.py:190} INFO - [2024-12-03T00:10:39.524+0000] {dag.py:3239} INFO - Sync 1 DAGs
[2024-12-03T00:10:39.544+0000] {logging_mixin.py:190} INFO - [2024-12-03T00:10:39.544+0000] {dag.py:4180} INFO - Setting next_dagrun for example_workday_timetable to 2021-01-04 00:00:00+00:00, run_after=2021-01-05 00:00:00+00:00
[2024-12-03T00:10:39.552+0000] {processor.py:208} INFO - Processing /home/airflow/.local/lib/python3.12/site-packages/airflow/example_dags/example_workday_timetable.py took 0.045 seconds
[2024-12-03T00:11:10.635+0000] {processor.py:186} INFO - Started process (PID=4436) to work on /home/airflow/.local/lib/python3.12/site-packages/airflow/example_dags/example_workday_timetable.py
[2024-12-03T00:11:10.636+0000] {processor.py:914} INFO - Processing file /home/airflow/.local/lib/python3.12/site-packages/airflow/example_dags/example_workday_timetable.py for tasks to queue
[2024-12-03T00:11:10.637+0000] {logging_mixin.py:190} INFO - [2024-12-03T00:11:10.637+0000] {dagbag.py:588} INFO - Filling up the DagBag from /home/airflow/.local/lib/python3.12/site-packages/airflow/example_dags/example_workday_timetable.py
[2024-12-03T00:11:10.640+0000] {processor.py:925} INFO - DAG(s) 'example_workday_timetable' retrieved from /home/airflow/.local/lib/python3.12/site-packages/airflow/example_dags/example_workday_timetable.py
[2024-12-03T00:11:10.649+0000] {logging_mixin.py:190} INFO - [2024-12-03T00:11:10.649+0000] {dag.py:3239} INFO - Sync 1 DAGs
[2024-12-03T00:11:10.670+0000] {logging_mixin.py:190} INFO - [2024-12-03T00:11:10.670+0000] {dag.py:4180} INFO - Setting next_dagrun for example_workday_timetable to 2021-01-04 00:00:00+00:00, run_after=2021-01-05 00:00:00+00:00
[2024-12-03T00:11:10.677+0000] {processor.py:208} INFO - Processing /home/airflow/.local/lib/python3.12/site-packages/airflow/example_dags/example_workday_timetable.py took 0.044 seconds
[2024-12-03T00:11:40.791+0000] {processor.py:186} INFO - Started process (PID=4502) to work on /home/airflow/.local/lib/python3.12/site-packages/airflow/example_dags/example_workday_timetable.py
[2024-12-03T00:11:40.792+0000] {processor.py:914} INFO - Processing file /home/airflow/.local/lib/python3.12/site-packages/airflow/example_dags/example_workday_timetable.py for tasks to queue
[2024-12-03T00:11:40.793+0000] {logging_mixin.py:190} INFO - [2024-12-03T00:11:40.793+0000] {dagbag.py:588} INFO - Filling up the DagBag from /home/airflow/.local/lib/python3.12/site-packages/airflow/example_dags/example_workday_timetable.py
[2024-12-03T00:11:40.795+0000] {processor.py:925} INFO - DAG(s) 'example_workday_timetable' retrieved from /home/airflow/.local/lib/python3.12/site-packages/airflow/example_dags/example_workday_timetable.py
[2024-12-03T00:11:40.803+0000] {logging_mixin.py:190} INFO - [2024-12-03T00:11:40.802+0000] {dag.py:3239} INFO - Sync 1 DAGs
[2024-12-03T00:11:40.826+0000] {logging_mixin.py:190} INFO - [2024-12-03T00:11:40.826+0000] {dag.py:4180} INFO - Setting next_dagrun for example_workday_timetable to 2021-01-04 00:00:00+00:00, run_after=2021-01-05 00:00:00+00:00
[2024-12-03T00:11:40.832+0000] {processor.py:208} INFO - Processing /home/airflow/.local/lib/python3.12/site-packages/airflow/example_dags/example_workday_timetable.py took 0.043 seconds
[2024-12-03T00:12:12.089+0000] {processor.py:186} INFO - Started process (PID=4568) to work on /home/airflow/.local/lib/python3.12/site-packages/airflow/example_dags/example_workday_timetable.py
[2024-12-03T00:12:12.090+0000] {processor.py:914} INFO - Processing file /home/airflow/.local/lib/python3.12/site-packages/airflow/example_dags/example_workday_timetable.py for tasks to queue
[2024-12-03T00:12:12.091+0000] {logging_mixin.py:190} INFO - [2024-12-03T00:12:12.091+0000] {dagbag.py:588} INFO - Filling up the DagBag from /home/airflow/.local/lib/python3.12/site-packages/airflow/example_dags/example_workday_timetable.py
[2024-12-03T00:12:12.093+0000] {processor.py:925} INFO - DAG(s) 'example_workday_timetable' retrieved from /home/airflow/.local/lib/python3.12/site-packages/airflow/example_dags/example_workday_timetable.py
[2024-12-03T00:12:12.101+0000] {logging_mixin.py:190} INFO - [2024-12-03T00:12:12.101+0000] {dag.py:3239} INFO - Sync 1 DAGs
[2024-12-03T00:12:12.122+0000] {logging_mixin.py:190} INFO - [2024-12-03T00:12:12.121+0000] {dag.py:4180} INFO - Setting next_dagrun for example_workday_timetable to 2021-01-04 00:00:00+00:00, run_after=2021-01-05 00:00:00+00:00
[2024-12-03T00:12:12.129+0000] {processor.py:208} INFO - Processing /home/airflow/.local/lib/python3.12/site-packages/airflow/example_dags/example_workday_timetable.py took 0.042 seconds
[2024-12-03T00:12:43.282+0000] {processor.py:186} INFO - Started process (PID=4634) to work on /home/airflow/.local/lib/python3.12/site-packages/airflow/example_dags/example_workday_timetable.py
[2024-12-03T00:12:43.284+0000] {processor.py:914} INFO - Processing file /home/airflow/.local/lib/python3.12/site-packages/airflow/example_dags/example_workday_timetable.py for tasks to queue
[2024-12-03T00:12:43.285+0000] {logging_mixin.py:190} INFO - [2024-12-03T00:12:43.285+0000] {dagbag.py:588} INFO - Filling up the DagBag from /home/airflow/.local/lib/python3.12/site-packages/airflow/example_dags/example_workday_timetable.py
[2024-12-03T00:12:43.287+0000] {processor.py:925} INFO - DAG(s) 'example_workday_timetable' retrieved from /home/airflow/.local/lib/python3.12/site-packages/airflow/example_dags/example_workday_timetable.py
[2024-12-03T00:12:43.294+0000] {logging_mixin.py:190} INFO - [2024-12-03T00:12:43.294+0000] {dag.py:3239} INFO - Sync 1 DAGs
[2024-12-03T00:12:43.316+0000] {logging_mixin.py:190} INFO - [2024-12-03T00:12:43.316+0000] {dag.py:4180} INFO - Setting next_dagrun for example_workday_timetable to 2021-01-04 00:00:00+00:00, run_after=2021-01-05 00:00:00+00:00
[2024-12-03T00:12:43.323+0000] {processor.py:208} INFO - Processing /home/airflow/.local/lib/python3.12/site-packages/airflow/example_dags/example_workday_timetable.py took 0.043 seconds
[2024-12-03T00:13:13.645+0000] {processor.py:186} INFO - Started process (PID=4700) to work on /home/airflow/.local/lib/python3.12/site-packages/airflow/example_dags/example_workday_timetable.py
[2024-12-03T00:13:13.645+0000] {processor.py:914} INFO - Processing file /home/airflow/.local/lib/python3.12/site-packages/airflow/example_dags/example_workday_timetable.py for tasks to queue
[2024-12-03T00:13:13.646+0000] {logging_mixin.py:190} INFO - [2024-12-03T00:13:13.646+0000] {dagbag.py:588} INFO - Filling up the DagBag from /home/airflow/.local/lib/python3.12/site-packages/airflow/example_dags/example_workday_timetable.py
[2024-12-03T00:13:13.648+0000] {processor.py:925} INFO - DAG(s) 'example_workday_timetable' retrieved from /home/airflow/.local/lib/python3.12/site-packages/airflow/example_dags/example_workday_timetable.py
[2024-12-03T00:13:13.656+0000] {logging_mixin.py:190} INFO - [2024-12-03T00:13:13.656+0000] {dag.py:3239} INFO - Sync 1 DAGs
[2024-12-03T00:13:13.675+0000] {logging_mixin.py:190} INFO - [2024-12-03T00:13:13.675+0000] {dag.py:4180} INFO - Setting next_dagrun for example_workday_timetable to 2021-01-04 00:00:00+00:00, run_after=2021-01-05 00:00:00+00:00
[2024-12-03T00:13:13.682+0000] {processor.py:208} INFO - Processing /home/airflow/.local/lib/python3.12/site-packages/airflow/example_dags/example_workday_timetable.py took 0.040 seconds
[2024-12-03T00:13:44.877+0000] {processor.py:186} INFO - Started process (PID=4766) to work on /home/airflow/.local/lib/python3.12/site-packages/airflow/example_dags/example_workday_timetable.py
[2024-12-03T00:13:44.878+0000] {processor.py:914} INFO - Processing file /home/airflow/.local/lib/python3.12/site-packages/airflow/example_dags/example_workday_timetable.py for tasks to queue
[2024-12-03T00:13:44.879+0000] {logging_mixin.py:190} INFO - [2024-12-03T00:13:44.879+0000] {dagbag.py:588} INFO - Filling up the DagBag from /home/airflow/.local/lib/python3.12/site-packages/airflow/example_dags/example_workday_timetable.py
[2024-12-03T00:13:44.881+0000] {processor.py:925} INFO - DAG(s) 'example_workday_timetable' retrieved from /home/airflow/.local/lib/python3.12/site-packages/airflow/example_dags/example_workday_timetable.py
[2024-12-03T00:13:44.889+0000] {logging_mixin.py:190} INFO - [2024-12-03T00:13:44.889+0000] {dag.py:3239} INFO - Sync 1 DAGs
[2024-12-03T00:13:44.911+0000] {logging_mixin.py:190} INFO - [2024-12-03T00:13:44.911+0000] {dag.py:4180} INFO - Setting next_dagrun for example_workday_timetable to 2021-01-04 00:00:00+00:00, run_after=2021-01-05 00:00:00+00:00
[2024-12-03T00:13:44.919+0000] {processor.py:208} INFO - Processing /home/airflow/.local/lib/python3.12/site-packages/airflow/example_dags/example_workday_timetable.py took 0.044 seconds
[2024-12-03T00:14:15.242+0000] {processor.py:186} INFO - Started process (PID=4832) to work on /home/airflow/.local/lib/python3.12/site-packages/airflow/example_dags/example_workday_timetable.py
[2024-12-03T00:14:15.243+0000] {processor.py:914} INFO - Processing file /home/airflow/.local/lib/python3.12/site-packages/airflow/example_dags/example_workday_timetable.py for tasks to queue
[2024-12-03T00:14:15.244+0000] {logging_mixin.py:190} INFO - [2024-12-03T00:14:15.244+0000] {dagbag.py:588} INFO - Filling up the DagBag from /home/airflow/.local/lib/python3.12/site-packages/airflow/example_dags/example_workday_timetable.py
[2024-12-03T00:14:15.248+0000] {processor.py:925} INFO - DAG(s) 'example_workday_timetable' retrieved from /home/airflow/.local/lib/python3.12/site-packages/airflow/example_dags/example_workday_timetable.py
[2024-12-03T00:14:15.255+0000] {logging_mixin.py:190} INFO - [2024-12-03T00:14:15.255+0000] {dag.py:3239} INFO - Sync 1 DAGs
[2024-12-03T00:14:15.276+0000] {logging_mixin.py:190} INFO - [2024-12-03T00:14:15.276+0000] {dag.py:4180} INFO - Setting next_dagrun for example_workday_timetable to 2021-01-04 00:00:00+00:00, run_after=2021-01-05 00:00:00+00:00
[2024-12-03T00:14:15.282+0000] {processor.py:208} INFO - Processing /home/airflow/.local/lib/python3.12/site-packages/airflow/example_dags/example_workday_timetable.py took 0.042 seconds
[2024-12-03T00:14:45.564+0000] {processor.py:186} INFO - Started process (PID=4898) to work on /home/airflow/.local/lib/python3.12/site-packages/airflow/example_dags/example_workday_timetable.py
[2024-12-03T00:14:45.564+0000] {processor.py:914} INFO - Processing file /home/airflow/.local/lib/python3.12/site-packages/airflow/example_dags/example_workday_timetable.py for tasks to queue
[2024-12-03T00:14:45.565+0000] {logging_mixin.py:190} INFO - [2024-12-03T00:14:45.565+0000] {dagbag.py:588} INFO - Filling up the DagBag from /home/airflow/.local/lib/python3.12/site-packages/airflow/example_dags/example_workday_timetable.py
[2024-12-03T00:14:45.568+0000] {processor.py:925} INFO - DAG(s) 'example_workday_timetable' retrieved from /home/airflow/.local/lib/python3.12/site-packages/airflow/example_dags/example_workday_timetable.py
[2024-12-03T00:14:45.576+0000] {logging_mixin.py:190} INFO - [2024-12-03T00:14:45.576+0000] {dag.py:3239} INFO - Sync 1 DAGs
[2024-12-03T00:14:45.596+0000] {logging_mixin.py:190} INFO - [2024-12-03T00:14:45.596+0000] {dag.py:4180} INFO - Setting next_dagrun for example_workday_timetable to 2021-01-04 00:00:00+00:00, run_after=2021-01-05 00:00:00+00:00
[2024-12-03T00:14:45.603+0000] {processor.py:208} INFO - Processing /home/airflow/.local/lib/python3.12/site-packages/airflow/example_dags/example_workday_timetable.py took 0.042 seconds
[2024-12-03T00:15:16.041+0000] {processor.py:186} INFO - Started process (PID=4964) to work on /home/airflow/.local/lib/python3.12/site-packages/airflow/example_dags/example_workday_timetable.py
[2024-12-03T00:15:16.041+0000] {processor.py:914} INFO - Processing file /home/airflow/.local/lib/python3.12/site-packages/airflow/example_dags/example_workday_timetable.py for tasks to queue
[2024-12-03T00:15:16.043+0000] {logging_mixin.py:190} INFO - [2024-12-03T00:15:16.043+0000] {dagbag.py:588} INFO - Filling up the DagBag from /home/airflow/.local/lib/python3.12/site-packages/airflow/example_dags/example_workday_timetable.py
[2024-12-03T00:15:16.046+0000] {processor.py:925} INFO - DAG(s) 'example_workday_timetable' retrieved from /home/airflow/.local/lib/python3.12/site-packages/airflow/example_dags/example_workday_timetable.py
[2024-12-03T00:15:16.062+0000] {logging_mixin.py:190} INFO - [2024-12-03T00:15:16.062+0000] {dag.py:3239} INFO - Sync 1 DAGs
[2024-12-03T00:15:16.086+0000] {logging_mixin.py:190} INFO - [2024-12-03T00:15:16.086+0000] {dag.py:4180} INFO - Setting next_dagrun for example_workday_timetable to 2021-01-04 00:00:00+00:00, run_after=2021-01-05 00:00:00+00:00
[2024-12-03T00:15:16.093+0000] {processor.py:208} INFO - Processing /home/airflow/.local/lib/python3.12/site-packages/airflow/example_dags/example_workday_timetable.py took 0.055 seconds
[2024-12-03T00:15:46.644+0000] {processor.py:186} INFO - Started process (PID=5029) to work on /home/airflow/.local/lib/python3.12/site-packages/airflow/example_dags/example_workday_timetable.py
[2024-12-03T00:15:46.646+0000] {processor.py:914} INFO - Processing file /home/airflow/.local/lib/python3.12/site-packages/airflow/example_dags/example_workday_timetable.py for tasks to queue
[2024-12-03T00:15:46.647+0000] {logging_mixin.py:190} INFO - [2024-12-03T00:15:46.647+0000] {dagbag.py:588} INFO - Filling up the DagBag from /home/airflow/.local/lib/python3.12/site-packages/airflow/example_dags/example_workday_timetable.py
[2024-12-03T00:15:46.649+0000] {processor.py:925} INFO - DAG(s) 'example_workday_timetable' retrieved from /home/airflow/.local/lib/python3.12/site-packages/airflow/example_dags/example_workday_timetable.py
[2024-12-03T00:15:46.659+0000] {logging_mixin.py:190} INFO - [2024-12-03T00:15:46.659+0000] {dag.py:3239} INFO - Sync 1 DAGs
[2024-12-03T00:15:46.679+0000] {logging_mixin.py:190} INFO - [2024-12-03T00:15:46.678+0000] {dag.py:4180} INFO - Setting next_dagrun for example_workday_timetable to 2021-01-04 00:00:00+00:00, run_after=2021-01-05 00:00:00+00:00
[2024-12-03T00:15:46.691+0000] {processor.py:208} INFO - Processing /home/airflow/.local/lib/python3.12/site-packages/airflow/example_dags/example_workday_timetable.py took 0.050 seconds
[2024-12-03T00:16:16.931+0000] {processor.py:186} INFO - Started process (PID=5096) to work on /home/airflow/.local/lib/python3.12/site-packages/airflow/example_dags/example_workday_timetable.py
[2024-12-03T00:16:16.933+0000] {processor.py:914} INFO - Processing file /home/airflow/.local/lib/python3.12/site-packages/airflow/example_dags/example_workday_timetable.py for tasks to queue
[2024-12-03T00:16:16.935+0000] {logging_mixin.py:190} INFO - [2024-12-03T00:16:16.935+0000] {dagbag.py:588} INFO - Filling up the DagBag from /home/airflow/.local/lib/python3.12/site-packages/airflow/example_dags/example_workday_timetable.py
[2024-12-03T00:16:16.939+0000] {processor.py:925} INFO - DAG(s) 'example_workday_timetable' retrieved from /home/airflow/.local/lib/python3.12/site-packages/airflow/example_dags/example_workday_timetable.py
[2024-12-03T00:16:16.950+0000] {logging_mixin.py:190} INFO - [2024-12-03T00:16:16.950+0000] {dag.py:3239} INFO - Sync 1 DAGs
[2024-12-03T00:16:16.974+0000] {logging_mixin.py:190} INFO - [2024-12-03T00:16:16.974+0000] {dag.py:4180} INFO - Setting next_dagrun for example_workday_timetable to 2021-01-04 00:00:00+00:00, run_after=2021-01-05 00:00:00+00:00
[2024-12-03T00:16:16.985+0000] {processor.py:208} INFO - Processing /home/airflow/.local/lib/python3.12/site-packages/airflow/example_dags/example_workday_timetable.py took 0.057 seconds
[2024-12-03T00:16:47.478+0000] {processor.py:186} INFO - Started process (PID=5163) to work on /home/airflow/.local/lib/python3.12/site-packages/airflow/example_dags/example_workday_timetable.py
[2024-12-03T00:16:47.479+0000] {processor.py:914} INFO - Processing file /home/airflow/.local/lib/python3.12/site-packages/airflow/example_dags/example_workday_timetable.py for tasks to queue
[2024-12-03T00:16:47.480+0000] {logging_mixin.py:190} INFO - [2024-12-03T00:16:47.480+0000] {dagbag.py:588} INFO - Filling up the DagBag from /home/airflow/.local/lib/python3.12/site-packages/airflow/example_dags/example_workday_timetable.py
[2024-12-03T00:16:47.483+0000] {processor.py:925} INFO - DAG(s) 'example_workday_timetable' retrieved from /home/airflow/.local/lib/python3.12/site-packages/airflow/example_dags/example_workday_timetable.py
[2024-12-03T00:16:47.492+0000] {logging_mixin.py:190} INFO - [2024-12-03T00:16:47.492+0000] {dag.py:3239} INFO - Sync 1 DAGs
[2024-12-03T00:16:47.512+0000] {logging_mixin.py:190} INFO - [2024-12-03T00:16:47.512+0000] {dag.py:4180} INFO - Setting next_dagrun for example_workday_timetable to 2021-01-04 00:00:00+00:00, run_after=2021-01-05 00:00:00+00:00
[2024-12-03T00:16:47.518+0000] {processor.py:208} INFO - Processing /home/airflow/.local/lib/python3.12/site-packages/airflow/example_dags/example_workday_timetable.py took 0.043 seconds
[2024-12-03T00:17:17.860+0000] {processor.py:186} INFO - Started process (PID=5229) to work on /home/airflow/.local/lib/python3.12/site-packages/airflow/example_dags/example_workday_timetable.py
[2024-12-03T00:17:17.860+0000] {processor.py:914} INFO - Processing file /home/airflow/.local/lib/python3.12/site-packages/airflow/example_dags/example_workday_timetable.py for tasks to queue
[2024-12-03T00:17:17.861+0000] {logging_mixin.py:190} INFO - [2024-12-03T00:17:17.861+0000] {dagbag.py:588} INFO - Filling up the DagBag from /home/airflow/.local/lib/python3.12/site-packages/airflow/example_dags/example_workday_timetable.py
[2024-12-03T00:17:17.866+0000] {processor.py:925} INFO - DAG(s) 'example_workday_timetable' retrieved from /home/airflow/.local/lib/python3.12/site-packages/airflow/example_dags/example_workday_timetable.py
[2024-12-03T00:17:17.874+0000] {logging_mixin.py:190} INFO - [2024-12-03T00:17:17.874+0000] {dag.py:3239} INFO - Sync 1 DAGs
[2024-12-03T00:17:17.896+0000] {logging_mixin.py:190} INFO - [2024-12-03T00:17:17.896+0000] {dag.py:4180} INFO - Setting next_dagrun for example_workday_timetable to 2021-01-04 00:00:00+00:00, run_after=2021-01-05 00:00:00+00:00
[2024-12-03T00:17:17.906+0000] {processor.py:208} INFO - Processing /home/airflow/.local/lib/python3.12/site-packages/airflow/example_dags/example_workday_timetable.py took 0.049 seconds
[2024-12-03T00:17:48.228+0000] {processor.py:186} INFO - Started process (PID=5295) to work on /home/airflow/.local/lib/python3.12/site-packages/airflow/example_dags/example_workday_timetable.py
[2024-12-03T00:17:48.228+0000] {processor.py:914} INFO - Processing file /home/airflow/.local/lib/python3.12/site-packages/airflow/example_dags/example_workday_timetable.py for tasks to queue
[2024-12-03T00:17:48.229+0000] {logging_mixin.py:190} INFO - [2024-12-03T00:17:48.229+0000] {dagbag.py:588} INFO - Filling up the DagBag from /home/airflow/.local/lib/python3.12/site-packages/airflow/example_dags/example_workday_timetable.py
[2024-12-03T00:17:48.232+0000] {processor.py:925} INFO - DAG(s) 'example_workday_timetable' retrieved from /home/airflow/.local/lib/python3.12/site-packages/airflow/example_dags/example_workday_timetable.py
[2024-12-03T00:17:48.244+0000] {logging_mixin.py:190} INFO - [2024-12-03T00:17:48.244+0000] {dag.py:3239} INFO - Sync 1 DAGs
[2024-12-03T00:17:48.265+0000] {logging_mixin.py:190} INFO - [2024-12-03T00:17:48.265+0000] {dag.py:4180} INFO - Setting next_dagrun for example_workday_timetable to 2021-01-04 00:00:00+00:00, run_after=2021-01-05 00:00:00+00:00
[2024-12-03T00:17:48.273+0000] {processor.py:208} INFO - Processing /home/airflow/.local/lib/python3.12/site-packages/airflow/example_dags/example_workday_timetable.py took 0.048 seconds
[2024-12-03T00:18:18.518+0000] {processor.py:186} INFO - Started process (PID=5361) to work on /home/airflow/.local/lib/python3.12/site-packages/airflow/example_dags/example_workday_timetable.py
[2024-12-03T00:18:18.518+0000] {processor.py:914} INFO - Processing file /home/airflow/.local/lib/python3.12/site-packages/airflow/example_dags/example_workday_timetable.py for tasks to queue
[2024-12-03T00:18:18.519+0000] {logging_mixin.py:190} INFO - [2024-12-03T00:18:18.519+0000] {dagbag.py:588} INFO - Filling up the DagBag from /home/airflow/.local/lib/python3.12/site-packages/airflow/example_dags/example_workday_timetable.py
[2024-12-03T00:18:18.522+0000] {processor.py:925} INFO - DAG(s) 'example_workday_timetable' retrieved from /home/airflow/.local/lib/python3.12/site-packages/airflow/example_dags/example_workday_timetable.py
[2024-12-03T00:18:18.531+0000] {logging_mixin.py:190} INFO - [2024-12-03T00:18:18.531+0000] {dag.py:3239} INFO - Sync 1 DAGs
[2024-12-03T00:18:18.551+0000] {logging_mixin.py:190} INFO - [2024-12-03T00:18:18.551+0000] {dag.py:4180} INFO - Setting next_dagrun for example_workday_timetable to 2021-01-04 00:00:00+00:00, run_after=2021-01-05 00:00:00+00:00
[2024-12-03T00:18:18.561+0000] {processor.py:208} INFO - Processing /home/airflow/.local/lib/python3.12/site-packages/airflow/example_dags/example_workday_timetable.py took 0.046 seconds
[2024-12-03T00:18:48.688+0000] {processor.py:186} INFO - Started process (PID=5427) to work on /home/airflow/.local/lib/python3.12/site-packages/airflow/example_dags/example_workday_timetable.py
[2024-12-03T00:18:48.689+0000] {processor.py:914} INFO - Processing file /home/airflow/.local/lib/python3.12/site-packages/airflow/example_dags/example_workday_timetable.py for tasks to queue
[2024-12-03T00:18:48.690+0000] {logging_mixin.py:190} INFO - [2024-12-03T00:18:48.690+0000] {dagbag.py:588} INFO - Filling up the DagBag from /home/airflow/.local/lib/python3.12/site-packages/airflow/example_dags/example_workday_timetable.py
[2024-12-03T00:18:48.692+0000] {processor.py:925} INFO - DAG(s) 'example_workday_timetable' retrieved from /home/airflow/.local/lib/python3.12/site-packages/airflow/example_dags/example_workday_timetable.py
[2024-12-03T00:18:48.702+0000] {logging_mixin.py:190} INFO - [2024-12-03T00:18:48.702+0000] {dag.py:3239} INFO - Sync 1 DAGs
[2024-12-03T00:18:48.723+0000] {logging_mixin.py:190} INFO - [2024-12-03T00:18:48.723+0000] {dag.py:4180} INFO - Setting next_dagrun for example_workday_timetable to 2021-01-04 00:00:00+00:00, run_after=2021-01-05 00:00:00+00:00
[2024-12-03T00:18:48.732+0000] {processor.py:208} INFO - Processing /home/airflow/.local/lib/python3.12/site-packages/airflow/example_dags/example_workday_timetable.py took 0.046 seconds
[2024-12-03T00:19:18.975+0000] {processor.py:186} INFO - Started process (PID=5493) to work on /home/airflow/.local/lib/python3.12/site-packages/airflow/example_dags/example_workday_timetable.py
[2024-12-03T00:19:18.976+0000] {processor.py:914} INFO - Processing file /home/airflow/.local/lib/python3.12/site-packages/airflow/example_dags/example_workday_timetable.py for tasks to queue
[2024-12-03T00:19:18.978+0000] {logging_mixin.py:190} INFO - [2024-12-03T00:19:18.977+0000] {dagbag.py:588} INFO - Filling up the DagBag from /home/airflow/.local/lib/python3.12/site-packages/airflow/example_dags/example_workday_timetable.py
[2024-12-03T00:19:18.981+0000] {processor.py:925} INFO - DAG(s) 'example_workday_timetable' retrieved from /home/airflow/.local/lib/python3.12/site-packages/airflow/example_dags/example_workday_timetable.py
[2024-12-03T00:19:18.990+0000] {logging_mixin.py:190} INFO - [2024-12-03T00:19:18.990+0000] {dag.py:3239} INFO - Sync 1 DAGs
[2024-12-03T00:19:19.012+0000] {logging_mixin.py:190} INFO - [2024-12-03T00:19:19.012+0000] {dag.py:4180} INFO - Setting next_dagrun for example_workday_timetable to 2021-01-04 00:00:00+00:00, run_after=2021-01-05 00:00:00+00:00
[2024-12-03T00:19:19.019+0000] {processor.py:208} INFO - Processing /home/airflow/.local/lib/python3.12/site-packages/airflow/example_dags/example_workday_timetable.py took 0.047 seconds
[2024-12-03T00:19:49.238+0000] {processor.py:186} INFO - Started process (PID=5559) to work on /home/airflow/.local/lib/python3.12/site-packages/airflow/example_dags/example_workday_timetable.py
[2024-12-03T00:19:49.239+0000] {processor.py:914} INFO - Processing file /home/airflow/.local/lib/python3.12/site-packages/airflow/example_dags/example_workday_timetable.py for tasks to queue
[2024-12-03T00:19:49.240+0000] {logging_mixin.py:190} INFO - [2024-12-03T00:19:49.240+0000] {dagbag.py:588} INFO - Filling up the DagBag from /home/airflow/.local/lib/python3.12/site-packages/airflow/example_dags/example_workday_timetable.py
[2024-12-03T00:19:49.242+0000] {processor.py:925} INFO - DAG(s) 'example_workday_timetable' retrieved from /home/airflow/.local/lib/python3.12/site-packages/airflow/example_dags/example_workday_timetable.py
[2024-12-03T00:19:49.251+0000] {logging_mixin.py:190} INFO - [2024-12-03T00:19:49.250+0000] {dag.py:3239} INFO - Sync 1 DAGs
[2024-12-03T00:19:49.272+0000] {logging_mixin.py:190} INFO - [2024-12-03T00:19:49.272+0000] {dag.py:4180} INFO - Setting next_dagrun for example_workday_timetable to 2021-01-04 00:00:00+00:00, run_after=2021-01-05 00:00:00+00:00
[2024-12-03T00:19:49.281+0000] {processor.py:208} INFO - Processing /home/airflow/.local/lib/python3.12/site-packages/airflow/example_dags/example_workday_timetable.py took 0.045 seconds
[2024-12-03T00:20:19.481+0000] {processor.py:186} INFO - Started process (PID=5625) to work on /home/airflow/.local/lib/python3.12/site-packages/airflow/example_dags/example_workday_timetable.py
[2024-12-03T00:20:19.482+0000] {processor.py:914} INFO - Processing file /home/airflow/.local/lib/python3.12/site-packages/airflow/example_dags/example_workday_timetable.py for tasks to queue
[2024-12-03T00:20:19.483+0000] {logging_mixin.py:190} INFO - [2024-12-03T00:20:19.482+0000] {dagbag.py:588} INFO - Filling up the DagBag from /home/airflow/.local/lib/python3.12/site-packages/airflow/example_dags/example_workday_timetable.py
[2024-12-03T00:20:19.487+0000] {processor.py:925} INFO - DAG(s) 'example_workday_timetable' retrieved from /home/airflow/.local/lib/python3.12/site-packages/airflow/example_dags/example_workday_timetable.py
[2024-12-03T00:20:19.496+0000] {logging_mixin.py:190} INFO - [2024-12-03T00:20:19.496+0000] {dag.py:3239} INFO - Sync 1 DAGs
[2024-12-03T00:20:19.519+0000] {logging_mixin.py:190} INFO - [2024-12-03T00:20:19.519+0000] {dag.py:4180} INFO - Setting next_dagrun for example_workday_timetable to 2021-01-04 00:00:00+00:00, run_after=2021-01-05 00:00:00+00:00
[2024-12-03T00:20:19.525+0000] {processor.py:208} INFO - Processing /home/airflow/.local/lib/python3.12/site-packages/airflow/example_dags/example_workday_timetable.py took 0.047 seconds
[2024-12-03T00:20:49.776+0000] {processor.py:186} INFO - Started process (PID=5691) to work on /home/airflow/.local/lib/python3.12/site-packages/airflow/example_dags/example_workday_timetable.py
[2024-12-03T00:20:49.777+0000] {processor.py:914} INFO - Processing file /home/airflow/.local/lib/python3.12/site-packages/airflow/example_dags/example_workday_timetable.py for tasks to queue
[2024-12-03T00:20:49.778+0000] {logging_mixin.py:190} INFO - [2024-12-03T00:20:49.778+0000] {dagbag.py:588} INFO - Filling up the DagBag from /home/airflow/.local/lib/python3.12/site-packages/airflow/example_dags/example_workday_timetable.py
[2024-12-03T00:20:49.780+0000] {processor.py:925} INFO - DAG(s) 'example_workday_timetable' retrieved from /home/airflow/.local/lib/python3.12/site-packages/airflow/example_dags/example_workday_timetable.py
[2024-12-03T00:20:49.789+0000] {logging_mixin.py:190} INFO - [2024-12-03T00:20:49.789+0000] {dag.py:3239} INFO - Sync 1 DAGs
[2024-12-03T00:20:49.812+0000] {logging_mixin.py:190} INFO - [2024-12-03T00:20:49.812+0000] {dag.py:4180} INFO - Setting next_dagrun for example_workday_timetable to 2021-01-04 00:00:00+00:00, run_after=2021-01-05 00:00:00+00:00
[2024-12-03T00:20:49.819+0000] {processor.py:208} INFO - Processing /home/airflow/.local/lib/python3.12/site-packages/airflow/example_dags/example_workday_timetable.py took 0.045 seconds
[2024-12-03T00:21:20.086+0000] {processor.py:186} INFO - Started process (PID=5757) to work on /home/airflow/.local/lib/python3.12/site-packages/airflow/example_dags/example_workday_timetable.py
[2024-12-03T00:21:20.088+0000] {processor.py:914} INFO - Processing file /home/airflow/.local/lib/python3.12/site-packages/airflow/example_dags/example_workday_timetable.py for tasks to queue
[2024-12-03T00:21:20.089+0000] {logging_mixin.py:190} INFO - [2024-12-03T00:21:20.089+0000] {dagbag.py:588} INFO - Filling up the DagBag from /home/airflow/.local/lib/python3.12/site-packages/airflow/example_dags/example_workday_timetable.py
[2024-12-03T00:21:20.092+0000] {processor.py:925} INFO - DAG(s) 'example_workday_timetable' retrieved from /home/airflow/.local/lib/python3.12/site-packages/airflow/example_dags/example_workday_timetable.py
[2024-12-03T00:21:20.103+0000] {logging_mixin.py:190} INFO - [2024-12-03T00:21:20.103+0000] {dag.py:3239} INFO - Sync 1 DAGs
[2024-12-03T00:21:20.124+0000] {logging_mixin.py:190} INFO - [2024-12-03T00:21:20.124+0000] {dag.py:4180} INFO - Setting next_dagrun for example_workday_timetable to 2021-01-04 00:00:00+00:00, run_after=2021-01-05 00:00:00+00:00
[2024-12-03T00:21:20.131+0000] {processor.py:208} INFO - Processing /home/airflow/.local/lib/python3.12/site-packages/airflow/example_dags/example_workday_timetable.py took 0.047 seconds
[2024-12-03T00:21:50.421+0000] {processor.py:186} INFO - Started process (PID=5823) to work on /home/airflow/.local/lib/python3.12/site-packages/airflow/example_dags/example_workday_timetable.py
[2024-12-03T00:21:50.423+0000] {processor.py:914} INFO - Processing file /home/airflow/.local/lib/python3.12/site-packages/airflow/example_dags/example_workday_timetable.py for tasks to queue
[2024-12-03T00:21:50.427+0000] {logging_mixin.py:190} INFO - [2024-12-03T00:21:50.427+0000] {dagbag.py:588} INFO - Filling up the DagBag from /home/airflow/.local/lib/python3.12/site-packages/airflow/example_dags/example_workday_timetable.py
[2024-12-03T00:21:50.431+0000] {processor.py:925} INFO - DAG(s) 'example_workday_timetable' retrieved from /home/airflow/.local/lib/python3.12/site-packages/airflow/example_dags/example_workday_timetable.py
[2024-12-03T00:21:50.441+0000] {logging_mixin.py:190} INFO - [2024-12-03T00:21:50.441+0000] {dag.py:3239} INFO - Sync 1 DAGs
[2024-12-03T00:21:50.463+0000] {logging_mixin.py:190} INFO - [2024-12-03T00:21:50.463+0000] {dag.py:4180} INFO - Setting next_dagrun for example_workday_timetable to 2021-01-04 00:00:00+00:00, run_after=2021-01-05 00:00:00+00:00
[2024-12-03T00:21:50.469+0000] {processor.py:208} INFO - Processing /home/airflow/.local/lib/python3.12/site-packages/airflow/example_dags/example_workday_timetable.py took 0.050 seconds
[2024-12-03T00:22:20.827+0000] {processor.py:186} INFO - Started process (PID=5889) to work on /home/airflow/.local/lib/python3.12/site-packages/airflow/example_dags/example_workday_timetable.py
[2024-12-03T00:22:20.829+0000] {processor.py:914} INFO - Processing file /home/airflow/.local/lib/python3.12/site-packages/airflow/example_dags/example_workday_timetable.py for tasks to queue
[2024-12-03T00:22:20.830+0000] {logging_mixin.py:190} INFO - [2024-12-03T00:22:20.830+0000] {dagbag.py:588} INFO - Filling up the DagBag from /home/airflow/.local/lib/python3.12/site-packages/airflow/example_dags/example_workday_timetable.py
[2024-12-03T00:22:20.833+0000] {processor.py:925} INFO - DAG(s) 'example_workday_timetable' retrieved from /home/airflow/.local/lib/python3.12/site-packages/airflow/example_dags/example_workday_timetable.py
[2024-12-03T00:22:20.842+0000] {logging_mixin.py:190} INFO - [2024-12-03T00:22:20.842+0000] {dag.py:3239} INFO - Sync 1 DAGs
[2024-12-03T00:22:20.866+0000] {logging_mixin.py:190} INFO - [2024-12-03T00:22:20.865+0000] {dag.py:4180} INFO - Setting next_dagrun for example_workday_timetable to 2021-01-04 00:00:00+00:00, run_after=2021-01-05 00:00:00+00:00
[2024-12-03T00:22:20.873+0000] {processor.py:208} INFO - Processing /home/airflow/.local/lib/python3.12/site-packages/airflow/example_dags/example_workday_timetable.py took 0.049 seconds
[2024-12-03T00:22:51.272+0000] {processor.py:186} INFO - Started process (PID=5954) to work on /home/airflow/.local/lib/python3.12/site-packages/airflow/example_dags/example_workday_timetable.py
[2024-12-03T00:22:51.273+0000] {processor.py:914} INFO - Processing file /home/airflow/.local/lib/python3.12/site-packages/airflow/example_dags/example_workday_timetable.py for tasks to queue
[2024-12-03T00:22:51.274+0000] {logging_mixin.py:190} INFO - [2024-12-03T00:22:51.274+0000] {dagbag.py:588} INFO - Filling up the DagBag from /home/airflow/.local/lib/python3.12/site-packages/airflow/example_dags/example_workday_timetable.py
[2024-12-03T00:22:51.276+0000] {processor.py:925} INFO - DAG(s) 'example_workday_timetable' retrieved from /home/airflow/.local/lib/python3.12/site-packages/airflow/example_dags/example_workday_timetable.py
[2024-12-03T00:22:51.282+0000] {logging_mixin.py:190} INFO - [2024-12-03T00:22:51.282+0000] {dag.py:3239} INFO - Sync 1 DAGs
[2024-12-03T00:22:51.302+0000] {logging_mixin.py:190} INFO - [2024-12-03T00:22:51.302+0000] {dag.py:4180} INFO - Setting next_dagrun for example_workday_timetable to 2021-01-04 00:00:00+00:00, run_after=2021-01-05 00:00:00+00:00
[2024-12-03T00:22:51.307+0000] {processor.py:208} INFO - Processing /home/airflow/.local/lib/python3.12/site-packages/airflow/example_dags/example_workday_timetable.py took 0.037 seconds
[2024-12-03T00:23:21.581+0000] {processor.py:186} INFO - Started process (PID=6020) to work on /home/airflow/.local/lib/python3.12/site-packages/airflow/example_dags/example_workday_timetable.py
[2024-12-03T00:23:21.582+0000] {processor.py:914} INFO - Processing file /home/airflow/.local/lib/python3.12/site-packages/airflow/example_dags/example_workday_timetable.py for tasks to queue
[2024-12-03T00:23:21.583+0000] {logging_mixin.py:190} INFO - [2024-12-03T00:23:21.583+0000] {dagbag.py:588} INFO - Filling up the DagBag from /home/airflow/.local/lib/python3.12/site-packages/airflow/example_dags/example_workday_timetable.py
[2024-12-03T00:23:21.585+0000] {processor.py:925} INFO - DAG(s) 'example_workday_timetable' retrieved from /home/airflow/.local/lib/python3.12/site-packages/airflow/example_dags/example_workday_timetable.py
[2024-12-03T00:23:21.596+0000] {logging_mixin.py:190} INFO - [2024-12-03T00:23:21.596+0000] {dag.py:3239} INFO - Sync 1 DAGs
[2024-12-03T00:23:21.617+0000] {logging_mixin.py:190} INFO - [2024-12-03T00:23:21.617+0000] {dag.py:4180} INFO - Setting next_dagrun for example_workday_timetable to 2021-01-04 00:00:00+00:00, run_after=2021-01-05 00:00:00+00:00
[2024-12-03T00:23:21.625+0000] {processor.py:208} INFO - Processing /home/airflow/.local/lib/python3.12/site-packages/airflow/example_dags/example_workday_timetable.py took 0.046 seconds
[2024-12-03T00:23:51.867+0000] {processor.py:186} INFO - Started process (PID=6086) to work on /home/airflow/.local/lib/python3.12/site-packages/airflow/example_dags/example_workday_timetable.py
[2024-12-03T00:23:51.868+0000] {processor.py:914} INFO - Processing file /home/airflow/.local/lib/python3.12/site-packages/airflow/example_dags/example_workday_timetable.py for tasks to queue
[2024-12-03T00:23:51.869+0000] {logging_mixin.py:190} INFO - [2024-12-03T00:23:51.868+0000] {dagbag.py:588} INFO - Filling up the DagBag from /home/airflow/.local/lib/python3.12/site-packages/airflow/example_dags/example_workday_timetable.py
[2024-12-03T00:23:51.871+0000] {processor.py:925} INFO - DAG(s) 'example_workday_timetable' retrieved from /home/airflow/.local/lib/python3.12/site-packages/airflow/example_dags/example_workday_timetable.py
[2024-12-03T00:23:51.878+0000] {logging_mixin.py:190} INFO - [2024-12-03T00:23:51.878+0000] {dag.py:3239} INFO - Sync 1 DAGs
[2024-12-03T00:23:51.897+0000] {logging_mixin.py:190} INFO - [2024-12-03T00:23:51.897+0000] {dag.py:4180} INFO - Setting next_dagrun for example_workday_timetable to 2021-01-04 00:00:00+00:00, run_after=2021-01-05 00:00:00+00:00
[2024-12-03T00:23:51.903+0000] {processor.py:208} INFO - Processing /home/airflow/.local/lib/python3.12/site-packages/airflow/example_dags/example_workday_timetable.py took 0.038 seconds
[2024-12-03T00:24:22.273+0000] {processor.py:186} INFO - Started process (PID=6152) to work on /home/airflow/.local/lib/python3.12/site-packages/airflow/example_dags/example_workday_timetable.py
[2024-12-03T00:24:22.274+0000] {processor.py:914} INFO - Processing file /home/airflow/.local/lib/python3.12/site-packages/airflow/example_dags/example_workday_timetable.py for tasks to queue
[2024-12-03T00:24:22.276+0000] {logging_mixin.py:190} INFO - [2024-12-03T00:24:22.276+0000] {dagbag.py:588} INFO - Filling up the DagBag from /home/airflow/.local/lib/python3.12/site-packages/airflow/example_dags/example_workday_timetable.py
[2024-12-03T00:24:22.282+0000] {processor.py:925} INFO - DAG(s) 'example_workday_timetable' retrieved from /home/airflow/.local/lib/python3.12/site-packages/airflow/example_dags/example_workday_timetable.py
[2024-12-03T00:24:22.290+0000] {logging_mixin.py:190} INFO - [2024-12-03T00:24:22.290+0000] {dag.py:3239} INFO - Sync 1 DAGs
[2024-12-03T00:24:22.316+0000] {logging_mixin.py:190} INFO - [2024-12-03T00:24:22.316+0000] {dag.py:4180} INFO - Setting next_dagrun for example_workday_timetable to 2021-01-04 00:00:00+00:00, run_after=2021-01-05 00:00:00+00:00
[2024-12-03T00:24:22.323+0000] {processor.py:208} INFO - Processing /home/airflow/.local/lib/python3.12/site-packages/airflow/example_dags/example_workday_timetable.py took 0.053 seconds
[2024-12-03T00:24:52.567+0000] {processor.py:186} INFO - Started process (PID=6218) to work on /home/airflow/.local/lib/python3.12/site-packages/airflow/example_dags/example_workday_timetable.py
[2024-12-03T00:24:52.567+0000] {processor.py:914} INFO - Processing file /home/airflow/.local/lib/python3.12/site-packages/airflow/example_dags/example_workday_timetable.py for tasks to queue
[2024-12-03T00:24:52.568+0000] {logging_mixin.py:190} INFO - [2024-12-03T00:24:52.568+0000] {dagbag.py:588} INFO - Filling up the DagBag from /home/airflow/.local/lib/python3.12/site-packages/airflow/example_dags/example_workday_timetable.py
[2024-12-03T00:24:52.570+0000] {processor.py:925} INFO - DAG(s) 'example_workday_timetable' retrieved from /home/airflow/.local/lib/python3.12/site-packages/airflow/example_dags/example_workday_timetable.py
[2024-12-03T00:24:52.578+0000] {logging_mixin.py:190} INFO - [2024-12-03T00:24:52.577+0000] {dag.py:3239} INFO - Sync 1 DAGs
[2024-12-03T00:24:52.596+0000] {logging_mixin.py:190} INFO - [2024-12-03T00:24:52.596+0000] {dag.py:4180} INFO - Setting next_dagrun for example_workday_timetable to 2021-01-04 00:00:00+00:00, run_after=2021-01-05 00:00:00+00:00
[2024-12-03T00:24:52.601+0000] {processor.py:208} INFO - Processing /home/airflow/.local/lib/python3.12/site-packages/airflow/example_dags/example_workday_timetable.py took 0.037 seconds
[2024-12-03T00:25:22.862+0000] {processor.py:186} INFO - Started process (PID=6284) to work on /home/airflow/.local/lib/python3.12/site-packages/airflow/example_dags/example_workday_timetable.py
[2024-12-03T00:25:22.863+0000] {processor.py:914} INFO - Processing file /home/airflow/.local/lib/python3.12/site-packages/airflow/example_dags/example_workday_timetable.py for tasks to queue
[2024-12-03T00:25:22.865+0000] {logging_mixin.py:190} INFO - [2024-12-03T00:25:22.865+0000] {dagbag.py:588} INFO - Filling up the DagBag from /home/airflow/.local/lib/python3.12/site-packages/airflow/example_dags/example_workday_timetable.py
[2024-12-03T00:25:22.868+0000] {processor.py:925} INFO - DAG(s) 'example_workday_timetable' retrieved from /home/airflow/.local/lib/python3.12/site-packages/airflow/example_dags/example_workday_timetable.py
[2024-12-03T00:25:22.878+0000] {logging_mixin.py:190} INFO - [2024-12-03T00:25:22.878+0000] {dag.py:3239} INFO - Sync 1 DAGs
[2024-12-03T00:25:22.897+0000] {logging_mixin.py:190} INFO - [2024-12-03T00:25:22.897+0000] {dag.py:4180} INFO - Setting next_dagrun for example_workday_timetable to 2021-01-04 00:00:00+00:00, run_after=2021-01-05 00:00:00+00:00
[2024-12-03T00:25:22.904+0000] {processor.py:208} INFO - Processing /home/airflow/.local/lib/python3.12/site-packages/airflow/example_dags/example_workday_timetable.py took 0.044 seconds
[2024-12-03T00:25:53.196+0000] {processor.py:186} INFO - Started process (PID=6350) to work on /home/airflow/.local/lib/python3.12/site-packages/airflow/example_dags/example_workday_timetable.py
[2024-12-03T00:25:53.198+0000] {processor.py:914} INFO - Processing file /home/airflow/.local/lib/python3.12/site-packages/airflow/example_dags/example_workday_timetable.py for tasks to queue
[2024-12-03T00:25:53.199+0000] {logging_mixin.py:190} INFO - [2024-12-03T00:25:53.199+0000] {dagbag.py:588} INFO - Filling up the DagBag from /home/airflow/.local/lib/python3.12/site-packages/airflow/example_dags/example_workday_timetable.py
[2024-12-03T00:25:53.203+0000] {processor.py:925} INFO - DAG(s) 'example_workday_timetable' retrieved from /home/airflow/.local/lib/python3.12/site-packages/airflow/example_dags/example_workday_timetable.py
[2024-12-03T00:25:53.211+0000] {logging_mixin.py:190} INFO - [2024-12-03T00:25:53.211+0000] {dag.py:3239} INFO - Sync 1 DAGs
[2024-12-03T00:25:53.233+0000] {logging_mixin.py:190} INFO - [2024-12-03T00:25:53.233+0000] {dag.py:4180} INFO - Setting next_dagrun for example_workday_timetable to 2021-01-04 00:00:00+00:00, run_after=2021-01-05 00:00:00+00:00
[2024-12-03T00:25:53.244+0000] {processor.py:208} INFO - Processing /home/airflow/.local/lib/python3.12/site-packages/airflow/example_dags/example_workday_timetable.py took 0.050 seconds
[2024-12-03T00:26:23.497+0000] {processor.py:186} INFO - Started process (PID=6416) to work on /home/airflow/.local/lib/python3.12/site-packages/airflow/example_dags/example_workday_timetable.py
[2024-12-03T00:26:23.499+0000] {processor.py:914} INFO - Processing file /home/airflow/.local/lib/python3.12/site-packages/airflow/example_dags/example_workday_timetable.py for tasks to queue
[2024-12-03T00:26:23.500+0000] {logging_mixin.py:190} INFO - [2024-12-03T00:26:23.500+0000] {dagbag.py:588} INFO - Filling up the DagBag from /home/airflow/.local/lib/python3.12/site-packages/airflow/example_dags/example_workday_timetable.py
[2024-12-03T00:26:23.502+0000] {processor.py:925} INFO - DAG(s) 'example_workday_timetable' retrieved from /home/airflow/.local/lib/python3.12/site-packages/airflow/example_dags/example_workday_timetable.py
[2024-12-03T00:26:23.510+0000] {logging_mixin.py:190} INFO - [2024-12-03T00:26:23.510+0000] {dag.py:3239} INFO - Sync 1 DAGs
[2024-12-03T00:26:23.534+0000] {logging_mixin.py:190} INFO - [2024-12-03T00:26:23.534+0000] {dag.py:4180} INFO - Setting next_dagrun for example_workday_timetable to 2021-01-04 00:00:00+00:00, run_after=2021-01-05 00:00:00+00:00
[2024-12-03T00:26:23.542+0000] {processor.py:208} INFO - Processing /home/airflow/.local/lib/python3.12/site-packages/airflow/example_dags/example_workday_timetable.py took 0.048 seconds
[2024-12-03T00:26:53.835+0000] {processor.py:186} INFO - Started process (PID=6482) to work on /home/airflow/.local/lib/python3.12/site-packages/airflow/example_dags/example_workday_timetable.py
[2024-12-03T00:26:53.836+0000] {processor.py:914} INFO - Processing file /home/airflow/.local/lib/python3.12/site-packages/airflow/example_dags/example_workday_timetable.py for tasks to queue
[2024-12-03T00:26:53.837+0000] {logging_mixin.py:190} INFO - [2024-12-03T00:26:53.836+0000] {dagbag.py:588} INFO - Filling up the DagBag from /home/airflow/.local/lib/python3.12/site-packages/airflow/example_dags/example_workday_timetable.py
[2024-12-03T00:26:53.839+0000] {processor.py:925} INFO - DAG(s) 'example_workday_timetable' retrieved from /home/airflow/.local/lib/python3.12/site-packages/airflow/example_dags/example_workday_timetable.py
[2024-12-03T00:26:53.847+0000] {logging_mixin.py:190} INFO - [2024-12-03T00:26:53.847+0000] {dag.py:3239} INFO - Sync 1 DAGs
[2024-12-03T00:26:53.867+0000] {logging_mixin.py:190} INFO - [2024-12-03T00:26:53.867+0000] {dag.py:4180} INFO - Setting next_dagrun for example_workday_timetable to 2021-01-04 00:00:00+00:00, run_after=2021-01-05 00:00:00+00:00
[2024-12-03T00:26:53.874+0000] {processor.py:208} INFO - Processing /home/airflow/.local/lib/python3.12/site-packages/airflow/example_dags/example_workday_timetable.py took 0.041 seconds
[2024-12-03T00:27:24.343+0000] {processor.py:186} INFO - Started process (PID=6548) to work on /home/airflow/.local/lib/python3.12/site-packages/airflow/example_dags/example_workday_timetable.py
[2024-12-03T00:27:24.343+0000] {processor.py:914} INFO - Processing file /home/airflow/.local/lib/python3.12/site-packages/airflow/example_dags/example_workday_timetable.py for tasks to queue
[2024-12-03T00:27:24.344+0000] {logging_mixin.py:190} INFO - [2024-12-03T00:27:24.344+0000] {dagbag.py:588} INFO - Filling up the DagBag from /home/airflow/.local/lib/python3.12/site-packages/airflow/example_dags/example_workday_timetable.py
[2024-12-03T00:27:24.347+0000] {processor.py:925} INFO - DAG(s) 'example_workday_timetable' retrieved from /home/airflow/.local/lib/python3.12/site-packages/airflow/example_dags/example_workday_timetable.py
[2024-12-03T00:27:24.355+0000] {logging_mixin.py:190} INFO - [2024-12-03T00:27:24.354+0000] {dag.py:3239} INFO - Sync 1 DAGs
[2024-12-03T00:27:24.376+0000] {logging_mixin.py:190} INFO - [2024-12-03T00:27:24.376+0000] {dag.py:4180} INFO - Setting next_dagrun for example_workday_timetable to 2021-01-04 00:00:00+00:00, run_after=2021-01-05 00:00:00+00:00
[2024-12-03T00:27:24.383+0000] {processor.py:208} INFO - Processing /home/airflow/.local/lib/python3.12/site-packages/airflow/example_dags/example_workday_timetable.py took 0.043 seconds
[2024-12-03T00:27:54.718+0000] {processor.py:186} INFO - Started process (PID=6613) to work on /home/airflow/.local/lib/python3.12/site-packages/airflow/example_dags/example_workday_timetable.py
[2024-12-03T00:27:54.719+0000] {processor.py:914} INFO - Processing file /home/airflow/.local/lib/python3.12/site-packages/airflow/example_dags/example_workday_timetable.py for tasks to queue
[2024-12-03T00:27:54.720+0000] {logging_mixin.py:190} INFO - [2024-12-03T00:27:54.720+0000] {dagbag.py:588} INFO - Filling up the DagBag from /home/airflow/.local/lib/python3.12/site-packages/airflow/example_dags/example_workday_timetable.py
[2024-12-03T00:27:54.722+0000] {processor.py:925} INFO - DAG(s) 'example_workday_timetable' retrieved from /home/airflow/.local/lib/python3.12/site-packages/airflow/example_dags/example_workday_timetable.py
[2024-12-03T00:27:54.733+0000] {logging_mixin.py:190} INFO - [2024-12-03T00:27:54.733+0000] {dag.py:3239} INFO - Sync 1 DAGs
[2024-12-03T00:27:54.759+0000] {logging_mixin.py:190} INFO - [2024-12-03T00:27:54.759+0000] {dag.py:4180} INFO - Setting next_dagrun for example_workday_timetable to 2021-01-04 00:00:00+00:00, run_after=2021-01-05 00:00:00+00:00
[2024-12-03T00:27:54.766+0000] {processor.py:208} INFO - Processing /home/airflow/.local/lib/python3.12/site-packages/airflow/example_dags/example_workday_timetable.py took 0.051 seconds
[2024-12-03T00:28:24.981+0000] {processor.py:186} INFO - Started process (PID=6679) to work on /home/airflow/.local/lib/python3.12/site-packages/airflow/example_dags/example_workday_timetable.py
[2024-12-03T00:28:24.982+0000] {processor.py:914} INFO - Processing file /home/airflow/.local/lib/python3.12/site-packages/airflow/example_dags/example_workday_timetable.py for tasks to queue
[2024-12-03T00:28:24.983+0000] {logging_mixin.py:190} INFO - [2024-12-03T00:28:24.983+0000] {dagbag.py:588} INFO - Filling up the DagBag from /home/airflow/.local/lib/python3.12/site-packages/airflow/example_dags/example_workday_timetable.py
[2024-12-03T00:28:24.986+0000] {processor.py:925} INFO - DAG(s) 'example_workday_timetable' retrieved from /home/airflow/.local/lib/python3.12/site-packages/airflow/example_dags/example_workday_timetable.py
[2024-12-03T00:28:24.994+0000] {logging_mixin.py:190} INFO - [2024-12-03T00:28:24.994+0000] {dag.py:3239} INFO - Sync 1 DAGs
[2024-12-03T00:28:25.018+0000] {logging_mixin.py:190} INFO - [2024-12-03T00:28:25.018+0000] {dag.py:4180} INFO - Setting next_dagrun for example_workday_timetable to 2021-01-04 00:00:00+00:00, run_after=2021-01-05 00:00:00+00:00
[2024-12-03T00:28:25.024+0000] {processor.py:208} INFO - Processing /home/airflow/.local/lib/python3.12/site-packages/airflow/example_dags/example_workday_timetable.py took 0.045 seconds
[2024-12-03T00:28:55.323+0000] {processor.py:186} INFO - Started process (PID=6745) to work on /home/airflow/.local/lib/python3.12/site-packages/airflow/example_dags/example_workday_timetable.py
[2024-12-03T00:28:55.323+0000] {processor.py:914} INFO - Processing file /home/airflow/.local/lib/python3.12/site-packages/airflow/example_dags/example_workday_timetable.py for tasks to queue
[2024-12-03T00:28:55.324+0000] {logging_mixin.py:190} INFO - [2024-12-03T00:28:55.324+0000] {dagbag.py:588} INFO - Filling up the DagBag from /home/airflow/.local/lib/python3.12/site-packages/airflow/example_dags/example_workday_timetable.py
[2024-12-03T00:28:55.327+0000] {processor.py:925} INFO - DAG(s) 'example_workday_timetable' retrieved from /home/airflow/.local/lib/python3.12/site-packages/airflow/example_dags/example_workday_timetable.py
[2024-12-03T00:28:55.336+0000] {logging_mixin.py:190} INFO - [2024-12-03T00:28:55.336+0000] {dag.py:3239} INFO - Sync 1 DAGs
[2024-12-03T00:28:55.357+0000] {logging_mixin.py:190} INFO - [2024-12-03T00:28:55.357+0000] {dag.py:4180} INFO - Setting next_dagrun for example_workday_timetable to 2021-01-04 00:00:00+00:00, run_after=2021-01-05 00:00:00+00:00
[2024-12-03T00:28:55.365+0000] {processor.py:208} INFO - Processing /home/airflow/.local/lib/python3.12/site-packages/airflow/example_dags/example_workday_timetable.py took 0.045 seconds
[2024-12-03T00:29:25.816+0000] {processor.py:186} INFO - Started process (PID=6811) to work on /home/airflow/.local/lib/python3.12/site-packages/airflow/example_dags/example_workday_timetable.py
[2024-12-03T00:29:25.818+0000] {processor.py:914} INFO - Processing file /home/airflow/.local/lib/python3.12/site-packages/airflow/example_dags/example_workday_timetable.py for tasks to queue
[2024-12-03T00:29:25.819+0000] {logging_mixin.py:190} INFO - [2024-12-03T00:29:25.819+0000] {dagbag.py:588} INFO - Filling up the DagBag from /home/airflow/.local/lib/python3.12/site-packages/airflow/example_dags/example_workday_timetable.py
[2024-12-03T00:29:25.822+0000] {processor.py:925} INFO - DAG(s) 'example_workday_timetable' retrieved from /home/airflow/.local/lib/python3.12/site-packages/airflow/example_dags/example_workday_timetable.py
[2024-12-03T00:29:25.829+0000] {logging_mixin.py:190} INFO - [2024-12-03T00:29:25.829+0000] {dag.py:3239} INFO - Sync 1 DAGs
[2024-12-03T00:29:25.849+0000] {logging_mixin.py:190} INFO - [2024-12-03T00:29:25.849+0000] {dag.py:4180} INFO - Setting next_dagrun for example_workday_timetable to 2021-01-04 00:00:00+00:00, run_after=2021-01-05 00:00:00+00:00
[2024-12-03T00:29:25.855+0000] {processor.py:208} INFO - Processing /home/airflow/.local/lib/python3.12/site-packages/airflow/example_dags/example_workday_timetable.py took 0.042 seconds
[2024-12-03T00:29:56.314+0000] {processor.py:186} INFO - Started process (PID=6877) to work on /home/airflow/.local/lib/python3.12/site-packages/airflow/example_dags/example_workday_timetable.py
[2024-12-03T00:29:56.315+0000] {processor.py:914} INFO - Processing file /home/airflow/.local/lib/python3.12/site-packages/airflow/example_dags/example_workday_timetable.py for tasks to queue
[2024-12-03T00:29:56.315+0000] {logging_mixin.py:190} INFO - [2024-12-03T00:29:56.315+0000] {dagbag.py:588} INFO - Filling up the DagBag from /home/airflow/.local/lib/python3.12/site-packages/airflow/example_dags/example_workday_timetable.py
[2024-12-03T00:29:56.318+0000] {processor.py:925} INFO - DAG(s) 'example_workday_timetable' retrieved from /home/airflow/.local/lib/python3.12/site-packages/airflow/example_dags/example_workday_timetable.py
[2024-12-03T00:29:56.328+0000] {logging_mixin.py:190} INFO - [2024-12-03T00:29:56.328+0000] {dag.py:3239} INFO - Sync 1 DAGs
[2024-12-03T00:29:56.379+0000] {logging_mixin.py:190} INFO - [2024-12-03T00:29:56.379+0000] {dag.py:4180} INFO - Setting next_dagrun for example_workday_timetable to 2021-01-04 00:00:00+00:00, run_after=2021-01-05 00:00:00+00:00
[2024-12-03T00:29:56.401+0000] {processor.py:208} INFO - Processing /home/airflow/.local/lib/python3.12/site-packages/airflow/example_dags/example_workday_timetable.py took 0.090 seconds
[2024-12-03T00:30:27.006+0000] {processor.py:186} INFO - Started process (PID=6944) to work on /home/airflow/.local/lib/python3.12/site-packages/airflow/example_dags/example_workday_timetable.py
[2024-12-03T00:30:27.007+0000] {processor.py:914} INFO - Processing file /home/airflow/.local/lib/python3.12/site-packages/airflow/example_dags/example_workday_timetable.py for tasks to queue
[2024-12-03T00:30:27.008+0000] {logging_mixin.py:190} INFO - [2024-12-03T00:30:27.008+0000] {dagbag.py:588} INFO - Filling up the DagBag from /home/airflow/.local/lib/python3.12/site-packages/airflow/example_dags/example_workday_timetable.py
[2024-12-03T00:30:27.010+0000] {processor.py:925} INFO - DAG(s) 'example_workday_timetable' retrieved from /home/airflow/.local/lib/python3.12/site-packages/airflow/example_dags/example_workday_timetable.py
[2024-12-03T00:30:27.018+0000] {logging_mixin.py:190} INFO - [2024-12-03T00:30:27.018+0000] {dag.py:3239} INFO - Sync 1 DAGs
[2024-12-03T00:30:27.039+0000] {logging_mixin.py:190} INFO - [2024-12-03T00:30:27.039+0000] {dag.py:4180} INFO - Setting next_dagrun for example_workday_timetable to 2021-01-04 00:00:00+00:00, run_after=2021-01-05 00:00:00+00:00
[2024-12-03T00:30:27.049+0000] {processor.py:208} INFO - Processing /home/airflow/.local/lib/python3.12/site-packages/airflow/example_dags/example_workday_timetable.py took 0.045 seconds
[2024-12-03T00:30:57.343+0000] {processor.py:186} INFO - Started process (PID=7010) to work on /home/airflow/.local/lib/python3.12/site-packages/airflow/example_dags/example_workday_timetable.py
[2024-12-03T00:30:57.344+0000] {processor.py:914} INFO - Processing file /home/airflow/.local/lib/python3.12/site-packages/airflow/example_dags/example_workday_timetable.py for tasks to queue
[2024-12-03T00:30:57.345+0000] {logging_mixin.py:190} INFO - [2024-12-03T00:30:57.345+0000] {dagbag.py:588} INFO - Filling up the DagBag from /home/airflow/.local/lib/python3.12/site-packages/airflow/example_dags/example_workday_timetable.py
[2024-12-03T00:30:57.347+0000] {processor.py:925} INFO - DAG(s) 'example_workday_timetable' retrieved from /home/airflow/.local/lib/python3.12/site-packages/airflow/example_dags/example_workday_timetable.py
[2024-12-03T00:30:57.355+0000] {logging_mixin.py:190} INFO - [2024-12-03T00:30:57.355+0000] {dag.py:3239} INFO - Sync 1 DAGs
[2024-12-03T00:30:57.380+0000] {logging_mixin.py:190} INFO - [2024-12-03T00:30:57.380+0000] {dag.py:4180} INFO - Setting next_dagrun for example_workday_timetable to 2021-01-04 00:00:00+00:00, run_after=2021-01-05 00:00:00+00:00
[2024-12-03T00:30:57.388+0000] {processor.py:208} INFO - Processing /home/airflow/.local/lib/python3.12/site-packages/airflow/example_dags/example_workday_timetable.py took 0.047 seconds
[2024-12-03T00:31:27.820+0000] {processor.py:186} INFO - Started process (PID=7075) to work on /home/airflow/.local/lib/python3.12/site-packages/airflow/example_dags/example_workday_timetable.py
[2024-12-03T00:31:27.823+0000] {processor.py:914} INFO - Processing file /home/airflow/.local/lib/python3.12/site-packages/airflow/example_dags/example_workday_timetable.py for tasks to queue
[2024-12-03T00:31:27.824+0000] {logging_mixin.py:190} INFO - [2024-12-03T00:31:27.824+0000] {dagbag.py:588} INFO - Filling up the DagBag from /home/airflow/.local/lib/python3.12/site-packages/airflow/example_dags/example_workday_timetable.py
[2024-12-03T00:31:27.830+0000] {processor.py:925} INFO - DAG(s) 'example_workday_timetable' retrieved from /home/airflow/.local/lib/python3.12/site-packages/airflow/example_dags/example_workday_timetable.py
[2024-12-03T00:31:27.841+0000] {logging_mixin.py:190} INFO - [2024-12-03T00:31:27.841+0000] {dag.py:3239} INFO - Sync 1 DAGs
[2024-12-03T00:31:27.878+0000] {logging_mixin.py:190} INFO - [2024-12-03T00:31:27.877+0000] {dag.py:4180} INFO - Setting next_dagrun for example_workday_timetable to 2021-01-04 00:00:00+00:00, run_after=2021-01-05 00:00:00+00:00
[2024-12-03T00:31:27.889+0000] {processor.py:208} INFO - Processing /home/airflow/.local/lib/python3.12/site-packages/airflow/example_dags/example_workday_timetable.py took 0.072 seconds
[2024-12-03T00:31:58.309+0000] {processor.py:186} INFO - Started process (PID=7141) to work on /home/airflow/.local/lib/python3.12/site-packages/airflow/example_dags/example_workday_timetable.py
[2024-12-03T00:31:58.309+0000] {processor.py:914} INFO - Processing file /home/airflow/.local/lib/python3.12/site-packages/airflow/example_dags/example_workday_timetable.py for tasks to queue
[2024-12-03T00:31:58.310+0000] {logging_mixin.py:190} INFO - [2024-12-03T00:31:58.310+0000] {dagbag.py:588} INFO - Filling up the DagBag from /home/airflow/.local/lib/python3.12/site-packages/airflow/example_dags/example_workday_timetable.py
[2024-12-03T00:31:58.313+0000] {processor.py:925} INFO - DAG(s) 'example_workday_timetable' retrieved from /home/airflow/.local/lib/python3.12/site-packages/airflow/example_dags/example_workday_timetable.py
[2024-12-03T00:31:58.322+0000] {logging_mixin.py:190} INFO - [2024-12-03T00:31:58.322+0000] {dag.py:3239} INFO - Sync 1 DAGs
[2024-12-03T00:31:58.347+0000] {logging_mixin.py:190} INFO - [2024-12-03T00:31:58.347+0000] {dag.py:4180} INFO - Setting next_dagrun for example_workday_timetable to 2021-01-04 00:00:00+00:00, run_after=2021-01-05 00:00:00+00:00
[2024-12-03T00:31:58.356+0000] {processor.py:208} INFO - Processing /home/airflow/.local/lib/python3.12/site-packages/airflow/example_dags/example_workday_timetable.py took 0.050 seconds
[2024-12-03T00:32:28.867+0000] {processor.py:186} INFO - Started process (PID=7207) to work on /home/airflow/.local/lib/python3.12/site-packages/airflow/example_dags/example_workday_timetable.py
[2024-12-03T00:32:28.867+0000] {processor.py:914} INFO - Processing file /home/airflow/.local/lib/python3.12/site-packages/airflow/example_dags/example_workday_timetable.py for tasks to queue
[2024-12-03T00:32:28.870+0000] {logging_mixin.py:190} INFO - [2024-12-03T00:32:28.870+0000] {dagbag.py:588} INFO - Filling up the DagBag from /home/airflow/.local/lib/python3.12/site-packages/airflow/example_dags/example_workday_timetable.py
[2024-12-03T00:32:28.872+0000] {processor.py:925} INFO - DAG(s) 'example_workday_timetable' retrieved from /home/airflow/.local/lib/python3.12/site-packages/airflow/example_dags/example_workday_timetable.py
[2024-12-03T00:32:28.887+0000] {logging_mixin.py:190} INFO - [2024-12-03T00:32:28.887+0000] {dag.py:3239} INFO - Sync 1 DAGs
[2024-12-03T00:32:28.911+0000] {logging_mixin.py:190} INFO - [2024-12-03T00:32:28.910+0000] {dag.py:4180} INFO - Setting next_dagrun for example_workday_timetable to 2021-01-04 00:00:00+00:00, run_after=2021-01-05 00:00:00+00:00
[2024-12-03T00:32:28.922+0000] {processor.py:208} INFO - Processing /home/airflow/.local/lib/python3.12/site-packages/airflow/example_dags/example_workday_timetable.py took 0.058 seconds
[2024-12-03T00:32:59.165+0000] {processor.py:186} INFO - Started process (PID=7273) to work on /home/airflow/.local/lib/python3.12/site-packages/airflow/example_dags/example_workday_timetable.py
[2024-12-03T00:32:59.166+0000] {processor.py:914} INFO - Processing file /home/airflow/.local/lib/python3.12/site-packages/airflow/example_dags/example_workday_timetable.py for tasks to queue
[2024-12-03T00:32:59.167+0000] {logging_mixin.py:190} INFO - [2024-12-03T00:32:59.167+0000] {dagbag.py:588} INFO - Filling up the DagBag from /home/airflow/.local/lib/python3.12/site-packages/airflow/example_dags/example_workday_timetable.py
[2024-12-03T00:32:59.170+0000] {processor.py:925} INFO - DAG(s) 'example_workday_timetable' retrieved from /home/airflow/.local/lib/python3.12/site-packages/airflow/example_dags/example_workday_timetable.py
[2024-12-03T00:32:59.183+0000] {logging_mixin.py:190} INFO - [2024-12-03T00:32:59.182+0000] {dag.py:3239} INFO - Sync 1 DAGs
[2024-12-03T00:32:59.204+0000] {logging_mixin.py:190} INFO - [2024-12-03T00:32:59.204+0000] {dag.py:4180} INFO - Setting next_dagrun for example_workday_timetable to 2021-01-04 00:00:00+00:00, run_after=2021-01-05 00:00:00+00:00
[2024-12-03T00:32:59.216+0000] {processor.py:208} INFO - Processing /home/airflow/.local/lib/python3.12/site-packages/airflow/example_dags/example_workday_timetable.py took 0.054 seconds
[2024-12-03T00:33:29.424+0000] {processor.py:186} INFO - Started process (PID=7339) to work on /home/airflow/.local/lib/python3.12/site-packages/airflow/example_dags/example_workday_timetable.py
[2024-12-03T00:33:29.425+0000] {processor.py:914} INFO - Processing file /home/airflow/.local/lib/python3.12/site-packages/airflow/example_dags/example_workday_timetable.py for tasks to queue
[2024-12-03T00:33:29.426+0000] {logging_mixin.py:190} INFO - [2024-12-03T00:33:29.426+0000] {dagbag.py:588} INFO - Filling up the DagBag from /home/airflow/.local/lib/python3.12/site-packages/airflow/example_dags/example_workday_timetable.py
[2024-12-03T00:33:29.429+0000] {processor.py:925} INFO - DAG(s) 'example_workday_timetable' retrieved from /home/airflow/.local/lib/python3.12/site-packages/airflow/example_dags/example_workday_timetable.py
[2024-12-03T00:33:29.438+0000] {logging_mixin.py:190} INFO - [2024-12-03T00:33:29.438+0000] {dag.py:3239} INFO - Sync 1 DAGs
[2024-12-03T00:33:29.460+0000] {logging_mixin.py:190} INFO - [2024-12-03T00:33:29.460+0000] {dag.py:4180} INFO - Setting next_dagrun for example_workday_timetable to 2021-01-04 00:00:00+00:00, run_after=2021-01-05 00:00:00+00:00
[2024-12-03T00:33:29.469+0000] {processor.py:208} INFO - Processing /home/airflow/.local/lib/python3.12/site-packages/airflow/example_dags/example_workday_timetable.py took 0.048 seconds
[2024-12-03T00:33:59.722+0000] {processor.py:186} INFO - Started process (PID=7405) to work on /home/airflow/.local/lib/python3.12/site-packages/airflow/example_dags/example_workday_timetable.py
[2024-12-03T00:33:59.723+0000] {processor.py:914} INFO - Processing file /home/airflow/.local/lib/python3.12/site-packages/airflow/example_dags/example_workday_timetable.py for tasks to queue
[2024-12-03T00:33:59.726+0000] {logging_mixin.py:190} INFO - [2024-12-03T00:33:59.726+0000] {dagbag.py:588} INFO - Filling up the DagBag from /home/airflow/.local/lib/python3.12/site-packages/airflow/example_dags/example_workday_timetable.py
[2024-12-03T00:33:59.729+0000] {processor.py:925} INFO - DAG(s) 'example_workday_timetable' retrieved from /home/airflow/.local/lib/python3.12/site-packages/airflow/example_dags/example_workday_timetable.py
[2024-12-03T00:33:59.737+0000] {logging_mixin.py:190} INFO - [2024-12-03T00:33:59.737+0000] {dag.py:3239} INFO - Sync 1 DAGs
[2024-12-03T00:33:59.757+0000] {logging_mixin.py:190} INFO - [2024-12-03T00:33:59.757+0000] {dag.py:4180} INFO - Setting next_dagrun for example_workday_timetable to 2021-01-04 00:00:00+00:00, run_after=2021-01-05 00:00:00+00:00
[2024-12-03T00:33:59.770+0000] {processor.py:208} INFO - Processing /home/airflow/.local/lib/python3.12/site-packages/airflow/example_dags/example_workday_timetable.py took 0.051 seconds
[2024-12-03T00:34:29.981+0000] {processor.py:186} INFO - Started process (PID=7471) to work on /home/airflow/.local/lib/python3.12/site-packages/airflow/example_dags/example_workday_timetable.py
[2024-12-03T00:34:29.981+0000] {processor.py:914} INFO - Processing file /home/airflow/.local/lib/python3.12/site-packages/airflow/example_dags/example_workday_timetable.py for tasks to queue
[2024-12-03T00:34:29.982+0000] {logging_mixin.py:190} INFO - [2024-12-03T00:34:29.982+0000] {dagbag.py:588} INFO - Filling up the DagBag from /home/airflow/.local/lib/python3.12/site-packages/airflow/example_dags/example_workday_timetable.py
[2024-12-03T00:34:29.985+0000] {processor.py:925} INFO - DAG(s) 'example_workday_timetable' retrieved from /home/airflow/.local/lib/python3.12/site-packages/airflow/example_dags/example_workday_timetable.py
[2024-12-03T00:34:29.995+0000] {logging_mixin.py:190} INFO - [2024-12-03T00:34:29.995+0000] {dag.py:3239} INFO - Sync 1 DAGs
[2024-12-03T00:34:30.017+0000] {logging_mixin.py:190} INFO - [2024-12-03T00:34:30.017+0000] {dag.py:4180} INFO - Setting next_dagrun for example_workday_timetable to 2021-01-04 00:00:00+00:00, run_after=2021-01-05 00:00:00+00:00
[2024-12-03T00:34:30.027+0000] {processor.py:208} INFO - Processing /home/airflow/.local/lib/python3.12/site-packages/airflow/example_dags/example_workday_timetable.py took 0.049 seconds
[2024-12-03T00:35:00.281+0000] {processor.py:186} INFO - Started process (PID=7537) to work on /home/airflow/.local/lib/python3.12/site-packages/airflow/example_dags/example_workday_timetable.py
[2024-12-03T00:35:00.283+0000] {processor.py:914} INFO - Processing file /home/airflow/.local/lib/python3.12/site-packages/airflow/example_dags/example_workday_timetable.py for tasks to queue
[2024-12-03T00:35:00.284+0000] {logging_mixin.py:190} INFO - [2024-12-03T00:35:00.284+0000] {dagbag.py:588} INFO - Filling up the DagBag from /home/airflow/.local/lib/python3.12/site-packages/airflow/example_dags/example_workday_timetable.py
[2024-12-03T00:35:00.286+0000] {processor.py:925} INFO - DAG(s) 'example_workday_timetable' retrieved from /home/airflow/.local/lib/python3.12/site-packages/airflow/example_dags/example_workday_timetable.py
[2024-12-03T00:35:00.296+0000] {logging_mixin.py:190} INFO - [2024-12-03T00:35:00.296+0000] {dag.py:3239} INFO - Sync 1 DAGs
[2024-12-03T00:35:00.317+0000] {logging_mixin.py:190} INFO - [2024-12-03T00:35:00.317+0000] {dag.py:4180} INFO - Setting next_dagrun for example_workday_timetable to 2021-01-04 00:00:00+00:00, run_after=2021-01-05 00:00:00+00:00
[2024-12-03T00:35:00.323+0000] {processor.py:208} INFO - Processing /home/airflow/.local/lib/python3.12/site-packages/airflow/example_dags/example_workday_timetable.py took 0.044 seconds
[2024-12-03T00:35:30.569+0000] {processor.py:186} INFO - Started process (PID=7603) to work on /home/airflow/.local/lib/python3.12/site-packages/airflow/example_dags/example_workday_timetable.py
[2024-12-03T00:35:30.570+0000] {processor.py:914} INFO - Processing file /home/airflow/.local/lib/python3.12/site-packages/airflow/example_dags/example_workday_timetable.py for tasks to queue
[2024-12-03T00:35:30.571+0000] {logging_mixin.py:190} INFO - [2024-12-03T00:35:30.571+0000] {dagbag.py:588} INFO - Filling up the DagBag from /home/airflow/.local/lib/python3.12/site-packages/airflow/example_dags/example_workday_timetable.py
[2024-12-03T00:35:30.575+0000] {processor.py:925} INFO - DAG(s) 'example_workday_timetable' retrieved from /home/airflow/.local/lib/python3.12/site-packages/airflow/example_dags/example_workday_timetable.py
[2024-12-03T00:35:30.587+0000] {logging_mixin.py:190} INFO - [2024-12-03T00:35:30.587+0000] {dag.py:3239} INFO - Sync 1 DAGs
[2024-12-03T00:35:30.613+0000] {logging_mixin.py:190} INFO - [2024-12-03T00:35:30.613+0000] {dag.py:4180} INFO - Setting next_dagrun for example_workday_timetable to 2021-01-04 00:00:00+00:00, run_after=2021-01-05 00:00:00+00:00
[2024-12-03T00:35:30.621+0000] {processor.py:208} INFO - Processing /home/airflow/.local/lib/python3.12/site-packages/airflow/example_dags/example_workday_timetable.py took 0.054 seconds
[2024-12-03T00:36:00.880+0000] {processor.py:186} INFO - Started process (PID=7669) to work on /home/airflow/.local/lib/python3.12/site-packages/airflow/example_dags/example_workday_timetable.py
[2024-12-03T00:36:00.882+0000] {processor.py:914} INFO - Processing file /home/airflow/.local/lib/python3.12/site-packages/airflow/example_dags/example_workday_timetable.py for tasks to queue
[2024-12-03T00:36:00.883+0000] {logging_mixin.py:190} INFO - [2024-12-03T00:36:00.882+0000] {dagbag.py:588} INFO - Filling up the DagBag from /home/airflow/.local/lib/python3.12/site-packages/airflow/example_dags/example_workday_timetable.py
[2024-12-03T00:36:00.885+0000] {processor.py:925} INFO - DAG(s) 'example_workday_timetable' retrieved from /home/airflow/.local/lib/python3.12/site-packages/airflow/example_dags/example_workday_timetable.py
[2024-12-03T00:36:00.893+0000] {logging_mixin.py:190} INFO - [2024-12-03T00:36:00.893+0000] {dag.py:3239} INFO - Sync 1 DAGs
[2024-12-03T00:36:00.916+0000] {logging_mixin.py:190} INFO - [2024-12-03T00:36:00.916+0000] {dag.py:4180} INFO - Setting next_dagrun for example_workday_timetable to 2021-01-04 00:00:00+00:00, run_after=2021-01-05 00:00:00+00:00
[2024-12-03T00:36:00.925+0000] {processor.py:208} INFO - Processing /home/airflow/.local/lib/python3.12/site-packages/airflow/example_dags/example_workday_timetable.py took 0.048 seconds
[2024-12-03T00:36:31.207+0000] {processor.py:186} INFO - Started process (PID=7735) to work on /home/airflow/.local/lib/python3.12/site-packages/airflow/example_dags/example_workday_timetable.py
[2024-12-03T00:36:31.207+0000] {processor.py:914} INFO - Processing file /home/airflow/.local/lib/python3.12/site-packages/airflow/example_dags/example_workday_timetable.py for tasks to queue
[2024-12-03T00:36:31.208+0000] {logging_mixin.py:190} INFO - [2024-12-03T00:36:31.208+0000] {dagbag.py:588} INFO - Filling up the DagBag from /home/airflow/.local/lib/python3.12/site-packages/airflow/example_dags/example_workday_timetable.py
[2024-12-03T00:36:31.211+0000] {processor.py:925} INFO - DAG(s) 'example_workday_timetable' retrieved from /home/airflow/.local/lib/python3.12/site-packages/airflow/example_dags/example_workday_timetable.py
[2024-12-03T00:36:31.221+0000] {logging_mixin.py:190} INFO - [2024-12-03T00:36:31.221+0000] {dag.py:3239} INFO - Sync 1 DAGs
[2024-12-03T00:36:31.242+0000] {logging_mixin.py:190} INFO - [2024-12-03T00:36:31.242+0000] {dag.py:4180} INFO - Setting next_dagrun for example_workday_timetable to 2021-01-04 00:00:00+00:00, run_after=2021-01-05 00:00:00+00:00
[2024-12-03T00:36:31.248+0000] {processor.py:208} INFO - Processing /home/airflow/.local/lib/python3.12/site-packages/airflow/example_dags/example_workday_timetable.py took 0.043 seconds
[2024-12-03T00:37:01.437+0000] {processor.py:186} INFO - Started process (PID=7801) to work on /home/airflow/.local/lib/python3.12/site-packages/airflow/example_dags/example_workday_timetable.py
[2024-12-03T00:37:01.438+0000] {processor.py:914} INFO - Processing file /home/airflow/.local/lib/python3.12/site-packages/airflow/example_dags/example_workday_timetable.py for tasks to queue
[2024-12-03T00:37:01.439+0000] {logging_mixin.py:190} INFO - [2024-12-03T00:37:01.439+0000] {dagbag.py:588} INFO - Filling up the DagBag from /home/airflow/.local/lib/python3.12/site-packages/airflow/example_dags/example_workday_timetable.py
[2024-12-03T00:37:01.444+0000] {processor.py:925} INFO - DAG(s) 'example_workday_timetable' retrieved from /home/airflow/.local/lib/python3.12/site-packages/airflow/example_dags/example_workday_timetable.py
[2024-12-03T00:37:01.455+0000] {logging_mixin.py:190} INFO - [2024-12-03T00:37:01.455+0000] {dag.py:3239} INFO - Sync 1 DAGs
[2024-12-03T00:37:01.477+0000] {logging_mixin.py:190} INFO - [2024-12-03T00:37:01.477+0000] {dag.py:4180} INFO - Setting next_dagrun for example_workday_timetable to 2021-01-04 00:00:00+00:00, run_after=2021-01-05 00:00:00+00:00
[2024-12-03T00:37:01.484+0000] {processor.py:208} INFO - Processing /home/airflow/.local/lib/python3.12/site-packages/airflow/example_dags/example_workday_timetable.py took 0.049 seconds
[2024-12-03T00:37:31.737+0000] {processor.py:186} INFO - Started process (PID=7867) to work on /home/airflow/.local/lib/python3.12/site-packages/airflow/example_dags/example_workday_timetable.py
[2024-12-03T00:37:31.738+0000] {processor.py:914} INFO - Processing file /home/airflow/.local/lib/python3.12/site-packages/airflow/example_dags/example_workday_timetable.py for tasks to queue
[2024-12-03T00:37:31.739+0000] {logging_mixin.py:190} INFO - [2024-12-03T00:37:31.739+0000] {dagbag.py:588} INFO - Filling up the DagBag from /home/airflow/.local/lib/python3.12/site-packages/airflow/example_dags/example_workday_timetable.py
[2024-12-03T00:37:31.741+0000] {processor.py:925} INFO - DAG(s) 'example_workday_timetable' retrieved from /home/airflow/.local/lib/python3.12/site-packages/airflow/example_dags/example_workday_timetable.py
[2024-12-03T00:37:31.750+0000] {logging_mixin.py:190} INFO - [2024-12-03T00:37:31.749+0000] {dag.py:3239} INFO - Sync 1 DAGs
[2024-12-03T00:37:31.770+0000] {logging_mixin.py:190} INFO - [2024-12-03T00:37:31.770+0000] {dag.py:4180} INFO - Setting next_dagrun for example_workday_timetable to 2021-01-04 00:00:00+00:00, run_after=2021-01-05 00:00:00+00:00
[2024-12-03T00:37:31.777+0000] {processor.py:208} INFO - Processing /home/airflow/.local/lib/python3.12/site-packages/airflow/example_dags/example_workday_timetable.py took 0.042 seconds
[2024-12-03T00:38:02.073+0000] {processor.py:186} INFO - Started process (PID=7933) to work on /home/airflow/.local/lib/python3.12/site-packages/airflow/example_dags/example_workday_timetable.py
[2024-12-03T00:38:02.074+0000] {processor.py:914} INFO - Processing file /home/airflow/.local/lib/python3.12/site-packages/airflow/example_dags/example_workday_timetable.py for tasks to queue
[2024-12-03T00:38:02.075+0000] {logging_mixin.py:190} INFO - [2024-12-03T00:38:02.075+0000] {dagbag.py:588} INFO - Filling up the DagBag from /home/airflow/.local/lib/python3.12/site-packages/airflow/example_dags/example_workday_timetable.py
[2024-12-03T00:38:02.077+0000] {processor.py:925} INFO - DAG(s) 'example_workday_timetable' retrieved from /home/airflow/.local/lib/python3.12/site-packages/airflow/example_dags/example_workday_timetable.py
[2024-12-03T00:38:02.086+0000] {logging_mixin.py:190} INFO - [2024-12-03T00:38:02.085+0000] {dag.py:3239} INFO - Sync 1 DAGs
[2024-12-03T00:38:02.113+0000] {logging_mixin.py:190} INFO - [2024-12-03T00:38:02.113+0000] {dag.py:4180} INFO - Setting next_dagrun for example_workday_timetable to 2021-01-04 00:00:00+00:00, run_after=2021-01-05 00:00:00+00:00
[2024-12-03T00:38:02.120+0000] {processor.py:208} INFO - Processing /home/airflow/.local/lib/python3.12/site-packages/airflow/example_dags/example_workday_timetable.py took 0.050 seconds
