[2024-12-03T00:03:57.952+0000] {processor.py:186} INFO - Started process (PID=3481) to work on /home/airflow/.local/lib/python3.12/site-packages/airflow/example_dags/example_branch_python_dop_operator_3.py
[2024-12-03T00:03:57.953+0000] {processor.py:914} INFO - Processing file /home/airflow/.local/lib/python3.12/site-packages/airflow/example_dags/example_branch_python_dop_operator_3.py for tasks to queue
[2024-12-03T00:03:57.954+0000] {logging_mixin.py:190} INFO - [2024-12-03T00:03:57.954+0000] {dagbag.py:588} INFO - Filling up the DagBag from /home/airflow/.local/lib/python3.12/site-packages/airflow/example_dags/example_branch_python_dop_operator_3.py
[2024-12-03T00:03:57.964+0000] {processor.py:925} INFO - DAG(s) 'example_branch_dop_operator_v3' retrieved from /home/airflow/.local/lib/python3.12/site-packages/airflow/example_dags/example_branch_python_dop_operator_3.py
[2024-12-03T00:03:57.975+0000] {logging_mixin.py:190} INFO - [2024-12-03T00:03:57.975+0000] {dag.py:3239} INFO - Sync 1 DAGs
[2024-12-03T00:03:57.988+0000] {logging_mixin.py:190} INFO - [2024-12-03T00:03:57.988+0000] {dag.py:4180} INFO - Setting next_dagrun for example_branch_dop_operator_v3 to 2024-12-03 00:02:00+00:00, run_after=2024-12-03 00:03:00+00:00
[2024-12-03T00:03:58.004+0000] {processor.py:208} INFO - Processing /home/airflow/.local/lib/python3.12/site-packages/airflow/example_dags/example_branch_python_dop_operator_3.py took 0.056 seconds
[2024-12-03T00:04:28.380+0000] {processor.py:186} INFO - Started process (PID=3546) to work on /home/airflow/.local/lib/python3.12/site-packages/airflow/example_dags/example_branch_python_dop_operator_3.py
[2024-12-03T00:04:28.382+0000] {processor.py:914} INFO - Processing file /home/airflow/.local/lib/python3.12/site-packages/airflow/example_dags/example_branch_python_dop_operator_3.py for tasks to queue
[2024-12-03T00:04:28.383+0000] {logging_mixin.py:190} INFO - [2024-12-03T00:04:28.383+0000] {dagbag.py:588} INFO - Filling up the DagBag from /home/airflow/.local/lib/python3.12/site-packages/airflow/example_dags/example_branch_python_dop_operator_3.py
[2024-12-03T00:04:28.388+0000] {processor.py:925} INFO - DAG(s) 'example_branch_dop_operator_v3' retrieved from /home/airflow/.local/lib/python3.12/site-packages/airflow/example_dags/example_branch_python_dop_operator_3.py
[2024-12-03T00:04:28.396+0000] {logging_mixin.py:190} INFO - [2024-12-03T00:04:28.396+0000] {dag.py:3239} INFO - Sync 1 DAGs
[2024-12-03T00:04:28.407+0000] {logging_mixin.py:190} INFO - [2024-12-03T00:04:28.407+0000] {dag.py:4180} INFO - Setting next_dagrun for example_branch_dop_operator_v3 to 2024-12-03 00:03:00+00:00, run_after=2024-12-03 00:04:00+00:00
[2024-12-03T00:04:28.417+0000] {processor.py:208} INFO - Processing /home/airflow/.local/lib/python3.12/site-packages/airflow/example_dags/example_branch_python_dop_operator_3.py took 0.039 seconds
[2024-12-03T00:04:58.596+0000] {processor.py:186} INFO - Started process (PID=3612) to work on /home/airflow/.local/lib/python3.12/site-packages/airflow/example_dags/example_branch_python_dop_operator_3.py
[2024-12-03T00:04:58.596+0000] {processor.py:914} INFO - Processing file /home/airflow/.local/lib/python3.12/site-packages/airflow/example_dags/example_branch_python_dop_operator_3.py for tasks to queue
[2024-12-03T00:04:58.598+0000] {logging_mixin.py:190} INFO - [2024-12-03T00:04:58.598+0000] {dagbag.py:588} INFO - Filling up the DagBag from /home/airflow/.local/lib/python3.12/site-packages/airflow/example_dags/example_branch_python_dop_operator_3.py
[2024-12-03T00:04:58.603+0000] {processor.py:925} INFO - DAG(s) 'example_branch_dop_operator_v3' retrieved from /home/airflow/.local/lib/python3.12/site-packages/airflow/example_dags/example_branch_python_dop_operator_3.py
[2024-12-03T00:04:58.612+0000] {logging_mixin.py:190} INFO - [2024-12-03T00:04:58.611+0000] {dag.py:3239} INFO - Sync 1 DAGs
[2024-12-03T00:04:58.620+0000] {logging_mixin.py:190} INFO - [2024-12-03T00:04:58.620+0000] {dag.py:4180} INFO - Setting next_dagrun for example_branch_dop_operator_v3 to 2024-12-03 00:03:00+00:00, run_after=2024-12-03 00:04:00+00:00
[2024-12-03T00:04:58.629+0000] {processor.py:208} INFO - Processing /home/airflow/.local/lib/python3.12/site-packages/airflow/example_dags/example_branch_python_dop_operator_3.py took 0.036 seconds
[2024-12-03T00:05:29.798+0000] {processor.py:186} INFO - Started process (PID=3684) to work on /home/airflow/.local/lib/python3.12/site-packages/airflow/example_dags/example_branch_python_dop_operator_3.py
[2024-12-03T00:05:29.799+0000] {processor.py:914} INFO - Processing file /home/airflow/.local/lib/python3.12/site-packages/airflow/example_dags/example_branch_python_dop_operator_3.py for tasks to queue
[2024-12-03T00:05:29.800+0000] {logging_mixin.py:190} INFO - [2024-12-03T00:05:29.800+0000] {dagbag.py:588} INFO - Filling up the DagBag from /home/airflow/.local/lib/python3.12/site-packages/airflow/example_dags/example_branch_python_dop_operator_3.py
[2024-12-03T00:05:29.804+0000] {processor.py:925} INFO - DAG(s) 'example_branch_dop_operator_v3' retrieved from /home/airflow/.local/lib/python3.12/site-packages/airflow/example_dags/example_branch_python_dop_operator_3.py
[2024-12-03T00:05:29.811+0000] {logging_mixin.py:190} INFO - [2024-12-03T00:05:29.811+0000] {dag.py:3239} INFO - Sync 1 DAGs
[2024-12-03T00:05:29.821+0000] {logging_mixin.py:190} INFO - [2024-12-03T00:05:29.821+0000] {dag.py:4180} INFO - Setting next_dagrun for example_branch_dop_operator_v3 to 2024-12-03 00:04:00+00:00, run_after=2024-12-03 00:05:00+00:00
[2024-12-03T00:05:29.827+0000] {processor.py:208} INFO - Processing /home/airflow/.local/lib/python3.12/site-packages/airflow/example_dags/example_branch_python_dop_operator_3.py took 0.031 seconds
[2024-12-03T00:06:00.929+0000] {processor.py:186} INFO - Started process (PID=3750) to work on /home/airflow/.local/lib/python3.12/site-packages/airflow/example_dags/example_branch_python_dop_operator_3.py
[2024-12-03T00:06:00.929+0000] {processor.py:914} INFO - Processing file /home/airflow/.local/lib/python3.12/site-packages/airflow/example_dags/example_branch_python_dop_operator_3.py for tasks to queue
[2024-12-03T00:06:00.930+0000] {logging_mixin.py:190} INFO - [2024-12-03T00:06:00.930+0000] {dagbag.py:588} INFO - Filling up the DagBag from /home/airflow/.local/lib/python3.12/site-packages/airflow/example_dags/example_branch_python_dop_operator_3.py
[2024-12-03T00:06:00.934+0000] {processor.py:925} INFO - DAG(s) 'example_branch_dop_operator_v3' retrieved from /home/airflow/.local/lib/python3.12/site-packages/airflow/example_dags/example_branch_python_dop_operator_3.py
[2024-12-03T00:06:00.942+0000] {logging_mixin.py:190} INFO - [2024-12-03T00:06:00.942+0000] {dag.py:3239} INFO - Sync 1 DAGs
[2024-12-03T00:06:00.952+0000] {logging_mixin.py:190} INFO - [2024-12-03T00:06:00.952+0000] {dag.py:4180} INFO - Setting next_dagrun for example_branch_dop_operator_v3 to 2024-12-03 00:05:00+00:00, run_after=2024-12-03 00:06:00+00:00
[2024-12-03T00:06:00.958+0000] {processor.py:208} INFO - Processing /home/airflow/.local/lib/python3.12/site-packages/airflow/example_dags/example_branch_python_dop_operator_3.py took 0.032 seconds
[2024-12-03T00:06:32.055+0000] {processor.py:186} INFO - Started process (PID=3816) to work on /home/airflow/.local/lib/python3.12/site-packages/airflow/example_dags/example_branch_python_dop_operator_3.py
[2024-12-03T00:06:32.055+0000] {processor.py:914} INFO - Processing file /home/airflow/.local/lib/python3.12/site-packages/airflow/example_dags/example_branch_python_dop_operator_3.py for tasks to queue
[2024-12-03T00:06:32.056+0000] {logging_mixin.py:190} INFO - [2024-12-03T00:06:32.056+0000] {dagbag.py:588} INFO - Filling up the DagBag from /home/airflow/.local/lib/python3.12/site-packages/airflow/example_dags/example_branch_python_dop_operator_3.py
[2024-12-03T00:06:32.060+0000] {processor.py:925} INFO - DAG(s) 'example_branch_dop_operator_v3' retrieved from /home/airflow/.local/lib/python3.12/site-packages/airflow/example_dags/example_branch_python_dop_operator_3.py
[2024-12-03T00:06:32.068+0000] {logging_mixin.py:190} INFO - [2024-12-03T00:06:32.068+0000] {dag.py:3239} INFO - Sync 1 DAGs
[2024-12-03T00:06:32.077+0000] {logging_mixin.py:190} INFO - [2024-12-03T00:06:32.077+0000] {dag.py:4180} INFO - Setting next_dagrun for example_branch_dop_operator_v3 to 2024-12-03 00:05:00+00:00, run_after=2024-12-03 00:06:00+00:00
[2024-12-03T00:06:32.083+0000] {processor.py:208} INFO - Processing /home/airflow/.local/lib/python3.12/site-packages/airflow/example_dags/example_branch_python_dop_operator_3.py took 0.031 seconds
[2024-12-03T00:07:03.226+0000] {processor.py:186} INFO - Started process (PID=3882) to work on /home/airflow/.local/lib/python3.12/site-packages/airflow/example_dags/example_branch_python_dop_operator_3.py
[2024-12-03T00:07:03.227+0000] {processor.py:914} INFO - Processing file /home/airflow/.local/lib/python3.12/site-packages/airflow/example_dags/example_branch_python_dop_operator_3.py for tasks to queue
[2024-12-03T00:07:03.228+0000] {logging_mixin.py:190} INFO - [2024-12-03T00:07:03.227+0000] {dagbag.py:588} INFO - Filling up the DagBag from /home/airflow/.local/lib/python3.12/site-packages/airflow/example_dags/example_branch_python_dop_operator_3.py
[2024-12-03T00:07:03.232+0000] {processor.py:925} INFO - DAG(s) 'example_branch_dop_operator_v3' retrieved from /home/airflow/.local/lib/python3.12/site-packages/airflow/example_dags/example_branch_python_dop_operator_3.py
[2024-12-03T00:07:03.240+0000] {logging_mixin.py:190} INFO - [2024-12-03T00:07:03.240+0000] {dag.py:3239} INFO - Sync 1 DAGs
[2024-12-03T00:07:03.251+0000] {logging_mixin.py:190} INFO - [2024-12-03T00:07:03.251+0000] {dag.py:4180} INFO - Setting next_dagrun for example_branch_dop_operator_v3 to 2024-12-03 00:06:00+00:00, run_after=2024-12-03 00:07:00+00:00
[2024-12-03T00:07:03.262+0000] {processor.py:208} INFO - Processing /home/airflow/.local/lib/python3.12/site-packages/airflow/example_dags/example_branch_python_dop_operator_3.py took 0.039 seconds
[2024-12-03T00:07:34.285+0000] {processor.py:186} INFO - Started process (PID=3948) to work on /home/airflow/.local/lib/python3.12/site-packages/airflow/example_dags/example_branch_python_dop_operator_3.py
[2024-12-03T00:07:34.286+0000] {processor.py:914} INFO - Processing file /home/airflow/.local/lib/python3.12/site-packages/airflow/example_dags/example_branch_python_dop_operator_3.py for tasks to queue
[2024-12-03T00:07:34.287+0000] {logging_mixin.py:190} INFO - [2024-12-03T00:07:34.287+0000] {dagbag.py:588} INFO - Filling up the DagBag from /home/airflow/.local/lib/python3.12/site-packages/airflow/example_dags/example_branch_python_dop_operator_3.py
[2024-12-03T00:07:34.291+0000] {processor.py:925} INFO - DAG(s) 'example_branch_dop_operator_v3' retrieved from /home/airflow/.local/lib/python3.12/site-packages/airflow/example_dags/example_branch_python_dop_operator_3.py
[2024-12-03T00:07:34.300+0000] {logging_mixin.py:190} INFO - [2024-12-03T00:07:34.300+0000] {dag.py:3239} INFO - Sync 1 DAGs
[2024-12-03T00:07:34.315+0000] {logging_mixin.py:190} INFO - [2024-12-03T00:07:34.315+0000] {dag.py:4180} INFO - Setting next_dagrun for example_branch_dop_operator_v3 to 2024-12-03 00:06:00+00:00, run_after=2024-12-03 00:07:00+00:00
[2024-12-03T00:07:34.323+0000] {processor.py:208} INFO - Processing /home/airflow/.local/lib/python3.12/site-packages/airflow/example_dags/example_branch_python_dop_operator_3.py took 0.040 seconds
[2024-12-03T00:08:05.318+0000] {processor.py:186} INFO - Started process (PID=4014) to work on /home/airflow/.local/lib/python3.12/site-packages/airflow/example_dags/example_branch_python_dop_operator_3.py
[2024-12-03T00:08:05.318+0000] {processor.py:914} INFO - Processing file /home/airflow/.local/lib/python3.12/site-packages/airflow/example_dags/example_branch_python_dop_operator_3.py for tasks to queue
[2024-12-03T00:08:05.319+0000] {logging_mixin.py:190} INFO - [2024-12-03T00:08:05.319+0000] {dagbag.py:588} INFO - Filling up the DagBag from /home/airflow/.local/lib/python3.12/site-packages/airflow/example_dags/example_branch_python_dop_operator_3.py
[2024-12-03T00:08:05.326+0000] {processor.py:925} INFO - DAG(s) 'example_branch_dop_operator_v3' retrieved from /home/airflow/.local/lib/python3.12/site-packages/airflow/example_dags/example_branch_python_dop_operator_3.py
[2024-12-03T00:08:05.337+0000] {logging_mixin.py:190} INFO - [2024-12-03T00:08:05.336+0000] {dag.py:3239} INFO - Sync 1 DAGs
[2024-12-03T00:08:05.346+0000] {logging_mixin.py:190} INFO - [2024-12-03T00:08:05.346+0000] {dag.py:4180} INFO - Setting next_dagrun for example_branch_dop_operator_v3 to 2024-12-03 00:07:00+00:00, run_after=2024-12-03 00:08:00+00:00
[2024-12-03T00:08:05.352+0000] {processor.py:208} INFO - Processing /home/airflow/.local/lib/python3.12/site-packages/airflow/example_dags/example_branch_python_dop_operator_3.py took 0.037 seconds
[2024-12-03T00:08:36.573+0000] {processor.py:186} INFO - Started process (PID=4080) to work on /home/airflow/.local/lib/python3.12/site-packages/airflow/example_dags/example_branch_python_dop_operator_3.py
[2024-12-03T00:08:36.573+0000] {processor.py:914} INFO - Processing file /home/airflow/.local/lib/python3.12/site-packages/airflow/example_dags/example_branch_python_dop_operator_3.py for tasks to queue
[2024-12-03T00:08:36.574+0000] {logging_mixin.py:190} INFO - [2024-12-03T00:08:36.574+0000] {dagbag.py:588} INFO - Filling up the DagBag from /home/airflow/.local/lib/python3.12/site-packages/airflow/example_dags/example_branch_python_dop_operator_3.py
[2024-12-03T00:08:36.579+0000] {processor.py:925} INFO - DAG(s) 'example_branch_dop_operator_v3' retrieved from /home/airflow/.local/lib/python3.12/site-packages/airflow/example_dags/example_branch_python_dop_operator_3.py
[2024-12-03T00:08:36.586+0000] {logging_mixin.py:190} INFO - [2024-12-03T00:08:36.586+0000] {dag.py:3239} INFO - Sync 1 DAGs
[2024-12-03T00:08:36.597+0000] {logging_mixin.py:190} INFO - [2024-12-03T00:08:36.597+0000] {dag.py:4180} INFO - Setting next_dagrun for example_branch_dop_operator_v3 to 2024-12-03 00:07:00+00:00, run_after=2024-12-03 00:08:00+00:00
[2024-12-03T00:08:36.606+0000] {processor.py:208} INFO - Processing /home/airflow/.local/lib/python3.12/site-packages/airflow/example_dags/example_branch_python_dop_operator_3.py took 0.036 seconds
[2024-12-03T00:09:06.885+0000] {processor.py:186} INFO - Started process (PID=4146) to work on /home/airflow/.local/lib/python3.12/site-packages/airflow/example_dags/example_branch_python_dop_operator_3.py
[2024-12-03T00:09:06.886+0000] {processor.py:914} INFO - Processing file /home/airflow/.local/lib/python3.12/site-packages/airflow/example_dags/example_branch_python_dop_operator_3.py for tasks to queue
[2024-12-03T00:09:06.887+0000] {logging_mixin.py:190} INFO - [2024-12-03T00:09:06.887+0000] {dagbag.py:588} INFO - Filling up the DagBag from /home/airflow/.local/lib/python3.12/site-packages/airflow/example_dags/example_branch_python_dop_operator_3.py
[2024-12-03T00:09:06.891+0000] {processor.py:925} INFO - DAG(s) 'example_branch_dop_operator_v3' retrieved from /home/airflow/.local/lib/python3.12/site-packages/airflow/example_dags/example_branch_python_dop_operator_3.py
[2024-12-03T00:09:06.899+0000] {logging_mixin.py:190} INFO - [2024-12-03T00:09:06.899+0000] {dag.py:3239} INFO - Sync 1 DAGs
[2024-12-03T00:09:06.909+0000] {logging_mixin.py:190} INFO - [2024-12-03T00:09:06.908+0000] {dag.py:4180} INFO - Setting next_dagrun for example_branch_dop_operator_v3 to 2024-12-03 00:08:00+00:00, run_after=2024-12-03 00:09:00+00:00
[2024-12-03T00:09:06.918+0000] {processor.py:208} INFO - Processing /home/airflow/.local/lib/python3.12/site-packages/airflow/example_dags/example_branch_python_dop_operator_3.py took 0.036 seconds
[2024-12-03T00:09:37.179+0000] {processor.py:186} INFO - Started process (PID=4212) to work on /home/airflow/.local/lib/python3.12/site-packages/airflow/example_dags/example_branch_python_dop_operator_3.py
[2024-12-03T00:09:37.180+0000] {processor.py:914} INFO - Processing file /home/airflow/.local/lib/python3.12/site-packages/airflow/example_dags/example_branch_python_dop_operator_3.py for tasks to queue
[2024-12-03T00:09:37.182+0000] {logging_mixin.py:190} INFO - [2024-12-03T00:09:37.181+0000] {dagbag.py:588} INFO - Filling up the DagBag from /home/airflow/.local/lib/python3.12/site-packages/airflow/example_dags/example_branch_python_dop_operator_3.py
[2024-12-03T00:09:37.188+0000] {processor.py:925} INFO - DAG(s) 'example_branch_dop_operator_v3' retrieved from /home/airflow/.local/lib/python3.12/site-packages/airflow/example_dags/example_branch_python_dop_operator_3.py
[2024-12-03T00:09:37.200+0000] {logging_mixin.py:190} INFO - [2024-12-03T00:09:37.200+0000] {dag.py:3239} INFO - Sync 1 DAGs
[2024-12-03T00:09:37.209+0000] {logging_mixin.py:190} INFO - [2024-12-03T00:09:37.209+0000] {dag.py:4180} INFO - Setting next_dagrun for example_branch_dop_operator_v3 to 2024-12-03 00:08:00+00:00, run_after=2024-12-03 00:09:00+00:00
[2024-12-03T00:09:37.215+0000] {processor.py:208} INFO - Processing /home/airflow/.local/lib/python3.12/site-packages/airflow/example_dags/example_branch_python_dop_operator_3.py took 0.038 seconds
[2024-12-03T00:10:08.426+0000] {processor.py:186} INFO - Started process (PID=4278) to work on /home/airflow/.local/lib/python3.12/site-packages/airflow/example_dags/example_branch_python_dop_operator_3.py
[2024-12-03T00:10:08.429+0000] {processor.py:914} INFO - Processing file /home/airflow/.local/lib/python3.12/site-packages/airflow/example_dags/example_branch_python_dop_operator_3.py for tasks to queue
[2024-12-03T00:10:08.430+0000] {logging_mixin.py:190} INFO - [2024-12-03T00:10:08.430+0000] {dagbag.py:588} INFO - Filling up the DagBag from /home/airflow/.local/lib/python3.12/site-packages/airflow/example_dags/example_branch_python_dop_operator_3.py
[2024-12-03T00:10:08.434+0000] {processor.py:925} INFO - DAG(s) 'example_branch_dop_operator_v3' retrieved from /home/airflow/.local/lib/python3.12/site-packages/airflow/example_dags/example_branch_python_dop_operator_3.py
[2024-12-03T00:10:08.441+0000] {logging_mixin.py:190} INFO - [2024-12-03T00:10:08.441+0000] {dag.py:3239} INFO - Sync 1 DAGs
[2024-12-03T00:10:08.453+0000] {logging_mixin.py:190} INFO - [2024-12-03T00:10:08.453+0000] {dag.py:4180} INFO - Setting next_dagrun for example_branch_dop_operator_v3 to 2024-12-03 00:09:00+00:00, run_after=2024-12-03 00:10:00+00:00
[2024-12-03T00:10:08.468+0000] {processor.py:208} INFO - Processing /home/airflow/.local/lib/python3.12/site-packages/airflow/example_dags/example_branch_python_dop_operator_3.py took 0.044 seconds
[2024-12-03T00:10:38.760+0000] {processor.py:186} INFO - Started process (PID=4344) to work on /home/airflow/.local/lib/python3.12/site-packages/airflow/example_dags/example_branch_python_dop_operator_3.py
[2024-12-03T00:10:38.760+0000] {processor.py:914} INFO - Processing file /home/airflow/.local/lib/python3.12/site-packages/airflow/example_dags/example_branch_python_dop_operator_3.py for tasks to queue
[2024-12-03T00:10:38.761+0000] {logging_mixin.py:190} INFO - [2024-12-03T00:10:38.761+0000] {dagbag.py:588} INFO - Filling up the DagBag from /home/airflow/.local/lib/python3.12/site-packages/airflow/example_dags/example_branch_python_dop_operator_3.py
[2024-12-03T00:10:38.768+0000] {processor.py:925} INFO - DAG(s) 'example_branch_dop_operator_v3' retrieved from /home/airflow/.local/lib/python3.12/site-packages/airflow/example_dags/example_branch_python_dop_operator_3.py
[2024-12-03T00:10:38.781+0000] {logging_mixin.py:190} INFO - [2024-12-03T00:10:38.781+0000] {dag.py:3239} INFO - Sync 1 DAGs
[2024-12-03T00:10:38.790+0000] {logging_mixin.py:190} INFO - [2024-12-03T00:10:38.789+0000] {dag.py:4180} INFO - Setting next_dagrun for example_branch_dop_operator_v3 to 2024-12-03 00:09:00+00:00, run_after=2024-12-03 00:10:00+00:00
[2024-12-03T00:10:38.798+0000] {processor.py:208} INFO - Processing /home/airflow/.local/lib/python3.12/site-packages/airflow/example_dags/example_branch_python_dop_operator_3.py took 0.041 seconds
[2024-12-03T00:11:09.872+0000] {processor.py:186} INFO - Started process (PID=4410) to work on /home/airflow/.local/lib/python3.12/site-packages/airflow/example_dags/example_branch_python_dop_operator_3.py
[2024-12-03T00:11:09.874+0000] {processor.py:914} INFO - Processing file /home/airflow/.local/lib/python3.12/site-packages/airflow/example_dags/example_branch_python_dop_operator_3.py for tasks to queue
[2024-12-03T00:11:09.875+0000] {logging_mixin.py:190} INFO - [2024-12-03T00:11:09.875+0000] {dagbag.py:588} INFO - Filling up the DagBag from /home/airflow/.local/lib/python3.12/site-packages/airflow/example_dags/example_branch_python_dop_operator_3.py
[2024-12-03T00:11:09.880+0000] {processor.py:925} INFO - DAG(s) 'example_branch_dop_operator_v3' retrieved from /home/airflow/.local/lib/python3.12/site-packages/airflow/example_dags/example_branch_python_dop_operator_3.py
[2024-12-03T00:11:09.887+0000] {logging_mixin.py:190} INFO - [2024-12-03T00:11:09.887+0000] {dag.py:3239} INFO - Sync 1 DAGs
[2024-12-03T00:11:09.898+0000] {logging_mixin.py:190} INFO - [2024-12-03T00:11:09.898+0000] {dag.py:4180} INFO - Setting next_dagrun for example_branch_dop_operator_v3 to 2024-12-03 00:10:00+00:00, run_after=2024-12-03 00:11:00+00:00
[2024-12-03T00:11:09.909+0000] {processor.py:208} INFO - Processing /home/airflow/.local/lib/python3.12/site-packages/airflow/example_dags/example_branch_python_dop_operator_3.py took 0.039 seconds
[2024-12-03T00:11:40.138+0000] {processor.py:186} INFO - Started process (PID=4476) to work on /home/airflow/.local/lib/python3.12/site-packages/airflow/example_dags/example_branch_python_dop_operator_3.py
[2024-12-03T00:11:40.139+0000] {processor.py:914} INFO - Processing file /home/airflow/.local/lib/python3.12/site-packages/airflow/example_dags/example_branch_python_dop_operator_3.py for tasks to queue
[2024-12-03T00:11:40.140+0000] {logging_mixin.py:190} INFO - [2024-12-03T00:11:40.140+0000] {dagbag.py:588} INFO - Filling up the DagBag from /home/airflow/.local/lib/python3.12/site-packages/airflow/example_dags/example_branch_python_dop_operator_3.py
[2024-12-03T00:11:40.145+0000] {processor.py:925} INFO - DAG(s) 'example_branch_dop_operator_v3' retrieved from /home/airflow/.local/lib/python3.12/site-packages/airflow/example_dags/example_branch_python_dop_operator_3.py
[2024-12-03T00:11:40.157+0000] {logging_mixin.py:190} INFO - [2024-12-03T00:11:40.157+0000] {dag.py:3239} INFO - Sync 1 DAGs
[2024-12-03T00:11:40.166+0000] {logging_mixin.py:190} INFO - [2024-12-03T00:11:40.166+0000] {dag.py:4180} INFO - Setting next_dagrun for example_branch_dop_operator_v3 to 2024-12-03 00:10:00+00:00, run_after=2024-12-03 00:11:00+00:00
[2024-12-03T00:11:40.175+0000] {processor.py:208} INFO - Processing /home/airflow/.local/lib/python3.12/site-packages/airflow/example_dags/example_branch_python_dop_operator_3.py took 0.040 seconds
[2024-12-03T00:12:11.310+0000] {processor.py:186} INFO - Started process (PID=4542) to work on /home/airflow/.local/lib/python3.12/site-packages/airflow/example_dags/example_branch_python_dop_operator_3.py
[2024-12-03T00:12:11.312+0000] {processor.py:914} INFO - Processing file /home/airflow/.local/lib/python3.12/site-packages/airflow/example_dags/example_branch_python_dop_operator_3.py for tasks to queue
[2024-12-03T00:12:11.314+0000] {logging_mixin.py:190} INFO - [2024-12-03T00:12:11.314+0000] {dagbag.py:588} INFO - Filling up the DagBag from /home/airflow/.local/lib/python3.12/site-packages/airflow/example_dags/example_branch_python_dop_operator_3.py
[2024-12-03T00:12:11.318+0000] {processor.py:925} INFO - DAG(s) 'example_branch_dop_operator_v3' retrieved from /home/airflow/.local/lib/python3.12/site-packages/airflow/example_dags/example_branch_python_dop_operator_3.py
[2024-12-03T00:12:11.325+0000] {logging_mixin.py:190} INFO - [2024-12-03T00:12:11.325+0000] {dag.py:3239} INFO - Sync 1 DAGs
[2024-12-03T00:12:11.334+0000] {logging_mixin.py:190} INFO - [2024-12-03T00:12:11.334+0000] {dag.py:4180} INFO - Setting next_dagrun for example_branch_dop_operator_v3 to 2024-12-03 00:11:00+00:00, run_after=2024-12-03 00:12:00+00:00
[2024-12-03T00:12:11.341+0000] {processor.py:208} INFO - Processing /home/airflow/.local/lib/python3.12/site-packages/airflow/example_dags/example_branch_python_dop_operator_3.py took 0.033 seconds
[2024-12-03T00:12:42.540+0000] {processor.py:186} INFO - Started process (PID=4608) to work on /home/airflow/.local/lib/python3.12/site-packages/airflow/example_dags/example_branch_python_dop_operator_3.py
[2024-12-03T00:12:42.541+0000] {processor.py:914} INFO - Processing file /home/airflow/.local/lib/python3.12/site-packages/airflow/example_dags/example_branch_python_dop_operator_3.py for tasks to queue
[2024-12-03T00:12:42.542+0000] {logging_mixin.py:190} INFO - [2024-12-03T00:12:42.542+0000] {dagbag.py:588} INFO - Filling up the DagBag from /home/airflow/.local/lib/python3.12/site-packages/airflow/example_dags/example_branch_python_dop_operator_3.py
[2024-12-03T00:12:42.548+0000] {processor.py:925} INFO - DAG(s) 'example_branch_dop_operator_v3' retrieved from /home/airflow/.local/lib/python3.12/site-packages/airflow/example_dags/example_branch_python_dop_operator_3.py
[2024-12-03T00:12:42.558+0000] {logging_mixin.py:190} INFO - [2024-12-03T00:12:42.558+0000] {dag.py:3239} INFO - Sync 1 DAGs
[2024-12-03T00:12:42.568+0000] {logging_mixin.py:190} INFO - [2024-12-03T00:12:42.568+0000] {dag.py:4180} INFO - Setting next_dagrun for example_branch_dop_operator_v3 to 2024-12-03 00:11:00+00:00, run_after=2024-12-03 00:12:00+00:00
[2024-12-03T00:12:42.574+0000] {processor.py:208} INFO - Processing /home/airflow/.local/lib/python3.12/site-packages/airflow/example_dags/example_branch_python_dop_operator_3.py took 0.036 seconds
[2024-12-03T00:13:12.917+0000] {processor.py:186} INFO - Started process (PID=4674) to work on /home/airflow/.local/lib/python3.12/site-packages/airflow/example_dags/example_branch_python_dop_operator_3.py
[2024-12-03T00:13:12.917+0000] {processor.py:914} INFO - Processing file /home/airflow/.local/lib/python3.12/site-packages/airflow/example_dags/example_branch_python_dop_operator_3.py for tasks to queue
[2024-12-03T00:13:12.918+0000] {logging_mixin.py:190} INFO - [2024-12-03T00:13:12.918+0000] {dagbag.py:588} INFO - Filling up the DagBag from /home/airflow/.local/lib/python3.12/site-packages/airflow/example_dags/example_branch_python_dop_operator_3.py
[2024-12-03T00:13:12.922+0000] {processor.py:925} INFO - DAG(s) 'example_branch_dop_operator_v3' retrieved from /home/airflow/.local/lib/python3.12/site-packages/airflow/example_dags/example_branch_python_dop_operator_3.py
[2024-12-03T00:13:12.929+0000] {logging_mixin.py:190} INFO - [2024-12-03T00:13:12.929+0000] {dag.py:3239} INFO - Sync 1 DAGs
[2024-12-03T00:13:12.937+0000] {logging_mixin.py:190} INFO - [2024-12-03T00:13:12.937+0000] {dag.py:4180} INFO - Setting next_dagrun for example_branch_dop_operator_v3 to 2024-12-03 00:12:00+00:00, run_after=2024-12-03 00:13:00+00:00
[2024-12-03T00:13:12.943+0000] {processor.py:208} INFO - Processing /home/airflow/.local/lib/python3.12/site-packages/airflow/example_dags/example_branch_python_dop_operator_3.py took 0.028 seconds
[2024-12-03T00:13:44.128+0000] {processor.py:186} INFO - Started process (PID=4740) to work on /home/airflow/.local/lib/python3.12/site-packages/airflow/example_dags/example_branch_python_dop_operator_3.py
[2024-12-03T00:13:44.132+0000] {processor.py:914} INFO - Processing file /home/airflow/.local/lib/python3.12/site-packages/airflow/example_dags/example_branch_python_dop_operator_3.py for tasks to queue
[2024-12-03T00:13:44.133+0000] {logging_mixin.py:190} INFO - [2024-12-03T00:13:44.133+0000] {dagbag.py:588} INFO - Filling up the DagBag from /home/airflow/.local/lib/python3.12/site-packages/airflow/example_dags/example_branch_python_dop_operator_3.py
[2024-12-03T00:13:44.138+0000] {processor.py:925} INFO - DAG(s) 'example_branch_dop_operator_v3' retrieved from /home/airflow/.local/lib/python3.12/site-packages/airflow/example_dags/example_branch_python_dop_operator_3.py
[2024-12-03T00:13:44.146+0000] {logging_mixin.py:190} INFO - [2024-12-03T00:13:44.146+0000] {dag.py:3239} INFO - Sync 1 DAGs
[2024-12-03T00:13:44.155+0000] {logging_mixin.py:190} INFO - [2024-12-03T00:13:44.155+0000] {dag.py:4180} INFO - Setting next_dagrun for example_branch_dop_operator_v3 to 2024-12-03 00:12:00+00:00, run_after=2024-12-03 00:13:00+00:00
[2024-12-03T00:13:44.163+0000] {processor.py:208} INFO - Processing /home/airflow/.local/lib/python3.12/site-packages/airflow/example_dags/example_branch_python_dop_operator_3.py took 0.037 seconds
[2024-12-03T00:14:14.513+0000] {processor.py:186} INFO - Started process (PID=4806) to work on /home/airflow/.local/lib/python3.12/site-packages/airflow/example_dags/example_branch_python_dop_operator_3.py
[2024-12-03T00:14:14.514+0000] {processor.py:914} INFO - Processing file /home/airflow/.local/lib/python3.12/site-packages/airflow/example_dags/example_branch_python_dop_operator_3.py for tasks to queue
[2024-12-03T00:14:14.515+0000] {logging_mixin.py:190} INFO - [2024-12-03T00:14:14.515+0000] {dagbag.py:588} INFO - Filling up the DagBag from /home/airflow/.local/lib/python3.12/site-packages/airflow/example_dags/example_branch_python_dop_operator_3.py
[2024-12-03T00:14:14.520+0000] {processor.py:925} INFO - DAG(s) 'example_branch_dop_operator_v3' retrieved from /home/airflow/.local/lib/python3.12/site-packages/airflow/example_dags/example_branch_python_dop_operator_3.py
[2024-12-03T00:14:14.527+0000] {logging_mixin.py:190} INFO - [2024-12-03T00:14:14.527+0000] {dag.py:3239} INFO - Sync 1 DAGs
[2024-12-03T00:14:14.538+0000] {logging_mixin.py:190} INFO - [2024-12-03T00:14:14.538+0000] {dag.py:4180} INFO - Setting next_dagrun for example_branch_dop_operator_v3 to 2024-12-03 00:13:00+00:00, run_after=2024-12-03 00:14:00+00:00
[2024-12-03T00:14:14.548+0000] {processor.py:208} INFO - Processing /home/airflow/.local/lib/python3.12/site-packages/airflow/example_dags/example_branch_python_dop_operator_3.py took 0.038 seconds
[2024-12-03T00:14:44.873+0000] {processor.py:186} INFO - Started process (PID=4872) to work on /home/airflow/.local/lib/python3.12/site-packages/airflow/example_dags/example_branch_python_dop_operator_3.py
[2024-12-03T00:14:44.874+0000] {processor.py:914} INFO - Processing file /home/airflow/.local/lib/python3.12/site-packages/airflow/example_dags/example_branch_python_dop_operator_3.py for tasks to queue
[2024-12-03T00:14:44.875+0000] {logging_mixin.py:190} INFO - [2024-12-03T00:14:44.875+0000] {dagbag.py:588} INFO - Filling up the DagBag from /home/airflow/.local/lib/python3.12/site-packages/airflow/example_dags/example_branch_python_dop_operator_3.py
[2024-12-03T00:14:44.881+0000] {processor.py:925} INFO - DAG(s) 'example_branch_dop_operator_v3' retrieved from /home/airflow/.local/lib/python3.12/site-packages/airflow/example_dags/example_branch_python_dop_operator_3.py
[2024-12-03T00:14:44.891+0000] {logging_mixin.py:190} INFO - [2024-12-03T00:14:44.891+0000] {dag.py:3239} INFO - Sync 1 DAGs
[2024-12-03T00:14:44.900+0000] {logging_mixin.py:190} INFO - [2024-12-03T00:14:44.900+0000] {dag.py:4180} INFO - Setting next_dagrun for example_branch_dop_operator_v3 to 2024-12-03 00:13:00+00:00, run_after=2024-12-03 00:14:00+00:00
[2024-12-03T00:14:44.906+0000] {processor.py:208} INFO - Processing /home/airflow/.local/lib/python3.12/site-packages/airflow/example_dags/example_branch_python_dop_operator_3.py took 0.036 seconds
[2024-12-03T00:15:15.384+0000] {processor.py:186} INFO - Started process (PID=4938) to work on /home/airflow/.local/lib/python3.12/site-packages/airflow/example_dags/example_branch_python_dop_operator_3.py
[2024-12-03T00:15:15.386+0000] {processor.py:914} INFO - Processing file /home/airflow/.local/lib/python3.12/site-packages/airflow/example_dags/example_branch_python_dop_operator_3.py for tasks to queue
[2024-12-03T00:15:15.387+0000] {logging_mixin.py:190} INFO - [2024-12-03T00:15:15.387+0000] {dagbag.py:588} INFO - Filling up the DagBag from /home/airflow/.local/lib/python3.12/site-packages/airflow/example_dags/example_branch_python_dop_operator_3.py
[2024-12-03T00:15:15.393+0000] {processor.py:925} INFO - DAG(s) 'example_branch_dop_operator_v3' retrieved from /home/airflow/.local/lib/python3.12/site-packages/airflow/example_dags/example_branch_python_dop_operator_3.py
[2024-12-03T00:15:15.401+0000] {logging_mixin.py:190} INFO - [2024-12-03T00:15:15.401+0000] {dag.py:3239} INFO - Sync 1 DAGs
[2024-12-03T00:15:15.413+0000] {logging_mixin.py:190} INFO - [2024-12-03T00:15:15.413+0000] {dag.py:4180} INFO - Setting next_dagrun for example_branch_dop_operator_v3 to 2024-12-03 00:14:00+00:00, run_after=2024-12-03 00:15:00+00:00
[2024-12-03T00:15:15.419+0000] {processor.py:208} INFO - Processing /home/airflow/.local/lib/python3.12/site-packages/airflow/example_dags/example_branch_python_dop_operator_3.py took 0.038 seconds
[2024-12-03T00:15:45.988+0000] {processor.py:186} INFO - Started process (PID=5004) to work on /home/airflow/.local/lib/python3.12/site-packages/airflow/example_dags/example_branch_python_dop_operator_3.py
[2024-12-03T00:15:45.988+0000] {processor.py:914} INFO - Processing file /home/airflow/.local/lib/python3.12/site-packages/airflow/example_dags/example_branch_python_dop_operator_3.py for tasks to queue
[2024-12-03T00:15:45.989+0000] {logging_mixin.py:190} INFO - [2024-12-03T00:15:45.989+0000] {dagbag.py:588} INFO - Filling up the DagBag from /home/airflow/.local/lib/python3.12/site-packages/airflow/example_dags/example_branch_python_dop_operator_3.py
[2024-12-03T00:15:45.993+0000] {processor.py:925} INFO - DAG(s) 'example_branch_dop_operator_v3' retrieved from /home/airflow/.local/lib/python3.12/site-packages/airflow/example_dags/example_branch_python_dop_operator_3.py
[2024-12-03T00:15:46.003+0000] {logging_mixin.py:190} INFO - [2024-12-03T00:15:46.003+0000] {dag.py:3239} INFO - Sync 1 DAGs
[2024-12-03T00:15:46.013+0000] {logging_mixin.py:190} INFO - [2024-12-03T00:15:46.013+0000] {dag.py:4180} INFO - Setting next_dagrun for example_branch_dop_operator_v3 to 2024-12-03 00:14:00+00:00, run_after=2024-12-03 00:15:00+00:00
[2024-12-03T00:15:46.024+0000] {processor.py:208} INFO - Processing /home/airflow/.local/lib/python3.12/site-packages/airflow/example_dags/example_branch_python_dop_operator_3.py took 0.038 seconds
[2024-12-03T00:16:16.341+0000] {processor.py:186} INFO - Started process (PID=5071) to work on /home/airflow/.local/lib/python3.12/site-packages/airflow/example_dags/example_branch_python_dop_operator_3.py
[2024-12-03T00:16:16.342+0000] {processor.py:914} INFO - Processing file /home/airflow/.local/lib/python3.12/site-packages/airflow/example_dags/example_branch_python_dop_operator_3.py for tasks to queue
[2024-12-03T00:16:16.343+0000] {logging_mixin.py:190} INFO - [2024-12-03T00:16:16.343+0000] {dagbag.py:588} INFO - Filling up the DagBag from /home/airflow/.local/lib/python3.12/site-packages/airflow/example_dags/example_branch_python_dop_operator_3.py
[2024-12-03T00:16:16.348+0000] {processor.py:925} INFO - DAG(s) 'example_branch_dop_operator_v3' retrieved from /home/airflow/.local/lib/python3.12/site-packages/airflow/example_dags/example_branch_python_dop_operator_3.py
[2024-12-03T00:16:16.355+0000] {logging_mixin.py:190} INFO - [2024-12-03T00:16:16.355+0000] {dag.py:3239} INFO - Sync 1 DAGs
[2024-12-03T00:16:16.365+0000] {logging_mixin.py:190} INFO - [2024-12-03T00:16:16.365+0000] {dag.py:4180} INFO - Setting next_dagrun for example_branch_dop_operator_v3 to 2024-12-03 00:15:00+00:00, run_after=2024-12-03 00:16:00+00:00
[2024-12-03T00:16:16.373+0000] {processor.py:208} INFO - Processing /home/airflow/.local/lib/python3.12/site-packages/airflow/example_dags/example_branch_python_dop_operator_3.py took 0.035 seconds
[2024-12-03T00:16:46.859+0000] {processor.py:186} INFO - Started process (PID=5138) to work on /home/airflow/.local/lib/python3.12/site-packages/airflow/example_dags/example_branch_python_dop_operator_3.py
[2024-12-03T00:16:46.863+0000] {processor.py:914} INFO - Processing file /home/airflow/.local/lib/python3.12/site-packages/airflow/example_dags/example_branch_python_dop_operator_3.py for tasks to queue
[2024-12-03T00:16:46.864+0000] {logging_mixin.py:190} INFO - [2024-12-03T00:16:46.864+0000] {dagbag.py:588} INFO - Filling up the DagBag from /home/airflow/.local/lib/python3.12/site-packages/airflow/example_dags/example_branch_python_dop_operator_3.py
[2024-12-03T00:16:46.869+0000] {processor.py:925} INFO - DAG(s) 'example_branch_dop_operator_v3' retrieved from /home/airflow/.local/lib/python3.12/site-packages/airflow/example_dags/example_branch_python_dop_operator_3.py
[2024-12-03T00:16:46.882+0000] {logging_mixin.py:190} INFO - [2024-12-03T00:16:46.882+0000] {dag.py:3239} INFO - Sync 1 DAGs
[2024-12-03T00:16:46.892+0000] {logging_mixin.py:190} INFO - [2024-12-03T00:16:46.891+0000] {dag.py:4180} INFO - Setting next_dagrun for example_branch_dop_operator_v3 to 2024-12-03 00:15:00+00:00, run_after=2024-12-03 00:16:00+00:00
[2024-12-03T00:16:46.898+0000] {processor.py:208} INFO - Processing /home/airflow/.local/lib/python3.12/site-packages/airflow/example_dags/example_branch_python_dop_operator_3.py took 0.041 seconds
[2024-12-03T00:17:17.264+0000] {processor.py:186} INFO - Started process (PID=5204) to work on /home/airflow/.local/lib/python3.12/site-packages/airflow/example_dags/example_branch_python_dop_operator_3.py
[2024-12-03T00:17:17.264+0000] {processor.py:914} INFO - Processing file /home/airflow/.local/lib/python3.12/site-packages/airflow/example_dags/example_branch_python_dop_operator_3.py for tasks to queue
[2024-12-03T00:17:17.265+0000] {logging_mixin.py:190} INFO - [2024-12-03T00:17:17.265+0000] {dagbag.py:588} INFO - Filling up the DagBag from /home/airflow/.local/lib/python3.12/site-packages/airflow/example_dags/example_branch_python_dop_operator_3.py
[2024-12-03T00:17:17.270+0000] {processor.py:925} INFO - DAG(s) 'example_branch_dop_operator_v3' retrieved from /home/airflow/.local/lib/python3.12/site-packages/airflow/example_dags/example_branch_python_dop_operator_3.py
[2024-12-03T00:17:17.276+0000] {logging_mixin.py:190} INFO - [2024-12-03T00:17:17.276+0000] {dag.py:3239} INFO - Sync 1 DAGs
[2024-12-03T00:17:17.285+0000] {logging_mixin.py:190} INFO - [2024-12-03T00:17:17.284+0000] {dag.py:4180} INFO - Setting next_dagrun for example_branch_dop_operator_v3 to 2024-12-03 00:16:00+00:00, run_after=2024-12-03 00:17:00+00:00
[2024-12-03T00:17:17.290+0000] {processor.py:208} INFO - Processing /home/airflow/.local/lib/python3.12/site-packages/airflow/example_dags/example_branch_python_dop_operator_3.py took 0.028 seconds
[2024-12-03T00:17:47.549+0000] {processor.py:186} INFO - Started process (PID=5270) to work on /home/airflow/.local/lib/python3.12/site-packages/airflow/example_dags/example_branch_python_dop_operator_3.py
[2024-12-03T00:17:47.550+0000] {processor.py:914} INFO - Processing file /home/airflow/.local/lib/python3.12/site-packages/airflow/example_dags/example_branch_python_dop_operator_3.py for tasks to queue
[2024-12-03T00:17:47.551+0000] {logging_mixin.py:190} INFO - [2024-12-03T00:17:47.551+0000] {dagbag.py:588} INFO - Filling up the DagBag from /home/airflow/.local/lib/python3.12/site-packages/airflow/example_dags/example_branch_python_dop_operator_3.py
[2024-12-03T00:17:47.555+0000] {processor.py:925} INFO - DAG(s) 'example_branch_dop_operator_v3' retrieved from /home/airflow/.local/lib/python3.12/site-packages/airflow/example_dags/example_branch_python_dop_operator_3.py
[2024-12-03T00:17:47.563+0000] {logging_mixin.py:190} INFO - [2024-12-03T00:17:47.562+0000] {dag.py:3239} INFO - Sync 1 DAGs
[2024-12-03T00:17:47.571+0000] {logging_mixin.py:190} INFO - [2024-12-03T00:17:47.571+0000] {dag.py:4180} INFO - Setting next_dagrun for example_branch_dop_operator_v3 to 2024-12-03 00:16:00+00:00, run_after=2024-12-03 00:17:00+00:00
[2024-12-03T00:17:47.577+0000] {processor.py:208} INFO - Processing /home/airflow/.local/lib/python3.12/site-packages/airflow/example_dags/example_branch_python_dop_operator_3.py took 0.030 seconds
[2024-12-03T00:18:17.636+0000] {processor.py:186} INFO - Started process (PID=5335) to work on /home/airflow/.local/lib/python3.12/site-packages/airflow/example_dags/example_branch_python_dop_operator_3.py
[2024-12-03T00:18:17.636+0000] {processor.py:914} INFO - Processing file /home/airflow/.local/lib/python3.12/site-packages/airflow/example_dags/example_branch_python_dop_operator_3.py for tasks to queue
[2024-12-03T00:18:17.637+0000] {logging_mixin.py:190} INFO - [2024-12-03T00:18:17.637+0000] {dagbag.py:588} INFO - Filling up the DagBag from /home/airflow/.local/lib/python3.12/site-packages/airflow/example_dags/example_branch_python_dop_operator_3.py
[2024-12-03T00:18:17.641+0000] {processor.py:925} INFO - DAG(s) 'example_branch_dop_operator_v3' retrieved from /home/airflow/.local/lib/python3.12/site-packages/airflow/example_dags/example_branch_python_dop_operator_3.py
[2024-12-03T00:18:17.650+0000] {logging_mixin.py:190} INFO - [2024-12-03T00:18:17.649+0000] {dag.py:3239} INFO - Sync 1 DAGs
[2024-12-03T00:18:17.658+0000] {logging_mixin.py:190} INFO - [2024-12-03T00:18:17.658+0000] {dag.py:4180} INFO - Setting next_dagrun for example_branch_dop_operator_v3 to 2024-12-03 00:17:00+00:00, run_after=2024-12-03 00:18:00+00:00
[2024-12-03T00:18:17.665+0000] {processor.py:208} INFO - Processing /home/airflow/.local/lib/python3.12/site-packages/airflow/example_dags/example_branch_python_dop_operator_3.py took 0.032 seconds
[2024-12-03T00:18:47.793+0000] {processor.py:186} INFO - Started process (PID=5400) to work on /home/airflow/.local/lib/python3.12/site-packages/airflow/example_dags/example_branch_python_dop_operator_3.py
[2024-12-03T00:18:47.796+0000] {processor.py:914} INFO - Processing file /home/airflow/.local/lib/python3.12/site-packages/airflow/example_dags/example_branch_python_dop_operator_3.py for tasks to queue
[2024-12-03T00:18:47.799+0000] {logging_mixin.py:190} INFO - [2024-12-03T00:18:47.799+0000] {dagbag.py:588} INFO - Filling up the DagBag from /home/airflow/.local/lib/python3.12/site-packages/airflow/example_dags/example_branch_python_dop_operator_3.py
[2024-12-03T00:18:47.804+0000] {processor.py:925} INFO - DAG(s) 'example_branch_dop_operator_v3' retrieved from /home/airflow/.local/lib/python3.12/site-packages/airflow/example_dags/example_branch_python_dop_operator_3.py
[2024-12-03T00:18:47.813+0000] {logging_mixin.py:190} INFO - [2024-12-03T00:18:47.813+0000] {dag.py:3239} INFO - Sync 1 DAGs
[2024-12-03T00:18:47.825+0000] {logging_mixin.py:190} INFO - [2024-12-03T00:18:47.825+0000] {dag.py:4180} INFO - Setting next_dagrun for example_branch_dop_operator_v3 to 2024-12-03 00:17:00+00:00, run_after=2024-12-03 00:18:00+00:00
[2024-12-03T00:18:47.834+0000] {processor.py:208} INFO - Processing /home/airflow/.local/lib/python3.12/site-packages/airflow/example_dags/example_branch_python_dop_operator_3.py took 0.046 seconds
[2024-12-03T00:19:18.081+0000] {processor.py:186} INFO - Started process (PID=5466) to work on /home/airflow/.local/lib/python3.12/site-packages/airflow/example_dags/example_branch_python_dop_operator_3.py
[2024-12-03T00:19:18.082+0000] {processor.py:914} INFO - Processing file /home/airflow/.local/lib/python3.12/site-packages/airflow/example_dags/example_branch_python_dop_operator_3.py for tasks to queue
[2024-12-03T00:19:18.084+0000] {logging_mixin.py:190} INFO - [2024-12-03T00:19:18.084+0000] {dagbag.py:588} INFO - Filling up the DagBag from /home/airflow/.local/lib/python3.12/site-packages/airflow/example_dags/example_branch_python_dop_operator_3.py
[2024-12-03T00:19:18.090+0000] {processor.py:925} INFO - DAG(s) 'example_branch_dop_operator_v3' retrieved from /home/airflow/.local/lib/python3.12/site-packages/airflow/example_dags/example_branch_python_dop_operator_3.py
[2024-12-03T00:19:18.104+0000] {logging_mixin.py:190} INFO - [2024-12-03T00:19:18.104+0000] {dag.py:3239} INFO - Sync 1 DAGs
[2024-12-03T00:19:18.116+0000] {logging_mixin.py:190} INFO - [2024-12-03T00:19:18.116+0000] {dag.py:4180} INFO - Setting next_dagrun for example_branch_dop_operator_v3 to 2024-12-03 00:18:00+00:00, run_after=2024-12-03 00:19:00+00:00
[2024-12-03T00:19:18.124+0000] {processor.py:208} INFO - Processing /home/airflow/.local/lib/python3.12/site-packages/airflow/example_dags/example_branch_python_dop_operator_3.py took 0.048 seconds
[2024-12-03T00:19:48.284+0000] {processor.py:186} INFO - Started process (PID=5532) to work on /home/airflow/.local/lib/python3.12/site-packages/airflow/example_dags/example_branch_python_dop_operator_3.py
[2024-12-03T00:19:48.285+0000] {processor.py:914} INFO - Processing file /home/airflow/.local/lib/python3.12/site-packages/airflow/example_dags/example_branch_python_dop_operator_3.py for tasks to queue
[2024-12-03T00:19:48.287+0000] {logging_mixin.py:190} INFO - [2024-12-03T00:19:48.287+0000] {dagbag.py:588} INFO - Filling up the DagBag from /home/airflow/.local/lib/python3.12/site-packages/airflow/example_dags/example_branch_python_dop_operator_3.py
[2024-12-03T00:19:48.297+0000] {processor.py:925} INFO - DAG(s) 'example_branch_dop_operator_v3' retrieved from /home/airflow/.local/lib/python3.12/site-packages/airflow/example_dags/example_branch_python_dop_operator_3.py
[2024-12-03T00:19:48.309+0000] {logging_mixin.py:190} INFO - [2024-12-03T00:19:48.309+0000] {dag.py:3239} INFO - Sync 1 DAGs
[2024-12-03T00:19:48.321+0000] {logging_mixin.py:190} INFO - [2024-12-03T00:19:48.321+0000] {dag.py:4180} INFO - Setting next_dagrun for example_branch_dop_operator_v3 to 2024-12-03 00:18:00+00:00, run_after=2024-12-03 00:19:00+00:00
[2024-12-03T00:19:48.330+0000] {processor.py:208} INFO - Processing /home/airflow/.local/lib/python3.12/site-packages/airflow/example_dags/example_branch_python_dop_operator_3.py took 0.050 seconds
[2024-12-03T00:20:18.541+0000] {processor.py:186} INFO - Started process (PID=5598) to work on /home/airflow/.local/lib/python3.12/site-packages/airflow/example_dags/example_branch_python_dop_operator_3.py
[2024-12-03T00:20:18.542+0000] {processor.py:914} INFO - Processing file /home/airflow/.local/lib/python3.12/site-packages/airflow/example_dags/example_branch_python_dop_operator_3.py for tasks to queue
[2024-12-03T00:20:18.543+0000] {logging_mixin.py:190} INFO - [2024-12-03T00:20:18.543+0000] {dagbag.py:588} INFO - Filling up the DagBag from /home/airflow/.local/lib/python3.12/site-packages/airflow/example_dags/example_branch_python_dop_operator_3.py
[2024-12-03T00:20:18.547+0000] {processor.py:925} INFO - DAG(s) 'example_branch_dop_operator_v3' retrieved from /home/airflow/.local/lib/python3.12/site-packages/airflow/example_dags/example_branch_python_dop_operator_3.py
[2024-12-03T00:20:18.558+0000] {logging_mixin.py:190} INFO - [2024-12-03T00:20:18.558+0000] {dag.py:3239} INFO - Sync 1 DAGs
[2024-12-03T00:20:18.567+0000] {logging_mixin.py:190} INFO - [2024-12-03T00:20:18.567+0000] {dag.py:4180} INFO - Setting next_dagrun for example_branch_dop_operator_v3 to 2024-12-03 00:19:00+00:00, run_after=2024-12-03 00:20:00+00:00
[2024-12-03T00:20:18.574+0000] {processor.py:208} INFO - Processing /home/airflow/.local/lib/python3.12/site-packages/airflow/example_dags/example_branch_python_dop_operator_3.py took 0.035 seconds
[2024-12-03T00:20:48.859+0000] {processor.py:186} INFO - Started process (PID=5664) to work on /home/airflow/.local/lib/python3.12/site-packages/airflow/example_dags/example_branch_python_dop_operator_3.py
[2024-12-03T00:20:48.860+0000] {processor.py:914} INFO - Processing file /home/airflow/.local/lib/python3.12/site-packages/airflow/example_dags/example_branch_python_dop_operator_3.py for tasks to queue
[2024-12-03T00:20:48.862+0000] {logging_mixin.py:190} INFO - [2024-12-03T00:20:48.862+0000] {dagbag.py:588} INFO - Filling up the DagBag from /home/airflow/.local/lib/python3.12/site-packages/airflow/example_dags/example_branch_python_dop_operator_3.py
[2024-12-03T00:20:48.867+0000] {processor.py:925} INFO - DAG(s) 'example_branch_dop_operator_v3' retrieved from /home/airflow/.local/lib/python3.12/site-packages/airflow/example_dags/example_branch_python_dop_operator_3.py
[2024-12-03T00:20:48.875+0000] {logging_mixin.py:190} INFO - [2024-12-03T00:20:48.875+0000] {dag.py:3239} INFO - Sync 1 DAGs
[2024-12-03T00:20:48.884+0000] {logging_mixin.py:190} INFO - [2024-12-03T00:20:48.884+0000] {dag.py:4180} INFO - Setting next_dagrun for example_branch_dop_operator_v3 to 2024-12-03 00:19:00+00:00, run_after=2024-12-03 00:20:00+00:00
[2024-12-03T00:20:48.890+0000] {processor.py:208} INFO - Processing /home/airflow/.local/lib/python3.12/site-packages/airflow/example_dags/example_branch_python_dop_operator_3.py took 0.033 seconds
[2024-12-03T00:21:19.214+0000] {processor.py:186} INFO - Started process (PID=5730) to work on /home/airflow/.local/lib/python3.12/site-packages/airflow/example_dags/example_branch_python_dop_operator_3.py
[2024-12-03T00:21:19.215+0000] {processor.py:914} INFO - Processing file /home/airflow/.local/lib/python3.12/site-packages/airflow/example_dags/example_branch_python_dop_operator_3.py for tasks to queue
[2024-12-03T00:21:19.216+0000] {logging_mixin.py:190} INFO - [2024-12-03T00:21:19.216+0000] {dagbag.py:588} INFO - Filling up the DagBag from /home/airflow/.local/lib/python3.12/site-packages/airflow/example_dags/example_branch_python_dop_operator_3.py
[2024-12-03T00:21:19.220+0000] {processor.py:925} INFO - DAG(s) 'example_branch_dop_operator_v3' retrieved from /home/airflow/.local/lib/python3.12/site-packages/airflow/example_dags/example_branch_python_dop_operator_3.py
[2024-12-03T00:21:19.229+0000] {logging_mixin.py:190} INFO - [2024-12-03T00:21:19.229+0000] {dag.py:3239} INFO - Sync 1 DAGs
[2024-12-03T00:21:19.238+0000] {logging_mixin.py:190} INFO - [2024-12-03T00:21:19.238+0000] {dag.py:4180} INFO - Setting next_dagrun for example_branch_dop_operator_v3 to 2024-12-03 00:20:00+00:00, run_after=2024-12-03 00:21:00+00:00
[2024-12-03T00:21:19.244+0000] {processor.py:208} INFO - Processing /home/airflow/.local/lib/python3.12/site-packages/airflow/example_dags/example_branch_python_dop_operator_3.py took 0.033 seconds
[2024-12-03T00:21:49.556+0000] {processor.py:186} INFO - Started process (PID=5796) to work on /home/airflow/.local/lib/python3.12/site-packages/airflow/example_dags/example_branch_python_dop_operator_3.py
[2024-12-03T00:21:49.558+0000] {processor.py:914} INFO - Processing file /home/airflow/.local/lib/python3.12/site-packages/airflow/example_dags/example_branch_python_dop_operator_3.py for tasks to queue
[2024-12-03T00:21:49.560+0000] {logging_mixin.py:190} INFO - [2024-12-03T00:21:49.560+0000] {dagbag.py:588} INFO - Filling up the DagBag from /home/airflow/.local/lib/python3.12/site-packages/airflow/example_dags/example_branch_python_dop_operator_3.py
[2024-12-03T00:21:49.564+0000] {processor.py:925} INFO - DAG(s) 'example_branch_dop_operator_v3' retrieved from /home/airflow/.local/lib/python3.12/site-packages/airflow/example_dags/example_branch_python_dop_operator_3.py
[2024-12-03T00:21:49.573+0000] {logging_mixin.py:190} INFO - [2024-12-03T00:21:49.573+0000] {dag.py:3239} INFO - Sync 1 DAGs
[2024-12-03T00:21:49.584+0000] {logging_mixin.py:190} INFO - [2024-12-03T00:21:49.584+0000] {dag.py:4180} INFO - Setting next_dagrun for example_branch_dop_operator_v3 to 2024-12-03 00:20:00+00:00, run_after=2024-12-03 00:21:00+00:00
[2024-12-03T00:21:49.591+0000] {processor.py:208} INFO - Processing /home/airflow/.local/lib/python3.12/site-packages/airflow/example_dags/example_branch_python_dop_operator_3.py took 0.038 seconds
[2024-12-03T00:22:20.014+0000] {processor.py:186} INFO - Started process (PID=5863) to work on /home/airflow/.local/lib/python3.12/site-packages/airflow/example_dags/example_branch_python_dop_operator_3.py
[2024-12-03T00:22:20.015+0000] {processor.py:914} INFO - Processing file /home/airflow/.local/lib/python3.12/site-packages/airflow/example_dags/example_branch_python_dop_operator_3.py for tasks to queue
[2024-12-03T00:22:20.016+0000] {logging_mixin.py:190} INFO - [2024-12-03T00:22:20.015+0000] {dagbag.py:588} INFO - Filling up the DagBag from /home/airflow/.local/lib/python3.12/site-packages/airflow/example_dags/example_branch_python_dop_operator_3.py
[2024-12-03T00:22:20.020+0000] {processor.py:925} INFO - DAG(s) 'example_branch_dop_operator_v3' retrieved from /home/airflow/.local/lib/python3.12/site-packages/airflow/example_dags/example_branch_python_dop_operator_3.py
[2024-12-03T00:22:20.029+0000] {logging_mixin.py:190} INFO - [2024-12-03T00:22:20.029+0000] {dag.py:3239} INFO - Sync 1 DAGs
[2024-12-03T00:22:20.039+0000] {logging_mixin.py:190} INFO - [2024-12-03T00:22:20.039+0000] {dag.py:4180} INFO - Setting next_dagrun for example_branch_dop_operator_v3 to 2024-12-03 00:21:00+00:00, run_after=2024-12-03 00:22:00+00:00
[2024-12-03T00:22:20.047+0000] {processor.py:208} INFO - Processing /home/airflow/.local/lib/python3.12/site-packages/airflow/example_dags/example_branch_python_dop_operator_3.py took 0.035 seconds
[2024-12-03T00:22:50.532+0000] {processor.py:186} INFO - Started process (PID=5929) to work on /home/airflow/.local/lib/python3.12/site-packages/airflow/example_dags/example_branch_python_dop_operator_3.py
[2024-12-03T00:22:50.533+0000] {processor.py:914} INFO - Processing file /home/airflow/.local/lib/python3.12/site-packages/airflow/example_dags/example_branch_python_dop_operator_3.py for tasks to queue
[2024-12-03T00:22:50.534+0000] {logging_mixin.py:190} INFO - [2024-12-03T00:22:50.534+0000] {dagbag.py:588} INFO - Filling up the DagBag from /home/airflow/.local/lib/python3.12/site-packages/airflow/example_dags/example_branch_python_dop_operator_3.py
[2024-12-03T00:22:50.539+0000] {processor.py:925} INFO - DAG(s) 'example_branch_dop_operator_v3' retrieved from /home/airflow/.local/lib/python3.12/site-packages/airflow/example_dags/example_branch_python_dop_operator_3.py
[2024-12-03T00:22:50.547+0000] {logging_mixin.py:190} INFO - [2024-12-03T00:22:50.547+0000] {dag.py:3239} INFO - Sync 1 DAGs
[2024-12-03T00:22:50.557+0000] {logging_mixin.py:190} INFO - [2024-12-03T00:22:50.557+0000] {dag.py:4180} INFO - Setting next_dagrun for example_branch_dop_operator_v3 to 2024-12-03 00:21:00+00:00, run_after=2024-12-03 00:22:00+00:00
[2024-12-03T00:22:50.563+0000] {processor.py:208} INFO - Processing /home/airflow/.local/lib/python3.12/site-packages/airflow/example_dags/example_branch_python_dop_operator_3.py took 0.034 seconds
[2024-12-03T00:23:20.905+0000] {processor.py:186} INFO - Started process (PID=5995) to work on /home/airflow/.local/lib/python3.12/site-packages/airflow/example_dags/example_branch_python_dop_operator_3.py
[2024-12-03T00:23:20.906+0000] {processor.py:914} INFO - Processing file /home/airflow/.local/lib/python3.12/site-packages/airflow/example_dags/example_branch_python_dop_operator_3.py for tasks to queue
[2024-12-03T00:23:20.906+0000] {logging_mixin.py:190} INFO - [2024-12-03T00:23:20.906+0000] {dagbag.py:588} INFO - Filling up the DagBag from /home/airflow/.local/lib/python3.12/site-packages/airflow/example_dags/example_branch_python_dop_operator_3.py
[2024-12-03T00:23:20.911+0000] {processor.py:925} INFO - DAG(s) 'example_branch_dop_operator_v3' retrieved from /home/airflow/.local/lib/python3.12/site-packages/airflow/example_dags/example_branch_python_dop_operator_3.py
[2024-12-03T00:23:20.919+0000] {logging_mixin.py:190} INFO - [2024-12-03T00:23:20.919+0000] {dag.py:3239} INFO - Sync 1 DAGs
[2024-12-03T00:23:20.929+0000] {logging_mixin.py:190} INFO - [2024-12-03T00:23:20.929+0000] {dag.py:4180} INFO - Setting next_dagrun for example_branch_dop_operator_v3 to 2024-12-03 00:22:00+00:00, run_after=2024-12-03 00:23:00+00:00
[2024-12-03T00:23:20.936+0000] {processor.py:208} INFO - Processing /home/airflow/.local/lib/python3.12/site-packages/airflow/example_dags/example_branch_python_dop_operator_3.py took 0.034 seconds
[2024-12-03T00:23:51.053+0000] {processor.py:186} INFO - Started process (PID=6060) to work on /home/airflow/.local/lib/python3.12/site-packages/airflow/example_dags/example_branch_python_dop_operator_3.py
[2024-12-03T00:23:51.057+0000] {processor.py:914} INFO - Processing file /home/airflow/.local/lib/python3.12/site-packages/airflow/example_dags/example_branch_python_dop_operator_3.py for tasks to queue
[2024-12-03T00:23:51.060+0000] {logging_mixin.py:190} INFO - [2024-12-03T00:23:51.060+0000] {dagbag.py:588} INFO - Filling up the DagBag from /home/airflow/.local/lib/python3.12/site-packages/airflow/example_dags/example_branch_python_dop_operator_3.py
[2024-12-03T00:23:51.065+0000] {processor.py:925} INFO - DAG(s) 'example_branch_dop_operator_v3' retrieved from /home/airflow/.local/lib/python3.12/site-packages/airflow/example_dags/example_branch_python_dop_operator_3.py
[2024-12-03T00:23:51.078+0000] {logging_mixin.py:190} INFO - [2024-12-03T00:23:51.078+0000] {dag.py:3239} INFO - Sync 1 DAGs
[2024-12-03T00:23:51.089+0000] {logging_mixin.py:190} INFO - [2024-12-03T00:23:51.089+0000] {dag.py:4180} INFO - Setting next_dagrun for example_branch_dop_operator_v3 to 2024-12-03 00:22:00+00:00, run_after=2024-12-03 00:23:00+00:00
[2024-12-03T00:23:51.100+0000] {processor.py:208} INFO - Processing /home/airflow/.local/lib/python3.12/site-packages/airflow/example_dags/example_branch_python_dop_operator_3.py took 0.051 seconds
[2024-12-03T00:24:21.421+0000] {processor.py:186} INFO - Started process (PID=6126) to work on /home/airflow/.local/lib/python3.12/site-packages/airflow/example_dags/example_branch_python_dop_operator_3.py
[2024-12-03T00:24:21.427+0000] {processor.py:914} INFO - Processing file /home/airflow/.local/lib/python3.12/site-packages/airflow/example_dags/example_branch_python_dop_operator_3.py for tasks to queue
[2024-12-03T00:24:21.428+0000] {logging_mixin.py:190} INFO - [2024-12-03T00:24:21.428+0000] {dagbag.py:588} INFO - Filling up the DagBag from /home/airflow/.local/lib/python3.12/site-packages/airflow/example_dags/example_branch_python_dop_operator_3.py
[2024-12-03T00:24:21.434+0000] {processor.py:925} INFO - DAG(s) 'example_branch_dop_operator_v3' retrieved from /home/airflow/.local/lib/python3.12/site-packages/airflow/example_dags/example_branch_python_dop_operator_3.py
[2024-12-03T00:24:21.445+0000] {logging_mixin.py:190} INFO - [2024-12-03T00:24:21.445+0000] {dag.py:3239} INFO - Sync 1 DAGs
[2024-12-03T00:24:21.459+0000] {logging_mixin.py:190} INFO - [2024-12-03T00:24:21.459+0000] {dag.py:4180} INFO - Setting next_dagrun for example_branch_dop_operator_v3 to 2024-12-03 00:23:00+00:00, run_after=2024-12-03 00:24:00+00:00
[2024-12-03T00:24:21.469+0000] {processor.py:208} INFO - Processing /home/airflow/.local/lib/python3.12/site-packages/airflow/example_dags/example_branch_python_dop_operator_3.py took 0.055 seconds
[2024-12-03T00:24:51.760+0000] {processor.py:186} INFO - Started process (PID=6192) to work on /home/airflow/.local/lib/python3.12/site-packages/airflow/example_dags/example_branch_python_dop_operator_3.py
[2024-12-03T00:24:51.762+0000] {processor.py:914} INFO - Processing file /home/airflow/.local/lib/python3.12/site-packages/airflow/example_dags/example_branch_python_dop_operator_3.py for tasks to queue
[2024-12-03T00:24:51.766+0000] {logging_mixin.py:190} INFO - [2024-12-03T00:24:51.766+0000] {dagbag.py:588} INFO - Filling up the DagBag from /home/airflow/.local/lib/python3.12/site-packages/airflow/example_dags/example_branch_python_dop_operator_3.py
[2024-12-03T00:24:51.774+0000] {processor.py:925} INFO - DAG(s) 'example_branch_dop_operator_v3' retrieved from /home/airflow/.local/lib/python3.12/site-packages/airflow/example_dags/example_branch_python_dop_operator_3.py
[2024-12-03T00:24:51.784+0000] {logging_mixin.py:190} INFO - [2024-12-03T00:24:51.784+0000] {dag.py:3239} INFO - Sync 1 DAGs
[2024-12-03T00:24:51.798+0000] {logging_mixin.py:190} INFO - [2024-12-03T00:24:51.798+0000] {dag.py:4180} INFO - Setting next_dagrun for example_branch_dop_operator_v3 to 2024-12-03 00:23:00+00:00, run_after=2024-12-03 00:24:00+00:00
[2024-12-03T00:24:51.807+0000] {processor.py:208} INFO - Processing /home/airflow/.local/lib/python3.12/site-packages/airflow/example_dags/example_branch_python_dop_operator_3.py took 0.051 seconds
[2024-12-03T00:25:22.075+0000] {processor.py:186} INFO - Started process (PID=6258) to work on /home/airflow/.local/lib/python3.12/site-packages/airflow/example_dags/example_branch_python_dop_operator_3.py
[2024-12-03T00:25:22.076+0000] {processor.py:914} INFO - Processing file /home/airflow/.local/lib/python3.12/site-packages/airflow/example_dags/example_branch_python_dop_operator_3.py for tasks to queue
[2024-12-03T00:25:22.080+0000] {logging_mixin.py:190} INFO - [2024-12-03T00:25:22.080+0000] {dagbag.py:588} INFO - Filling up the DagBag from /home/airflow/.local/lib/python3.12/site-packages/airflow/example_dags/example_branch_python_dop_operator_3.py
[2024-12-03T00:25:22.087+0000] {processor.py:925} INFO - DAG(s) 'example_branch_dop_operator_v3' retrieved from /home/airflow/.local/lib/python3.12/site-packages/airflow/example_dags/example_branch_python_dop_operator_3.py
[2024-12-03T00:25:22.102+0000] {logging_mixin.py:190} INFO - [2024-12-03T00:25:22.102+0000] {dag.py:3239} INFO - Sync 1 DAGs
[2024-12-03T00:25:22.116+0000] {logging_mixin.py:190} INFO - [2024-12-03T00:25:22.115+0000] {dag.py:4180} INFO - Setting next_dagrun for example_branch_dop_operator_v3 to 2024-12-03 00:24:00+00:00, run_after=2024-12-03 00:25:00+00:00
[2024-12-03T00:25:22.126+0000] {processor.py:208} INFO - Processing /home/airflow/.local/lib/python3.12/site-packages/airflow/example_dags/example_branch_python_dop_operator_3.py took 0.056 seconds
[2024-12-03T00:25:52.371+0000] {processor.py:186} INFO - Started process (PID=6324) to work on /home/airflow/.local/lib/python3.12/site-packages/airflow/example_dags/example_branch_python_dop_operator_3.py
[2024-12-03T00:25:52.373+0000] {processor.py:914} INFO - Processing file /home/airflow/.local/lib/python3.12/site-packages/airflow/example_dags/example_branch_python_dop_operator_3.py for tasks to queue
[2024-12-03T00:25:52.374+0000] {logging_mixin.py:190} INFO - [2024-12-03T00:25:52.374+0000] {dagbag.py:588} INFO - Filling up the DagBag from /home/airflow/.local/lib/python3.12/site-packages/airflow/example_dags/example_branch_python_dop_operator_3.py
[2024-12-03T00:25:52.384+0000] {processor.py:925} INFO - DAG(s) 'example_branch_dop_operator_v3' retrieved from /home/airflow/.local/lib/python3.12/site-packages/airflow/example_dags/example_branch_python_dop_operator_3.py
[2024-12-03T00:25:52.395+0000] {logging_mixin.py:190} INFO - [2024-12-03T00:25:52.395+0000] {dag.py:3239} INFO - Sync 1 DAGs
[2024-12-03T00:25:52.410+0000] {logging_mixin.py:190} INFO - [2024-12-03T00:25:52.410+0000] {dag.py:4180} INFO - Setting next_dagrun for example_branch_dop_operator_v3 to 2024-12-03 00:24:00+00:00, run_after=2024-12-03 00:25:00+00:00
[2024-12-03T00:25:52.419+0000] {processor.py:208} INFO - Processing /home/airflow/.local/lib/python3.12/site-packages/airflow/example_dags/example_branch_python_dop_operator_3.py took 0.051 seconds
[2024-12-03T00:26:22.714+0000] {processor.py:186} INFO - Started process (PID=6390) to work on /home/airflow/.local/lib/python3.12/site-packages/airflow/example_dags/example_branch_python_dop_operator_3.py
[2024-12-03T00:26:22.715+0000] {processor.py:914} INFO - Processing file /home/airflow/.local/lib/python3.12/site-packages/airflow/example_dags/example_branch_python_dop_operator_3.py for tasks to queue
[2024-12-03T00:26:22.719+0000] {logging_mixin.py:190} INFO - [2024-12-03T00:26:22.719+0000] {dagbag.py:588} INFO - Filling up the DagBag from /home/airflow/.local/lib/python3.12/site-packages/airflow/example_dags/example_branch_python_dop_operator_3.py
[2024-12-03T00:26:22.726+0000] {processor.py:925} INFO - DAG(s) 'example_branch_dop_operator_v3' retrieved from /home/airflow/.local/lib/python3.12/site-packages/airflow/example_dags/example_branch_python_dop_operator_3.py
[2024-12-03T00:26:22.736+0000] {logging_mixin.py:190} INFO - [2024-12-03T00:26:22.736+0000] {dag.py:3239} INFO - Sync 1 DAGs
[2024-12-03T00:26:22.747+0000] {logging_mixin.py:190} INFO - [2024-12-03T00:26:22.747+0000] {dag.py:4180} INFO - Setting next_dagrun for example_branch_dop_operator_v3 to 2024-12-03 00:25:00+00:00, run_after=2024-12-03 00:26:00+00:00
[2024-12-03T00:26:22.757+0000] {processor.py:208} INFO - Processing /home/airflow/.local/lib/python3.12/site-packages/airflow/example_dags/example_branch_python_dop_operator_3.py took 0.047 seconds
[2024-12-03T00:26:53.035+0000] {processor.py:186} INFO - Started process (PID=6456) to work on /home/airflow/.local/lib/python3.12/site-packages/airflow/example_dags/example_branch_python_dop_operator_3.py
[2024-12-03T00:26:53.038+0000] {processor.py:914} INFO - Processing file /home/airflow/.local/lib/python3.12/site-packages/airflow/example_dags/example_branch_python_dop_operator_3.py for tasks to queue
[2024-12-03T00:26:53.039+0000] {logging_mixin.py:190} INFO - [2024-12-03T00:26:53.039+0000] {dagbag.py:588} INFO - Filling up the DagBag from /home/airflow/.local/lib/python3.12/site-packages/airflow/example_dags/example_branch_python_dop_operator_3.py
[2024-12-03T00:26:53.048+0000] {processor.py:925} INFO - DAG(s) 'example_branch_dop_operator_v3' retrieved from /home/airflow/.local/lib/python3.12/site-packages/airflow/example_dags/example_branch_python_dop_operator_3.py
[2024-12-03T00:26:53.062+0000] {logging_mixin.py:190} INFO - [2024-12-03T00:26:53.062+0000] {dag.py:3239} INFO - Sync 1 DAGs
[2024-12-03T00:26:53.078+0000] {logging_mixin.py:190} INFO - [2024-12-03T00:26:53.077+0000] {dag.py:4180} INFO - Setting next_dagrun for example_branch_dop_operator_v3 to 2024-12-03 00:25:00+00:00, run_after=2024-12-03 00:26:00+00:00
[2024-12-03T00:26:53.087+0000] {processor.py:208} INFO - Processing /home/airflow/.local/lib/python3.12/site-packages/airflow/example_dags/example_branch_python_dop_operator_3.py took 0.056 seconds
[2024-12-03T00:27:23.390+0000] {processor.py:186} INFO - Started process (PID=6522) to work on /home/airflow/.local/lib/python3.12/site-packages/airflow/example_dags/example_branch_python_dop_operator_3.py
[2024-12-03T00:27:23.392+0000] {processor.py:914} INFO - Processing file /home/airflow/.local/lib/python3.12/site-packages/airflow/example_dags/example_branch_python_dop_operator_3.py for tasks to queue
[2024-12-03T00:27:23.394+0000] {logging_mixin.py:190} INFO - [2024-12-03T00:27:23.394+0000] {dagbag.py:588} INFO - Filling up the DagBag from /home/airflow/.local/lib/python3.12/site-packages/airflow/example_dags/example_branch_python_dop_operator_3.py
[2024-12-03T00:27:23.398+0000] {processor.py:925} INFO - DAG(s) 'example_branch_dop_operator_v3' retrieved from /home/airflow/.local/lib/python3.12/site-packages/airflow/example_dags/example_branch_python_dop_operator_3.py
[2024-12-03T00:27:23.406+0000] {logging_mixin.py:190} INFO - [2024-12-03T00:27:23.406+0000] {dag.py:3239} INFO - Sync 1 DAGs
[2024-12-03T00:27:23.417+0000] {logging_mixin.py:190} INFO - [2024-12-03T00:27:23.417+0000] {dag.py:4180} INFO - Setting next_dagrun for example_branch_dop_operator_v3 to 2024-12-03 00:26:00+00:00, run_after=2024-12-03 00:27:00+00:00
[2024-12-03T00:27:23.426+0000] {processor.py:208} INFO - Processing /home/airflow/.local/lib/python3.12/site-packages/airflow/example_dags/example_branch_python_dop_operator_3.py took 0.039 seconds
[2024-12-03T00:27:53.930+0000] {processor.py:186} INFO - Started process (PID=6588) to work on /home/airflow/.local/lib/python3.12/site-packages/airflow/example_dags/example_branch_python_dop_operator_3.py
[2024-12-03T00:27:53.934+0000] {processor.py:914} INFO - Processing file /home/airflow/.local/lib/python3.12/site-packages/airflow/example_dags/example_branch_python_dop_operator_3.py for tasks to queue
[2024-12-03T00:27:53.938+0000] {logging_mixin.py:190} INFO - [2024-12-03T00:27:53.938+0000] {dagbag.py:588} INFO - Filling up the DagBag from /home/airflow/.local/lib/python3.12/site-packages/airflow/example_dags/example_branch_python_dop_operator_3.py
[2024-12-03T00:27:53.945+0000] {processor.py:925} INFO - DAG(s) 'example_branch_dop_operator_v3' retrieved from /home/airflow/.local/lib/python3.12/site-packages/airflow/example_dags/example_branch_python_dop_operator_3.py
[2024-12-03T00:27:53.962+0000] {logging_mixin.py:190} INFO - [2024-12-03T00:27:53.962+0000] {dag.py:3239} INFO - Sync 1 DAGs
[2024-12-03T00:27:53.977+0000] {logging_mixin.py:190} INFO - [2024-12-03T00:27:53.977+0000] {dag.py:4180} INFO - Setting next_dagrun for example_branch_dop_operator_v3 to 2024-12-03 00:26:00+00:00, run_after=2024-12-03 00:27:00+00:00
[2024-12-03T00:27:53.986+0000] {processor.py:208} INFO - Processing /home/airflow/.local/lib/python3.12/site-packages/airflow/example_dags/example_branch_python_dop_operator_3.py took 0.061 seconds
[2024-12-03T00:28:24.375+0000] {processor.py:186} INFO - Started process (PID=6654) to work on /home/airflow/.local/lib/python3.12/site-packages/airflow/example_dags/example_branch_python_dop_operator_3.py
[2024-12-03T00:28:24.378+0000] {processor.py:914} INFO - Processing file /home/airflow/.local/lib/python3.12/site-packages/airflow/example_dags/example_branch_python_dop_operator_3.py for tasks to queue
[2024-12-03T00:28:24.380+0000] {logging_mixin.py:190} INFO - [2024-12-03T00:28:24.380+0000] {dagbag.py:588} INFO - Filling up the DagBag from /home/airflow/.local/lib/python3.12/site-packages/airflow/example_dags/example_branch_python_dop_operator_3.py
[2024-12-03T00:28:24.386+0000] {processor.py:925} INFO - DAG(s) 'example_branch_dop_operator_v3' retrieved from /home/airflow/.local/lib/python3.12/site-packages/airflow/example_dags/example_branch_python_dop_operator_3.py
[2024-12-03T00:28:24.396+0000] {logging_mixin.py:190} INFO - [2024-12-03T00:28:24.396+0000] {dag.py:3239} INFO - Sync 1 DAGs
[2024-12-03T00:28:24.407+0000] {logging_mixin.py:190} INFO - [2024-12-03T00:28:24.407+0000] {dag.py:4180} INFO - Setting next_dagrun for example_branch_dop_operator_v3 to 2024-12-03 00:27:00+00:00, run_after=2024-12-03 00:28:00+00:00
[2024-12-03T00:28:24.417+0000] {processor.py:208} INFO - Processing /home/airflow/.local/lib/python3.12/site-packages/airflow/example_dags/example_branch_python_dop_operator_3.py took 0.046 seconds
[2024-12-03T00:28:54.719+0000] {processor.py:186} INFO - Started process (PID=6720) to work on /home/airflow/.local/lib/python3.12/site-packages/airflow/example_dags/example_branch_python_dop_operator_3.py
[2024-12-03T00:28:54.720+0000] {processor.py:914} INFO - Processing file /home/airflow/.local/lib/python3.12/site-packages/airflow/example_dags/example_branch_python_dop_operator_3.py for tasks to queue
[2024-12-03T00:28:54.722+0000] {logging_mixin.py:190} INFO - [2024-12-03T00:28:54.722+0000] {dagbag.py:588} INFO - Filling up the DagBag from /home/airflow/.local/lib/python3.12/site-packages/airflow/example_dags/example_branch_python_dop_operator_3.py
[2024-12-03T00:28:54.729+0000] {processor.py:925} INFO - DAG(s) 'example_branch_dop_operator_v3' retrieved from /home/airflow/.local/lib/python3.12/site-packages/airflow/example_dags/example_branch_python_dop_operator_3.py
[2024-12-03T00:28:54.739+0000] {logging_mixin.py:190} INFO - [2024-12-03T00:28:54.739+0000] {dag.py:3239} INFO - Sync 1 DAGs
[2024-12-03T00:28:54.751+0000] {logging_mixin.py:190} INFO - [2024-12-03T00:28:54.750+0000] {dag.py:4180} INFO - Setting next_dagrun for example_branch_dop_operator_v3 to 2024-12-03 00:27:00+00:00, run_after=2024-12-03 00:28:00+00:00
[2024-12-03T00:28:54.762+0000] {processor.py:208} INFO - Processing /home/airflow/.local/lib/python3.12/site-packages/airflow/example_dags/example_branch_python_dop_operator_3.py took 0.047 seconds
[2024-12-03T00:29:25.148+0000] {processor.py:186} INFO - Started process (PID=6786) to work on /home/airflow/.local/lib/python3.12/site-packages/airflow/example_dags/example_branch_python_dop_operator_3.py
[2024-12-03T00:29:25.149+0000] {processor.py:914} INFO - Processing file /home/airflow/.local/lib/python3.12/site-packages/airflow/example_dags/example_branch_python_dop_operator_3.py for tasks to queue
[2024-12-03T00:29:25.153+0000] {logging_mixin.py:190} INFO - [2024-12-03T00:29:25.153+0000] {dagbag.py:588} INFO - Filling up the DagBag from /home/airflow/.local/lib/python3.12/site-packages/airflow/example_dags/example_branch_python_dop_operator_3.py
[2024-12-03T00:29:25.161+0000] {processor.py:925} INFO - DAG(s) 'example_branch_dop_operator_v3' retrieved from /home/airflow/.local/lib/python3.12/site-packages/airflow/example_dags/example_branch_python_dop_operator_3.py
[2024-12-03T00:29:25.172+0000] {logging_mixin.py:190} INFO - [2024-12-03T00:29:25.172+0000] {dag.py:3239} INFO - Sync 1 DAGs
[2024-12-03T00:29:25.183+0000] {logging_mixin.py:190} INFO - [2024-12-03T00:29:25.183+0000] {dag.py:4180} INFO - Setting next_dagrun for example_branch_dop_operator_v3 to 2024-12-03 00:28:00+00:00, run_after=2024-12-03 00:29:00+00:00
[2024-12-03T00:29:25.192+0000] {processor.py:208} INFO - Processing /home/airflow/.local/lib/python3.12/site-packages/airflow/example_dags/example_branch_python_dop_operator_3.py took 0.049 seconds
[2024-12-03T00:29:55.527+0000] {processor.py:186} INFO - Started process (PID=6852) to work on /home/airflow/.local/lib/python3.12/site-packages/airflow/example_dags/example_branch_python_dop_operator_3.py
[2024-12-03T00:29:55.532+0000] {processor.py:914} INFO - Processing file /home/airflow/.local/lib/python3.12/site-packages/airflow/example_dags/example_branch_python_dop_operator_3.py for tasks to queue
[2024-12-03T00:29:55.535+0000] {logging_mixin.py:190} INFO - [2024-12-03T00:29:55.535+0000] {dagbag.py:588} INFO - Filling up the DagBag from /home/airflow/.local/lib/python3.12/site-packages/airflow/example_dags/example_branch_python_dop_operator_3.py
[2024-12-03T00:29:55.542+0000] {processor.py:925} INFO - DAG(s) 'example_branch_dop_operator_v3' retrieved from /home/airflow/.local/lib/python3.12/site-packages/airflow/example_dags/example_branch_python_dop_operator_3.py
[2024-12-03T00:29:55.558+0000] {logging_mixin.py:190} INFO - [2024-12-03T00:29:55.558+0000] {dag.py:3239} INFO - Sync 1 DAGs
[2024-12-03T00:29:55.571+0000] {logging_mixin.py:190} INFO - [2024-12-03T00:29:55.571+0000] {dag.py:4180} INFO - Setting next_dagrun for example_branch_dop_operator_v3 to 2024-12-03 00:28:00+00:00, run_after=2024-12-03 00:29:00+00:00
[2024-12-03T00:29:55.582+0000] {processor.py:208} INFO - Processing /home/airflow/.local/lib/python3.12/site-packages/airflow/example_dags/example_branch_python_dop_operator_3.py took 0.060 seconds
[2024-12-03T00:30:26.220+0000] {processor.py:186} INFO - Started process (PID=6918) to work on /home/airflow/.local/lib/python3.12/site-packages/airflow/example_dags/example_branch_python_dop_operator_3.py
[2024-12-03T00:30:26.223+0000] {processor.py:914} INFO - Processing file /home/airflow/.local/lib/python3.12/site-packages/airflow/example_dags/example_branch_python_dop_operator_3.py for tasks to queue
[2024-12-03T00:30:26.224+0000] {logging_mixin.py:190} INFO - [2024-12-03T00:30:26.224+0000] {dagbag.py:588} INFO - Filling up the DagBag from /home/airflow/.local/lib/python3.12/site-packages/airflow/example_dags/example_branch_python_dop_operator_3.py
[2024-12-03T00:30:26.232+0000] {processor.py:925} INFO - DAG(s) 'example_branch_dop_operator_v3' retrieved from /home/airflow/.local/lib/python3.12/site-packages/airflow/example_dags/example_branch_python_dop_operator_3.py
[2024-12-03T00:30:26.244+0000] {logging_mixin.py:190} INFO - [2024-12-03T00:30:26.243+0000] {dag.py:3239} INFO - Sync 1 DAGs
[2024-12-03T00:30:26.257+0000] {logging_mixin.py:190} INFO - [2024-12-03T00:30:26.257+0000] {dag.py:4180} INFO - Setting next_dagrun for example_branch_dop_operator_v3 to 2024-12-03 00:29:00+00:00, run_after=2024-12-03 00:30:00+00:00
[2024-12-03T00:30:26.267+0000] {processor.py:208} INFO - Processing /home/airflow/.local/lib/python3.12/site-packages/airflow/example_dags/example_branch_python_dop_operator_3.py took 0.051 seconds
[2024-12-03T00:30:56.638+0000] {processor.py:186} INFO - Started process (PID=6984) to work on /home/airflow/.local/lib/python3.12/site-packages/airflow/example_dags/example_branch_python_dop_operator_3.py
[2024-12-03T00:30:56.640+0000] {processor.py:914} INFO - Processing file /home/airflow/.local/lib/python3.12/site-packages/airflow/example_dags/example_branch_python_dop_operator_3.py for tasks to queue
[2024-12-03T00:30:56.642+0000] {logging_mixin.py:190} INFO - [2024-12-03T00:30:56.641+0000] {dagbag.py:588} INFO - Filling up the DagBag from /home/airflow/.local/lib/python3.12/site-packages/airflow/example_dags/example_branch_python_dop_operator_3.py
[2024-12-03T00:30:56.650+0000] {processor.py:925} INFO - DAG(s) 'example_branch_dop_operator_v3' retrieved from /home/airflow/.local/lib/python3.12/site-packages/airflow/example_dags/example_branch_python_dop_operator_3.py
[2024-12-03T00:30:56.661+0000] {logging_mixin.py:190} INFO - [2024-12-03T00:30:56.660+0000] {dag.py:3239} INFO - Sync 1 DAGs
[2024-12-03T00:30:56.671+0000] {logging_mixin.py:190} INFO - [2024-12-03T00:30:56.671+0000] {dag.py:4180} INFO - Setting next_dagrun for example_branch_dop_operator_v3 to 2024-12-03 00:29:00+00:00, run_after=2024-12-03 00:30:00+00:00
[2024-12-03T00:30:56.683+0000] {processor.py:208} INFO - Processing /home/airflow/.local/lib/python3.12/site-packages/airflow/example_dags/example_branch_python_dop_operator_3.py took 0.050 seconds
[2024-12-03T00:31:27.108+0000] {processor.py:186} INFO - Started process (PID=7050) to work on /home/airflow/.local/lib/python3.12/site-packages/airflow/example_dags/example_branch_python_dop_operator_3.py
[2024-12-03T00:31:27.109+0000] {processor.py:914} INFO - Processing file /home/airflow/.local/lib/python3.12/site-packages/airflow/example_dags/example_branch_python_dop_operator_3.py for tasks to queue
[2024-12-03T00:31:27.111+0000] {logging_mixin.py:190} INFO - [2024-12-03T00:31:27.111+0000] {dagbag.py:588} INFO - Filling up the DagBag from /home/airflow/.local/lib/python3.12/site-packages/airflow/example_dags/example_branch_python_dop_operator_3.py
[2024-12-03T00:31:27.116+0000] {processor.py:925} INFO - DAG(s) 'example_branch_dop_operator_v3' retrieved from /home/airflow/.local/lib/python3.12/site-packages/airflow/example_dags/example_branch_python_dop_operator_3.py
[2024-12-03T00:31:27.132+0000] {logging_mixin.py:190} INFO - [2024-12-03T00:31:27.132+0000] {dag.py:3239} INFO - Sync 1 DAGs
[2024-12-03T00:31:27.148+0000] {logging_mixin.py:190} INFO - [2024-12-03T00:31:27.148+0000] {dag.py:4180} INFO - Setting next_dagrun for example_branch_dop_operator_v3 to 2024-12-03 00:30:00+00:00, run_after=2024-12-03 00:31:00+00:00
[2024-12-03T00:31:27.161+0000] {processor.py:208} INFO - Processing /home/airflow/.local/lib/python3.12/site-packages/airflow/example_dags/example_branch_python_dop_operator_3.py took 0.057 seconds
[2024-12-03T00:31:57.567+0000] {processor.py:186} INFO - Started process (PID=7116) to work on /home/airflow/.local/lib/python3.12/site-packages/airflow/example_dags/example_branch_python_dop_operator_3.py
[2024-12-03T00:31:57.568+0000] {processor.py:914} INFO - Processing file /home/airflow/.local/lib/python3.12/site-packages/airflow/example_dags/example_branch_python_dop_operator_3.py for tasks to queue
[2024-12-03T00:31:57.571+0000] {logging_mixin.py:190} INFO - [2024-12-03T00:31:57.570+0000] {dagbag.py:588} INFO - Filling up the DagBag from /home/airflow/.local/lib/python3.12/site-packages/airflow/example_dags/example_branch_python_dop_operator_3.py
[2024-12-03T00:31:57.577+0000] {processor.py:925} INFO - DAG(s) 'example_branch_dop_operator_v3' retrieved from /home/airflow/.local/lib/python3.12/site-packages/airflow/example_dags/example_branch_python_dop_operator_3.py
[2024-12-03T00:31:57.591+0000] {logging_mixin.py:190} INFO - [2024-12-03T00:31:57.590+0000] {dag.py:3239} INFO - Sync 1 DAGs
[2024-12-03T00:31:57.605+0000] {logging_mixin.py:190} INFO - [2024-12-03T00:31:57.605+0000] {dag.py:4180} INFO - Setting next_dagrun for example_branch_dop_operator_v3 to 2024-12-03 00:30:00+00:00, run_after=2024-12-03 00:31:00+00:00
[2024-12-03T00:31:57.614+0000] {processor.py:208} INFO - Processing /home/airflow/.local/lib/python3.12/site-packages/airflow/example_dags/example_branch_python_dop_operator_3.py took 0.052 seconds
[2024-12-03T00:32:28.098+0000] {processor.py:186} INFO - Started process (PID=7182) to work on /home/airflow/.local/lib/python3.12/site-packages/airflow/example_dags/example_branch_python_dop_operator_3.py
[2024-12-03T00:32:28.102+0000] {processor.py:914} INFO - Processing file /home/airflow/.local/lib/python3.12/site-packages/airflow/example_dags/example_branch_python_dop_operator_3.py for tasks to queue
[2024-12-03T00:32:28.104+0000] {logging_mixin.py:190} INFO - [2024-12-03T00:32:28.104+0000] {dagbag.py:588} INFO - Filling up the DagBag from /home/airflow/.local/lib/python3.12/site-packages/airflow/example_dags/example_branch_python_dop_operator_3.py
[2024-12-03T00:32:28.111+0000] {processor.py:925} INFO - DAG(s) 'example_branch_dop_operator_v3' retrieved from /home/airflow/.local/lib/python3.12/site-packages/airflow/example_dags/example_branch_python_dop_operator_3.py
[2024-12-03T00:32:28.125+0000] {logging_mixin.py:190} INFO - [2024-12-03T00:32:28.125+0000] {dag.py:3239} INFO - Sync 1 DAGs
[2024-12-03T00:32:28.137+0000] {logging_mixin.py:190} INFO - [2024-12-03T00:32:28.137+0000] {dag.py:4180} INFO - Setting next_dagrun for example_branch_dop_operator_v3 to 2024-12-03 00:31:00+00:00, run_after=2024-12-03 00:32:00+00:00
[2024-12-03T00:32:28.148+0000] {processor.py:208} INFO - Processing /home/airflow/.local/lib/python3.12/site-packages/airflow/example_dags/example_branch_python_dop_operator_3.py took 0.055 seconds
[2024-12-03T00:32:58.479+0000] {processor.py:186} INFO - Started process (PID=7248) to work on /home/airflow/.local/lib/python3.12/site-packages/airflow/example_dags/example_branch_python_dop_operator_3.py
[2024-12-03T00:32:58.480+0000] {processor.py:914} INFO - Processing file /home/airflow/.local/lib/python3.12/site-packages/airflow/example_dags/example_branch_python_dop_operator_3.py for tasks to queue
[2024-12-03T00:32:58.484+0000] {logging_mixin.py:190} INFO - [2024-12-03T00:32:58.484+0000] {dagbag.py:588} INFO - Filling up the DagBag from /home/airflow/.local/lib/python3.12/site-packages/airflow/example_dags/example_branch_python_dop_operator_3.py
[2024-12-03T00:32:58.490+0000] {processor.py:925} INFO - DAG(s) 'example_branch_dop_operator_v3' retrieved from /home/airflow/.local/lib/python3.12/site-packages/airflow/example_dags/example_branch_python_dop_operator_3.py
[2024-12-03T00:32:58.503+0000] {logging_mixin.py:190} INFO - [2024-12-03T00:32:58.503+0000] {dag.py:3239} INFO - Sync 1 DAGs
[2024-12-03T00:32:58.518+0000] {logging_mixin.py:190} INFO - [2024-12-03T00:32:58.517+0000] {dag.py:4180} INFO - Setting next_dagrun for example_branch_dop_operator_v3 to 2024-12-03 00:31:00+00:00, run_after=2024-12-03 00:32:00+00:00
[2024-12-03T00:32:58.528+0000] {processor.py:208} INFO - Processing /home/airflow/.local/lib/python3.12/site-packages/airflow/example_dags/example_branch_python_dop_operator_3.py took 0.054 seconds
[2024-12-03T00:33:28.803+0000] {processor.py:186} INFO - Started process (PID=7314) to work on /home/airflow/.local/lib/python3.12/site-packages/airflow/example_dags/example_branch_python_dop_operator_3.py
[2024-12-03T00:33:28.807+0000] {processor.py:914} INFO - Processing file /home/airflow/.local/lib/python3.12/site-packages/airflow/example_dags/example_branch_python_dop_operator_3.py for tasks to queue
[2024-12-03T00:33:28.809+0000] {logging_mixin.py:190} INFO - [2024-12-03T00:33:28.809+0000] {dagbag.py:588} INFO - Filling up the DagBag from /home/airflow/.local/lib/python3.12/site-packages/airflow/example_dags/example_branch_python_dop_operator_3.py
[2024-12-03T00:33:28.815+0000] {processor.py:925} INFO - DAG(s) 'example_branch_dop_operator_v3' retrieved from /home/airflow/.local/lib/python3.12/site-packages/airflow/example_dags/example_branch_python_dop_operator_3.py
[2024-12-03T00:33:28.829+0000] {logging_mixin.py:190} INFO - [2024-12-03T00:33:28.829+0000] {dag.py:3239} INFO - Sync 1 DAGs
[2024-12-03T00:33:28.844+0000] {logging_mixin.py:190} INFO - [2024-12-03T00:33:28.844+0000] {dag.py:4180} INFO - Setting next_dagrun for example_branch_dop_operator_v3 to 2024-12-03 00:32:00+00:00, run_after=2024-12-03 00:33:00+00:00
[2024-12-03T00:33:28.853+0000] {processor.py:208} INFO - Processing /home/airflow/.local/lib/python3.12/site-packages/airflow/example_dags/example_branch_python_dop_operator_3.py took 0.056 seconds
[2024-12-03T00:33:59.049+0000] {processor.py:186} INFO - Started process (PID=7380) to work on /home/airflow/.local/lib/python3.12/site-packages/airflow/example_dags/example_branch_python_dop_operator_3.py
[2024-12-03T00:33:59.051+0000] {processor.py:914} INFO - Processing file /home/airflow/.local/lib/python3.12/site-packages/airflow/example_dags/example_branch_python_dop_operator_3.py for tasks to queue
[2024-12-03T00:33:59.054+0000] {logging_mixin.py:190} INFO - [2024-12-03T00:33:59.054+0000] {dagbag.py:588} INFO - Filling up the DagBag from /home/airflow/.local/lib/python3.12/site-packages/airflow/example_dags/example_branch_python_dop_operator_3.py
[2024-12-03T00:33:59.062+0000] {processor.py:925} INFO - DAG(s) 'example_branch_dop_operator_v3' retrieved from /home/airflow/.local/lib/python3.12/site-packages/airflow/example_dags/example_branch_python_dop_operator_3.py
[2024-12-03T00:33:59.077+0000] {logging_mixin.py:190} INFO - [2024-12-03T00:33:59.077+0000] {dag.py:3239} INFO - Sync 1 DAGs
[2024-12-03T00:33:59.088+0000] {logging_mixin.py:190} INFO - [2024-12-03T00:33:59.088+0000] {dag.py:4180} INFO - Setting next_dagrun for example_branch_dop_operator_v3 to 2024-12-03 00:32:00+00:00, run_after=2024-12-03 00:33:00+00:00
[2024-12-03T00:33:59.097+0000] {processor.py:208} INFO - Processing /home/airflow/.local/lib/python3.12/site-packages/airflow/example_dags/example_branch_python_dop_operator_3.py took 0.052 seconds
[2024-12-03T00:34:29.322+0000] {processor.py:186} INFO - Started process (PID=7446) to work on /home/airflow/.local/lib/python3.12/site-packages/airflow/example_dags/example_branch_python_dop_operator_3.py
[2024-12-03T00:34:29.323+0000] {processor.py:914} INFO - Processing file /home/airflow/.local/lib/python3.12/site-packages/airflow/example_dags/example_branch_python_dop_operator_3.py for tasks to queue
[2024-12-03T00:34:29.325+0000] {logging_mixin.py:190} INFO - [2024-12-03T00:34:29.324+0000] {dagbag.py:588} INFO - Filling up the DagBag from /home/airflow/.local/lib/python3.12/site-packages/airflow/example_dags/example_branch_python_dop_operator_3.py
[2024-12-03T00:34:29.332+0000] {processor.py:925} INFO - DAG(s) 'example_branch_dop_operator_v3' retrieved from /home/airflow/.local/lib/python3.12/site-packages/airflow/example_dags/example_branch_python_dop_operator_3.py
[2024-12-03T00:34:29.345+0000] {logging_mixin.py:190} INFO - [2024-12-03T00:34:29.345+0000] {dag.py:3239} INFO - Sync 1 DAGs
[2024-12-03T00:34:29.356+0000] {logging_mixin.py:190} INFO - [2024-12-03T00:34:29.356+0000] {dag.py:4180} INFO - Setting next_dagrun for example_branch_dop_operator_v3 to 2024-12-03 00:33:00+00:00, run_after=2024-12-03 00:34:00+00:00
[2024-12-03T00:34:29.366+0000] {processor.py:208} INFO - Processing /home/airflow/.local/lib/python3.12/site-packages/airflow/example_dags/example_branch_python_dop_operator_3.py took 0.049 seconds
[2024-12-03T00:34:59.574+0000] {processor.py:186} INFO - Started process (PID=7512) to work on /home/airflow/.local/lib/python3.12/site-packages/airflow/example_dags/example_branch_python_dop_operator_3.py
[2024-12-03T00:34:59.575+0000] {processor.py:914} INFO - Processing file /home/airflow/.local/lib/python3.12/site-packages/airflow/example_dags/example_branch_python_dop_operator_3.py for tasks to queue
[2024-12-03T00:34:59.577+0000] {logging_mixin.py:190} INFO - [2024-12-03T00:34:59.577+0000] {dagbag.py:588} INFO - Filling up the DagBag from /home/airflow/.local/lib/python3.12/site-packages/airflow/example_dags/example_branch_python_dop_operator_3.py
[2024-12-03T00:34:59.584+0000] {processor.py:925} INFO - DAG(s) 'example_branch_dop_operator_v3' retrieved from /home/airflow/.local/lib/python3.12/site-packages/airflow/example_dags/example_branch_python_dop_operator_3.py
[2024-12-03T00:34:59.595+0000] {logging_mixin.py:190} INFO - [2024-12-03T00:34:59.595+0000] {dag.py:3239} INFO - Sync 1 DAGs
[2024-12-03T00:34:59.612+0000] {logging_mixin.py:190} INFO - [2024-12-03T00:34:59.612+0000] {dag.py:4180} INFO - Setting next_dagrun for example_branch_dop_operator_v3 to 2024-12-03 00:33:00+00:00, run_after=2024-12-03 00:34:00+00:00
[2024-12-03T00:34:59.622+0000] {processor.py:208} INFO - Processing /home/airflow/.local/lib/python3.12/site-packages/airflow/example_dags/example_branch_python_dop_operator_3.py took 0.052 seconds
[2024-12-03T00:35:29.886+0000] {processor.py:186} INFO - Started process (PID=7578) to work on /home/airflow/.local/lib/python3.12/site-packages/airflow/example_dags/example_branch_python_dop_operator_3.py
[2024-12-03T00:35:29.887+0000] {processor.py:914} INFO - Processing file /home/airflow/.local/lib/python3.12/site-packages/airflow/example_dags/example_branch_python_dop_operator_3.py for tasks to queue
[2024-12-03T00:35:29.888+0000] {logging_mixin.py:190} INFO - [2024-12-03T00:35:29.888+0000] {dagbag.py:588} INFO - Filling up the DagBag from /home/airflow/.local/lib/python3.12/site-packages/airflow/example_dags/example_branch_python_dop_operator_3.py
[2024-12-03T00:35:29.895+0000] {processor.py:925} INFO - DAG(s) 'example_branch_dop_operator_v3' retrieved from /home/airflow/.local/lib/python3.12/site-packages/airflow/example_dags/example_branch_python_dop_operator_3.py
[2024-12-03T00:35:29.907+0000] {logging_mixin.py:190} INFO - [2024-12-03T00:35:29.906+0000] {dag.py:3239} INFO - Sync 1 DAGs
[2024-12-03T00:35:29.920+0000] {logging_mixin.py:190} INFO - [2024-12-03T00:35:29.920+0000] {dag.py:4180} INFO - Setting next_dagrun for example_branch_dop_operator_v3 to 2024-12-03 00:34:00+00:00, run_after=2024-12-03 00:35:00+00:00
[2024-12-03T00:35:29.930+0000] {processor.py:208} INFO - Processing /home/airflow/.local/lib/python3.12/site-packages/airflow/example_dags/example_branch_python_dop_operator_3.py took 0.048 seconds
[2024-12-03T00:36:00.256+0000] {processor.py:186} INFO - Started process (PID=7644) to work on /home/airflow/.local/lib/python3.12/site-packages/airflow/example_dags/example_branch_python_dop_operator_3.py
[2024-12-03T00:36:00.263+0000] {processor.py:914} INFO - Processing file /home/airflow/.local/lib/python3.12/site-packages/airflow/example_dags/example_branch_python_dop_operator_3.py for tasks to queue
[2024-12-03T00:36:00.264+0000] {logging_mixin.py:190} INFO - [2024-12-03T00:36:00.264+0000] {dagbag.py:588} INFO - Filling up the DagBag from /home/airflow/.local/lib/python3.12/site-packages/airflow/example_dags/example_branch_python_dop_operator_3.py
[2024-12-03T00:36:00.269+0000] {processor.py:925} INFO - DAG(s) 'example_branch_dop_operator_v3' retrieved from /home/airflow/.local/lib/python3.12/site-packages/airflow/example_dags/example_branch_python_dop_operator_3.py
[2024-12-03T00:36:00.283+0000] {logging_mixin.py:190} INFO - [2024-12-03T00:36:00.283+0000] {dag.py:3239} INFO - Sync 1 DAGs
[2024-12-03T00:36:00.294+0000] {logging_mixin.py:190} INFO - [2024-12-03T00:36:00.294+0000] {dag.py:4180} INFO - Setting next_dagrun for example_branch_dop_operator_v3 to 2024-12-03 00:35:00+00:00, run_after=2024-12-03 00:36:00+00:00
[2024-12-03T00:36:00.305+0000] {processor.py:208} INFO - Processing /home/airflow/.local/lib/python3.12/site-packages/airflow/example_dags/example_branch_python_dop_operator_3.py took 0.053 seconds
[2024-12-03T00:36:30.563+0000] {processor.py:186} INFO - Started process (PID=7710) to work on /home/airflow/.local/lib/python3.12/site-packages/airflow/example_dags/example_branch_python_dop_operator_3.py
[2024-12-03T00:36:30.569+0000] {processor.py:914} INFO - Processing file /home/airflow/.local/lib/python3.12/site-packages/airflow/example_dags/example_branch_python_dop_operator_3.py for tasks to queue
[2024-12-03T00:36:30.570+0000] {logging_mixin.py:190} INFO - [2024-12-03T00:36:30.570+0000] {dagbag.py:588} INFO - Filling up the DagBag from /home/airflow/.local/lib/python3.12/site-packages/airflow/example_dags/example_branch_python_dop_operator_3.py
[2024-12-03T00:36:30.576+0000] {processor.py:925} INFO - DAG(s) 'example_branch_dop_operator_v3' retrieved from /home/airflow/.local/lib/python3.12/site-packages/airflow/example_dags/example_branch_python_dop_operator_3.py
[2024-12-03T00:36:30.587+0000] {logging_mixin.py:190} INFO - [2024-12-03T00:36:30.587+0000] {dag.py:3239} INFO - Sync 1 DAGs
[2024-12-03T00:36:30.599+0000] {logging_mixin.py:190} INFO - [2024-12-03T00:36:30.599+0000] {dag.py:4180} INFO - Setting next_dagrun for example_branch_dop_operator_v3 to 2024-12-03 00:35:00+00:00, run_after=2024-12-03 00:36:00+00:00
[2024-12-03T00:36:30.609+0000] {processor.py:208} INFO - Processing /home/airflow/.local/lib/python3.12/site-packages/airflow/example_dags/example_branch_python_dop_operator_3.py took 0.050 seconds
[2024-12-03T00:37:00.809+0000] {processor.py:186} INFO - Started process (PID=7776) to work on /home/airflow/.local/lib/python3.12/site-packages/airflow/example_dags/example_branch_python_dop_operator_3.py
[2024-12-03T00:37:00.814+0000] {processor.py:914} INFO - Processing file /home/airflow/.local/lib/python3.12/site-packages/airflow/example_dags/example_branch_python_dop_operator_3.py for tasks to queue
[2024-12-03T00:37:00.815+0000] {logging_mixin.py:190} INFO - [2024-12-03T00:37:00.815+0000] {dagbag.py:588} INFO - Filling up the DagBag from /home/airflow/.local/lib/python3.12/site-packages/airflow/example_dags/example_branch_python_dop_operator_3.py
[2024-12-03T00:37:00.821+0000] {processor.py:925} INFO - DAG(s) 'example_branch_dop_operator_v3' retrieved from /home/airflow/.local/lib/python3.12/site-packages/airflow/example_dags/example_branch_python_dop_operator_3.py
[2024-12-03T00:37:00.830+0000] {logging_mixin.py:190} INFO - [2024-12-03T00:37:00.830+0000] {dag.py:3239} INFO - Sync 1 DAGs
[2024-12-03T00:37:00.842+0000] {logging_mixin.py:190} INFO - [2024-12-03T00:37:00.842+0000] {dag.py:4180} INFO - Setting next_dagrun for example_branch_dop_operator_v3 to 2024-12-03 00:36:00+00:00, run_after=2024-12-03 00:37:00+00:00
[2024-12-03T00:37:00.852+0000] {processor.py:208} INFO - Processing /home/airflow/.local/lib/python3.12/site-packages/airflow/example_dags/example_branch_python_dop_operator_3.py took 0.046 seconds
[2024-12-03T00:37:31.085+0000] {processor.py:186} INFO - Started process (PID=7842) to work on /home/airflow/.local/lib/python3.12/site-packages/airflow/example_dags/example_branch_python_dop_operator_3.py
[2024-12-03T00:37:31.089+0000] {processor.py:914} INFO - Processing file /home/airflow/.local/lib/python3.12/site-packages/airflow/example_dags/example_branch_python_dop_operator_3.py for tasks to queue
[2024-12-03T00:37:31.091+0000] {logging_mixin.py:190} INFO - [2024-12-03T00:37:31.091+0000] {dagbag.py:588} INFO - Filling up the DagBag from /home/airflow/.local/lib/python3.12/site-packages/airflow/example_dags/example_branch_python_dop_operator_3.py
[2024-12-03T00:37:31.098+0000] {processor.py:925} INFO - DAG(s) 'example_branch_dop_operator_v3' retrieved from /home/airflow/.local/lib/python3.12/site-packages/airflow/example_dags/example_branch_python_dop_operator_3.py
[2024-12-03T00:37:31.106+0000] {logging_mixin.py:190} INFO - [2024-12-03T00:37:31.106+0000] {dag.py:3239} INFO - Sync 1 DAGs
[2024-12-03T00:37:31.117+0000] {logging_mixin.py:190} INFO - [2024-12-03T00:37:31.117+0000] {dag.py:4180} INFO - Setting next_dagrun for example_branch_dop_operator_v3 to 2024-12-03 00:36:00+00:00, run_after=2024-12-03 00:37:00+00:00
[2024-12-03T00:37:31.127+0000] {processor.py:208} INFO - Processing /home/airflow/.local/lib/python3.12/site-packages/airflow/example_dags/example_branch_python_dop_operator_3.py took 0.047 seconds
[2024-12-03T00:38:01.403+0000] {processor.py:186} INFO - Started process (PID=7908) to work on /home/airflow/.local/lib/python3.12/site-packages/airflow/example_dags/example_branch_python_dop_operator_3.py
[2024-12-03T00:38:01.408+0000] {processor.py:914} INFO - Processing file /home/airflow/.local/lib/python3.12/site-packages/airflow/example_dags/example_branch_python_dop_operator_3.py for tasks to queue
[2024-12-03T00:38:01.410+0000] {logging_mixin.py:190} INFO - [2024-12-03T00:38:01.409+0000] {dagbag.py:588} INFO - Filling up the DagBag from /home/airflow/.local/lib/python3.12/site-packages/airflow/example_dags/example_branch_python_dop_operator_3.py
[2024-12-03T00:38:01.417+0000] {processor.py:925} INFO - DAG(s) 'example_branch_dop_operator_v3' retrieved from /home/airflow/.local/lib/python3.12/site-packages/airflow/example_dags/example_branch_python_dop_operator_3.py
[2024-12-03T00:38:01.429+0000] {logging_mixin.py:190} INFO - [2024-12-03T00:38:01.429+0000] {dag.py:3239} INFO - Sync 1 DAGs
[2024-12-03T00:38:01.442+0000] {logging_mixin.py:190} INFO - [2024-12-03T00:38:01.442+0000] {dag.py:4180} INFO - Setting next_dagrun for example_branch_dop_operator_v3 to 2024-12-03 00:37:00+00:00, run_after=2024-12-03 00:38:00+00:00
[2024-12-03T00:38:01.451+0000] {processor.py:208} INFO - Processing /home/airflow/.local/lib/python3.12/site-packages/airflow/example_dags/example_branch_python_dop_operator_3.py took 0.055 seconds
