[2024-12-03T00:03:58.126+0000] {processor.py:186} INFO - Started process (PID=3486) to work on /home/airflow/.local/lib/python3.12/site-packages/airflow/example_dags/tutorial.py
[2024-12-03T00:03:58.129+0000] {processor.py:914} INFO - Processing file /home/airflow/.local/lib/python3.12/site-packages/airflow/example_dags/tutorial.py for tasks to queue
[2024-12-03T00:03:58.130+0000] {logging_mixin.py:190} INFO - [2024-12-03T00:03:58.130+0000] {dagbag.py:588} INFO - Filling up the DagBag from /home/airflow/.local/lib/python3.12/site-packages/airflow/example_dags/tutorial.py
[2024-12-03T00:03:58.134+0000] {processor.py:925} INFO - DAG(s) 'tutorial' retrieved from /home/airflow/.local/lib/python3.12/site-packages/airflow/example_dags/tutorial.py
[2024-12-03T00:03:58.142+0000] {logging_mixin.py:190} INFO - [2024-12-03T00:03:58.142+0000] {dag.py:3239} INFO - Sync 1 DAGs
[2024-12-03T00:03:58.152+0000] {logging_mixin.py:190} INFO - [2024-12-03T00:03:58.151+0000] {dag.py:4180} INFO - Setting next_dagrun for tutorial to 2024-12-02 00:00:00+00:00, run_after=2024-12-03 00:00:00+00:00
[2024-12-03T00:03:58.161+0000] {processor.py:208} INFO - Processing /home/airflow/.local/lib/python3.12/site-packages/airflow/example_dags/tutorial.py took 0.038 seconds
[2024-12-03T00:04:28.523+0000] {processor.py:186} INFO - Started process (PID=3551) to work on /home/airflow/.local/lib/python3.12/site-packages/airflow/example_dags/tutorial.py
[2024-12-03T00:04:28.524+0000] {processor.py:914} INFO - Processing file /home/airflow/.local/lib/python3.12/site-packages/airflow/example_dags/tutorial.py for tasks to queue
[2024-12-03T00:04:28.525+0000] {logging_mixin.py:190} INFO - [2024-12-03T00:04:28.525+0000] {dagbag.py:588} INFO - Filling up the DagBag from /home/airflow/.local/lib/python3.12/site-packages/airflow/example_dags/tutorial.py
[2024-12-03T00:04:28.529+0000] {processor.py:925} INFO - DAG(s) 'tutorial' retrieved from /home/airflow/.local/lib/python3.12/site-packages/airflow/example_dags/tutorial.py
[2024-12-03T00:04:28.537+0000] {logging_mixin.py:190} INFO - [2024-12-03T00:04:28.537+0000] {dag.py:3239} INFO - Sync 1 DAGs
[2024-12-03T00:04:28.547+0000] {logging_mixin.py:190} INFO - [2024-12-03T00:04:28.547+0000] {dag.py:4180} INFO - Setting next_dagrun for tutorial to 2024-12-02 00:00:00+00:00, run_after=2024-12-03 00:00:00+00:00
[2024-12-03T00:04:28.558+0000] {processor.py:208} INFO - Processing /home/airflow/.local/lib/python3.12/site-packages/airflow/example_dags/tutorial.py took 0.038 seconds
[2024-12-03T00:04:58.746+0000] {processor.py:186} INFO - Started process (PID=3617) to work on /home/airflow/.local/lib/python3.12/site-packages/airflow/example_dags/tutorial.py
[2024-12-03T00:04:58.748+0000] {processor.py:914} INFO - Processing file /home/airflow/.local/lib/python3.12/site-packages/airflow/example_dags/tutorial.py for tasks to queue
[2024-12-03T00:04:58.749+0000] {logging_mixin.py:190} INFO - [2024-12-03T00:04:58.748+0000] {dagbag.py:588} INFO - Filling up the DagBag from /home/airflow/.local/lib/python3.12/site-packages/airflow/example_dags/tutorial.py
[2024-12-03T00:04:58.752+0000] {processor.py:925} INFO - DAG(s) 'tutorial' retrieved from /home/airflow/.local/lib/python3.12/site-packages/airflow/example_dags/tutorial.py
[2024-12-03T00:04:58.760+0000] {logging_mixin.py:190} INFO - [2024-12-03T00:04:58.760+0000] {dag.py:3239} INFO - Sync 1 DAGs
[2024-12-03T00:04:58.769+0000] {logging_mixin.py:190} INFO - [2024-12-03T00:04:58.769+0000] {dag.py:4180} INFO - Setting next_dagrun for tutorial to 2024-12-02 00:00:00+00:00, run_after=2024-12-03 00:00:00+00:00
[2024-12-03T00:04:58.779+0000] {processor.py:208} INFO - Processing /home/airflow/.local/lib/python3.12/site-packages/airflow/example_dags/tutorial.py took 0.036 seconds
[2024-12-03T00:05:29.919+0000] {processor.py:186} INFO - Started process (PID=3689) to work on /home/airflow/.local/lib/python3.12/site-packages/airflow/example_dags/tutorial.py
[2024-12-03T00:05:29.922+0000] {processor.py:914} INFO - Processing file /home/airflow/.local/lib/python3.12/site-packages/airflow/example_dags/tutorial.py for tasks to queue
[2024-12-03T00:05:29.924+0000] {logging_mixin.py:190} INFO - [2024-12-03T00:05:29.924+0000] {dagbag.py:588} INFO - Filling up the DagBag from /home/airflow/.local/lib/python3.12/site-packages/airflow/example_dags/tutorial.py
[2024-12-03T00:05:29.928+0000] {processor.py:925} INFO - DAG(s) 'tutorial' retrieved from /home/airflow/.local/lib/python3.12/site-packages/airflow/example_dags/tutorial.py
[2024-12-03T00:05:29.939+0000] {logging_mixin.py:190} INFO - [2024-12-03T00:05:29.939+0000] {dag.py:3239} INFO - Sync 1 DAGs
[2024-12-03T00:05:29.948+0000] {logging_mixin.py:190} INFO - [2024-12-03T00:05:29.948+0000] {dag.py:4180} INFO - Setting next_dagrun for tutorial to 2024-12-02 00:00:00+00:00, run_after=2024-12-03 00:00:00+00:00
[2024-12-03T00:05:29.954+0000] {processor.py:208} INFO - Processing /home/airflow/.local/lib/python3.12/site-packages/airflow/example_dags/tutorial.py took 0.037 seconds
[2024-12-03T00:06:01.047+0000] {processor.py:186} INFO - Started process (PID=3755) to work on /home/airflow/.local/lib/python3.12/site-packages/airflow/example_dags/tutorial.py
[2024-12-03T00:06:01.048+0000] {processor.py:914} INFO - Processing file /home/airflow/.local/lib/python3.12/site-packages/airflow/example_dags/tutorial.py for tasks to queue
[2024-12-03T00:06:01.049+0000] {logging_mixin.py:190} INFO - [2024-12-03T00:06:01.049+0000] {dagbag.py:588} INFO - Filling up the DagBag from /home/airflow/.local/lib/python3.12/site-packages/airflow/example_dags/tutorial.py
[2024-12-03T00:06:01.052+0000] {processor.py:925} INFO - DAG(s) 'tutorial' retrieved from /home/airflow/.local/lib/python3.12/site-packages/airflow/example_dags/tutorial.py
[2024-12-03T00:06:01.061+0000] {logging_mixin.py:190} INFO - [2024-12-03T00:06:01.061+0000] {dag.py:3239} INFO - Sync 1 DAGs
[2024-12-03T00:06:01.070+0000] {logging_mixin.py:190} INFO - [2024-12-03T00:06:01.069+0000] {dag.py:4180} INFO - Setting next_dagrun for tutorial to 2024-12-02 00:00:00+00:00, run_after=2024-12-03 00:00:00+00:00
[2024-12-03T00:06:01.078+0000] {processor.py:208} INFO - Processing /home/airflow/.local/lib/python3.12/site-packages/airflow/example_dags/tutorial.py took 0.033 seconds
[2024-12-03T00:06:32.180+0000] {processor.py:186} INFO - Started process (PID=3821) to work on /home/airflow/.local/lib/python3.12/site-packages/airflow/example_dags/tutorial.py
[2024-12-03T00:06:32.180+0000] {processor.py:914} INFO - Processing file /home/airflow/.local/lib/python3.12/site-packages/airflow/example_dags/tutorial.py for tasks to queue
[2024-12-03T00:06:32.181+0000] {logging_mixin.py:190} INFO - [2024-12-03T00:06:32.181+0000] {dagbag.py:588} INFO - Filling up the DagBag from /home/airflow/.local/lib/python3.12/site-packages/airflow/example_dags/tutorial.py
[2024-12-03T00:06:32.184+0000] {processor.py:925} INFO - DAG(s) 'tutorial' retrieved from /home/airflow/.local/lib/python3.12/site-packages/airflow/example_dags/tutorial.py
[2024-12-03T00:06:32.194+0000] {logging_mixin.py:190} INFO - [2024-12-03T00:06:32.194+0000] {dag.py:3239} INFO - Sync 1 DAGs
[2024-12-03T00:06:32.202+0000] {logging_mixin.py:190} INFO - [2024-12-03T00:06:32.202+0000] {dag.py:4180} INFO - Setting next_dagrun for tutorial to 2024-12-02 00:00:00+00:00, run_after=2024-12-03 00:00:00+00:00
[2024-12-03T00:06:32.208+0000] {processor.py:208} INFO - Processing /home/airflow/.local/lib/python3.12/site-packages/airflow/example_dags/tutorial.py took 0.030 seconds
[2024-12-03T00:07:03.359+0000] {processor.py:186} INFO - Started process (PID=3887) to work on /home/airflow/.local/lib/python3.12/site-packages/airflow/example_dags/tutorial.py
[2024-12-03T00:07:03.359+0000] {processor.py:914} INFO - Processing file /home/airflow/.local/lib/python3.12/site-packages/airflow/example_dags/tutorial.py for tasks to queue
[2024-12-03T00:07:03.360+0000] {logging_mixin.py:190} INFO - [2024-12-03T00:07:03.360+0000] {dagbag.py:588} INFO - Filling up the DagBag from /home/airflow/.local/lib/python3.12/site-packages/airflow/example_dags/tutorial.py
[2024-12-03T00:07:03.363+0000] {processor.py:925} INFO - DAG(s) 'tutorial' retrieved from /home/airflow/.local/lib/python3.12/site-packages/airflow/example_dags/tutorial.py
[2024-12-03T00:07:03.370+0000] {logging_mixin.py:190} INFO - [2024-12-03T00:07:03.370+0000] {dag.py:3239} INFO - Sync 1 DAGs
[2024-12-03T00:07:03.378+0000] {logging_mixin.py:190} INFO - [2024-12-03T00:07:03.378+0000] {dag.py:4180} INFO - Setting next_dagrun for tutorial to 2024-12-02 00:00:00+00:00, run_after=2024-12-03 00:00:00+00:00
[2024-12-03T00:07:03.383+0000] {processor.py:208} INFO - Processing /home/airflow/.local/lib/python3.12/site-packages/airflow/example_dags/tutorial.py took 0.026 seconds
[2024-12-03T00:07:34.421+0000] {processor.py:186} INFO - Started process (PID=3953) to work on /home/airflow/.local/lib/python3.12/site-packages/airflow/example_dags/tutorial.py
[2024-12-03T00:07:34.423+0000] {processor.py:914} INFO - Processing file /home/airflow/.local/lib/python3.12/site-packages/airflow/example_dags/tutorial.py for tasks to queue
[2024-12-03T00:07:34.425+0000] {logging_mixin.py:190} INFO - [2024-12-03T00:07:34.425+0000] {dagbag.py:588} INFO - Filling up the DagBag from /home/airflow/.local/lib/python3.12/site-packages/airflow/example_dags/tutorial.py
[2024-12-03T00:07:34.428+0000] {processor.py:925} INFO - DAG(s) 'tutorial' retrieved from /home/airflow/.local/lib/python3.12/site-packages/airflow/example_dags/tutorial.py
[2024-12-03T00:07:34.438+0000] {logging_mixin.py:190} INFO - [2024-12-03T00:07:34.438+0000] {dag.py:3239} INFO - Sync 1 DAGs
[2024-12-03T00:07:34.447+0000] {logging_mixin.py:190} INFO - [2024-12-03T00:07:34.447+0000] {dag.py:4180} INFO - Setting next_dagrun for tutorial to 2024-12-02 00:00:00+00:00, run_after=2024-12-03 00:00:00+00:00
[2024-12-03T00:07:34.453+0000] {processor.py:208} INFO - Processing /home/airflow/.local/lib/python3.12/site-packages/airflow/example_dags/tutorial.py took 0.034 seconds
[2024-12-03T00:08:05.453+0000] {processor.py:186} INFO - Started process (PID=4019) to work on /home/airflow/.local/lib/python3.12/site-packages/airflow/example_dags/tutorial.py
[2024-12-03T00:08:05.453+0000] {processor.py:914} INFO - Processing file /home/airflow/.local/lib/python3.12/site-packages/airflow/example_dags/tutorial.py for tasks to queue
[2024-12-03T00:08:05.455+0000] {logging_mixin.py:190} INFO - [2024-12-03T00:08:05.455+0000] {dagbag.py:588} INFO - Filling up the DagBag from /home/airflow/.local/lib/python3.12/site-packages/airflow/example_dags/tutorial.py
[2024-12-03T00:08:05.461+0000] {processor.py:925} INFO - DAG(s) 'tutorial' retrieved from /home/airflow/.local/lib/python3.12/site-packages/airflow/example_dags/tutorial.py
[2024-12-03T00:08:05.468+0000] {logging_mixin.py:190} INFO - [2024-12-03T00:08:05.468+0000] {dag.py:3239} INFO - Sync 1 DAGs
[2024-12-03T00:08:05.477+0000] {logging_mixin.py:190} INFO - [2024-12-03T00:08:05.476+0000] {dag.py:4180} INFO - Setting next_dagrun for tutorial to 2024-12-02 00:00:00+00:00, run_after=2024-12-03 00:00:00+00:00
[2024-12-03T00:08:05.484+0000] {processor.py:208} INFO - Processing /home/airflow/.local/lib/python3.12/site-packages/airflow/example_dags/tutorial.py took 0.033 seconds
[2024-12-03T00:08:36.703+0000] {processor.py:186} INFO - Started process (PID=4085) to work on /home/airflow/.local/lib/python3.12/site-packages/airflow/example_dags/tutorial.py
[2024-12-03T00:08:36.703+0000] {processor.py:914} INFO - Processing file /home/airflow/.local/lib/python3.12/site-packages/airflow/example_dags/tutorial.py for tasks to queue
[2024-12-03T00:08:36.704+0000] {logging_mixin.py:190} INFO - [2024-12-03T00:08:36.704+0000] {dagbag.py:588} INFO - Filling up the DagBag from /home/airflow/.local/lib/python3.12/site-packages/airflow/example_dags/tutorial.py
[2024-12-03T00:08:36.708+0000] {processor.py:925} INFO - DAG(s) 'tutorial' retrieved from /home/airflow/.local/lib/python3.12/site-packages/airflow/example_dags/tutorial.py
[2024-12-03T00:08:36.716+0000] {logging_mixin.py:190} INFO - [2024-12-03T00:08:36.716+0000] {dag.py:3239} INFO - Sync 1 DAGs
[2024-12-03T00:08:36.725+0000] {logging_mixin.py:190} INFO - [2024-12-03T00:08:36.725+0000] {dag.py:4180} INFO - Setting next_dagrun for tutorial to 2024-12-02 00:00:00+00:00, run_after=2024-12-03 00:00:00+00:00
[2024-12-03T00:08:36.742+0000] {processor.py:208} INFO - Processing /home/airflow/.local/lib/python3.12/site-packages/airflow/example_dags/tutorial.py took 0.041 seconds
[2024-12-03T00:09:07.014+0000] {processor.py:186} INFO - Started process (PID=4151) to work on /home/airflow/.local/lib/python3.12/site-packages/airflow/example_dags/tutorial.py
[2024-12-03T00:09:07.014+0000] {processor.py:914} INFO - Processing file /home/airflow/.local/lib/python3.12/site-packages/airflow/example_dags/tutorial.py for tasks to queue
[2024-12-03T00:09:07.015+0000] {logging_mixin.py:190} INFO - [2024-12-03T00:09:07.015+0000] {dagbag.py:588} INFO - Filling up the DagBag from /home/airflow/.local/lib/python3.12/site-packages/airflow/example_dags/tutorial.py
[2024-12-03T00:09:07.018+0000] {processor.py:925} INFO - DAG(s) 'tutorial' retrieved from /home/airflow/.local/lib/python3.12/site-packages/airflow/example_dags/tutorial.py
[2024-12-03T00:09:07.027+0000] {logging_mixin.py:190} INFO - [2024-12-03T00:09:07.027+0000] {dag.py:3239} INFO - Sync 1 DAGs
[2024-12-03T00:09:07.038+0000] {logging_mixin.py:190} INFO - [2024-12-03T00:09:07.038+0000] {dag.py:4180} INFO - Setting next_dagrun for tutorial to 2024-12-02 00:00:00+00:00, run_after=2024-12-03 00:00:00+00:00
[2024-12-03T00:09:07.050+0000] {processor.py:208} INFO - Processing /home/airflow/.local/lib/python3.12/site-packages/airflow/example_dags/tutorial.py took 0.039 seconds
[2024-12-03T00:09:37.306+0000] {processor.py:186} INFO - Started process (PID=4217) to work on /home/airflow/.local/lib/python3.12/site-packages/airflow/example_dags/tutorial.py
[2024-12-03T00:09:37.307+0000] {processor.py:914} INFO - Processing file /home/airflow/.local/lib/python3.12/site-packages/airflow/example_dags/tutorial.py for tasks to queue
[2024-12-03T00:09:37.308+0000] {logging_mixin.py:190} INFO - [2024-12-03T00:09:37.307+0000] {dagbag.py:588} INFO - Filling up the DagBag from /home/airflow/.local/lib/python3.12/site-packages/airflow/example_dags/tutorial.py
[2024-12-03T00:09:37.311+0000] {processor.py:925} INFO - DAG(s) 'tutorial' retrieved from /home/airflow/.local/lib/python3.12/site-packages/airflow/example_dags/tutorial.py
[2024-12-03T00:09:37.318+0000] {logging_mixin.py:190} INFO - [2024-12-03T00:09:37.318+0000] {dag.py:3239} INFO - Sync 1 DAGs
[2024-12-03T00:09:37.326+0000] {logging_mixin.py:190} INFO - [2024-12-03T00:09:37.326+0000] {dag.py:4180} INFO - Setting next_dagrun for tutorial to 2024-12-02 00:00:00+00:00, run_after=2024-12-03 00:00:00+00:00
[2024-12-03T00:09:37.334+0000] {processor.py:208} INFO - Processing /home/airflow/.local/lib/python3.12/site-packages/airflow/example_dags/tutorial.py took 0.030 seconds
[2024-12-03T00:10:08.551+0000] {processor.py:186} INFO - Started process (PID=4283) to work on /home/airflow/.local/lib/python3.12/site-packages/airflow/example_dags/tutorial.py
[2024-12-03T00:10:08.553+0000] {processor.py:914} INFO - Processing file /home/airflow/.local/lib/python3.12/site-packages/airflow/example_dags/tutorial.py for tasks to queue
[2024-12-03T00:10:08.554+0000] {logging_mixin.py:190} INFO - [2024-12-03T00:10:08.554+0000] {dagbag.py:588} INFO - Filling up the DagBag from /home/airflow/.local/lib/python3.12/site-packages/airflow/example_dags/tutorial.py
[2024-12-03T00:10:08.557+0000] {processor.py:925} INFO - DAG(s) 'tutorial' retrieved from /home/airflow/.local/lib/python3.12/site-packages/airflow/example_dags/tutorial.py
[2024-12-03T00:10:08.566+0000] {logging_mixin.py:190} INFO - [2024-12-03T00:10:08.566+0000] {dag.py:3239} INFO - Sync 1 DAGs
[2024-12-03T00:10:08.577+0000] {logging_mixin.py:190} INFO - [2024-12-03T00:10:08.577+0000] {dag.py:4180} INFO - Setting next_dagrun for tutorial to 2024-12-02 00:00:00+00:00, run_after=2024-12-03 00:00:00+00:00
[2024-12-03T00:10:08.584+0000] {processor.py:208} INFO - Processing /home/airflow/.local/lib/python3.12/site-packages/airflow/example_dags/tutorial.py took 0.035 seconds
[2024-12-03T00:10:38.897+0000] {processor.py:186} INFO - Started process (PID=4349) to work on /home/airflow/.local/lib/python3.12/site-packages/airflow/example_dags/tutorial.py
[2024-12-03T00:10:38.900+0000] {processor.py:914} INFO - Processing file /home/airflow/.local/lib/python3.12/site-packages/airflow/example_dags/tutorial.py for tasks to queue
[2024-12-03T00:10:38.901+0000] {logging_mixin.py:190} INFO - [2024-12-03T00:10:38.900+0000] {dagbag.py:588} INFO - Filling up the DagBag from /home/airflow/.local/lib/python3.12/site-packages/airflow/example_dags/tutorial.py
[2024-12-03T00:10:38.904+0000] {processor.py:925} INFO - DAG(s) 'tutorial' retrieved from /home/airflow/.local/lib/python3.12/site-packages/airflow/example_dags/tutorial.py
[2024-12-03T00:10:38.911+0000] {logging_mixin.py:190} INFO - [2024-12-03T00:10:38.911+0000] {dag.py:3239} INFO - Sync 1 DAGs
[2024-12-03T00:10:38.919+0000] {logging_mixin.py:190} INFO - [2024-12-03T00:10:38.919+0000] {dag.py:4180} INFO - Setting next_dagrun for tutorial to 2024-12-02 00:00:00+00:00, run_after=2024-12-03 00:00:00+00:00
[2024-12-03T00:10:38.926+0000] {processor.py:208} INFO - Processing /home/airflow/.local/lib/python3.12/site-packages/airflow/example_dags/tutorial.py took 0.031 seconds
[2024-12-03T00:11:10.007+0000] {processor.py:186} INFO - Started process (PID=4415) to work on /home/airflow/.local/lib/python3.12/site-packages/airflow/example_dags/tutorial.py
[2024-12-03T00:11:10.008+0000] {processor.py:914} INFO - Processing file /home/airflow/.local/lib/python3.12/site-packages/airflow/example_dags/tutorial.py for tasks to queue
[2024-12-03T00:11:10.008+0000] {logging_mixin.py:190} INFO - [2024-12-03T00:11:10.008+0000] {dagbag.py:588} INFO - Filling up the DagBag from /home/airflow/.local/lib/python3.12/site-packages/airflow/example_dags/tutorial.py
[2024-12-03T00:11:10.012+0000] {processor.py:925} INFO - DAG(s) 'tutorial' retrieved from /home/airflow/.local/lib/python3.12/site-packages/airflow/example_dags/tutorial.py
[2024-12-03T00:11:10.019+0000] {logging_mixin.py:190} INFO - [2024-12-03T00:11:10.019+0000] {dag.py:3239} INFO - Sync 1 DAGs
[2024-12-03T00:11:10.027+0000] {logging_mixin.py:190} INFO - [2024-12-03T00:11:10.027+0000] {dag.py:4180} INFO - Setting next_dagrun for tutorial to 2024-12-02 00:00:00+00:00, run_after=2024-12-03 00:00:00+00:00
[2024-12-03T00:11:10.032+0000] {processor.py:208} INFO - Processing /home/airflow/.local/lib/python3.12/site-packages/airflow/example_dags/tutorial.py took 0.027 seconds
[2024-12-03T00:11:40.273+0000] {processor.py:186} INFO - Started process (PID=4481) to work on /home/airflow/.local/lib/python3.12/site-packages/airflow/example_dags/tutorial.py
[2024-12-03T00:11:40.273+0000] {processor.py:914} INFO - Processing file /home/airflow/.local/lib/python3.12/site-packages/airflow/example_dags/tutorial.py for tasks to queue
[2024-12-03T00:11:40.274+0000] {logging_mixin.py:190} INFO - [2024-12-03T00:11:40.274+0000] {dagbag.py:588} INFO - Filling up the DagBag from /home/airflow/.local/lib/python3.12/site-packages/airflow/example_dags/tutorial.py
[2024-12-03T00:11:40.277+0000] {processor.py:925} INFO - DAG(s) 'tutorial' retrieved from /home/airflow/.local/lib/python3.12/site-packages/airflow/example_dags/tutorial.py
[2024-12-03T00:11:40.286+0000] {logging_mixin.py:190} INFO - [2024-12-03T00:11:40.286+0000] {dag.py:3239} INFO - Sync 1 DAGs
[2024-12-03T00:11:40.295+0000] {logging_mixin.py:190} INFO - [2024-12-03T00:11:40.295+0000] {dag.py:4180} INFO - Setting next_dagrun for tutorial to 2024-12-02 00:00:00+00:00, run_after=2024-12-03 00:00:00+00:00
[2024-12-03T00:11:40.303+0000] {processor.py:208} INFO - Processing /home/airflow/.local/lib/python3.12/site-packages/airflow/example_dags/tutorial.py took 0.033 seconds
[2024-12-03T00:12:11.483+0000] {processor.py:186} INFO - Started process (PID=4547) to work on /home/airflow/.local/lib/python3.12/site-packages/airflow/example_dags/tutorial.py
[2024-12-03T00:12:11.484+0000] {processor.py:914} INFO - Processing file /home/airflow/.local/lib/python3.12/site-packages/airflow/example_dags/tutorial.py for tasks to queue
[2024-12-03T00:12:11.485+0000] {logging_mixin.py:190} INFO - [2024-12-03T00:12:11.485+0000] {dagbag.py:588} INFO - Filling up the DagBag from /home/airflow/.local/lib/python3.12/site-packages/airflow/example_dags/tutorial.py
[2024-12-03T00:12:11.488+0000] {processor.py:925} INFO - DAG(s) 'tutorial' retrieved from /home/airflow/.local/lib/python3.12/site-packages/airflow/example_dags/tutorial.py
[2024-12-03T00:12:11.500+0000] {logging_mixin.py:190} INFO - [2024-12-03T00:12:11.500+0000] {dag.py:3239} INFO - Sync 1 DAGs
[2024-12-03T00:12:11.508+0000] {logging_mixin.py:190} INFO - [2024-12-03T00:12:11.508+0000] {dag.py:4180} INFO - Setting next_dagrun for tutorial to 2024-12-02 00:00:00+00:00, run_after=2024-12-03 00:00:00+00:00
[2024-12-03T00:12:11.516+0000] {processor.py:208} INFO - Processing /home/airflow/.local/lib/python3.12/site-packages/airflow/example_dags/tutorial.py took 0.035 seconds
[2024-12-03T00:12:42.669+0000] {processor.py:186} INFO - Started process (PID=4613) to work on /home/airflow/.local/lib/python3.12/site-packages/airflow/example_dags/tutorial.py
[2024-12-03T00:12:42.669+0000] {processor.py:914} INFO - Processing file /home/airflow/.local/lib/python3.12/site-packages/airflow/example_dags/tutorial.py for tasks to queue
[2024-12-03T00:12:42.670+0000] {logging_mixin.py:190} INFO - [2024-12-03T00:12:42.670+0000] {dagbag.py:588} INFO - Filling up the DagBag from /home/airflow/.local/lib/python3.12/site-packages/airflow/example_dags/tutorial.py
[2024-12-03T00:12:42.674+0000] {processor.py:925} INFO - DAG(s) 'tutorial' retrieved from /home/airflow/.local/lib/python3.12/site-packages/airflow/example_dags/tutorial.py
[2024-12-03T00:12:42.681+0000] {logging_mixin.py:190} INFO - [2024-12-03T00:12:42.681+0000] {dag.py:3239} INFO - Sync 1 DAGs
[2024-12-03T00:12:42.690+0000] {logging_mixin.py:190} INFO - [2024-12-03T00:12:42.690+0000] {dag.py:4180} INFO - Setting next_dagrun for tutorial to 2024-12-02 00:00:00+00:00, run_after=2024-12-03 00:00:00+00:00
[2024-12-03T00:12:42.696+0000] {processor.py:208} INFO - Processing /home/airflow/.local/lib/python3.12/site-packages/airflow/example_dags/tutorial.py took 0.029 seconds
[2024-12-03T00:13:13.055+0000] {processor.py:186} INFO - Started process (PID=4679) to work on /home/airflow/.local/lib/python3.12/site-packages/airflow/example_dags/tutorial.py
[2024-12-03T00:13:13.058+0000] {processor.py:914} INFO - Processing file /home/airflow/.local/lib/python3.12/site-packages/airflow/example_dags/tutorial.py for tasks to queue
[2024-12-03T00:13:13.059+0000] {logging_mixin.py:190} INFO - [2024-12-03T00:13:13.059+0000] {dagbag.py:588} INFO - Filling up the DagBag from /home/airflow/.local/lib/python3.12/site-packages/airflow/example_dags/tutorial.py
[2024-12-03T00:13:13.062+0000] {processor.py:925} INFO - DAG(s) 'tutorial' retrieved from /home/airflow/.local/lib/python3.12/site-packages/airflow/example_dags/tutorial.py
[2024-12-03T00:13:13.069+0000] {logging_mixin.py:190} INFO - [2024-12-03T00:13:13.069+0000] {dag.py:3239} INFO - Sync 1 DAGs
[2024-12-03T00:13:13.078+0000] {logging_mixin.py:190} INFO - [2024-12-03T00:13:13.078+0000] {dag.py:4180} INFO - Setting next_dagrun for tutorial to 2024-12-02 00:00:00+00:00, run_after=2024-12-03 00:00:00+00:00
[2024-12-03T00:13:13.084+0000] {processor.py:208} INFO - Processing /home/airflow/.local/lib/python3.12/site-packages/airflow/example_dags/tutorial.py took 0.032 seconds
[2024-12-03T00:13:44.267+0000] {processor.py:186} INFO - Started process (PID=4745) to work on /home/airflow/.local/lib/python3.12/site-packages/airflow/example_dags/tutorial.py
[2024-12-03T00:13:44.268+0000] {processor.py:914} INFO - Processing file /home/airflow/.local/lib/python3.12/site-packages/airflow/example_dags/tutorial.py for tasks to queue
[2024-12-03T00:13:44.269+0000] {logging_mixin.py:190} INFO - [2024-12-03T00:13:44.269+0000] {dagbag.py:588} INFO - Filling up the DagBag from /home/airflow/.local/lib/python3.12/site-packages/airflow/example_dags/tutorial.py
[2024-12-03T00:13:44.272+0000] {processor.py:925} INFO - DAG(s) 'tutorial' retrieved from /home/airflow/.local/lib/python3.12/site-packages/airflow/example_dags/tutorial.py
[2024-12-03T00:13:44.281+0000] {logging_mixin.py:190} INFO - [2024-12-03T00:13:44.281+0000] {dag.py:3239} INFO - Sync 1 DAGs
[2024-12-03T00:13:44.289+0000] {logging_mixin.py:190} INFO - [2024-12-03T00:13:44.289+0000] {dag.py:4180} INFO - Setting next_dagrun for tutorial to 2024-12-02 00:00:00+00:00, run_after=2024-12-03 00:00:00+00:00
[2024-12-03T00:13:44.302+0000] {processor.py:208} INFO - Processing /home/airflow/.local/lib/python3.12/site-packages/airflow/example_dags/tutorial.py took 0.037 seconds
[2024-12-03T00:14:14.650+0000] {processor.py:186} INFO - Started process (PID=4811) to work on /home/airflow/.local/lib/python3.12/site-packages/airflow/example_dags/tutorial.py
[2024-12-03T00:14:14.651+0000] {processor.py:914} INFO - Processing file /home/airflow/.local/lib/python3.12/site-packages/airflow/example_dags/tutorial.py for tasks to queue
[2024-12-03T00:14:14.652+0000] {logging_mixin.py:190} INFO - [2024-12-03T00:14:14.652+0000] {dagbag.py:588} INFO - Filling up the DagBag from /home/airflow/.local/lib/python3.12/site-packages/airflow/example_dags/tutorial.py
[2024-12-03T00:14:14.657+0000] {processor.py:925} INFO - DAG(s) 'tutorial' retrieved from /home/airflow/.local/lib/python3.12/site-packages/airflow/example_dags/tutorial.py
[2024-12-03T00:14:14.666+0000] {logging_mixin.py:190} INFO - [2024-12-03T00:14:14.666+0000] {dag.py:3239} INFO - Sync 1 DAGs
[2024-12-03T00:14:14.674+0000] {logging_mixin.py:190} INFO - [2024-12-03T00:14:14.674+0000] {dag.py:4180} INFO - Setting next_dagrun for tutorial to 2024-12-02 00:00:00+00:00, run_after=2024-12-03 00:00:00+00:00
[2024-12-03T00:14:14.683+0000] {processor.py:208} INFO - Processing /home/airflow/.local/lib/python3.12/site-packages/airflow/example_dags/tutorial.py took 0.036 seconds
[2024-12-03T00:14:45.014+0000] {processor.py:186} INFO - Started process (PID=4877) to work on /home/airflow/.local/lib/python3.12/site-packages/airflow/example_dags/tutorial.py
[2024-12-03T00:14:45.015+0000] {processor.py:914} INFO - Processing file /home/airflow/.local/lib/python3.12/site-packages/airflow/example_dags/tutorial.py for tasks to queue
[2024-12-03T00:14:45.016+0000] {logging_mixin.py:190} INFO - [2024-12-03T00:14:45.016+0000] {dagbag.py:588} INFO - Filling up the DagBag from /home/airflow/.local/lib/python3.12/site-packages/airflow/example_dags/tutorial.py
[2024-12-03T00:14:45.019+0000] {processor.py:925} INFO - DAG(s) 'tutorial' retrieved from /home/airflow/.local/lib/python3.12/site-packages/airflow/example_dags/tutorial.py
[2024-12-03T00:14:45.027+0000] {logging_mixin.py:190} INFO - [2024-12-03T00:14:45.027+0000] {dag.py:3239} INFO - Sync 1 DAGs
[2024-12-03T00:14:45.036+0000] {logging_mixin.py:190} INFO - [2024-12-03T00:14:45.036+0000] {dag.py:4180} INFO - Setting next_dagrun for tutorial to 2024-12-02 00:00:00+00:00, run_after=2024-12-03 00:00:00+00:00
[2024-12-03T00:14:45.047+0000] {processor.py:208} INFO - Processing /home/airflow/.local/lib/python3.12/site-packages/airflow/example_dags/tutorial.py took 0.034 seconds
[2024-12-03T00:15:15.505+0000] {processor.py:186} INFO - Started process (PID=4943) to work on /home/airflow/.local/lib/python3.12/site-packages/airflow/example_dags/tutorial.py
[2024-12-03T00:15:15.505+0000] {processor.py:914} INFO - Processing file /home/airflow/.local/lib/python3.12/site-packages/airflow/example_dags/tutorial.py for tasks to queue
[2024-12-03T00:15:15.507+0000] {logging_mixin.py:190} INFO - [2024-12-03T00:15:15.506+0000] {dagbag.py:588} INFO - Filling up the DagBag from /home/airflow/.local/lib/python3.12/site-packages/airflow/example_dags/tutorial.py
[2024-12-03T00:15:15.510+0000] {processor.py:925} INFO - DAG(s) 'tutorial' retrieved from /home/airflow/.local/lib/python3.12/site-packages/airflow/example_dags/tutorial.py
[2024-12-03T00:15:15.517+0000] {logging_mixin.py:190} INFO - [2024-12-03T00:15:15.517+0000] {dag.py:3239} INFO - Sync 1 DAGs
[2024-12-03T00:15:15.526+0000] {logging_mixin.py:190} INFO - [2024-12-03T00:15:15.526+0000] {dag.py:4180} INFO - Setting next_dagrun for tutorial to 2024-12-02 00:00:00+00:00, run_after=2024-12-03 00:00:00+00:00
[2024-12-03T00:15:15.539+0000] {processor.py:208} INFO - Processing /home/airflow/.local/lib/python3.12/site-packages/airflow/example_dags/tutorial.py took 0.037 seconds
[2024-12-03T00:15:46.125+0000] {processor.py:186} INFO - Started process (PID=5009) to work on /home/airflow/.local/lib/python3.12/site-packages/airflow/example_dags/tutorial.py
[2024-12-03T00:15:46.126+0000] {processor.py:914} INFO - Processing file /home/airflow/.local/lib/python3.12/site-packages/airflow/example_dags/tutorial.py for tasks to queue
[2024-12-03T00:15:46.127+0000] {logging_mixin.py:190} INFO - [2024-12-03T00:15:46.127+0000] {dagbag.py:588} INFO - Filling up the DagBag from /home/airflow/.local/lib/python3.12/site-packages/airflow/example_dags/tutorial.py
[2024-12-03T00:15:46.130+0000] {processor.py:925} INFO - DAG(s) 'tutorial' retrieved from /home/airflow/.local/lib/python3.12/site-packages/airflow/example_dags/tutorial.py
[2024-12-03T00:15:46.142+0000] {logging_mixin.py:190} INFO - [2024-12-03T00:15:46.142+0000] {dag.py:3239} INFO - Sync 1 DAGs
[2024-12-03T00:15:46.151+0000] {logging_mixin.py:190} INFO - [2024-12-03T00:15:46.151+0000] {dag.py:4180} INFO - Setting next_dagrun for tutorial to 2024-12-02 00:00:00+00:00, run_after=2024-12-03 00:00:00+00:00
[2024-12-03T00:15:46.158+0000] {processor.py:208} INFO - Processing /home/airflow/.local/lib/python3.12/site-packages/airflow/example_dags/tutorial.py took 0.035 seconds
[2024-12-03T00:16:16.459+0000] {processor.py:186} INFO - Started process (PID=5076) to work on /home/airflow/.local/lib/python3.12/site-packages/airflow/example_dags/tutorial.py
[2024-12-03T00:16:16.460+0000] {processor.py:914} INFO - Processing file /home/airflow/.local/lib/python3.12/site-packages/airflow/example_dags/tutorial.py for tasks to queue
[2024-12-03T00:16:16.461+0000] {logging_mixin.py:190} INFO - [2024-12-03T00:16:16.461+0000] {dagbag.py:588} INFO - Filling up the DagBag from /home/airflow/.local/lib/python3.12/site-packages/airflow/example_dags/tutorial.py
[2024-12-03T00:16:16.464+0000] {processor.py:925} INFO - DAG(s) 'tutorial' retrieved from /home/airflow/.local/lib/python3.12/site-packages/airflow/example_dags/tutorial.py
[2024-12-03T00:16:16.472+0000] {logging_mixin.py:190} INFO - [2024-12-03T00:16:16.472+0000] {dag.py:3239} INFO - Sync 1 DAGs
[2024-12-03T00:16:16.480+0000] {logging_mixin.py:190} INFO - [2024-12-03T00:16:16.480+0000] {dag.py:4180} INFO - Setting next_dagrun for tutorial to 2024-12-02 00:00:00+00:00, run_after=2024-12-03 00:00:00+00:00
[2024-12-03T00:16:16.490+0000] {processor.py:208} INFO - Processing /home/airflow/.local/lib/python3.12/site-packages/airflow/example_dags/tutorial.py took 0.033 seconds
[2024-12-03T00:16:46.998+0000] {processor.py:186} INFO - Started process (PID=5143) to work on /home/airflow/.local/lib/python3.12/site-packages/airflow/example_dags/tutorial.py
[2024-12-03T00:16:46.999+0000] {processor.py:914} INFO - Processing file /home/airflow/.local/lib/python3.12/site-packages/airflow/example_dags/tutorial.py for tasks to queue
[2024-12-03T00:16:47.000+0000] {logging_mixin.py:190} INFO - [2024-12-03T00:16:46.999+0000] {dagbag.py:588} INFO - Filling up the DagBag from /home/airflow/.local/lib/python3.12/site-packages/airflow/example_dags/tutorial.py
[2024-12-03T00:16:47.003+0000] {processor.py:925} INFO - DAG(s) 'tutorial' retrieved from /home/airflow/.local/lib/python3.12/site-packages/airflow/example_dags/tutorial.py
[2024-12-03T00:16:47.012+0000] {logging_mixin.py:190} INFO - [2024-12-03T00:16:47.011+0000] {dag.py:3239} INFO - Sync 1 DAGs
[2024-12-03T00:16:47.020+0000] {logging_mixin.py:190} INFO - [2024-12-03T00:16:47.020+0000] {dag.py:4180} INFO - Setting next_dagrun for tutorial to 2024-12-02 00:00:00+00:00, run_after=2024-12-03 00:00:00+00:00
[2024-12-03T00:16:47.028+0000] {processor.py:208} INFO - Processing /home/airflow/.local/lib/python3.12/site-packages/airflow/example_dags/tutorial.py took 0.033 seconds
[2024-12-03T00:17:17.383+0000] {processor.py:186} INFO - Started process (PID=5209) to work on /home/airflow/.local/lib/python3.12/site-packages/airflow/example_dags/tutorial.py
[2024-12-03T00:17:17.383+0000] {processor.py:914} INFO - Processing file /home/airflow/.local/lib/python3.12/site-packages/airflow/example_dags/tutorial.py for tasks to queue
[2024-12-03T00:17:17.384+0000] {logging_mixin.py:190} INFO - [2024-12-03T00:17:17.384+0000] {dagbag.py:588} INFO - Filling up the DagBag from /home/airflow/.local/lib/python3.12/site-packages/airflow/example_dags/tutorial.py
[2024-12-03T00:17:17.387+0000] {processor.py:925} INFO - DAG(s) 'tutorial' retrieved from /home/airflow/.local/lib/python3.12/site-packages/airflow/example_dags/tutorial.py
[2024-12-03T00:17:17.396+0000] {logging_mixin.py:190} INFO - [2024-12-03T00:17:17.396+0000] {dag.py:3239} INFO - Sync 1 DAGs
[2024-12-03T00:17:17.405+0000] {logging_mixin.py:190} INFO - [2024-12-03T00:17:17.404+0000] {dag.py:4180} INFO - Setting next_dagrun for tutorial to 2024-12-02 00:00:00+00:00, run_after=2024-12-03 00:00:00+00:00
[2024-12-03T00:17:17.412+0000] {processor.py:208} INFO - Processing /home/airflow/.local/lib/python3.12/site-packages/airflow/example_dags/tutorial.py took 0.032 seconds
[2024-12-03T00:17:47.781+0000] {processor.py:186} INFO - Started process (PID=5275) to work on /home/airflow/.local/lib/python3.12/site-packages/airflow/example_dags/tutorial.py
[2024-12-03T00:17:47.781+0000] {processor.py:914} INFO - Processing file /home/airflow/.local/lib/python3.12/site-packages/airflow/example_dags/tutorial.py for tasks to queue
[2024-12-03T00:17:47.782+0000] {logging_mixin.py:190} INFO - [2024-12-03T00:17:47.782+0000] {dagbag.py:588} INFO - Filling up the DagBag from /home/airflow/.local/lib/python3.12/site-packages/airflow/example_dags/tutorial.py
[2024-12-03T00:17:47.786+0000] {processor.py:925} INFO - DAG(s) 'tutorial' retrieved from /home/airflow/.local/lib/python3.12/site-packages/airflow/example_dags/tutorial.py
[2024-12-03T00:17:47.793+0000] {logging_mixin.py:190} INFO - [2024-12-03T00:17:47.793+0000] {dag.py:3239} INFO - Sync 1 DAGs
[2024-12-03T00:17:47.802+0000] {logging_mixin.py:190} INFO - [2024-12-03T00:17:47.802+0000] {dag.py:4180} INFO - Setting next_dagrun for tutorial to 2024-12-02 00:00:00+00:00, run_after=2024-12-03 00:00:00+00:00
[2024-12-03T00:17:47.808+0000] {processor.py:208} INFO - Processing /home/airflow/.local/lib/python3.12/site-packages/airflow/example_dags/tutorial.py took 0.030 seconds
[2024-12-03T00:18:17.903+0000] {processor.py:186} INFO - Started process (PID=5341) to work on /home/airflow/.local/lib/python3.12/site-packages/airflow/example_dags/tutorial.py
[2024-12-03T00:18:17.903+0000] {processor.py:914} INFO - Processing file /home/airflow/.local/lib/python3.12/site-packages/airflow/example_dags/tutorial.py for tasks to queue
[2024-12-03T00:18:17.904+0000] {logging_mixin.py:190} INFO - [2024-12-03T00:18:17.904+0000] {dagbag.py:588} INFO - Filling up the DagBag from /home/airflow/.local/lib/python3.12/site-packages/airflow/example_dags/tutorial.py
[2024-12-03T00:18:17.907+0000] {processor.py:925} INFO - DAG(s) 'tutorial' retrieved from /home/airflow/.local/lib/python3.12/site-packages/airflow/example_dags/tutorial.py
[2024-12-03T00:18:17.915+0000] {logging_mixin.py:190} INFO - [2024-12-03T00:18:17.915+0000] {dag.py:3239} INFO - Sync 1 DAGs
[2024-12-03T00:18:17.923+0000] {logging_mixin.py:190} INFO - [2024-12-03T00:18:17.922+0000] {dag.py:4180} INFO - Setting next_dagrun for tutorial to 2024-12-02 00:00:00+00:00, run_after=2024-12-03 00:00:00+00:00
[2024-12-03T00:18:17.928+0000] {processor.py:208} INFO - Processing /home/airflow/.local/lib/python3.12/site-packages/airflow/example_dags/tutorial.py took 0.028 seconds
[2024-12-03T00:18:48.042+0000] {processor.py:186} INFO - Started process (PID=5406) to work on /home/airflow/.local/lib/python3.12/site-packages/airflow/example_dags/tutorial.py
[2024-12-03T00:18:48.043+0000] {processor.py:914} INFO - Processing file /home/airflow/.local/lib/python3.12/site-packages/airflow/example_dags/tutorial.py for tasks to queue
[2024-12-03T00:18:48.044+0000] {logging_mixin.py:190} INFO - [2024-12-03T00:18:48.044+0000] {dagbag.py:588} INFO - Filling up the DagBag from /home/airflow/.local/lib/python3.12/site-packages/airflow/example_dags/tutorial.py
[2024-12-03T00:18:48.049+0000] {processor.py:925} INFO - DAG(s) 'tutorial' retrieved from /home/airflow/.local/lib/python3.12/site-packages/airflow/example_dags/tutorial.py
[2024-12-03T00:18:48.059+0000] {logging_mixin.py:190} INFO - [2024-12-03T00:18:48.059+0000] {dag.py:3239} INFO - Sync 1 DAGs
[2024-12-03T00:18:48.067+0000] {logging_mixin.py:190} INFO - [2024-12-03T00:18:48.067+0000] {dag.py:4180} INFO - Setting next_dagrun for tutorial to 2024-12-02 00:00:00+00:00, run_after=2024-12-03 00:00:00+00:00
[2024-12-03T00:18:48.077+0000] {processor.py:208} INFO - Processing /home/airflow/.local/lib/python3.12/site-packages/airflow/example_dags/tutorial.py took 0.038 seconds
[2024-12-03T00:19:18.249+0000] {processor.py:186} INFO - Started process (PID=5472) to work on /home/airflow/.local/lib/python3.12/site-packages/airflow/example_dags/tutorial.py
[2024-12-03T00:19:18.250+0000] {processor.py:914} INFO - Processing file /home/airflow/.local/lib/python3.12/site-packages/airflow/example_dags/tutorial.py for tasks to queue
[2024-12-03T00:19:18.251+0000] {logging_mixin.py:190} INFO - [2024-12-03T00:19:18.251+0000] {dagbag.py:588} INFO - Filling up the DagBag from /home/airflow/.local/lib/python3.12/site-packages/airflow/example_dags/tutorial.py
[2024-12-03T00:19:18.255+0000] {processor.py:925} INFO - DAG(s) 'tutorial' retrieved from /home/airflow/.local/lib/python3.12/site-packages/airflow/example_dags/tutorial.py
[2024-12-03T00:19:18.263+0000] {logging_mixin.py:190} INFO - [2024-12-03T00:19:18.263+0000] {dag.py:3239} INFO - Sync 1 DAGs
[2024-12-03T00:19:18.272+0000] {logging_mixin.py:190} INFO - [2024-12-03T00:19:18.272+0000] {dag.py:4180} INFO - Setting next_dagrun for tutorial to 2024-12-02 00:00:00+00:00, run_after=2024-12-03 00:00:00+00:00
[2024-12-03T00:19:18.278+0000] {processor.py:208} INFO - Processing /home/airflow/.local/lib/python3.12/site-packages/airflow/example_dags/tutorial.py took 0.032 seconds
[2024-12-03T00:19:48.482+0000] {processor.py:186} INFO - Started process (PID=5537) to work on /home/airflow/.local/lib/python3.12/site-packages/airflow/example_dags/tutorial.py
[2024-12-03T00:19:48.484+0000] {processor.py:914} INFO - Processing file /home/airflow/.local/lib/python3.12/site-packages/airflow/example_dags/tutorial.py for tasks to queue
[2024-12-03T00:19:48.486+0000] {logging_mixin.py:190} INFO - [2024-12-03T00:19:48.486+0000] {dagbag.py:588} INFO - Filling up the DagBag from /home/airflow/.local/lib/python3.12/site-packages/airflow/example_dags/tutorial.py
[2024-12-03T00:19:48.491+0000] {processor.py:925} INFO - DAG(s) 'tutorial' retrieved from /home/airflow/.local/lib/python3.12/site-packages/airflow/example_dags/tutorial.py
[2024-12-03T00:19:48.499+0000] {logging_mixin.py:190} INFO - [2024-12-03T00:19:48.499+0000] {dag.py:3239} INFO - Sync 1 DAGs
[2024-12-03T00:19:48.511+0000] {logging_mixin.py:190} INFO - [2024-12-03T00:19:48.511+0000] {dag.py:4180} INFO - Setting next_dagrun for tutorial to 2024-12-02 00:00:00+00:00, run_after=2024-12-03 00:00:00+00:00
[2024-12-03T00:19:48.518+0000] {processor.py:208} INFO - Processing /home/airflow/.local/lib/python3.12/site-packages/airflow/example_dags/tutorial.py took 0.038 seconds
[2024-12-03T00:20:18.769+0000] {processor.py:186} INFO - Started process (PID=5603) to work on /home/airflow/.local/lib/python3.12/site-packages/airflow/example_dags/tutorial.py
[2024-12-03T00:20:18.770+0000] {processor.py:914} INFO - Processing file /home/airflow/.local/lib/python3.12/site-packages/airflow/example_dags/tutorial.py for tasks to queue
[2024-12-03T00:20:18.771+0000] {logging_mixin.py:190} INFO - [2024-12-03T00:20:18.771+0000] {dagbag.py:588} INFO - Filling up the DagBag from /home/airflow/.local/lib/python3.12/site-packages/airflow/example_dags/tutorial.py
[2024-12-03T00:20:18.776+0000] {processor.py:925} INFO - DAG(s) 'tutorial' retrieved from /home/airflow/.local/lib/python3.12/site-packages/airflow/example_dags/tutorial.py
[2024-12-03T00:20:18.784+0000] {logging_mixin.py:190} INFO - [2024-12-03T00:20:18.784+0000] {dag.py:3239} INFO - Sync 1 DAGs
[2024-12-03T00:20:18.792+0000] {logging_mixin.py:190} INFO - [2024-12-03T00:20:18.792+0000] {dag.py:4180} INFO - Setting next_dagrun for tutorial to 2024-12-02 00:00:00+00:00, run_after=2024-12-03 00:00:00+00:00
[2024-12-03T00:20:18.803+0000] {processor.py:208} INFO - Processing /home/airflow/.local/lib/python3.12/site-packages/airflow/example_dags/tutorial.py took 0.037 seconds
[2024-12-03T00:20:49.093+0000] {processor.py:186} INFO - Started process (PID=5669) to work on /home/airflow/.local/lib/python3.12/site-packages/airflow/example_dags/tutorial.py
[2024-12-03T00:20:49.093+0000] {processor.py:914} INFO - Processing file /home/airflow/.local/lib/python3.12/site-packages/airflow/example_dags/tutorial.py for tasks to queue
[2024-12-03T00:20:49.094+0000] {logging_mixin.py:190} INFO - [2024-12-03T00:20:49.094+0000] {dagbag.py:588} INFO - Filling up the DagBag from /home/airflow/.local/lib/python3.12/site-packages/airflow/example_dags/tutorial.py
[2024-12-03T00:20:49.098+0000] {processor.py:925} INFO - DAG(s) 'tutorial' retrieved from /home/airflow/.local/lib/python3.12/site-packages/airflow/example_dags/tutorial.py
[2024-12-03T00:20:49.105+0000] {logging_mixin.py:190} INFO - [2024-12-03T00:20:49.105+0000] {dag.py:3239} INFO - Sync 1 DAGs
[2024-12-03T00:20:49.112+0000] {logging_mixin.py:190} INFO - [2024-12-03T00:20:49.112+0000] {dag.py:4180} INFO - Setting next_dagrun for tutorial to 2024-12-02 00:00:00+00:00, run_after=2024-12-03 00:00:00+00:00
[2024-12-03T00:20:49.117+0000] {processor.py:208} INFO - Processing /home/airflow/.local/lib/python3.12/site-packages/airflow/example_dags/tutorial.py took 0.026 seconds
[2024-12-03T00:21:19.478+0000] {processor.py:186} INFO - Started process (PID=5735) to work on /home/airflow/.local/lib/python3.12/site-packages/airflow/example_dags/tutorial.py
[2024-12-03T00:21:19.478+0000] {processor.py:914} INFO - Processing file /home/airflow/.local/lib/python3.12/site-packages/airflow/example_dags/tutorial.py for tasks to queue
[2024-12-03T00:21:19.479+0000] {logging_mixin.py:190} INFO - [2024-12-03T00:21:19.479+0000] {dagbag.py:588} INFO - Filling up the DagBag from /home/airflow/.local/lib/python3.12/site-packages/airflow/example_dags/tutorial.py
[2024-12-03T00:21:19.482+0000] {processor.py:925} INFO - DAG(s) 'tutorial' retrieved from /home/airflow/.local/lib/python3.12/site-packages/airflow/example_dags/tutorial.py
[2024-12-03T00:21:19.489+0000] {logging_mixin.py:190} INFO - [2024-12-03T00:21:19.489+0000] {dag.py:3239} INFO - Sync 1 DAGs
[2024-12-03T00:21:19.496+0000] {logging_mixin.py:190} INFO - [2024-12-03T00:21:19.496+0000] {dag.py:4180} INFO - Setting next_dagrun for tutorial to 2024-12-02 00:00:00+00:00, run_after=2024-12-03 00:00:00+00:00
[2024-12-03T00:21:19.501+0000] {processor.py:208} INFO - Processing /home/airflow/.local/lib/python3.12/site-packages/airflow/example_dags/tutorial.py took 0.025 seconds
[2024-12-03T00:21:49.808+0000] {processor.py:186} INFO - Started process (PID=5801) to work on /home/airflow/.local/lib/python3.12/site-packages/airflow/example_dags/tutorial.py
[2024-12-03T00:21:49.808+0000] {processor.py:914} INFO - Processing file /home/airflow/.local/lib/python3.12/site-packages/airflow/example_dags/tutorial.py for tasks to queue
[2024-12-03T00:21:49.809+0000] {logging_mixin.py:190} INFO - [2024-12-03T00:21:49.809+0000] {dagbag.py:588} INFO - Filling up the DagBag from /home/airflow/.local/lib/python3.12/site-packages/airflow/example_dags/tutorial.py
[2024-12-03T00:21:49.812+0000] {processor.py:925} INFO - DAG(s) 'tutorial' retrieved from /home/airflow/.local/lib/python3.12/site-packages/airflow/example_dags/tutorial.py
[2024-12-03T00:21:49.819+0000] {logging_mixin.py:190} INFO - [2024-12-03T00:21:49.819+0000] {dag.py:3239} INFO - Sync 1 DAGs
[2024-12-03T00:21:49.826+0000] {logging_mixin.py:190} INFO - [2024-12-03T00:21:49.826+0000] {dag.py:4180} INFO - Setting next_dagrun for tutorial to 2024-12-02 00:00:00+00:00, run_after=2024-12-03 00:00:00+00:00
[2024-12-03T00:21:49.831+0000] {processor.py:208} INFO - Processing /home/airflow/.local/lib/python3.12/site-packages/airflow/example_dags/tutorial.py took 0.025 seconds
[2024-12-03T00:22:20.277+0000] {processor.py:186} INFO - Started process (PID=5868) to work on /home/airflow/.local/lib/python3.12/site-packages/airflow/example_dags/tutorial.py
[2024-12-03T00:22:20.277+0000] {processor.py:914} INFO - Processing file /home/airflow/.local/lib/python3.12/site-packages/airflow/example_dags/tutorial.py for tasks to queue
[2024-12-03T00:22:20.278+0000] {logging_mixin.py:190} INFO - [2024-12-03T00:22:20.278+0000] {dagbag.py:588} INFO - Filling up the DagBag from /home/airflow/.local/lib/python3.12/site-packages/airflow/example_dags/tutorial.py
[2024-12-03T00:22:20.281+0000] {processor.py:925} INFO - DAG(s) 'tutorial' retrieved from /home/airflow/.local/lib/python3.12/site-packages/airflow/example_dags/tutorial.py
[2024-12-03T00:22:20.288+0000] {logging_mixin.py:190} INFO - [2024-12-03T00:22:20.288+0000] {dag.py:3239} INFO - Sync 1 DAGs
[2024-12-03T00:22:20.295+0000] {logging_mixin.py:190} INFO - [2024-12-03T00:22:20.295+0000] {dag.py:4180} INFO - Setting next_dagrun for tutorial to 2024-12-02 00:00:00+00:00, run_after=2024-12-03 00:00:00+00:00
[2024-12-03T00:22:20.301+0000] {processor.py:208} INFO - Processing /home/airflow/.local/lib/python3.12/site-packages/airflow/example_dags/tutorial.py took 0.027 seconds
[2024-12-03T00:22:50.796+0000] {processor.py:186} INFO - Started process (PID=5934) to work on /home/airflow/.local/lib/python3.12/site-packages/airflow/example_dags/tutorial.py
[2024-12-03T00:22:50.796+0000] {processor.py:914} INFO - Processing file /home/airflow/.local/lib/python3.12/site-packages/airflow/example_dags/tutorial.py for tasks to queue
[2024-12-03T00:22:50.797+0000] {logging_mixin.py:190} INFO - [2024-12-03T00:22:50.797+0000] {dagbag.py:588} INFO - Filling up the DagBag from /home/airflow/.local/lib/python3.12/site-packages/airflow/example_dags/tutorial.py
[2024-12-03T00:22:50.801+0000] {processor.py:925} INFO - DAG(s) 'tutorial' retrieved from /home/airflow/.local/lib/python3.12/site-packages/airflow/example_dags/tutorial.py
[2024-12-03T00:22:50.810+0000] {logging_mixin.py:190} INFO - [2024-12-03T00:22:50.810+0000] {dag.py:3239} INFO - Sync 1 DAGs
[2024-12-03T00:22:50.820+0000] {logging_mixin.py:190} INFO - [2024-12-03T00:22:50.820+0000] {dag.py:4180} INFO - Setting next_dagrun for tutorial to 2024-12-02 00:00:00+00:00, run_after=2024-12-03 00:00:00+00:00
[2024-12-03T00:22:50.831+0000] {processor.py:208} INFO - Processing /home/airflow/.local/lib/python3.12/site-packages/airflow/example_dags/tutorial.py took 0.040 seconds
[2024-12-03T00:23:21.128+0000] {processor.py:186} INFO - Started process (PID=6000) to work on /home/airflow/.local/lib/python3.12/site-packages/airflow/example_dags/tutorial.py
[2024-12-03T00:23:21.129+0000] {processor.py:914} INFO - Processing file /home/airflow/.local/lib/python3.12/site-packages/airflow/example_dags/tutorial.py for tasks to queue
[2024-12-03T00:23:21.129+0000] {logging_mixin.py:190} INFO - [2024-12-03T00:23:21.129+0000] {dagbag.py:588} INFO - Filling up the DagBag from /home/airflow/.local/lib/python3.12/site-packages/airflow/example_dags/tutorial.py
[2024-12-03T00:23:21.133+0000] {processor.py:925} INFO - DAG(s) 'tutorial' retrieved from /home/airflow/.local/lib/python3.12/site-packages/airflow/example_dags/tutorial.py
[2024-12-03T00:23:21.141+0000] {logging_mixin.py:190} INFO - [2024-12-03T00:23:21.141+0000] {dag.py:3239} INFO - Sync 1 DAGs
[2024-12-03T00:23:21.151+0000] {logging_mixin.py:190} INFO - [2024-12-03T00:23:21.150+0000] {dag.py:4180} INFO - Setting next_dagrun for tutorial to 2024-12-02 00:00:00+00:00, run_after=2024-12-03 00:00:00+00:00
[2024-12-03T00:23:21.161+0000] {processor.py:208} INFO - Processing /home/airflow/.local/lib/python3.12/site-packages/airflow/example_dags/tutorial.py took 0.035 seconds
[2024-12-03T00:23:51.292+0000] {processor.py:186} INFO - Started process (PID=6066) to work on /home/airflow/.local/lib/python3.12/site-packages/airflow/example_dags/tutorial.py
[2024-12-03T00:23:51.293+0000] {processor.py:914} INFO - Processing file /home/airflow/.local/lib/python3.12/site-packages/airflow/example_dags/tutorial.py for tasks to queue
[2024-12-03T00:23:51.295+0000] {logging_mixin.py:190} INFO - [2024-12-03T00:23:51.294+0000] {dagbag.py:588} INFO - Filling up the DagBag from /home/airflow/.local/lib/python3.12/site-packages/airflow/example_dags/tutorial.py
[2024-12-03T00:23:51.299+0000] {processor.py:925} INFO - DAG(s) 'tutorial' retrieved from /home/airflow/.local/lib/python3.12/site-packages/airflow/example_dags/tutorial.py
[2024-12-03T00:23:51.308+0000] {logging_mixin.py:190} INFO - [2024-12-03T00:23:51.308+0000] {dag.py:3239} INFO - Sync 1 DAGs
[2024-12-03T00:23:51.317+0000] {logging_mixin.py:190} INFO - [2024-12-03T00:23:51.317+0000] {dag.py:4180} INFO - Setting next_dagrun for tutorial to 2024-12-02 00:00:00+00:00, run_after=2024-12-03 00:00:00+00:00
[2024-12-03T00:23:51.323+0000] {processor.py:208} INFO - Processing /home/airflow/.local/lib/python3.12/site-packages/airflow/example_dags/tutorial.py took 0.034 seconds
[2024-12-03T00:24:21.602+0000] {processor.py:186} INFO - Started process (PID=6131) to work on /home/airflow/.local/lib/python3.12/site-packages/airflow/example_dags/tutorial.py
[2024-12-03T00:24:21.603+0000] {processor.py:914} INFO - Processing file /home/airflow/.local/lib/python3.12/site-packages/airflow/example_dags/tutorial.py for tasks to queue
[2024-12-03T00:24:21.605+0000] {logging_mixin.py:190} INFO - [2024-12-03T00:24:21.605+0000] {dagbag.py:588} INFO - Filling up the DagBag from /home/airflow/.local/lib/python3.12/site-packages/airflow/example_dags/tutorial.py
[2024-12-03T00:24:21.609+0000] {processor.py:925} INFO - DAG(s) 'tutorial' retrieved from /home/airflow/.local/lib/python3.12/site-packages/airflow/example_dags/tutorial.py
[2024-12-03T00:24:21.617+0000] {logging_mixin.py:190} INFO - [2024-12-03T00:24:21.617+0000] {dag.py:3239} INFO - Sync 1 DAGs
[2024-12-03T00:24:21.625+0000] {logging_mixin.py:190} INFO - [2024-12-03T00:24:21.625+0000] {dag.py:4180} INFO - Setting next_dagrun for tutorial to 2024-12-02 00:00:00+00:00, run_after=2024-12-03 00:00:00+00:00
[2024-12-03T00:24:21.633+0000] {processor.py:208} INFO - Processing /home/airflow/.local/lib/python3.12/site-packages/airflow/example_dags/tutorial.py took 0.034 seconds
[2024-12-03T00:24:51.936+0000] {processor.py:186} INFO - Started process (PID=6197) to work on /home/airflow/.local/lib/python3.12/site-packages/airflow/example_dags/tutorial.py
[2024-12-03T00:24:51.937+0000] {processor.py:914} INFO - Processing file /home/airflow/.local/lib/python3.12/site-packages/airflow/example_dags/tutorial.py for tasks to queue
[2024-12-03T00:24:51.938+0000] {logging_mixin.py:190} INFO - [2024-12-03T00:24:51.938+0000] {dagbag.py:588} INFO - Filling up the DagBag from /home/airflow/.local/lib/python3.12/site-packages/airflow/example_dags/tutorial.py
[2024-12-03T00:24:51.944+0000] {processor.py:925} INFO - DAG(s) 'tutorial' retrieved from /home/airflow/.local/lib/python3.12/site-packages/airflow/example_dags/tutorial.py
[2024-12-03T00:24:51.954+0000] {logging_mixin.py:190} INFO - [2024-12-03T00:24:51.954+0000] {dag.py:3239} INFO - Sync 1 DAGs
[2024-12-03T00:24:51.964+0000] {logging_mixin.py:190} INFO - [2024-12-03T00:24:51.964+0000] {dag.py:4180} INFO - Setting next_dagrun for tutorial to 2024-12-02 00:00:00+00:00, run_after=2024-12-03 00:00:00+00:00
[2024-12-03T00:24:51.970+0000] {processor.py:208} INFO - Processing /home/airflow/.local/lib/python3.12/site-packages/airflow/example_dags/tutorial.py took 0.036 seconds
[2024-12-03T00:25:22.300+0000] {processor.py:186} INFO - Started process (PID=6263) to work on /home/airflow/.local/lib/python3.12/site-packages/airflow/example_dags/tutorial.py
[2024-12-03T00:25:22.301+0000] {processor.py:914} INFO - Processing file /home/airflow/.local/lib/python3.12/site-packages/airflow/example_dags/tutorial.py for tasks to queue
[2024-12-03T00:25:22.302+0000] {logging_mixin.py:190} INFO - [2024-12-03T00:25:22.301+0000] {dagbag.py:588} INFO - Filling up the DagBag from /home/airflow/.local/lib/python3.12/site-packages/airflow/example_dags/tutorial.py
[2024-12-03T00:25:22.305+0000] {processor.py:925} INFO - DAG(s) 'tutorial' retrieved from /home/airflow/.local/lib/python3.12/site-packages/airflow/example_dags/tutorial.py
[2024-12-03T00:25:22.314+0000] {logging_mixin.py:190} INFO - [2024-12-03T00:25:22.314+0000] {dag.py:3239} INFO - Sync 1 DAGs
[2024-12-03T00:25:22.322+0000] {logging_mixin.py:190} INFO - [2024-12-03T00:25:22.322+0000] {dag.py:4180} INFO - Setting next_dagrun for tutorial to 2024-12-02 00:00:00+00:00, run_after=2024-12-03 00:00:00+00:00
[2024-12-03T00:25:22.333+0000] {processor.py:208} INFO - Processing /home/airflow/.local/lib/python3.12/site-packages/airflow/example_dags/tutorial.py took 0.035 seconds
[2024-12-03T00:25:52.569+0000] {processor.py:186} INFO - Started process (PID=6329) to work on /home/airflow/.local/lib/python3.12/site-packages/airflow/example_dags/tutorial.py
[2024-12-03T00:25:52.569+0000] {processor.py:914} INFO - Processing file /home/airflow/.local/lib/python3.12/site-packages/airflow/example_dags/tutorial.py for tasks to queue
[2024-12-03T00:25:52.570+0000] {logging_mixin.py:190} INFO - [2024-12-03T00:25:52.570+0000] {dagbag.py:588} INFO - Filling up the DagBag from /home/airflow/.local/lib/python3.12/site-packages/airflow/example_dags/tutorial.py
[2024-12-03T00:25:52.575+0000] {processor.py:925} INFO - DAG(s) 'tutorial' retrieved from /home/airflow/.local/lib/python3.12/site-packages/airflow/example_dags/tutorial.py
[2024-12-03T00:25:52.584+0000] {logging_mixin.py:190} INFO - [2024-12-03T00:25:52.583+0000] {dag.py:3239} INFO - Sync 1 DAGs
[2024-12-03T00:25:52.591+0000] {logging_mixin.py:190} INFO - [2024-12-03T00:25:52.591+0000] {dag.py:4180} INFO - Setting next_dagrun for tutorial to 2024-12-02 00:00:00+00:00, run_after=2024-12-03 00:00:00+00:00
[2024-12-03T00:25:52.600+0000] {processor.py:208} INFO - Processing /home/airflow/.local/lib/python3.12/site-packages/airflow/example_dags/tutorial.py took 0.033 seconds
[2024-12-03T00:26:22.874+0000] {processor.py:186} INFO - Started process (PID=6395) to work on /home/airflow/.local/lib/python3.12/site-packages/airflow/example_dags/tutorial.py
[2024-12-03T00:26:22.874+0000] {processor.py:914} INFO - Processing file /home/airflow/.local/lib/python3.12/site-packages/airflow/example_dags/tutorial.py for tasks to queue
[2024-12-03T00:26:22.876+0000] {logging_mixin.py:190} INFO - [2024-12-03T00:26:22.875+0000] {dagbag.py:588} INFO - Filling up the DagBag from /home/airflow/.local/lib/python3.12/site-packages/airflow/example_dags/tutorial.py
[2024-12-03T00:26:22.880+0000] {processor.py:925} INFO - DAG(s) 'tutorial' retrieved from /home/airflow/.local/lib/python3.12/site-packages/airflow/example_dags/tutorial.py
[2024-12-03T00:26:22.892+0000] {logging_mixin.py:190} INFO - [2024-12-03T00:26:22.892+0000] {dag.py:3239} INFO - Sync 1 DAGs
[2024-12-03T00:26:22.900+0000] {logging_mixin.py:190} INFO - [2024-12-03T00:26:22.900+0000] {dag.py:4180} INFO - Setting next_dagrun for tutorial to 2024-12-02 00:00:00+00:00, run_after=2024-12-03 00:00:00+00:00
[2024-12-03T00:26:22.906+0000] {processor.py:208} INFO - Processing /home/airflow/.local/lib/python3.12/site-packages/airflow/example_dags/tutorial.py took 0.035 seconds
[2024-12-03T00:26:53.244+0000] {processor.py:186} INFO - Started process (PID=6461) to work on /home/airflow/.local/lib/python3.12/site-packages/airflow/example_dags/tutorial.py
[2024-12-03T00:26:53.244+0000] {processor.py:914} INFO - Processing file /home/airflow/.local/lib/python3.12/site-packages/airflow/example_dags/tutorial.py for tasks to queue
[2024-12-03T00:26:53.245+0000] {logging_mixin.py:190} INFO - [2024-12-03T00:26:53.245+0000] {dagbag.py:588} INFO - Filling up the DagBag from /home/airflow/.local/lib/python3.12/site-packages/airflow/example_dags/tutorial.py
[2024-12-03T00:26:53.249+0000] {processor.py:925} INFO - DAG(s) 'tutorial' retrieved from /home/airflow/.local/lib/python3.12/site-packages/airflow/example_dags/tutorial.py
[2024-12-03T00:26:53.263+0000] {logging_mixin.py:190} INFO - [2024-12-03T00:26:53.263+0000] {dag.py:3239} INFO - Sync 1 DAGs
[2024-12-03T00:26:53.275+0000] {logging_mixin.py:190} INFO - [2024-12-03T00:26:53.275+0000] {dag.py:4180} INFO - Setting next_dagrun for tutorial to 2024-12-02 00:00:00+00:00, run_after=2024-12-03 00:00:00+00:00
[2024-12-03T00:26:53.284+0000] {processor.py:208} INFO - Processing /home/airflow/.local/lib/python3.12/site-packages/airflow/example_dags/tutorial.py took 0.043 seconds
[2024-12-03T00:27:23.614+0000] {processor.py:186} INFO - Started process (PID=6527) to work on /home/airflow/.local/lib/python3.12/site-packages/airflow/example_dags/tutorial.py
[2024-12-03T00:27:23.614+0000] {processor.py:914} INFO - Processing file /home/airflow/.local/lib/python3.12/site-packages/airflow/example_dags/tutorial.py for tasks to queue
[2024-12-03T00:27:23.616+0000] {logging_mixin.py:190} INFO - [2024-12-03T00:27:23.615+0000] {dagbag.py:588} INFO - Filling up the DagBag from /home/airflow/.local/lib/python3.12/site-packages/airflow/example_dags/tutorial.py
[2024-12-03T00:27:23.623+0000] {processor.py:925} INFO - DAG(s) 'tutorial' retrieved from /home/airflow/.local/lib/python3.12/site-packages/airflow/example_dags/tutorial.py
[2024-12-03T00:27:23.637+0000] {logging_mixin.py:190} INFO - [2024-12-03T00:27:23.637+0000] {dag.py:3239} INFO - Sync 1 DAGs
[2024-12-03T00:27:23.649+0000] {logging_mixin.py:190} INFO - [2024-12-03T00:27:23.649+0000] {dag.py:4180} INFO - Setting next_dagrun for tutorial to 2024-12-02 00:00:00+00:00, run_after=2024-12-03 00:00:00+00:00
[2024-12-03T00:27:23.663+0000] {processor.py:208} INFO - Processing /home/airflow/.local/lib/python3.12/site-packages/airflow/example_dags/tutorial.py took 0.052 seconds
[2024-12-03T00:27:54.155+0000] {processor.py:186} INFO - Started process (PID=6593) to work on /home/airflow/.local/lib/python3.12/site-packages/airflow/example_dags/tutorial.py
[2024-12-03T00:27:54.155+0000] {processor.py:914} INFO - Processing file /home/airflow/.local/lib/python3.12/site-packages/airflow/example_dags/tutorial.py for tasks to queue
[2024-12-03T00:27:54.156+0000] {logging_mixin.py:190} INFO - [2024-12-03T00:27:54.156+0000] {dagbag.py:588} INFO - Filling up the DagBag from /home/airflow/.local/lib/python3.12/site-packages/airflow/example_dags/tutorial.py
[2024-12-03T00:27:54.160+0000] {processor.py:925} INFO - DAG(s) 'tutorial' retrieved from /home/airflow/.local/lib/python3.12/site-packages/airflow/example_dags/tutorial.py
[2024-12-03T00:27:54.170+0000] {logging_mixin.py:190} INFO - [2024-12-03T00:27:54.170+0000] {dag.py:3239} INFO - Sync 1 DAGs
[2024-12-03T00:27:54.183+0000] {logging_mixin.py:190} INFO - [2024-12-03T00:27:54.183+0000] {dag.py:4180} INFO - Setting next_dagrun for tutorial to 2024-12-02 00:00:00+00:00, run_after=2024-12-03 00:00:00+00:00
[2024-12-03T00:27:54.191+0000] {processor.py:208} INFO - Processing /home/airflow/.local/lib/python3.12/site-packages/airflow/example_dags/tutorial.py took 0.039 seconds
[2024-12-03T00:28:24.529+0000] {processor.py:186} INFO - Started process (PID=6659) to work on /home/airflow/.local/lib/python3.12/site-packages/airflow/example_dags/tutorial.py
[2024-12-03T00:28:24.530+0000] {processor.py:914} INFO - Processing file /home/airflow/.local/lib/python3.12/site-packages/airflow/example_dags/tutorial.py for tasks to queue
[2024-12-03T00:28:24.531+0000] {logging_mixin.py:190} INFO - [2024-12-03T00:28:24.531+0000] {dagbag.py:588} INFO - Filling up the DagBag from /home/airflow/.local/lib/python3.12/site-packages/airflow/example_dags/tutorial.py
[2024-12-03T00:28:24.536+0000] {processor.py:925} INFO - DAG(s) 'tutorial' retrieved from /home/airflow/.local/lib/python3.12/site-packages/airflow/example_dags/tutorial.py
[2024-12-03T00:28:24.546+0000] {logging_mixin.py:190} INFO - [2024-12-03T00:28:24.546+0000] {dag.py:3239} INFO - Sync 1 DAGs
[2024-12-03T00:28:24.556+0000] {logging_mixin.py:190} INFO - [2024-12-03T00:28:24.556+0000] {dag.py:4180} INFO - Setting next_dagrun for tutorial to 2024-12-02 00:00:00+00:00, run_after=2024-12-03 00:00:00+00:00
[2024-12-03T00:28:24.562+0000] {processor.py:208} INFO - Processing /home/airflow/.local/lib/python3.12/site-packages/airflow/example_dags/tutorial.py took 0.036 seconds
[2024-12-03T00:28:54.877+0000] {processor.py:186} INFO - Started process (PID=6725) to work on /home/airflow/.local/lib/python3.12/site-packages/airflow/example_dags/tutorial.py
[2024-12-03T00:28:54.880+0000] {processor.py:914} INFO - Processing file /home/airflow/.local/lib/python3.12/site-packages/airflow/example_dags/tutorial.py for tasks to queue
[2024-12-03T00:28:54.881+0000] {logging_mixin.py:190} INFO - [2024-12-03T00:28:54.881+0000] {dagbag.py:588} INFO - Filling up the DagBag from /home/airflow/.local/lib/python3.12/site-packages/airflow/example_dags/tutorial.py
[2024-12-03T00:28:54.885+0000] {processor.py:925} INFO - DAG(s) 'tutorial' retrieved from /home/airflow/.local/lib/python3.12/site-packages/airflow/example_dags/tutorial.py
[2024-12-03T00:28:54.895+0000] {logging_mixin.py:190} INFO - [2024-12-03T00:28:54.895+0000] {dag.py:3239} INFO - Sync 1 DAGs
[2024-12-03T00:28:54.905+0000] {logging_mixin.py:190} INFO - [2024-12-03T00:28:54.904+0000] {dag.py:4180} INFO - Setting next_dagrun for tutorial to 2024-12-02 00:00:00+00:00, run_after=2024-12-03 00:00:00+00:00
[2024-12-03T00:28:54.910+0000] {processor.py:208} INFO - Processing /home/airflow/.local/lib/python3.12/site-packages/airflow/example_dags/tutorial.py took 0.036 seconds
[2024-12-03T00:29:25.316+0000] {processor.py:186} INFO - Started process (PID=6791) to work on /home/airflow/.local/lib/python3.12/site-packages/airflow/example_dags/tutorial.py
[2024-12-03T00:29:25.318+0000] {processor.py:914} INFO - Processing file /home/airflow/.local/lib/python3.12/site-packages/airflow/example_dags/tutorial.py for tasks to queue
[2024-12-03T00:29:25.319+0000] {logging_mixin.py:190} INFO - [2024-12-03T00:29:25.319+0000] {dagbag.py:588} INFO - Filling up the DagBag from /home/airflow/.local/lib/python3.12/site-packages/airflow/example_dags/tutorial.py
[2024-12-03T00:29:25.323+0000] {processor.py:925} INFO - DAG(s) 'tutorial' retrieved from /home/airflow/.local/lib/python3.12/site-packages/airflow/example_dags/tutorial.py
[2024-12-03T00:29:25.330+0000] {logging_mixin.py:190} INFO - [2024-12-03T00:29:25.330+0000] {dag.py:3239} INFO - Sync 1 DAGs
[2024-12-03T00:29:25.338+0000] {logging_mixin.py:190} INFO - [2024-12-03T00:29:25.338+0000] {dag.py:4180} INFO - Setting next_dagrun for tutorial to 2024-12-02 00:00:00+00:00, run_after=2024-12-03 00:00:00+00:00
[2024-12-03T00:29:25.346+0000] {processor.py:208} INFO - Processing /home/airflow/.local/lib/python3.12/site-packages/airflow/example_dags/tutorial.py took 0.032 seconds
[2024-12-03T00:29:55.714+0000] {processor.py:186} INFO - Started process (PID=6857) to work on /home/airflow/.local/lib/python3.12/site-packages/airflow/example_dags/tutorial.py
[2024-12-03T00:29:55.715+0000] {processor.py:914} INFO - Processing file /home/airflow/.local/lib/python3.12/site-packages/airflow/example_dags/tutorial.py for tasks to queue
[2024-12-03T00:29:55.716+0000] {logging_mixin.py:190} INFO - [2024-12-03T00:29:55.716+0000] {dagbag.py:588} INFO - Filling up the DagBag from /home/airflow/.local/lib/python3.12/site-packages/airflow/example_dags/tutorial.py
[2024-12-03T00:29:55.723+0000] {processor.py:925} INFO - DAG(s) 'tutorial' retrieved from /home/airflow/.local/lib/python3.12/site-packages/airflow/example_dags/tutorial.py
[2024-12-03T00:29:55.735+0000] {logging_mixin.py:190} INFO - [2024-12-03T00:29:55.735+0000] {dag.py:3239} INFO - Sync 1 DAGs
[2024-12-03T00:29:55.746+0000] {logging_mixin.py:190} INFO - [2024-12-03T00:29:55.746+0000] {dag.py:4180} INFO - Setting next_dagrun for tutorial to 2024-12-02 00:00:00+00:00, run_after=2024-12-03 00:00:00+00:00
[2024-12-03T00:29:55.755+0000] {processor.py:208} INFO - Processing /home/airflow/.local/lib/python3.12/site-packages/airflow/example_dags/tutorial.py took 0.045 seconds
[2024-12-03T00:30:26.418+0000] {processor.py:186} INFO - Started process (PID=6923) to work on /home/airflow/.local/lib/python3.12/site-packages/airflow/example_dags/tutorial.py
[2024-12-03T00:30:26.421+0000] {processor.py:914} INFO - Processing file /home/airflow/.local/lib/python3.12/site-packages/airflow/example_dags/tutorial.py for tasks to queue
[2024-12-03T00:30:26.423+0000] {logging_mixin.py:190} INFO - [2024-12-03T00:30:26.423+0000] {dagbag.py:588} INFO - Filling up the DagBag from /home/airflow/.local/lib/python3.12/site-packages/airflow/example_dags/tutorial.py
[2024-12-03T00:30:26.426+0000] {processor.py:925} INFO - DAG(s) 'tutorial' retrieved from /home/airflow/.local/lib/python3.12/site-packages/airflow/example_dags/tutorial.py
[2024-12-03T00:30:26.434+0000] {logging_mixin.py:190} INFO - [2024-12-03T00:30:26.434+0000] {dag.py:3239} INFO - Sync 1 DAGs
[2024-12-03T00:30:26.443+0000] {logging_mixin.py:190} INFO - [2024-12-03T00:30:26.443+0000] {dag.py:4180} INFO - Setting next_dagrun for tutorial to 2024-12-02 00:00:00+00:00, run_after=2024-12-03 00:00:00+00:00
[2024-12-03T00:30:26.456+0000] {processor.py:208} INFO - Processing /home/airflow/.local/lib/python3.12/site-packages/airflow/example_dags/tutorial.py took 0.040 seconds
[2024-12-03T00:30:56.800+0000] {processor.py:186} INFO - Started process (PID=6989) to work on /home/airflow/.local/lib/python3.12/site-packages/airflow/example_dags/tutorial.py
[2024-12-03T00:30:56.803+0000] {processor.py:914} INFO - Processing file /home/airflow/.local/lib/python3.12/site-packages/airflow/example_dags/tutorial.py for tasks to queue
[2024-12-03T00:30:56.804+0000] {logging_mixin.py:190} INFO - [2024-12-03T00:30:56.804+0000] {dagbag.py:588} INFO - Filling up the DagBag from /home/airflow/.local/lib/python3.12/site-packages/airflow/example_dags/tutorial.py
[2024-12-03T00:30:56.808+0000] {processor.py:925} INFO - DAG(s) 'tutorial' retrieved from /home/airflow/.local/lib/python3.12/site-packages/airflow/example_dags/tutorial.py
[2024-12-03T00:30:56.818+0000] {logging_mixin.py:190} INFO - [2024-12-03T00:30:56.818+0000] {dag.py:3239} INFO - Sync 1 DAGs
[2024-12-03T00:30:56.826+0000] {logging_mixin.py:190} INFO - [2024-12-03T00:30:56.826+0000] {dag.py:4180} INFO - Setting next_dagrun for tutorial to 2024-12-02 00:00:00+00:00, run_after=2024-12-03 00:00:00+00:00
[2024-12-03T00:30:56.832+0000] {processor.py:208} INFO - Processing /home/airflow/.local/lib/python3.12/site-packages/airflow/example_dags/tutorial.py took 0.035 seconds
[2024-12-03T00:31:27.287+0000] {processor.py:186} INFO - Started process (PID=7055) to work on /home/airflow/.local/lib/python3.12/site-packages/airflow/example_dags/tutorial.py
[2024-12-03T00:31:27.288+0000] {processor.py:914} INFO - Processing file /home/airflow/.local/lib/python3.12/site-packages/airflow/example_dags/tutorial.py for tasks to queue
[2024-12-03T00:31:27.289+0000] {logging_mixin.py:190} INFO - [2024-12-03T00:31:27.289+0000] {dagbag.py:588} INFO - Filling up the DagBag from /home/airflow/.local/lib/python3.12/site-packages/airflow/example_dags/tutorial.py
[2024-12-03T00:31:27.296+0000] {processor.py:925} INFO - DAG(s) 'tutorial' retrieved from /home/airflow/.local/lib/python3.12/site-packages/airflow/example_dags/tutorial.py
[2024-12-03T00:31:27.307+0000] {logging_mixin.py:190} INFO - [2024-12-03T00:31:27.307+0000] {dag.py:3239} INFO - Sync 1 DAGs
[2024-12-03T00:31:27.318+0000] {logging_mixin.py:190} INFO - [2024-12-03T00:31:27.318+0000] {dag.py:4180} INFO - Setting next_dagrun for tutorial to 2024-12-02 00:00:00+00:00, run_after=2024-12-03 00:00:00+00:00
[2024-12-03T00:31:27.325+0000] {processor.py:208} INFO - Processing /home/airflow/.local/lib/python3.12/site-packages/airflow/example_dags/tutorial.py took 0.041 seconds
[2024-12-03T00:31:57.751+0000] {processor.py:186} INFO - Started process (PID=7121) to work on /home/airflow/.local/lib/python3.12/site-packages/airflow/example_dags/tutorial.py
[2024-12-03T00:31:57.752+0000] {processor.py:914} INFO - Processing file /home/airflow/.local/lib/python3.12/site-packages/airflow/example_dags/tutorial.py for tasks to queue
[2024-12-03T00:31:57.753+0000] {logging_mixin.py:190} INFO - [2024-12-03T00:31:57.753+0000] {dagbag.py:588} INFO - Filling up the DagBag from /home/airflow/.local/lib/python3.12/site-packages/airflow/example_dags/tutorial.py
[2024-12-03T00:31:57.756+0000] {processor.py:925} INFO - DAG(s) 'tutorial' retrieved from /home/airflow/.local/lib/python3.12/site-packages/airflow/example_dags/tutorial.py
[2024-12-03T00:31:57.769+0000] {logging_mixin.py:190} INFO - [2024-12-03T00:31:57.768+0000] {dag.py:3239} INFO - Sync 1 DAGs
[2024-12-03T00:31:57.777+0000] {logging_mixin.py:190} INFO - [2024-12-03T00:31:57.777+0000] {dag.py:4180} INFO - Setting next_dagrun for tutorial to 2024-12-02 00:00:00+00:00, run_after=2024-12-03 00:00:00+00:00
[2024-12-03T00:31:57.783+0000] {processor.py:208} INFO - Processing /home/airflow/.local/lib/python3.12/site-packages/airflow/example_dags/tutorial.py took 0.034 seconds
[2024-12-03T00:32:28.296+0000] {processor.py:186} INFO - Started process (PID=7187) to work on /home/airflow/.local/lib/python3.12/site-packages/airflow/example_dags/tutorial.py
[2024-12-03T00:32:28.298+0000] {processor.py:914} INFO - Processing file /home/airflow/.local/lib/python3.12/site-packages/airflow/example_dags/tutorial.py for tasks to queue
[2024-12-03T00:32:28.300+0000] {logging_mixin.py:190} INFO - [2024-12-03T00:32:28.300+0000] {dagbag.py:588} INFO - Filling up the DagBag from /home/airflow/.local/lib/python3.12/site-packages/airflow/example_dags/tutorial.py
[2024-12-03T00:32:28.306+0000] {processor.py:925} INFO - DAG(s) 'tutorial' retrieved from /home/airflow/.local/lib/python3.12/site-packages/airflow/example_dags/tutorial.py
[2024-12-03T00:32:28.314+0000] {logging_mixin.py:190} INFO - [2024-12-03T00:32:28.313+0000] {dag.py:3239} INFO - Sync 1 DAGs
[2024-12-03T00:32:28.326+0000] {logging_mixin.py:190} INFO - [2024-12-03T00:32:28.326+0000] {dag.py:4180} INFO - Setting next_dagrun for tutorial to 2024-12-02 00:00:00+00:00, run_after=2024-12-03 00:00:00+00:00
[2024-12-03T00:32:28.335+0000] {processor.py:208} INFO - Processing /home/airflow/.local/lib/python3.12/site-packages/airflow/example_dags/tutorial.py took 0.042 seconds
[2024-12-03T00:32:58.684+0000] {processor.py:186} INFO - Started process (PID=7253) to work on /home/airflow/.local/lib/python3.12/site-packages/airflow/example_dags/tutorial.py
[2024-12-03T00:32:58.686+0000] {processor.py:914} INFO - Processing file /home/airflow/.local/lib/python3.12/site-packages/airflow/example_dags/tutorial.py for tasks to queue
[2024-12-03T00:32:58.688+0000] {logging_mixin.py:190} INFO - [2024-12-03T00:32:58.687+0000] {dagbag.py:588} INFO - Filling up the DagBag from /home/airflow/.local/lib/python3.12/site-packages/airflow/example_dags/tutorial.py
[2024-12-03T00:32:58.691+0000] {processor.py:925} INFO - DAG(s) 'tutorial' retrieved from /home/airflow/.local/lib/python3.12/site-packages/airflow/example_dags/tutorial.py
[2024-12-03T00:32:58.702+0000] {logging_mixin.py:190} INFO - [2024-12-03T00:32:58.700+0000] {dag.py:3239} INFO - Sync 1 DAGs
[2024-12-03T00:32:58.711+0000] {logging_mixin.py:190} INFO - [2024-12-03T00:32:58.711+0000] {dag.py:4180} INFO - Setting next_dagrun for tutorial to 2024-12-02 00:00:00+00:00, run_after=2024-12-03 00:00:00+00:00
[2024-12-03T00:32:58.720+0000] {processor.py:208} INFO - Processing /home/airflow/.local/lib/python3.12/site-packages/airflow/example_dags/tutorial.py took 0.038 seconds
[2024-12-03T00:33:28.962+0000] {processor.py:186} INFO - Started process (PID=7319) to work on /home/airflow/.local/lib/python3.12/site-packages/airflow/example_dags/tutorial.py
[2024-12-03T00:33:28.963+0000] {processor.py:914} INFO - Processing file /home/airflow/.local/lib/python3.12/site-packages/airflow/example_dags/tutorial.py for tasks to queue
[2024-12-03T00:33:28.964+0000] {logging_mixin.py:190} INFO - [2024-12-03T00:33:28.964+0000] {dagbag.py:588} INFO - Filling up the DagBag from /home/airflow/.local/lib/python3.12/site-packages/airflow/example_dags/tutorial.py
[2024-12-03T00:33:28.967+0000] {processor.py:925} INFO - DAG(s) 'tutorial' retrieved from /home/airflow/.local/lib/python3.12/site-packages/airflow/example_dags/tutorial.py
[2024-12-03T00:33:28.978+0000] {logging_mixin.py:190} INFO - [2024-12-03T00:33:28.978+0000] {dag.py:3239} INFO - Sync 1 DAGs
[2024-12-03T00:33:28.987+0000] {logging_mixin.py:190} INFO - [2024-12-03T00:33:28.987+0000] {dag.py:4180} INFO - Setting next_dagrun for tutorial to 2024-12-02 00:00:00+00:00, run_after=2024-12-03 00:00:00+00:00
[2024-12-03T00:33:28.993+0000] {processor.py:208} INFO - Processing /home/airflow/.local/lib/python3.12/site-packages/airflow/example_dags/tutorial.py took 0.034 seconds
[2024-12-03T00:33:59.261+0000] {processor.py:186} INFO - Started process (PID=7385) to work on /home/airflow/.local/lib/python3.12/site-packages/airflow/example_dags/tutorial.py
[2024-12-03T00:33:59.262+0000] {processor.py:914} INFO - Processing file /home/airflow/.local/lib/python3.12/site-packages/airflow/example_dags/tutorial.py for tasks to queue
[2024-12-03T00:33:59.263+0000] {logging_mixin.py:190} INFO - [2024-12-03T00:33:59.263+0000] {dagbag.py:588} INFO - Filling up the DagBag from /home/airflow/.local/lib/python3.12/site-packages/airflow/example_dags/tutorial.py
[2024-12-03T00:33:59.266+0000] {processor.py:925} INFO - DAG(s) 'tutorial' retrieved from /home/airflow/.local/lib/python3.12/site-packages/airflow/example_dags/tutorial.py
[2024-12-03T00:33:59.273+0000] {logging_mixin.py:190} INFO - [2024-12-03T00:33:59.273+0000] {dag.py:3239} INFO - Sync 1 DAGs
[2024-12-03T00:33:59.280+0000] {logging_mixin.py:190} INFO - [2024-12-03T00:33:59.280+0000] {dag.py:4180} INFO - Setting next_dagrun for tutorial to 2024-12-02 00:00:00+00:00, run_after=2024-12-03 00:00:00+00:00
[2024-12-03T00:33:59.285+0000] {processor.py:208} INFO - Processing /home/airflow/.local/lib/python3.12/site-packages/airflow/example_dags/tutorial.py took 0.026 seconds
[2024-12-03T00:34:29.509+0000] {processor.py:186} INFO - Started process (PID=7451) to work on /home/airflow/.local/lib/python3.12/site-packages/airflow/example_dags/tutorial.py
[2024-12-03T00:34:29.509+0000] {processor.py:914} INFO - Processing file /home/airflow/.local/lib/python3.12/site-packages/airflow/example_dags/tutorial.py for tasks to queue
[2024-12-03T00:34:29.510+0000] {logging_mixin.py:190} INFO - [2024-12-03T00:34:29.510+0000] {dagbag.py:588} INFO - Filling up the DagBag from /home/airflow/.local/lib/python3.12/site-packages/airflow/example_dags/tutorial.py
[2024-12-03T00:34:29.513+0000] {processor.py:925} INFO - DAG(s) 'tutorial' retrieved from /home/airflow/.local/lib/python3.12/site-packages/airflow/example_dags/tutorial.py
[2024-12-03T00:34:29.520+0000] {logging_mixin.py:190} INFO - [2024-12-03T00:34:29.520+0000] {dag.py:3239} INFO - Sync 1 DAGs
[2024-12-03T00:34:29.527+0000] {logging_mixin.py:190} INFO - [2024-12-03T00:34:29.527+0000] {dag.py:4180} INFO - Setting next_dagrun for tutorial to 2024-12-02 00:00:00+00:00, run_after=2024-12-03 00:00:00+00:00
[2024-12-03T00:34:29.532+0000] {processor.py:208} INFO - Processing /home/airflow/.local/lib/python3.12/site-packages/airflow/example_dags/tutorial.py took 0.026 seconds
[2024-12-03T00:34:59.803+0000] {processor.py:186} INFO - Started process (PID=7517) to work on /home/airflow/.local/lib/python3.12/site-packages/airflow/example_dags/tutorial.py
[2024-12-03T00:34:59.803+0000] {processor.py:914} INFO - Processing file /home/airflow/.local/lib/python3.12/site-packages/airflow/example_dags/tutorial.py for tasks to queue
[2024-12-03T00:34:59.804+0000] {logging_mixin.py:190} INFO - [2024-12-03T00:34:59.804+0000] {dagbag.py:588} INFO - Filling up the DagBag from /home/airflow/.local/lib/python3.12/site-packages/airflow/example_dags/tutorial.py
[2024-12-03T00:34:59.807+0000] {processor.py:925} INFO - DAG(s) 'tutorial' retrieved from /home/airflow/.local/lib/python3.12/site-packages/airflow/example_dags/tutorial.py
[2024-12-03T00:34:59.813+0000] {logging_mixin.py:190} INFO - [2024-12-03T00:34:59.813+0000] {dag.py:3239} INFO - Sync 1 DAGs
[2024-12-03T00:34:59.821+0000] {logging_mixin.py:190} INFO - [2024-12-03T00:34:59.821+0000] {dag.py:4180} INFO - Setting next_dagrun for tutorial to 2024-12-02 00:00:00+00:00, run_after=2024-12-03 00:00:00+00:00
[2024-12-03T00:34:59.826+0000] {processor.py:208} INFO - Processing /home/airflow/.local/lib/python3.12/site-packages/airflow/example_dags/tutorial.py took 0.025 seconds
[2024-12-03T00:35:30.081+0000] {processor.py:186} INFO - Started process (PID=7583) to work on /home/airflow/.local/lib/python3.12/site-packages/airflow/example_dags/tutorial.py
[2024-12-03T00:35:30.083+0000] {processor.py:914} INFO - Processing file /home/airflow/.local/lib/python3.12/site-packages/airflow/example_dags/tutorial.py for tasks to queue
[2024-12-03T00:35:30.084+0000] {logging_mixin.py:190} INFO - [2024-12-03T00:35:30.084+0000] {dagbag.py:588} INFO - Filling up the DagBag from /home/airflow/.local/lib/python3.12/site-packages/airflow/example_dags/tutorial.py
[2024-12-03T00:35:30.088+0000] {processor.py:925} INFO - DAG(s) 'tutorial' retrieved from /home/airflow/.local/lib/python3.12/site-packages/airflow/example_dags/tutorial.py
[2024-12-03T00:35:30.097+0000] {logging_mixin.py:190} INFO - [2024-12-03T00:35:30.097+0000] {dag.py:3239} INFO - Sync 1 DAGs
[2024-12-03T00:35:30.105+0000] {logging_mixin.py:190} INFO - [2024-12-03T00:35:30.105+0000] {dag.py:4180} INFO - Setting next_dagrun for tutorial to 2024-12-02 00:00:00+00:00, run_after=2024-12-03 00:00:00+00:00
[2024-12-03T00:35:30.114+0000] {processor.py:208} INFO - Processing /home/airflow/.local/lib/python3.12/site-packages/airflow/example_dags/tutorial.py took 0.035 seconds
[2024-12-03T00:36:00.432+0000] {processor.py:186} INFO - Started process (PID=7649) to work on /home/airflow/.local/lib/python3.12/site-packages/airflow/example_dags/tutorial.py
[2024-12-03T00:36:00.433+0000] {processor.py:914} INFO - Processing file /home/airflow/.local/lib/python3.12/site-packages/airflow/example_dags/tutorial.py for tasks to queue
[2024-12-03T00:36:00.435+0000] {logging_mixin.py:190} INFO - [2024-12-03T00:36:00.434+0000] {dagbag.py:588} INFO - Filling up the DagBag from /home/airflow/.local/lib/python3.12/site-packages/airflow/example_dags/tutorial.py
[2024-12-03T00:36:00.438+0000] {processor.py:925} INFO - DAG(s) 'tutorial' retrieved from /home/airflow/.local/lib/python3.12/site-packages/airflow/example_dags/tutorial.py
[2024-12-03T00:36:00.445+0000] {logging_mixin.py:190} INFO - [2024-12-03T00:36:00.445+0000] {dag.py:3239} INFO - Sync 1 DAGs
[2024-12-03T00:36:00.453+0000] {logging_mixin.py:190} INFO - [2024-12-03T00:36:00.453+0000] {dag.py:4180} INFO - Setting next_dagrun for tutorial to 2024-12-02 00:00:00+00:00, run_after=2024-12-03 00:00:00+00:00
[2024-12-03T00:36:00.460+0000] {processor.py:208} INFO - Processing /home/airflow/.local/lib/python3.12/site-packages/airflow/example_dags/tutorial.py took 0.031 seconds
[2024-12-03T00:36:30.756+0000] {processor.py:186} INFO - Started process (PID=7715) to work on /home/airflow/.local/lib/python3.12/site-packages/airflow/example_dags/tutorial.py
[2024-12-03T00:36:30.759+0000] {processor.py:914} INFO - Processing file /home/airflow/.local/lib/python3.12/site-packages/airflow/example_dags/tutorial.py for tasks to queue
[2024-12-03T00:36:30.760+0000] {logging_mixin.py:190} INFO - [2024-12-03T00:36:30.760+0000] {dagbag.py:588} INFO - Filling up the DagBag from /home/airflow/.local/lib/python3.12/site-packages/airflow/example_dags/tutorial.py
[2024-12-03T00:36:30.765+0000] {processor.py:925} INFO - DAG(s) 'tutorial' retrieved from /home/airflow/.local/lib/python3.12/site-packages/airflow/example_dags/tutorial.py
[2024-12-03T00:36:30.773+0000] {logging_mixin.py:190} INFO - [2024-12-03T00:36:30.773+0000] {dag.py:3239} INFO - Sync 1 DAGs
[2024-12-03T00:36:30.781+0000] {logging_mixin.py:190} INFO - [2024-12-03T00:36:30.781+0000] {dag.py:4180} INFO - Setting next_dagrun for tutorial to 2024-12-02 00:00:00+00:00, run_after=2024-12-03 00:00:00+00:00
[2024-12-03T00:36:30.787+0000] {processor.py:208} INFO - Processing /home/airflow/.local/lib/python3.12/site-packages/airflow/example_dags/tutorial.py took 0.033 seconds
[2024-12-03T00:37:00.981+0000] {processor.py:186} INFO - Started process (PID=7781) to work on /home/airflow/.local/lib/python3.12/site-packages/airflow/example_dags/tutorial.py
[2024-12-03T00:37:00.982+0000] {processor.py:914} INFO - Processing file /home/airflow/.local/lib/python3.12/site-packages/airflow/example_dags/tutorial.py for tasks to queue
[2024-12-03T00:37:00.983+0000] {logging_mixin.py:190} INFO - [2024-12-03T00:37:00.983+0000] {dagbag.py:588} INFO - Filling up the DagBag from /home/airflow/.local/lib/python3.12/site-packages/airflow/example_dags/tutorial.py
[2024-12-03T00:37:00.986+0000] {processor.py:925} INFO - DAG(s) 'tutorial' retrieved from /home/airflow/.local/lib/python3.12/site-packages/airflow/example_dags/tutorial.py
[2024-12-03T00:37:00.996+0000] {logging_mixin.py:190} INFO - [2024-12-03T00:37:00.996+0000] {dag.py:3239} INFO - Sync 1 DAGs
[2024-12-03T00:37:01.004+0000] {logging_mixin.py:190} INFO - [2024-12-03T00:37:01.004+0000] {dag.py:4180} INFO - Setting next_dagrun for tutorial to 2024-12-02 00:00:00+00:00, run_after=2024-12-03 00:00:00+00:00
[2024-12-03T00:37:01.010+0000] {processor.py:208} INFO - Processing /home/airflow/.local/lib/python3.12/site-packages/airflow/example_dags/tutorial.py took 0.031 seconds
[2024-12-03T00:37:31.275+0000] {processor.py:186} INFO - Started process (PID=7847) to work on /home/airflow/.local/lib/python3.12/site-packages/airflow/example_dags/tutorial.py
[2024-12-03T00:37:31.277+0000] {processor.py:914} INFO - Processing file /home/airflow/.local/lib/python3.12/site-packages/airflow/example_dags/tutorial.py for tasks to queue
[2024-12-03T00:37:31.279+0000] {logging_mixin.py:190} INFO - [2024-12-03T00:37:31.279+0000] {dagbag.py:588} INFO - Filling up the DagBag from /home/airflow/.local/lib/python3.12/site-packages/airflow/example_dags/tutorial.py
[2024-12-03T00:37:31.283+0000] {processor.py:925} INFO - DAG(s) 'tutorial' retrieved from /home/airflow/.local/lib/python3.12/site-packages/airflow/example_dags/tutorial.py
[2024-12-03T00:37:31.291+0000] {logging_mixin.py:190} INFO - [2024-12-03T00:37:31.291+0000] {dag.py:3239} INFO - Sync 1 DAGs
[2024-12-03T00:37:31.301+0000] {logging_mixin.py:190} INFO - [2024-12-03T00:37:31.300+0000] {dag.py:4180} INFO - Setting next_dagrun for tutorial to 2024-12-02 00:00:00+00:00, run_after=2024-12-03 00:00:00+00:00
[2024-12-03T00:37:31.309+0000] {processor.py:208} INFO - Processing /home/airflow/.local/lib/python3.12/site-packages/airflow/example_dags/tutorial.py took 0.036 seconds
[2024-12-03T00:38:01.563+0000] {processor.py:186} INFO - Started process (PID=7913) to work on /home/airflow/.local/lib/python3.12/site-packages/airflow/example_dags/tutorial.py
[2024-12-03T00:38:01.566+0000] {processor.py:914} INFO - Processing file /home/airflow/.local/lib/python3.12/site-packages/airflow/example_dags/tutorial.py for tasks to queue
[2024-12-03T00:38:01.567+0000] {logging_mixin.py:190} INFO - [2024-12-03T00:38:01.567+0000] {dagbag.py:588} INFO - Filling up the DagBag from /home/airflow/.local/lib/python3.12/site-packages/airflow/example_dags/tutorial.py
[2024-12-03T00:38:01.572+0000] {processor.py:925} INFO - DAG(s) 'tutorial' retrieved from /home/airflow/.local/lib/python3.12/site-packages/airflow/example_dags/tutorial.py
[2024-12-03T00:38:01.581+0000] {logging_mixin.py:190} INFO - [2024-12-03T00:38:01.581+0000] {dag.py:3239} INFO - Sync 1 DAGs
[2024-12-03T00:38:01.592+0000] {logging_mixin.py:190} INFO - [2024-12-03T00:38:01.592+0000] {dag.py:4180} INFO - Setting next_dagrun for tutorial to 2024-12-02 00:00:00+00:00, run_after=2024-12-03 00:00:00+00:00
[2024-12-03T00:38:01.601+0000] {processor.py:208} INFO - Processing /home/airflow/.local/lib/python3.12/site-packages/airflow/example_dags/tutorial.py took 0.042 seconds
