[2024-12-03T00:03:57.783+0000] {processor.py:186} INFO - Started process (PID=3479) to work on /home/airflow/.local/lib/python3.12/site-packages/airflow/example_dags/tutorial_objectstorage.py
[2024-12-03T00:03:57.783+0000] {processor.py:914} INFO - Processing file /home/airflow/.local/lib/python3.12/site-packages/airflow/example_dags/tutorial_objectstorage.py for tasks to queue
[2024-12-03T00:03:57.784+0000] {logging_mixin.py:190} INFO - [2024-12-03T00:03:57.784+0000] {dagbag.py:588} INFO - Filling up the DagBag from /home/airflow/.local/lib/python3.12/site-packages/airflow/example_dags/tutorial_objectstorage.py
[2024-12-03T00:03:57.790+0000] {processor.py:925} INFO - DAG(s) 'tutorial_objectstorage' retrieved from /home/airflow/.local/lib/python3.12/site-packages/airflow/example_dags/tutorial_objectstorage.py
[2024-12-03T00:03:57.805+0000] {logging_mixin.py:190} INFO - [2024-12-03T00:03:57.805+0000] {dag.py:3239} INFO - Sync 1 DAGs
[2024-12-03T00:03:57.812+0000] {logging_mixin.py:190} INFO - [2024-12-03T00:03:57.812+0000] {dag.py:4180} INFO - Setting next_dagrun for tutorial_objectstorage to None, run_after=None
[2024-12-03T00:03:57.821+0000] {processor.py:208} INFO - Processing /home/airflow/.local/lib/python3.12/site-packages/airflow/example_dags/tutorial_objectstorage.py took 0.046 seconds
[2024-12-03T00:04:28.275+0000] {processor.py:186} INFO - Started process (PID=3544) to work on /home/airflow/.local/lib/python3.12/site-packages/airflow/example_dags/tutorial_objectstorage.py
[2024-12-03T00:04:28.275+0000] {processor.py:914} INFO - Processing file /home/airflow/.local/lib/python3.12/site-packages/airflow/example_dags/tutorial_objectstorage.py for tasks to queue
[2024-12-03T00:04:28.276+0000] {logging_mixin.py:190} INFO - [2024-12-03T00:04:28.276+0000] {dagbag.py:588} INFO - Filling up the DagBag from /home/airflow/.local/lib/python3.12/site-packages/airflow/example_dags/tutorial_objectstorage.py
[2024-12-03T00:04:28.280+0000] {processor.py:925} INFO - DAG(s) 'tutorial_objectstorage' retrieved from /home/airflow/.local/lib/python3.12/site-packages/airflow/example_dags/tutorial_objectstorage.py
[2024-12-03T00:04:28.288+0000] {logging_mixin.py:190} INFO - [2024-12-03T00:04:28.288+0000] {dag.py:3239} INFO - Sync 1 DAGs
[2024-12-03T00:04:28.294+0000] {logging_mixin.py:190} INFO - [2024-12-03T00:04:28.294+0000] {dag.py:4180} INFO - Setting next_dagrun for tutorial_objectstorage to None, run_after=None
[2024-12-03T00:04:28.310+0000] {processor.py:208} INFO - Processing /home/airflow/.local/lib/python3.12/site-packages/airflow/example_dags/tutorial_objectstorage.py took 0.037 seconds
[2024-12-03T00:04:58.520+0000] {processor.py:186} INFO - Started process (PID=3610) to work on /home/airflow/.local/lib/python3.12/site-packages/airflow/example_dags/tutorial_objectstorage.py
[2024-12-03T00:04:58.520+0000] {processor.py:914} INFO - Processing file /home/airflow/.local/lib/python3.12/site-packages/airflow/example_dags/tutorial_objectstorage.py for tasks to queue
[2024-12-03T00:04:58.521+0000] {logging_mixin.py:190} INFO - [2024-12-03T00:04:58.521+0000] {dagbag.py:588} INFO - Filling up the DagBag from /home/airflow/.local/lib/python3.12/site-packages/airflow/example_dags/tutorial_objectstorage.py
[2024-12-03T00:04:58.525+0000] {processor.py:925} INFO - DAG(s) 'tutorial_objectstorage' retrieved from /home/airflow/.local/lib/python3.12/site-packages/airflow/example_dags/tutorial_objectstorage.py
[2024-12-03T00:04:58.533+0000] {logging_mixin.py:190} INFO - [2024-12-03T00:04:58.533+0000] {dag.py:3239} INFO - Sync 1 DAGs
[2024-12-03T00:04:58.538+0000] {logging_mixin.py:190} INFO - [2024-12-03T00:04:58.538+0000] {dag.py:4180} INFO - Setting next_dagrun for tutorial_objectstorage to None, run_after=None
[2024-12-03T00:04:58.544+0000] {processor.py:208} INFO - Processing /home/airflow/.local/lib/python3.12/site-packages/airflow/example_dags/tutorial_objectstorage.py took 0.026 seconds
[2024-12-03T00:05:29.719+0000] {processor.py:186} INFO - Started process (PID=3682) to work on /home/airflow/.local/lib/python3.12/site-packages/airflow/example_dags/tutorial_objectstorage.py
[2024-12-03T00:05:29.720+0000] {processor.py:914} INFO - Processing file /home/airflow/.local/lib/python3.12/site-packages/airflow/example_dags/tutorial_objectstorage.py for tasks to queue
[2024-12-03T00:05:29.721+0000] {logging_mixin.py:190} INFO - [2024-12-03T00:05:29.721+0000] {dagbag.py:588} INFO - Filling up the DagBag from /home/airflow/.local/lib/python3.12/site-packages/airflow/example_dags/tutorial_objectstorage.py
[2024-12-03T00:05:29.724+0000] {processor.py:925} INFO - DAG(s) 'tutorial_objectstorage' retrieved from /home/airflow/.local/lib/python3.12/site-packages/airflow/example_dags/tutorial_objectstorage.py
[2024-12-03T00:05:29.732+0000] {logging_mixin.py:190} INFO - [2024-12-03T00:05:29.731+0000] {dag.py:3239} INFO - Sync 1 DAGs
[2024-12-03T00:05:29.736+0000] {logging_mixin.py:190} INFO - [2024-12-03T00:05:29.736+0000] {dag.py:4180} INFO - Setting next_dagrun for tutorial_objectstorage to None, run_after=None
[2024-12-03T00:05:29.742+0000] {processor.py:208} INFO - Processing /home/airflow/.local/lib/python3.12/site-packages/airflow/example_dags/tutorial_objectstorage.py took 0.025 seconds
[2024-12-03T00:06:00.844+0000] {processor.py:186} INFO - Started process (PID=3748) to work on /home/airflow/.local/lib/python3.12/site-packages/airflow/example_dags/tutorial_objectstorage.py
[2024-12-03T00:06:00.844+0000] {processor.py:914} INFO - Processing file /home/airflow/.local/lib/python3.12/site-packages/airflow/example_dags/tutorial_objectstorage.py for tasks to queue
[2024-12-03T00:06:00.845+0000] {logging_mixin.py:190} INFO - [2024-12-03T00:06:00.845+0000] {dagbag.py:588} INFO - Filling up the DagBag from /home/airflow/.local/lib/python3.12/site-packages/airflow/example_dags/tutorial_objectstorage.py
[2024-12-03T00:06:00.849+0000] {processor.py:925} INFO - DAG(s) 'tutorial_objectstorage' retrieved from /home/airflow/.local/lib/python3.12/site-packages/airflow/example_dags/tutorial_objectstorage.py
[2024-12-03T00:06:00.856+0000] {logging_mixin.py:190} INFO - [2024-12-03T00:06:00.856+0000] {dag.py:3239} INFO - Sync 1 DAGs
[2024-12-03T00:06:00.861+0000] {logging_mixin.py:190} INFO - [2024-12-03T00:06:00.861+0000] {dag.py:4180} INFO - Setting next_dagrun for tutorial_objectstorage to None, run_after=None
[2024-12-03T00:06:00.867+0000] {processor.py:208} INFO - Processing /home/airflow/.local/lib/python3.12/site-packages/airflow/example_dags/tutorial_objectstorage.py took 0.026 seconds
[2024-12-03T00:06:31.972+0000] {processor.py:186} INFO - Started process (PID=3814) to work on /home/airflow/.local/lib/python3.12/site-packages/airflow/example_dags/tutorial_objectstorage.py
[2024-12-03T00:06:31.972+0000] {processor.py:914} INFO - Processing file /home/airflow/.local/lib/python3.12/site-packages/airflow/example_dags/tutorial_objectstorage.py for tasks to queue
[2024-12-03T00:06:31.973+0000] {logging_mixin.py:190} INFO - [2024-12-03T00:06:31.973+0000] {dagbag.py:588} INFO - Filling up the DagBag from /home/airflow/.local/lib/python3.12/site-packages/airflow/example_dags/tutorial_objectstorage.py
[2024-12-03T00:06:31.977+0000] {processor.py:925} INFO - DAG(s) 'tutorial_objectstorage' retrieved from /home/airflow/.local/lib/python3.12/site-packages/airflow/example_dags/tutorial_objectstorage.py
[2024-12-03T00:06:31.984+0000] {logging_mixin.py:190} INFO - [2024-12-03T00:06:31.983+0000] {dag.py:3239} INFO - Sync 1 DAGs
[2024-12-03T00:06:31.988+0000] {logging_mixin.py:190} INFO - [2024-12-03T00:06:31.988+0000] {dag.py:4180} INFO - Setting next_dagrun for tutorial_objectstorage to None, run_after=None
[2024-12-03T00:06:31.994+0000] {processor.py:208} INFO - Processing /home/airflow/.local/lib/python3.12/site-packages/airflow/example_dags/tutorial_objectstorage.py took 0.025 seconds
[2024-12-03T00:07:03.133+0000] {processor.py:186} INFO - Started process (PID=3880) to work on /home/airflow/.local/lib/python3.12/site-packages/airflow/example_dags/tutorial_objectstorage.py
[2024-12-03T00:07:03.134+0000] {processor.py:914} INFO - Processing file /home/airflow/.local/lib/python3.12/site-packages/airflow/example_dags/tutorial_objectstorage.py for tasks to queue
[2024-12-03T00:07:03.135+0000] {logging_mixin.py:190} INFO - [2024-12-03T00:07:03.135+0000] {dagbag.py:588} INFO - Filling up the DagBag from /home/airflow/.local/lib/python3.12/site-packages/airflow/example_dags/tutorial_objectstorage.py
[2024-12-03T00:07:03.139+0000] {processor.py:925} INFO - DAG(s) 'tutorial_objectstorage' retrieved from /home/airflow/.local/lib/python3.12/site-packages/airflow/example_dags/tutorial_objectstorage.py
[2024-12-03T00:07:03.146+0000] {logging_mixin.py:190} INFO - [2024-12-03T00:07:03.146+0000] {dag.py:3239} INFO - Sync 1 DAGs
[2024-12-03T00:07:03.151+0000] {logging_mixin.py:190} INFO - [2024-12-03T00:07:03.151+0000] {dag.py:4180} INFO - Setting next_dagrun for tutorial_objectstorage to None, run_after=None
[2024-12-03T00:07:03.160+0000] {processor.py:208} INFO - Processing /home/airflow/.local/lib/python3.12/site-packages/airflow/example_dags/tutorial_objectstorage.py took 0.029 seconds
[2024-12-03T00:07:34.210+0000] {processor.py:186} INFO - Started process (PID=3946) to work on /home/airflow/.local/lib/python3.12/site-packages/airflow/example_dags/tutorial_objectstorage.py
[2024-12-03T00:07:34.211+0000] {processor.py:914} INFO - Processing file /home/airflow/.local/lib/python3.12/site-packages/airflow/example_dags/tutorial_objectstorage.py for tasks to queue
[2024-12-03T00:07:34.211+0000] {logging_mixin.py:190} INFO - [2024-12-03T00:07:34.211+0000] {dagbag.py:588} INFO - Filling up the DagBag from /home/airflow/.local/lib/python3.12/site-packages/airflow/example_dags/tutorial_objectstorage.py
[2024-12-03T00:07:34.215+0000] {processor.py:925} INFO - DAG(s) 'tutorial_objectstorage' retrieved from /home/airflow/.local/lib/python3.12/site-packages/airflow/example_dags/tutorial_objectstorage.py
[2024-12-03T00:07:34.222+0000] {logging_mixin.py:190} INFO - [2024-12-03T00:07:34.222+0000] {dag.py:3239} INFO - Sync 1 DAGs
[2024-12-03T00:07:34.227+0000] {logging_mixin.py:190} INFO - [2024-12-03T00:07:34.227+0000] {dag.py:4180} INFO - Setting next_dagrun for tutorial_objectstorage to None, run_after=None
[2024-12-03T00:07:34.233+0000] {processor.py:208} INFO - Processing /home/airflow/.local/lib/python3.12/site-packages/airflow/example_dags/tutorial_objectstorage.py took 0.026 seconds
[2024-12-03T00:08:05.241+0000] {processor.py:186} INFO - Started process (PID=4012) to work on /home/airflow/.local/lib/python3.12/site-packages/airflow/example_dags/tutorial_objectstorage.py
[2024-12-03T00:08:05.241+0000] {processor.py:914} INFO - Processing file /home/airflow/.local/lib/python3.12/site-packages/airflow/example_dags/tutorial_objectstorage.py for tasks to queue
[2024-12-03T00:08:05.242+0000] {logging_mixin.py:190} INFO - [2024-12-03T00:08:05.242+0000] {dagbag.py:588} INFO - Filling up the DagBag from /home/airflow/.local/lib/python3.12/site-packages/airflow/example_dags/tutorial_objectstorage.py
[2024-12-03T00:08:05.246+0000] {processor.py:925} INFO - DAG(s) 'tutorial_objectstorage' retrieved from /home/airflow/.local/lib/python3.12/site-packages/airflow/example_dags/tutorial_objectstorage.py
[2024-12-03T00:08:05.252+0000] {logging_mixin.py:190} INFO - [2024-12-03T00:08:05.252+0000] {dag.py:3239} INFO - Sync 1 DAGs
[2024-12-03T00:08:05.257+0000] {logging_mixin.py:190} INFO - [2024-12-03T00:08:05.257+0000] {dag.py:4180} INFO - Setting next_dagrun for tutorial_objectstorage to None, run_after=None
[2024-12-03T00:08:05.263+0000] {processor.py:208} INFO - Processing /home/airflow/.local/lib/python3.12/site-packages/airflow/example_dags/tutorial_objectstorage.py took 0.025 seconds
[2024-12-03T00:08:36.525+0000] {processor.py:186} INFO - Started process (PID=4078) to work on /home/airflow/.local/lib/python3.12/site-packages/airflow/example_dags/tutorial_objectstorage.py
[2024-12-03T00:08:36.526+0000] {processor.py:914} INFO - Processing file /home/airflow/.local/lib/python3.12/site-packages/airflow/example_dags/tutorial_objectstorage.py for tasks to queue
[2024-12-03T00:08:36.527+0000] {logging_mixin.py:190} INFO - [2024-12-03T00:08:36.526+0000] {dagbag.py:588} INFO - Filling up the DagBag from /home/airflow/.local/lib/python3.12/site-packages/airflow/example_dags/tutorial_objectstorage.py
[2024-12-03T00:08:36.531+0000] {processor.py:925} INFO - DAG(s) 'tutorial_objectstorage' retrieved from /home/airflow/.local/lib/python3.12/site-packages/airflow/example_dags/tutorial_objectstorage.py
[2024-12-03T00:08:36.540+0000] {logging_mixin.py:190} INFO - [2024-12-03T00:08:36.540+0000] {dag.py:3239} INFO - Sync 1 DAGs
[2024-12-03T00:08:36.546+0000] {logging_mixin.py:190} INFO - [2024-12-03T00:08:36.546+0000] {dag.py:4180} INFO - Setting next_dagrun for tutorial_objectstorage to None, run_after=None
[2024-12-03T00:08:36.561+0000] {processor.py:208} INFO - Processing /home/airflow/.local/lib/python3.12/site-packages/airflow/example_dags/tutorial_objectstorage.py took 0.038 seconds
[2024-12-03T00:09:06.842+0000] {processor.py:186} INFO - Started process (PID=4144) to work on /home/airflow/.local/lib/python3.12/site-packages/airflow/example_dags/tutorial_objectstorage.py
[2024-12-03T00:09:06.842+0000] {processor.py:914} INFO - Processing file /home/airflow/.local/lib/python3.12/site-packages/airflow/example_dags/tutorial_objectstorage.py for tasks to queue
[2024-12-03T00:09:06.843+0000] {logging_mixin.py:190} INFO - [2024-12-03T00:09:06.843+0000] {dagbag.py:588} INFO - Filling up the DagBag from /home/airflow/.local/lib/python3.12/site-packages/airflow/example_dags/tutorial_objectstorage.py
[2024-12-03T00:09:06.847+0000] {processor.py:925} INFO - DAG(s) 'tutorial_objectstorage' retrieved from /home/airflow/.local/lib/python3.12/site-packages/airflow/example_dags/tutorial_objectstorage.py
[2024-12-03T00:09:06.858+0000] {logging_mixin.py:190} INFO - [2024-12-03T00:09:06.858+0000] {dag.py:3239} INFO - Sync 1 DAGs
[2024-12-03T00:09:06.863+0000] {logging_mixin.py:190} INFO - [2024-12-03T00:09:06.863+0000] {dag.py:4180} INFO - Setting next_dagrun for tutorial_objectstorage to None, run_after=None
[2024-12-03T00:09:06.874+0000] {processor.py:208} INFO - Processing /home/airflow/.local/lib/python3.12/site-packages/airflow/example_dags/tutorial_objectstorage.py took 0.035 seconds
[2024-12-03T00:09:37.134+0000] {processor.py:186} INFO - Started process (PID=4210) to work on /home/airflow/.local/lib/python3.12/site-packages/airflow/example_dags/tutorial_objectstorage.py
[2024-12-03T00:09:37.134+0000] {processor.py:914} INFO - Processing file /home/airflow/.local/lib/python3.12/site-packages/airflow/example_dags/tutorial_objectstorage.py for tasks to queue
[2024-12-03T00:09:37.135+0000] {logging_mixin.py:190} INFO - [2024-12-03T00:09:37.135+0000] {dagbag.py:588} INFO - Filling up the DagBag from /home/airflow/.local/lib/python3.12/site-packages/airflow/example_dags/tutorial_objectstorage.py
[2024-12-03T00:09:37.139+0000] {processor.py:925} INFO - DAG(s) 'tutorial_objectstorage' retrieved from /home/airflow/.local/lib/python3.12/site-packages/airflow/example_dags/tutorial_objectstorage.py
[2024-12-03T00:09:37.146+0000] {logging_mixin.py:190} INFO - [2024-12-03T00:09:37.146+0000] {dag.py:3239} INFO - Sync 1 DAGs
[2024-12-03T00:09:37.151+0000] {logging_mixin.py:190} INFO - [2024-12-03T00:09:37.151+0000] {dag.py:4180} INFO - Setting next_dagrun for tutorial_objectstorage to None, run_after=None
[2024-12-03T00:09:37.159+0000] {processor.py:208} INFO - Processing /home/airflow/.local/lib/python3.12/site-packages/airflow/example_dags/tutorial_objectstorage.py took 0.028 seconds
[2024-12-03T00:10:08.385+0000] {processor.py:186} INFO - Started process (PID=4276) to work on /home/airflow/.local/lib/python3.12/site-packages/airflow/example_dags/tutorial_objectstorage.py
[2024-12-03T00:10:08.386+0000] {processor.py:914} INFO - Processing file /home/airflow/.local/lib/python3.12/site-packages/airflow/example_dags/tutorial_objectstorage.py for tasks to queue
[2024-12-03T00:10:08.387+0000] {logging_mixin.py:190} INFO - [2024-12-03T00:10:08.387+0000] {dagbag.py:588} INFO - Filling up the DagBag from /home/airflow/.local/lib/python3.12/site-packages/airflow/example_dags/tutorial_objectstorage.py
[2024-12-03T00:10:08.391+0000] {processor.py:925} INFO - DAG(s) 'tutorial_objectstorage' retrieved from /home/airflow/.local/lib/python3.12/site-packages/airflow/example_dags/tutorial_objectstorage.py
[2024-12-03T00:10:08.402+0000] {logging_mixin.py:190} INFO - [2024-12-03T00:10:08.402+0000] {dag.py:3239} INFO - Sync 1 DAGs
[2024-12-03T00:10:08.407+0000] {logging_mixin.py:190} INFO - [2024-12-03T00:10:08.407+0000] {dag.py:4180} INFO - Setting next_dagrun for tutorial_objectstorage to None, run_after=None
[2024-12-03T00:10:08.412+0000] {processor.py:208} INFO - Processing /home/airflow/.local/lib/python3.12/site-packages/airflow/example_dags/tutorial_objectstorage.py took 0.029 seconds
[2024-12-03T00:10:38.715+0000] {processor.py:186} INFO - Started process (PID=4342) to work on /home/airflow/.local/lib/python3.12/site-packages/airflow/example_dags/tutorial_objectstorage.py
[2024-12-03T00:10:38.716+0000] {processor.py:914} INFO - Processing file /home/airflow/.local/lib/python3.12/site-packages/airflow/example_dags/tutorial_objectstorage.py for tasks to queue
[2024-12-03T00:10:38.716+0000] {logging_mixin.py:190} INFO - [2024-12-03T00:10:38.716+0000] {dagbag.py:588} INFO - Filling up the DagBag from /home/airflow/.local/lib/python3.12/site-packages/airflow/example_dags/tutorial_objectstorage.py
[2024-12-03T00:10:38.725+0000] {processor.py:925} INFO - DAG(s) 'tutorial_objectstorage' retrieved from /home/airflow/.local/lib/python3.12/site-packages/airflow/example_dags/tutorial_objectstorage.py
[2024-12-03T00:10:38.735+0000] {logging_mixin.py:190} INFO - [2024-12-03T00:10:38.735+0000] {dag.py:3239} INFO - Sync 1 DAGs
[2024-12-03T00:10:38.741+0000] {logging_mixin.py:190} INFO - [2024-12-03T00:10:38.741+0000] {dag.py:4180} INFO - Setting next_dagrun for tutorial_objectstorage to None, run_after=None
[2024-12-03T00:10:38.747+0000] {processor.py:208} INFO - Processing /home/airflow/.local/lib/python3.12/site-packages/airflow/example_dags/tutorial_objectstorage.py took 0.035 seconds
[2024-12-03T00:11:09.803+0000] {processor.py:186} INFO - Started process (PID=4408) to work on /home/airflow/.local/lib/python3.12/site-packages/airflow/example_dags/tutorial_objectstorage.py
[2024-12-03T00:11:09.804+0000] {processor.py:914} INFO - Processing file /home/airflow/.local/lib/python3.12/site-packages/airflow/example_dags/tutorial_objectstorage.py for tasks to queue
[2024-12-03T00:11:09.805+0000] {logging_mixin.py:190} INFO - [2024-12-03T00:11:09.804+0000] {dagbag.py:588} INFO - Filling up the DagBag from /home/airflow/.local/lib/python3.12/site-packages/airflow/example_dags/tutorial_objectstorage.py
[2024-12-03T00:11:09.809+0000] {processor.py:925} INFO - DAG(s) 'tutorial_objectstorage' retrieved from /home/airflow/.local/lib/python3.12/site-packages/airflow/example_dags/tutorial_objectstorage.py
[2024-12-03T00:11:09.817+0000] {logging_mixin.py:190} INFO - [2024-12-03T00:11:09.817+0000] {dag.py:3239} INFO - Sync 1 DAGs
[2024-12-03T00:11:09.822+0000] {logging_mixin.py:190} INFO - [2024-12-03T00:11:09.822+0000] {dag.py:4180} INFO - Setting next_dagrun for tutorial_objectstorage to None, run_after=None
[2024-12-03T00:11:09.829+0000] {processor.py:208} INFO - Processing /home/airflow/.local/lib/python3.12/site-packages/airflow/example_dags/tutorial_objectstorage.py took 0.028 seconds
[2024-12-03T00:11:39.934+0000] {processor.py:186} INFO - Started process (PID=4473) to work on /home/airflow/.local/lib/python3.12/site-packages/airflow/example_dags/tutorial_objectstorage.py
[2024-12-03T00:11:39.935+0000] {processor.py:914} INFO - Processing file /home/airflow/.local/lib/python3.12/site-packages/airflow/example_dags/tutorial_objectstorage.py for tasks to queue
[2024-12-03T00:11:39.936+0000] {logging_mixin.py:190} INFO - [2024-12-03T00:11:39.935+0000] {dagbag.py:588} INFO - Filling up the DagBag from /home/airflow/.local/lib/python3.12/site-packages/airflow/example_dags/tutorial_objectstorage.py
[2024-12-03T00:11:39.940+0000] {processor.py:925} INFO - DAG(s) 'tutorial_objectstorage' retrieved from /home/airflow/.local/lib/python3.12/site-packages/airflow/example_dags/tutorial_objectstorage.py
[2024-12-03T00:11:39.948+0000] {logging_mixin.py:190} INFO - [2024-12-03T00:11:39.948+0000] {dag.py:3239} INFO - Sync 1 DAGs
[2024-12-03T00:11:39.953+0000] {logging_mixin.py:190} INFO - [2024-12-03T00:11:39.953+0000] {dag.py:4180} INFO - Setting next_dagrun for tutorial_objectstorage to None, run_after=None
[2024-12-03T00:11:39.960+0000] {processor.py:208} INFO - Processing /home/airflow/.local/lib/python3.12/site-packages/airflow/example_dags/tutorial_objectstorage.py took 0.029 seconds
[2024-12-03T00:12:10.032+0000] {processor.py:186} INFO - Started process (PID=4538) to work on /home/airflow/.local/lib/python3.12/site-packages/airflow/example_dags/tutorial_objectstorage.py
[2024-12-03T00:12:10.034+0000] {processor.py:914} INFO - Processing file /home/airflow/.local/lib/python3.12/site-packages/airflow/example_dags/tutorial_objectstorage.py for tasks to queue
[2024-12-03T00:12:10.036+0000] {logging_mixin.py:190} INFO - [2024-12-03T00:12:10.036+0000] {dagbag.py:588} INFO - Filling up the DagBag from /home/airflow/.local/lib/python3.12/site-packages/airflow/example_dags/tutorial_objectstorage.py
[2024-12-03T00:12:10.045+0000] {processor.py:925} INFO - DAG(s) 'tutorial_objectstorage' retrieved from /home/airflow/.local/lib/python3.12/site-packages/airflow/example_dags/tutorial_objectstorage.py
[2024-12-03T00:12:10.055+0000] {logging_mixin.py:190} INFO - [2024-12-03T00:12:10.055+0000] {dag.py:3239} INFO - Sync 1 DAGs
[2024-12-03T00:12:10.063+0000] {logging_mixin.py:190} INFO - [2024-12-03T00:12:10.063+0000] {dag.py:4180} INFO - Setting next_dagrun for tutorial_objectstorage to None, run_after=None
[2024-12-03T00:12:10.074+0000] {processor.py:208} INFO - Processing /home/airflow/.local/lib/python3.12/site-packages/airflow/example_dags/tutorial_objectstorage.py took 0.046 seconds
[2024-12-03T00:12:40.164+0000] {processor.py:186} INFO - Started process (PID=4604) to work on /home/airflow/.local/lib/python3.12/site-packages/airflow/example_dags/tutorial_objectstorage.py
[2024-12-03T00:12:40.165+0000] {processor.py:914} INFO - Processing file /home/airflow/.local/lib/python3.12/site-packages/airflow/example_dags/tutorial_objectstorage.py for tasks to queue
[2024-12-03T00:12:40.166+0000] {logging_mixin.py:190} INFO - [2024-12-03T00:12:40.166+0000] {dagbag.py:588} INFO - Filling up the DagBag from /home/airflow/.local/lib/python3.12/site-packages/airflow/example_dags/tutorial_objectstorage.py
[2024-12-03T00:12:40.171+0000] {processor.py:925} INFO - DAG(s) 'tutorial_objectstorage' retrieved from /home/airflow/.local/lib/python3.12/site-packages/airflow/example_dags/tutorial_objectstorage.py
[2024-12-03T00:12:40.182+0000] {logging_mixin.py:190} INFO - [2024-12-03T00:12:40.182+0000] {dag.py:3239} INFO - Sync 1 DAGs
[2024-12-03T00:12:40.188+0000] {logging_mixin.py:190} INFO - [2024-12-03T00:12:40.188+0000] {dag.py:4180} INFO - Setting next_dagrun for tutorial_objectstorage to None, run_after=None
[2024-12-03T00:12:40.197+0000] {processor.py:208} INFO - Processing /home/airflow/.local/lib/python3.12/site-packages/airflow/example_dags/tutorial_objectstorage.py took 0.038 seconds
[2024-12-03T00:13:10.508+0000] {processor.py:186} INFO - Started process (PID=4670) to work on /home/airflow/.local/lib/python3.12/site-packages/airflow/example_dags/tutorial_objectstorage.py
[2024-12-03T00:13:10.510+0000] {processor.py:914} INFO - Processing file /home/airflow/.local/lib/python3.12/site-packages/airflow/example_dags/tutorial_objectstorage.py for tasks to queue
[2024-12-03T00:13:10.511+0000] {logging_mixin.py:190} INFO - [2024-12-03T00:13:10.511+0000] {dagbag.py:588} INFO - Filling up the DagBag from /home/airflow/.local/lib/python3.12/site-packages/airflow/example_dags/tutorial_objectstorage.py
[2024-12-03T00:13:10.517+0000] {processor.py:925} INFO - DAG(s) 'tutorial_objectstorage' retrieved from /home/airflow/.local/lib/python3.12/site-packages/airflow/example_dags/tutorial_objectstorage.py
[2024-12-03T00:13:10.527+0000] {logging_mixin.py:190} INFO - [2024-12-03T00:13:10.527+0000] {dag.py:3239} INFO - Sync 1 DAGs
[2024-12-03T00:13:10.533+0000] {logging_mixin.py:190} INFO - [2024-12-03T00:13:10.533+0000] {dag.py:4180} INFO - Setting next_dagrun for tutorial_objectstorage to None, run_after=None
[2024-12-03T00:13:10.542+0000] {processor.py:208} INFO - Processing /home/airflow/.local/lib/python3.12/site-packages/airflow/example_dags/tutorial_objectstorage.py took 0.039 seconds
[2024-12-03T00:13:40.689+0000] {processor.py:186} INFO - Started process (PID=4736) to work on /home/airflow/.local/lib/python3.12/site-packages/airflow/example_dags/tutorial_objectstorage.py
[2024-12-03T00:13:40.692+0000] {processor.py:914} INFO - Processing file /home/airflow/.local/lib/python3.12/site-packages/airflow/example_dags/tutorial_objectstorage.py for tasks to queue
[2024-12-03T00:13:40.693+0000] {logging_mixin.py:190} INFO - [2024-12-03T00:13:40.693+0000] {dagbag.py:588} INFO - Filling up the DagBag from /home/airflow/.local/lib/python3.12/site-packages/airflow/example_dags/tutorial_objectstorage.py
[2024-12-03T00:13:40.698+0000] {processor.py:925} INFO - DAG(s) 'tutorial_objectstorage' retrieved from /home/airflow/.local/lib/python3.12/site-packages/airflow/example_dags/tutorial_objectstorage.py
[2024-12-03T00:13:40.709+0000] {logging_mixin.py:190} INFO - [2024-12-03T00:13:40.709+0000] {dag.py:3239} INFO - Sync 1 DAGs
[2024-12-03T00:13:40.716+0000] {logging_mixin.py:190} INFO - [2024-12-03T00:13:40.716+0000] {dag.py:4180} INFO - Setting next_dagrun for tutorial_objectstorage to None, run_after=None
[2024-12-03T00:13:40.729+0000] {processor.py:208} INFO - Processing /home/airflow/.local/lib/python3.12/site-packages/airflow/example_dags/tutorial_objectstorage.py took 0.045 seconds
[2024-12-03T00:14:11.110+0000] {processor.py:186} INFO - Started process (PID=4802) to work on /home/airflow/.local/lib/python3.12/site-packages/airflow/example_dags/tutorial_objectstorage.py
[2024-12-03T00:14:11.113+0000] {processor.py:914} INFO - Processing file /home/airflow/.local/lib/python3.12/site-packages/airflow/example_dags/tutorial_objectstorage.py for tasks to queue
[2024-12-03T00:14:11.114+0000] {logging_mixin.py:190} INFO - [2024-12-03T00:14:11.114+0000] {dagbag.py:588} INFO - Filling up the DagBag from /home/airflow/.local/lib/python3.12/site-packages/airflow/example_dags/tutorial_objectstorage.py
[2024-12-03T00:14:11.120+0000] {processor.py:925} INFO - DAG(s) 'tutorial_objectstorage' retrieved from /home/airflow/.local/lib/python3.12/site-packages/airflow/example_dags/tutorial_objectstorage.py
[2024-12-03T00:14:11.131+0000] {logging_mixin.py:190} INFO - [2024-12-03T00:14:11.131+0000] {dag.py:3239} INFO - Sync 1 DAGs
[2024-12-03T00:14:11.137+0000] {logging_mixin.py:190} INFO - [2024-12-03T00:14:11.137+0000] {dag.py:4180} INFO - Setting next_dagrun for tutorial_objectstorage to None, run_after=None
[2024-12-03T00:14:11.147+0000] {processor.py:208} INFO - Processing /home/airflow/.local/lib/python3.12/site-packages/airflow/example_dags/tutorial_objectstorage.py took 0.040 seconds
[2024-12-03T00:14:41.310+0000] {processor.py:186} INFO - Started process (PID=4868) to work on /home/airflow/.local/lib/python3.12/site-packages/airflow/example_dags/tutorial_objectstorage.py
[2024-12-03T00:14:41.311+0000] {processor.py:914} INFO - Processing file /home/airflow/.local/lib/python3.12/site-packages/airflow/example_dags/tutorial_objectstorage.py for tasks to queue
[2024-12-03T00:14:41.312+0000] {logging_mixin.py:190} INFO - [2024-12-03T00:14:41.312+0000] {dagbag.py:588} INFO - Filling up the DagBag from /home/airflow/.local/lib/python3.12/site-packages/airflow/example_dags/tutorial_objectstorage.py
[2024-12-03T00:14:41.316+0000] {processor.py:925} INFO - DAG(s) 'tutorial_objectstorage' retrieved from /home/airflow/.local/lib/python3.12/site-packages/airflow/example_dags/tutorial_objectstorage.py
[2024-12-03T00:14:41.324+0000] {logging_mixin.py:190} INFO - [2024-12-03T00:14:41.324+0000] {dag.py:3239} INFO - Sync 1 DAGs
[2024-12-03T00:14:41.330+0000] {logging_mixin.py:190} INFO - [2024-12-03T00:14:41.330+0000] {dag.py:4180} INFO - Setting next_dagrun for tutorial_objectstorage to None, run_after=None
[2024-12-03T00:14:41.336+0000] {processor.py:208} INFO - Processing /home/airflow/.local/lib/python3.12/site-packages/airflow/example_dags/tutorial_objectstorage.py took 0.028 seconds
[2024-12-03T00:15:11.740+0000] {processor.py:186} INFO - Started process (PID=4934) to work on /home/airflow/.local/lib/python3.12/site-packages/airflow/example_dags/tutorial_objectstorage.py
[2024-12-03T00:15:11.741+0000] {processor.py:914} INFO - Processing file /home/airflow/.local/lib/python3.12/site-packages/airflow/example_dags/tutorial_objectstorage.py for tasks to queue
[2024-12-03T00:15:11.742+0000] {logging_mixin.py:190} INFO - [2024-12-03T00:15:11.742+0000] {dagbag.py:588} INFO - Filling up the DagBag from /home/airflow/.local/lib/python3.12/site-packages/airflow/example_dags/tutorial_objectstorage.py
[2024-12-03T00:15:11.748+0000] {processor.py:925} INFO - DAG(s) 'tutorial_objectstorage' retrieved from /home/airflow/.local/lib/python3.12/site-packages/airflow/example_dags/tutorial_objectstorage.py
[2024-12-03T00:15:11.767+0000] {logging_mixin.py:190} INFO - [2024-12-03T00:15:11.766+0000] {dag.py:3239} INFO - Sync 1 DAGs
[2024-12-03T00:15:11.773+0000] {logging_mixin.py:190} INFO - [2024-12-03T00:15:11.773+0000] {dag.py:4180} INFO - Setting next_dagrun for tutorial_objectstorage to None, run_after=None
[2024-12-03T00:15:11.782+0000] {processor.py:208} INFO - Processing /home/airflow/.local/lib/python3.12/site-packages/airflow/example_dags/tutorial_objectstorage.py took 0.046 seconds
[2024-12-03T00:15:42.244+0000] {processor.py:186} INFO - Started process (PID=5000) to work on /home/airflow/.local/lib/python3.12/site-packages/airflow/example_dags/tutorial_objectstorage.py
[2024-12-03T00:15:42.245+0000] {processor.py:914} INFO - Processing file /home/airflow/.local/lib/python3.12/site-packages/airflow/example_dags/tutorial_objectstorage.py for tasks to queue
[2024-12-03T00:15:42.246+0000] {logging_mixin.py:190} INFO - [2024-12-03T00:15:42.246+0000] {dagbag.py:588} INFO - Filling up the DagBag from /home/airflow/.local/lib/python3.12/site-packages/airflow/example_dags/tutorial_objectstorage.py
[2024-12-03T00:15:42.251+0000] {processor.py:925} INFO - DAG(s) 'tutorial_objectstorage' retrieved from /home/airflow/.local/lib/python3.12/site-packages/airflow/example_dags/tutorial_objectstorage.py
[2024-12-03T00:15:42.260+0000] {logging_mixin.py:190} INFO - [2024-12-03T00:15:42.260+0000] {dag.py:3239} INFO - Sync 1 DAGs
[2024-12-03T00:15:42.266+0000] {logging_mixin.py:190} INFO - [2024-12-03T00:15:42.266+0000] {dag.py:4180} INFO - Setting next_dagrun for tutorial_objectstorage to None, run_after=None
[2024-12-03T00:15:42.274+0000] {processor.py:208} INFO - Processing /home/airflow/.local/lib/python3.12/site-packages/airflow/example_dags/tutorial_objectstorage.py took 0.033 seconds
[2024-12-03T00:16:12.938+0000] {processor.py:186} INFO - Started process (PID=5067) to work on /home/airflow/.local/lib/python3.12/site-packages/airflow/example_dags/tutorial_objectstorage.py
[2024-12-03T00:16:12.938+0000] {processor.py:914} INFO - Processing file /home/airflow/.local/lib/python3.12/site-packages/airflow/example_dags/tutorial_objectstorage.py for tasks to queue
[2024-12-03T00:16:12.939+0000] {logging_mixin.py:190} INFO - [2024-12-03T00:16:12.939+0000] {dagbag.py:588} INFO - Filling up the DagBag from /home/airflow/.local/lib/python3.12/site-packages/airflow/example_dags/tutorial_objectstorage.py
[2024-12-03T00:16:12.943+0000] {processor.py:925} INFO - DAG(s) 'tutorial_objectstorage' retrieved from /home/airflow/.local/lib/python3.12/site-packages/airflow/example_dags/tutorial_objectstorage.py
[2024-12-03T00:16:12.952+0000] {logging_mixin.py:190} INFO - [2024-12-03T00:16:12.952+0000] {dag.py:3239} INFO - Sync 1 DAGs
[2024-12-03T00:16:12.957+0000] {logging_mixin.py:190} INFO - [2024-12-03T00:16:12.957+0000] {dag.py:4180} INFO - Setting next_dagrun for tutorial_objectstorage to None, run_after=None
[2024-12-03T00:16:12.964+0000] {processor.py:208} INFO - Processing /home/airflow/.local/lib/python3.12/site-packages/airflow/example_dags/tutorial_objectstorage.py took 0.029 seconds
[2024-12-03T00:16:43.194+0000] {processor.py:186} INFO - Started process (PID=5133) to work on /home/airflow/.local/lib/python3.12/site-packages/airflow/example_dags/tutorial_objectstorage.py
[2024-12-03T00:16:43.196+0000] {processor.py:914} INFO - Processing file /home/airflow/.local/lib/python3.12/site-packages/airflow/example_dags/tutorial_objectstorage.py for tasks to queue
[2024-12-03T00:16:43.198+0000] {logging_mixin.py:190} INFO - [2024-12-03T00:16:43.198+0000] {dagbag.py:588} INFO - Filling up the DagBag from /home/airflow/.local/lib/python3.12/site-packages/airflow/example_dags/tutorial_objectstorage.py
[2024-12-03T00:16:43.203+0000] {processor.py:925} INFO - DAG(s) 'tutorial_objectstorage' retrieved from /home/airflow/.local/lib/python3.12/site-packages/airflow/example_dags/tutorial_objectstorage.py
[2024-12-03T00:16:43.214+0000] {logging_mixin.py:190} INFO - [2024-12-03T00:16:43.214+0000] {dag.py:3239} INFO - Sync 1 DAGs
[2024-12-03T00:16:43.219+0000] {logging_mixin.py:190} INFO - [2024-12-03T00:16:43.219+0000] {dag.py:4180} INFO - Setting next_dagrun for tutorial_objectstorage to None, run_after=None
[2024-12-03T00:16:43.229+0000] {processor.py:208} INFO - Processing /home/airflow/.local/lib/python3.12/site-packages/airflow/example_dags/tutorial_objectstorage.py took 0.040 seconds
[2024-12-03T00:17:13.608+0000] {processor.py:186} INFO - Started process (PID=5199) to work on /home/airflow/.local/lib/python3.12/site-packages/airflow/example_dags/tutorial_objectstorage.py
[2024-12-03T00:17:13.610+0000] {processor.py:914} INFO - Processing file /home/airflow/.local/lib/python3.12/site-packages/airflow/example_dags/tutorial_objectstorage.py for tasks to queue
[2024-12-03T00:17:13.612+0000] {logging_mixin.py:190} INFO - [2024-12-03T00:17:13.612+0000] {dagbag.py:588} INFO - Filling up the DagBag from /home/airflow/.local/lib/python3.12/site-packages/airflow/example_dags/tutorial_objectstorage.py
[2024-12-03T00:17:13.618+0000] {processor.py:925} INFO - DAG(s) 'tutorial_objectstorage' retrieved from /home/airflow/.local/lib/python3.12/site-packages/airflow/example_dags/tutorial_objectstorage.py
[2024-12-03T00:17:13.627+0000] {logging_mixin.py:190} INFO - [2024-12-03T00:17:13.627+0000] {dag.py:3239} INFO - Sync 1 DAGs
[2024-12-03T00:17:13.633+0000] {logging_mixin.py:190} INFO - [2024-12-03T00:17:13.632+0000] {dag.py:4180} INFO - Setting next_dagrun for tutorial_objectstorage to None, run_after=None
[2024-12-03T00:17:13.641+0000] {processor.py:208} INFO - Processing /home/airflow/.local/lib/python3.12/site-packages/airflow/example_dags/tutorial_objectstorage.py took 0.037 seconds
[2024-12-03T00:17:43.885+0000] {processor.py:186} INFO - Started process (PID=5265) to work on /home/airflow/.local/lib/python3.12/site-packages/airflow/example_dags/tutorial_objectstorage.py
[2024-12-03T00:17:43.887+0000] {processor.py:914} INFO - Processing file /home/airflow/.local/lib/python3.12/site-packages/airflow/example_dags/tutorial_objectstorage.py for tasks to queue
[2024-12-03T00:17:43.890+0000] {logging_mixin.py:190} INFO - [2024-12-03T00:17:43.890+0000] {dagbag.py:588} INFO - Filling up the DagBag from /home/airflow/.local/lib/python3.12/site-packages/airflow/example_dags/tutorial_objectstorage.py
[2024-12-03T00:17:43.897+0000] {processor.py:925} INFO - DAG(s) 'tutorial_objectstorage' retrieved from /home/airflow/.local/lib/python3.12/site-packages/airflow/example_dags/tutorial_objectstorage.py
[2024-12-03T00:17:43.907+0000] {logging_mixin.py:190} INFO - [2024-12-03T00:17:43.907+0000] {dag.py:3239} INFO - Sync 1 DAGs
[2024-12-03T00:17:43.914+0000] {logging_mixin.py:190} INFO - [2024-12-03T00:17:43.914+0000] {dag.py:4180} INFO - Setting next_dagrun for tutorial_objectstorage to None, run_after=None
[2024-12-03T00:17:43.923+0000] {processor.py:208} INFO - Processing /home/airflow/.local/lib/python3.12/site-packages/airflow/example_dags/tutorial_objectstorage.py took 0.042 seconds
[2024-12-03T00:18:14.224+0000] {processor.py:186} INFO - Started process (PID=5331) to work on /home/airflow/.local/lib/python3.12/site-packages/airflow/example_dags/tutorial_objectstorage.py
[2024-12-03T00:18:14.227+0000] {processor.py:914} INFO - Processing file /home/airflow/.local/lib/python3.12/site-packages/airflow/example_dags/tutorial_objectstorage.py for tasks to queue
[2024-12-03T00:18:14.229+0000] {logging_mixin.py:190} INFO - [2024-12-03T00:18:14.228+0000] {dagbag.py:588} INFO - Filling up the DagBag from /home/airflow/.local/lib/python3.12/site-packages/airflow/example_dags/tutorial_objectstorage.py
[2024-12-03T00:18:14.234+0000] {processor.py:925} INFO - DAG(s) 'tutorial_objectstorage' retrieved from /home/airflow/.local/lib/python3.12/site-packages/airflow/example_dags/tutorial_objectstorage.py
[2024-12-03T00:18:14.245+0000] {logging_mixin.py:190} INFO - [2024-12-03T00:18:14.245+0000] {dag.py:3239} INFO - Sync 1 DAGs
[2024-12-03T00:18:14.251+0000] {logging_mixin.py:190} INFO - [2024-12-03T00:18:14.251+0000] {dag.py:4180} INFO - Setting next_dagrun for tutorial_objectstorage to None, run_after=None
[2024-12-03T00:18:14.258+0000] {processor.py:208} INFO - Processing /home/airflow/.local/lib/python3.12/site-packages/airflow/example_dags/tutorial_objectstorage.py took 0.038 seconds
[2024-12-03T00:18:44.671+0000] {processor.py:186} INFO - Started process (PID=5397) to work on /home/airflow/.local/lib/python3.12/site-packages/airflow/example_dags/tutorial_objectstorage.py
[2024-12-03T00:18:44.672+0000] {processor.py:914} INFO - Processing file /home/airflow/.local/lib/python3.12/site-packages/airflow/example_dags/tutorial_objectstorage.py for tasks to queue
[2024-12-03T00:18:44.675+0000] {logging_mixin.py:190} INFO - [2024-12-03T00:18:44.674+0000] {dagbag.py:588} INFO - Filling up the DagBag from /home/airflow/.local/lib/python3.12/site-packages/airflow/example_dags/tutorial_objectstorage.py
[2024-12-03T00:18:44.680+0000] {processor.py:925} INFO - DAG(s) 'tutorial_objectstorage' retrieved from /home/airflow/.local/lib/python3.12/site-packages/airflow/example_dags/tutorial_objectstorage.py
[2024-12-03T00:18:44.691+0000] {logging_mixin.py:190} INFO - [2024-12-03T00:18:44.691+0000] {dag.py:3239} INFO - Sync 1 DAGs
[2024-12-03T00:18:44.697+0000] {logging_mixin.py:190} INFO - [2024-12-03T00:18:44.697+0000] {dag.py:4180} INFO - Setting next_dagrun for tutorial_objectstorage to None, run_after=None
[2024-12-03T00:18:44.708+0000] {processor.py:208} INFO - Processing /home/airflow/.local/lib/python3.12/site-packages/airflow/example_dags/tutorial_objectstorage.py took 0.042 seconds
[2024-12-03T00:19:14.957+0000] {processor.py:186} INFO - Started process (PID=5463) to work on /home/airflow/.local/lib/python3.12/site-packages/airflow/example_dags/tutorial_objectstorage.py
[2024-12-03T00:19:14.960+0000] {processor.py:914} INFO - Processing file /home/airflow/.local/lib/python3.12/site-packages/airflow/example_dags/tutorial_objectstorage.py for tasks to queue
[2024-12-03T00:19:14.962+0000] {logging_mixin.py:190} INFO - [2024-12-03T00:19:14.962+0000] {dagbag.py:588} INFO - Filling up the DagBag from /home/airflow/.local/lib/python3.12/site-packages/airflow/example_dags/tutorial_objectstorage.py
[2024-12-03T00:19:14.968+0000] {processor.py:925} INFO - DAG(s) 'tutorial_objectstorage' retrieved from /home/airflow/.local/lib/python3.12/site-packages/airflow/example_dags/tutorial_objectstorage.py
[2024-12-03T00:19:14.982+0000] {logging_mixin.py:190} INFO - [2024-12-03T00:19:14.982+0000] {dag.py:3239} INFO - Sync 1 DAGs
[2024-12-03T00:19:14.989+0000] {logging_mixin.py:190} INFO - [2024-12-03T00:19:14.989+0000] {dag.py:4180} INFO - Setting next_dagrun for tutorial_objectstorage to None, run_after=None
[2024-12-03T00:19:14.997+0000] {processor.py:208} INFO - Processing /home/airflow/.local/lib/python3.12/site-packages/airflow/example_dags/tutorial_objectstorage.py took 0.045 seconds
[2024-12-03T00:19:45.180+0000] {processor.py:186} INFO - Started process (PID=5529) to work on /home/airflow/.local/lib/python3.12/site-packages/airflow/example_dags/tutorial_objectstorage.py
[2024-12-03T00:19:45.184+0000] {processor.py:914} INFO - Processing file /home/airflow/.local/lib/python3.12/site-packages/airflow/example_dags/tutorial_objectstorage.py for tasks to queue
[2024-12-03T00:19:45.186+0000] {logging_mixin.py:190} INFO - [2024-12-03T00:19:45.186+0000] {dagbag.py:588} INFO - Filling up the DagBag from /home/airflow/.local/lib/python3.12/site-packages/airflow/example_dags/tutorial_objectstorage.py
[2024-12-03T00:19:45.192+0000] {processor.py:925} INFO - DAG(s) 'tutorial_objectstorage' retrieved from /home/airflow/.local/lib/python3.12/site-packages/airflow/example_dags/tutorial_objectstorage.py
[2024-12-03T00:19:45.203+0000] {logging_mixin.py:190} INFO - [2024-12-03T00:19:45.203+0000] {dag.py:3239} INFO - Sync 1 DAGs
[2024-12-03T00:19:45.209+0000] {logging_mixin.py:190} INFO - [2024-12-03T00:19:45.209+0000] {dag.py:4180} INFO - Setting next_dagrun for tutorial_objectstorage to None, run_after=None
[2024-12-03T00:19:45.219+0000] {processor.py:208} INFO - Processing /home/airflow/.local/lib/python3.12/site-packages/airflow/example_dags/tutorial_objectstorage.py took 0.044 seconds
[2024-12-03T00:20:15.427+0000] {processor.py:186} INFO - Started process (PID=5595) to work on /home/airflow/.local/lib/python3.12/site-packages/airflow/example_dags/tutorial_objectstorage.py
[2024-12-03T00:20:15.430+0000] {processor.py:914} INFO - Processing file /home/airflow/.local/lib/python3.12/site-packages/airflow/example_dags/tutorial_objectstorage.py for tasks to queue
[2024-12-03T00:20:15.433+0000] {logging_mixin.py:190} INFO - [2024-12-03T00:20:15.432+0000] {dagbag.py:588} INFO - Filling up the DagBag from /home/airflow/.local/lib/python3.12/site-packages/airflow/example_dags/tutorial_objectstorage.py
[2024-12-03T00:20:15.437+0000] {processor.py:925} INFO - DAG(s) 'tutorial_objectstorage' retrieved from /home/airflow/.local/lib/python3.12/site-packages/airflow/example_dags/tutorial_objectstorage.py
[2024-12-03T00:20:15.448+0000] {logging_mixin.py:190} INFO - [2024-12-03T00:20:15.448+0000] {dag.py:3239} INFO - Sync 1 DAGs
[2024-12-03T00:20:15.455+0000] {logging_mixin.py:190} INFO - [2024-12-03T00:20:15.455+0000] {dag.py:4180} INFO - Setting next_dagrun for tutorial_objectstorage to None, run_after=None
[2024-12-03T00:20:15.466+0000] {processor.py:208} INFO - Processing /home/airflow/.local/lib/python3.12/site-packages/airflow/example_dags/tutorial_objectstorage.py took 0.043 seconds
[2024-12-03T00:20:45.722+0000] {processor.py:186} INFO - Started process (PID=5661) to work on /home/airflow/.local/lib/python3.12/site-packages/airflow/example_dags/tutorial_objectstorage.py
[2024-12-03T00:20:45.726+0000] {processor.py:914} INFO - Processing file /home/airflow/.local/lib/python3.12/site-packages/airflow/example_dags/tutorial_objectstorage.py for tasks to queue
[2024-12-03T00:20:45.730+0000] {logging_mixin.py:190} INFO - [2024-12-03T00:20:45.730+0000] {dagbag.py:588} INFO - Filling up the DagBag from /home/airflow/.local/lib/python3.12/site-packages/airflow/example_dags/tutorial_objectstorage.py
[2024-12-03T00:20:45.736+0000] {processor.py:925} INFO - DAG(s) 'tutorial_objectstorage' retrieved from /home/airflow/.local/lib/python3.12/site-packages/airflow/example_dags/tutorial_objectstorage.py
[2024-12-03T00:20:45.749+0000] {logging_mixin.py:190} INFO - [2024-12-03T00:20:45.749+0000] {dag.py:3239} INFO - Sync 1 DAGs
[2024-12-03T00:20:45.755+0000] {logging_mixin.py:190} INFO - [2024-12-03T00:20:45.755+0000] {dag.py:4180} INFO - Setting next_dagrun for tutorial_objectstorage to None, run_after=None
[2024-12-03T00:20:45.763+0000] {processor.py:208} INFO - Processing /home/airflow/.local/lib/python3.12/site-packages/airflow/example_dags/tutorial_objectstorage.py took 0.046 seconds
[2024-12-03T00:21:16.058+0000] {processor.py:186} INFO - Started process (PID=5727) to work on /home/airflow/.local/lib/python3.12/site-packages/airflow/example_dags/tutorial_objectstorage.py
[2024-12-03T00:21:16.062+0000] {processor.py:914} INFO - Processing file /home/airflow/.local/lib/python3.12/site-packages/airflow/example_dags/tutorial_objectstorage.py for tasks to queue
[2024-12-03T00:21:16.063+0000] {logging_mixin.py:190} INFO - [2024-12-03T00:21:16.063+0000] {dagbag.py:588} INFO - Filling up the DagBag from /home/airflow/.local/lib/python3.12/site-packages/airflow/example_dags/tutorial_objectstorage.py
[2024-12-03T00:21:16.069+0000] {processor.py:925} INFO - DAG(s) 'tutorial_objectstorage' retrieved from /home/airflow/.local/lib/python3.12/site-packages/airflow/example_dags/tutorial_objectstorage.py
[2024-12-03T00:21:16.078+0000] {logging_mixin.py:190} INFO - [2024-12-03T00:21:16.078+0000] {dag.py:3239} INFO - Sync 1 DAGs
[2024-12-03T00:21:16.083+0000] {logging_mixin.py:190} INFO - [2024-12-03T00:21:16.083+0000] {dag.py:4180} INFO - Setting next_dagrun for tutorial_objectstorage to None, run_after=None
[2024-12-03T00:21:16.093+0000] {processor.py:208} INFO - Processing /home/airflow/.local/lib/python3.12/site-packages/airflow/example_dags/tutorial_objectstorage.py took 0.048 seconds
[2024-12-03T00:21:46.423+0000] {processor.py:186} INFO - Started process (PID=5793) to work on /home/airflow/.local/lib/python3.12/site-packages/airflow/example_dags/tutorial_objectstorage.py
[2024-12-03T00:21:46.426+0000] {processor.py:914} INFO - Processing file /home/airflow/.local/lib/python3.12/site-packages/airflow/example_dags/tutorial_objectstorage.py for tasks to queue
[2024-12-03T00:21:46.428+0000] {logging_mixin.py:190} INFO - [2024-12-03T00:21:46.427+0000] {dagbag.py:588} INFO - Filling up the DagBag from /home/airflow/.local/lib/python3.12/site-packages/airflow/example_dags/tutorial_objectstorage.py
[2024-12-03T00:21:46.435+0000] {processor.py:925} INFO - DAG(s) 'tutorial_objectstorage' retrieved from /home/airflow/.local/lib/python3.12/site-packages/airflow/example_dags/tutorial_objectstorage.py
[2024-12-03T00:21:46.444+0000] {logging_mixin.py:190} INFO - [2024-12-03T00:21:46.444+0000] {dag.py:3239} INFO - Sync 1 DAGs
[2024-12-03T00:21:46.450+0000] {logging_mixin.py:190} INFO - [2024-12-03T00:21:46.450+0000] {dag.py:4180} INFO - Setting next_dagrun for tutorial_objectstorage to None, run_after=None
[2024-12-03T00:21:46.459+0000] {processor.py:208} INFO - Processing /home/airflow/.local/lib/python3.12/site-packages/airflow/example_dags/tutorial_objectstorage.py took 0.043 seconds
[2024-12-03T00:22:16.850+0000] {processor.py:186} INFO - Started process (PID=5860) to work on /home/airflow/.local/lib/python3.12/site-packages/airflow/example_dags/tutorial_objectstorage.py
[2024-12-03T00:22:16.852+0000] {processor.py:914} INFO - Processing file /home/airflow/.local/lib/python3.12/site-packages/airflow/example_dags/tutorial_objectstorage.py for tasks to queue
[2024-12-03T00:22:16.854+0000] {logging_mixin.py:190} INFO - [2024-12-03T00:22:16.853+0000] {dagbag.py:588} INFO - Filling up the DagBag from /home/airflow/.local/lib/python3.12/site-packages/airflow/example_dags/tutorial_objectstorage.py
[2024-12-03T00:22:16.860+0000] {processor.py:925} INFO - DAG(s) 'tutorial_objectstorage' retrieved from /home/airflow/.local/lib/python3.12/site-packages/airflow/example_dags/tutorial_objectstorage.py
[2024-12-03T00:22:16.874+0000] {logging_mixin.py:190} INFO - [2024-12-03T00:22:16.873+0000] {dag.py:3239} INFO - Sync 1 DAGs
[2024-12-03T00:22:16.882+0000] {logging_mixin.py:190} INFO - [2024-12-03T00:22:16.882+0000] {dag.py:4180} INFO - Setting next_dagrun for tutorial_objectstorage to None, run_after=None
[2024-12-03T00:22:16.891+0000] {processor.py:208} INFO - Processing /home/airflow/.local/lib/python3.12/site-packages/airflow/example_dags/tutorial_objectstorage.py took 0.047 seconds
[2024-12-03T00:22:47.369+0000] {processor.py:186} INFO - Started process (PID=5926) to work on /home/airflow/.local/lib/python3.12/site-packages/airflow/example_dags/tutorial_objectstorage.py
[2024-12-03T00:22:47.370+0000] {processor.py:914} INFO - Processing file /home/airflow/.local/lib/python3.12/site-packages/airflow/example_dags/tutorial_objectstorage.py for tasks to queue
[2024-12-03T00:22:47.373+0000] {logging_mixin.py:190} INFO - [2024-12-03T00:22:47.373+0000] {dagbag.py:588} INFO - Filling up the DagBag from /home/airflow/.local/lib/python3.12/site-packages/airflow/example_dags/tutorial_objectstorage.py
[2024-12-03T00:22:47.379+0000] {processor.py:925} INFO - DAG(s) 'tutorial_objectstorage' retrieved from /home/airflow/.local/lib/python3.12/site-packages/airflow/example_dags/tutorial_objectstorage.py
[2024-12-03T00:22:47.390+0000] {logging_mixin.py:190} INFO - [2024-12-03T00:22:47.390+0000] {dag.py:3239} INFO - Sync 1 DAGs
[2024-12-03T00:22:47.400+0000] {logging_mixin.py:190} INFO - [2024-12-03T00:22:47.400+0000] {dag.py:4180} INFO - Setting next_dagrun for tutorial_objectstorage to None, run_after=None
[2024-12-03T00:22:47.409+0000] {processor.py:208} INFO - Processing /home/airflow/.local/lib/python3.12/site-packages/airflow/example_dags/tutorial_objectstorage.py took 0.044 seconds
[2024-12-03T00:23:17.741+0000] {processor.py:186} INFO - Started process (PID=5992) to work on /home/airflow/.local/lib/python3.12/site-packages/airflow/example_dags/tutorial_objectstorage.py
[2024-12-03T00:23:17.743+0000] {processor.py:914} INFO - Processing file /home/airflow/.local/lib/python3.12/site-packages/airflow/example_dags/tutorial_objectstorage.py for tasks to queue
[2024-12-03T00:23:17.746+0000] {logging_mixin.py:190} INFO - [2024-12-03T00:23:17.746+0000] {dagbag.py:588} INFO - Filling up the DagBag from /home/airflow/.local/lib/python3.12/site-packages/airflow/example_dags/tutorial_objectstorage.py
[2024-12-03T00:23:17.752+0000] {processor.py:925} INFO - DAG(s) 'tutorial_objectstorage' retrieved from /home/airflow/.local/lib/python3.12/site-packages/airflow/example_dags/tutorial_objectstorage.py
[2024-12-03T00:23:17.765+0000] {logging_mixin.py:190} INFO - [2024-12-03T00:23:17.765+0000] {dag.py:3239} INFO - Sync 1 DAGs
[2024-12-03T00:23:17.771+0000] {logging_mixin.py:190} INFO - [2024-12-03T00:23:17.771+0000] {dag.py:4180} INFO - Setting next_dagrun for tutorial_objectstorage to None, run_after=None
[2024-12-03T00:23:17.779+0000] {processor.py:208} INFO - Processing /home/airflow/.local/lib/python3.12/site-packages/airflow/example_dags/tutorial_objectstorage.py took 0.043 seconds
[2024-12-03T00:23:47.954+0000] {processor.py:186} INFO - Started process (PID=6058) to work on /home/airflow/.local/lib/python3.12/site-packages/airflow/example_dags/tutorial_objectstorage.py
[2024-12-03T00:23:47.957+0000] {processor.py:914} INFO - Processing file /home/airflow/.local/lib/python3.12/site-packages/airflow/example_dags/tutorial_objectstorage.py for tasks to queue
[2024-12-03T00:23:47.960+0000] {logging_mixin.py:190} INFO - [2024-12-03T00:23:47.960+0000] {dagbag.py:588} INFO - Filling up the DagBag from /home/airflow/.local/lib/python3.12/site-packages/airflow/example_dags/tutorial_objectstorage.py
[2024-12-03T00:23:47.965+0000] {processor.py:925} INFO - DAG(s) 'tutorial_objectstorage' retrieved from /home/airflow/.local/lib/python3.12/site-packages/airflow/example_dags/tutorial_objectstorage.py
[2024-12-03T00:23:47.976+0000] {logging_mixin.py:190} INFO - [2024-12-03T00:23:47.976+0000] {dag.py:3239} INFO - Sync 1 DAGs
[2024-12-03T00:23:47.983+0000] {logging_mixin.py:190} INFO - [2024-12-03T00:23:47.983+0000] {dag.py:4180} INFO - Setting next_dagrun for tutorial_objectstorage to None, run_after=None
[2024-12-03T00:23:47.992+0000] {processor.py:208} INFO - Processing /home/airflow/.local/lib/python3.12/site-packages/airflow/example_dags/tutorial_objectstorage.py took 0.043 seconds
[2024-12-03T00:24:18.366+0000] {processor.py:186} INFO - Started process (PID=6124) to work on /home/airflow/.local/lib/python3.12/site-packages/airflow/example_dags/tutorial_objectstorage.py
[2024-12-03T00:24:18.368+0000] {processor.py:914} INFO - Processing file /home/airflow/.local/lib/python3.12/site-packages/airflow/example_dags/tutorial_objectstorage.py for tasks to queue
[2024-12-03T00:24:18.370+0000] {logging_mixin.py:190} INFO - [2024-12-03T00:24:18.370+0000] {dagbag.py:588} INFO - Filling up the DagBag from /home/airflow/.local/lib/python3.12/site-packages/airflow/example_dags/tutorial_objectstorage.py
[2024-12-03T00:24:18.377+0000] {processor.py:925} INFO - DAG(s) 'tutorial_objectstorage' retrieved from /home/airflow/.local/lib/python3.12/site-packages/airflow/example_dags/tutorial_objectstorage.py
[2024-12-03T00:24:18.391+0000] {logging_mixin.py:190} INFO - [2024-12-03T00:24:18.391+0000] {dag.py:3239} INFO - Sync 1 DAGs
[2024-12-03T00:24:18.400+0000] {logging_mixin.py:190} INFO - [2024-12-03T00:24:18.400+0000] {dag.py:4180} INFO - Setting next_dagrun for tutorial_objectstorage to None, run_after=None
[2024-12-03T00:24:18.410+0000] {processor.py:208} INFO - Processing /home/airflow/.local/lib/python3.12/site-packages/airflow/example_dags/tutorial_objectstorage.py took 0.049 seconds
[2024-12-03T00:24:48.657+0000] {processor.py:186} INFO - Started process (PID=6190) to work on /home/airflow/.local/lib/python3.12/site-packages/airflow/example_dags/tutorial_objectstorage.py
[2024-12-03T00:24:48.659+0000] {processor.py:914} INFO - Processing file /home/airflow/.local/lib/python3.12/site-packages/airflow/example_dags/tutorial_objectstorage.py for tasks to queue
[2024-12-03T00:24:48.660+0000] {logging_mixin.py:190} INFO - [2024-12-03T00:24:48.660+0000] {dagbag.py:588} INFO - Filling up the DagBag from /home/airflow/.local/lib/python3.12/site-packages/airflow/example_dags/tutorial_objectstorage.py
[2024-12-03T00:24:48.667+0000] {processor.py:925} INFO - DAG(s) 'tutorial_objectstorage' retrieved from /home/airflow/.local/lib/python3.12/site-packages/airflow/example_dags/tutorial_objectstorage.py
[2024-12-03T00:24:48.679+0000] {logging_mixin.py:190} INFO - [2024-12-03T00:24:48.679+0000] {dag.py:3239} INFO - Sync 1 DAGs
[2024-12-03T00:24:48.686+0000] {logging_mixin.py:190} INFO - [2024-12-03T00:24:48.686+0000] {dag.py:4180} INFO - Setting next_dagrun for tutorial_objectstorage to None, run_after=None
[2024-12-03T00:24:48.696+0000] {processor.py:208} INFO - Processing /home/airflow/.local/lib/python3.12/site-packages/airflow/example_dags/tutorial_objectstorage.py took 0.043 seconds
[2024-12-03T00:25:18.986+0000] {processor.py:186} INFO - Started process (PID=6256) to work on /home/airflow/.local/lib/python3.12/site-packages/airflow/example_dags/tutorial_objectstorage.py
[2024-12-03T00:25:18.989+0000] {processor.py:914} INFO - Processing file /home/airflow/.local/lib/python3.12/site-packages/airflow/example_dags/tutorial_objectstorage.py for tasks to queue
[2024-12-03T00:25:18.990+0000] {logging_mixin.py:190} INFO - [2024-12-03T00:25:18.990+0000] {dagbag.py:588} INFO - Filling up the DagBag from /home/airflow/.local/lib/python3.12/site-packages/airflow/example_dags/tutorial_objectstorage.py
[2024-12-03T00:25:18.994+0000] {processor.py:925} INFO - DAG(s) 'tutorial_objectstorage' retrieved from /home/airflow/.local/lib/python3.12/site-packages/airflow/example_dags/tutorial_objectstorage.py
[2024-12-03T00:25:19.002+0000] {logging_mixin.py:190} INFO - [2024-12-03T00:25:19.002+0000] {dag.py:3239} INFO - Sync 1 DAGs
[2024-12-03T00:25:19.008+0000] {logging_mixin.py:190} INFO - [2024-12-03T00:25:19.007+0000] {dag.py:4180} INFO - Setting next_dagrun for tutorial_objectstorage to None, run_after=None
[2024-12-03T00:25:19.016+0000] {processor.py:208} INFO - Processing /home/airflow/.local/lib/python3.12/site-packages/airflow/example_dags/tutorial_objectstorage.py took 0.035 seconds
[2024-12-03T00:25:49.276+0000] {processor.py:186} INFO - Started process (PID=6322) to work on /home/airflow/.local/lib/python3.12/site-packages/airflow/example_dags/tutorial_objectstorage.py
[2024-12-03T00:25:49.278+0000] {processor.py:914} INFO - Processing file /home/airflow/.local/lib/python3.12/site-packages/airflow/example_dags/tutorial_objectstorage.py for tasks to queue
[2024-12-03T00:25:49.279+0000] {logging_mixin.py:190} INFO - [2024-12-03T00:25:49.279+0000] {dagbag.py:588} INFO - Filling up the DagBag from /home/airflow/.local/lib/python3.12/site-packages/airflow/example_dags/tutorial_objectstorage.py
[2024-12-03T00:25:49.283+0000] {processor.py:925} INFO - DAG(s) 'tutorial_objectstorage' retrieved from /home/airflow/.local/lib/python3.12/site-packages/airflow/example_dags/tutorial_objectstorage.py
[2024-12-03T00:25:49.291+0000] {logging_mixin.py:190} INFO - [2024-12-03T00:25:49.291+0000] {dag.py:3239} INFO - Sync 1 DAGs
[2024-12-03T00:25:49.298+0000] {logging_mixin.py:190} INFO - [2024-12-03T00:25:49.298+0000] {dag.py:4180} INFO - Setting next_dagrun for tutorial_objectstorage to None, run_after=None
[2024-12-03T00:25:49.306+0000] {processor.py:208} INFO - Processing /home/airflow/.local/lib/python3.12/site-packages/airflow/example_dags/tutorial_objectstorage.py took 0.033 seconds
[2024-12-03T00:26:19.631+0000] {processor.py:186} INFO - Started process (PID=6388) to work on /home/airflow/.local/lib/python3.12/site-packages/airflow/example_dags/tutorial_objectstorage.py
[2024-12-03T00:26:19.633+0000] {processor.py:914} INFO - Processing file /home/airflow/.local/lib/python3.12/site-packages/airflow/example_dags/tutorial_objectstorage.py for tasks to queue
[2024-12-03T00:26:19.635+0000] {logging_mixin.py:190} INFO - [2024-12-03T00:26:19.634+0000] {dagbag.py:588} INFO - Filling up the DagBag from /home/airflow/.local/lib/python3.12/site-packages/airflow/example_dags/tutorial_objectstorage.py
[2024-12-03T00:26:19.639+0000] {processor.py:925} INFO - DAG(s) 'tutorial_objectstorage' retrieved from /home/airflow/.local/lib/python3.12/site-packages/airflow/example_dags/tutorial_objectstorage.py
[2024-12-03T00:26:19.654+0000] {logging_mixin.py:190} INFO - [2024-12-03T00:26:19.654+0000] {dag.py:3239} INFO - Sync 1 DAGs
[2024-12-03T00:26:19.660+0000] {logging_mixin.py:190} INFO - [2024-12-03T00:26:19.660+0000] {dag.py:4180} INFO - Setting next_dagrun for tutorial_objectstorage to None, run_after=None
[2024-12-03T00:26:19.668+0000] {processor.py:208} INFO - Processing /home/airflow/.local/lib/python3.12/site-packages/airflow/example_dags/tutorial_objectstorage.py took 0.040 seconds
[2024-12-03T00:26:49.944+0000] {processor.py:186} INFO - Started process (PID=6454) to work on /home/airflow/.local/lib/python3.12/site-packages/airflow/example_dags/tutorial_objectstorage.py
[2024-12-03T00:26:49.946+0000] {processor.py:914} INFO - Processing file /home/airflow/.local/lib/python3.12/site-packages/airflow/example_dags/tutorial_objectstorage.py for tasks to queue
[2024-12-03T00:26:49.948+0000] {logging_mixin.py:190} INFO - [2024-12-03T00:26:49.948+0000] {dagbag.py:588} INFO - Filling up the DagBag from /home/airflow/.local/lib/python3.12/site-packages/airflow/example_dags/tutorial_objectstorage.py
[2024-12-03T00:26:49.954+0000] {processor.py:925} INFO - DAG(s) 'tutorial_objectstorage' retrieved from /home/airflow/.local/lib/python3.12/site-packages/airflow/example_dags/tutorial_objectstorage.py
[2024-12-03T00:26:49.964+0000] {logging_mixin.py:190} INFO - [2024-12-03T00:26:49.964+0000] {dag.py:3239} INFO - Sync 1 DAGs
[2024-12-03T00:26:49.971+0000] {logging_mixin.py:190} INFO - [2024-12-03T00:26:49.971+0000] {dag.py:4180} INFO - Setting next_dagrun for tutorial_objectstorage to None, run_after=None
[2024-12-03T00:26:49.982+0000] {processor.py:208} INFO - Processing /home/airflow/.local/lib/python3.12/site-packages/airflow/example_dags/tutorial_objectstorage.py took 0.042 seconds
[2024-12-03T00:27:20.303+0000] {processor.py:186} INFO - Started process (PID=6520) to work on /home/airflow/.local/lib/python3.12/site-packages/airflow/example_dags/tutorial_objectstorage.py
[2024-12-03T00:27:20.305+0000] {processor.py:914} INFO - Processing file /home/airflow/.local/lib/python3.12/site-packages/airflow/example_dags/tutorial_objectstorage.py for tasks to queue
[2024-12-03T00:27:20.307+0000] {logging_mixin.py:190} INFO - [2024-12-03T00:27:20.307+0000] {dagbag.py:588} INFO - Filling up the DagBag from /home/airflow/.local/lib/python3.12/site-packages/airflow/example_dags/tutorial_objectstorage.py
[2024-12-03T00:27:20.313+0000] {processor.py:925} INFO - DAG(s) 'tutorial_objectstorage' retrieved from /home/airflow/.local/lib/python3.12/site-packages/airflow/example_dags/tutorial_objectstorage.py
[2024-12-03T00:27:20.328+0000] {logging_mixin.py:190} INFO - [2024-12-03T00:27:20.328+0000] {dag.py:3239} INFO - Sync 1 DAGs
[2024-12-03T00:27:20.335+0000] {logging_mixin.py:190} INFO - [2024-12-03T00:27:20.335+0000] {dag.py:4180} INFO - Setting next_dagrun for tutorial_objectstorage to None, run_after=None
[2024-12-03T00:27:20.346+0000] {processor.py:208} INFO - Processing /home/airflow/.local/lib/python3.12/site-packages/airflow/example_dags/tutorial_objectstorage.py took 0.046 seconds
[2024-12-03T00:27:50.830+0000] {processor.py:186} INFO - Started process (PID=6586) to work on /home/airflow/.local/lib/python3.12/site-packages/airflow/example_dags/tutorial_objectstorage.py
[2024-12-03T00:27:50.831+0000] {processor.py:914} INFO - Processing file /home/airflow/.local/lib/python3.12/site-packages/airflow/example_dags/tutorial_objectstorage.py for tasks to queue
[2024-12-03T00:27:50.833+0000] {logging_mixin.py:190} INFO - [2024-12-03T00:27:50.833+0000] {dagbag.py:588} INFO - Filling up the DagBag from /home/airflow/.local/lib/python3.12/site-packages/airflow/example_dags/tutorial_objectstorage.py
[2024-12-03T00:27:50.838+0000] {processor.py:925} INFO - DAG(s) 'tutorial_objectstorage' retrieved from /home/airflow/.local/lib/python3.12/site-packages/airflow/example_dags/tutorial_objectstorage.py
[2024-12-03T00:27:50.847+0000] {logging_mixin.py:190} INFO - [2024-12-03T00:27:50.847+0000] {dag.py:3239} INFO - Sync 1 DAGs
[2024-12-03T00:27:50.858+0000] {logging_mixin.py:190} INFO - [2024-12-03T00:27:50.858+0000] {dag.py:4180} INFO - Setting next_dagrun for tutorial_objectstorage to None, run_after=None
[2024-12-03T00:27:50.867+0000] {processor.py:208} INFO - Processing /home/airflow/.local/lib/python3.12/site-packages/airflow/example_dags/tutorial_objectstorage.py took 0.041 seconds
[2024-12-03T00:28:21.268+0000] {processor.py:186} INFO - Started process (PID=6652) to work on /home/airflow/.local/lib/python3.12/site-packages/airflow/example_dags/tutorial_objectstorage.py
[2024-12-03T00:28:21.272+0000] {processor.py:914} INFO - Processing file /home/airflow/.local/lib/python3.12/site-packages/airflow/example_dags/tutorial_objectstorage.py for tasks to queue
[2024-12-03T00:28:21.275+0000] {logging_mixin.py:190} INFO - [2024-12-03T00:28:21.275+0000] {dagbag.py:588} INFO - Filling up the DagBag from /home/airflow/.local/lib/python3.12/site-packages/airflow/example_dags/tutorial_objectstorage.py
[2024-12-03T00:28:21.282+0000] {processor.py:925} INFO - DAG(s) 'tutorial_objectstorage' retrieved from /home/airflow/.local/lib/python3.12/site-packages/airflow/example_dags/tutorial_objectstorage.py
[2024-12-03T00:28:21.292+0000] {logging_mixin.py:190} INFO - [2024-12-03T00:28:21.291+0000] {dag.py:3239} INFO - Sync 1 DAGs
[2024-12-03T00:28:21.298+0000] {logging_mixin.py:190} INFO - [2024-12-03T00:28:21.297+0000] {dag.py:4180} INFO - Setting next_dagrun for tutorial_objectstorage to None, run_after=None
[2024-12-03T00:28:21.307+0000] {processor.py:208} INFO - Processing /home/airflow/.local/lib/python3.12/site-packages/airflow/example_dags/tutorial_objectstorage.py took 0.044 seconds
[2024-12-03T00:28:51.633+0000] {processor.py:186} INFO - Started process (PID=6718) to work on /home/airflow/.local/lib/python3.12/site-packages/airflow/example_dags/tutorial_objectstorage.py
[2024-12-03T00:28:51.635+0000] {processor.py:914} INFO - Processing file /home/airflow/.local/lib/python3.12/site-packages/airflow/example_dags/tutorial_objectstorage.py for tasks to queue
[2024-12-03T00:28:51.637+0000] {logging_mixin.py:190} INFO - [2024-12-03T00:28:51.637+0000] {dagbag.py:588} INFO - Filling up the DagBag from /home/airflow/.local/lib/python3.12/site-packages/airflow/example_dags/tutorial_objectstorage.py
[2024-12-03T00:28:51.641+0000] {processor.py:925} INFO - DAG(s) 'tutorial_objectstorage' retrieved from /home/airflow/.local/lib/python3.12/site-packages/airflow/example_dags/tutorial_objectstorage.py
[2024-12-03T00:28:51.651+0000] {logging_mixin.py:190} INFO - [2024-12-03T00:28:51.651+0000] {dag.py:3239} INFO - Sync 1 DAGs
[2024-12-03T00:28:51.657+0000] {logging_mixin.py:190} INFO - [2024-12-03T00:28:51.657+0000] {dag.py:4180} INFO - Setting next_dagrun for tutorial_objectstorage to None, run_after=None
[2024-12-03T00:28:51.664+0000] {processor.py:208} INFO - Processing /home/airflow/.local/lib/python3.12/site-packages/airflow/example_dags/tutorial_objectstorage.py took 0.034 seconds
[2024-12-03T00:29:22.051+0000] {processor.py:186} INFO - Started process (PID=6784) to work on /home/airflow/.local/lib/python3.12/site-packages/airflow/example_dags/tutorial_objectstorage.py
[2024-12-03T00:29:22.054+0000] {processor.py:914} INFO - Processing file /home/airflow/.local/lib/python3.12/site-packages/airflow/example_dags/tutorial_objectstorage.py for tasks to queue
[2024-12-03T00:29:22.056+0000] {logging_mixin.py:190} INFO - [2024-12-03T00:29:22.056+0000] {dagbag.py:588} INFO - Filling up the DagBag from /home/airflow/.local/lib/python3.12/site-packages/airflow/example_dags/tutorial_objectstorage.py
[2024-12-03T00:29:22.060+0000] {processor.py:925} INFO - DAG(s) 'tutorial_objectstorage' retrieved from /home/airflow/.local/lib/python3.12/site-packages/airflow/example_dags/tutorial_objectstorage.py
[2024-12-03T00:29:22.073+0000] {logging_mixin.py:190} INFO - [2024-12-03T00:29:22.073+0000] {dag.py:3239} INFO - Sync 1 DAGs
[2024-12-03T00:29:22.079+0000] {logging_mixin.py:190} INFO - [2024-12-03T00:29:22.079+0000] {dag.py:4180} INFO - Setting next_dagrun for tutorial_objectstorage to None, run_after=None
[2024-12-03T00:29:22.089+0000] {processor.py:208} INFO - Processing /home/airflow/.local/lib/python3.12/site-packages/airflow/example_dags/tutorial_objectstorage.py took 0.041 seconds
[2024-12-03T00:29:52.447+0000] {processor.py:186} INFO - Started process (PID=6850) to work on /home/airflow/.local/lib/python3.12/site-packages/airflow/example_dags/tutorial_objectstorage.py
[2024-12-03T00:29:52.450+0000] {processor.py:914} INFO - Processing file /home/airflow/.local/lib/python3.12/site-packages/airflow/example_dags/tutorial_objectstorage.py for tasks to queue
[2024-12-03T00:29:52.454+0000] {logging_mixin.py:190} INFO - [2024-12-03T00:29:52.454+0000] {dagbag.py:588} INFO - Filling up the DagBag from /home/airflow/.local/lib/python3.12/site-packages/airflow/example_dags/tutorial_objectstorage.py
[2024-12-03T00:29:52.462+0000] {processor.py:925} INFO - DAG(s) 'tutorial_objectstorage' retrieved from /home/airflow/.local/lib/python3.12/site-packages/airflow/example_dags/tutorial_objectstorage.py
[2024-12-03T00:29:52.474+0000] {logging_mixin.py:190} INFO - [2024-12-03T00:29:52.474+0000] {dag.py:3239} INFO - Sync 1 DAGs
[2024-12-03T00:29:52.483+0000] {logging_mixin.py:190} INFO - [2024-12-03T00:29:52.482+0000] {dag.py:4180} INFO - Setting next_dagrun for tutorial_objectstorage to None, run_after=None
[2024-12-03T00:29:52.494+0000] {processor.py:208} INFO - Processing /home/airflow/.local/lib/python3.12/site-packages/airflow/example_dags/tutorial_objectstorage.py took 0.054 seconds
[2024-12-03T00:30:23.111+0000] {processor.py:186} INFO - Started process (PID=6916) to work on /home/airflow/.local/lib/python3.12/site-packages/airflow/example_dags/tutorial_objectstorage.py
[2024-12-03T00:30:23.112+0000] {processor.py:914} INFO - Processing file /home/airflow/.local/lib/python3.12/site-packages/airflow/example_dags/tutorial_objectstorage.py for tasks to queue
[2024-12-03T00:30:23.113+0000] {logging_mixin.py:190} INFO - [2024-12-03T00:30:23.113+0000] {dagbag.py:588} INFO - Filling up the DagBag from /home/airflow/.local/lib/python3.12/site-packages/airflow/example_dags/tutorial_objectstorage.py
[2024-12-03T00:30:23.124+0000] {processor.py:925} INFO - DAG(s) 'tutorial_objectstorage' retrieved from /home/airflow/.local/lib/python3.12/site-packages/airflow/example_dags/tutorial_objectstorage.py
[2024-12-03T00:30:23.138+0000] {logging_mixin.py:190} INFO - [2024-12-03T00:30:23.138+0000] {dag.py:3239} INFO - Sync 1 DAGs
[2024-12-03T00:30:23.150+0000] {logging_mixin.py:190} INFO - [2024-12-03T00:30:23.150+0000] {dag.py:4180} INFO - Setting next_dagrun for tutorial_objectstorage to None, run_after=None
[2024-12-03T00:30:23.160+0000] {processor.py:208} INFO - Processing /home/airflow/.local/lib/python3.12/site-packages/airflow/example_dags/tutorial_objectstorage.py took 0.054 seconds
[2024-12-03T00:30:53.546+0000] {processor.py:186} INFO - Started process (PID=6982) to work on /home/airflow/.local/lib/python3.12/site-packages/airflow/example_dags/tutorial_objectstorage.py
[2024-12-03T00:30:53.550+0000] {processor.py:914} INFO - Processing file /home/airflow/.local/lib/python3.12/site-packages/airflow/example_dags/tutorial_objectstorage.py for tasks to queue
[2024-12-03T00:30:53.551+0000] {logging_mixin.py:190} INFO - [2024-12-03T00:30:53.551+0000] {dagbag.py:588} INFO - Filling up the DagBag from /home/airflow/.local/lib/python3.12/site-packages/airflow/example_dags/tutorial_objectstorage.py
[2024-12-03T00:30:53.556+0000] {processor.py:925} INFO - DAG(s) 'tutorial_objectstorage' retrieved from /home/airflow/.local/lib/python3.12/site-packages/airflow/example_dags/tutorial_objectstorage.py
[2024-12-03T00:30:53.568+0000] {logging_mixin.py:190} INFO - [2024-12-03T00:30:53.568+0000] {dag.py:3239} INFO - Sync 1 DAGs
[2024-12-03T00:30:53.575+0000] {logging_mixin.py:190} INFO - [2024-12-03T00:30:53.575+0000] {dag.py:4180} INFO - Setting next_dagrun for tutorial_objectstorage to None, run_after=None
[2024-12-03T00:30:53.585+0000] {processor.py:208} INFO - Processing /home/airflow/.local/lib/python3.12/site-packages/airflow/example_dags/tutorial_objectstorage.py took 0.044 seconds
[2024-12-03T00:31:24.056+0000] {processor.py:186} INFO - Started process (PID=7048) to work on /home/airflow/.local/lib/python3.12/site-packages/airflow/example_dags/tutorial_objectstorage.py
[2024-12-03T00:31:24.061+0000] {processor.py:914} INFO - Processing file /home/airflow/.local/lib/python3.12/site-packages/airflow/example_dags/tutorial_objectstorage.py for tasks to queue
[2024-12-03T00:31:24.062+0000] {logging_mixin.py:190} INFO - [2024-12-03T00:31:24.062+0000] {dagbag.py:588} INFO - Filling up the DagBag from /home/airflow/.local/lib/python3.12/site-packages/airflow/example_dags/tutorial_objectstorage.py
[2024-12-03T00:31:24.069+0000] {processor.py:925} INFO - DAG(s) 'tutorial_objectstorage' retrieved from /home/airflow/.local/lib/python3.12/site-packages/airflow/example_dags/tutorial_objectstorage.py
[2024-12-03T00:31:24.081+0000] {logging_mixin.py:190} INFO - [2024-12-03T00:31:24.081+0000] {dag.py:3239} INFO - Sync 1 DAGs
[2024-12-03T00:31:24.090+0000] {logging_mixin.py:190} INFO - [2024-12-03T00:31:24.090+0000] {dag.py:4180} INFO - Setting next_dagrun for tutorial_objectstorage to None, run_after=None
[2024-12-03T00:31:24.101+0000] {processor.py:208} INFO - Processing /home/airflow/.local/lib/python3.12/site-packages/airflow/example_dags/tutorial_objectstorage.py took 0.050 seconds
[2024-12-03T00:31:54.487+0000] {processor.py:186} INFO - Started process (PID=7114) to work on /home/airflow/.local/lib/python3.12/site-packages/airflow/example_dags/tutorial_objectstorage.py
[2024-12-03T00:31:54.489+0000] {processor.py:914} INFO - Processing file /home/airflow/.local/lib/python3.12/site-packages/airflow/example_dags/tutorial_objectstorage.py for tasks to queue
[2024-12-03T00:31:54.492+0000] {logging_mixin.py:190} INFO - [2024-12-03T00:31:54.492+0000] {dagbag.py:588} INFO - Filling up the DagBag from /home/airflow/.local/lib/python3.12/site-packages/airflow/example_dags/tutorial_objectstorage.py
[2024-12-03T00:31:54.501+0000] {processor.py:925} INFO - DAG(s) 'tutorial_objectstorage' retrieved from /home/airflow/.local/lib/python3.12/site-packages/airflow/example_dags/tutorial_objectstorage.py
[2024-12-03T00:31:54.514+0000] {logging_mixin.py:190} INFO - [2024-12-03T00:31:54.514+0000] {dag.py:3239} INFO - Sync 1 DAGs
[2024-12-03T00:31:54.522+0000] {logging_mixin.py:190} INFO - [2024-12-03T00:31:54.522+0000] {dag.py:4180} INFO - Setting next_dagrun for tutorial_objectstorage to None, run_after=None
[2024-12-03T00:31:54.533+0000] {processor.py:208} INFO - Processing /home/airflow/.local/lib/python3.12/site-packages/airflow/example_dags/tutorial_objectstorage.py took 0.050 seconds
[2024-12-03T00:32:24.991+0000] {processor.py:186} INFO - Started process (PID=7180) to work on /home/airflow/.local/lib/python3.12/site-packages/airflow/example_dags/tutorial_objectstorage.py
[2024-12-03T00:32:24.994+0000] {processor.py:914} INFO - Processing file /home/airflow/.local/lib/python3.12/site-packages/airflow/example_dags/tutorial_objectstorage.py for tasks to queue
[2024-12-03T00:32:24.995+0000] {logging_mixin.py:190} INFO - [2024-12-03T00:32:24.995+0000] {dagbag.py:588} INFO - Filling up the DagBag from /home/airflow/.local/lib/python3.12/site-packages/airflow/example_dags/tutorial_objectstorage.py
[2024-12-03T00:32:25.000+0000] {processor.py:925} INFO - DAG(s) 'tutorial_objectstorage' retrieved from /home/airflow/.local/lib/python3.12/site-packages/airflow/example_dags/tutorial_objectstorage.py
[2024-12-03T00:32:25.010+0000] {logging_mixin.py:190} INFO - [2024-12-03T00:32:25.010+0000] {dag.py:3239} INFO - Sync 1 DAGs
[2024-12-03T00:32:25.017+0000] {logging_mixin.py:190} INFO - [2024-12-03T00:32:25.016+0000] {dag.py:4180} INFO - Setting next_dagrun for tutorial_objectstorage to None, run_after=None
[2024-12-03T00:32:25.027+0000] {processor.py:208} INFO - Processing /home/airflow/.local/lib/python3.12/site-packages/airflow/example_dags/tutorial_objectstorage.py took 0.042 seconds
[2024-12-03T00:32:55.369+0000] {processor.py:186} INFO - Started process (PID=7246) to work on /home/airflow/.local/lib/python3.12/site-packages/airflow/example_dags/tutorial_objectstorage.py
[2024-12-03T00:32:55.369+0000] {processor.py:914} INFO - Processing file /home/airflow/.local/lib/python3.12/site-packages/airflow/example_dags/tutorial_objectstorage.py for tasks to queue
[2024-12-03T00:32:55.371+0000] {logging_mixin.py:190} INFO - [2024-12-03T00:32:55.371+0000] {dagbag.py:588} INFO - Filling up the DagBag from /home/airflow/.local/lib/python3.12/site-packages/airflow/example_dags/tutorial_objectstorage.py
[2024-12-03T00:32:55.379+0000] {processor.py:925} INFO - DAG(s) 'tutorial_objectstorage' retrieved from /home/airflow/.local/lib/python3.12/site-packages/airflow/example_dags/tutorial_objectstorage.py
[2024-12-03T00:32:55.390+0000] {logging_mixin.py:190} INFO - [2024-12-03T00:32:55.390+0000] {dag.py:3239} INFO - Sync 1 DAGs
[2024-12-03T00:32:55.397+0000] {logging_mixin.py:190} INFO - [2024-12-03T00:32:55.397+0000] {dag.py:4180} INFO - Setting next_dagrun for tutorial_objectstorage to None, run_after=None
[2024-12-03T00:32:55.406+0000] {processor.py:208} INFO - Processing /home/airflow/.local/lib/python3.12/site-packages/airflow/example_dags/tutorial_objectstorage.py took 0.042 seconds
[2024-12-03T00:33:25.702+0000] {processor.py:186} INFO - Started process (PID=7312) to work on /home/airflow/.local/lib/python3.12/site-packages/airflow/example_dags/tutorial_objectstorage.py
[2024-12-03T00:33:25.703+0000] {processor.py:914} INFO - Processing file /home/airflow/.local/lib/python3.12/site-packages/airflow/example_dags/tutorial_objectstorage.py for tasks to queue
[2024-12-03T00:33:25.706+0000] {logging_mixin.py:190} INFO - [2024-12-03T00:33:25.705+0000] {dagbag.py:588} INFO - Filling up the DagBag from /home/airflow/.local/lib/python3.12/site-packages/airflow/example_dags/tutorial_objectstorage.py
[2024-12-03T00:33:25.714+0000] {processor.py:925} INFO - DAG(s) 'tutorial_objectstorage' retrieved from /home/airflow/.local/lib/python3.12/site-packages/airflow/example_dags/tutorial_objectstorage.py
[2024-12-03T00:33:25.725+0000] {logging_mixin.py:190} INFO - [2024-12-03T00:33:25.725+0000] {dag.py:3239} INFO - Sync 1 DAGs
[2024-12-03T00:33:25.731+0000] {logging_mixin.py:190} INFO - [2024-12-03T00:33:25.731+0000] {dag.py:4180} INFO - Setting next_dagrun for tutorial_objectstorage to None, run_after=None
[2024-12-03T00:33:25.744+0000] {processor.py:208} INFO - Processing /home/airflow/.local/lib/python3.12/site-packages/airflow/example_dags/tutorial_objectstorage.py took 0.050 seconds
[2024-12-03T00:33:55.938+0000] {processor.py:186} INFO - Started process (PID=7378) to work on /home/airflow/.local/lib/python3.12/site-packages/airflow/example_dags/tutorial_objectstorage.py
[2024-12-03T00:33:55.943+0000] {processor.py:914} INFO - Processing file /home/airflow/.local/lib/python3.12/site-packages/airflow/example_dags/tutorial_objectstorage.py for tasks to queue
[2024-12-03T00:33:55.944+0000] {logging_mixin.py:190} INFO - [2024-12-03T00:33:55.944+0000] {dagbag.py:588} INFO - Filling up the DagBag from /home/airflow/.local/lib/python3.12/site-packages/airflow/example_dags/tutorial_objectstorage.py
[2024-12-03T00:33:55.950+0000] {processor.py:925} INFO - DAG(s) 'tutorial_objectstorage' retrieved from /home/airflow/.local/lib/python3.12/site-packages/airflow/example_dags/tutorial_objectstorage.py
[2024-12-03T00:33:55.961+0000] {logging_mixin.py:190} INFO - [2024-12-03T00:33:55.961+0000] {dag.py:3239} INFO - Sync 1 DAGs
[2024-12-03T00:33:55.971+0000] {logging_mixin.py:190} INFO - [2024-12-03T00:33:55.971+0000] {dag.py:4180} INFO - Setting next_dagrun for tutorial_objectstorage to None, run_after=None
[2024-12-03T00:33:55.981+0000] {processor.py:208} INFO - Processing /home/airflow/.local/lib/python3.12/site-packages/airflow/example_dags/tutorial_objectstorage.py took 0.047 seconds
[2024-12-03T00:34:26.226+0000] {processor.py:186} INFO - Started process (PID=7444) to work on /home/airflow/.local/lib/python3.12/site-packages/airflow/example_dags/tutorial_objectstorage.py
[2024-12-03T00:34:26.229+0000] {processor.py:914} INFO - Processing file /home/airflow/.local/lib/python3.12/site-packages/airflow/example_dags/tutorial_objectstorage.py for tasks to queue
[2024-12-03T00:34:26.232+0000] {logging_mixin.py:190} INFO - [2024-12-03T00:34:26.232+0000] {dagbag.py:588} INFO - Filling up the DagBag from /home/airflow/.local/lib/python3.12/site-packages/airflow/example_dags/tutorial_objectstorage.py
[2024-12-03T00:34:26.237+0000] {processor.py:925} INFO - DAG(s) 'tutorial_objectstorage' retrieved from /home/airflow/.local/lib/python3.12/site-packages/airflow/example_dags/tutorial_objectstorage.py
[2024-12-03T00:34:26.248+0000] {logging_mixin.py:190} INFO - [2024-12-03T00:34:26.248+0000] {dag.py:3239} INFO - Sync 1 DAGs
[2024-12-03T00:34:26.254+0000] {logging_mixin.py:190} INFO - [2024-12-03T00:34:26.254+0000] {dag.py:4180} INFO - Setting next_dagrun for tutorial_objectstorage to None, run_after=None
[2024-12-03T00:34:26.262+0000] {processor.py:208} INFO - Processing /home/airflow/.local/lib/python3.12/site-packages/airflow/example_dags/tutorial_objectstorage.py took 0.041 seconds
[2024-12-03T00:34:56.481+0000] {processor.py:186} INFO - Started process (PID=7510) to work on /home/airflow/.local/lib/python3.12/site-packages/airflow/example_dags/tutorial_objectstorage.py
[2024-12-03T00:34:56.483+0000] {processor.py:914} INFO - Processing file /home/airflow/.local/lib/python3.12/site-packages/airflow/example_dags/tutorial_objectstorage.py for tasks to queue
[2024-12-03T00:34:56.485+0000] {logging_mixin.py:190} INFO - [2024-12-03T00:34:56.485+0000] {dagbag.py:588} INFO - Filling up the DagBag from /home/airflow/.local/lib/python3.12/site-packages/airflow/example_dags/tutorial_objectstorage.py
[2024-12-03T00:34:56.498+0000] {processor.py:925} INFO - DAG(s) 'tutorial_objectstorage' retrieved from /home/airflow/.local/lib/python3.12/site-packages/airflow/example_dags/tutorial_objectstorage.py
[2024-12-03T00:34:56.508+0000] {logging_mixin.py:190} INFO - [2024-12-03T00:34:56.508+0000] {dag.py:3239} INFO - Sync 1 DAGs
[2024-12-03T00:34:56.516+0000] {logging_mixin.py:190} INFO - [2024-12-03T00:34:56.516+0000] {dag.py:4180} INFO - Setting next_dagrun for tutorial_objectstorage to None, run_after=None
[2024-12-03T00:34:56.524+0000] {processor.py:208} INFO - Processing /home/airflow/.local/lib/python3.12/site-packages/airflow/example_dags/tutorial_objectstorage.py took 0.048 seconds
[2024-12-03T00:35:26.810+0000] {processor.py:186} INFO - Started process (PID=7576) to work on /home/airflow/.local/lib/python3.12/site-packages/airflow/example_dags/tutorial_objectstorage.py
[2024-12-03T00:35:26.813+0000] {processor.py:914} INFO - Processing file /home/airflow/.local/lib/python3.12/site-packages/airflow/example_dags/tutorial_objectstorage.py for tasks to queue
[2024-12-03T00:35:26.814+0000] {logging_mixin.py:190} INFO - [2024-12-03T00:35:26.814+0000] {dagbag.py:588} INFO - Filling up the DagBag from /home/airflow/.local/lib/python3.12/site-packages/airflow/example_dags/tutorial_objectstorage.py
[2024-12-03T00:35:26.820+0000] {processor.py:925} INFO - DAG(s) 'tutorial_objectstorage' retrieved from /home/airflow/.local/lib/python3.12/site-packages/airflow/example_dags/tutorial_objectstorage.py
[2024-12-03T00:35:26.834+0000] {logging_mixin.py:190} INFO - [2024-12-03T00:35:26.833+0000] {dag.py:3239} INFO - Sync 1 DAGs
[2024-12-03T00:35:26.840+0000] {logging_mixin.py:190} INFO - [2024-12-03T00:35:26.840+0000] {dag.py:4180} INFO - Setting next_dagrun for tutorial_objectstorage to None, run_after=None
[2024-12-03T00:35:26.847+0000] {processor.py:208} INFO - Processing /home/airflow/.local/lib/python3.12/site-packages/airflow/example_dags/tutorial_objectstorage.py took 0.042 seconds
[2024-12-03T00:35:57.152+0000] {processor.py:186} INFO - Started process (PID=7642) to work on /home/airflow/.local/lib/python3.12/site-packages/airflow/example_dags/tutorial_objectstorage.py
[2024-12-03T00:35:57.156+0000] {processor.py:914} INFO - Processing file /home/airflow/.local/lib/python3.12/site-packages/airflow/example_dags/tutorial_objectstorage.py for tasks to queue
[2024-12-03T00:35:57.158+0000] {logging_mixin.py:190} INFO - [2024-12-03T00:35:57.157+0000] {dagbag.py:588} INFO - Filling up the DagBag from /home/airflow/.local/lib/python3.12/site-packages/airflow/example_dags/tutorial_objectstorage.py
[2024-12-03T00:35:57.164+0000] {processor.py:925} INFO - DAG(s) 'tutorial_objectstorage' retrieved from /home/airflow/.local/lib/python3.12/site-packages/airflow/example_dags/tutorial_objectstorage.py
[2024-12-03T00:35:57.173+0000] {logging_mixin.py:190} INFO - [2024-12-03T00:35:57.173+0000] {dag.py:3239} INFO - Sync 1 DAGs
[2024-12-03T00:35:57.182+0000] {logging_mixin.py:190} INFO - [2024-12-03T00:35:57.182+0000] {dag.py:4180} INFO - Setting next_dagrun for tutorial_objectstorage to None, run_after=None
[2024-12-03T00:35:57.194+0000] {processor.py:208} INFO - Processing /home/airflow/.local/lib/python3.12/site-packages/airflow/example_dags/tutorial_objectstorage.py took 0.046 seconds
[2024-12-03T00:36:27.457+0000] {processor.py:186} INFO - Started process (PID=7708) to work on /home/airflow/.local/lib/python3.12/site-packages/airflow/example_dags/tutorial_objectstorage.py
[2024-12-03T00:36:27.459+0000] {processor.py:914} INFO - Processing file /home/airflow/.local/lib/python3.12/site-packages/airflow/example_dags/tutorial_objectstorage.py for tasks to queue
[2024-12-03T00:36:27.463+0000] {logging_mixin.py:190} INFO - [2024-12-03T00:36:27.463+0000] {dagbag.py:588} INFO - Filling up the DagBag from /home/airflow/.local/lib/python3.12/site-packages/airflow/example_dags/tutorial_objectstorage.py
[2024-12-03T00:36:27.471+0000] {processor.py:925} INFO - DAG(s) 'tutorial_objectstorage' retrieved from /home/airflow/.local/lib/python3.12/site-packages/airflow/example_dags/tutorial_objectstorage.py
[2024-12-03T00:36:27.482+0000] {logging_mixin.py:190} INFO - [2024-12-03T00:36:27.481+0000] {dag.py:3239} INFO - Sync 1 DAGs
[2024-12-03T00:36:27.489+0000] {logging_mixin.py:190} INFO - [2024-12-03T00:36:27.489+0000] {dag.py:4180} INFO - Setting next_dagrun for tutorial_objectstorage to None, run_after=None
[2024-12-03T00:36:27.499+0000] {processor.py:208} INFO - Processing /home/airflow/.local/lib/python3.12/site-packages/airflow/example_dags/tutorial_objectstorage.py took 0.046 seconds
[2024-12-03T00:36:57.724+0000] {processor.py:186} INFO - Started process (PID=7774) to work on /home/airflow/.local/lib/python3.12/site-packages/airflow/example_dags/tutorial_objectstorage.py
[2024-12-03T00:36:57.727+0000] {processor.py:914} INFO - Processing file /home/airflow/.local/lib/python3.12/site-packages/airflow/example_dags/tutorial_objectstorage.py for tasks to queue
[2024-12-03T00:36:57.729+0000] {logging_mixin.py:190} INFO - [2024-12-03T00:36:57.729+0000] {dagbag.py:588} INFO - Filling up the DagBag from /home/airflow/.local/lib/python3.12/site-packages/airflow/example_dags/tutorial_objectstorage.py
[2024-12-03T00:36:57.734+0000] {processor.py:925} INFO - DAG(s) 'tutorial_objectstorage' retrieved from /home/airflow/.local/lib/python3.12/site-packages/airflow/example_dags/tutorial_objectstorage.py
[2024-12-03T00:36:57.746+0000] {logging_mixin.py:190} INFO - [2024-12-03T00:36:57.746+0000] {dag.py:3239} INFO - Sync 1 DAGs
[2024-12-03T00:36:57.752+0000] {logging_mixin.py:190} INFO - [2024-12-03T00:36:57.752+0000] {dag.py:4180} INFO - Setting next_dagrun for tutorial_objectstorage to None, run_after=None
[2024-12-03T00:36:57.761+0000] {processor.py:208} INFO - Processing /home/airflow/.local/lib/python3.12/site-packages/airflow/example_dags/tutorial_objectstorage.py took 0.040 seconds
[2024-12-03T00:37:27.976+0000] {processor.py:186} INFO - Started process (PID=7840) to work on /home/airflow/.local/lib/python3.12/site-packages/airflow/example_dags/tutorial_objectstorage.py
[2024-12-03T00:37:27.978+0000] {processor.py:914} INFO - Processing file /home/airflow/.local/lib/python3.12/site-packages/airflow/example_dags/tutorial_objectstorage.py for tasks to queue
[2024-12-03T00:37:27.984+0000] {logging_mixin.py:190} INFO - [2024-12-03T00:37:27.984+0000] {dagbag.py:588} INFO - Filling up the DagBag from /home/airflow/.local/lib/python3.12/site-packages/airflow/example_dags/tutorial_objectstorage.py
[2024-12-03T00:37:27.992+0000] {processor.py:925} INFO - DAG(s) 'tutorial_objectstorage' retrieved from /home/airflow/.local/lib/python3.12/site-packages/airflow/example_dags/tutorial_objectstorage.py
[2024-12-03T00:37:28.000+0000] {logging_mixin.py:190} INFO - [2024-12-03T00:37:28.000+0000] {dag.py:3239} INFO - Sync 1 DAGs
[2024-12-03T00:37:28.008+0000] {logging_mixin.py:190} INFO - [2024-12-03T00:37:28.008+0000] {dag.py:4180} INFO - Setting next_dagrun for tutorial_objectstorage to None, run_after=None
[2024-12-03T00:37:28.017+0000] {processor.py:208} INFO - Processing /home/airflow/.local/lib/python3.12/site-packages/airflow/example_dags/tutorial_objectstorage.py took 0.045 seconds
[2024-12-03T00:37:58.281+0000] {processor.py:186} INFO - Started process (PID=7906) to work on /home/airflow/.local/lib/python3.12/site-packages/airflow/example_dags/tutorial_objectstorage.py
[2024-12-03T00:37:58.281+0000] {processor.py:914} INFO - Processing file /home/airflow/.local/lib/python3.12/site-packages/airflow/example_dags/tutorial_objectstorage.py for tasks to queue
[2024-12-03T00:37:58.283+0000] {logging_mixin.py:190} INFO - [2024-12-03T00:37:58.283+0000] {dagbag.py:588} INFO - Filling up the DagBag from /home/airflow/.local/lib/python3.12/site-packages/airflow/example_dags/tutorial_objectstorage.py
[2024-12-03T00:37:58.295+0000] {processor.py:925} INFO - DAG(s) 'tutorial_objectstorage' retrieved from /home/airflow/.local/lib/python3.12/site-packages/airflow/example_dags/tutorial_objectstorage.py
[2024-12-03T00:37:58.311+0000] {logging_mixin.py:190} INFO - [2024-12-03T00:37:58.311+0000] {dag.py:3239} INFO - Sync 1 DAGs
[2024-12-03T00:37:58.320+0000] {logging_mixin.py:190} INFO - [2024-12-03T00:37:58.320+0000] {dag.py:4180} INFO - Setting next_dagrun for tutorial_objectstorage to None, run_after=None
[2024-12-03T00:37:58.330+0000] {processor.py:208} INFO - Processing /home/airflow/.local/lib/python3.12/site-packages/airflow/example_dags/tutorial_objectstorage.py took 0.053 seconds
