[2024-12-03T00:03:58.671+0000] {processor.py:186} INFO - Started process (PID=3503) to work on /home/airflow/.local/lib/python3.12/site-packages/airflow/example_dags/tutorial_taskflow_api.py
[2024-12-03T00:03:58.674+0000] {processor.py:914} INFO - Processing file /home/airflow/.local/lib/python3.12/site-packages/airflow/example_dags/tutorial_taskflow_api.py for tasks to queue
[2024-12-03T00:03:58.675+0000] {logging_mixin.py:190} INFO - [2024-12-03T00:03:58.675+0000] {dagbag.py:588} INFO - Filling up the DagBag from /home/airflow/.local/lib/python3.12/site-packages/airflow/example_dags/tutorial_taskflow_api.py
[2024-12-03T00:03:58.679+0000] {processor.py:925} INFO - DAG(s) 'tutorial_taskflow_api' retrieved from /home/airflow/.local/lib/python3.12/site-packages/airflow/example_dags/tutorial_taskflow_api.py
[2024-12-03T00:03:58.691+0000] {logging_mixin.py:190} INFO - [2024-12-03T00:03:58.691+0000] {dag.py:3239} INFO - Sync 1 DAGs
[2024-12-03T00:03:58.699+0000] {logging_mixin.py:190} INFO - [2024-12-03T00:03:58.699+0000] {dag.py:4180} INFO - Setting next_dagrun for tutorial_taskflow_api to None, run_after=None
[2024-12-03T00:03:58.707+0000] {processor.py:208} INFO - Processing /home/airflow/.local/lib/python3.12/site-packages/airflow/example_dags/tutorial_taskflow_api.py took 0.039 seconds
[2024-12-03T00:04:29.095+0000] {processor.py:186} INFO - Started process (PID=3574) to work on /home/airflow/.local/lib/python3.12/site-packages/airflow/example_dags/tutorial_taskflow_api.py
[2024-12-03T00:04:29.098+0000] {processor.py:914} INFO - Processing file /home/airflow/.local/lib/python3.12/site-packages/airflow/example_dags/tutorial_taskflow_api.py for tasks to queue
[2024-12-03T00:04:29.100+0000] {logging_mixin.py:190} INFO - [2024-12-03T00:04:29.099+0000] {dagbag.py:588} INFO - Filling up the DagBag from /home/airflow/.local/lib/python3.12/site-packages/airflow/example_dags/tutorial_taskflow_api.py
[2024-12-03T00:04:29.103+0000] {processor.py:925} INFO - DAG(s) 'tutorial_taskflow_api' retrieved from /home/airflow/.local/lib/python3.12/site-packages/airflow/example_dags/tutorial_taskflow_api.py
[2024-12-03T00:04:29.112+0000] {logging_mixin.py:190} INFO - [2024-12-03T00:04:29.112+0000] {dag.py:3239} INFO - Sync 1 DAGs
[2024-12-03T00:04:29.118+0000] {logging_mixin.py:190} INFO - [2024-12-03T00:04:29.118+0000] {dag.py:4180} INFO - Setting next_dagrun for tutorial_taskflow_api to None, run_after=None
[2024-12-03T00:04:29.127+0000] {processor.py:208} INFO - Processing /home/airflow/.local/lib/python3.12/site-packages/airflow/example_dags/tutorial_taskflow_api.py took 0.034 seconds
[2024-12-03T00:04:59.231+0000] {processor.py:186} INFO - Started process (PID=3640) to work on /home/airflow/.local/lib/python3.12/site-packages/airflow/example_dags/tutorial_taskflow_api.py
[2024-12-03T00:04:59.232+0000] {processor.py:914} INFO - Processing file /home/airflow/.local/lib/python3.12/site-packages/airflow/example_dags/tutorial_taskflow_api.py for tasks to queue
[2024-12-03T00:04:59.232+0000] {logging_mixin.py:190} INFO - [2024-12-03T00:04:59.232+0000] {dagbag.py:588} INFO - Filling up the DagBag from /home/airflow/.local/lib/python3.12/site-packages/airflow/example_dags/tutorial_taskflow_api.py
[2024-12-03T00:04:59.236+0000] {processor.py:925} INFO - DAG(s) 'tutorial_taskflow_api' retrieved from /home/airflow/.local/lib/python3.12/site-packages/airflow/example_dags/tutorial_taskflow_api.py
[2024-12-03T00:04:59.246+0000] {logging_mixin.py:190} INFO - [2024-12-03T00:04:59.246+0000] {dag.py:3239} INFO - Sync 1 DAGs
[2024-12-03T00:04:59.251+0000] {logging_mixin.py:190} INFO - [2024-12-03T00:04:59.251+0000] {dag.py:4180} INFO - Setting next_dagrun for tutorial_taskflow_api to None, run_after=None
[2024-12-03T00:04:59.257+0000] {processor.py:208} INFO - Processing /home/airflow/.local/lib/python3.12/site-packages/airflow/example_dags/tutorial_taskflow_api.py took 0.028 seconds
[2024-12-03T00:05:30.383+0000] {processor.py:186} INFO - Started process (PID=3706) to work on /home/airflow/.local/lib/python3.12/site-packages/airflow/example_dags/tutorial_taskflow_api.py
[2024-12-03T00:05:30.384+0000] {processor.py:914} INFO - Processing file /home/airflow/.local/lib/python3.12/site-packages/airflow/example_dags/tutorial_taskflow_api.py for tasks to queue
[2024-12-03T00:05:30.385+0000] {logging_mixin.py:190} INFO - [2024-12-03T00:05:30.385+0000] {dagbag.py:588} INFO - Filling up the DagBag from /home/airflow/.local/lib/python3.12/site-packages/airflow/example_dags/tutorial_taskflow_api.py
[2024-12-03T00:05:30.388+0000] {processor.py:925} INFO - DAG(s) 'tutorial_taskflow_api' retrieved from /home/airflow/.local/lib/python3.12/site-packages/airflow/example_dags/tutorial_taskflow_api.py
[2024-12-03T00:05:30.395+0000] {logging_mixin.py:190} INFO - [2024-12-03T00:05:30.395+0000] {dag.py:3239} INFO - Sync 1 DAGs
[2024-12-03T00:05:30.400+0000] {logging_mixin.py:190} INFO - [2024-12-03T00:05:30.400+0000] {dag.py:4180} INFO - Setting next_dagrun for tutorial_taskflow_api to None, run_after=None
[2024-12-03T00:05:30.408+0000] {processor.py:208} INFO - Processing /home/airflow/.local/lib/python3.12/site-packages/airflow/example_dags/tutorial_taskflow_api.py took 0.027 seconds
[2024-12-03T00:06:01.486+0000] {processor.py:186} INFO - Started process (PID=3772) to work on /home/airflow/.local/lib/python3.12/site-packages/airflow/example_dags/tutorial_taskflow_api.py
[2024-12-03T00:06:01.489+0000] {processor.py:914} INFO - Processing file /home/airflow/.local/lib/python3.12/site-packages/airflow/example_dags/tutorial_taskflow_api.py for tasks to queue
[2024-12-03T00:06:01.490+0000] {logging_mixin.py:190} INFO - [2024-12-03T00:06:01.490+0000] {dagbag.py:588} INFO - Filling up the DagBag from /home/airflow/.local/lib/python3.12/site-packages/airflow/example_dags/tutorial_taskflow_api.py
[2024-12-03T00:06:01.493+0000] {processor.py:925} INFO - DAG(s) 'tutorial_taskflow_api' retrieved from /home/airflow/.local/lib/python3.12/site-packages/airflow/example_dags/tutorial_taskflow_api.py
[2024-12-03T00:06:01.502+0000] {logging_mixin.py:190} INFO - [2024-12-03T00:06:01.502+0000] {dag.py:3239} INFO - Sync 1 DAGs
[2024-12-03T00:06:01.507+0000] {logging_mixin.py:190} INFO - [2024-12-03T00:06:01.507+0000] {dag.py:4180} INFO - Setting next_dagrun for tutorial_taskflow_api to None, run_after=None
[2024-12-03T00:06:01.514+0000] {processor.py:208} INFO - Processing /home/airflow/.local/lib/python3.12/site-packages/airflow/example_dags/tutorial_taskflow_api.py took 0.030 seconds
[2024-12-03T00:06:32.637+0000] {processor.py:186} INFO - Started process (PID=3838) to work on /home/airflow/.local/lib/python3.12/site-packages/airflow/example_dags/tutorial_taskflow_api.py
[2024-12-03T00:06:32.640+0000] {processor.py:914} INFO - Processing file /home/airflow/.local/lib/python3.12/site-packages/airflow/example_dags/tutorial_taskflow_api.py for tasks to queue
[2024-12-03T00:06:32.642+0000] {logging_mixin.py:190} INFO - [2024-12-03T00:06:32.642+0000] {dagbag.py:588} INFO - Filling up the DagBag from /home/airflow/.local/lib/python3.12/site-packages/airflow/example_dags/tutorial_taskflow_api.py
[2024-12-03T00:06:32.646+0000] {processor.py:925} INFO - DAG(s) 'tutorial_taskflow_api' retrieved from /home/airflow/.local/lib/python3.12/site-packages/airflow/example_dags/tutorial_taskflow_api.py
[2024-12-03T00:06:32.654+0000] {logging_mixin.py:190} INFO - [2024-12-03T00:06:32.654+0000] {dag.py:3239} INFO - Sync 1 DAGs
[2024-12-03T00:06:32.659+0000] {logging_mixin.py:190} INFO - [2024-12-03T00:06:32.659+0000] {dag.py:4180} INFO - Setting next_dagrun for tutorial_taskflow_api to None, run_after=None
[2024-12-03T00:06:32.666+0000] {processor.py:208} INFO - Processing /home/airflow/.local/lib/python3.12/site-packages/airflow/example_dags/tutorial_taskflow_api.py took 0.032 seconds
[2024-12-03T00:07:03.839+0000] {processor.py:186} INFO - Started process (PID=3904) to work on /home/airflow/.local/lib/python3.12/site-packages/airflow/example_dags/tutorial_taskflow_api.py
[2024-12-03T00:07:03.840+0000] {processor.py:914} INFO - Processing file /home/airflow/.local/lib/python3.12/site-packages/airflow/example_dags/tutorial_taskflow_api.py for tasks to queue
[2024-12-03T00:07:03.844+0000] {logging_mixin.py:190} INFO - [2024-12-03T00:07:03.844+0000] {dagbag.py:588} INFO - Filling up the DagBag from /home/airflow/.local/lib/python3.12/site-packages/airflow/example_dags/tutorial_taskflow_api.py
[2024-12-03T00:07:03.849+0000] {processor.py:925} INFO - DAG(s) 'tutorial_taskflow_api' retrieved from /home/airflow/.local/lib/python3.12/site-packages/airflow/example_dags/tutorial_taskflow_api.py
[2024-12-03T00:07:03.859+0000] {logging_mixin.py:190} INFO - [2024-12-03T00:07:03.859+0000] {dag.py:3239} INFO - Sync 1 DAGs
[2024-12-03T00:07:03.864+0000] {logging_mixin.py:190} INFO - [2024-12-03T00:07:03.864+0000] {dag.py:4180} INFO - Setting next_dagrun for tutorial_taskflow_api to None, run_after=None
[2024-12-03T00:07:03.870+0000] {processor.py:208} INFO - Processing /home/airflow/.local/lib/python3.12/site-packages/airflow/example_dags/tutorial_taskflow_api.py took 0.034 seconds
[2024-12-03T00:07:34.876+0000] {processor.py:186} INFO - Started process (PID=3970) to work on /home/airflow/.local/lib/python3.12/site-packages/airflow/example_dags/tutorial_taskflow_api.py
[2024-12-03T00:07:34.879+0000] {processor.py:914} INFO - Processing file /home/airflow/.local/lib/python3.12/site-packages/airflow/example_dags/tutorial_taskflow_api.py for tasks to queue
[2024-12-03T00:07:34.880+0000] {logging_mixin.py:190} INFO - [2024-12-03T00:07:34.880+0000] {dagbag.py:588} INFO - Filling up the DagBag from /home/airflow/.local/lib/python3.12/site-packages/airflow/example_dags/tutorial_taskflow_api.py
[2024-12-03T00:07:34.884+0000] {processor.py:925} INFO - DAG(s) 'tutorial_taskflow_api' retrieved from /home/airflow/.local/lib/python3.12/site-packages/airflow/example_dags/tutorial_taskflow_api.py
[2024-12-03T00:07:34.891+0000] {logging_mixin.py:190} INFO - [2024-12-03T00:07:34.891+0000] {dag.py:3239} INFO - Sync 1 DAGs
[2024-12-03T00:07:34.896+0000] {logging_mixin.py:190} INFO - [2024-12-03T00:07:34.896+0000] {dag.py:4180} INFO - Setting next_dagrun for tutorial_taskflow_api to None, run_after=None
[2024-12-03T00:07:34.903+0000] {processor.py:208} INFO - Processing /home/airflow/.local/lib/python3.12/site-packages/airflow/example_dags/tutorial_taskflow_api.py took 0.030 seconds
[2024-12-03T00:08:05.912+0000] {processor.py:186} INFO - Started process (PID=4036) to work on /home/airflow/.local/lib/python3.12/site-packages/airflow/example_dags/tutorial_taskflow_api.py
[2024-12-03T00:08:05.915+0000] {processor.py:914} INFO - Processing file /home/airflow/.local/lib/python3.12/site-packages/airflow/example_dags/tutorial_taskflow_api.py for tasks to queue
[2024-12-03T00:08:05.917+0000] {logging_mixin.py:190} INFO - [2024-12-03T00:08:05.916+0000] {dagbag.py:588} INFO - Filling up the DagBag from /home/airflow/.local/lib/python3.12/site-packages/airflow/example_dags/tutorial_taskflow_api.py
[2024-12-03T00:08:05.921+0000] {processor.py:925} INFO - DAG(s) 'tutorial_taskflow_api' retrieved from /home/airflow/.local/lib/python3.12/site-packages/airflow/example_dags/tutorial_taskflow_api.py
[2024-12-03T00:08:05.928+0000] {logging_mixin.py:190} INFO - [2024-12-03T00:08:05.928+0000] {dag.py:3239} INFO - Sync 1 DAGs
[2024-12-03T00:08:05.934+0000] {logging_mixin.py:190} INFO - [2024-12-03T00:08:05.934+0000] {dag.py:4180} INFO - Setting next_dagrun for tutorial_taskflow_api to None, run_after=None
[2024-12-03T00:08:05.941+0000] {processor.py:208} INFO - Processing /home/airflow/.local/lib/python3.12/site-packages/airflow/example_dags/tutorial_taskflow_api.py took 0.031 seconds
[2024-12-03T00:08:37.177+0000] {processor.py:186} INFO - Started process (PID=4102) to work on /home/airflow/.local/lib/python3.12/site-packages/airflow/example_dags/tutorial_taskflow_api.py
[2024-12-03T00:08:37.177+0000] {processor.py:914} INFO - Processing file /home/airflow/.local/lib/python3.12/site-packages/airflow/example_dags/tutorial_taskflow_api.py for tasks to queue
[2024-12-03T00:08:37.178+0000] {logging_mixin.py:190} INFO - [2024-12-03T00:08:37.178+0000] {dagbag.py:588} INFO - Filling up the DagBag from /home/airflow/.local/lib/python3.12/site-packages/airflow/example_dags/tutorial_taskflow_api.py
[2024-12-03T00:08:37.182+0000] {processor.py:925} INFO - DAG(s) 'tutorial_taskflow_api' retrieved from /home/airflow/.local/lib/python3.12/site-packages/airflow/example_dags/tutorial_taskflow_api.py
[2024-12-03T00:08:37.190+0000] {logging_mixin.py:190} INFO - [2024-12-03T00:08:37.190+0000] {dag.py:3239} INFO - Sync 1 DAGs
[2024-12-03T00:08:37.195+0000] {logging_mixin.py:190} INFO - [2024-12-03T00:08:37.195+0000] {dag.py:4180} INFO - Setting next_dagrun for tutorial_taskflow_api to None, run_after=None
[2024-12-03T00:08:37.201+0000] {processor.py:208} INFO - Processing /home/airflow/.local/lib/python3.12/site-packages/airflow/example_dags/tutorial_taskflow_api.py took 0.027 seconds
[2024-12-03T00:09:07.481+0000] {processor.py:186} INFO - Started process (PID=4168) to work on /home/airflow/.local/lib/python3.12/site-packages/airflow/example_dags/tutorial_taskflow_api.py
[2024-12-03T00:09:07.481+0000] {processor.py:914} INFO - Processing file /home/airflow/.local/lib/python3.12/site-packages/airflow/example_dags/tutorial_taskflow_api.py for tasks to queue
[2024-12-03T00:09:07.482+0000] {logging_mixin.py:190} INFO - [2024-12-03T00:09:07.482+0000] {dagbag.py:588} INFO - Filling up the DagBag from /home/airflow/.local/lib/python3.12/site-packages/airflow/example_dags/tutorial_taskflow_api.py
[2024-12-03T00:09:07.485+0000] {processor.py:925} INFO - DAG(s) 'tutorial_taskflow_api' retrieved from /home/airflow/.local/lib/python3.12/site-packages/airflow/example_dags/tutorial_taskflow_api.py
[2024-12-03T00:09:07.493+0000] {logging_mixin.py:190} INFO - [2024-12-03T00:09:07.493+0000] {dag.py:3239} INFO - Sync 1 DAGs
[2024-12-03T00:09:07.498+0000] {logging_mixin.py:190} INFO - [2024-12-03T00:09:07.498+0000] {dag.py:4180} INFO - Setting next_dagrun for tutorial_taskflow_api to None, run_after=None
[2024-12-03T00:09:07.507+0000] {processor.py:208} INFO - Processing /home/airflow/.local/lib/python3.12/site-packages/airflow/example_dags/tutorial_taskflow_api.py took 0.029 seconds
[2024-12-03T00:09:37.697+0000] {processor.py:186} INFO - Started process (PID=4233) to work on /home/airflow/.local/lib/python3.12/site-packages/airflow/example_dags/tutorial_taskflow_api.py
[2024-12-03T00:09:37.698+0000] {processor.py:914} INFO - Processing file /home/airflow/.local/lib/python3.12/site-packages/airflow/example_dags/tutorial_taskflow_api.py for tasks to queue
[2024-12-03T00:09:37.699+0000] {logging_mixin.py:190} INFO - [2024-12-03T00:09:37.699+0000] {dagbag.py:588} INFO - Filling up the DagBag from /home/airflow/.local/lib/python3.12/site-packages/airflow/example_dags/tutorial_taskflow_api.py
[2024-12-03T00:09:37.703+0000] {processor.py:925} INFO - DAG(s) 'tutorial_taskflow_api' retrieved from /home/airflow/.local/lib/python3.12/site-packages/airflow/example_dags/tutorial_taskflow_api.py
[2024-12-03T00:09:37.711+0000] {logging_mixin.py:190} INFO - [2024-12-03T00:09:37.711+0000] {dag.py:3239} INFO - Sync 1 DAGs
[2024-12-03T00:09:37.717+0000] {logging_mixin.py:190} INFO - [2024-12-03T00:09:37.717+0000] {dag.py:4180} INFO - Setting next_dagrun for tutorial_taskflow_api to None, run_after=None
[2024-12-03T00:09:37.724+0000] {processor.py:208} INFO - Processing /home/airflow/.local/lib/python3.12/site-packages/airflow/example_dags/tutorial_taskflow_api.py took 0.029 seconds
[2024-12-03T00:10:09.075+0000] {processor.py:186} INFO - Started process (PID=4300) to work on /home/airflow/.local/lib/python3.12/site-packages/airflow/example_dags/tutorial_taskflow_api.py
[2024-12-03T00:10:09.076+0000] {processor.py:914} INFO - Processing file /home/airflow/.local/lib/python3.12/site-packages/airflow/example_dags/tutorial_taskflow_api.py for tasks to queue
[2024-12-03T00:10:09.078+0000] {logging_mixin.py:190} INFO - [2024-12-03T00:10:09.077+0000] {dagbag.py:588} INFO - Filling up the DagBag from /home/airflow/.local/lib/python3.12/site-packages/airflow/example_dags/tutorial_taskflow_api.py
[2024-12-03T00:10:09.082+0000] {processor.py:925} INFO - DAG(s) 'tutorial_taskflow_api' retrieved from /home/airflow/.local/lib/python3.12/site-packages/airflow/example_dags/tutorial_taskflow_api.py
[2024-12-03T00:10:09.091+0000] {logging_mixin.py:190} INFO - [2024-12-03T00:10:09.091+0000] {dag.py:3239} INFO - Sync 1 DAGs
[2024-12-03T00:10:09.097+0000] {logging_mixin.py:190} INFO - [2024-12-03T00:10:09.097+0000] {dag.py:4180} INFO - Setting next_dagrun for tutorial_taskflow_api to None, run_after=None
[2024-12-03T00:10:09.117+0000] {processor.py:208} INFO - Processing /home/airflow/.local/lib/python3.12/site-packages/airflow/example_dags/tutorial_taskflow_api.py took 0.044 seconds
[2024-12-03T00:10:39.342+0000] {processor.py:186} INFO - Started process (PID=4366) to work on /home/airflow/.local/lib/python3.12/site-packages/airflow/example_dags/tutorial_taskflow_api.py
[2024-12-03T00:10:39.343+0000] {processor.py:914} INFO - Processing file /home/airflow/.local/lib/python3.12/site-packages/airflow/example_dags/tutorial_taskflow_api.py for tasks to queue
[2024-12-03T00:10:39.344+0000] {logging_mixin.py:190} INFO - [2024-12-03T00:10:39.344+0000] {dagbag.py:588} INFO - Filling up the DagBag from /home/airflow/.local/lib/python3.12/site-packages/airflow/example_dags/tutorial_taskflow_api.py
[2024-12-03T00:10:39.349+0000] {processor.py:925} INFO - DAG(s) 'tutorial_taskflow_api' retrieved from /home/airflow/.local/lib/python3.12/site-packages/airflow/example_dags/tutorial_taskflow_api.py
[2024-12-03T00:10:39.356+0000] {logging_mixin.py:190} INFO - [2024-12-03T00:10:39.356+0000] {dag.py:3239} INFO - Sync 1 DAGs
[2024-12-03T00:10:39.361+0000] {logging_mixin.py:190} INFO - [2024-12-03T00:10:39.361+0000] {dag.py:4180} INFO - Setting next_dagrun for tutorial_taskflow_api to None, run_after=None
[2024-12-03T00:10:39.367+0000] {processor.py:208} INFO - Processing /home/airflow/.local/lib/python3.12/site-packages/airflow/example_dags/tutorial_taskflow_api.py took 0.028 seconds
[2024-12-03T00:11:10.501+0000] {processor.py:186} INFO - Started process (PID=4432) to work on /home/airflow/.local/lib/python3.12/site-packages/airflow/example_dags/tutorial_taskflow_api.py
[2024-12-03T00:11:10.502+0000] {processor.py:914} INFO - Processing file /home/airflow/.local/lib/python3.12/site-packages/airflow/example_dags/tutorial_taskflow_api.py for tasks to queue
[2024-12-03T00:11:10.503+0000] {logging_mixin.py:190} INFO - [2024-12-03T00:11:10.503+0000] {dagbag.py:588} INFO - Filling up the DagBag from /home/airflow/.local/lib/python3.12/site-packages/airflow/example_dags/tutorial_taskflow_api.py
[2024-12-03T00:11:10.507+0000] {processor.py:925} INFO - DAG(s) 'tutorial_taskflow_api' retrieved from /home/airflow/.local/lib/python3.12/site-packages/airflow/example_dags/tutorial_taskflow_api.py
[2024-12-03T00:11:10.514+0000] {logging_mixin.py:190} INFO - [2024-12-03T00:11:10.514+0000] {dag.py:3239} INFO - Sync 1 DAGs
[2024-12-03T00:11:10.519+0000] {logging_mixin.py:190} INFO - [2024-12-03T00:11:10.519+0000] {dag.py:4180} INFO - Setting next_dagrun for tutorial_taskflow_api to None, run_after=None
[2024-12-03T00:11:10.525+0000] {processor.py:208} INFO - Processing /home/airflow/.local/lib/python3.12/site-packages/airflow/example_dags/tutorial_taskflow_api.py took 0.026 seconds
[2024-12-03T00:11:40.646+0000] {processor.py:186} INFO - Started process (PID=4497) to work on /home/airflow/.local/lib/python3.12/site-packages/airflow/example_dags/tutorial_taskflow_api.py
[2024-12-03T00:11:40.647+0000] {processor.py:914} INFO - Processing file /home/airflow/.local/lib/python3.12/site-packages/airflow/example_dags/tutorial_taskflow_api.py for tasks to queue
[2024-12-03T00:11:40.648+0000] {logging_mixin.py:190} INFO - [2024-12-03T00:11:40.648+0000] {dagbag.py:588} INFO - Filling up the DagBag from /home/airflow/.local/lib/python3.12/site-packages/airflow/example_dags/tutorial_taskflow_api.py
[2024-12-03T00:11:40.652+0000] {processor.py:925} INFO - DAG(s) 'tutorial_taskflow_api' retrieved from /home/airflow/.local/lib/python3.12/site-packages/airflow/example_dags/tutorial_taskflow_api.py
[2024-12-03T00:11:40.660+0000] {logging_mixin.py:190} INFO - [2024-12-03T00:11:40.660+0000] {dag.py:3239} INFO - Sync 1 DAGs
[2024-12-03T00:11:40.665+0000] {logging_mixin.py:190} INFO - [2024-12-03T00:11:40.665+0000] {dag.py:4180} INFO - Setting next_dagrun for tutorial_taskflow_api to None, run_after=None
[2024-12-03T00:11:40.677+0000] {processor.py:208} INFO - Processing /home/airflow/.local/lib/python3.12/site-packages/airflow/example_dags/tutorial_taskflow_api.py took 0.033 seconds
[2024-12-03T00:12:11.978+0000] {processor.py:186} INFO - Started process (PID=4564) to work on /home/airflow/.local/lib/python3.12/site-packages/airflow/example_dags/tutorial_taskflow_api.py
[2024-12-03T00:12:11.978+0000] {processor.py:914} INFO - Processing file /home/airflow/.local/lib/python3.12/site-packages/airflow/example_dags/tutorial_taskflow_api.py for tasks to queue
[2024-12-03T00:12:11.979+0000] {logging_mixin.py:190} INFO - [2024-12-03T00:12:11.979+0000] {dagbag.py:588} INFO - Filling up the DagBag from /home/airflow/.local/lib/python3.12/site-packages/airflow/example_dags/tutorial_taskflow_api.py
[2024-12-03T00:12:11.983+0000] {processor.py:925} INFO - DAG(s) 'tutorial_taskflow_api' retrieved from /home/airflow/.local/lib/python3.12/site-packages/airflow/example_dags/tutorial_taskflow_api.py
[2024-12-03T00:12:11.991+0000] {logging_mixin.py:190} INFO - [2024-12-03T00:12:11.991+0000] {dag.py:3239} INFO - Sync 1 DAGs
[2024-12-03T00:12:11.996+0000] {logging_mixin.py:190} INFO - [2024-12-03T00:12:11.996+0000] {dag.py:4180} INFO - Setting next_dagrun for tutorial_taskflow_api to None, run_after=None
[2024-12-03T00:12:12.002+0000] {processor.py:208} INFO - Processing /home/airflow/.local/lib/python3.12/site-packages/airflow/example_dags/tutorial_taskflow_api.py took 0.027 seconds
[2024-12-03T00:12:43.166+0000] {processor.py:186} INFO - Started process (PID=4630) to work on /home/airflow/.local/lib/python3.12/site-packages/airflow/example_dags/tutorial_taskflow_api.py
[2024-12-03T00:12:43.167+0000] {processor.py:914} INFO - Processing file /home/airflow/.local/lib/python3.12/site-packages/airflow/example_dags/tutorial_taskflow_api.py for tasks to queue
[2024-12-03T00:12:43.168+0000] {logging_mixin.py:190} INFO - [2024-12-03T00:12:43.168+0000] {dagbag.py:588} INFO - Filling up the DagBag from /home/airflow/.local/lib/python3.12/site-packages/airflow/example_dags/tutorial_taskflow_api.py
[2024-12-03T00:12:43.172+0000] {processor.py:925} INFO - DAG(s) 'tutorial_taskflow_api' retrieved from /home/airflow/.local/lib/python3.12/site-packages/airflow/example_dags/tutorial_taskflow_api.py
[2024-12-03T00:12:43.180+0000] {logging_mixin.py:190} INFO - [2024-12-03T00:12:43.180+0000] {dag.py:3239} INFO - Sync 1 DAGs
[2024-12-03T00:12:43.186+0000] {logging_mixin.py:190} INFO - [2024-12-03T00:12:43.186+0000] {dag.py:4180} INFO - Setting next_dagrun for tutorial_taskflow_api to None, run_after=None
[2024-12-03T00:12:43.193+0000] {processor.py:208} INFO - Processing /home/airflow/.local/lib/python3.12/site-packages/airflow/example_dags/tutorial_taskflow_api.py took 0.029 seconds
[2024-12-03T00:13:13.515+0000] {processor.py:186} INFO - Started process (PID=4696) to work on /home/airflow/.local/lib/python3.12/site-packages/airflow/example_dags/tutorial_taskflow_api.py
[2024-12-03T00:13:13.516+0000] {processor.py:914} INFO - Processing file /home/airflow/.local/lib/python3.12/site-packages/airflow/example_dags/tutorial_taskflow_api.py for tasks to queue
[2024-12-03T00:13:13.517+0000] {logging_mixin.py:190} INFO - [2024-12-03T00:13:13.517+0000] {dagbag.py:588} INFO - Filling up the DagBag from /home/airflow/.local/lib/python3.12/site-packages/airflow/example_dags/tutorial_taskflow_api.py
[2024-12-03T00:13:13.521+0000] {processor.py:925} INFO - DAG(s) 'tutorial_taskflow_api' retrieved from /home/airflow/.local/lib/python3.12/site-packages/airflow/example_dags/tutorial_taskflow_api.py
[2024-12-03T00:13:13.530+0000] {logging_mixin.py:190} INFO - [2024-12-03T00:13:13.530+0000] {dag.py:3239} INFO - Sync 1 DAGs
[2024-12-03T00:13:13.536+0000] {logging_mixin.py:190} INFO - [2024-12-03T00:13:13.536+0000] {dag.py:4180} INFO - Setting next_dagrun for tutorial_taskflow_api to None, run_after=None
[2024-12-03T00:13:13.543+0000] {processor.py:208} INFO - Processing /home/airflow/.local/lib/python3.12/site-packages/airflow/example_dags/tutorial_taskflow_api.py took 0.030 seconds
[2024-12-03T00:13:44.748+0000] {processor.py:186} INFO - Started process (PID=4762) to work on /home/airflow/.local/lib/python3.12/site-packages/airflow/example_dags/tutorial_taskflow_api.py
[2024-12-03T00:13:44.749+0000] {processor.py:914} INFO - Processing file /home/airflow/.local/lib/python3.12/site-packages/airflow/example_dags/tutorial_taskflow_api.py for tasks to queue
[2024-12-03T00:13:44.750+0000] {logging_mixin.py:190} INFO - [2024-12-03T00:13:44.750+0000] {dagbag.py:588} INFO - Filling up the DagBag from /home/airflow/.local/lib/python3.12/site-packages/airflow/example_dags/tutorial_taskflow_api.py
[2024-12-03T00:13:44.753+0000] {processor.py:925} INFO - DAG(s) 'tutorial_taskflow_api' retrieved from /home/airflow/.local/lib/python3.12/site-packages/airflow/example_dags/tutorial_taskflow_api.py
[2024-12-03T00:13:44.761+0000] {logging_mixin.py:190} INFO - [2024-12-03T00:13:44.761+0000] {dag.py:3239} INFO - Sync 1 DAGs
[2024-12-03T00:13:44.767+0000] {logging_mixin.py:190} INFO - [2024-12-03T00:13:44.767+0000] {dag.py:4180} INFO - Setting next_dagrun for tutorial_taskflow_api to None, run_after=None
[2024-12-03T00:13:44.773+0000] {processor.py:208} INFO - Processing /home/airflow/.local/lib/python3.12/site-packages/airflow/example_dags/tutorial_taskflow_api.py took 0.027 seconds
[2024-12-03T00:14:15.118+0000] {processor.py:186} INFO - Started process (PID=4828) to work on /home/airflow/.local/lib/python3.12/site-packages/airflow/example_dags/tutorial_taskflow_api.py
[2024-12-03T00:14:15.119+0000] {processor.py:914} INFO - Processing file /home/airflow/.local/lib/python3.12/site-packages/airflow/example_dags/tutorial_taskflow_api.py for tasks to queue
[2024-12-03T00:14:15.120+0000] {logging_mixin.py:190} INFO - [2024-12-03T00:14:15.120+0000] {dagbag.py:588} INFO - Filling up the DagBag from /home/airflow/.local/lib/python3.12/site-packages/airflow/example_dags/tutorial_taskflow_api.py
[2024-12-03T00:14:15.123+0000] {processor.py:925} INFO - DAG(s) 'tutorial_taskflow_api' retrieved from /home/airflow/.local/lib/python3.12/site-packages/airflow/example_dags/tutorial_taskflow_api.py
[2024-12-03T00:14:15.132+0000] {logging_mixin.py:190} INFO - [2024-12-03T00:14:15.132+0000] {dag.py:3239} INFO - Sync 1 DAGs
[2024-12-03T00:14:15.138+0000] {logging_mixin.py:190} INFO - [2024-12-03T00:14:15.137+0000] {dag.py:4180} INFO - Setting next_dagrun for tutorial_taskflow_api to None, run_after=None
[2024-12-03T00:14:15.144+0000] {processor.py:208} INFO - Processing /home/airflow/.local/lib/python3.12/site-packages/airflow/example_dags/tutorial_taskflow_api.py took 0.028 seconds
[2024-12-03T00:14:45.392+0000] {processor.py:186} INFO - Started process (PID=4893) to work on /home/airflow/.local/lib/python3.12/site-packages/airflow/example_dags/tutorial_taskflow_api.py
[2024-12-03T00:14:45.395+0000] {processor.py:914} INFO - Processing file /home/airflow/.local/lib/python3.12/site-packages/airflow/example_dags/tutorial_taskflow_api.py for tasks to queue
[2024-12-03T00:14:45.396+0000] {logging_mixin.py:190} INFO - [2024-12-03T00:14:45.396+0000] {dagbag.py:588} INFO - Filling up the DagBag from /home/airflow/.local/lib/python3.12/site-packages/airflow/example_dags/tutorial_taskflow_api.py
[2024-12-03T00:14:45.400+0000] {processor.py:925} INFO - DAG(s) 'tutorial_taskflow_api' retrieved from /home/airflow/.local/lib/python3.12/site-packages/airflow/example_dags/tutorial_taskflow_api.py
[2024-12-03T00:14:45.409+0000] {logging_mixin.py:190} INFO - [2024-12-03T00:14:45.409+0000] {dag.py:3239} INFO - Sync 1 DAGs
[2024-12-03T00:14:45.414+0000] {logging_mixin.py:190} INFO - [2024-12-03T00:14:45.414+0000] {dag.py:4180} INFO - Setting next_dagrun for tutorial_taskflow_api to None, run_after=None
[2024-12-03T00:14:45.421+0000] {processor.py:208} INFO - Processing /home/airflow/.local/lib/python3.12/site-packages/airflow/example_dags/tutorial_taskflow_api.py took 0.032 seconds
[2024-12-03T00:15:15.874+0000] {processor.py:186} INFO - Started process (PID=4959) to work on /home/airflow/.local/lib/python3.12/site-packages/airflow/example_dags/tutorial_taskflow_api.py
[2024-12-03T00:15:15.875+0000] {processor.py:914} INFO - Processing file /home/airflow/.local/lib/python3.12/site-packages/airflow/example_dags/tutorial_taskflow_api.py for tasks to queue
[2024-12-03T00:15:15.876+0000] {logging_mixin.py:190} INFO - [2024-12-03T00:15:15.876+0000] {dagbag.py:588} INFO - Filling up the DagBag from /home/airflow/.local/lib/python3.12/site-packages/airflow/example_dags/tutorial_taskflow_api.py
[2024-12-03T00:15:15.879+0000] {processor.py:925} INFO - DAG(s) 'tutorial_taskflow_api' retrieved from /home/airflow/.local/lib/python3.12/site-packages/airflow/example_dags/tutorial_taskflow_api.py
[2024-12-03T00:15:15.889+0000] {logging_mixin.py:190} INFO - [2024-12-03T00:15:15.889+0000] {dag.py:3239} INFO - Sync 1 DAGs
[2024-12-03T00:15:15.895+0000] {logging_mixin.py:190} INFO - [2024-12-03T00:15:15.895+0000] {dag.py:4180} INFO - Setting next_dagrun for tutorial_taskflow_api to None, run_after=None
[2024-12-03T00:15:15.901+0000] {processor.py:208} INFO - Processing /home/airflow/.local/lib/python3.12/site-packages/airflow/example_dags/tutorial_taskflow_api.py took 0.030 seconds
[2024-12-03T00:15:46.554+0000] {processor.py:186} INFO - Started process (PID=5025) to work on /home/airflow/.local/lib/python3.12/site-packages/airflow/example_dags/tutorial_taskflow_api.py
[2024-12-03T00:15:46.555+0000] {processor.py:914} INFO - Processing file /home/airflow/.local/lib/python3.12/site-packages/airflow/example_dags/tutorial_taskflow_api.py for tasks to queue
[2024-12-03T00:15:46.556+0000] {logging_mixin.py:190} INFO - [2024-12-03T00:15:46.556+0000] {dagbag.py:588} INFO - Filling up the DagBag from /home/airflow/.local/lib/python3.12/site-packages/airflow/example_dags/tutorial_taskflow_api.py
[2024-12-03T00:15:46.559+0000] {processor.py:925} INFO - DAG(s) 'tutorial_taskflow_api' retrieved from /home/airflow/.local/lib/python3.12/site-packages/airflow/example_dags/tutorial_taskflow_api.py
[2024-12-03T00:15:46.568+0000] {logging_mixin.py:190} INFO - [2024-12-03T00:15:46.568+0000] {dag.py:3239} INFO - Sync 1 DAGs
[2024-12-03T00:15:46.575+0000] {logging_mixin.py:190} INFO - [2024-12-03T00:15:46.575+0000] {dag.py:4180} INFO - Setting next_dagrun for tutorial_taskflow_api to None, run_after=None
[2024-12-03T00:15:46.584+0000] {processor.py:208} INFO - Processing /home/airflow/.local/lib/python3.12/site-packages/airflow/example_dags/tutorial_taskflow_api.py took 0.032 seconds
[2024-12-03T00:16:16.844+0000] {processor.py:186} INFO - Started process (PID=5092) to work on /home/airflow/.local/lib/python3.12/site-packages/airflow/example_dags/tutorial_taskflow_api.py
[2024-12-03T00:16:16.846+0000] {processor.py:914} INFO - Processing file /home/airflow/.local/lib/python3.12/site-packages/airflow/example_dags/tutorial_taskflow_api.py for tasks to queue
[2024-12-03T00:16:16.847+0000] {logging_mixin.py:190} INFO - [2024-12-03T00:16:16.847+0000] {dagbag.py:588} INFO - Filling up the DagBag from /home/airflow/.local/lib/python3.12/site-packages/airflow/example_dags/tutorial_taskflow_api.py
[2024-12-03T00:16:16.851+0000] {processor.py:925} INFO - DAG(s) 'tutorial_taskflow_api' retrieved from /home/airflow/.local/lib/python3.12/site-packages/airflow/example_dags/tutorial_taskflow_api.py
[2024-12-03T00:16:16.860+0000] {logging_mixin.py:190} INFO - [2024-12-03T00:16:16.860+0000] {dag.py:3239} INFO - Sync 1 DAGs
[2024-12-03T00:16:16.865+0000] {logging_mixin.py:190} INFO - [2024-12-03T00:16:16.865+0000] {dag.py:4180} INFO - Setting next_dagrun for tutorial_taskflow_api to None, run_after=None
[2024-12-03T00:16:16.871+0000] {processor.py:208} INFO - Processing /home/airflow/.local/lib/python3.12/site-packages/airflow/example_dags/tutorial_taskflow_api.py took 0.029 seconds
[2024-12-03T00:16:47.357+0000] {processor.py:186} INFO - Started process (PID=5159) to work on /home/airflow/.local/lib/python3.12/site-packages/airflow/example_dags/tutorial_taskflow_api.py
[2024-12-03T00:16:47.358+0000] {processor.py:914} INFO - Processing file /home/airflow/.local/lib/python3.12/site-packages/airflow/example_dags/tutorial_taskflow_api.py for tasks to queue
[2024-12-03T00:16:47.360+0000] {logging_mixin.py:190} INFO - [2024-12-03T00:16:47.359+0000] {dagbag.py:588} INFO - Filling up the DagBag from /home/airflow/.local/lib/python3.12/site-packages/airflow/example_dags/tutorial_taskflow_api.py
[2024-12-03T00:16:47.365+0000] {processor.py:925} INFO - DAG(s) 'tutorial_taskflow_api' retrieved from /home/airflow/.local/lib/python3.12/site-packages/airflow/example_dags/tutorial_taskflow_api.py
[2024-12-03T00:16:47.375+0000] {logging_mixin.py:190} INFO - [2024-12-03T00:16:47.375+0000] {dag.py:3239} INFO - Sync 1 DAGs
[2024-12-03T00:16:47.382+0000] {logging_mixin.py:190} INFO - [2024-12-03T00:16:47.382+0000] {dag.py:4180} INFO - Setting next_dagrun for tutorial_taskflow_api to None, run_after=None
[2024-12-03T00:16:47.391+0000] {processor.py:208} INFO - Processing /home/airflow/.local/lib/python3.12/site-packages/airflow/example_dags/tutorial_taskflow_api.py took 0.037 seconds
[2024-12-03T00:17:17.777+0000] {processor.py:186} INFO - Started process (PID=5225) to work on /home/airflow/.local/lib/python3.12/site-packages/airflow/example_dags/tutorial_taskflow_api.py
[2024-12-03T00:17:17.778+0000] {processor.py:914} INFO - Processing file /home/airflow/.local/lib/python3.12/site-packages/airflow/example_dags/tutorial_taskflow_api.py for tasks to queue
[2024-12-03T00:17:17.778+0000] {logging_mixin.py:190} INFO - [2024-12-03T00:17:17.778+0000] {dagbag.py:588} INFO - Filling up the DagBag from /home/airflow/.local/lib/python3.12/site-packages/airflow/example_dags/tutorial_taskflow_api.py
[2024-12-03T00:17:17.782+0000] {processor.py:925} INFO - DAG(s) 'tutorial_taskflow_api' retrieved from /home/airflow/.local/lib/python3.12/site-packages/airflow/example_dags/tutorial_taskflow_api.py
[2024-12-03T00:17:17.789+0000] {logging_mixin.py:190} INFO - [2024-12-03T00:17:17.789+0000] {dag.py:3239} INFO - Sync 1 DAGs
[2024-12-03T00:17:17.794+0000] {logging_mixin.py:190} INFO - [2024-12-03T00:17:17.794+0000] {dag.py:4180} INFO - Setting next_dagrun for tutorial_taskflow_api to None, run_after=None
[2024-12-03T00:17:17.799+0000] {processor.py:208} INFO - Processing /home/airflow/.local/lib/python3.12/site-packages/airflow/example_dags/tutorial_taskflow_api.py took 0.024 seconds
[2024-12-03T00:17:48.144+0000] {processor.py:186} INFO - Started process (PID=5291) to work on /home/airflow/.local/lib/python3.12/site-packages/airflow/example_dags/tutorial_taskflow_api.py
[2024-12-03T00:17:48.145+0000] {processor.py:914} INFO - Processing file /home/airflow/.local/lib/python3.12/site-packages/airflow/example_dags/tutorial_taskflow_api.py for tasks to queue
[2024-12-03T00:17:48.146+0000] {logging_mixin.py:190} INFO - [2024-12-03T00:17:48.146+0000] {dagbag.py:588} INFO - Filling up the DagBag from /home/airflow/.local/lib/python3.12/site-packages/airflow/example_dags/tutorial_taskflow_api.py
[2024-12-03T00:17:48.150+0000] {processor.py:925} INFO - DAG(s) 'tutorial_taskflow_api' retrieved from /home/airflow/.local/lib/python3.12/site-packages/airflow/example_dags/tutorial_taskflow_api.py
[2024-12-03T00:17:48.161+0000] {logging_mixin.py:190} INFO - [2024-12-03T00:17:48.161+0000] {dag.py:3239} INFO - Sync 1 DAGs
[2024-12-03T00:17:48.166+0000] {logging_mixin.py:190} INFO - [2024-12-03T00:17:48.166+0000] {dag.py:4180} INFO - Setting next_dagrun for tutorial_taskflow_api to None, run_after=None
[2024-12-03T00:17:48.176+0000] {processor.py:208} INFO - Processing /home/airflow/.local/lib/python3.12/site-packages/airflow/example_dags/tutorial_taskflow_api.py took 0.035 seconds
[2024-12-03T00:18:18.435+0000] {processor.py:186} INFO - Started process (PID=5357) to work on /home/airflow/.local/lib/python3.12/site-packages/airflow/example_dags/tutorial_taskflow_api.py
[2024-12-03T00:18:18.436+0000] {processor.py:914} INFO - Processing file /home/airflow/.local/lib/python3.12/site-packages/airflow/example_dags/tutorial_taskflow_api.py for tasks to queue
[2024-12-03T00:18:18.437+0000] {logging_mixin.py:190} INFO - [2024-12-03T00:18:18.437+0000] {dagbag.py:588} INFO - Filling up the DagBag from /home/airflow/.local/lib/python3.12/site-packages/airflow/example_dags/tutorial_taskflow_api.py
[2024-12-03T00:18:18.441+0000] {processor.py:925} INFO - DAG(s) 'tutorial_taskflow_api' retrieved from /home/airflow/.local/lib/python3.12/site-packages/airflow/example_dags/tutorial_taskflow_api.py
[2024-12-03T00:18:18.450+0000] {logging_mixin.py:190} INFO - [2024-12-03T00:18:18.450+0000] {dag.py:3239} INFO - Sync 1 DAGs
[2024-12-03T00:18:18.456+0000] {logging_mixin.py:190} INFO - [2024-12-03T00:18:18.456+0000] {dag.py:4180} INFO - Setting next_dagrun for tutorial_taskflow_api to None, run_after=None
[2024-12-03T00:18:18.466+0000] {processor.py:208} INFO - Processing /home/airflow/.local/lib/python3.12/site-packages/airflow/example_dags/tutorial_taskflow_api.py took 0.034 seconds
[2024-12-03T00:18:48.610+0000] {processor.py:186} INFO - Started process (PID=5423) to work on /home/airflow/.local/lib/python3.12/site-packages/airflow/example_dags/tutorial_taskflow_api.py
[2024-12-03T00:18:48.612+0000] {processor.py:914} INFO - Processing file /home/airflow/.local/lib/python3.12/site-packages/airflow/example_dags/tutorial_taskflow_api.py for tasks to queue
[2024-12-03T00:18:48.613+0000] {logging_mixin.py:190} INFO - [2024-12-03T00:18:48.613+0000] {dagbag.py:588} INFO - Filling up the DagBag from /home/airflow/.local/lib/python3.12/site-packages/airflow/example_dags/tutorial_taskflow_api.py
[2024-12-03T00:18:48.617+0000] {processor.py:925} INFO - DAG(s) 'tutorial_taskflow_api' retrieved from /home/airflow/.local/lib/python3.12/site-packages/airflow/example_dags/tutorial_taskflow_api.py
[2024-12-03T00:18:48.624+0000] {logging_mixin.py:190} INFO - [2024-12-03T00:18:48.624+0000] {dag.py:3239} INFO - Sync 1 DAGs
[2024-12-03T00:18:48.629+0000] {logging_mixin.py:190} INFO - [2024-12-03T00:18:48.629+0000] {dag.py:4180} INFO - Setting next_dagrun for tutorial_taskflow_api to None, run_after=None
[2024-12-03T00:18:48.635+0000] {processor.py:208} INFO - Processing /home/airflow/.local/lib/python3.12/site-packages/airflow/example_dags/tutorial_taskflow_api.py took 0.028 seconds
[2024-12-03T00:19:18.856+0000] {processor.py:186} INFO - Started process (PID=5489) to work on /home/airflow/.local/lib/python3.12/site-packages/airflow/example_dags/tutorial_taskflow_api.py
[2024-12-03T00:19:18.859+0000] {processor.py:914} INFO - Processing file /home/airflow/.local/lib/python3.12/site-packages/airflow/example_dags/tutorial_taskflow_api.py for tasks to queue
[2024-12-03T00:19:18.862+0000] {logging_mixin.py:190} INFO - [2024-12-03T00:19:18.862+0000] {dagbag.py:588} INFO - Filling up the DagBag from /home/airflow/.local/lib/python3.12/site-packages/airflow/example_dags/tutorial_taskflow_api.py
[2024-12-03T00:19:18.866+0000] {processor.py:925} INFO - DAG(s) 'tutorial_taskflow_api' retrieved from /home/airflow/.local/lib/python3.12/site-packages/airflow/example_dags/tutorial_taskflow_api.py
[2024-12-03T00:19:18.878+0000] {logging_mixin.py:190} INFO - [2024-12-03T00:19:18.878+0000] {dag.py:3239} INFO - Sync 1 DAGs
[2024-12-03T00:19:18.883+0000] {logging_mixin.py:190} INFO - [2024-12-03T00:19:18.883+0000] {dag.py:4180} INFO - Setting next_dagrun for tutorial_taskflow_api to None, run_after=None
[2024-12-03T00:19:18.890+0000] {processor.py:208} INFO - Processing /home/airflow/.local/lib/python3.12/site-packages/airflow/example_dags/tutorial_taskflow_api.py took 0.036 seconds
[2024-12-03T00:19:49.119+0000] {processor.py:186} INFO - Started process (PID=5555) to work on /home/airflow/.local/lib/python3.12/site-packages/airflow/example_dags/tutorial_taskflow_api.py
[2024-12-03T00:19:49.121+0000] {processor.py:914} INFO - Processing file /home/airflow/.local/lib/python3.12/site-packages/airflow/example_dags/tutorial_taskflow_api.py for tasks to queue
[2024-12-03T00:19:49.122+0000] {logging_mixin.py:190} INFO - [2024-12-03T00:19:49.122+0000] {dagbag.py:588} INFO - Filling up the DagBag from /home/airflow/.local/lib/python3.12/site-packages/airflow/example_dags/tutorial_taskflow_api.py
[2024-12-03T00:19:49.125+0000] {processor.py:925} INFO - DAG(s) 'tutorial_taskflow_api' retrieved from /home/airflow/.local/lib/python3.12/site-packages/airflow/example_dags/tutorial_taskflow_api.py
[2024-12-03T00:19:49.133+0000] {logging_mixin.py:190} INFO - [2024-12-03T00:19:49.133+0000] {dag.py:3239} INFO - Sync 1 DAGs
[2024-12-03T00:19:49.139+0000] {logging_mixin.py:190} INFO - [2024-12-03T00:19:49.139+0000] {dag.py:4180} INFO - Setting next_dagrun for tutorial_taskflow_api to None, run_after=None
[2024-12-03T00:19:49.148+0000] {processor.py:208} INFO - Processing /home/airflow/.local/lib/python3.12/site-packages/airflow/example_dags/tutorial_taskflow_api.py took 0.031 seconds
[2024-12-03T00:20:19.307+0000] {processor.py:186} INFO - Started process (PID=5621) to work on /home/airflow/.local/lib/python3.12/site-packages/airflow/example_dags/tutorial_taskflow_api.py
[2024-12-03T00:20:19.308+0000] {processor.py:914} INFO - Processing file /home/airflow/.local/lib/python3.12/site-packages/airflow/example_dags/tutorial_taskflow_api.py for tasks to queue
[2024-12-03T00:20:19.310+0000] {logging_mixin.py:190} INFO - [2024-12-03T00:20:19.310+0000] {dagbag.py:588} INFO - Filling up the DagBag from /home/airflow/.local/lib/python3.12/site-packages/airflow/example_dags/tutorial_taskflow_api.py
[2024-12-03T00:20:19.314+0000] {processor.py:925} INFO - DAG(s) 'tutorial_taskflow_api' retrieved from /home/airflow/.local/lib/python3.12/site-packages/airflow/example_dags/tutorial_taskflow_api.py
[2024-12-03T00:20:19.324+0000] {logging_mixin.py:190} INFO - [2024-12-03T00:20:19.324+0000] {dag.py:3239} INFO - Sync 1 DAGs
[2024-12-03T00:20:19.331+0000] {logging_mixin.py:190} INFO - [2024-12-03T00:20:19.331+0000] {dag.py:4180} INFO - Setting next_dagrun for tutorial_taskflow_api to None, run_after=None
[2024-12-03T00:20:19.338+0000] {processor.py:208} INFO - Processing /home/airflow/.local/lib/python3.12/site-packages/airflow/example_dags/tutorial_taskflow_api.py took 0.033 seconds
[2024-12-03T00:20:49.620+0000] {processor.py:186} INFO - Started process (PID=5687) to work on /home/airflow/.local/lib/python3.12/site-packages/airflow/example_dags/tutorial_taskflow_api.py
[2024-12-03T00:20:49.621+0000] {processor.py:914} INFO - Processing file /home/airflow/.local/lib/python3.12/site-packages/airflow/example_dags/tutorial_taskflow_api.py for tasks to queue
[2024-12-03T00:20:49.624+0000] {logging_mixin.py:190} INFO - [2024-12-03T00:20:49.623+0000] {dagbag.py:588} INFO - Filling up the DagBag from /home/airflow/.local/lib/python3.12/site-packages/airflow/example_dags/tutorial_taskflow_api.py
[2024-12-03T00:20:49.627+0000] {processor.py:925} INFO - DAG(s) 'tutorial_taskflow_api' retrieved from /home/airflow/.local/lib/python3.12/site-packages/airflow/example_dags/tutorial_taskflow_api.py
[2024-12-03T00:20:49.634+0000] {logging_mixin.py:190} INFO - [2024-12-03T00:20:49.634+0000] {dag.py:3239} INFO - Sync 1 DAGs
[2024-12-03T00:20:49.640+0000] {logging_mixin.py:190} INFO - [2024-12-03T00:20:49.639+0000] {dag.py:4180} INFO - Setting next_dagrun for tutorial_taskflow_api to None, run_after=None
[2024-12-03T00:20:49.645+0000] {processor.py:208} INFO - Processing /home/airflow/.local/lib/python3.12/site-packages/airflow/example_dags/tutorial_taskflow_api.py took 0.028 seconds
[2024-12-03T00:21:19.916+0000] {processor.py:186} INFO - Started process (PID=5752) to work on /home/airflow/.local/lib/python3.12/site-packages/airflow/example_dags/tutorial_taskflow_api.py
[2024-12-03T00:21:19.917+0000] {processor.py:914} INFO - Processing file /home/airflow/.local/lib/python3.12/site-packages/airflow/example_dags/tutorial_taskflow_api.py for tasks to queue
[2024-12-03T00:21:19.919+0000] {logging_mixin.py:190} INFO - [2024-12-03T00:21:19.919+0000] {dagbag.py:588} INFO - Filling up the DagBag from /home/airflow/.local/lib/python3.12/site-packages/airflow/example_dags/tutorial_taskflow_api.py
[2024-12-03T00:21:19.923+0000] {processor.py:925} INFO - DAG(s) 'tutorial_taskflow_api' retrieved from /home/airflow/.local/lib/python3.12/site-packages/airflow/example_dags/tutorial_taskflow_api.py
[2024-12-03T00:21:19.933+0000] {logging_mixin.py:190} INFO - [2024-12-03T00:21:19.933+0000] {dag.py:3239} INFO - Sync 1 DAGs
[2024-12-03T00:21:19.939+0000] {logging_mixin.py:190} INFO - [2024-12-03T00:21:19.939+0000] {dag.py:4180} INFO - Setting next_dagrun for tutorial_taskflow_api to None, run_after=None
[2024-12-03T00:21:19.946+0000] {processor.py:208} INFO - Processing /home/airflow/.local/lib/python3.12/site-packages/airflow/example_dags/tutorial_taskflow_api.py took 0.032 seconds
[2024-12-03T00:21:50.250+0000] {processor.py:186} INFO - Started process (PID=5818) to work on /home/airflow/.local/lib/python3.12/site-packages/airflow/example_dags/tutorial_taskflow_api.py
[2024-12-03T00:21:50.251+0000] {processor.py:914} INFO - Processing file /home/airflow/.local/lib/python3.12/site-packages/airflow/example_dags/tutorial_taskflow_api.py for tasks to queue
[2024-12-03T00:21:50.252+0000] {logging_mixin.py:190} INFO - [2024-12-03T00:21:50.252+0000] {dagbag.py:588} INFO - Filling up the DagBag from /home/airflow/.local/lib/python3.12/site-packages/airflow/example_dags/tutorial_taskflow_api.py
[2024-12-03T00:21:50.256+0000] {processor.py:925} INFO - DAG(s) 'tutorial_taskflow_api' retrieved from /home/airflow/.local/lib/python3.12/site-packages/airflow/example_dags/tutorial_taskflow_api.py
[2024-12-03T00:21:50.264+0000] {logging_mixin.py:190} INFO - [2024-12-03T00:21:50.264+0000] {dag.py:3239} INFO - Sync 1 DAGs
[2024-12-03T00:21:50.271+0000] {logging_mixin.py:190} INFO - [2024-12-03T00:21:50.271+0000] {dag.py:4180} INFO - Setting next_dagrun for tutorial_taskflow_api to None, run_after=None
[2024-12-03T00:21:50.277+0000] {processor.py:208} INFO - Processing /home/airflow/.local/lib/python3.12/site-packages/airflow/example_dags/tutorial_taskflow_api.py took 0.029 seconds
[2024-12-03T00:22:20.653+0000] {processor.py:186} INFO - Started process (PID=5884) to work on /home/airflow/.local/lib/python3.12/site-packages/airflow/example_dags/tutorial_taskflow_api.py
[2024-12-03T00:22:20.656+0000] {processor.py:914} INFO - Processing file /home/airflow/.local/lib/python3.12/site-packages/airflow/example_dags/tutorial_taskflow_api.py for tasks to queue
[2024-12-03T00:22:20.657+0000] {logging_mixin.py:190} INFO - [2024-12-03T00:22:20.657+0000] {dagbag.py:588} INFO - Filling up the DagBag from /home/airflow/.local/lib/python3.12/site-packages/airflow/example_dags/tutorial_taskflow_api.py
[2024-12-03T00:22:20.660+0000] {processor.py:925} INFO - DAG(s) 'tutorial_taskflow_api' retrieved from /home/airflow/.local/lib/python3.12/site-packages/airflow/example_dags/tutorial_taskflow_api.py
[2024-12-03T00:22:20.669+0000] {logging_mixin.py:190} INFO - [2024-12-03T00:22:20.669+0000] {dag.py:3239} INFO - Sync 1 DAGs
[2024-12-03T00:22:20.675+0000] {logging_mixin.py:190} INFO - [2024-12-03T00:22:20.675+0000] {dag.py:4180} INFO - Setting next_dagrun for tutorial_taskflow_api to None, run_after=None
[2024-12-03T00:22:20.682+0000] {processor.py:208} INFO - Processing /home/airflow/.local/lib/python3.12/site-packages/airflow/example_dags/tutorial_taskflow_api.py took 0.031 seconds
[2024-12-03T00:22:51.158+0000] {processor.py:186} INFO - Started process (PID=5950) to work on /home/airflow/.local/lib/python3.12/site-packages/airflow/example_dags/tutorial_taskflow_api.py
[2024-12-03T00:22:51.159+0000] {processor.py:914} INFO - Processing file /home/airflow/.local/lib/python3.12/site-packages/airflow/example_dags/tutorial_taskflow_api.py for tasks to queue
[2024-12-03T00:22:51.161+0000] {logging_mixin.py:190} INFO - [2024-12-03T00:22:51.161+0000] {dagbag.py:588} INFO - Filling up the DagBag from /home/airflow/.local/lib/python3.12/site-packages/airflow/example_dags/tutorial_taskflow_api.py
[2024-12-03T00:22:51.165+0000] {processor.py:925} INFO - DAG(s) 'tutorial_taskflow_api' retrieved from /home/airflow/.local/lib/python3.12/site-packages/airflow/example_dags/tutorial_taskflow_api.py
[2024-12-03T00:22:51.174+0000] {logging_mixin.py:190} INFO - [2024-12-03T00:22:51.174+0000] {dag.py:3239} INFO - Sync 1 DAGs
[2024-12-03T00:22:51.181+0000] {logging_mixin.py:190} INFO - [2024-12-03T00:22:51.181+0000] {dag.py:4180} INFO - Setting next_dagrun for tutorial_taskflow_api to None, run_after=None
[2024-12-03T00:22:51.187+0000] {processor.py:208} INFO - Processing /home/airflow/.local/lib/python3.12/site-packages/airflow/example_dags/tutorial_taskflow_api.py took 0.031 seconds
[2024-12-03T00:23:21.494+0000] {processor.py:186} INFO - Started process (PID=6016) to work on /home/airflow/.local/lib/python3.12/site-packages/airflow/example_dags/tutorial_taskflow_api.py
[2024-12-03T00:23:21.496+0000] {processor.py:914} INFO - Processing file /home/airflow/.local/lib/python3.12/site-packages/airflow/example_dags/tutorial_taskflow_api.py for tasks to queue
[2024-12-03T00:23:21.497+0000] {logging_mixin.py:190} INFO - [2024-12-03T00:23:21.497+0000] {dagbag.py:588} INFO - Filling up the DagBag from /home/airflow/.local/lib/python3.12/site-packages/airflow/example_dags/tutorial_taskflow_api.py
[2024-12-03T00:23:21.500+0000] {processor.py:925} INFO - DAG(s) 'tutorial_taskflow_api' retrieved from /home/airflow/.local/lib/python3.12/site-packages/airflow/example_dags/tutorial_taskflow_api.py
[2024-12-03T00:23:21.509+0000] {logging_mixin.py:190} INFO - [2024-12-03T00:23:21.509+0000] {dag.py:3239} INFO - Sync 1 DAGs
[2024-12-03T00:23:21.514+0000] {logging_mixin.py:190} INFO - [2024-12-03T00:23:21.514+0000] {dag.py:4180} INFO - Setting next_dagrun for tutorial_taskflow_api to None, run_after=None
[2024-12-03T00:23:21.527+0000] {processor.py:208} INFO - Processing /home/airflow/.local/lib/python3.12/site-packages/airflow/example_dags/tutorial_taskflow_api.py took 0.035 seconds
[2024-12-03T00:23:51.751+0000] {processor.py:186} INFO - Started process (PID=6082) to work on /home/airflow/.local/lib/python3.12/site-packages/airflow/example_dags/tutorial_taskflow_api.py
[2024-12-03T00:23:51.752+0000] {processor.py:914} INFO - Processing file /home/airflow/.local/lib/python3.12/site-packages/airflow/example_dags/tutorial_taskflow_api.py for tasks to queue
[2024-12-03T00:23:51.753+0000] {logging_mixin.py:190} INFO - [2024-12-03T00:23:51.753+0000] {dagbag.py:588} INFO - Filling up the DagBag from /home/airflow/.local/lib/python3.12/site-packages/airflow/example_dags/tutorial_taskflow_api.py
[2024-12-03T00:23:51.756+0000] {processor.py:925} INFO - DAG(s) 'tutorial_taskflow_api' retrieved from /home/airflow/.local/lib/python3.12/site-packages/airflow/example_dags/tutorial_taskflow_api.py
[2024-12-03T00:23:51.763+0000] {logging_mixin.py:190} INFO - [2024-12-03T00:23:51.763+0000] {dag.py:3239} INFO - Sync 1 DAGs
[2024-12-03T00:23:51.768+0000] {logging_mixin.py:190} INFO - [2024-12-03T00:23:51.768+0000] {dag.py:4180} INFO - Setting next_dagrun for tutorial_taskflow_api to None, run_after=None
[2024-12-03T00:23:51.777+0000] {processor.py:208} INFO - Processing /home/airflow/.local/lib/python3.12/site-packages/airflow/example_dags/tutorial_taskflow_api.py took 0.028 seconds
[2024-12-03T00:24:22.187+0000] {processor.py:186} INFO - Started process (PID=6148) to work on /home/airflow/.local/lib/python3.12/site-packages/airflow/example_dags/tutorial_taskflow_api.py
[2024-12-03T00:24:22.188+0000] {processor.py:914} INFO - Processing file /home/airflow/.local/lib/python3.12/site-packages/airflow/example_dags/tutorial_taskflow_api.py for tasks to queue
[2024-12-03T00:24:22.189+0000] {logging_mixin.py:190} INFO - [2024-12-03T00:24:22.189+0000] {dagbag.py:588} INFO - Filling up the DagBag from /home/airflow/.local/lib/python3.12/site-packages/airflow/example_dags/tutorial_taskflow_api.py
[2024-12-03T00:24:22.193+0000] {processor.py:925} INFO - DAG(s) 'tutorial_taskflow_api' retrieved from /home/airflow/.local/lib/python3.12/site-packages/airflow/example_dags/tutorial_taskflow_api.py
[2024-12-03T00:24:22.202+0000] {logging_mixin.py:190} INFO - [2024-12-03T00:24:22.202+0000] {dag.py:3239} INFO - Sync 1 DAGs
[2024-12-03T00:24:22.209+0000] {logging_mixin.py:190} INFO - [2024-12-03T00:24:22.209+0000] {dag.py:4180} INFO - Setting next_dagrun for tutorial_taskflow_api to None, run_after=None
[2024-12-03T00:24:22.216+0000] {processor.py:208} INFO - Processing /home/airflow/.local/lib/python3.12/site-packages/airflow/example_dags/tutorial_taskflow_api.py took 0.033 seconds
[2024-12-03T00:24:52.443+0000] {processor.py:186} INFO - Started process (PID=6214) to work on /home/airflow/.local/lib/python3.12/site-packages/airflow/example_dags/tutorial_taskflow_api.py
[2024-12-03T00:24:52.444+0000] {processor.py:914} INFO - Processing file /home/airflow/.local/lib/python3.12/site-packages/airflow/example_dags/tutorial_taskflow_api.py for tasks to queue
[2024-12-03T00:24:52.446+0000] {logging_mixin.py:190} INFO - [2024-12-03T00:24:52.446+0000] {dagbag.py:588} INFO - Filling up the DagBag from /home/airflow/.local/lib/python3.12/site-packages/airflow/example_dags/tutorial_taskflow_api.py
[2024-12-03T00:24:52.450+0000] {processor.py:925} INFO - DAG(s) 'tutorial_taskflow_api' retrieved from /home/airflow/.local/lib/python3.12/site-packages/airflow/example_dags/tutorial_taskflow_api.py
[2024-12-03T00:24:52.461+0000] {logging_mixin.py:190} INFO - [2024-12-03T00:24:52.461+0000] {dag.py:3239} INFO - Sync 1 DAGs
[2024-12-03T00:24:52.467+0000] {logging_mixin.py:190} INFO - [2024-12-03T00:24:52.467+0000] {dag.py:4180} INFO - Setting next_dagrun for tutorial_taskflow_api to None, run_after=None
[2024-12-03T00:24:52.475+0000] {processor.py:208} INFO - Processing /home/airflow/.local/lib/python3.12/site-packages/airflow/example_dags/tutorial_taskflow_api.py took 0.034 seconds
[2024-12-03T00:25:22.773+0000] {processor.py:186} INFO - Started process (PID=6280) to work on /home/airflow/.local/lib/python3.12/site-packages/airflow/example_dags/tutorial_taskflow_api.py
[2024-12-03T00:25:22.775+0000] {processor.py:914} INFO - Processing file /home/airflow/.local/lib/python3.12/site-packages/airflow/example_dags/tutorial_taskflow_api.py for tasks to queue
[2024-12-03T00:25:22.776+0000] {logging_mixin.py:190} INFO - [2024-12-03T00:25:22.776+0000] {dagbag.py:588} INFO - Filling up the DagBag from /home/airflow/.local/lib/python3.12/site-packages/airflow/example_dags/tutorial_taskflow_api.py
[2024-12-03T00:25:22.780+0000] {processor.py:925} INFO - DAG(s) 'tutorial_taskflow_api' retrieved from /home/airflow/.local/lib/python3.12/site-packages/airflow/example_dags/tutorial_taskflow_api.py
[2024-12-03T00:25:22.789+0000] {logging_mixin.py:190} INFO - [2024-12-03T00:25:22.789+0000] {dag.py:3239} INFO - Sync 1 DAGs
[2024-12-03T00:25:22.794+0000] {logging_mixin.py:190} INFO - [2024-12-03T00:25:22.794+0000] {dag.py:4180} INFO - Setting next_dagrun for tutorial_taskflow_api to None, run_after=None
[2024-12-03T00:25:22.801+0000] {processor.py:208} INFO - Processing /home/airflow/.local/lib/python3.12/site-packages/airflow/example_dags/tutorial_taskflow_api.py took 0.031 seconds
[2024-12-03T00:25:53.073+0000] {processor.py:186} INFO - Started process (PID=6346) to work on /home/airflow/.local/lib/python3.12/site-packages/airflow/example_dags/tutorial_taskflow_api.py
[2024-12-03T00:25:53.074+0000] {processor.py:914} INFO - Processing file /home/airflow/.local/lib/python3.12/site-packages/airflow/example_dags/tutorial_taskflow_api.py for tasks to queue
[2024-12-03T00:25:53.078+0000] {logging_mixin.py:190} INFO - [2024-12-03T00:25:53.077+0000] {dagbag.py:588} INFO - Filling up the DagBag from /home/airflow/.local/lib/python3.12/site-packages/airflow/example_dags/tutorial_taskflow_api.py
[2024-12-03T00:25:53.082+0000] {processor.py:925} INFO - DAG(s) 'tutorial_taskflow_api' retrieved from /home/airflow/.local/lib/python3.12/site-packages/airflow/example_dags/tutorial_taskflow_api.py
[2024-12-03T00:25:53.093+0000] {logging_mixin.py:190} INFO - [2024-12-03T00:25:53.093+0000] {dag.py:3239} INFO - Sync 1 DAGs
[2024-12-03T00:25:53.099+0000] {logging_mixin.py:190} INFO - [2024-12-03T00:25:53.099+0000] {dag.py:4180} INFO - Setting next_dagrun for tutorial_taskflow_api to None, run_after=None
[2024-12-03T00:25:53.106+0000] {processor.py:208} INFO - Processing /home/airflow/.local/lib/python3.12/site-packages/airflow/example_dags/tutorial_taskflow_api.py took 0.036 seconds
[2024-12-03T00:26:23.361+0000] {processor.py:186} INFO - Started process (PID=6412) to work on /home/airflow/.local/lib/python3.12/site-packages/airflow/example_dags/tutorial_taskflow_api.py
[2024-12-03T00:26:23.362+0000] {processor.py:914} INFO - Processing file /home/airflow/.local/lib/python3.12/site-packages/airflow/example_dags/tutorial_taskflow_api.py for tasks to queue
[2024-12-03T00:26:23.362+0000] {logging_mixin.py:190} INFO - [2024-12-03T00:26:23.362+0000] {dagbag.py:588} INFO - Filling up the DagBag from /home/airflow/.local/lib/python3.12/site-packages/airflow/example_dags/tutorial_taskflow_api.py
[2024-12-03T00:26:23.366+0000] {processor.py:925} INFO - DAG(s) 'tutorial_taskflow_api' retrieved from /home/airflow/.local/lib/python3.12/site-packages/airflow/example_dags/tutorial_taskflow_api.py
[2024-12-03T00:26:23.373+0000] {logging_mixin.py:190} INFO - [2024-12-03T00:26:23.373+0000] {dag.py:3239} INFO - Sync 1 DAGs
[2024-12-03T00:26:23.378+0000] {logging_mixin.py:190} INFO - [2024-12-03T00:26:23.378+0000] {dag.py:4180} INFO - Setting next_dagrun for tutorial_taskflow_api to None, run_after=None
[2024-12-03T00:26:23.388+0000] {processor.py:208} INFO - Processing /home/airflow/.local/lib/python3.12/site-packages/airflow/example_dags/tutorial_taskflow_api.py took 0.029 seconds
[2024-12-03T00:26:53.666+0000] {processor.py:186} INFO - Started process (PID=6478) to work on /home/airflow/.local/lib/python3.12/site-packages/airflow/example_dags/tutorial_taskflow_api.py
[2024-12-03T00:26:53.667+0000] {processor.py:914} INFO - Processing file /home/airflow/.local/lib/python3.12/site-packages/airflow/example_dags/tutorial_taskflow_api.py for tasks to queue
[2024-12-03T00:26:53.668+0000] {logging_mixin.py:190} INFO - [2024-12-03T00:26:53.668+0000] {dagbag.py:588} INFO - Filling up the DagBag from /home/airflow/.local/lib/python3.12/site-packages/airflow/example_dags/tutorial_taskflow_api.py
[2024-12-03T00:26:53.671+0000] {processor.py:925} INFO - DAG(s) 'tutorial_taskflow_api' retrieved from /home/airflow/.local/lib/python3.12/site-packages/airflow/example_dags/tutorial_taskflow_api.py
[2024-12-03T00:26:53.679+0000] {logging_mixin.py:190} INFO - [2024-12-03T00:26:53.679+0000] {dag.py:3239} INFO - Sync 1 DAGs
[2024-12-03T00:26:53.684+0000] {logging_mixin.py:190} INFO - [2024-12-03T00:26:53.684+0000] {dag.py:4180} INFO - Setting next_dagrun for tutorial_taskflow_api to None, run_after=None
[2024-12-03T00:26:53.690+0000] {processor.py:208} INFO - Processing /home/airflow/.local/lib/python3.12/site-packages/airflow/example_dags/tutorial_taskflow_api.py took 0.026 seconds
[2024-12-03T00:27:24.126+0000] {processor.py:186} INFO - Started process (PID=6543) to work on /home/airflow/.local/lib/python3.12/site-packages/airflow/example_dags/tutorial_taskflow_api.py
[2024-12-03T00:27:24.127+0000] {processor.py:914} INFO - Processing file /home/airflow/.local/lib/python3.12/site-packages/airflow/example_dags/tutorial_taskflow_api.py for tasks to queue
[2024-12-03T00:27:24.129+0000] {logging_mixin.py:190} INFO - [2024-12-03T00:27:24.129+0000] {dagbag.py:588} INFO - Filling up the DagBag from /home/airflow/.local/lib/python3.12/site-packages/airflow/example_dags/tutorial_taskflow_api.py
[2024-12-03T00:27:24.138+0000] {processor.py:925} INFO - DAG(s) 'tutorial_taskflow_api' retrieved from /home/airflow/.local/lib/python3.12/site-packages/airflow/example_dags/tutorial_taskflow_api.py
[2024-12-03T00:27:24.152+0000] {logging_mixin.py:190} INFO - [2024-12-03T00:27:24.152+0000] {dag.py:3239} INFO - Sync 1 DAGs
[2024-12-03T00:27:24.163+0000] {logging_mixin.py:190} INFO - [2024-12-03T00:27:24.163+0000] {dag.py:4180} INFO - Setting next_dagrun for tutorial_taskflow_api to None, run_after=None
[2024-12-03T00:27:24.180+0000] {processor.py:208} INFO - Processing /home/airflow/.local/lib/python3.12/site-packages/airflow/example_dags/tutorial_taskflow_api.py took 0.057 seconds
[2024-12-03T00:27:54.633+0000] {processor.py:186} INFO - Started process (PID=6609) to work on /home/airflow/.local/lib/python3.12/site-packages/airflow/example_dags/tutorial_taskflow_api.py
[2024-12-03T00:27:54.634+0000] {processor.py:914} INFO - Processing file /home/airflow/.local/lib/python3.12/site-packages/airflow/example_dags/tutorial_taskflow_api.py for tasks to queue
[2024-12-03T00:27:54.635+0000] {logging_mixin.py:190} INFO - [2024-12-03T00:27:54.635+0000] {dagbag.py:588} INFO - Filling up the DagBag from /home/airflow/.local/lib/python3.12/site-packages/airflow/example_dags/tutorial_taskflow_api.py
[2024-12-03T00:27:54.639+0000] {processor.py:925} INFO - DAG(s) 'tutorial_taskflow_api' retrieved from /home/airflow/.local/lib/python3.12/site-packages/airflow/example_dags/tutorial_taskflow_api.py
[2024-12-03T00:27:54.647+0000] {logging_mixin.py:190} INFO - [2024-12-03T00:27:54.647+0000] {dag.py:3239} INFO - Sync 1 DAGs
[2024-12-03T00:27:54.652+0000] {logging_mixin.py:190} INFO - [2024-12-03T00:27:54.652+0000] {dag.py:4180} INFO - Setting next_dagrun for tutorial_taskflow_api to None, run_after=None
[2024-12-03T00:27:54.661+0000] {processor.py:208} INFO - Processing /home/airflow/.local/lib/python3.12/site-packages/airflow/example_dags/tutorial_taskflow_api.py took 0.030 seconds
[2024-12-03T00:28:24.895+0000] {processor.py:186} INFO - Started process (PID=6675) to work on /home/airflow/.local/lib/python3.12/site-packages/airflow/example_dags/tutorial_taskflow_api.py
[2024-12-03T00:28:24.896+0000] {processor.py:914} INFO - Processing file /home/airflow/.local/lib/python3.12/site-packages/airflow/example_dags/tutorial_taskflow_api.py for tasks to queue
[2024-12-03T00:28:24.897+0000] {logging_mixin.py:190} INFO - [2024-12-03T00:28:24.897+0000] {dagbag.py:588} INFO - Filling up the DagBag from /home/airflow/.local/lib/python3.12/site-packages/airflow/example_dags/tutorial_taskflow_api.py
[2024-12-03T00:28:24.900+0000] {processor.py:925} INFO - DAG(s) 'tutorial_taskflow_api' retrieved from /home/airflow/.local/lib/python3.12/site-packages/airflow/example_dags/tutorial_taskflow_api.py
[2024-12-03T00:28:24.907+0000] {logging_mixin.py:190} INFO - [2024-12-03T00:28:24.907+0000] {dag.py:3239} INFO - Sync 1 DAGs
[2024-12-03T00:28:24.914+0000] {logging_mixin.py:190} INFO - [2024-12-03T00:28:24.914+0000] {dag.py:4180} INFO - Setting next_dagrun for tutorial_taskflow_api to None, run_after=None
[2024-12-03T00:28:24.923+0000] {processor.py:208} INFO - Processing /home/airflow/.local/lib/python3.12/site-packages/airflow/example_dags/tutorial_taskflow_api.py took 0.030 seconds
[2024-12-03T00:28:55.241+0000] {processor.py:186} INFO - Started process (PID=6741) to work on /home/airflow/.local/lib/python3.12/site-packages/airflow/example_dags/tutorial_taskflow_api.py
[2024-12-03T00:28:55.242+0000] {processor.py:914} INFO - Processing file /home/airflow/.local/lib/python3.12/site-packages/airflow/example_dags/tutorial_taskflow_api.py for tasks to queue
[2024-12-03T00:28:55.243+0000] {logging_mixin.py:190} INFO - [2024-12-03T00:28:55.243+0000] {dagbag.py:588} INFO - Filling up the DagBag from /home/airflow/.local/lib/python3.12/site-packages/airflow/example_dags/tutorial_taskflow_api.py
[2024-12-03T00:28:55.246+0000] {processor.py:925} INFO - DAG(s) 'tutorial_taskflow_api' retrieved from /home/airflow/.local/lib/python3.12/site-packages/airflow/example_dags/tutorial_taskflow_api.py
[2024-12-03T00:28:55.254+0000] {logging_mixin.py:190} INFO - [2024-12-03T00:28:55.254+0000] {dag.py:3239} INFO - Sync 1 DAGs
[2024-12-03T00:28:55.258+0000] {logging_mixin.py:190} INFO - [2024-12-03T00:28:55.258+0000] {dag.py:4180} INFO - Setting next_dagrun for tutorial_taskflow_api to None, run_after=None
[2024-12-03T00:28:55.271+0000] {processor.py:208} INFO - Processing /home/airflow/.local/lib/python3.12/site-packages/airflow/example_dags/tutorial_taskflow_api.py took 0.033 seconds
[2024-12-03T00:29:25.726+0000] {processor.py:186} INFO - Started process (PID=6807) to work on /home/airflow/.local/lib/python3.12/site-packages/airflow/example_dags/tutorial_taskflow_api.py
[2024-12-03T00:29:25.727+0000] {processor.py:914} INFO - Processing file /home/airflow/.local/lib/python3.12/site-packages/airflow/example_dags/tutorial_taskflow_api.py for tasks to queue
[2024-12-03T00:29:25.728+0000] {logging_mixin.py:190} INFO - [2024-12-03T00:29:25.728+0000] {dagbag.py:588} INFO - Filling up the DagBag from /home/airflow/.local/lib/python3.12/site-packages/airflow/example_dags/tutorial_taskflow_api.py
[2024-12-03T00:29:25.731+0000] {processor.py:925} INFO - DAG(s) 'tutorial_taskflow_api' retrieved from /home/airflow/.local/lib/python3.12/site-packages/airflow/example_dags/tutorial_taskflow_api.py
[2024-12-03T00:29:25.741+0000] {logging_mixin.py:190} INFO - [2024-12-03T00:29:25.741+0000] {dag.py:3239} INFO - Sync 1 DAGs
[2024-12-03T00:29:25.747+0000] {logging_mixin.py:190} INFO - [2024-12-03T00:29:25.747+0000] {dag.py:4180} INFO - Setting next_dagrun for tutorial_taskflow_api to None, run_after=None
[2024-12-03T00:29:25.756+0000] {processor.py:208} INFO - Processing /home/airflow/.local/lib/python3.12/site-packages/airflow/example_dags/tutorial_taskflow_api.py took 0.032 seconds
[2024-12-03T00:29:56.188+0000] {processor.py:186} INFO - Started process (PID=6873) to work on /home/airflow/.local/lib/python3.12/site-packages/airflow/example_dags/tutorial_taskflow_api.py
[2024-12-03T00:29:56.189+0000] {processor.py:914} INFO - Processing file /home/airflow/.local/lib/python3.12/site-packages/airflow/example_dags/tutorial_taskflow_api.py for tasks to queue
[2024-12-03T00:29:56.192+0000] {logging_mixin.py:190} INFO - [2024-12-03T00:29:56.191+0000] {dagbag.py:588} INFO - Filling up the DagBag from /home/airflow/.local/lib/python3.12/site-packages/airflow/example_dags/tutorial_taskflow_api.py
[2024-12-03T00:29:56.196+0000] {processor.py:925} INFO - DAG(s) 'tutorial_taskflow_api' retrieved from /home/airflow/.local/lib/python3.12/site-packages/airflow/example_dags/tutorial_taskflow_api.py
[2024-12-03T00:29:56.204+0000] {logging_mixin.py:190} INFO - [2024-12-03T00:29:56.204+0000] {dag.py:3239} INFO - Sync 1 DAGs
[2024-12-03T00:29:56.211+0000] {logging_mixin.py:190} INFO - [2024-12-03T00:29:56.211+0000] {dag.py:4180} INFO - Setting next_dagrun for tutorial_taskflow_api to None, run_after=None
[2024-12-03T00:29:56.219+0000] {processor.py:208} INFO - Processing /home/airflow/.local/lib/python3.12/site-packages/airflow/example_dags/tutorial_taskflow_api.py took 0.034 seconds
[2024-12-03T00:30:26.836+0000] {processor.py:186} INFO - Started process (PID=6940) to work on /home/airflow/.local/lib/python3.12/site-packages/airflow/example_dags/tutorial_taskflow_api.py
[2024-12-03T00:30:26.836+0000] {processor.py:914} INFO - Processing file /home/airflow/.local/lib/python3.12/site-packages/airflow/example_dags/tutorial_taskflow_api.py for tasks to queue
[2024-12-03T00:30:26.837+0000] {logging_mixin.py:190} INFO - [2024-12-03T00:30:26.837+0000] {dagbag.py:588} INFO - Filling up the DagBag from /home/airflow/.local/lib/python3.12/site-packages/airflow/example_dags/tutorial_taskflow_api.py
[2024-12-03T00:30:26.841+0000] {processor.py:925} INFO - DAG(s) 'tutorial_taskflow_api' retrieved from /home/airflow/.local/lib/python3.12/site-packages/airflow/example_dags/tutorial_taskflow_api.py
[2024-12-03T00:30:26.849+0000] {logging_mixin.py:190} INFO - [2024-12-03T00:30:26.849+0000] {dag.py:3239} INFO - Sync 1 DAGs
[2024-12-03T00:30:26.854+0000] {logging_mixin.py:190} INFO - [2024-12-03T00:30:26.854+0000] {dag.py:4180} INFO - Setting next_dagrun for tutorial_taskflow_api to None, run_after=None
[2024-12-03T00:30:26.860+0000] {processor.py:208} INFO - Processing /home/airflow/.local/lib/python3.12/site-packages/airflow/example_dags/tutorial_taskflow_api.py took 0.026 seconds
[2024-12-03T00:30:57.217+0000] {processor.py:186} INFO - Started process (PID=7005) to work on /home/airflow/.local/lib/python3.12/site-packages/airflow/example_dags/tutorial_taskflow_api.py
[2024-12-03T00:30:57.218+0000] {processor.py:914} INFO - Processing file /home/airflow/.local/lib/python3.12/site-packages/airflow/example_dags/tutorial_taskflow_api.py for tasks to queue
[2024-12-03T00:30:57.221+0000] {logging_mixin.py:190} INFO - [2024-12-03T00:30:57.219+0000] {dagbag.py:588} INFO - Filling up the DagBag from /home/airflow/.local/lib/python3.12/site-packages/airflow/example_dags/tutorial_taskflow_api.py
[2024-12-03T00:30:57.224+0000] {processor.py:925} INFO - DAG(s) 'tutorial_taskflow_api' retrieved from /home/airflow/.local/lib/python3.12/site-packages/airflow/example_dags/tutorial_taskflow_api.py
[2024-12-03T00:30:57.234+0000] {logging_mixin.py:190} INFO - [2024-12-03T00:30:57.234+0000] {dag.py:3239} INFO - Sync 1 DAGs
[2024-12-03T00:30:57.240+0000] {logging_mixin.py:190} INFO - [2024-12-03T00:30:57.240+0000] {dag.py:4180} INFO - Setting next_dagrun for tutorial_taskflow_api to None, run_after=None
[2024-12-03T00:30:57.246+0000] {processor.py:208} INFO - Processing /home/airflow/.local/lib/python3.12/site-packages/airflow/example_dags/tutorial_taskflow_api.py took 0.032 seconds
[2024-12-03T00:31:27.720+0000] {processor.py:186} INFO - Started process (PID=7071) to work on /home/airflow/.local/lib/python3.12/site-packages/airflow/example_dags/tutorial_taskflow_api.py
[2024-12-03T00:31:27.722+0000] {processor.py:914} INFO - Processing file /home/airflow/.local/lib/python3.12/site-packages/airflow/example_dags/tutorial_taskflow_api.py for tasks to queue
[2024-12-03T00:31:27.724+0000] {logging_mixin.py:190} INFO - [2024-12-03T00:31:27.724+0000] {dagbag.py:588} INFO - Filling up the DagBag from /home/airflow/.local/lib/python3.12/site-packages/airflow/example_dags/tutorial_taskflow_api.py
[2024-12-03T00:31:27.730+0000] {processor.py:925} INFO - DAG(s) 'tutorial_taskflow_api' retrieved from /home/airflow/.local/lib/python3.12/site-packages/airflow/example_dags/tutorial_taskflow_api.py
[2024-12-03T00:31:27.742+0000] {logging_mixin.py:190} INFO - [2024-12-03T00:31:27.742+0000] {dag.py:3239} INFO - Sync 1 DAGs
[2024-12-03T00:31:27.748+0000] {logging_mixin.py:190} INFO - [2024-12-03T00:31:27.748+0000] {dag.py:4180} INFO - Setting next_dagrun for tutorial_taskflow_api to None, run_after=None
[2024-12-03T00:31:27.754+0000] {processor.py:208} INFO - Processing /home/airflow/.local/lib/python3.12/site-packages/airflow/example_dags/tutorial_taskflow_api.py took 0.037 seconds
[2024-12-03T00:31:58.172+0000] {processor.py:186} INFO - Started process (PID=7137) to work on /home/airflow/.local/lib/python3.12/site-packages/airflow/example_dags/tutorial_taskflow_api.py
[2024-12-03T00:31:58.174+0000] {processor.py:914} INFO - Processing file /home/airflow/.local/lib/python3.12/site-packages/airflow/example_dags/tutorial_taskflow_api.py for tasks to queue
[2024-12-03T00:31:58.175+0000] {logging_mixin.py:190} INFO - [2024-12-03T00:31:58.175+0000] {dagbag.py:588} INFO - Filling up the DagBag from /home/airflow/.local/lib/python3.12/site-packages/airflow/example_dags/tutorial_taskflow_api.py
[2024-12-03T00:31:58.179+0000] {processor.py:925} INFO - DAG(s) 'tutorial_taskflow_api' retrieved from /home/airflow/.local/lib/python3.12/site-packages/airflow/example_dags/tutorial_taskflow_api.py
[2024-12-03T00:31:58.187+0000] {logging_mixin.py:190} INFO - [2024-12-03T00:31:58.187+0000] {dag.py:3239} INFO - Sync 1 DAGs
[2024-12-03T00:31:58.195+0000] {logging_mixin.py:190} INFO - [2024-12-03T00:31:58.195+0000] {dag.py:4180} INFO - Setting next_dagrun for tutorial_taskflow_api to None, run_after=None
[2024-12-03T00:31:58.206+0000] {processor.py:208} INFO - Processing /home/airflow/.local/lib/python3.12/site-packages/airflow/example_dags/tutorial_taskflow_api.py took 0.037 seconds
[2024-12-03T00:32:28.764+0000] {processor.py:186} INFO - Started process (PID=7203) to work on /home/airflow/.local/lib/python3.12/site-packages/airflow/example_dags/tutorial_taskflow_api.py
[2024-12-03T00:32:28.765+0000] {processor.py:914} INFO - Processing file /home/airflow/.local/lib/python3.12/site-packages/airflow/example_dags/tutorial_taskflow_api.py for tasks to queue
[2024-12-03T00:32:28.766+0000] {logging_mixin.py:190} INFO - [2024-12-03T00:32:28.766+0000] {dagbag.py:588} INFO - Filling up the DagBag from /home/airflow/.local/lib/python3.12/site-packages/airflow/example_dags/tutorial_taskflow_api.py
[2024-12-03T00:32:28.770+0000] {processor.py:925} INFO - DAG(s) 'tutorial_taskflow_api' retrieved from /home/airflow/.local/lib/python3.12/site-packages/airflow/example_dags/tutorial_taskflow_api.py
[2024-12-03T00:32:28.780+0000] {logging_mixin.py:190} INFO - [2024-12-03T00:32:28.780+0000] {dag.py:3239} INFO - Sync 1 DAGs
[2024-12-03T00:32:28.785+0000] {logging_mixin.py:190} INFO - [2024-12-03T00:32:28.785+0000] {dag.py:4180} INFO - Setting next_dagrun for tutorial_taskflow_api to None, run_after=None
[2024-12-03T00:32:28.792+0000] {processor.py:208} INFO - Processing /home/airflow/.local/lib/python3.12/site-packages/airflow/example_dags/tutorial_taskflow_api.py took 0.030 seconds
[2024-12-03T00:32:59.080+0000] {processor.py:186} INFO - Started process (PID=7269) to work on /home/airflow/.local/lib/python3.12/site-packages/airflow/example_dags/tutorial_taskflow_api.py
[2024-12-03T00:32:59.081+0000] {processor.py:914} INFO - Processing file /home/airflow/.local/lib/python3.12/site-packages/airflow/example_dags/tutorial_taskflow_api.py for tasks to queue
[2024-12-03T00:32:59.081+0000] {logging_mixin.py:190} INFO - [2024-12-03T00:32:59.081+0000] {dagbag.py:588} INFO - Filling up the DagBag from /home/airflow/.local/lib/python3.12/site-packages/airflow/example_dags/tutorial_taskflow_api.py
[2024-12-03T00:32:59.085+0000] {processor.py:925} INFO - DAG(s) 'tutorial_taskflow_api' retrieved from /home/airflow/.local/lib/python3.12/site-packages/airflow/example_dags/tutorial_taskflow_api.py
[2024-12-03T00:32:59.092+0000] {logging_mixin.py:190} INFO - [2024-12-03T00:32:59.092+0000] {dag.py:3239} INFO - Sync 1 DAGs
[2024-12-03T00:32:59.097+0000] {logging_mixin.py:190} INFO - [2024-12-03T00:32:59.097+0000] {dag.py:4180} INFO - Setting next_dagrun for tutorial_taskflow_api to None, run_after=None
[2024-12-03T00:32:59.105+0000] {processor.py:208} INFO - Processing /home/airflow/.local/lib/python3.12/site-packages/airflow/example_dags/tutorial_taskflow_api.py took 0.027 seconds
[2024-12-03T00:33:29.337+0000] {processor.py:186} INFO - Started process (PID=7335) to work on /home/airflow/.local/lib/python3.12/site-packages/airflow/example_dags/tutorial_taskflow_api.py
[2024-12-03T00:33:29.340+0000] {processor.py:914} INFO - Processing file /home/airflow/.local/lib/python3.12/site-packages/airflow/example_dags/tutorial_taskflow_api.py for tasks to queue
[2024-12-03T00:33:29.341+0000] {logging_mixin.py:190} INFO - [2024-12-03T00:33:29.341+0000] {dagbag.py:588} INFO - Filling up the DagBag from /home/airflow/.local/lib/python3.12/site-packages/airflow/example_dags/tutorial_taskflow_api.py
[2024-12-03T00:33:29.345+0000] {processor.py:925} INFO - DAG(s) 'tutorial_taskflow_api' retrieved from /home/airflow/.local/lib/python3.12/site-packages/airflow/example_dags/tutorial_taskflow_api.py
[2024-12-03T00:33:29.352+0000] {logging_mixin.py:190} INFO - [2024-12-03T00:33:29.352+0000] {dag.py:3239} INFO - Sync 1 DAGs
[2024-12-03T00:33:29.358+0000] {logging_mixin.py:190} INFO - [2024-12-03T00:33:29.358+0000] {dag.py:4180} INFO - Setting next_dagrun for tutorial_taskflow_api to None, run_after=None
[2024-12-03T00:33:29.367+0000] {processor.py:208} INFO - Processing /home/airflow/.local/lib/python3.12/site-packages/airflow/example_dags/tutorial_taskflow_api.py took 0.032 seconds
[2024-12-03T00:33:59.609+0000] {processor.py:186} INFO - Started process (PID=7401) to work on /home/airflow/.local/lib/python3.12/site-packages/airflow/example_dags/tutorial_taskflow_api.py
[2024-12-03T00:33:59.614+0000] {processor.py:914} INFO - Processing file /home/airflow/.local/lib/python3.12/site-packages/airflow/example_dags/tutorial_taskflow_api.py for tasks to queue
[2024-12-03T00:33:59.615+0000] {logging_mixin.py:190} INFO - [2024-12-03T00:33:59.615+0000] {dagbag.py:588} INFO - Filling up the DagBag from /home/airflow/.local/lib/python3.12/site-packages/airflow/example_dags/tutorial_taskflow_api.py
[2024-12-03T00:33:59.619+0000] {processor.py:925} INFO - DAG(s) 'tutorial_taskflow_api' retrieved from /home/airflow/.local/lib/python3.12/site-packages/airflow/example_dags/tutorial_taskflow_api.py
[2024-12-03T00:33:59.631+0000] {logging_mixin.py:190} INFO - [2024-12-03T00:33:59.631+0000] {dag.py:3239} INFO - Sync 1 DAGs
[2024-12-03T00:33:59.638+0000] {logging_mixin.py:190} INFO - [2024-12-03T00:33:59.637+0000] {dag.py:4180} INFO - Setting next_dagrun for tutorial_taskflow_api to None, run_after=None
[2024-12-03T00:33:59.646+0000] {processor.py:208} INFO - Processing /home/airflow/.local/lib/python3.12/site-packages/airflow/example_dags/tutorial_taskflow_api.py took 0.040 seconds
[2024-12-03T00:34:29.896+0000] {processor.py:186} INFO - Started process (PID=7467) to work on /home/airflow/.local/lib/python3.12/site-packages/airflow/example_dags/tutorial_taskflow_api.py
[2024-12-03T00:34:29.897+0000] {processor.py:914} INFO - Processing file /home/airflow/.local/lib/python3.12/site-packages/airflow/example_dags/tutorial_taskflow_api.py for tasks to queue
[2024-12-03T00:34:29.899+0000] {logging_mixin.py:190} INFO - [2024-12-03T00:34:29.899+0000] {dagbag.py:588} INFO - Filling up the DagBag from /home/airflow/.local/lib/python3.12/site-packages/airflow/example_dags/tutorial_taskflow_api.py
[2024-12-03T00:34:29.903+0000] {processor.py:925} INFO - DAG(s) 'tutorial_taskflow_api' retrieved from /home/airflow/.local/lib/python3.12/site-packages/airflow/example_dags/tutorial_taskflow_api.py
[2024-12-03T00:34:29.912+0000] {logging_mixin.py:190} INFO - [2024-12-03T00:34:29.912+0000] {dag.py:3239} INFO - Sync 1 DAGs
[2024-12-03T00:34:29.917+0000] {logging_mixin.py:190} INFO - [2024-12-03T00:34:29.917+0000] {dag.py:4180} INFO - Setting next_dagrun for tutorial_taskflow_api to None, run_after=None
[2024-12-03T00:34:29.924+0000] {processor.py:208} INFO - Processing /home/airflow/.local/lib/python3.12/site-packages/airflow/example_dags/tutorial_taskflow_api.py took 0.030 seconds
[2024-12-03T00:35:00.166+0000] {processor.py:186} INFO - Started process (PID=7533) to work on /home/airflow/.local/lib/python3.12/site-packages/airflow/example_dags/tutorial_taskflow_api.py
[2024-12-03T00:35:00.166+0000] {processor.py:914} INFO - Processing file /home/airflow/.local/lib/python3.12/site-packages/airflow/example_dags/tutorial_taskflow_api.py for tasks to queue
[2024-12-03T00:35:00.167+0000] {logging_mixin.py:190} INFO - [2024-12-03T00:35:00.167+0000] {dagbag.py:588} INFO - Filling up the DagBag from /home/airflow/.local/lib/python3.12/site-packages/airflow/example_dags/tutorial_taskflow_api.py
[2024-12-03T00:35:00.171+0000] {processor.py:925} INFO - DAG(s) 'tutorial_taskflow_api' retrieved from /home/airflow/.local/lib/python3.12/site-packages/airflow/example_dags/tutorial_taskflow_api.py
[2024-12-03T00:35:00.178+0000] {logging_mixin.py:190} INFO - [2024-12-03T00:35:00.178+0000] {dag.py:3239} INFO - Sync 1 DAGs
[2024-12-03T00:35:00.183+0000] {logging_mixin.py:190} INFO - [2024-12-03T00:35:00.183+0000] {dag.py:4180} INFO - Setting next_dagrun for tutorial_taskflow_api to None, run_after=None
[2024-12-03T00:35:00.192+0000] {processor.py:208} INFO - Processing /home/airflow/.local/lib/python3.12/site-packages/airflow/example_dags/tutorial_taskflow_api.py took 0.029 seconds
[2024-12-03T00:35:30.453+0000] {processor.py:186} INFO - Started process (PID=7599) to work on /home/airflow/.local/lib/python3.12/site-packages/airflow/example_dags/tutorial_taskflow_api.py
[2024-12-03T00:35:30.459+0000] {processor.py:914} INFO - Processing file /home/airflow/.local/lib/python3.12/site-packages/airflow/example_dags/tutorial_taskflow_api.py for tasks to queue
[2024-12-03T00:35:30.461+0000] {logging_mixin.py:190} INFO - [2024-12-03T00:35:30.460+0000] {dagbag.py:588} INFO - Filling up the DagBag from /home/airflow/.local/lib/python3.12/site-packages/airflow/example_dags/tutorial_taskflow_api.py
[2024-12-03T00:35:30.466+0000] {processor.py:925} INFO - DAG(s) 'tutorial_taskflow_api' retrieved from /home/airflow/.local/lib/python3.12/site-packages/airflow/example_dags/tutorial_taskflow_api.py
[2024-12-03T00:35:30.475+0000] {logging_mixin.py:190} INFO - [2024-12-03T00:35:30.475+0000] {dag.py:3239} INFO - Sync 1 DAGs
[2024-12-03T00:35:30.480+0000] {logging_mixin.py:190} INFO - [2024-12-03T00:35:30.480+0000] {dag.py:4180} INFO - Setting next_dagrun for tutorial_taskflow_api to None, run_after=None
[2024-12-03T00:35:30.487+0000] {processor.py:208} INFO - Processing /home/airflow/.local/lib/python3.12/site-packages/airflow/example_dags/tutorial_taskflow_api.py took 0.036 seconds
[2024-12-03T00:36:00.792+0000] {processor.py:186} INFO - Started process (PID=7665) to work on /home/airflow/.local/lib/python3.12/site-packages/airflow/example_dags/tutorial_taskflow_api.py
[2024-12-03T00:36:00.793+0000] {processor.py:914} INFO - Processing file /home/airflow/.local/lib/python3.12/site-packages/airflow/example_dags/tutorial_taskflow_api.py for tasks to queue
[2024-12-03T00:36:00.794+0000] {logging_mixin.py:190} INFO - [2024-12-03T00:36:00.794+0000] {dagbag.py:588} INFO - Filling up the DagBag from /home/airflow/.local/lib/python3.12/site-packages/airflow/example_dags/tutorial_taskflow_api.py
[2024-12-03T00:36:00.797+0000] {processor.py:925} INFO - DAG(s) 'tutorial_taskflow_api' retrieved from /home/airflow/.local/lib/python3.12/site-packages/airflow/example_dags/tutorial_taskflow_api.py
[2024-12-03T00:36:00.804+0000] {logging_mixin.py:190} INFO - [2024-12-03T00:36:00.804+0000] {dag.py:3239} INFO - Sync 1 DAGs
[2024-12-03T00:36:00.809+0000] {logging_mixin.py:190} INFO - [2024-12-03T00:36:00.809+0000] {dag.py:4180} INFO - Setting next_dagrun for tutorial_taskflow_api to None, run_after=None
[2024-12-03T00:36:00.817+0000] {processor.py:208} INFO - Processing /home/airflow/.local/lib/python3.12/site-packages/airflow/example_dags/tutorial_taskflow_api.py took 0.028 seconds
[2024-12-03T00:36:31.098+0000] {processor.py:186} INFO - Started process (PID=7731) to work on /home/airflow/.local/lib/python3.12/site-packages/airflow/example_dags/tutorial_taskflow_api.py
[2024-12-03T00:36:31.101+0000] {processor.py:914} INFO - Processing file /home/airflow/.local/lib/python3.12/site-packages/airflow/example_dags/tutorial_taskflow_api.py for tasks to queue
[2024-12-03T00:36:31.102+0000] {logging_mixin.py:190} INFO - [2024-12-03T00:36:31.102+0000] {dagbag.py:588} INFO - Filling up the DagBag from /home/airflow/.local/lib/python3.12/site-packages/airflow/example_dags/tutorial_taskflow_api.py
[2024-12-03T00:36:31.107+0000] {processor.py:925} INFO - DAG(s) 'tutorial_taskflow_api' retrieved from /home/airflow/.local/lib/python3.12/site-packages/airflow/example_dags/tutorial_taskflow_api.py
[2024-12-03T00:36:31.117+0000] {logging_mixin.py:190} INFO - [2024-12-03T00:36:31.117+0000] {dag.py:3239} INFO - Sync 1 DAGs
[2024-12-03T00:36:31.122+0000] {logging_mixin.py:190} INFO - [2024-12-03T00:36:31.122+0000] {dag.py:4180} INFO - Setting next_dagrun for tutorial_taskflow_api to None, run_after=None
[2024-12-03T00:36:31.128+0000] {processor.py:208} INFO - Processing /home/airflow/.local/lib/python3.12/site-packages/airflow/example_dags/tutorial_taskflow_api.py took 0.033 seconds
[2024-12-03T00:37:01.328+0000] {processor.py:186} INFO - Started process (PID=7797) to work on /home/airflow/.local/lib/python3.12/site-packages/airflow/example_dags/tutorial_taskflow_api.py
[2024-12-03T00:37:01.329+0000] {processor.py:914} INFO - Processing file /home/airflow/.local/lib/python3.12/site-packages/airflow/example_dags/tutorial_taskflow_api.py for tasks to queue
[2024-12-03T00:37:01.331+0000] {logging_mixin.py:190} INFO - [2024-12-03T00:37:01.330+0000] {dagbag.py:588} INFO - Filling up the DagBag from /home/airflow/.local/lib/python3.12/site-packages/airflow/example_dags/tutorial_taskflow_api.py
[2024-12-03T00:37:01.335+0000] {processor.py:925} INFO - DAG(s) 'tutorial_taskflow_api' retrieved from /home/airflow/.local/lib/python3.12/site-packages/airflow/example_dags/tutorial_taskflow_api.py
[2024-12-03T00:37:01.344+0000] {logging_mixin.py:190} INFO - [2024-12-03T00:37:01.343+0000] {dag.py:3239} INFO - Sync 1 DAGs
[2024-12-03T00:37:01.349+0000] {logging_mixin.py:190} INFO - [2024-12-03T00:37:01.349+0000] {dag.py:4180} INFO - Setting next_dagrun for tutorial_taskflow_api to None, run_after=None
[2024-12-03T00:37:01.355+0000] {processor.py:208} INFO - Processing /home/airflow/.local/lib/python3.12/site-packages/airflow/example_dags/tutorial_taskflow_api.py took 0.029 seconds
[2024-12-03T00:37:31.624+0000] {processor.py:186} INFO - Started process (PID=7863) to work on /home/airflow/.local/lib/python3.12/site-packages/airflow/example_dags/tutorial_taskflow_api.py
[2024-12-03T00:37:31.625+0000] {processor.py:914} INFO - Processing file /home/airflow/.local/lib/python3.12/site-packages/airflow/example_dags/tutorial_taskflow_api.py for tasks to queue
[2024-12-03T00:37:31.626+0000] {logging_mixin.py:190} INFO - [2024-12-03T00:37:31.626+0000] {dagbag.py:588} INFO - Filling up the DagBag from /home/airflow/.local/lib/python3.12/site-packages/airflow/example_dags/tutorial_taskflow_api.py
[2024-12-03T00:37:31.629+0000] {processor.py:925} INFO - DAG(s) 'tutorial_taskflow_api' retrieved from /home/airflow/.local/lib/python3.12/site-packages/airflow/example_dags/tutorial_taskflow_api.py
[2024-12-03T00:37:31.636+0000] {logging_mixin.py:190} INFO - [2024-12-03T00:37:31.636+0000] {dag.py:3239} INFO - Sync 1 DAGs
[2024-12-03T00:37:31.641+0000] {logging_mixin.py:190} INFO - [2024-12-03T00:37:31.641+0000] {dag.py:4180} INFO - Setting next_dagrun for tutorial_taskflow_api to None, run_after=None
[2024-12-03T00:37:31.649+0000] {processor.py:208} INFO - Processing /home/airflow/.local/lib/python3.12/site-packages/airflow/example_dags/tutorial_taskflow_api.py took 0.028 seconds
[2024-12-03T00:38:01.950+0000] {processor.py:186} INFO - Started process (PID=7929) to work on /home/airflow/.local/lib/python3.12/site-packages/airflow/example_dags/tutorial_taskflow_api.py
[2024-12-03T00:38:01.950+0000] {processor.py:914} INFO - Processing file /home/airflow/.local/lib/python3.12/site-packages/airflow/example_dags/tutorial_taskflow_api.py for tasks to queue
[2024-12-03T00:38:01.951+0000] {logging_mixin.py:190} INFO - [2024-12-03T00:38:01.951+0000] {dagbag.py:588} INFO - Filling up the DagBag from /home/airflow/.local/lib/python3.12/site-packages/airflow/example_dags/tutorial_taskflow_api.py
[2024-12-03T00:38:01.955+0000] {processor.py:925} INFO - DAG(s) 'tutorial_taskflow_api' retrieved from /home/airflow/.local/lib/python3.12/site-packages/airflow/example_dags/tutorial_taskflow_api.py
[2024-12-03T00:38:01.962+0000] {logging_mixin.py:190} INFO - [2024-12-03T00:38:01.962+0000] {dag.py:3239} INFO - Sync 1 DAGs
[2024-12-03T00:38:01.968+0000] {logging_mixin.py:190} INFO - [2024-12-03T00:38:01.968+0000] {dag.py:4180} INFO - Setting next_dagrun for tutorial_taskflow_api to None, run_after=None
[2024-12-03T00:38:01.978+0000] {processor.py:208} INFO - Processing /home/airflow/.local/lib/python3.12/site-packages/airflow/example_dags/tutorial_taskflow_api.py took 0.031 seconds
