[2024-12-01T22:43:31.206+0000] {processor.py:186} INFO - Started process (PID=73) to work on /home/airflow/.local/lib/python3.12/site-packages/airflow/example_dags/example_task_group.py
[2024-12-01T22:43:31.206+0000] {processor.py:914} INFO - Processing file /home/airflow/.local/lib/python3.12/site-packages/airflow/example_dags/example_task_group.py for tasks to queue
[2024-12-01T22:43:31.207+0000] {logging_mixin.py:190} INFO - [2024-12-01T22:43:31.207+0000] {dagbag.py:588} INFO - Filling up the DagBag from /home/airflow/.local/lib/python3.12/site-packages/airflow/example_dags/example_task_group.py
[2024-12-01T22:43:31.212+0000] {processor.py:925} INFO - DAG(s) 'example_task_group' retrieved from /home/airflow/.local/lib/python3.12/site-packages/airflow/example_dags/example_task_group.py
[2024-12-01T22:43:31.223+0000] {logging_mixin.py:190} INFO - [2024-12-01T22:43:31.223+0000] {dag.py:3239} INFO - Sync 1 DAGs
[2024-12-01T22:43:31.231+0000] {logging_mixin.py:190} INFO - [2024-12-01T22:43:31.231+0000] {dag.py:4180} INFO - Setting next_dagrun for example_task_group to None, run_after=None
[2024-12-01T22:43:31.239+0000] {processor.py:208} INFO - Processing /home/airflow/.local/lib/python3.12/site-packages/airflow/example_dags/example_task_group.py took 0.035 seconds
[2024-12-01T22:44:01.585+0000] {processor.py:186} INFO - Started process (PID=137) to work on /home/airflow/.local/lib/python3.12/site-packages/airflow/example_dags/example_task_group.py
[2024-12-01T22:44:01.585+0000] {processor.py:914} INFO - Processing file /home/airflow/.local/lib/python3.12/site-packages/airflow/example_dags/example_task_group.py for tasks to queue
[2024-12-01T22:44:01.586+0000] {logging_mixin.py:190} INFO - [2024-12-01T22:44:01.586+0000] {dagbag.py:588} INFO - Filling up the DagBag from /home/airflow/.local/lib/python3.12/site-packages/airflow/example_dags/example_task_group.py
[2024-12-01T22:44:01.589+0000] {processor.py:925} INFO - DAG(s) 'example_task_group' retrieved from /home/airflow/.local/lib/python3.12/site-packages/airflow/example_dags/example_task_group.py
[2024-12-01T22:44:01.602+0000] {logging_mixin.py:190} INFO - [2024-12-01T22:44:01.601+0000] {dag.py:3239} INFO - Sync 1 DAGs
[2024-12-01T22:44:01.606+0000] {logging_mixin.py:190} INFO - [2024-12-01T22:44:01.606+0000] {dag.py:4180} INFO - Setting next_dagrun for example_task_group to None, run_after=None
[2024-12-01T22:44:01.614+0000] {processor.py:208} INFO - Processing /home/airflow/.local/lib/python3.12/site-packages/airflow/example_dags/example_task_group.py took 0.031 seconds
[2024-12-01T22:44:32.876+0000] {processor.py:186} INFO - Started process (PID=201) to work on /home/airflow/.local/lib/python3.12/site-packages/airflow/example_dags/example_task_group.py
[2024-12-01T22:44:32.877+0000] {processor.py:914} INFO - Processing file /home/airflow/.local/lib/python3.12/site-packages/airflow/example_dags/example_task_group.py for tasks to queue
[2024-12-01T22:44:32.877+0000] {logging_mixin.py:190} INFO - [2024-12-01T22:44:32.877+0000] {dagbag.py:588} INFO - Filling up the DagBag from /home/airflow/.local/lib/python3.12/site-packages/airflow/example_dags/example_task_group.py
[2024-12-01T22:44:32.881+0000] {processor.py:925} INFO - DAG(s) 'example_task_group' retrieved from /home/airflow/.local/lib/python3.12/site-packages/airflow/example_dags/example_task_group.py
[2024-12-01T22:44:32.888+0000] {logging_mixin.py:190} INFO - [2024-12-01T22:44:32.888+0000] {dag.py:3239} INFO - Sync 1 DAGs
[2024-12-01T22:44:32.893+0000] {logging_mixin.py:190} INFO - [2024-12-01T22:44:32.893+0000] {dag.py:4180} INFO - Setting next_dagrun for example_task_group to None, run_after=None
[2024-12-01T22:44:32.901+0000] {processor.py:208} INFO - Processing /home/airflow/.local/lib/python3.12/site-packages/airflow/example_dags/example_task_group.py took 0.027 seconds
[2024-12-01T22:45:03.984+0000] {processor.py:186} INFO - Started process (PID=265) to work on /home/airflow/.local/lib/python3.12/site-packages/airflow/example_dags/example_task_group.py
[2024-12-01T22:45:03.985+0000] {processor.py:914} INFO - Processing file /home/airflow/.local/lib/python3.12/site-packages/airflow/example_dags/example_task_group.py for tasks to queue
[2024-12-01T22:45:03.986+0000] {logging_mixin.py:190} INFO - [2024-12-01T22:45:03.986+0000] {dagbag.py:588} INFO - Filling up the DagBag from /home/airflow/.local/lib/python3.12/site-packages/airflow/example_dags/example_task_group.py
[2024-12-01T22:45:03.989+0000] {processor.py:925} INFO - DAG(s) 'example_task_group' retrieved from /home/airflow/.local/lib/python3.12/site-packages/airflow/example_dags/example_task_group.py
[2024-12-01T22:45:04.004+0000] {logging_mixin.py:190} INFO - [2024-12-01T22:45:04.004+0000] {dag.py:3239} INFO - Sync 1 DAGs
[2024-12-01T22:45:04.008+0000] {logging_mixin.py:190} INFO - [2024-12-01T22:45:04.008+0000] {dag.py:4180} INFO - Setting next_dagrun for example_task_group to None, run_after=None
[2024-12-01T22:45:04.017+0000] {processor.py:208} INFO - Processing /home/airflow/.local/lib/python3.12/site-packages/airflow/example_dags/example_task_group.py took 0.035 seconds
[2024-12-01T22:45:35.209+0000] {processor.py:186} INFO - Started process (PID=335) to work on /home/airflow/.local/lib/python3.12/site-packages/airflow/example_dags/example_task_group.py
[2024-12-01T22:45:35.210+0000] {processor.py:914} INFO - Processing file /home/airflow/.local/lib/python3.12/site-packages/airflow/example_dags/example_task_group.py for tasks to queue
[2024-12-01T22:45:35.211+0000] {logging_mixin.py:190} INFO - [2024-12-01T22:45:35.211+0000] {dagbag.py:588} INFO - Filling up the DagBag from /home/airflow/.local/lib/python3.12/site-packages/airflow/example_dags/example_task_group.py
[2024-12-01T22:45:35.215+0000] {processor.py:925} INFO - DAG(s) 'example_task_group' retrieved from /home/airflow/.local/lib/python3.12/site-packages/airflow/example_dags/example_task_group.py
[2024-12-01T22:45:35.226+0000] {logging_mixin.py:190} INFO - [2024-12-01T22:45:35.226+0000] {dag.py:3239} INFO - Sync 1 DAGs
[2024-12-01T22:45:35.230+0000] {logging_mixin.py:190} INFO - [2024-12-01T22:45:35.230+0000] {dag.py:4180} INFO - Setting next_dagrun for example_task_group to None, run_after=None
[2024-12-01T22:45:35.238+0000] {processor.py:208} INFO - Processing /home/airflow/.local/lib/python3.12/site-packages/airflow/example_dags/example_task_group.py took 0.032 seconds
[2024-12-01T22:46:06.337+0000] {processor.py:186} INFO - Started process (PID=399) to work on /home/airflow/.local/lib/python3.12/site-packages/airflow/example_dags/example_task_group.py
[2024-12-01T22:46:06.339+0000] {processor.py:914} INFO - Processing file /home/airflow/.local/lib/python3.12/site-packages/airflow/example_dags/example_task_group.py for tasks to queue
[2024-12-01T22:46:06.340+0000] {logging_mixin.py:190} INFO - [2024-12-01T22:46:06.340+0000] {dagbag.py:588} INFO - Filling up the DagBag from /home/airflow/.local/lib/python3.12/site-packages/airflow/example_dags/example_task_group.py
[2024-12-01T22:46:06.344+0000] {processor.py:925} INFO - DAG(s) 'example_task_group' retrieved from /home/airflow/.local/lib/python3.12/site-packages/airflow/example_dags/example_task_group.py
[2024-12-01T22:46:06.352+0000] {logging_mixin.py:190} INFO - [2024-12-01T22:46:06.352+0000] {dag.py:3239} INFO - Sync 1 DAGs
[2024-12-01T22:46:06.358+0000] {logging_mixin.py:190} INFO - [2024-12-01T22:46:06.358+0000] {dag.py:4180} INFO - Setting next_dagrun for example_task_group to None, run_after=None
[2024-12-01T22:46:06.364+0000] {processor.py:208} INFO - Processing /home/airflow/.local/lib/python3.12/site-packages/airflow/example_dags/example_task_group.py took 0.029 seconds
[2024-12-01T22:46:37.669+0000] {processor.py:186} INFO - Started process (PID=463) to work on /home/airflow/.local/lib/python3.12/site-packages/airflow/example_dags/example_task_group.py
[2024-12-01T22:46:37.670+0000] {processor.py:914} INFO - Processing file /home/airflow/.local/lib/python3.12/site-packages/airflow/example_dags/example_task_group.py for tasks to queue
[2024-12-01T22:46:37.671+0000] {logging_mixin.py:190} INFO - [2024-12-01T22:46:37.670+0000] {dagbag.py:588} INFO - Filling up the DagBag from /home/airflow/.local/lib/python3.12/site-packages/airflow/example_dags/example_task_group.py
[2024-12-01T22:46:37.674+0000] {processor.py:925} INFO - DAG(s) 'example_task_group' retrieved from /home/airflow/.local/lib/python3.12/site-packages/airflow/example_dags/example_task_group.py
[2024-12-01T22:46:37.685+0000] {logging_mixin.py:190} INFO - [2024-12-01T22:46:37.685+0000] {dag.py:3239} INFO - Sync 1 DAGs
[2024-12-01T22:46:37.690+0000] {logging_mixin.py:190} INFO - [2024-12-01T22:46:37.690+0000] {dag.py:4180} INFO - Setting next_dagrun for example_task_group to None, run_after=None
[2024-12-01T22:46:37.699+0000] {processor.py:208} INFO - Processing /home/airflow/.local/lib/python3.12/site-packages/airflow/example_dags/example_task_group.py took 0.032 seconds
[2024-12-01T22:47:08.713+0000] {processor.py:186} INFO - Started process (PID=527) to work on /home/airflow/.local/lib/python3.12/site-packages/airflow/example_dags/example_task_group.py
[2024-12-01T22:47:08.715+0000] {processor.py:914} INFO - Processing file /home/airflow/.local/lib/python3.12/site-packages/airflow/example_dags/example_task_group.py for tasks to queue
[2024-12-01T22:47:08.716+0000] {logging_mixin.py:190} INFO - [2024-12-01T22:47:08.716+0000] {dagbag.py:588} INFO - Filling up the DagBag from /home/airflow/.local/lib/python3.12/site-packages/airflow/example_dags/example_task_group.py
[2024-12-01T22:47:08.719+0000] {processor.py:925} INFO - DAG(s) 'example_task_group' retrieved from /home/airflow/.local/lib/python3.12/site-packages/airflow/example_dags/example_task_group.py
[2024-12-01T22:47:08.729+0000] {logging_mixin.py:190} INFO - [2024-12-01T22:47:08.729+0000] {dag.py:3239} INFO - Sync 1 DAGs
[2024-12-01T22:47:08.734+0000] {logging_mixin.py:190} INFO - [2024-12-01T22:47:08.734+0000] {dag.py:4180} INFO - Setting next_dagrun for example_task_group to None, run_after=None
[2024-12-01T22:47:08.744+0000] {processor.py:208} INFO - Processing /home/airflow/.local/lib/python3.12/site-packages/airflow/example_dags/example_task_group.py took 0.033 seconds
[2024-12-01T22:47:39.983+0000] {processor.py:186} INFO - Started process (PID=591) to work on /home/airflow/.local/lib/python3.12/site-packages/airflow/example_dags/example_task_group.py
[2024-12-01T22:47:39.984+0000] {processor.py:914} INFO - Processing file /home/airflow/.local/lib/python3.12/site-packages/airflow/example_dags/example_task_group.py for tasks to queue
[2024-12-01T22:47:39.985+0000] {logging_mixin.py:190} INFO - [2024-12-01T22:47:39.985+0000] {dagbag.py:588} INFO - Filling up the DagBag from /home/airflow/.local/lib/python3.12/site-packages/airflow/example_dags/example_task_group.py
[2024-12-01T22:47:39.989+0000] {processor.py:925} INFO - DAG(s) 'example_task_group' retrieved from /home/airflow/.local/lib/python3.12/site-packages/airflow/example_dags/example_task_group.py
[2024-12-01T22:47:39.997+0000] {logging_mixin.py:190} INFO - [2024-12-01T22:47:39.997+0000] {dag.py:3239} INFO - Sync 1 DAGs
[2024-12-01T22:47:40.002+0000] {logging_mixin.py:190} INFO - [2024-12-01T22:47:40.002+0000] {dag.py:4180} INFO - Setting next_dagrun for example_task_group to None, run_after=None
[2024-12-01T22:47:40.009+0000] {processor.py:208} INFO - Processing /home/airflow/.local/lib/python3.12/site-packages/airflow/example_dags/example_task_group.py took 0.029 seconds
[2024-12-01T22:48:11.133+0000] {processor.py:186} INFO - Started process (PID=655) to work on /home/airflow/.local/lib/python3.12/site-packages/airflow/example_dags/example_task_group.py
[2024-12-01T22:48:11.135+0000] {processor.py:914} INFO - Processing file /home/airflow/.local/lib/python3.12/site-packages/airflow/example_dags/example_task_group.py for tasks to queue
[2024-12-01T22:48:11.136+0000] {logging_mixin.py:190} INFO - [2024-12-01T22:48:11.136+0000] {dagbag.py:588} INFO - Filling up the DagBag from /home/airflow/.local/lib/python3.12/site-packages/airflow/example_dags/example_task_group.py
[2024-12-01T22:48:11.155+0000] {processor.py:925} INFO - DAG(s) 'example_task_group' retrieved from /home/airflow/.local/lib/python3.12/site-packages/airflow/example_dags/example_task_group.py
[2024-12-01T22:48:11.169+0000] {logging_mixin.py:190} INFO - [2024-12-01T22:48:11.169+0000] {dag.py:3239} INFO - Sync 1 DAGs
[2024-12-01T22:48:11.175+0000] {logging_mixin.py:190} INFO - [2024-12-01T22:48:11.174+0000] {dag.py:4180} INFO - Setting next_dagrun for example_task_group to None, run_after=None
[2024-12-01T22:48:11.181+0000] {processor.py:208} INFO - Processing /home/airflow/.local/lib/python3.12/site-packages/airflow/example_dags/example_task_group.py took 0.051 seconds
[2024-12-01T22:48:42.402+0000] {processor.py:186} INFO - Started process (PID=719) to work on /home/airflow/.local/lib/python3.12/site-packages/airflow/example_dags/example_task_group.py
[2024-12-01T22:48:42.404+0000] {processor.py:914} INFO - Processing file /home/airflow/.local/lib/python3.12/site-packages/airflow/example_dags/example_task_group.py for tasks to queue
[2024-12-01T22:48:42.405+0000] {logging_mixin.py:190} INFO - [2024-12-01T22:48:42.405+0000] {dagbag.py:588} INFO - Filling up the DagBag from /home/airflow/.local/lib/python3.12/site-packages/airflow/example_dags/example_task_group.py
[2024-12-01T22:48:42.409+0000] {processor.py:925} INFO - DAG(s) 'example_task_group' retrieved from /home/airflow/.local/lib/python3.12/site-packages/airflow/example_dags/example_task_group.py
[2024-12-01T22:48:42.416+0000] {logging_mixin.py:190} INFO - [2024-12-01T22:48:42.416+0000] {dag.py:3239} INFO - Sync 1 DAGs
[2024-12-01T22:48:42.422+0000] {logging_mixin.py:190} INFO - [2024-12-01T22:48:42.421+0000] {dag.py:4180} INFO - Setting next_dagrun for example_task_group to None, run_after=None
[2024-12-01T22:48:42.430+0000] {processor.py:208} INFO - Processing /home/airflow/.local/lib/python3.12/site-packages/airflow/example_dags/example_task_group.py took 0.032 seconds
[2024-12-01T22:49:13.495+0000] {processor.py:186} INFO - Started process (PID=783) to work on /home/airflow/.local/lib/python3.12/site-packages/airflow/example_dags/example_task_group.py
[2024-12-01T22:49:13.496+0000] {processor.py:914} INFO - Processing file /home/airflow/.local/lib/python3.12/site-packages/airflow/example_dags/example_task_group.py for tasks to queue
[2024-12-01T22:49:13.496+0000] {logging_mixin.py:190} INFO - [2024-12-01T22:49:13.496+0000] {dagbag.py:588} INFO - Filling up the DagBag from /home/airflow/.local/lib/python3.12/site-packages/airflow/example_dags/example_task_group.py
[2024-12-01T22:49:13.500+0000] {processor.py:925} INFO - DAG(s) 'example_task_group' retrieved from /home/airflow/.local/lib/python3.12/site-packages/airflow/example_dags/example_task_group.py
[2024-12-01T22:49:13.509+0000] {logging_mixin.py:190} INFO - [2024-12-01T22:49:13.508+0000] {dag.py:3239} INFO - Sync 1 DAGs
[2024-12-01T22:49:13.514+0000] {logging_mixin.py:190} INFO - [2024-12-01T22:49:13.514+0000] {dag.py:4180} INFO - Setting next_dagrun for example_task_group to None, run_after=None
[2024-12-01T22:49:13.521+0000] {processor.py:208} INFO - Processing /home/airflow/.local/lib/python3.12/site-packages/airflow/example_dags/example_task_group.py took 0.028 seconds
