[2024-12-01T22:43:30.768+0000] {processor.py:186} INFO - Started process (PID=59) to work on /home/airflow/.local/lib/python3.12/site-packages/airflow/example_dags/example_branch_python_dop_operator_3.py
[2024-12-01T22:43:30.768+0000] {processor.py:914} INFO - Processing file /home/airflow/.local/lib/python3.12/site-packages/airflow/example_dags/example_branch_python_dop_operator_3.py for tasks to queue
[2024-12-01T22:43:30.769+0000] {logging_mixin.py:190} INFO - [2024-12-01T22:43:30.769+0000] {dagbag.py:588} INFO - Filling up the DagBag from /home/airflow/.local/lib/python3.12/site-packages/airflow/example_dags/example_branch_python_dop_operator_3.py
[2024-12-01T22:43:30.774+0000] {processor.py:925} INFO - DAG(s) 'example_branch_dop_operator_v3' retrieved from /home/airflow/.local/lib/python3.12/site-packages/airflow/example_dags/example_branch_python_dop_operator_3.py
[2024-12-01T22:43:30.787+0000] {logging_mixin.py:190} INFO - [2024-12-01T22:43:30.786+0000] {dag.py:3239} INFO - Sync 1 DAGs
[2024-12-01T22:43:30.798+0000] {logging_mixin.py:190} INFO - [2024-12-01T22:43:30.798+0000] {dag.py:4180} INFO - Setting next_dagrun for example_branch_dop_operator_v3 to 2024-12-01 22:42:00+00:00, run_after=2024-12-01 22:43:00+00:00
[2024-12-01T22:43:30.807+0000] {processor.py:208} INFO - Processing /home/airflow/.local/lib/python3.12/site-packages/airflow/example_dags/example_branch_python_dop_operator_3.py took 0.042 seconds
[2024-12-01T22:44:01.197+0000] {processor.py:186} INFO - Started process (PID=123) to work on /home/airflow/.local/lib/python3.12/site-packages/airflow/example_dags/example_branch_python_dop_operator_3.py
[2024-12-01T22:44:01.198+0000] {processor.py:914} INFO - Processing file /home/airflow/.local/lib/python3.12/site-packages/airflow/example_dags/example_branch_python_dop_operator_3.py for tasks to queue
[2024-12-01T22:44:01.198+0000] {logging_mixin.py:190} INFO - [2024-12-01T22:44:01.198+0000] {dagbag.py:588} INFO - Filling up the DagBag from /home/airflow/.local/lib/python3.12/site-packages/airflow/example_dags/example_branch_python_dop_operator_3.py
[2024-12-01T22:44:01.202+0000] {processor.py:925} INFO - DAG(s) 'example_branch_dop_operator_v3' retrieved from /home/airflow/.local/lib/python3.12/site-packages/airflow/example_dags/example_branch_python_dop_operator_3.py
[2024-12-01T22:44:01.210+0000] {logging_mixin.py:190} INFO - [2024-12-01T22:44:01.210+0000] {dag.py:3239} INFO - Sync 1 DAGs
[2024-12-01T22:44:01.218+0000] {logging_mixin.py:190} INFO - [2024-12-01T22:44:01.218+0000] {dag.py:4180} INFO - Setting next_dagrun for example_branch_dop_operator_v3 to 2024-12-01 22:43:00+00:00, run_after=2024-12-01 22:44:00+00:00
[2024-12-01T22:44:01.224+0000] {processor.py:208} INFO - Processing /home/airflow/.local/lib/python3.12/site-packages/airflow/example_dags/example_branch_python_dop_operator_3.py took 0.029 seconds
[2024-12-01T22:44:32.512+0000] {processor.py:186} INFO - Started process (PID=187) to work on /home/airflow/.local/lib/python3.12/site-packages/airflow/example_dags/example_branch_python_dop_operator_3.py
[2024-12-01T22:44:32.512+0000] {processor.py:914} INFO - Processing file /home/airflow/.local/lib/python3.12/site-packages/airflow/example_dags/example_branch_python_dop_operator_3.py for tasks to queue
[2024-12-01T22:44:32.513+0000] {logging_mixin.py:190} INFO - [2024-12-01T22:44:32.513+0000] {dagbag.py:588} INFO - Filling up the DagBag from /home/airflow/.local/lib/python3.12/site-packages/airflow/example_dags/example_branch_python_dop_operator_3.py
[2024-12-01T22:44:32.518+0000] {processor.py:925} INFO - DAG(s) 'example_branch_dop_operator_v3' retrieved from /home/airflow/.local/lib/python3.12/site-packages/airflow/example_dags/example_branch_python_dop_operator_3.py
[2024-12-01T22:44:32.526+0000] {logging_mixin.py:190} INFO - [2024-12-01T22:44:32.526+0000] {dag.py:3239} INFO - Sync 1 DAGs
[2024-12-01T22:44:32.535+0000] {logging_mixin.py:190} INFO - [2024-12-01T22:44:32.535+0000] {dag.py:4180} INFO - Setting next_dagrun for example_branch_dop_operator_v3 to 2024-12-01 22:43:00+00:00, run_after=2024-12-01 22:44:00+00:00
[2024-12-01T22:44:32.541+0000] {processor.py:208} INFO - Processing /home/airflow/.local/lib/python3.12/site-packages/airflow/example_dags/example_branch_python_dop_operator_3.py took 0.031 seconds
[2024-12-01T22:45:03.644+0000] {processor.py:186} INFO - Started process (PID=251) to work on /home/airflow/.local/lib/python3.12/site-packages/airflow/example_dags/example_branch_python_dop_operator_3.py
[2024-12-01T22:45:03.644+0000] {processor.py:914} INFO - Processing file /home/airflow/.local/lib/python3.12/site-packages/airflow/example_dags/example_branch_python_dop_operator_3.py for tasks to queue
[2024-12-01T22:45:03.645+0000] {logging_mixin.py:190} INFO - [2024-12-01T22:45:03.645+0000] {dagbag.py:588} INFO - Filling up the DagBag from /home/airflow/.local/lib/python3.12/site-packages/airflow/example_dags/example_branch_python_dop_operator_3.py
[2024-12-01T22:45:03.650+0000] {processor.py:925} INFO - DAG(s) 'example_branch_dop_operator_v3' retrieved from /home/airflow/.local/lib/python3.12/site-packages/airflow/example_dags/example_branch_python_dop_operator_3.py
[2024-12-01T22:45:03.657+0000] {logging_mixin.py:190} INFO - [2024-12-01T22:45:03.657+0000] {dag.py:3239} INFO - Sync 1 DAGs
[2024-12-01T22:45:03.666+0000] {logging_mixin.py:190} INFO - [2024-12-01T22:45:03.666+0000] {dag.py:4180} INFO - Setting next_dagrun for example_branch_dop_operator_v3 to 2024-12-01 22:44:00+00:00, run_after=2024-12-01 22:45:00+00:00
[2024-12-01T22:45:03.672+0000] {processor.py:208} INFO - Processing /home/airflow/.local/lib/python3.12/site-packages/airflow/example_dags/example_branch_python_dop_operator_3.py took 0.030 seconds
[2024-12-01T22:45:34.836+0000] {processor.py:186} INFO - Started process (PID=321) to work on /home/airflow/.local/lib/python3.12/site-packages/airflow/example_dags/example_branch_python_dop_operator_3.py
[2024-12-01T22:45:34.836+0000] {processor.py:914} INFO - Processing file /home/airflow/.local/lib/python3.12/site-packages/airflow/example_dags/example_branch_python_dop_operator_3.py for tasks to queue
[2024-12-01T22:45:34.837+0000] {logging_mixin.py:190} INFO - [2024-12-01T22:45:34.837+0000] {dagbag.py:588} INFO - Filling up the DagBag from /home/airflow/.local/lib/python3.12/site-packages/airflow/example_dags/example_branch_python_dop_operator_3.py
[2024-12-01T22:45:34.842+0000] {processor.py:925} INFO - DAG(s) 'example_branch_dop_operator_v3' retrieved from /home/airflow/.local/lib/python3.12/site-packages/airflow/example_dags/example_branch_python_dop_operator_3.py
[2024-12-01T22:45:34.850+0000] {logging_mixin.py:190} INFO - [2024-12-01T22:45:34.850+0000] {dag.py:3239} INFO - Sync 1 DAGs
[2024-12-01T22:45:34.859+0000] {logging_mixin.py:190} INFO - [2024-12-01T22:45:34.859+0000] {dag.py:4180} INFO - Setting next_dagrun for example_branch_dop_operator_v3 to 2024-12-01 22:44:00+00:00, run_after=2024-12-01 22:45:00+00:00
[2024-12-01T22:45:34.864+0000] {processor.py:208} INFO - Processing /home/airflow/.local/lib/python3.12/site-packages/airflow/example_dags/example_branch_python_dop_operator_3.py took 0.031 seconds
[2024-12-01T22:46:05.977+0000] {processor.py:186} INFO - Started process (PID=385) to work on /home/airflow/.local/lib/python3.12/site-packages/airflow/example_dags/example_branch_python_dop_operator_3.py
[2024-12-01T22:46:05.978+0000] {processor.py:914} INFO - Processing file /home/airflow/.local/lib/python3.12/site-packages/airflow/example_dags/example_branch_python_dop_operator_3.py for tasks to queue
[2024-12-01T22:46:05.979+0000] {logging_mixin.py:190} INFO - [2024-12-01T22:46:05.979+0000] {dagbag.py:588} INFO - Filling up the DagBag from /home/airflow/.local/lib/python3.12/site-packages/airflow/example_dags/example_branch_python_dop_operator_3.py
[2024-12-01T22:46:05.983+0000] {processor.py:925} INFO - DAG(s) 'example_branch_dop_operator_v3' retrieved from /home/airflow/.local/lib/python3.12/site-packages/airflow/example_dags/example_branch_python_dop_operator_3.py
[2024-12-01T22:46:05.991+0000] {logging_mixin.py:190} INFO - [2024-12-01T22:46:05.991+0000] {dag.py:3239} INFO - Sync 1 DAGs
[2024-12-01T22:46:06.000+0000] {logging_mixin.py:190} INFO - [2024-12-01T22:46:06.000+0000] {dag.py:4180} INFO - Setting next_dagrun for example_branch_dop_operator_v3 to 2024-12-01 22:45:00+00:00, run_after=2024-12-01 22:46:00+00:00
[2024-12-01T22:46:06.006+0000] {processor.py:208} INFO - Processing /home/airflow/.local/lib/python3.12/site-packages/airflow/example_dags/example_branch_python_dop_operator_3.py took 0.031 seconds
[2024-12-01T22:46:37.299+0000] {processor.py:186} INFO - Started process (PID=449) to work on /home/airflow/.local/lib/python3.12/site-packages/airflow/example_dags/example_branch_python_dop_operator_3.py
[2024-12-01T22:46:37.300+0000] {processor.py:914} INFO - Processing file /home/airflow/.local/lib/python3.12/site-packages/airflow/example_dags/example_branch_python_dop_operator_3.py for tasks to queue
[2024-12-01T22:46:37.300+0000] {logging_mixin.py:190} INFO - [2024-12-01T22:46:37.300+0000] {dagbag.py:588} INFO - Filling up the DagBag from /home/airflow/.local/lib/python3.12/site-packages/airflow/example_dags/example_branch_python_dop_operator_3.py
[2024-12-01T22:46:37.305+0000] {processor.py:925} INFO - DAG(s) 'example_branch_dop_operator_v3' retrieved from /home/airflow/.local/lib/python3.12/site-packages/airflow/example_dags/example_branch_python_dop_operator_3.py
[2024-12-01T22:46:37.312+0000] {logging_mixin.py:190} INFO - [2024-12-01T22:46:37.312+0000] {dag.py:3239} INFO - Sync 1 DAGs
[2024-12-01T22:46:37.321+0000] {logging_mixin.py:190} INFO - [2024-12-01T22:46:37.321+0000] {dag.py:4180} INFO - Setting next_dagrun for example_branch_dop_operator_v3 to 2024-12-01 22:45:00+00:00, run_after=2024-12-01 22:46:00+00:00
[2024-12-01T22:46:37.331+0000] {processor.py:208} INFO - Processing /home/airflow/.local/lib/python3.12/site-packages/airflow/example_dags/example_branch_python_dop_operator_3.py took 0.035 seconds
[2024-12-01T22:47:08.405+0000] {processor.py:186} INFO - Started process (PID=513) to work on /home/airflow/.local/lib/python3.12/site-packages/airflow/example_dags/example_branch_python_dop_operator_3.py
[2024-12-01T22:47:08.406+0000] {processor.py:914} INFO - Processing file /home/airflow/.local/lib/python3.12/site-packages/airflow/example_dags/example_branch_python_dop_operator_3.py for tasks to queue
[2024-12-01T22:47:08.407+0000] {logging_mixin.py:190} INFO - [2024-12-01T22:47:08.407+0000] {dagbag.py:588} INFO - Filling up the DagBag from /home/airflow/.local/lib/python3.12/site-packages/airflow/example_dags/example_branch_python_dop_operator_3.py
[2024-12-01T22:47:08.411+0000] {processor.py:925} INFO - DAG(s) 'example_branch_dop_operator_v3' retrieved from /home/airflow/.local/lib/python3.12/site-packages/airflow/example_dags/example_branch_python_dop_operator_3.py
[2024-12-01T22:47:08.418+0000] {logging_mixin.py:190} INFO - [2024-12-01T22:47:08.418+0000] {dag.py:3239} INFO - Sync 1 DAGs
[2024-12-01T22:47:08.427+0000] {logging_mixin.py:190} INFO - [2024-12-01T22:47:08.427+0000] {dag.py:4180} INFO - Setting next_dagrun for example_branch_dop_operator_v3 to 2024-12-01 22:46:00+00:00, run_after=2024-12-01 22:47:00+00:00
[2024-12-01T22:47:08.433+0000] {processor.py:208} INFO - Processing /home/airflow/.local/lib/python3.12/site-packages/airflow/example_dags/example_branch_python_dop_operator_3.py took 0.030 seconds
[2024-12-01T22:47:39.648+0000] {processor.py:186} INFO - Started process (PID=577) to work on /home/airflow/.local/lib/python3.12/site-packages/airflow/example_dags/example_branch_python_dop_operator_3.py
[2024-12-01T22:47:39.648+0000] {processor.py:914} INFO - Processing file /home/airflow/.local/lib/python3.12/site-packages/airflow/example_dags/example_branch_python_dop_operator_3.py for tasks to queue
[2024-12-01T22:47:39.649+0000] {logging_mixin.py:190} INFO - [2024-12-01T22:47:39.649+0000] {dagbag.py:588} INFO - Filling up the DagBag from /home/airflow/.local/lib/python3.12/site-packages/airflow/example_dags/example_branch_python_dop_operator_3.py
[2024-12-01T22:47:39.653+0000] {processor.py:925} INFO - DAG(s) 'example_branch_dop_operator_v3' retrieved from /home/airflow/.local/lib/python3.12/site-packages/airflow/example_dags/example_branch_python_dop_operator_3.py
[2024-12-01T22:47:39.660+0000] {logging_mixin.py:190} INFO - [2024-12-01T22:47:39.660+0000] {dag.py:3239} INFO - Sync 1 DAGs
[2024-12-01T22:47:39.668+0000] {logging_mixin.py:190} INFO - [2024-12-01T22:47:39.668+0000] {dag.py:4180} INFO - Setting next_dagrun for example_branch_dop_operator_v3 to 2024-12-01 22:46:00+00:00, run_after=2024-12-01 22:47:00+00:00
[2024-12-01T22:47:39.677+0000] {processor.py:208} INFO - Processing /home/airflow/.local/lib/python3.12/site-packages/airflow/example_dags/example_branch_python_dop_operator_3.py took 0.031 seconds
[2024-12-01T22:48:10.773+0000] {processor.py:186} INFO - Started process (PID=641) to work on /home/airflow/.local/lib/python3.12/site-packages/airflow/example_dags/example_branch_python_dop_operator_3.py
[2024-12-01T22:48:10.774+0000] {processor.py:914} INFO - Processing file /home/airflow/.local/lib/python3.12/site-packages/airflow/example_dags/example_branch_python_dop_operator_3.py for tasks to queue
[2024-12-01T22:48:10.775+0000] {logging_mixin.py:190} INFO - [2024-12-01T22:48:10.775+0000] {dagbag.py:588} INFO - Filling up the DagBag from /home/airflow/.local/lib/python3.12/site-packages/airflow/example_dags/example_branch_python_dop_operator_3.py
[2024-12-01T22:48:10.779+0000] {processor.py:925} INFO - DAG(s) 'example_branch_dop_operator_v3' retrieved from /home/airflow/.local/lib/python3.12/site-packages/airflow/example_dags/example_branch_python_dop_operator_3.py
[2024-12-01T22:48:10.786+0000] {logging_mixin.py:190} INFO - [2024-12-01T22:48:10.786+0000] {dag.py:3239} INFO - Sync 1 DAGs
[2024-12-01T22:48:10.794+0000] {logging_mixin.py:190} INFO - [2024-12-01T22:48:10.794+0000] {dag.py:4180} INFO - Setting next_dagrun for example_branch_dop_operator_v3 to 2024-12-01 22:47:00+00:00, run_after=2024-12-01 22:48:00+00:00
[2024-12-01T22:48:10.801+0000] {processor.py:208} INFO - Processing /home/airflow/.local/lib/python3.12/site-packages/airflow/example_dags/example_branch_python_dop_operator_3.py took 0.030 seconds
[2024-12-01T22:48:42.015+0000] {processor.py:186} INFO - Started process (PID=705) to work on /home/airflow/.local/lib/python3.12/site-packages/airflow/example_dags/example_branch_python_dop_operator_3.py
[2024-12-01T22:48:42.016+0000] {processor.py:914} INFO - Processing file /home/airflow/.local/lib/python3.12/site-packages/airflow/example_dags/example_branch_python_dop_operator_3.py for tasks to queue
[2024-12-01T22:48:42.017+0000] {logging_mixin.py:190} INFO - [2024-12-01T22:48:42.016+0000] {dagbag.py:588} INFO - Filling up the DagBag from /home/airflow/.local/lib/python3.12/site-packages/airflow/example_dags/example_branch_python_dop_operator_3.py
[2024-12-01T22:48:42.021+0000] {processor.py:925} INFO - DAG(s) 'example_branch_dop_operator_v3' retrieved from /home/airflow/.local/lib/python3.12/site-packages/airflow/example_dags/example_branch_python_dop_operator_3.py
[2024-12-01T22:48:42.028+0000] {logging_mixin.py:190} INFO - [2024-12-01T22:48:42.028+0000] {dag.py:3239} INFO - Sync 1 DAGs
[2024-12-01T22:48:42.036+0000] {logging_mixin.py:190} INFO - [2024-12-01T22:48:42.036+0000] {dag.py:4180} INFO - Setting next_dagrun for example_branch_dop_operator_v3 to 2024-12-01 22:47:00+00:00, run_after=2024-12-01 22:48:00+00:00
[2024-12-01T22:48:42.041+0000] {processor.py:208} INFO - Processing /home/airflow/.local/lib/python3.12/site-packages/airflow/example_dags/example_branch_python_dop_operator_3.py took 0.028 seconds
[2024-12-01T22:49:13.167+0000] {processor.py:186} INFO - Started process (PID=769) to work on /home/airflow/.local/lib/python3.12/site-packages/airflow/example_dags/example_branch_python_dop_operator_3.py
[2024-12-01T22:49:13.167+0000] {processor.py:914} INFO - Processing file /home/airflow/.local/lib/python3.12/site-packages/airflow/example_dags/example_branch_python_dop_operator_3.py for tasks to queue
[2024-12-01T22:49:13.168+0000] {logging_mixin.py:190} INFO - [2024-12-01T22:49:13.168+0000] {dagbag.py:588} INFO - Filling up the DagBag from /home/airflow/.local/lib/python3.12/site-packages/airflow/example_dags/example_branch_python_dop_operator_3.py
[2024-12-01T22:49:13.173+0000] {processor.py:925} INFO - DAG(s) 'example_branch_dop_operator_v3' retrieved from /home/airflow/.local/lib/python3.12/site-packages/airflow/example_dags/example_branch_python_dop_operator_3.py
[2024-12-01T22:49:13.181+0000] {logging_mixin.py:190} INFO - [2024-12-01T22:49:13.180+0000] {dag.py:3239} INFO - Sync 1 DAGs
[2024-12-01T22:49:13.190+0000] {logging_mixin.py:190} INFO - [2024-12-01T22:49:13.189+0000] {dag.py:4180} INFO - Setting next_dagrun for example_branch_dop_operator_v3 to 2024-12-01 22:48:00+00:00, run_after=2024-12-01 22:49:00+00:00
[2024-12-01T22:49:13.195+0000] {processor.py:208} INFO - Processing /home/airflow/.local/lib/python3.12/site-packages/airflow/example_dags/example_branch_python_dop_operator_3.py took 0.031 seconds
