[2024-12-01T22:43:30.834+0000] {processor.py:186} INFO - Started process (PID=61) to work on /home/airflow/.local/lib/python3.12/site-packages/airflow/example_dags/example_skip_dag.py
[2024-12-01T22:43:30.835+0000] {processor.py:914} INFO - Processing file /home/airflow/.local/lib/python3.12/site-packages/airflow/example_dags/example_skip_dag.py for tasks to queue
[2024-12-01T22:43:30.836+0000] {logging_mixin.py:190} INFO - [2024-12-01T22:43:30.836+0000] {dagbag.py:588} INFO - Filling up the DagBag from /home/airflow/.local/lib/python3.12/site-packages/airflow/example_dags/example_skip_dag.py
[2024-12-01T22:43:30.840+0000] {processor.py:925} INFO - DAG(s) 'example_skip_dag' retrieved from /home/airflow/.local/lib/python3.12/site-packages/airflow/example_dags/example_skip_dag.py
[2024-12-01T22:43:30.853+0000] {logging_mixin.py:190} INFO - [2024-12-01T22:43:30.852+0000] {dag.py:3239} INFO - Sync 1 DAGs
[2024-12-01T22:43:30.862+0000] {logging_mixin.py:190} INFO - [2024-12-01T22:43:30.862+0000] {dag.py:4180} INFO - Setting next_dagrun for example_skip_dag to 2024-11-30 00:00:00+00:00, run_after=2024-12-01 00:00:00+00:00
[2024-12-01T22:43:30.869+0000] {processor.py:208} INFO - Processing /home/airflow/.local/lib/python3.12/site-packages/airflow/example_dags/example_skip_dag.py took 0.038 seconds
[2024-12-01T22:44:01.266+0000] {processor.py:186} INFO - Started process (PID=125) to work on /home/airflow/.local/lib/python3.12/site-packages/airflow/example_dags/example_skip_dag.py
[2024-12-01T22:44:01.266+0000] {processor.py:914} INFO - Processing file /home/airflow/.local/lib/python3.12/site-packages/airflow/example_dags/example_skip_dag.py for tasks to queue
[2024-12-01T22:44:01.267+0000] {logging_mixin.py:190} INFO - [2024-12-01T22:44:01.267+0000] {dagbag.py:588} INFO - Filling up the DagBag from /home/airflow/.local/lib/python3.12/site-packages/airflow/example_dags/example_skip_dag.py
[2024-12-01T22:44:01.270+0000] {processor.py:925} INFO - DAG(s) 'example_skip_dag' retrieved from /home/airflow/.local/lib/python3.12/site-packages/airflow/example_dags/example_skip_dag.py
[2024-12-01T22:44:01.278+0000] {logging_mixin.py:190} INFO - [2024-12-01T22:44:01.278+0000] {dag.py:3239} INFO - Sync 1 DAGs
[2024-12-01T22:44:01.286+0000] {logging_mixin.py:190} INFO - [2024-12-01T22:44:01.285+0000] {dag.py:4180} INFO - Setting next_dagrun for example_skip_dag to 2024-11-30 00:00:00+00:00, run_after=2024-12-01 00:00:00+00:00
[2024-12-01T22:44:01.292+0000] {processor.py:208} INFO - Processing /home/airflow/.local/lib/python3.12/site-packages/airflow/example_dags/example_skip_dag.py took 0.028 seconds
[2024-12-01T22:44:32.583+0000] {processor.py:186} INFO - Started process (PID=189) to work on /home/airflow/.local/lib/python3.12/site-packages/airflow/example_dags/example_skip_dag.py
[2024-12-01T22:44:32.583+0000] {processor.py:914} INFO - Processing file /home/airflow/.local/lib/python3.12/site-packages/airflow/example_dags/example_skip_dag.py for tasks to queue
[2024-12-01T22:44:32.584+0000] {logging_mixin.py:190} INFO - [2024-12-01T22:44:32.584+0000] {dagbag.py:588} INFO - Filling up the DagBag from /home/airflow/.local/lib/python3.12/site-packages/airflow/example_dags/example_skip_dag.py
[2024-12-01T22:44:32.587+0000] {processor.py:925} INFO - DAG(s) 'example_skip_dag' retrieved from /home/airflow/.local/lib/python3.12/site-packages/airflow/example_dags/example_skip_dag.py
[2024-12-01T22:44:32.595+0000] {logging_mixin.py:190} INFO - [2024-12-01T22:44:32.595+0000] {dag.py:3239} INFO - Sync 1 DAGs
[2024-12-01T22:44:32.604+0000] {logging_mixin.py:190} INFO - [2024-12-01T22:44:32.604+0000] {dag.py:4180} INFO - Setting next_dagrun for example_skip_dag to 2024-11-30 00:00:00+00:00, run_after=2024-12-01 00:00:00+00:00
[2024-12-01T22:44:32.612+0000] {processor.py:208} INFO - Processing /home/airflow/.local/lib/python3.12/site-packages/airflow/example_dags/example_skip_dag.py took 0.031 seconds
[2024-12-01T22:45:03.717+0000] {processor.py:186} INFO - Started process (PID=253) to work on /home/airflow/.local/lib/python3.12/site-packages/airflow/example_dags/example_skip_dag.py
[2024-12-01T22:45:03.719+0000] {processor.py:914} INFO - Processing file /home/airflow/.local/lib/python3.12/site-packages/airflow/example_dags/example_skip_dag.py for tasks to queue
[2024-12-01T22:45:03.720+0000] {logging_mixin.py:190} INFO - [2024-12-01T22:45:03.720+0000] {dagbag.py:588} INFO - Filling up the DagBag from /home/airflow/.local/lib/python3.12/site-packages/airflow/example_dags/example_skip_dag.py
[2024-12-01T22:45:03.725+0000] {processor.py:925} INFO - DAG(s) 'example_skip_dag' retrieved from /home/airflow/.local/lib/python3.12/site-packages/airflow/example_dags/example_skip_dag.py
[2024-12-01T22:45:03.735+0000] {logging_mixin.py:190} INFO - [2024-12-01T22:45:03.735+0000] {dag.py:3239} INFO - Sync 1 DAGs
[2024-12-01T22:45:03.745+0000] {logging_mixin.py:190} INFO - [2024-12-01T22:45:03.745+0000] {dag.py:4180} INFO - Setting next_dagrun for example_skip_dag to 2024-11-30 00:00:00+00:00, run_after=2024-12-01 00:00:00+00:00
[2024-12-01T22:45:03.751+0000] {processor.py:208} INFO - Processing /home/airflow/.local/lib/python3.12/site-packages/airflow/example_dags/example_skip_dag.py took 0.036 seconds
[2024-12-01T22:45:34.912+0000] {processor.py:186} INFO - Started process (PID=323) to work on /home/airflow/.local/lib/python3.12/site-packages/airflow/example_dags/example_skip_dag.py
[2024-12-01T22:45:34.913+0000] {processor.py:914} INFO - Processing file /home/airflow/.local/lib/python3.12/site-packages/airflow/example_dags/example_skip_dag.py for tasks to queue
[2024-12-01T22:45:34.914+0000] {logging_mixin.py:190} INFO - [2024-12-01T22:45:34.914+0000] {dagbag.py:588} INFO - Filling up the DagBag from /home/airflow/.local/lib/python3.12/site-packages/airflow/example_dags/example_skip_dag.py
[2024-12-01T22:45:34.917+0000] {processor.py:925} INFO - DAG(s) 'example_skip_dag' retrieved from /home/airflow/.local/lib/python3.12/site-packages/airflow/example_dags/example_skip_dag.py
[2024-12-01T22:45:34.927+0000] {logging_mixin.py:190} INFO - [2024-12-01T22:45:34.925+0000] {dag.py:3239} INFO - Sync 1 DAGs
[2024-12-01T22:45:34.937+0000] {logging_mixin.py:190} INFO - [2024-12-01T22:45:34.937+0000] {dag.py:4180} INFO - Setting next_dagrun for example_skip_dag to 2024-11-30 00:00:00+00:00, run_after=2024-12-01 00:00:00+00:00
[2024-12-01T22:45:34.946+0000] {processor.py:208} INFO - Processing /home/airflow/.local/lib/python3.12/site-packages/airflow/example_dags/example_skip_dag.py took 0.035 seconds
[2024-12-01T22:46:06.087+0000] {processor.py:186} INFO - Started process (PID=387) to work on /home/airflow/.local/lib/python3.12/site-packages/airflow/example_dags/example_skip_dag.py
[2024-12-01T22:46:06.087+0000] {processor.py:914} INFO - Processing file /home/airflow/.local/lib/python3.12/site-packages/airflow/example_dags/example_skip_dag.py for tasks to queue
[2024-12-01T22:46:06.088+0000] {logging_mixin.py:190} INFO - [2024-12-01T22:46:06.088+0000] {dagbag.py:588} INFO - Filling up the DagBag from /home/airflow/.local/lib/python3.12/site-packages/airflow/example_dags/example_skip_dag.py
[2024-12-01T22:46:06.091+0000] {processor.py:925} INFO - DAG(s) 'example_skip_dag' retrieved from /home/airflow/.local/lib/python3.12/site-packages/airflow/example_dags/example_skip_dag.py
[2024-12-01T22:46:06.099+0000] {logging_mixin.py:190} INFO - [2024-12-01T22:46:06.099+0000] {dag.py:3239} INFO - Sync 1 DAGs
[2024-12-01T22:46:06.108+0000] {logging_mixin.py:190} INFO - [2024-12-01T22:46:06.108+0000] {dag.py:4180} INFO - Setting next_dagrun for example_skip_dag to 2024-11-30 00:00:00+00:00, run_after=2024-12-01 00:00:00+00:00
[2024-12-01T22:46:06.117+0000] {processor.py:208} INFO - Processing /home/airflow/.local/lib/python3.12/site-packages/airflow/example_dags/example_skip_dag.py took 0.032 seconds
[2024-12-01T22:46:37.406+0000] {processor.py:186} INFO - Started process (PID=451) to work on /home/airflow/.local/lib/python3.12/site-packages/airflow/example_dags/example_skip_dag.py
[2024-12-01T22:46:37.407+0000] {processor.py:914} INFO - Processing file /home/airflow/.local/lib/python3.12/site-packages/airflow/example_dags/example_skip_dag.py for tasks to queue
[2024-12-01T22:46:37.408+0000] {logging_mixin.py:190} INFO - [2024-12-01T22:46:37.408+0000] {dagbag.py:588} INFO - Filling up the DagBag from /home/airflow/.local/lib/python3.12/site-packages/airflow/example_dags/example_skip_dag.py
[2024-12-01T22:46:37.411+0000] {processor.py:925} INFO - DAG(s) 'example_skip_dag' retrieved from /home/airflow/.local/lib/python3.12/site-packages/airflow/example_dags/example_skip_dag.py
[2024-12-01T22:46:37.421+0000] {logging_mixin.py:190} INFO - [2024-12-01T22:46:37.421+0000] {dag.py:3239} INFO - Sync 1 DAGs
[2024-12-01T22:46:37.429+0000] {logging_mixin.py:190} INFO - [2024-12-01T22:46:37.429+0000] {dag.py:4180} INFO - Setting next_dagrun for example_skip_dag to 2024-11-30 00:00:00+00:00, run_after=2024-12-01 00:00:00+00:00
[2024-12-01T22:46:37.437+0000] {processor.py:208} INFO - Processing /home/airflow/.local/lib/python3.12/site-packages/airflow/example_dags/example_skip_dag.py took 0.033 seconds
[2024-12-01T22:47:08.476+0000] {processor.py:186} INFO - Started process (PID=515) to work on /home/airflow/.local/lib/python3.12/site-packages/airflow/example_dags/example_skip_dag.py
[2024-12-01T22:47:08.477+0000] {processor.py:914} INFO - Processing file /home/airflow/.local/lib/python3.12/site-packages/airflow/example_dags/example_skip_dag.py for tasks to queue
[2024-12-01T22:47:08.478+0000] {logging_mixin.py:190} INFO - [2024-12-01T22:47:08.478+0000] {dagbag.py:588} INFO - Filling up the DagBag from /home/airflow/.local/lib/python3.12/site-packages/airflow/example_dags/example_skip_dag.py
[2024-12-01T22:47:08.481+0000] {processor.py:925} INFO - DAG(s) 'example_skip_dag' retrieved from /home/airflow/.local/lib/python3.12/site-packages/airflow/example_dags/example_skip_dag.py
[2024-12-01T22:47:08.489+0000] {logging_mixin.py:190} INFO - [2024-12-01T22:47:08.489+0000] {dag.py:3239} INFO - Sync 1 DAGs
[2024-12-01T22:47:08.497+0000] {logging_mixin.py:190} INFO - [2024-12-01T22:47:08.497+0000] {dag.py:4180} INFO - Setting next_dagrun for example_skip_dag to 2024-11-30 00:00:00+00:00, run_after=2024-12-01 00:00:00+00:00
[2024-12-01T22:47:08.503+0000] {processor.py:208} INFO - Processing /home/airflow/.local/lib/python3.12/site-packages/airflow/example_dags/example_skip_dag.py took 0.029 seconds
[2024-12-01T22:47:39.690+0000] {processor.py:186} INFO - Started process (PID=579) to work on /home/airflow/.local/lib/python3.12/site-packages/airflow/example_dags/example_skip_dag.py
[2024-12-01T22:47:39.691+0000] {processor.py:914} INFO - Processing file /home/airflow/.local/lib/python3.12/site-packages/airflow/example_dags/example_skip_dag.py for tasks to queue
[2024-12-01T22:47:39.692+0000] {logging_mixin.py:190} INFO - [2024-12-01T22:47:39.692+0000] {dagbag.py:588} INFO - Filling up the DagBag from /home/airflow/.local/lib/python3.12/site-packages/airflow/example_dags/example_skip_dag.py
[2024-12-01T22:47:39.695+0000] {processor.py:925} INFO - DAG(s) 'example_skip_dag' retrieved from /home/airflow/.local/lib/python3.12/site-packages/airflow/example_dags/example_skip_dag.py
[2024-12-01T22:47:39.704+0000] {logging_mixin.py:190} INFO - [2024-12-01T22:47:39.704+0000] {dag.py:3239} INFO - Sync 1 DAGs
[2024-12-01T22:47:39.711+0000] {logging_mixin.py:190} INFO - [2024-12-01T22:47:39.711+0000] {dag.py:4180} INFO - Setting next_dagrun for example_skip_dag to 2024-11-30 00:00:00+00:00, run_after=2024-12-01 00:00:00+00:00
[2024-12-01T22:47:39.717+0000] {processor.py:208} INFO - Processing /home/airflow/.local/lib/python3.12/site-packages/airflow/example_dags/example_skip_dag.py took 0.030 seconds
[2024-12-01T22:48:10.878+0000] {processor.py:186} INFO - Started process (PID=643) to work on /home/airflow/.local/lib/python3.12/site-packages/airflow/example_dags/example_skip_dag.py
[2024-12-01T22:48:10.878+0000] {processor.py:914} INFO - Processing file /home/airflow/.local/lib/python3.12/site-packages/airflow/example_dags/example_skip_dag.py for tasks to queue
[2024-12-01T22:48:10.879+0000] {logging_mixin.py:190} INFO - [2024-12-01T22:48:10.879+0000] {dagbag.py:588} INFO - Filling up the DagBag from /home/airflow/.local/lib/python3.12/site-packages/airflow/example_dags/example_skip_dag.py
[2024-12-01T22:48:10.882+0000] {processor.py:925} INFO - DAG(s) 'example_skip_dag' retrieved from /home/airflow/.local/lib/python3.12/site-packages/airflow/example_dags/example_skip_dag.py
[2024-12-01T22:48:10.891+0000] {logging_mixin.py:190} INFO - [2024-12-01T22:48:10.891+0000] {dag.py:3239} INFO - Sync 1 DAGs
[2024-12-01T22:48:10.898+0000] {logging_mixin.py:190} INFO - [2024-12-01T22:48:10.898+0000] {dag.py:4180} INFO - Setting next_dagrun for example_skip_dag to 2024-11-30 00:00:00+00:00, run_after=2024-12-01 00:00:00+00:00
[2024-12-01T22:48:10.908+0000] {processor.py:208} INFO - Processing /home/airflow/.local/lib/python3.12/site-packages/airflow/example_dags/example_skip_dag.py took 0.032 seconds
[2024-12-01T22:48:42.122+0000] {processor.py:186} INFO - Started process (PID=707) to work on /home/airflow/.local/lib/python3.12/site-packages/airflow/example_dags/example_skip_dag.py
[2024-12-01T22:48:42.122+0000] {processor.py:914} INFO - Processing file /home/airflow/.local/lib/python3.12/site-packages/airflow/example_dags/example_skip_dag.py for tasks to queue
[2024-12-01T22:48:42.123+0000] {logging_mixin.py:190} INFO - [2024-12-01T22:48:42.123+0000] {dagbag.py:588} INFO - Filling up the DagBag from /home/airflow/.local/lib/python3.12/site-packages/airflow/example_dags/example_skip_dag.py
[2024-12-01T22:48:42.126+0000] {processor.py:925} INFO - DAG(s) 'example_skip_dag' retrieved from /home/airflow/.local/lib/python3.12/site-packages/airflow/example_dags/example_skip_dag.py
[2024-12-01T22:48:42.134+0000] {logging_mixin.py:190} INFO - [2024-12-01T22:48:42.134+0000] {dag.py:3239} INFO - Sync 1 DAGs
[2024-12-01T22:48:42.141+0000] {logging_mixin.py:190} INFO - [2024-12-01T22:48:42.141+0000] {dag.py:4180} INFO - Setting next_dagrun for example_skip_dag to 2024-11-30 00:00:00+00:00, run_after=2024-12-01 00:00:00+00:00
[2024-12-01T22:48:42.146+0000] {processor.py:208} INFO - Processing /home/airflow/.local/lib/python3.12/site-packages/airflow/example_dags/example_skip_dag.py took 0.027 seconds
[2024-12-01T22:49:13.246+0000] {processor.py:186} INFO - Started process (PID=771) to work on /home/airflow/.local/lib/python3.12/site-packages/airflow/example_dags/example_skip_dag.py
[2024-12-01T22:49:13.247+0000] {processor.py:914} INFO - Processing file /home/airflow/.local/lib/python3.12/site-packages/airflow/example_dags/example_skip_dag.py for tasks to queue
[2024-12-01T22:49:13.248+0000] {logging_mixin.py:190} INFO - [2024-12-01T22:49:13.248+0000] {dagbag.py:588} INFO - Filling up the DagBag from /home/airflow/.local/lib/python3.12/site-packages/airflow/example_dags/example_skip_dag.py
[2024-12-01T22:49:13.251+0000] {processor.py:925} INFO - DAG(s) 'example_skip_dag' retrieved from /home/airflow/.local/lib/python3.12/site-packages/airflow/example_dags/example_skip_dag.py
[2024-12-01T22:49:13.259+0000] {logging_mixin.py:190} INFO - [2024-12-01T22:49:13.259+0000] {dag.py:3239} INFO - Sync 1 DAGs
[2024-12-01T22:49:13.267+0000] {logging_mixin.py:190} INFO - [2024-12-01T22:49:13.267+0000] {dag.py:4180} INFO - Setting next_dagrun for example_skip_dag to 2024-11-30 00:00:00+00:00, run_after=2024-12-01 00:00:00+00:00
[2024-12-01T22:49:13.273+0000] {processor.py:208} INFO - Processing /home/airflow/.local/lib/python3.12/site-packages/airflow/example_dags/example_skip_dag.py took 0.029 seconds
