[2024-12-01T22:43:29.627+0000] {processor.py:186} INFO - Started process (PID=50) to work on /home/airflow/.local/lib/python3.12/site-packages/airflow/example_dags/example_nested_branch_dag.py
[2024-12-01T22:43:29.629+0000] {processor.py:914} INFO - Processing file /home/airflow/.local/lib/python3.12/site-packages/airflow/example_dags/example_nested_branch_dag.py for tasks to queue
[2024-12-01T22:43:29.630+0000] {logging_mixin.py:190} INFO - [2024-12-01T22:43:29.629+0000] {dagbag.py:588} INFO - Filling up the DagBag from /home/airflow/.local/lib/python3.12/site-packages/airflow/example_dags/example_nested_branch_dag.py
[2024-12-01T22:43:29.635+0000] {processor.py:925} INFO - DAG(s) 'example_nested_branch_dag' retrieved from /home/airflow/.local/lib/python3.12/site-packages/airflow/example_dags/example_nested_branch_dag.py
[2024-12-01T22:43:29.649+0000] {logging_mixin.py:190} INFO - [2024-12-01T22:43:29.649+0000] {dag.py:3239} INFO - Sync 1 DAGs
[2024-12-01T22:43:29.660+0000] {logging_mixin.py:190} INFO - [2024-12-01T22:43:29.660+0000] {dag.py:4180} INFO - Setting next_dagrun for example_nested_branch_dag to 2024-11-30 00:00:00+00:00, run_after=2024-12-01 00:00:00+00:00
[2024-12-01T22:43:29.669+0000] {processor.py:208} INFO - Processing /home/airflow/.local/lib/python3.12/site-packages/airflow/example_dags/example_nested_branch_dag.py took 0.046 seconds
[2024-12-01T22:43:59.724+0000] {processor.py:186} INFO - Started process (PID=114) to work on /home/airflow/.local/lib/python3.12/site-packages/airflow/example_dags/example_nested_branch_dag.py
[2024-12-01T22:43:59.724+0000] {processor.py:914} INFO - Processing file /home/airflow/.local/lib/python3.12/site-packages/airflow/example_dags/example_nested_branch_dag.py for tasks to queue
[2024-12-01T22:43:59.725+0000] {logging_mixin.py:190} INFO - [2024-12-01T22:43:59.725+0000] {dagbag.py:588} INFO - Filling up the DagBag from /home/airflow/.local/lib/python3.12/site-packages/airflow/example_dags/example_nested_branch_dag.py
[2024-12-01T22:43:59.731+0000] {processor.py:925} INFO - DAG(s) 'example_nested_branch_dag' retrieved from /home/airflow/.local/lib/python3.12/site-packages/airflow/example_dags/example_nested_branch_dag.py
[2024-12-01T22:43:59.741+0000] {logging_mixin.py:190} INFO - [2024-12-01T22:43:59.741+0000] {dag.py:3239} INFO - Sync 1 DAGs
[2024-12-01T22:43:59.752+0000] {logging_mixin.py:190} INFO - [2024-12-01T22:43:59.752+0000] {dag.py:4180} INFO - Setting next_dagrun for example_nested_branch_dag to 2024-11-30 00:00:00+00:00, run_after=2024-12-01 00:00:00+00:00
[2024-12-01T22:43:59.759+0000] {processor.py:208} INFO - Processing /home/airflow/.local/lib/python3.12/site-packages/airflow/example_dags/example_nested_branch_dag.py took 0.038 seconds
[2024-12-01T22:44:30.007+0000] {processor.py:186} INFO - Started process (PID=178) to work on /home/airflow/.local/lib/python3.12/site-packages/airflow/example_dags/example_nested_branch_dag.py
[2024-12-01T22:44:30.008+0000] {processor.py:914} INFO - Processing file /home/airflow/.local/lib/python3.12/site-packages/airflow/example_dags/example_nested_branch_dag.py for tasks to queue
[2024-12-01T22:44:30.008+0000] {logging_mixin.py:190} INFO - [2024-12-01T22:44:30.008+0000] {dagbag.py:588} INFO - Filling up the DagBag from /home/airflow/.local/lib/python3.12/site-packages/airflow/example_dags/example_nested_branch_dag.py
[2024-12-01T22:44:30.013+0000] {processor.py:925} INFO - DAG(s) 'example_nested_branch_dag' retrieved from /home/airflow/.local/lib/python3.12/site-packages/airflow/example_dags/example_nested_branch_dag.py
[2024-12-01T22:44:30.020+0000] {logging_mixin.py:190} INFO - [2024-12-01T22:44:30.020+0000] {dag.py:3239} INFO - Sync 1 DAGs
[2024-12-01T22:44:30.028+0000] {logging_mixin.py:190} INFO - [2024-12-01T22:44:30.028+0000] {dag.py:4180} INFO - Setting next_dagrun for example_nested_branch_dag to 2024-11-30 00:00:00+00:00, run_after=2024-12-01 00:00:00+00:00
[2024-12-01T22:44:30.033+0000] {processor.py:208} INFO - Processing /home/airflow/.local/lib/python3.12/site-packages/airflow/example_dags/example_nested_branch_dag.py took 0.028 seconds
[2024-12-01T22:45:00.109+0000] {processor.py:186} INFO - Started process (PID=242) to work on /home/airflow/.local/lib/python3.12/site-packages/airflow/example_dags/example_nested_branch_dag.py
[2024-12-01T22:45:00.110+0000] {processor.py:914} INFO - Processing file /home/airflow/.local/lib/python3.12/site-packages/airflow/example_dags/example_nested_branch_dag.py for tasks to queue
[2024-12-01T22:45:00.111+0000] {logging_mixin.py:190} INFO - [2024-12-01T22:45:00.111+0000] {dagbag.py:588} INFO - Filling up the DagBag from /home/airflow/.local/lib/python3.12/site-packages/airflow/example_dags/example_nested_branch_dag.py
[2024-12-01T22:45:00.115+0000] {processor.py:925} INFO - DAG(s) 'example_nested_branch_dag' retrieved from /home/airflow/.local/lib/python3.12/site-packages/airflow/example_dags/example_nested_branch_dag.py
[2024-12-01T22:45:00.123+0000] {logging_mixin.py:190} INFO - [2024-12-01T22:45:00.123+0000] {dag.py:3239} INFO - Sync 1 DAGs
[2024-12-01T22:45:00.133+0000] {logging_mixin.py:190} INFO - [2024-12-01T22:45:00.133+0000] {dag.py:4180} INFO - Setting next_dagrun for example_nested_branch_dag to 2024-11-30 00:00:00+00:00, run_after=2024-12-01 00:00:00+00:00
[2024-12-01T22:45:00.142+0000] {processor.py:208} INFO - Processing /home/airflow/.local/lib/python3.12/site-packages/airflow/example_dags/example_nested_branch_dag.py took 0.036 seconds
[2024-12-01T22:45:30.279+0000] {processor.py:186} INFO - Started process (PID=306) to work on /home/airflow/.local/lib/python3.12/site-packages/airflow/example_dags/example_nested_branch_dag.py
[2024-12-01T22:45:30.280+0000] {processor.py:914} INFO - Processing file /home/airflow/.local/lib/python3.12/site-packages/airflow/example_dags/example_nested_branch_dag.py for tasks to queue
[2024-12-01T22:45:30.280+0000] {logging_mixin.py:190} INFO - [2024-12-01T22:45:30.280+0000] {dagbag.py:588} INFO - Filling up the DagBag from /home/airflow/.local/lib/python3.12/site-packages/airflow/example_dags/example_nested_branch_dag.py
[2024-12-01T22:45:30.286+0000] {processor.py:925} INFO - DAG(s) 'example_nested_branch_dag' retrieved from /home/airflow/.local/lib/python3.12/site-packages/airflow/example_dags/example_nested_branch_dag.py
[2024-12-01T22:45:30.294+0000] {logging_mixin.py:190} INFO - [2024-12-01T22:45:30.294+0000] {dag.py:3239} INFO - Sync 1 DAGs
[2024-12-01T22:45:30.304+0000] {logging_mixin.py:190} INFO - [2024-12-01T22:45:30.304+0000] {dag.py:4180} INFO - Setting next_dagrun for example_nested_branch_dag to 2024-11-30 00:00:00+00:00, run_after=2024-12-01 00:00:00+00:00
[2024-12-01T22:45:30.313+0000] {processor.py:208} INFO - Processing /home/airflow/.local/lib/python3.12/site-packages/airflow/example_dags/example_nested_branch_dag.py took 0.035 seconds
[2024-12-01T22:46:00.463+0000] {processor.py:186} INFO - Started process (PID=370) to work on /home/airflow/.local/lib/python3.12/site-packages/airflow/example_dags/example_nested_branch_dag.py
[2024-12-01T22:46:00.463+0000] {processor.py:914} INFO - Processing file /home/airflow/.local/lib/python3.12/site-packages/airflow/example_dags/example_nested_branch_dag.py for tasks to queue
[2024-12-01T22:46:00.464+0000] {logging_mixin.py:190} INFO - [2024-12-01T22:46:00.464+0000] {dagbag.py:588} INFO - Filling up the DagBag from /home/airflow/.local/lib/python3.12/site-packages/airflow/example_dags/example_nested_branch_dag.py
[2024-12-01T22:46:00.469+0000] {processor.py:925} INFO - DAG(s) 'example_nested_branch_dag' retrieved from /home/airflow/.local/lib/python3.12/site-packages/airflow/example_dags/example_nested_branch_dag.py
[2024-12-01T22:46:00.480+0000] {logging_mixin.py:190} INFO - [2024-12-01T22:46:00.480+0000] {dag.py:3239} INFO - Sync 1 DAGs
[2024-12-01T22:46:00.488+0000] {logging_mixin.py:190} INFO - [2024-12-01T22:46:00.488+0000] {dag.py:4180} INFO - Setting next_dagrun for example_nested_branch_dag to 2024-11-30 00:00:00+00:00, run_after=2024-12-01 00:00:00+00:00
[2024-12-01T22:46:00.496+0000] {processor.py:208} INFO - Processing /home/airflow/.local/lib/python3.12/site-packages/airflow/example_dags/example_nested_branch_dag.py took 0.035 seconds
[2024-12-01T22:46:30.653+0000] {processor.py:186} INFO - Started process (PID=434) to work on /home/airflow/.local/lib/python3.12/site-packages/airflow/example_dags/example_nested_branch_dag.py
[2024-12-01T22:46:30.654+0000] {processor.py:914} INFO - Processing file /home/airflow/.local/lib/python3.12/site-packages/airflow/example_dags/example_nested_branch_dag.py for tasks to queue
[2024-12-01T22:46:30.655+0000] {logging_mixin.py:190} INFO - [2024-12-01T22:46:30.655+0000] {dagbag.py:588} INFO - Filling up the DagBag from /home/airflow/.local/lib/python3.12/site-packages/airflow/example_dags/example_nested_branch_dag.py
[2024-12-01T22:46:30.661+0000] {processor.py:925} INFO - DAG(s) 'example_nested_branch_dag' retrieved from /home/airflow/.local/lib/python3.12/site-packages/airflow/example_dags/example_nested_branch_dag.py
[2024-12-01T22:46:30.674+0000] {logging_mixin.py:190} INFO - [2024-12-01T22:46:30.674+0000] {dag.py:3239} INFO - Sync 1 DAGs
[2024-12-01T22:46:30.683+0000] {logging_mixin.py:190} INFO - [2024-12-01T22:46:30.683+0000] {dag.py:4180} INFO - Setting next_dagrun for example_nested_branch_dag to 2024-11-30 00:00:00+00:00, run_after=2024-12-01 00:00:00+00:00
[2024-12-01T22:46:30.690+0000] {processor.py:208} INFO - Processing /home/airflow/.local/lib/python3.12/site-packages/airflow/example_dags/example_nested_branch_dag.py took 0.039 seconds
[2024-12-01T22:47:00.902+0000] {processor.py:186} INFO - Started process (PID=498) to work on /home/airflow/.local/lib/python3.12/site-packages/airflow/example_dags/example_nested_branch_dag.py
[2024-12-01T22:47:00.902+0000] {processor.py:914} INFO - Processing file /home/airflow/.local/lib/python3.12/site-packages/airflow/example_dags/example_nested_branch_dag.py for tasks to queue
[2024-12-01T22:47:00.903+0000] {logging_mixin.py:190} INFO - [2024-12-01T22:47:00.903+0000] {dagbag.py:588} INFO - Filling up the DagBag from /home/airflow/.local/lib/python3.12/site-packages/airflow/example_dags/example_nested_branch_dag.py
[2024-12-01T22:47:00.908+0000] {processor.py:925} INFO - DAG(s) 'example_nested_branch_dag' retrieved from /home/airflow/.local/lib/python3.12/site-packages/airflow/example_dags/example_nested_branch_dag.py
[2024-12-01T22:47:00.918+0000] {logging_mixin.py:190} INFO - [2024-12-01T22:47:00.918+0000] {dag.py:3239} INFO - Sync 1 DAGs
[2024-12-01T22:47:00.926+0000] {logging_mixin.py:190} INFO - [2024-12-01T22:47:00.926+0000] {dag.py:4180} INFO - Setting next_dagrun for example_nested_branch_dag to 2024-11-30 00:00:00+00:00, run_after=2024-12-01 00:00:00+00:00
[2024-12-01T22:47:00.933+0000] {processor.py:208} INFO - Processing /home/airflow/.local/lib/python3.12/site-packages/airflow/example_dags/example_nested_branch_dag.py took 0.034 seconds
[2024-12-01T22:47:31.967+0000] {processor.py:186} INFO - Started process (PID=562) to work on /home/airflow/.local/lib/python3.12/site-packages/airflow/example_dags/example_nested_branch_dag.py
[2024-12-01T22:47:31.967+0000] {processor.py:914} INFO - Processing file /home/airflow/.local/lib/python3.12/site-packages/airflow/example_dags/example_nested_branch_dag.py for tasks to queue
[2024-12-01T22:47:31.968+0000] {logging_mixin.py:190} INFO - [2024-12-01T22:47:31.968+0000] {dagbag.py:588} INFO - Filling up the DagBag from /home/airflow/.local/lib/python3.12/site-packages/airflow/example_dags/example_nested_branch_dag.py
[2024-12-01T22:47:31.973+0000] {processor.py:925} INFO - DAG(s) 'example_nested_branch_dag' retrieved from /home/airflow/.local/lib/python3.12/site-packages/airflow/example_dags/example_nested_branch_dag.py
[2024-12-01T22:47:31.984+0000] {logging_mixin.py:190} INFO - [2024-12-01T22:47:31.984+0000] {dag.py:3239} INFO - Sync 1 DAGs
[2024-12-01T22:47:31.992+0000] {logging_mixin.py:190} INFO - [2024-12-01T22:47:31.992+0000] {dag.py:4180} INFO - Setting next_dagrun for example_nested_branch_dag to 2024-11-30 00:00:00+00:00, run_after=2024-12-01 00:00:00+00:00
[2024-12-01T22:47:32.001+0000] {processor.py:208} INFO - Processing /home/airflow/.local/lib/python3.12/site-packages/airflow/example_dags/example_nested_branch_dag.py took 0.036 seconds
[2024-12-01T22:48:02.187+0000] {processor.py:186} INFO - Started process (PID=626) to work on /home/airflow/.local/lib/python3.12/site-packages/airflow/example_dags/example_nested_branch_dag.py
[2024-12-01T22:48:02.187+0000] {processor.py:914} INFO - Processing file /home/airflow/.local/lib/python3.12/site-packages/airflow/example_dags/example_nested_branch_dag.py for tasks to queue
[2024-12-01T22:48:02.190+0000] {logging_mixin.py:190} INFO - [2024-12-01T22:48:02.190+0000] {dagbag.py:588} INFO - Filling up the DagBag from /home/airflow/.local/lib/python3.12/site-packages/airflow/example_dags/example_nested_branch_dag.py
[2024-12-01T22:48:02.195+0000] {processor.py:925} INFO - DAG(s) 'example_nested_branch_dag' retrieved from /home/airflow/.local/lib/python3.12/site-packages/airflow/example_dags/example_nested_branch_dag.py
[2024-12-01T22:48:02.206+0000] {logging_mixin.py:190} INFO - [2024-12-01T22:48:02.206+0000] {dag.py:3239} INFO - Sync 1 DAGs
[2024-12-01T22:48:02.215+0000] {logging_mixin.py:190} INFO - [2024-12-01T22:48:02.215+0000] {dag.py:4180} INFO - Setting next_dagrun for example_nested_branch_dag to 2024-11-30 00:00:00+00:00, run_after=2024-12-01 00:00:00+00:00
[2024-12-01T22:48:02.223+0000] {processor.py:208} INFO - Processing /home/airflow/.local/lib/python3.12/site-packages/airflow/example_dags/example_nested_branch_dag.py took 0.038 seconds
[2024-12-01T22:48:32.416+0000] {processor.py:186} INFO - Started process (PID=690) to work on /home/airflow/.local/lib/python3.12/site-packages/airflow/example_dags/example_nested_branch_dag.py
[2024-12-01T22:48:32.418+0000] {processor.py:914} INFO - Processing file /home/airflow/.local/lib/python3.12/site-packages/airflow/example_dags/example_nested_branch_dag.py for tasks to queue
[2024-12-01T22:48:32.419+0000] {logging_mixin.py:190} INFO - [2024-12-01T22:48:32.419+0000] {dagbag.py:588} INFO - Filling up the DagBag from /home/airflow/.local/lib/python3.12/site-packages/airflow/example_dags/example_nested_branch_dag.py
[2024-12-01T22:48:32.424+0000] {processor.py:925} INFO - DAG(s) 'example_nested_branch_dag' retrieved from /home/airflow/.local/lib/python3.12/site-packages/airflow/example_dags/example_nested_branch_dag.py
[2024-12-01T22:48:32.432+0000] {logging_mixin.py:190} INFO - [2024-12-01T22:48:32.432+0000] {dag.py:3239} INFO - Sync 1 DAGs
[2024-12-01T22:48:32.442+0000] {logging_mixin.py:190} INFO - [2024-12-01T22:48:32.442+0000] {dag.py:4180} INFO - Setting next_dagrun for example_nested_branch_dag to 2024-11-30 00:00:00+00:00, run_after=2024-12-01 00:00:00+00:00
[2024-12-01T22:48:32.451+0000] {processor.py:208} INFO - Processing /home/airflow/.local/lib/python3.12/site-packages/airflow/example_dags/example_nested_branch_dag.py took 0.039 seconds
[2024-12-01T22:49:02.598+0000] {processor.py:186} INFO - Started process (PID=754) to work on /home/airflow/.local/lib/python3.12/site-packages/airflow/example_dags/example_nested_branch_dag.py
[2024-12-01T22:49:02.600+0000] {processor.py:914} INFO - Processing file /home/airflow/.local/lib/python3.12/site-packages/airflow/example_dags/example_nested_branch_dag.py for tasks to queue
[2024-12-01T22:49:02.601+0000] {logging_mixin.py:190} INFO - [2024-12-01T22:49:02.601+0000] {dagbag.py:588} INFO - Filling up the DagBag from /home/airflow/.local/lib/python3.12/site-packages/airflow/example_dags/example_nested_branch_dag.py
[2024-12-01T22:49:02.606+0000] {processor.py:925} INFO - DAG(s) 'example_nested_branch_dag' retrieved from /home/airflow/.local/lib/python3.12/site-packages/airflow/example_dags/example_nested_branch_dag.py
[2024-12-01T22:49:02.614+0000] {logging_mixin.py:190} INFO - [2024-12-01T22:49:02.614+0000] {dag.py:3239} INFO - Sync 1 DAGs
[2024-12-01T22:49:02.623+0000] {logging_mixin.py:190} INFO - [2024-12-01T22:49:02.623+0000] {dag.py:4180} INFO - Setting next_dagrun for example_nested_branch_dag to 2024-11-30 00:00:00+00:00, run_after=2024-12-01 00:00:00+00:00
[2024-12-01T22:49:02.632+0000] {processor.py:208} INFO - Processing /home/airflow/.local/lib/python3.12/site-packages/airflow/example_dags/example_nested_branch_dag.py took 0.037 seconds
[2024-12-01T22:49:32.707+0000] {processor.py:186} INFO - Started process (PID=818) to work on /home/airflow/.local/lib/python3.12/site-packages/airflow/example_dags/example_nested_branch_dag.py
[2024-12-01T22:49:32.707+0000] {processor.py:914} INFO - Processing file /home/airflow/.local/lib/python3.12/site-packages/airflow/example_dags/example_nested_branch_dag.py for tasks to queue
[2024-12-01T22:49:32.708+0000] {logging_mixin.py:190} INFO - [2024-12-01T22:49:32.708+0000] {dagbag.py:588} INFO - Filling up the DagBag from /home/airflow/.local/lib/python3.12/site-packages/airflow/example_dags/example_nested_branch_dag.py
[2024-12-01T22:49:32.714+0000] {processor.py:925} INFO - DAG(s) 'example_nested_branch_dag' retrieved from /home/airflow/.local/lib/python3.12/site-packages/airflow/example_dags/example_nested_branch_dag.py
[2024-12-01T22:49:32.723+0000] {logging_mixin.py:190} INFO - [2024-12-01T22:49:32.723+0000] {dag.py:3239} INFO - Sync 1 DAGs
[2024-12-01T22:49:32.731+0000] {logging_mixin.py:190} INFO - [2024-12-01T22:49:32.731+0000] {dag.py:4180} INFO - Setting next_dagrun for example_nested_branch_dag to 2024-11-30 00:00:00+00:00, run_after=2024-12-01 00:00:00+00:00
[2024-12-01T22:49:32.739+0000] {processor.py:208} INFO - Processing /home/airflow/.local/lib/python3.12/site-packages/airflow/example_dags/example_nested_branch_dag.py took 0.035 seconds
