[2024-12-01T22:43:31.831+0000] {processor.py:186} INFO - Started process (PID=89) to work on /home/airflow/.local/lib/python3.12/site-packages/airflow/example_dags/example_datasets.py
[2024-12-01T22:43:31.831+0000] {processor.py:914} INFO - Processing file /home/airflow/.local/lib/python3.12/site-packages/airflow/example_dags/example_datasets.py for tasks to queue
[2024-12-01T22:43:31.833+0000] {logging_mixin.py:190} INFO - [2024-12-01T22:43:31.832+0000] {dagbag.py:588} INFO - Filling up the DagBag from /home/airflow/.local/lib/python3.12/site-packages/airflow/example_dags/example_datasets.py
[2024-12-01T22:43:32.107+0000] {processor.py:925} INFO - DAG(s) 'conditional_dataset_and_time_based_timetable', 'consume_1_and_2_with_dataset_expressions', 'dataset_consumes_1', 'dataset_produces_2', 'consume_1_or_2_with_dataset_expressions', 'dataset_consumes_unknown_never_scheduled', 'consume_1_or_both_2_and_3_with_dataset_expressions', 'dataset_consumes_1_never_scheduled', 'dataset_consumes_1_and_2', 'dataset_produces_1' retrieved from /home/airflow/.local/lib/python3.12/site-packages/airflow/example_dags/example_datasets.py
[2024-12-01T22:43:32.124+0000] {logging_mixin.py:190} INFO - [2024-12-01T22:43:32.124+0000] {dag.py:3239} INFO - Sync 10 DAGs
[2024-12-01T22:43:32.137+0000] {logging_mixin.py:190} INFO - [2024-12-01T22:43:32.137+0000] {dag.py:4180} INFO - Setting next_dagrun for conditional_dataset_and_time_based_timetable to 2024-11-27 01:00:00+00:00, run_after=2024-11-27 01:00:00+00:00
[2024-12-01T22:43:32.141+0000] {logging_mixin.py:190} INFO - [2024-12-01T22:43:32.141+0000] {dag.py:4180} INFO - Setting next_dagrun for consume_1_and_2_with_dataset_expressions to None, run_after=None
[2024-12-01T22:43:32.141+0000] {logging_mixin.py:190} INFO - [2024-12-01T22:43:32.141+0000] {dag.py:4180} INFO - Setting next_dagrun for consume_1_or_2_with_dataset_expressions to None, run_after=None
[2024-12-01T22:43:32.142+0000] {logging_mixin.py:190} INFO - [2024-12-01T22:43:32.142+0000] {dag.py:4180} INFO - Setting next_dagrun for consume_1_or_both_2_and_3_with_dataset_expressions to None, run_after=None
[2024-12-01T22:43:32.142+0000] {logging_mixin.py:190} INFO - [2024-12-01T22:43:32.142+0000] {dag.py:4180} INFO - Setting next_dagrun for dataset_consumes_1 to None, run_after=None
[2024-12-01T22:43:32.143+0000] {logging_mixin.py:190} INFO - [2024-12-01T22:43:32.143+0000] {dag.py:4180} INFO - Setting next_dagrun for dataset_consumes_1_and_2 to None, run_after=None
[2024-12-01T22:43:32.143+0000] {logging_mixin.py:190} INFO - [2024-12-01T22:43:32.143+0000] {dag.py:4180} INFO - Setting next_dagrun for dataset_consumes_1_never_scheduled to None, run_after=None
[2024-12-01T22:43:32.143+0000] {logging_mixin.py:190} INFO - [2024-12-01T22:43:32.143+0000] {dag.py:4180} INFO - Setting next_dagrun for dataset_consumes_unknown_never_scheduled to None, run_after=None
[2024-12-01T22:43:32.144+0000] {logging_mixin.py:190} INFO - [2024-12-01T22:43:32.144+0000] {dag.py:4180} INFO - Setting next_dagrun for dataset_produces_1 to 2024-11-30 00:00:00+00:00, run_after=2024-12-01 00:00:00+00:00
[2024-12-01T22:43:32.145+0000] {logging_mixin.py:190} INFO - [2024-12-01T22:43:32.145+0000] {dag.py:4180} INFO - Setting next_dagrun for dataset_produces_2 to None, run_after=None
[2024-12-01T22:43:32.159+0000] {processor.py:208} INFO - Processing /home/airflow/.local/lib/python3.12/site-packages/airflow/example_dags/example_datasets.py took 0.331 seconds
[2024-12-01T22:44:02.183+0000] {processor.py:186} INFO - Started process (PID=158) to work on /home/airflow/.local/lib/python3.12/site-packages/airflow/example_dags/example_datasets.py
[2024-12-01T22:44:02.184+0000] {processor.py:914} INFO - Processing file /home/airflow/.local/lib/python3.12/site-packages/airflow/example_dags/example_datasets.py for tasks to queue
[2024-12-01T22:44:02.185+0000] {logging_mixin.py:190} INFO - [2024-12-01T22:44:02.184+0000] {dagbag.py:588} INFO - Filling up the DagBag from /home/airflow/.local/lib/python3.12/site-packages/airflow/example_dags/example_datasets.py
[2024-12-01T22:44:02.395+0000] {processor.py:925} INFO - DAG(s) 'dataset_consumes_unknown_never_scheduled', 'dataset_produces_1', 'dataset_consumes_1_and_2', 'consume_1_or_2_with_dataset_expressions', 'dataset_consumes_1', 'consume_1_and_2_with_dataset_expressions', 'dataset_produces_2', 'dataset_consumes_1_never_scheduled', 'conditional_dataset_and_time_based_timetable', 'consume_1_or_both_2_and_3_with_dataset_expressions' retrieved from /home/airflow/.local/lib/python3.12/site-packages/airflow/example_dags/example_datasets.py
[2024-12-01T22:44:02.408+0000] {logging_mixin.py:190} INFO - [2024-12-01T22:44:02.408+0000] {dag.py:3239} INFO - Sync 10 DAGs
[2024-12-01T22:44:02.416+0000] {logging_mixin.py:190} INFO - [2024-12-01T22:44:02.416+0000] {dag.py:4180} INFO - Setting next_dagrun for conditional_dataset_and_time_based_timetable to 2024-11-27 01:00:00+00:00, run_after=2024-11-27 01:00:00+00:00
[2024-12-01T22:44:02.418+0000] {logging_mixin.py:190} INFO - [2024-12-01T22:44:02.418+0000] {dag.py:4180} INFO - Setting next_dagrun for consume_1_and_2_with_dataset_expressions to None, run_after=None
[2024-12-01T22:44:02.418+0000] {logging_mixin.py:190} INFO - [2024-12-01T22:44:02.418+0000] {dag.py:4180} INFO - Setting next_dagrun for consume_1_or_2_with_dataset_expressions to None, run_after=None
[2024-12-01T22:44:02.418+0000] {logging_mixin.py:190} INFO - [2024-12-01T22:44:02.418+0000] {dag.py:4180} INFO - Setting next_dagrun for consume_1_or_both_2_and_3_with_dataset_expressions to None, run_after=None
[2024-12-01T22:44:02.419+0000] {logging_mixin.py:190} INFO - [2024-12-01T22:44:02.419+0000] {dag.py:4180} INFO - Setting next_dagrun for dataset_consumes_1 to None, run_after=None
[2024-12-01T22:44:02.419+0000] {logging_mixin.py:190} INFO - [2024-12-01T22:44:02.419+0000] {dag.py:4180} INFO - Setting next_dagrun for dataset_consumes_1_and_2 to None, run_after=None
[2024-12-01T22:44:02.419+0000] {logging_mixin.py:190} INFO - [2024-12-01T22:44:02.419+0000] {dag.py:4180} INFO - Setting next_dagrun for dataset_consumes_1_never_scheduled to None, run_after=None
[2024-12-01T22:44:02.420+0000] {logging_mixin.py:190} INFO - [2024-12-01T22:44:02.420+0000] {dag.py:4180} INFO - Setting next_dagrun for dataset_consumes_unknown_never_scheduled to None, run_after=None
[2024-12-01T22:44:02.420+0000] {logging_mixin.py:190} INFO - [2024-12-01T22:44:02.420+0000] {dag.py:4180} INFO - Setting next_dagrun for dataset_produces_1 to 2024-11-30 00:00:00+00:00, run_after=2024-12-01 00:00:00+00:00
[2024-12-01T22:44:02.421+0000] {logging_mixin.py:190} INFO - [2024-12-01T22:44:02.421+0000] {dag.py:4180} INFO - Setting next_dagrun for dataset_produces_2 to None, run_after=None
[2024-12-01T22:44:02.430+0000] {processor.py:208} INFO - Processing /home/airflow/.local/lib/python3.12/site-packages/airflow/example_dags/example_datasets.py took 0.248 seconds
[2024-12-01T22:44:33.308+0000] {processor.py:186} INFO - Started process (PID=217) to work on /home/airflow/.local/lib/python3.12/site-packages/airflow/example_dags/example_datasets.py
[2024-12-01T22:44:33.309+0000] {processor.py:914} INFO - Processing file /home/airflow/.local/lib/python3.12/site-packages/airflow/example_dags/example_datasets.py for tasks to queue
[2024-12-01T22:44:33.310+0000] {logging_mixin.py:190} INFO - [2024-12-01T22:44:33.310+0000] {dagbag.py:588} INFO - Filling up the DagBag from /home/airflow/.local/lib/python3.12/site-packages/airflow/example_dags/example_datasets.py
[2024-12-01T22:44:33.547+0000] {processor.py:925} INFO - DAG(s) 'consume_1_and_2_with_dataset_expressions', 'dataset_consumes_1_and_2', 'dataset_produces_2', 'dataset_consumes_1_never_scheduled', 'conditional_dataset_and_time_based_timetable', 'dataset_produces_1', 'dataset_consumes_1', 'dataset_consumes_unknown_never_scheduled', 'consume_1_or_2_with_dataset_expressions', 'consume_1_or_both_2_and_3_with_dataset_expressions' retrieved from /home/airflow/.local/lib/python3.12/site-packages/airflow/example_dags/example_datasets.py
[2024-12-01T22:44:33.570+0000] {logging_mixin.py:190} INFO - [2024-12-01T22:44:33.570+0000] {dag.py:3239} INFO - Sync 10 DAGs
[2024-12-01T22:44:33.582+0000] {logging_mixin.py:190} INFO - [2024-12-01T22:44:33.582+0000] {dag.py:4180} INFO - Setting next_dagrun for conditional_dataset_and_time_based_timetable to 2024-11-27 01:00:00+00:00, run_after=2024-11-27 01:00:00+00:00
[2024-12-01T22:44:33.584+0000] {logging_mixin.py:190} INFO - [2024-12-01T22:44:33.584+0000] {dag.py:4180} INFO - Setting next_dagrun for consume_1_and_2_with_dataset_expressions to None, run_after=None
[2024-12-01T22:44:33.584+0000] {logging_mixin.py:190} INFO - [2024-12-01T22:44:33.584+0000] {dag.py:4180} INFO - Setting next_dagrun for consume_1_or_2_with_dataset_expressions to None, run_after=None
[2024-12-01T22:44:33.585+0000] {logging_mixin.py:190} INFO - [2024-12-01T22:44:33.585+0000] {dag.py:4180} INFO - Setting next_dagrun for consume_1_or_both_2_and_3_with_dataset_expressions to None, run_after=None
[2024-12-01T22:44:33.587+0000] {logging_mixin.py:190} INFO - [2024-12-01T22:44:33.586+0000] {dag.py:4180} INFO - Setting next_dagrun for dataset_consumes_1 to None, run_after=None
[2024-12-01T22:44:33.588+0000] {logging_mixin.py:190} INFO - [2024-12-01T22:44:33.588+0000] {dag.py:4180} INFO - Setting next_dagrun for dataset_consumes_1_and_2 to None, run_after=None
[2024-12-01T22:44:33.589+0000] {logging_mixin.py:190} INFO - [2024-12-01T22:44:33.589+0000] {dag.py:4180} INFO - Setting next_dagrun for dataset_consumes_1_never_scheduled to None, run_after=None
[2024-12-01T22:44:33.589+0000] {logging_mixin.py:190} INFO - [2024-12-01T22:44:33.589+0000] {dag.py:4180} INFO - Setting next_dagrun for dataset_consumes_unknown_never_scheduled to None, run_after=None
[2024-12-01T22:44:33.590+0000] {logging_mixin.py:190} INFO - [2024-12-01T22:44:33.590+0000] {dag.py:4180} INFO - Setting next_dagrun for dataset_produces_1 to 2024-11-30 00:00:00+00:00, run_after=2024-12-01 00:00:00+00:00
[2024-12-01T22:44:33.590+0000] {logging_mixin.py:190} INFO - [2024-12-01T22:44:33.590+0000] {dag.py:4180} INFO - Setting next_dagrun for dataset_produces_2 to None, run_after=None
[2024-12-01T22:44:33.605+0000] {processor.py:208} INFO - Processing /home/airflow/.local/lib/python3.12/site-packages/airflow/example_dags/example_datasets.py took 0.299 seconds
[2024-12-01T22:45:04.454+0000] {processor.py:186} INFO - Started process (PID=287) to work on /home/airflow/.local/lib/python3.12/site-packages/airflow/example_dags/example_datasets.py
[2024-12-01T22:45:04.457+0000] {processor.py:914} INFO - Processing file /home/airflow/.local/lib/python3.12/site-packages/airflow/example_dags/example_datasets.py for tasks to queue
[2024-12-01T22:45:04.459+0000] {logging_mixin.py:190} INFO - [2024-12-01T22:45:04.458+0000] {dagbag.py:588} INFO - Filling up the DagBag from /home/airflow/.local/lib/python3.12/site-packages/airflow/example_dags/example_datasets.py
[2024-12-01T22:45:04.700+0000] {processor.py:925} INFO - DAG(s) 'dataset_consumes_1', 'consume_1_or_2_with_dataset_expressions', 'conditional_dataset_and_time_based_timetable', 'consume_1_and_2_with_dataset_expressions', 'dataset_consumes_1_and_2', 'dataset_consumes_1_never_scheduled', 'consume_1_or_both_2_and_3_with_dataset_expressions', 'dataset_consumes_unknown_never_scheduled', 'dataset_produces_2', 'dataset_produces_1' retrieved from /home/airflow/.local/lib/python3.12/site-packages/airflow/example_dags/example_datasets.py
[2024-12-01T22:45:04.723+0000] {logging_mixin.py:190} INFO - [2024-12-01T22:45:04.723+0000] {dag.py:3239} INFO - Sync 10 DAGs
[2024-12-01T22:45:04.732+0000] {logging_mixin.py:190} INFO - [2024-12-01T22:45:04.732+0000] {dag.py:4180} INFO - Setting next_dagrun for conditional_dataset_and_time_based_timetable to 2024-11-27 01:00:00+00:00, run_after=2024-11-27 01:00:00+00:00
[2024-12-01T22:45:04.733+0000] {logging_mixin.py:190} INFO - [2024-12-01T22:45:04.733+0000] {dag.py:4180} INFO - Setting next_dagrun for consume_1_and_2_with_dataset_expressions to None, run_after=None
[2024-12-01T22:45:04.734+0000] {logging_mixin.py:190} INFO - [2024-12-01T22:45:04.734+0000] {dag.py:4180} INFO - Setting next_dagrun for consume_1_or_2_with_dataset_expressions to None, run_after=None
[2024-12-01T22:45:04.734+0000] {logging_mixin.py:190} INFO - [2024-12-01T22:45:04.734+0000] {dag.py:4180} INFO - Setting next_dagrun for consume_1_or_both_2_and_3_with_dataset_expressions to None, run_after=None
[2024-12-01T22:45:04.734+0000] {logging_mixin.py:190} INFO - [2024-12-01T22:45:04.734+0000] {dag.py:4180} INFO - Setting next_dagrun for dataset_consumes_1 to None, run_after=None
[2024-12-01T22:45:04.735+0000] {logging_mixin.py:190} INFO - [2024-12-01T22:45:04.735+0000] {dag.py:4180} INFO - Setting next_dagrun for dataset_consumes_1_and_2 to None, run_after=None
[2024-12-01T22:45:04.735+0000] {logging_mixin.py:190} INFO - [2024-12-01T22:45:04.735+0000] {dag.py:4180} INFO - Setting next_dagrun for dataset_consumes_1_never_scheduled to None, run_after=None
[2024-12-01T22:45:04.735+0000] {logging_mixin.py:190} INFO - [2024-12-01T22:45:04.735+0000] {dag.py:4180} INFO - Setting next_dagrun for dataset_consumes_unknown_never_scheduled to None, run_after=None
[2024-12-01T22:45:04.736+0000] {logging_mixin.py:190} INFO - [2024-12-01T22:45:04.736+0000] {dag.py:4180} INFO - Setting next_dagrun for dataset_produces_1 to 2024-11-30 00:00:00+00:00, run_after=2024-12-01 00:00:00+00:00
[2024-12-01T22:45:04.736+0000] {logging_mixin.py:190} INFO - [2024-12-01T22:45:04.736+0000] {dag.py:4180} INFO - Setting next_dagrun for dataset_produces_2 to None, run_after=None
[2024-12-01T22:45:04.746+0000] {processor.py:208} INFO - Processing /home/airflow/.local/lib/python3.12/site-packages/airflow/example_dags/example_datasets.py took 0.294 seconds
[2024-12-01T22:45:35.619+0000] {processor.py:186} INFO - Started process (PID=351) to work on /home/airflow/.local/lib/python3.12/site-packages/airflow/example_dags/example_datasets.py
[2024-12-01T22:45:35.620+0000] {processor.py:914} INFO - Processing file /home/airflow/.local/lib/python3.12/site-packages/airflow/example_dags/example_datasets.py for tasks to queue
[2024-12-01T22:45:35.621+0000] {logging_mixin.py:190} INFO - [2024-12-01T22:45:35.621+0000] {dagbag.py:588} INFO - Filling up the DagBag from /home/airflow/.local/lib/python3.12/site-packages/airflow/example_dags/example_datasets.py
[2024-12-01T22:45:35.867+0000] {processor.py:925} INFO - DAG(s) 'dataset_consumes_1_and_2', 'dataset_produces_1', 'consume_1_or_both_2_and_3_with_dataset_expressions', 'conditional_dataset_and_time_based_timetable', 'dataset_consumes_1_never_scheduled', 'dataset_consumes_unknown_never_scheduled', 'consume_1_and_2_with_dataset_expressions', 'consume_1_or_2_with_dataset_expressions', 'dataset_produces_2', 'dataset_consumes_1' retrieved from /home/airflow/.local/lib/python3.12/site-packages/airflow/example_dags/example_datasets.py
[2024-12-01T22:45:35.891+0000] {logging_mixin.py:190} INFO - [2024-12-01T22:45:35.891+0000] {dag.py:3239} INFO - Sync 10 DAGs
[2024-12-01T22:45:35.901+0000] {logging_mixin.py:190} INFO - [2024-12-01T22:45:35.901+0000] {dag.py:4180} INFO - Setting next_dagrun for conditional_dataset_and_time_based_timetable to 2024-11-27 01:00:00+00:00, run_after=2024-11-27 01:00:00+00:00
[2024-12-01T22:45:35.903+0000] {logging_mixin.py:190} INFO - [2024-12-01T22:45:35.903+0000] {dag.py:4180} INFO - Setting next_dagrun for consume_1_and_2_with_dataset_expressions to None, run_after=None
[2024-12-01T22:45:35.903+0000] {logging_mixin.py:190} INFO - [2024-12-01T22:45:35.903+0000] {dag.py:4180} INFO - Setting next_dagrun for consume_1_or_2_with_dataset_expressions to None, run_after=None
[2024-12-01T22:45:35.904+0000] {logging_mixin.py:190} INFO - [2024-12-01T22:45:35.904+0000] {dag.py:4180} INFO - Setting next_dagrun for consume_1_or_both_2_and_3_with_dataset_expressions to None, run_after=None
[2024-12-01T22:45:35.904+0000] {logging_mixin.py:190} INFO - [2024-12-01T22:45:35.904+0000] {dag.py:4180} INFO - Setting next_dagrun for dataset_consumes_1 to None, run_after=None
[2024-12-01T22:45:35.904+0000] {logging_mixin.py:190} INFO - [2024-12-01T22:45:35.904+0000] {dag.py:4180} INFO - Setting next_dagrun for dataset_consumes_1_and_2 to None, run_after=None
[2024-12-01T22:45:35.905+0000] {logging_mixin.py:190} INFO - [2024-12-01T22:45:35.905+0000] {dag.py:4180} INFO - Setting next_dagrun for dataset_consumes_1_never_scheduled to None, run_after=None
[2024-12-01T22:45:35.905+0000] {logging_mixin.py:190} INFO - [2024-12-01T22:45:35.905+0000] {dag.py:4180} INFO - Setting next_dagrun for dataset_consumes_unknown_never_scheduled to None, run_after=None
[2024-12-01T22:45:35.906+0000] {logging_mixin.py:190} INFO - [2024-12-01T22:45:35.906+0000] {dag.py:4180} INFO - Setting next_dagrun for dataset_produces_1 to 2024-11-30 00:00:00+00:00, run_after=2024-12-01 00:00:00+00:00
[2024-12-01T22:45:35.906+0000] {logging_mixin.py:190} INFO - [2024-12-01T22:45:35.906+0000] {dag.py:4180} INFO - Setting next_dagrun for dataset_produces_2 to None, run_after=None
[2024-12-01T22:45:35.916+0000] {processor.py:208} INFO - Processing /home/airflow/.local/lib/python3.12/site-packages/airflow/example_dags/example_datasets.py took 0.299 seconds
[2024-12-01T22:46:06.775+0000] {processor.py:186} INFO - Started process (PID=415) to work on /home/airflow/.local/lib/python3.12/site-packages/airflow/example_dags/example_datasets.py
[2024-12-01T22:46:06.775+0000] {processor.py:914} INFO - Processing file /home/airflow/.local/lib/python3.12/site-packages/airflow/example_dags/example_datasets.py for tasks to queue
[2024-12-01T22:46:06.776+0000] {logging_mixin.py:190} INFO - [2024-12-01T22:46:06.776+0000] {dagbag.py:588} INFO - Filling up the DagBag from /home/airflow/.local/lib/python3.12/site-packages/airflow/example_dags/example_datasets.py
[2024-12-01T22:46:07.012+0000] {processor.py:925} INFO - DAG(s) 'dataset_consumes_1_and_2', 'consume_1_or_2_with_dataset_expressions', 'conditional_dataset_and_time_based_timetable', 'consume_1_and_2_with_dataset_expressions', 'dataset_consumes_unknown_never_scheduled', 'dataset_produces_2', 'dataset_consumes_1_never_scheduled', 'dataset_produces_1', 'consume_1_or_both_2_and_3_with_dataset_expressions', 'dataset_consumes_1' retrieved from /home/airflow/.local/lib/python3.12/site-packages/airflow/example_dags/example_datasets.py
[2024-12-01T22:46:07.035+0000] {logging_mixin.py:190} INFO - [2024-12-01T22:46:07.035+0000] {dag.py:3239} INFO - Sync 10 DAGs
[2024-12-01T22:46:07.044+0000] {logging_mixin.py:190} INFO - [2024-12-01T22:46:07.044+0000] {dag.py:4180} INFO - Setting next_dagrun for conditional_dataset_and_time_based_timetable to 2024-11-27 01:00:00+00:00, run_after=2024-11-27 01:00:00+00:00
[2024-12-01T22:46:07.050+0000] {logging_mixin.py:190} INFO - [2024-12-01T22:46:07.050+0000] {dag.py:4180} INFO - Setting next_dagrun for consume_1_and_2_with_dataset_expressions to None, run_after=None
[2024-12-01T22:46:07.051+0000] {logging_mixin.py:190} INFO - [2024-12-01T22:46:07.051+0000] {dag.py:4180} INFO - Setting next_dagrun for consume_1_or_2_with_dataset_expressions to None, run_after=None
[2024-12-01T22:46:07.051+0000] {logging_mixin.py:190} INFO - [2024-12-01T22:46:07.051+0000] {dag.py:4180} INFO - Setting next_dagrun for consume_1_or_both_2_and_3_with_dataset_expressions to None, run_after=None
[2024-12-01T22:46:07.052+0000] {logging_mixin.py:190} INFO - [2024-12-01T22:46:07.052+0000] {dag.py:4180} INFO - Setting next_dagrun for dataset_consumes_1 to None, run_after=None
[2024-12-01T22:46:07.052+0000] {logging_mixin.py:190} INFO - [2024-12-01T22:46:07.052+0000] {dag.py:4180} INFO - Setting next_dagrun for dataset_consumes_1_and_2 to None, run_after=None
[2024-12-01T22:46:07.053+0000] {logging_mixin.py:190} INFO - [2024-12-01T22:46:07.053+0000] {dag.py:4180} INFO - Setting next_dagrun for dataset_consumes_1_never_scheduled to None, run_after=None
[2024-12-01T22:46:07.054+0000] {logging_mixin.py:190} INFO - [2024-12-01T22:46:07.054+0000] {dag.py:4180} INFO - Setting next_dagrun for dataset_consumes_unknown_never_scheduled to None, run_after=None
[2024-12-01T22:46:07.057+0000] {logging_mixin.py:190} INFO - [2024-12-01T22:46:07.057+0000] {dag.py:4180} INFO - Setting next_dagrun for dataset_produces_1 to 2024-11-30 00:00:00+00:00, run_after=2024-12-01 00:00:00+00:00
[2024-12-01T22:46:07.058+0000] {logging_mixin.py:190} INFO - [2024-12-01T22:46:07.058+0000] {dag.py:4180} INFO - Setting next_dagrun for dataset_produces_2 to None, run_after=None
[2024-12-01T22:46:07.072+0000] {processor.py:208} INFO - Processing /home/airflow/.local/lib/python3.12/site-packages/airflow/example_dags/example_datasets.py took 0.300 seconds
[2024-12-01T22:46:38.040+0000] {processor.py:186} INFO - Started process (PID=479) to work on /home/airflow/.local/lib/python3.12/site-packages/airflow/example_dags/example_datasets.py
[2024-12-01T22:46:38.041+0000] {processor.py:914} INFO - Processing file /home/airflow/.local/lib/python3.12/site-packages/airflow/example_dags/example_datasets.py for tasks to queue
[2024-12-01T22:46:38.042+0000] {logging_mixin.py:190} INFO - [2024-12-01T22:46:38.041+0000] {dagbag.py:588} INFO - Filling up the DagBag from /home/airflow/.local/lib/python3.12/site-packages/airflow/example_dags/example_datasets.py
[2024-12-01T22:46:38.288+0000] {processor.py:925} INFO - DAG(s) 'dataset_produces_2', 'conditional_dataset_and_time_based_timetable', 'consume_1_and_2_with_dataset_expressions', 'dataset_produces_1', 'dataset_consumes_1', 'consume_1_or_both_2_and_3_with_dataset_expressions', 'consume_1_or_2_with_dataset_expressions', 'dataset_consumes_1_and_2', 'dataset_consumes_1_never_scheduled', 'dataset_consumes_unknown_never_scheduled' retrieved from /home/airflow/.local/lib/python3.12/site-packages/airflow/example_dags/example_datasets.py
[2024-12-01T22:46:38.301+0000] {logging_mixin.py:190} INFO - [2024-12-01T22:46:38.301+0000] {dag.py:3239} INFO - Sync 10 DAGs
[2024-12-01T22:46:38.315+0000] {logging_mixin.py:190} INFO - [2024-12-01T22:46:38.315+0000] {dag.py:4180} INFO - Setting next_dagrun for conditional_dataset_and_time_based_timetable to 2024-11-27 01:00:00+00:00, run_after=2024-11-27 01:00:00+00:00
[2024-12-01T22:46:38.318+0000] {logging_mixin.py:190} INFO - [2024-12-01T22:46:38.318+0000] {dag.py:4180} INFO - Setting next_dagrun for consume_1_and_2_with_dataset_expressions to None, run_after=None
[2024-12-01T22:46:38.319+0000] {logging_mixin.py:190} INFO - [2024-12-01T22:46:38.319+0000] {dag.py:4180} INFO - Setting next_dagrun for consume_1_or_2_with_dataset_expressions to None, run_after=None
[2024-12-01T22:46:38.319+0000] {logging_mixin.py:190} INFO - [2024-12-01T22:46:38.319+0000] {dag.py:4180} INFO - Setting next_dagrun for consume_1_or_both_2_and_3_with_dataset_expressions to None, run_after=None
[2024-12-01T22:46:38.320+0000] {logging_mixin.py:190} INFO - [2024-12-01T22:46:38.320+0000] {dag.py:4180} INFO - Setting next_dagrun for dataset_consumes_1 to None, run_after=None
[2024-12-01T22:46:38.320+0000] {logging_mixin.py:190} INFO - [2024-12-01T22:46:38.320+0000] {dag.py:4180} INFO - Setting next_dagrun for dataset_consumes_1_and_2 to None, run_after=None
[2024-12-01T22:46:38.320+0000] {logging_mixin.py:190} INFO - [2024-12-01T22:46:38.320+0000] {dag.py:4180} INFO - Setting next_dagrun for dataset_consumes_1_never_scheduled to None, run_after=None
[2024-12-01T22:46:38.321+0000] {logging_mixin.py:190} INFO - [2024-12-01T22:46:38.321+0000] {dag.py:4180} INFO - Setting next_dagrun for dataset_consumes_unknown_never_scheduled to None, run_after=None
[2024-12-01T22:46:38.321+0000] {logging_mixin.py:190} INFO - [2024-12-01T22:46:38.321+0000] {dag.py:4180} INFO - Setting next_dagrun for dataset_produces_1 to 2024-11-30 00:00:00+00:00, run_after=2024-12-01 00:00:00+00:00
[2024-12-01T22:46:38.322+0000] {logging_mixin.py:190} INFO - [2024-12-01T22:46:38.322+0000] {dag.py:4180} INFO - Setting next_dagrun for dataset_produces_2 to None, run_after=None
[2024-12-01T22:46:38.336+0000] {processor.py:208} INFO - Processing /home/airflow/.local/lib/python3.12/site-packages/airflow/example_dags/example_datasets.py took 0.298 seconds
[2024-12-01T22:47:09.130+0000] {processor.py:186} INFO - Started process (PID=543) to work on /home/airflow/.local/lib/python3.12/site-packages/airflow/example_dags/example_datasets.py
[2024-12-01T22:47:09.130+0000] {processor.py:914} INFO - Processing file /home/airflow/.local/lib/python3.12/site-packages/airflow/example_dags/example_datasets.py for tasks to queue
[2024-12-01T22:47:09.131+0000] {logging_mixin.py:190} INFO - [2024-12-01T22:47:09.131+0000] {dagbag.py:588} INFO - Filling up the DagBag from /home/airflow/.local/lib/python3.12/site-packages/airflow/example_dags/example_datasets.py
[2024-12-01T22:47:09.359+0000] {processor.py:925} INFO - DAG(s) 'consume_1_or_2_with_dataset_expressions', 'dataset_consumes_1', 'consume_1_or_both_2_and_3_with_dataset_expressions', 'dataset_consumes_1_and_2', 'consume_1_and_2_with_dataset_expressions', 'conditional_dataset_and_time_based_timetable', 'dataset_consumes_1_never_scheduled', 'dataset_consumes_unknown_never_scheduled', 'dataset_produces_2', 'dataset_produces_1' retrieved from /home/airflow/.local/lib/python3.12/site-packages/airflow/example_dags/example_datasets.py
[2024-12-01T22:47:09.378+0000] {logging_mixin.py:190} INFO - [2024-12-01T22:47:09.378+0000] {dag.py:3239} INFO - Sync 10 DAGs
[2024-12-01T22:47:09.386+0000] {logging_mixin.py:190} INFO - [2024-12-01T22:47:09.386+0000] {dag.py:4180} INFO - Setting next_dagrun for conditional_dataset_and_time_based_timetable to 2024-11-27 01:00:00+00:00, run_after=2024-11-27 01:00:00+00:00
[2024-12-01T22:47:09.387+0000] {logging_mixin.py:190} INFO - [2024-12-01T22:47:09.387+0000] {dag.py:4180} INFO - Setting next_dagrun for consume_1_and_2_with_dataset_expressions to None, run_after=None
[2024-12-01T22:47:09.388+0000] {logging_mixin.py:190} INFO - [2024-12-01T22:47:09.388+0000] {dag.py:4180} INFO - Setting next_dagrun for consume_1_or_2_with_dataset_expressions to None, run_after=None
[2024-12-01T22:47:09.389+0000] {logging_mixin.py:190} INFO - [2024-12-01T22:47:09.389+0000] {dag.py:4180} INFO - Setting next_dagrun for consume_1_or_both_2_and_3_with_dataset_expressions to None, run_after=None
[2024-12-01T22:47:09.389+0000] {logging_mixin.py:190} INFO - [2024-12-01T22:47:09.389+0000] {dag.py:4180} INFO - Setting next_dagrun for dataset_consumes_1 to None, run_after=None
[2024-12-01T22:47:09.390+0000] {logging_mixin.py:190} INFO - [2024-12-01T22:47:09.390+0000] {dag.py:4180} INFO - Setting next_dagrun for dataset_consumes_1_and_2 to None, run_after=None
[2024-12-01T22:47:09.391+0000] {logging_mixin.py:190} INFO - [2024-12-01T22:47:09.391+0000] {dag.py:4180} INFO - Setting next_dagrun for dataset_consumes_1_never_scheduled to None, run_after=None
[2024-12-01T22:47:09.392+0000] {logging_mixin.py:190} INFO - [2024-12-01T22:47:09.392+0000] {dag.py:4180} INFO - Setting next_dagrun for dataset_consumes_unknown_never_scheduled to None, run_after=None
[2024-12-01T22:47:09.394+0000] {logging_mixin.py:190} INFO - [2024-12-01T22:47:09.393+0000] {dag.py:4180} INFO - Setting next_dagrun for dataset_produces_1 to 2024-11-30 00:00:00+00:00, run_after=2024-12-01 00:00:00+00:00
[2024-12-01T22:47:09.395+0000] {logging_mixin.py:190} INFO - [2024-12-01T22:47:09.395+0000] {dag.py:4180} INFO - Setting next_dagrun for dataset_produces_2 to None, run_after=None
[2024-12-01T22:47:09.409+0000] {processor.py:208} INFO - Processing /home/airflow/.local/lib/python3.12/site-packages/airflow/example_dags/example_datasets.py took 0.282 seconds
[2024-12-01T22:47:40.368+0000] {processor.py:186} INFO - Started process (PID=607) to work on /home/airflow/.local/lib/python3.12/site-packages/airflow/example_dags/example_datasets.py
[2024-12-01T22:47:40.369+0000] {processor.py:914} INFO - Processing file /home/airflow/.local/lib/python3.12/site-packages/airflow/example_dags/example_datasets.py for tasks to queue
[2024-12-01T22:47:40.370+0000] {logging_mixin.py:190} INFO - [2024-12-01T22:47:40.370+0000] {dagbag.py:588} INFO - Filling up the DagBag from /home/airflow/.local/lib/python3.12/site-packages/airflow/example_dags/example_datasets.py
[2024-12-01T22:47:40.605+0000] {processor.py:925} INFO - DAG(s) 'consume_1_or_2_with_dataset_expressions', 'dataset_consumes_1_never_scheduled', 'dataset_consumes_unknown_never_scheduled', 'conditional_dataset_and_time_based_timetable', 'dataset_consumes_1_and_2', 'dataset_produces_2', 'dataset_produces_1', 'consume_1_or_both_2_and_3_with_dataset_expressions', 'dataset_consumes_1', 'consume_1_and_2_with_dataset_expressions' retrieved from /home/airflow/.local/lib/python3.12/site-packages/airflow/example_dags/example_datasets.py
[2024-12-01T22:47:40.621+0000] {logging_mixin.py:190} INFO - [2024-12-01T22:47:40.621+0000] {dag.py:3239} INFO - Sync 10 DAGs
[2024-12-01T22:47:40.631+0000] {logging_mixin.py:190} INFO - [2024-12-01T22:47:40.631+0000] {dag.py:4180} INFO - Setting next_dagrun for conditional_dataset_and_time_based_timetable to 2024-11-27 01:00:00+00:00, run_after=2024-11-27 01:00:00+00:00
[2024-12-01T22:47:40.634+0000] {logging_mixin.py:190} INFO - [2024-12-01T22:47:40.634+0000] {dag.py:4180} INFO - Setting next_dagrun for consume_1_and_2_with_dataset_expressions to None, run_after=None
[2024-12-01T22:47:40.635+0000] {logging_mixin.py:190} INFO - [2024-12-01T22:47:40.635+0000] {dag.py:4180} INFO - Setting next_dagrun for consume_1_or_2_with_dataset_expressions to None, run_after=None
[2024-12-01T22:47:40.635+0000] {logging_mixin.py:190} INFO - [2024-12-01T22:47:40.635+0000] {dag.py:4180} INFO - Setting next_dagrun for consume_1_or_both_2_and_3_with_dataset_expressions to None, run_after=None
[2024-12-01T22:47:40.636+0000] {logging_mixin.py:190} INFO - [2024-12-01T22:47:40.636+0000] {dag.py:4180} INFO - Setting next_dagrun for dataset_consumes_1 to None, run_after=None
[2024-12-01T22:47:40.638+0000] {logging_mixin.py:190} INFO - [2024-12-01T22:47:40.638+0000] {dag.py:4180} INFO - Setting next_dagrun for dataset_consumes_1_and_2 to None, run_after=None
[2024-12-01T22:47:40.638+0000] {logging_mixin.py:190} INFO - [2024-12-01T22:47:40.638+0000] {dag.py:4180} INFO - Setting next_dagrun for dataset_consumes_1_never_scheduled to None, run_after=None
[2024-12-01T22:47:40.639+0000] {logging_mixin.py:190} INFO - [2024-12-01T22:47:40.639+0000] {dag.py:4180} INFO - Setting next_dagrun for dataset_consumes_unknown_never_scheduled to None, run_after=None
[2024-12-01T22:47:40.639+0000] {logging_mixin.py:190} INFO - [2024-12-01T22:47:40.639+0000] {dag.py:4180} INFO - Setting next_dagrun for dataset_produces_1 to 2024-11-30 00:00:00+00:00, run_after=2024-12-01 00:00:00+00:00
[2024-12-01T22:47:40.640+0000] {logging_mixin.py:190} INFO - [2024-12-01T22:47:40.640+0000] {dag.py:4180} INFO - Setting next_dagrun for dataset_produces_2 to None, run_after=None
[2024-12-01T22:47:40.658+0000] {processor.py:208} INFO - Processing /home/airflow/.local/lib/python3.12/site-packages/airflow/example_dags/example_datasets.py took 0.292 seconds
[2024-12-01T22:48:11.555+0000] {processor.py:186} INFO - Started process (PID=671) to work on /home/airflow/.local/lib/python3.12/site-packages/airflow/example_dags/example_datasets.py
[2024-12-01T22:48:11.555+0000] {processor.py:914} INFO - Processing file /home/airflow/.local/lib/python3.12/site-packages/airflow/example_dags/example_datasets.py for tasks to queue
[2024-12-01T22:48:11.556+0000] {logging_mixin.py:190} INFO - [2024-12-01T22:48:11.556+0000] {dagbag.py:588} INFO - Filling up the DagBag from /home/airflow/.local/lib/python3.12/site-packages/airflow/example_dags/example_datasets.py
[2024-12-01T22:48:11.786+0000] {processor.py:925} INFO - DAG(s) 'consume_1_and_2_with_dataset_expressions', 'consume_1_or_both_2_and_3_with_dataset_expressions', 'dataset_produces_1', 'conditional_dataset_and_time_based_timetable', 'dataset_consumes_1', 'dataset_consumes_unknown_never_scheduled', 'dataset_consumes_1_never_scheduled', 'dataset_consumes_1_and_2', 'dataset_produces_2', 'consume_1_or_2_with_dataset_expressions' retrieved from /home/airflow/.local/lib/python3.12/site-packages/airflow/example_dags/example_datasets.py
[2024-12-01T22:48:11.800+0000] {logging_mixin.py:190} INFO - [2024-12-01T22:48:11.800+0000] {dag.py:3239} INFO - Sync 10 DAGs
[2024-12-01T22:48:11.809+0000] {logging_mixin.py:190} INFO - [2024-12-01T22:48:11.809+0000] {dag.py:4180} INFO - Setting next_dagrun for conditional_dataset_and_time_based_timetable to 2024-11-27 01:00:00+00:00, run_after=2024-11-27 01:00:00+00:00
[2024-12-01T22:48:11.810+0000] {logging_mixin.py:190} INFO - [2024-12-01T22:48:11.810+0000] {dag.py:4180} INFO - Setting next_dagrun for consume_1_and_2_with_dataset_expressions to None, run_after=None
[2024-12-01T22:48:11.811+0000] {logging_mixin.py:190} INFO - [2024-12-01T22:48:11.811+0000] {dag.py:4180} INFO - Setting next_dagrun for consume_1_or_2_with_dataset_expressions to None, run_after=None
[2024-12-01T22:48:11.813+0000] {logging_mixin.py:190} INFO - [2024-12-01T22:48:11.813+0000] {dag.py:4180} INFO - Setting next_dagrun for consume_1_or_both_2_and_3_with_dataset_expressions to None, run_after=None
[2024-12-01T22:48:11.813+0000] {logging_mixin.py:190} INFO - [2024-12-01T22:48:11.813+0000] {dag.py:4180} INFO - Setting next_dagrun for dataset_consumes_1 to None, run_after=None
[2024-12-01T22:48:11.814+0000] {logging_mixin.py:190} INFO - [2024-12-01T22:48:11.814+0000] {dag.py:4180} INFO - Setting next_dagrun for dataset_consumes_1_and_2 to None, run_after=None
[2024-12-01T22:48:11.814+0000] {logging_mixin.py:190} INFO - [2024-12-01T22:48:11.814+0000] {dag.py:4180} INFO - Setting next_dagrun for dataset_consumes_1_never_scheduled to None, run_after=None
[2024-12-01T22:48:11.815+0000] {logging_mixin.py:190} INFO - [2024-12-01T22:48:11.815+0000] {dag.py:4180} INFO - Setting next_dagrun for dataset_consumes_unknown_never_scheduled to None, run_after=None
[2024-12-01T22:48:11.815+0000] {logging_mixin.py:190} INFO - [2024-12-01T22:48:11.815+0000] {dag.py:4180} INFO - Setting next_dagrun for dataset_produces_1 to 2024-11-30 00:00:00+00:00, run_after=2024-12-01 00:00:00+00:00
[2024-12-01T22:48:11.816+0000] {logging_mixin.py:190} INFO - [2024-12-01T22:48:11.816+0000] {dag.py:4180} INFO - Setting next_dagrun for dataset_produces_2 to None, run_after=None
[2024-12-01T22:48:11.825+0000] {processor.py:208} INFO - Processing /home/airflow/.local/lib/python3.12/site-packages/airflow/example_dags/example_datasets.py took 0.272 seconds
[2024-12-01T22:48:42.724+0000] {processor.py:186} INFO - Started process (PID=735) to work on /home/airflow/.local/lib/python3.12/site-packages/airflow/example_dags/example_datasets.py
[2024-12-01T22:48:42.725+0000] {processor.py:914} INFO - Processing file /home/airflow/.local/lib/python3.12/site-packages/airflow/example_dags/example_datasets.py for tasks to queue
[2024-12-01T22:48:42.725+0000] {logging_mixin.py:190} INFO - [2024-12-01T22:48:42.725+0000] {dagbag.py:588} INFO - Filling up the DagBag from /home/airflow/.local/lib/python3.12/site-packages/airflow/example_dags/example_datasets.py
[2024-12-01T22:48:42.951+0000] {processor.py:925} INFO - DAG(s) 'dataset_consumes_1_never_scheduled', 'dataset_consumes_unknown_never_scheduled', 'consume_1_and_2_with_dataset_expressions', 'dataset_produces_1', 'dataset_consumes_1_and_2', 'conditional_dataset_and_time_based_timetable', 'consume_1_or_2_with_dataset_expressions', 'dataset_consumes_1', 'dataset_produces_2', 'consume_1_or_both_2_and_3_with_dataset_expressions' retrieved from /home/airflow/.local/lib/python3.12/site-packages/airflow/example_dags/example_datasets.py
[2024-12-01T22:48:42.970+0000] {logging_mixin.py:190} INFO - [2024-12-01T22:48:42.969+0000] {dag.py:3239} INFO - Sync 10 DAGs
[2024-12-01T22:48:42.978+0000] {logging_mixin.py:190} INFO - [2024-12-01T22:48:42.978+0000] {dag.py:4180} INFO - Setting next_dagrun for conditional_dataset_and_time_based_timetable to 2024-11-27 01:00:00+00:00, run_after=2024-11-27 01:00:00+00:00
[2024-12-01T22:48:42.980+0000] {logging_mixin.py:190} INFO - [2024-12-01T22:48:42.980+0000] {dag.py:4180} INFO - Setting next_dagrun for consume_1_and_2_with_dataset_expressions to None, run_after=None
[2024-12-01T22:48:42.981+0000] {logging_mixin.py:190} INFO - [2024-12-01T22:48:42.981+0000] {dag.py:4180} INFO - Setting next_dagrun for consume_1_or_2_with_dataset_expressions to None, run_after=None
[2024-12-01T22:48:42.981+0000] {logging_mixin.py:190} INFO - [2024-12-01T22:48:42.981+0000] {dag.py:4180} INFO - Setting next_dagrun for consume_1_or_both_2_and_3_with_dataset_expressions to None, run_after=None
[2024-12-01T22:48:42.983+0000] {logging_mixin.py:190} INFO - [2024-12-01T22:48:42.983+0000] {dag.py:4180} INFO - Setting next_dagrun for dataset_consumes_1 to None, run_after=None
[2024-12-01T22:48:42.984+0000] {logging_mixin.py:190} INFO - [2024-12-01T22:48:42.984+0000] {dag.py:4180} INFO - Setting next_dagrun for dataset_consumes_1_and_2 to None, run_after=None
[2024-12-01T22:48:42.985+0000] {logging_mixin.py:190} INFO - [2024-12-01T22:48:42.985+0000] {dag.py:4180} INFO - Setting next_dagrun for dataset_consumes_1_never_scheduled to None, run_after=None
[2024-12-01T22:48:42.985+0000] {logging_mixin.py:190} INFO - [2024-12-01T22:48:42.985+0000] {dag.py:4180} INFO - Setting next_dagrun for dataset_consumes_unknown_never_scheduled to None, run_after=None
[2024-12-01T22:48:42.986+0000] {logging_mixin.py:190} INFO - [2024-12-01T22:48:42.986+0000] {dag.py:4180} INFO - Setting next_dagrun for dataset_produces_1 to 2024-11-30 00:00:00+00:00, run_after=2024-12-01 00:00:00+00:00
[2024-12-01T22:48:42.986+0000] {logging_mixin.py:190} INFO - [2024-12-01T22:48:42.986+0000] {dag.py:4180} INFO - Setting next_dagrun for dataset_produces_2 to None, run_after=None
[2024-12-01T22:48:42.996+0000] {processor.py:208} INFO - Processing /home/airflow/.local/lib/python3.12/site-packages/airflow/example_dags/example_datasets.py took 0.274 seconds
[2024-12-01T22:49:13.865+0000] {processor.py:186} INFO - Started process (PID=799) to work on /home/airflow/.local/lib/python3.12/site-packages/airflow/example_dags/example_datasets.py
[2024-12-01T22:49:13.866+0000] {processor.py:914} INFO - Processing file /home/airflow/.local/lib/python3.12/site-packages/airflow/example_dags/example_datasets.py for tasks to queue
[2024-12-01T22:49:13.867+0000] {logging_mixin.py:190} INFO - [2024-12-01T22:49:13.867+0000] {dagbag.py:588} INFO - Filling up the DagBag from /home/airflow/.local/lib/python3.12/site-packages/airflow/example_dags/example_datasets.py
[2024-12-01T22:49:14.097+0000] {processor.py:925} INFO - DAG(s) 'dataset_consumes_1_never_scheduled', 'dataset_consumes_unknown_never_scheduled', 'dataset_produces_1', 'consume_1_or_2_with_dataset_expressions', 'dataset_consumes_1_and_2', 'dataset_consumes_1', 'consume_1_and_2_with_dataset_expressions', 'consume_1_or_both_2_and_3_with_dataset_expressions', 'conditional_dataset_and_time_based_timetable', 'dataset_produces_2' retrieved from /home/airflow/.local/lib/python3.12/site-packages/airflow/example_dags/example_datasets.py
[2024-12-01T22:49:14.114+0000] {logging_mixin.py:190} INFO - [2024-12-01T22:49:14.114+0000] {dag.py:3239} INFO - Sync 10 DAGs
[2024-12-01T22:49:14.123+0000] {logging_mixin.py:190} INFO - [2024-12-01T22:49:14.123+0000] {dag.py:4180} INFO - Setting next_dagrun for conditional_dataset_and_time_based_timetable to 2024-11-27 01:00:00+00:00, run_after=2024-11-27 01:00:00+00:00
[2024-12-01T22:49:14.124+0000] {logging_mixin.py:190} INFO - [2024-12-01T22:49:14.124+0000] {dag.py:4180} INFO - Setting next_dagrun for consume_1_and_2_with_dataset_expressions to None, run_after=None
[2024-12-01T22:49:14.125+0000] {logging_mixin.py:190} INFO - [2024-12-01T22:49:14.125+0000] {dag.py:4180} INFO - Setting next_dagrun for consume_1_or_2_with_dataset_expressions to None, run_after=None
[2024-12-01T22:49:14.126+0000] {logging_mixin.py:190} INFO - [2024-12-01T22:49:14.126+0000] {dag.py:4180} INFO - Setting next_dagrun for consume_1_or_both_2_and_3_with_dataset_expressions to None, run_after=None
[2024-12-01T22:49:14.127+0000] {logging_mixin.py:190} INFO - [2024-12-01T22:49:14.127+0000] {dag.py:4180} INFO - Setting next_dagrun for dataset_consumes_1 to None, run_after=None
[2024-12-01T22:49:14.127+0000] {logging_mixin.py:190} INFO - [2024-12-01T22:49:14.127+0000] {dag.py:4180} INFO - Setting next_dagrun for dataset_consumes_1_and_2 to None, run_after=None
[2024-12-01T22:49:14.128+0000] {logging_mixin.py:190} INFO - [2024-12-01T22:49:14.128+0000] {dag.py:4180} INFO - Setting next_dagrun for dataset_consumes_1_never_scheduled to None, run_after=None
[2024-12-01T22:49:14.128+0000] {logging_mixin.py:190} INFO - [2024-12-01T22:49:14.128+0000] {dag.py:4180} INFO - Setting next_dagrun for dataset_consumes_unknown_never_scheduled to None, run_after=None
[2024-12-01T22:49:14.129+0000] {logging_mixin.py:190} INFO - [2024-12-01T22:49:14.129+0000] {dag.py:4180} INFO - Setting next_dagrun for dataset_produces_1 to 2024-11-30 00:00:00+00:00, run_after=2024-12-01 00:00:00+00:00
[2024-12-01T22:49:14.130+0000] {logging_mixin.py:190} INFO - [2024-12-01T22:49:14.130+0000] {dag.py:4180} INFO - Setting next_dagrun for dataset_produces_2 to None, run_after=None
[2024-12-01T22:49:14.145+0000] {processor.py:208} INFO - Processing /home/airflow/.local/lib/python3.12/site-packages/airflow/example_dags/example_datasets.py took 0.282 seconds
