[2024-12-01T22:43:31.110+0000] {processor.py:186} INFO - Started process (PID=70) to work on /home/airflow/.local/lib/python3.12/site-packages/airflow/example_dags/example_external_task_marker_dag.py
[2024-12-01T22:43:31.111+0000] {processor.py:914} INFO - Processing file /home/airflow/.local/lib/python3.12/site-packages/airflow/example_dags/example_external_task_marker_dag.py for tasks to queue
[2024-12-01T22:43:31.112+0000] {logging_mixin.py:190} INFO - [2024-12-01T22:43:31.112+0000] {dagbag.py:588} INFO - Filling up the DagBag from /home/airflow/.local/lib/python3.12/site-packages/airflow/example_dags/example_external_task_marker_dag.py
[2024-12-01T22:43:31.117+0000] {processor.py:925} INFO - DAG(s) 'example_external_task_marker_parent', 'example_external_task_marker_child' retrieved from /home/airflow/.local/lib/python3.12/site-packages/airflow/example_dags/example_external_task_marker_dag.py
[2024-12-01T22:43:31.133+0000] {logging_mixin.py:190} INFO - [2024-12-01T22:43:31.133+0000] {dag.py:3239} INFO - Sync 2 DAGs
[2024-12-01T22:43:31.140+0000] {logging_mixin.py:190} INFO - [2024-12-01T22:43:31.140+0000] {dag.py:4180} INFO - Setting next_dagrun for example_external_task_marker_child to None, run_after=None
[2024-12-01T22:43:31.142+0000] {logging_mixin.py:190} INFO - [2024-12-01T22:43:31.141+0000] {dag.py:4180} INFO - Setting next_dagrun for example_external_task_marker_parent to None, run_after=None
[2024-12-01T22:43:31.150+0000] {processor.py:208} INFO - Processing /home/airflow/.local/lib/python3.12/site-packages/airflow/example_dags/example_external_task_marker_dag.py took 0.042 seconds
[2024-12-01T22:44:01.536+0000] {processor.py:186} INFO - Started process (PID=134) to work on /home/airflow/.local/lib/python3.12/site-packages/airflow/example_dags/example_external_task_marker_dag.py
[2024-12-01T22:44:01.538+0000] {processor.py:914} INFO - Processing file /home/airflow/.local/lib/python3.12/site-packages/airflow/example_dags/example_external_task_marker_dag.py for tasks to queue
[2024-12-01T22:44:01.539+0000] {logging_mixin.py:190} INFO - [2024-12-01T22:44:01.539+0000] {dagbag.py:588} INFO - Filling up the DagBag from /home/airflow/.local/lib/python3.12/site-packages/airflow/example_dags/example_external_task_marker_dag.py
[2024-12-01T22:44:01.542+0000] {processor.py:925} INFO - DAG(s) 'example_external_task_marker_parent', 'example_external_task_marker_child' retrieved from /home/airflow/.local/lib/python3.12/site-packages/airflow/example_dags/example_external_task_marker_dag.py
[2024-12-01T22:44:01.550+0000] {logging_mixin.py:190} INFO - [2024-12-01T22:44:01.550+0000] {dag.py:3239} INFO - Sync 2 DAGs
[2024-12-01T22:44:01.556+0000] {logging_mixin.py:190} INFO - [2024-12-01T22:44:01.556+0000] {dag.py:4180} INFO - Setting next_dagrun for example_external_task_marker_child to None, run_after=None
[2024-12-01T22:44:01.557+0000] {logging_mixin.py:190} INFO - [2024-12-01T22:44:01.557+0000] {dag.py:4180} INFO - Setting next_dagrun for example_external_task_marker_parent to None, run_after=None
[2024-12-01T22:44:01.564+0000] {processor.py:208} INFO - Processing /home/airflow/.local/lib/python3.12/site-packages/airflow/example_dags/example_external_task_marker_dag.py took 0.030 seconds
[2024-12-01T22:44:32.804+0000] {processor.py:186} INFO - Started process (PID=198) to work on /home/airflow/.local/lib/python3.12/site-packages/airflow/example_dags/example_external_task_marker_dag.py
[2024-12-01T22:44:32.804+0000] {processor.py:914} INFO - Processing file /home/airflow/.local/lib/python3.12/site-packages/airflow/example_dags/example_external_task_marker_dag.py for tasks to queue
[2024-12-01T22:44:32.805+0000] {logging_mixin.py:190} INFO - [2024-12-01T22:44:32.805+0000] {dagbag.py:588} INFO - Filling up the DagBag from /home/airflow/.local/lib/python3.12/site-packages/airflow/example_dags/example_external_task_marker_dag.py
[2024-12-01T22:44:32.808+0000] {processor.py:925} INFO - DAG(s) 'example_external_task_marker_child', 'example_external_task_marker_parent' retrieved from /home/airflow/.local/lib/python3.12/site-packages/airflow/example_dags/example_external_task_marker_dag.py
[2024-12-01T22:44:32.816+0000] {logging_mixin.py:190} INFO - [2024-12-01T22:44:32.816+0000] {dag.py:3239} INFO - Sync 2 DAGs
[2024-12-01T22:44:32.820+0000] {logging_mixin.py:190} INFO - [2024-12-01T22:44:32.820+0000] {dag.py:4180} INFO - Setting next_dagrun for example_external_task_marker_child to None, run_after=None
[2024-12-01T22:44:32.821+0000] {logging_mixin.py:190} INFO - [2024-12-01T22:44:32.821+0000] {dag.py:4180} INFO - Setting next_dagrun for example_external_task_marker_parent to None, run_after=None
[2024-12-01T22:44:32.826+0000] {processor.py:208} INFO - Processing /home/airflow/.local/lib/python3.12/site-packages/airflow/example_dags/example_external_task_marker_dag.py took 0.024 seconds
[2024-12-01T22:45:03.930+0000] {processor.py:186} INFO - Started process (PID=262) to work on /home/airflow/.local/lib/python3.12/site-packages/airflow/example_dags/example_external_task_marker_dag.py
[2024-12-01T22:45:03.931+0000] {processor.py:914} INFO - Processing file /home/airflow/.local/lib/python3.12/site-packages/airflow/example_dags/example_external_task_marker_dag.py for tasks to queue
[2024-12-01T22:45:03.932+0000] {logging_mixin.py:190} INFO - [2024-12-01T22:45:03.932+0000] {dagbag.py:588} INFO - Filling up the DagBag from /home/airflow/.local/lib/python3.12/site-packages/airflow/example_dags/example_external_task_marker_dag.py
[2024-12-01T22:45:03.935+0000] {processor.py:925} INFO - DAG(s) 'example_external_task_marker_child', 'example_external_task_marker_parent' retrieved from /home/airflow/.local/lib/python3.12/site-packages/airflow/example_dags/example_external_task_marker_dag.py
[2024-12-01T22:45:03.944+0000] {logging_mixin.py:190} INFO - [2024-12-01T22:45:03.944+0000] {dag.py:3239} INFO - Sync 2 DAGs
[2024-12-01T22:45:03.952+0000] {logging_mixin.py:190} INFO - [2024-12-01T22:45:03.952+0000] {dag.py:4180} INFO - Setting next_dagrun for example_external_task_marker_child to None, run_after=None
[2024-12-01T22:45:03.955+0000] {logging_mixin.py:190} INFO - [2024-12-01T22:45:03.955+0000] {dag.py:4180} INFO - Setting next_dagrun for example_external_task_marker_parent to None, run_after=None
[2024-12-01T22:45:03.965+0000] {processor.py:208} INFO - Processing /home/airflow/.local/lib/python3.12/site-packages/airflow/example_dags/example_external_task_marker_dag.py took 0.038 seconds
[2024-12-01T22:45:35.149+0000] {processor.py:186} INFO - Started process (PID=332) to work on /home/airflow/.local/lib/python3.12/site-packages/airflow/example_dags/example_external_task_marker_dag.py
[2024-12-01T22:45:35.150+0000] {processor.py:914} INFO - Processing file /home/airflow/.local/lib/python3.12/site-packages/airflow/example_dags/example_external_task_marker_dag.py for tasks to queue
[2024-12-01T22:45:35.151+0000] {logging_mixin.py:190} INFO - [2024-12-01T22:45:35.151+0000] {dagbag.py:588} INFO - Filling up the DagBag from /home/airflow/.local/lib/python3.12/site-packages/airflow/example_dags/example_external_task_marker_dag.py
[2024-12-01T22:45:35.155+0000] {processor.py:925} INFO - DAG(s) 'example_external_task_marker_child', 'example_external_task_marker_parent' retrieved from /home/airflow/.local/lib/python3.12/site-packages/airflow/example_dags/example_external_task_marker_dag.py
[2024-12-01T22:45:35.166+0000] {logging_mixin.py:190} INFO - [2024-12-01T22:45:35.166+0000] {dag.py:3239} INFO - Sync 2 DAGs
[2024-12-01T22:45:35.173+0000] {logging_mixin.py:190} INFO - [2024-12-01T22:45:35.173+0000] {dag.py:4180} INFO - Setting next_dagrun for example_external_task_marker_child to None, run_after=None
[2024-12-01T22:45:35.175+0000] {logging_mixin.py:190} INFO - [2024-12-01T22:45:35.175+0000] {dag.py:4180} INFO - Setting next_dagrun for example_external_task_marker_parent to None, run_after=None
[2024-12-01T22:45:35.184+0000] {processor.py:208} INFO - Processing /home/airflow/.local/lib/python3.12/site-packages/airflow/example_dags/example_external_task_marker_dag.py took 0.037 seconds
[2024-12-01T22:46:06.273+0000] {processor.py:186} INFO - Started process (PID=396) to work on /home/airflow/.local/lib/python3.12/site-packages/airflow/example_dags/example_external_task_marker_dag.py
[2024-12-01T22:46:06.274+0000] {processor.py:914} INFO - Processing file /home/airflow/.local/lib/python3.12/site-packages/airflow/example_dags/example_external_task_marker_dag.py for tasks to queue
[2024-12-01T22:46:06.275+0000] {logging_mixin.py:190} INFO - [2024-12-01T22:46:06.275+0000] {dagbag.py:588} INFO - Filling up the DagBag from /home/airflow/.local/lib/python3.12/site-packages/airflow/example_dags/example_external_task_marker_dag.py
[2024-12-01T22:46:06.278+0000] {processor.py:925} INFO - DAG(s) 'example_external_task_marker_parent', 'example_external_task_marker_child' retrieved from /home/airflow/.local/lib/python3.12/site-packages/airflow/example_dags/example_external_task_marker_dag.py
[2024-12-01T22:46:06.287+0000] {logging_mixin.py:190} INFO - [2024-12-01T22:46:06.286+0000] {dag.py:3239} INFO - Sync 2 DAGs
[2024-12-01T22:46:06.292+0000] {logging_mixin.py:190} INFO - [2024-12-01T22:46:06.292+0000] {dag.py:4180} INFO - Setting next_dagrun for example_external_task_marker_child to None, run_after=None
[2024-12-01T22:46:06.299+0000] {logging_mixin.py:190} INFO - [2024-12-01T22:46:06.299+0000] {dag.py:4180} INFO - Setting next_dagrun for example_external_task_marker_parent to None, run_after=None
[2024-12-01T22:46:06.308+0000] {processor.py:208} INFO - Processing /home/airflow/.local/lib/python3.12/site-packages/airflow/example_dags/example_external_task_marker_dag.py took 0.037 seconds
[2024-12-01T22:46:37.609+0000] {processor.py:186} INFO - Started process (PID=460) to work on /home/airflow/.local/lib/python3.12/site-packages/airflow/example_dags/example_external_task_marker_dag.py
[2024-12-01T22:46:37.610+0000] {processor.py:914} INFO - Processing file /home/airflow/.local/lib/python3.12/site-packages/airflow/example_dags/example_external_task_marker_dag.py for tasks to queue
[2024-12-01T22:46:37.612+0000] {logging_mixin.py:190} INFO - [2024-12-01T22:46:37.612+0000] {dagbag.py:588} INFO - Filling up the DagBag from /home/airflow/.local/lib/python3.12/site-packages/airflow/example_dags/example_external_task_marker_dag.py
[2024-12-01T22:46:37.616+0000] {processor.py:925} INFO - DAG(s) 'example_external_task_marker_parent', 'example_external_task_marker_child' retrieved from /home/airflow/.local/lib/python3.12/site-packages/airflow/example_dags/example_external_task_marker_dag.py
[2024-12-01T22:46:37.624+0000] {logging_mixin.py:190} INFO - [2024-12-01T22:46:37.624+0000] {dag.py:3239} INFO - Sync 2 DAGs
[2024-12-01T22:46:37.629+0000] {logging_mixin.py:190} INFO - [2024-12-01T22:46:37.629+0000] {dag.py:4180} INFO - Setting next_dagrun for example_external_task_marker_child to None, run_after=None
[2024-12-01T22:46:37.634+0000] {logging_mixin.py:190} INFO - [2024-12-01T22:46:37.634+0000] {dag.py:4180} INFO - Setting next_dagrun for example_external_task_marker_parent to None, run_after=None
[2024-12-01T22:46:37.641+0000] {processor.py:208} INFO - Processing /home/airflow/.local/lib/python3.12/site-packages/airflow/example_dags/example_external_task_marker_dag.py took 0.034 seconds
[2024-12-01T22:47:08.669+0000] {processor.py:186} INFO - Started process (PID=524) to work on /home/airflow/.local/lib/python3.12/site-packages/airflow/example_dags/example_external_task_marker_dag.py
[2024-12-01T22:47:08.670+0000] {processor.py:914} INFO - Processing file /home/airflow/.local/lib/python3.12/site-packages/airflow/example_dags/example_external_task_marker_dag.py for tasks to queue
[2024-12-01T22:47:08.671+0000] {logging_mixin.py:190} INFO - [2024-12-01T22:47:08.671+0000] {dagbag.py:588} INFO - Filling up the DagBag from /home/airflow/.local/lib/python3.12/site-packages/airflow/example_dags/example_external_task_marker_dag.py
[2024-12-01T22:47:08.674+0000] {processor.py:925} INFO - DAG(s) 'example_external_task_marker_parent', 'example_external_task_marker_child' retrieved from /home/airflow/.local/lib/python3.12/site-packages/airflow/example_dags/example_external_task_marker_dag.py
[2024-12-01T22:47:08.682+0000] {logging_mixin.py:190} INFO - [2024-12-01T22:47:08.682+0000] {dag.py:3239} INFO - Sync 2 DAGs
[2024-12-01T22:47:08.689+0000] {logging_mixin.py:190} INFO - [2024-12-01T22:47:08.689+0000] {dag.py:4180} INFO - Setting next_dagrun for example_external_task_marker_child to None, run_after=None
[2024-12-01T22:47:08.693+0000] {logging_mixin.py:190} INFO - [2024-12-01T22:47:08.693+0000] {dag.py:4180} INFO - Setting next_dagrun for example_external_task_marker_parent to None, run_after=None
[2024-12-01T22:47:08.701+0000] {processor.py:208} INFO - Processing /home/airflow/.local/lib/python3.12/site-packages/airflow/example_dags/example_external_task_marker_dag.py took 0.034 seconds
[2024-12-01T22:47:39.909+0000] {processor.py:186} INFO - Started process (PID=588) to work on /home/airflow/.local/lib/python3.12/site-packages/airflow/example_dags/example_external_task_marker_dag.py
[2024-12-01T22:47:39.910+0000] {processor.py:914} INFO - Processing file /home/airflow/.local/lib/python3.12/site-packages/airflow/example_dags/example_external_task_marker_dag.py for tasks to queue
[2024-12-01T22:47:39.913+0000] {logging_mixin.py:190} INFO - [2024-12-01T22:47:39.913+0000] {dagbag.py:588} INFO - Filling up the DagBag from /home/airflow/.local/lib/python3.12/site-packages/airflow/example_dags/example_external_task_marker_dag.py
[2024-12-01T22:47:39.917+0000] {processor.py:925} INFO - DAG(s) 'example_external_task_marker_parent', 'example_external_task_marker_child' retrieved from /home/airflow/.local/lib/python3.12/site-packages/airflow/example_dags/example_external_task_marker_dag.py
[2024-12-01T22:47:39.928+0000] {logging_mixin.py:190} INFO - [2024-12-01T22:47:39.927+0000] {dag.py:3239} INFO - Sync 2 DAGs
[2024-12-01T22:47:39.933+0000] {logging_mixin.py:190} INFO - [2024-12-01T22:47:39.933+0000] {dag.py:4180} INFO - Setting next_dagrun for example_external_task_marker_child to None, run_after=None
[2024-12-01T22:47:39.936+0000] {logging_mixin.py:190} INFO - [2024-12-01T22:47:39.935+0000] {dag.py:4180} INFO - Setting next_dagrun for example_external_task_marker_parent to None, run_after=None
[2024-12-01T22:47:39.941+0000] {processor.py:208} INFO - Processing /home/airflow/.local/lib/python3.12/site-packages/airflow/example_dags/example_external_task_marker_dag.py took 0.034 seconds
[2024-12-01T22:48:11.057+0000] {processor.py:186} INFO - Started process (PID=652) to work on /home/airflow/.local/lib/python3.12/site-packages/airflow/example_dags/example_external_task_marker_dag.py
[2024-12-01T22:48:11.059+0000] {processor.py:914} INFO - Processing file /home/airflow/.local/lib/python3.12/site-packages/airflow/example_dags/example_external_task_marker_dag.py for tasks to queue
[2024-12-01T22:48:11.061+0000] {logging_mixin.py:190} INFO - [2024-12-01T22:48:11.061+0000] {dagbag.py:588} INFO - Filling up the DagBag from /home/airflow/.local/lib/python3.12/site-packages/airflow/example_dags/example_external_task_marker_dag.py
[2024-12-01T22:48:11.065+0000] {processor.py:925} INFO - DAG(s) 'example_external_task_marker_parent', 'example_external_task_marker_child' retrieved from /home/airflow/.local/lib/python3.12/site-packages/airflow/example_dags/example_external_task_marker_dag.py
[2024-12-01T22:48:11.076+0000] {logging_mixin.py:190} INFO - [2024-12-01T22:48:11.076+0000] {dag.py:3239} INFO - Sync 2 DAGs
[2024-12-01T22:48:11.081+0000] {logging_mixin.py:190} INFO - [2024-12-01T22:48:11.081+0000] {dag.py:4180} INFO - Setting next_dagrun for example_external_task_marker_child to None, run_after=None
[2024-12-01T22:48:11.083+0000] {logging_mixin.py:190} INFO - [2024-12-01T22:48:11.083+0000] {dag.py:4180} INFO - Setting next_dagrun for example_external_task_marker_parent to None, run_after=None
[2024-12-01T22:48:11.088+0000] {processor.py:208} INFO - Processing /home/airflow/.local/lib/python3.12/site-packages/airflow/example_dags/example_external_task_marker_dag.py took 0.034 seconds
[2024-12-01T22:48:42.321+0000] {processor.py:186} INFO - Started process (PID=716) to work on /home/airflow/.local/lib/python3.12/site-packages/airflow/example_dags/example_external_task_marker_dag.py
[2024-12-01T22:48:42.323+0000] {processor.py:914} INFO - Processing file /home/airflow/.local/lib/python3.12/site-packages/airflow/example_dags/example_external_task_marker_dag.py for tasks to queue
[2024-12-01T22:48:42.324+0000] {logging_mixin.py:190} INFO - [2024-12-01T22:48:42.324+0000] {dagbag.py:588} INFO - Filling up the DagBag from /home/airflow/.local/lib/python3.12/site-packages/airflow/example_dags/example_external_task_marker_dag.py
[2024-12-01T22:48:42.328+0000] {processor.py:925} INFO - DAG(s) 'example_external_task_marker_parent', 'example_external_task_marker_child' retrieved from /home/airflow/.local/lib/python3.12/site-packages/airflow/example_dags/example_external_task_marker_dag.py
[2024-12-01T22:48:42.341+0000] {logging_mixin.py:190} INFO - [2024-12-01T22:48:42.341+0000] {dag.py:3239} INFO - Sync 2 DAGs
[2024-12-01T22:48:42.346+0000] {logging_mixin.py:190} INFO - [2024-12-01T22:48:42.346+0000] {dag.py:4180} INFO - Setting next_dagrun for example_external_task_marker_child to None, run_after=None
[2024-12-01T22:48:42.348+0000] {logging_mixin.py:190} INFO - [2024-12-01T22:48:42.348+0000] {dag.py:4180} INFO - Setting next_dagrun for example_external_task_marker_parent to None, run_after=None
[2024-12-01T22:48:42.353+0000] {processor.py:208} INFO - Processing /home/airflow/.local/lib/python3.12/site-packages/airflow/example_dags/example_external_task_marker_dag.py took 0.035 seconds
[2024-12-01T22:49:13.447+0000] {processor.py:186} INFO - Started process (PID=780) to work on /home/airflow/.local/lib/python3.12/site-packages/airflow/example_dags/example_external_task_marker_dag.py
[2024-12-01T22:49:13.448+0000] {processor.py:914} INFO - Processing file /home/airflow/.local/lib/python3.12/site-packages/airflow/example_dags/example_external_task_marker_dag.py for tasks to queue
[2024-12-01T22:49:13.449+0000] {logging_mixin.py:190} INFO - [2024-12-01T22:49:13.449+0000] {dagbag.py:588} INFO - Filling up the DagBag from /home/airflow/.local/lib/python3.12/site-packages/airflow/example_dags/example_external_task_marker_dag.py
[2024-12-01T22:49:13.453+0000] {processor.py:925} INFO - DAG(s) 'example_external_task_marker_parent', 'example_external_task_marker_child' retrieved from /home/airflow/.local/lib/python3.12/site-packages/airflow/example_dags/example_external_task_marker_dag.py
[2024-12-01T22:49:13.462+0000] {logging_mixin.py:190} INFO - [2024-12-01T22:49:13.462+0000] {dag.py:3239} INFO - Sync 2 DAGs
[2024-12-01T22:49:13.467+0000] {logging_mixin.py:190} INFO - [2024-12-01T22:49:13.467+0000] {dag.py:4180} INFO - Setting next_dagrun for example_external_task_marker_child to None, run_after=None
[2024-12-01T22:49:13.469+0000] {logging_mixin.py:190} INFO - [2024-12-01T22:49:13.469+0000] {dag.py:4180} INFO - Setting next_dagrun for example_external_task_marker_parent to None, run_after=None
[2024-12-01T22:49:13.476+0000] {processor.py:208} INFO - Processing /home/airflow/.local/lib/python3.12/site-packages/airflow/example_dags/example_external_task_marker_dag.py took 0.032 seconds
