[2024-12-01T22:43:31.006+0000] {processor.py:186} INFO - Started process (PID=67) to work on /home/airflow/.local/lib/python3.12/site-packages/airflow/example_dags/example_bash_operator.py
[2024-12-01T22:43:31.009+0000] {processor.py:914} INFO - Processing file /home/airflow/.local/lib/python3.12/site-packages/airflow/example_dags/example_bash_operator.py for tasks to queue
[2024-12-01T22:43:31.010+0000] {logging_mixin.py:190} INFO - [2024-12-01T22:43:31.010+0000] {dagbag.py:588} INFO - Filling up the DagBag from /home/airflow/.local/lib/python3.12/site-packages/airflow/example_dags/example_bash_operator.py
[2024-12-01T22:43:31.017+0000] {processor.py:925} INFO - DAG(s) 'example_bash_operator' retrieved from /home/airflow/.local/lib/python3.12/site-packages/airflow/example_dags/example_bash_operator.py
[2024-12-01T22:43:31.034+0000] {logging_mixin.py:190} INFO - [2024-12-01T22:43:31.033+0000] {dag.py:3239} INFO - Sync 1 DAGs
[2024-12-01T22:43:31.043+0000] {logging_mixin.py:190} INFO - [2024-12-01T22:43:31.043+0000] {dag.py:4180} INFO - Setting next_dagrun for example_bash_operator to 2024-11-30 00:00:00+00:00, run_after=2024-12-01 00:00:00+00:00
[2024-12-01T22:43:31.050+0000] {processor.py:208} INFO - Processing /home/airflow/.local/lib/python3.12/site-packages/airflow/example_dags/example_bash_operator.py took 0.047 seconds
[2024-12-01T22:44:01.457+0000] {processor.py:186} INFO - Started process (PID=131) to work on /home/airflow/.local/lib/python3.12/site-packages/airflow/example_dags/example_bash_operator.py
[2024-12-01T22:44:01.458+0000] {processor.py:914} INFO - Processing file /home/airflow/.local/lib/python3.12/site-packages/airflow/example_dags/example_bash_operator.py for tasks to queue
[2024-12-01T22:44:01.459+0000] {logging_mixin.py:190} INFO - [2024-12-01T22:44:01.459+0000] {dagbag.py:588} INFO - Filling up the DagBag from /home/airflow/.local/lib/python3.12/site-packages/airflow/example_dags/example_bash_operator.py
[2024-12-01T22:44:01.464+0000] {processor.py:925} INFO - DAG(s) 'example_bash_operator' retrieved from /home/airflow/.local/lib/python3.12/site-packages/airflow/example_dags/example_bash_operator.py
[2024-12-01T22:44:01.474+0000] {logging_mixin.py:190} INFO - [2024-12-01T22:44:01.474+0000] {dag.py:3239} INFO - Sync 1 DAGs
[2024-12-01T22:44:01.485+0000] {logging_mixin.py:190} INFO - [2024-12-01T22:44:01.485+0000] {dag.py:4180} INFO - Setting next_dagrun for example_bash_operator to 2024-11-30 00:00:00+00:00, run_after=2024-12-01 00:00:00+00:00
[2024-12-01T22:44:01.495+0000] {processor.py:208} INFO - Processing /home/airflow/.local/lib/python3.12/site-packages/airflow/example_dags/example_bash_operator.py took 0.041 seconds
[2024-12-01T22:44:32.719+0000] {processor.py:186} INFO - Started process (PID=195) to work on /home/airflow/.local/lib/python3.12/site-packages/airflow/example_dags/example_bash_operator.py
[2024-12-01T22:44:32.720+0000] {processor.py:914} INFO - Processing file /home/airflow/.local/lib/python3.12/site-packages/airflow/example_dags/example_bash_operator.py for tasks to queue
[2024-12-01T22:44:32.721+0000] {logging_mixin.py:190} INFO - [2024-12-01T22:44:32.721+0000] {dagbag.py:588} INFO - Filling up the DagBag from /home/airflow/.local/lib/python3.12/site-packages/airflow/example_dags/example_bash_operator.py
[2024-12-01T22:44:32.729+0000] {processor.py:925} INFO - DAG(s) 'example_bash_operator' retrieved from /home/airflow/.local/lib/python3.12/site-packages/airflow/example_dags/example_bash_operator.py
[2024-12-01T22:44:32.743+0000] {logging_mixin.py:190} INFO - [2024-12-01T22:44:32.743+0000] {dag.py:3239} INFO - Sync 1 DAGs
[2024-12-01T22:44:32.752+0000] {logging_mixin.py:190} INFO - [2024-12-01T22:44:32.752+0000] {dag.py:4180} INFO - Setting next_dagrun for example_bash_operator to 2024-11-30 00:00:00+00:00, run_after=2024-12-01 00:00:00+00:00
[2024-12-01T22:44:32.758+0000] {processor.py:208} INFO - Processing /home/airflow/.local/lib/python3.12/site-packages/airflow/example_dags/example_bash_operator.py took 0.041 seconds
[2024-12-01T22:45:03.853+0000] {processor.py:186} INFO - Started process (PID=259) to work on /home/airflow/.local/lib/python3.12/site-packages/airflow/example_dags/example_bash_operator.py
[2024-12-01T22:45:03.854+0000] {processor.py:914} INFO - Processing file /home/airflow/.local/lib/python3.12/site-packages/airflow/example_dags/example_bash_operator.py for tasks to queue
[2024-12-01T22:45:03.855+0000] {logging_mixin.py:190} INFO - [2024-12-01T22:45:03.855+0000] {dagbag.py:588} INFO - Filling up the DagBag from /home/airflow/.local/lib/python3.12/site-packages/airflow/example_dags/example_bash_operator.py
[2024-12-01T22:45:03.862+0000] {processor.py:925} INFO - DAG(s) 'example_bash_operator' retrieved from /home/airflow/.local/lib/python3.12/site-packages/airflow/example_dags/example_bash_operator.py
[2024-12-01T22:45:03.874+0000] {logging_mixin.py:190} INFO - [2024-12-01T22:45:03.874+0000] {dag.py:3239} INFO - Sync 1 DAGs
[2024-12-01T22:45:03.882+0000] {logging_mixin.py:190} INFO - [2024-12-01T22:45:03.882+0000] {dag.py:4180} INFO - Setting next_dagrun for example_bash_operator to 2024-11-30 00:00:00+00:00, run_after=2024-12-01 00:00:00+00:00
[2024-12-01T22:45:03.889+0000] {processor.py:208} INFO - Processing /home/airflow/.local/lib/python3.12/site-packages/airflow/example_dags/example_bash_operator.py took 0.038 seconds
[2024-12-01T22:45:35.059+0000] {processor.py:186} INFO - Started process (PID=329) to work on /home/airflow/.local/lib/python3.12/site-packages/airflow/example_dags/example_bash_operator.py
[2024-12-01T22:45:35.062+0000] {processor.py:914} INFO - Processing file /home/airflow/.local/lib/python3.12/site-packages/airflow/example_dags/example_bash_operator.py for tasks to queue
[2024-12-01T22:45:35.066+0000] {logging_mixin.py:190} INFO - [2024-12-01T22:45:35.066+0000] {dagbag.py:588} INFO - Filling up the DagBag from /home/airflow/.local/lib/python3.12/site-packages/airflow/example_dags/example_bash_operator.py
[2024-12-01T22:45:35.071+0000] {processor.py:925} INFO - DAG(s) 'example_bash_operator' retrieved from /home/airflow/.local/lib/python3.12/site-packages/airflow/example_dags/example_bash_operator.py
[2024-12-01T22:45:35.084+0000] {logging_mixin.py:190} INFO - [2024-12-01T22:45:35.084+0000] {dag.py:3239} INFO - Sync 1 DAGs
[2024-12-01T22:45:35.093+0000] {logging_mixin.py:190} INFO - [2024-12-01T22:45:35.093+0000] {dag.py:4180} INFO - Setting next_dagrun for example_bash_operator to 2024-11-30 00:00:00+00:00, run_after=2024-12-01 00:00:00+00:00
[2024-12-01T22:45:35.099+0000] {processor.py:208} INFO - Processing /home/airflow/.local/lib/python3.12/site-packages/airflow/example_dags/example_bash_operator.py took 0.042 seconds
[2024-12-01T22:46:06.210+0000] {processor.py:186} INFO - Started process (PID=393) to work on /home/airflow/.local/lib/python3.12/site-packages/airflow/example_dags/example_bash_operator.py
[2024-12-01T22:46:06.210+0000] {processor.py:914} INFO - Processing file /home/airflow/.local/lib/python3.12/site-packages/airflow/example_dags/example_bash_operator.py for tasks to queue
[2024-12-01T22:46:06.211+0000] {logging_mixin.py:190} INFO - [2024-12-01T22:46:06.211+0000] {dagbag.py:588} INFO - Filling up the DagBag from /home/airflow/.local/lib/python3.12/site-packages/airflow/example_dags/example_bash_operator.py
[2024-12-01T22:46:06.216+0000] {processor.py:925} INFO - DAG(s) 'example_bash_operator' retrieved from /home/airflow/.local/lib/python3.12/site-packages/airflow/example_dags/example_bash_operator.py
[2024-12-01T22:46:06.225+0000] {logging_mixin.py:190} INFO - [2024-12-01T22:46:06.225+0000] {dag.py:3239} INFO - Sync 1 DAGs
[2024-12-01T22:46:06.233+0000] {logging_mixin.py:190} INFO - [2024-12-01T22:46:06.233+0000] {dag.py:4180} INFO - Setting next_dagrun for example_bash_operator to 2024-11-30 00:00:00+00:00, run_after=2024-12-01 00:00:00+00:00
[2024-12-01T22:46:06.245+0000] {processor.py:208} INFO - Processing /home/airflow/.local/lib/python3.12/site-packages/airflow/example_dags/example_bash_operator.py took 0.038 seconds
[2024-12-01T22:46:37.540+0000] {processor.py:186} INFO - Started process (PID=457) to work on /home/airflow/.local/lib/python3.12/site-packages/airflow/example_dags/example_bash_operator.py
[2024-12-01T22:46:37.541+0000] {processor.py:914} INFO - Processing file /home/airflow/.local/lib/python3.12/site-packages/airflow/example_dags/example_bash_operator.py for tasks to queue
[2024-12-01T22:46:37.542+0000] {logging_mixin.py:190} INFO - [2024-12-01T22:46:37.542+0000] {dagbag.py:588} INFO - Filling up the DagBag from /home/airflow/.local/lib/python3.12/site-packages/airflow/example_dags/example_bash_operator.py
[2024-12-01T22:46:37.548+0000] {processor.py:925} INFO - DAG(s) 'example_bash_operator' retrieved from /home/airflow/.local/lib/python3.12/site-packages/airflow/example_dags/example_bash_operator.py
[2024-12-01T22:46:37.557+0000] {logging_mixin.py:190} INFO - [2024-12-01T22:46:37.557+0000] {dag.py:3239} INFO - Sync 1 DAGs
[2024-12-01T22:46:37.565+0000] {logging_mixin.py:190} INFO - [2024-12-01T22:46:37.565+0000] {dag.py:4180} INFO - Setting next_dagrun for example_bash_operator to 2024-11-30 00:00:00+00:00, run_after=2024-12-01 00:00:00+00:00
[2024-12-01T22:46:37.572+0000] {processor.py:208} INFO - Processing /home/airflow/.local/lib/python3.12/site-packages/airflow/example_dags/example_bash_operator.py took 0.034 seconds
[2024-12-01T22:47:08.595+0000] {processor.py:186} INFO - Started process (PID=521) to work on /home/airflow/.local/lib/python3.12/site-packages/airflow/example_dags/example_bash_operator.py
[2024-12-01T22:47:08.597+0000] {processor.py:914} INFO - Processing file /home/airflow/.local/lib/python3.12/site-packages/airflow/example_dags/example_bash_operator.py for tasks to queue
[2024-12-01T22:47:08.598+0000] {logging_mixin.py:190} INFO - [2024-12-01T22:47:08.598+0000] {dagbag.py:588} INFO - Filling up the DagBag from /home/airflow/.local/lib/python3.12/site-packages/airflow/example_dags/example_bash_operator.py
[2024-12-01T22:47:08.603+0000] {processor.py:925} INFO - DAG(s) 'example_bash_operator' retrieved from /home/airflow/.local/lib/python3.12/site-packages/airflow/example_dags/example_bash_operator.py
[2024-12-01T22:47:08.613+0000] {logging_mixin.py:190} INFO - [2024-12-01T22:47:08.613+0000] {dag.py:3239} INFO - Sync 1 DAGs
[2024-12-01T22:47:08.621+0000] {logging_mixin.py:190} INFO - [2024-12-01T22:47:08.621+0000] {dag.py:4180} INFO - Setting next_dagrun for example_bash_operator to 2024-11-30 00:00:00+00:00, run_after=2024-12-01 00:00:00+00:00
[2024-12-01T22:47:08.628+0000] {processor.py:208} INFO - Processing /home/airflow/.local/lib/python3.12/site-packages/airflow/example_dags/example_bash_operator.py took 0.034 seconds
[2024-12-01T22:47:39.836+0000] {processor.py:186} INFO - Started process (PID=585) to work on /home/airflow/.local/lib/python3.12/site-packages/airflow/example_dags/example_bash_operator.py
[2024-12-01T22:47:39.836+0000] {processor.py:914} INFO - Processing file /home/airflow/.local/lib/python3.12/site-packages/airflow/example_dags/example_bash_operator.py for tasks to queue
[2024-12-01T22:47:39.837+0000] {logging_mixin.py:190} INFO - [2024-12-01T22:47:39.837+0000] {dagbag.py:588} INFO - Filling up the DagBag from /home/airflow/.local/lib/python3.12/site-packages/airflow/example_dags/example_bash_operator.py
[2024-12-01T22:47:39.842+0000] {processor.py:925} INFO - DAG(s) 'example_bash_operator' retrieved from /home/airflow/.local/lib/python3.12/site-packages/airflow/example_dags/example_bash_operator.py
[2024-12-01T22:47:39.856+0000] {logging_mixin.py:190} INFO - [2024-12-01T22:47:39.856+0000] {dag.py:3239} INFO - Sync 1 DAGs
[2024-12-01T22:47:39.881+0000] {logging_mixin.py:190} INFO - [2024-12-01T22:47:39.881+0000] {dag.py:4180} INFO - Setting next_dagrun for example_bash_operator to 2024-11-30 00:00:00+00:00, run_after=2024-12-01 00:00:00+00:00
[2024-12-01T22:47:39.889+0000] {processor.py:208} INFO - Processing /home/airflow/.local/lib/python3.12/site-packages/airflow/example_dags/example_bash_operator.py took 0.056 seconds
[2024-12-01T22:48:11.002+0000] {processor.py:186} INFO - Started process (PID=649) to work on /home/airflow/.local/lib/python3.12/site-packages/airflow/example_dags/example_bash_operator.py
[2024-12-01T22:48:11.003+0000] {processor.py:914} INFO - Processing file /home/airflow/.local/lib/python3.12/site-packages/airflow/example_dags/example_bash_operator.py for tasks to queue
[2024-12-01T22:48:11.004+0000] {logging_mixin.py:190} INFO - [2024-12-01T22:48:11.004+0000] {dagbag.py:588} INFO - Filling up the DagBag from /home/airflow/.local/lib/python3.12/site-packages/airflow/example_dags/example_bash_operator.py
[2024-12-01T22:48:11.009+0000] {processor.py:925} INFO - DAG(s) 'example_bash_operator' retrieved from /home/airflow/.local/lib/python3.12/site-packages/airflow/example_dags/example_bash_operator.py
[2024-12-01T22:48:11.021+0000] {logging_mixin.py:190} INFO - [2024-12-01T22:48:11.021+0000] {dag.py:3239} INFO - Sync 1 DAGs
[2024-12-01T22:48:11.030+0000] {logging_mixin.py:190} INFO - [2024-12-01T22:48:11.030+0000] {dag.py:4180} INFO - Setting next_dagrun for example_bash_operator to 2024-11-30 00:00:00+00:00, run_after=2024-12-01 00:00:00+00:00
[2024-12-01T22:48:11.037+0000] {processor.py:208} INFO - Processing /home/airflow/.local/lib/python3.12/site-packages/airflow/example_dags/example_bash_operator.py took 0.037 seconds
[2024-12-01T22:48:42.265+0000] {processor.py:186} INFO - Started process (PID=713) to work on /home/airflow/.local/lib/python3.12/site-packages/airflow/example_dags/example_bash_operator.py
[2024-12-01T22:48:42.265+0000] {processor.py:914} INFO - Processing file /home/airflow/.local/lib/python3.12/site-packages/airflow/example_dags/example_bash_operator.py for tasks to queue
[2024-12-01T22:48:42.266+0000] {logging_mixin.py:190} INFO - [2024-12-01T22:48:42.266+0000] {dagbag.py:588} INFO - Filling up the DagBag from /home/airflow/.local/lib/python3.12/site-packages/airflow/example_dags/example_bash_operator.py
[2024-12-01T22:48:42.272+0000] {processor.py:925} INFO - DAG(s) 'example_bash_operator' retrieved from /home/airflow/.local/lib/python3.12/site-packages/airflow/example_dags/example_bash_operator.py
[2024-12-01T22:48:42.282+0000] {logging_mixin.py:190} INFO - [2024-12-01T22:48:42.282+0000] {dag.py:3239} INFO - Sync 1 DAGs
[2024-12-01T22:48:42.290+0000] {logging_mixin.py:190} INFO - [2024-12-01T22:48:42.290+0000] {dag.py:4180} INFO - Setting next_dagrun for example_bash_operator to 2024-11-30 00:00:00+00:00, run_after=2024-12-01 00:00:00+00:00
[2024-12-01T22:48:42.299+0000] {processor.py:208} INFO - Processing /home/airflow/.local/lib/python3.12/site-packages/airflow/example_dags/example_bash_operator.py took 0.037 seconds
[2024-12-01T22:49:13.372+0000] {processor.py:186} INFO - Started process (PID=777) to work on /home/airflow/.local/lib/python3.12/site-packages/airflow/example_dags/example_bash_operator.py
[2024-12-01T22:49:13.373+0000] {processor.py:914} INFO - Processing file /home/airflow/.local/lib/python3.12/site-packages/airflow/example_dags/example_bash_operator.py for tasks to queue
[2024-12-01T22:49:13.375+0000] {logging_mixin.py:190} INFO - [2024-12-01T22:49:13.375+0000] {dagbag.py:588} INFO - Filling up the DagBag from /home/airflow/.local/lib/python3.12/site-packages/airflow/example_dags/example_bash_operator.py
[2024-12-01T22:49:13.380+0000] {processor.py:925} INFO - DAG(s) 'example_bash_operator' retrieved from /home/airflow/.local/lib/python3.12/site-packages/airflow/example_dags/example_bash_operator.py
[2024-12-01T22:49:13.391+0000] {logging_mixin.py:190} INFO - [2024-12-01T22:49:13.391+0000] {dag.py:3239} INFO - Sync 1 DAGs
[2024-12-01T22:49:13.399+0000] {logging_mixin.py:190} INFO - [2024-12-01T22:49:13.399+0000] {dag.py:4180} INFO - Setting next_dagrun for example_bash_operator to 2024-11-30 00:00:00+00:00, run_after=2024-12-01 00:00:00+00:00
[2024-12-01T22:49:13.405+0000] {processor.py:208} INFO - Processing /home/airflow/.local/lib/python3.12/site-packages/airflow/example_dags/example_bash_operator.py took 0.036 seconds
