[2024-12-01T22:43:31.835+0000] {processor.py:186} INFO - Started process (PID=90) to work on /home/airflow/.local/lib/python3.12/site-packages/airflow/example_dags/example_python_decorator.py
[2024-12-01T22:43:31.836+0000] {processor.py:914} INFO - Processing file /home/airflow/.local/lib/python3.12/site-packages/airflow/example_dags/example_python_decorator.py for tasks to queue
[2024-12-01T22:43:31.838+0000] {logging_mixin.py:190} INFO - [2024-12-01T22:43:31.838+0000] {dagbag.py:588} INFO - Filling up the DagBag from /home/airflow/.local/lib/python3.12/site-packages/airflow/example_dags/example_python_decorator.py
[2024-12-01T22:43:31.845+0000] {processor.py:925} INFO - DAG(s) 'example_python_decorator' retrieved from /home/airflow/.local/lib/python3.12/site-packages/airflow/example_dags/example_python_decorator.py
[2024-12-01T22:43:31.892+0000] {logging_mixin.py:190} INFO - [2024-12-01T22:43:31.892+0000] {dag.py:3239} INFO - Sync 1 DAGs
[2024-12-01T22:43:31.897+0000] {logging_mixin.py:190} INFO - [2024-12-01T22:43:31.897+0000] {dag.py:4180} INFO - Setting next_dagrun for example_python_decorator to None, run_after=None
[2024-12-01T22:43:31.905+0000] {processor.py:208} INFO - Processing /home/airflow/.local/lib/python3.12/site-packages/airflow/example_dags/example_python_decorator.py took 0.073 seconds
[2024-12-01T22:44:02.063+0000] {processor.py:186} INFO - Started process (PID=153) to work on /home/airflow/.local/lib/python3.12/site-packages/airflow/example_dags/example_python_decorator.py
[2024-12-01T22:44:02.063+0000] {processor.py:914} INFO - Processing file /home/airflow/.local/lib/python3.12/site-packages/airflow/example_dags/example_python_decorator.py for tasks to queue
[2024-12-01T22:44:02.064+0000] {logging_mixin.py:190} INFO - [2024-12-01T22:44:02.064+0000] {dagbag.py:588} INFO - Filling up the DagBag from /home/airflow/.local/lib/python3.12/site-packages/airflow/example_dags/example_python_decorator.py
[2024-12-01T22:44:02.070+0000] {processor.py:925} INFO - DAG(s) 'example_python_decorator' retrieved from /home/airflow/.local/lib/python3.12/site-packages/airflow/example_dags/example_python_decorator.py
[2024-12-01T22:44:02.077+0000] {logging_mixin.py:190} INFO - [2024-12-01T22:44:02.077+0000] {dag.py:3239} INFO - Sync 1 DAGs
[2024-12-01T22:44:02.084+0000] {logging_mixin.py:190} INFO - [2024-12-01T22:44:02.084+0000] {dag.py:4180} INFO - Setting next_dagrun for example_python_decorator to None, run_after=None
[2024-12-01T22:44:02.094+0000] {processor.py:208} INFO - Processing /home/airflow/.local/lib/python3.12/site-packages/airflow/example_dags/example_python_decorator.py took 0.034 seconds
[2024-12-01T22:44:33.328+0000] {processor.py:186} INFO - Started process (PID=218) to work on /home/airflow/.local/lib/python3.12/site-packages/airflow/example_dags/example_python_decorator.py
[2024-12-01T22:44:33.329+0000] {processor.py:914} INFO - Processing file /home/airflow/.local/lib/python3.12/site-packages/airflow/example_dags/example_python_decorator.py for tasks to queue
[2024-12-01T22:44:33.329+0000] {logging_mixin.py:190} INFO - [2024-12-01T22:44:33.329+0000] {dagbag.py:588} INFO - Filling up the DagBag from /home/airflow/.local/lib/python3.12/site-packages/airflow/example_dags/example_python_decorator.py
[2024-12-01T22:44:33.335+0000] {processor.py:925} INFO - DAG(s) 'example_python_decorator' retrieved from /home/airflow/.local/lib/python3.12/site-packages/airflow/example_dags/example_python_decorator.py
[2024-12-01T22:44:33.342+0000] {logging_mixin.py:190} INFO - [2024-12-01T22:44:33.342+0000] {dag.py:3239} INFO - Sync 1 DAGs
[2024-12-01T22:44:33.347+0000] {logging_mixin.py:190} INFO - [2024-12-01T22:44:33.347+0000] {dag.py:4180} INFO - Setting next_dagrun for example_python_decorator to None, run_after=None
[2024-12-01T22:44:33.352+0000] {processor.py:208} INFO - Processing /home/airflow/.local/lib/python3.12/site-packages/airflow/example_dags/example_python_decorator.py took 0.026 seconds
[2024-12-01T22:45:04.466+0000] {processor.py:186} INFO - Started process (PID=288) to work on /home/airflow/.local/lib/python3.12/site-packages/airflow/example_dags/example_python_decorator.py
[2024-12-01T22:45:04.467+0000] {processor.py:914} INFO - Processing file /home/airflow/.local/lib/python3.12/site-packages/airflow/example_dags/example_python_decorator.py for tasks to queue
[2024-12-01T22:45:04.468+0000] {logging_mixin.py:190} INFO - [2024-12-01T22:45:04.468+0000] {dagbag.py:588} INFO - Filling up the DagBag from /home/airflow/.local/lib/python3.12/site-packages/airflow/example_dags/example_python_decorator.py
[2024-12-01T22:45:04.474+0000] {processor.py:925} INFO - DAG(s) 'example_python_decorator' retrieved from /home/airflow/.local/lib/python3.12/site-packages/airflow/example_dags/example_python_decorator.py
[2024-12-01T22:45:04.489+0000] {logging_mixin.py:190} INFO - [2024-12-01T22:45:04.489+0000] {dag.py:3239} INFO - Sync 1 DAGs
[2024-12-01T22:45:04.494+0000] {logging_mixin.py:190} INFO - [2024-12-01T22:45:04.494+0000] {dag.py:4180} INFO - Setting next_dagrun for example_python_decorator to None, run_after=None
[2024-12-01T22:45:04.500+0000] {processor.py:208} INFO - Processing /home/airflow/.local/lib/python3.12/site-packages/airflow/example_dags/example_python_decorator.py took 0.036 seconds
[2024-12-01T22:45:35.781+0000] {processor.py:186} INFO - Started process (PID=352) to work on /home/airflow/.local/lib/python3.12/site-packages/airflow/example_dags/example_python_decorator.py
[2024-12-01T22:45:35.782+0000] {processor.py:914} INFO - Processing file /home/airflow/.local/lib/python3.12/site-packages/airflow/example_dags/example_python_decorator.py for tasks to queue
[2024-12-01T22:45:35.783+0000] {logging_mixin.py:190} INFO - [2024-12-01T22:45:35.783+0000] {dagbag.py:588} INFO - Filling up the DagBag from /home/airflow/.local/lib/python3.12/site-packages/airflow/example_dags/example_python_decorator.py
[2024-12-01T22:45:35.789+0000] {processor.py:925} INFO - DAG(s) 'example_python_decorator' retrieved from /home/airflow/.local/lib/python3.12/site-packages/airflow/example_dags/example_python_decorator.py
[2024-12-01T22:45:35.798+0000] {logging_mixin.py:190} INFO - [2024-12-01T22:45:35.798+0000] {dag.py:3239} INFO - Sync 1 DAGs
[2024-12-01T22:45:35.804+0000] {logging_mixin.py:190} INFO - [2024-12-01T22:45:35.804+0000] {dag.py:4180} INFO - Setting next_dagrun for example_python_decorator to None, run_after=None
[2024-12-01T22:45:35.810+0000] {processor.py:208} INFO - Processing /home/airflow/.local/lib/python3.12/site-packages/airflow/example_dags/example_python_decorator.py took 0.032 seconds
[2024-12-01T22:46:06.915+0000] {processor.py:186} INFO - Started process (PID=416) to work on /home/airflow/.local/lib/python3.12/site-packages/airflow/example_dags/example_python_decorator.py
[2024-12-01T22:46:06.916+0000] {processor.py:914} INFO - Processing file /home/airflow/.local/lib/python3.12/site-packages/airflow/example_dags/example_python_decorator.py for tasks to queue
[2024-12-01T22:46:06.917+0000] {logging_mixin.py:190} INFO - [2024-12-01T22:46:06.917+0000] {dagbag.py:588} INFO - Filling up the DagBag from /home/airflow/.local/lib/python3.12/site-packages/airflow/example_dags/example_python_decorator.py
[2024-12-01T22:46:06.924+0000] {processor.py:925} INFO - DAG(s) 'example_python_decorator' retrieved from /home/airflow/.local/lib/python3.12/site-packages/airflow/example_dags/example_python_decorator.py
[2024-12-01T22:46:06.936+0000] {logging_mixin.py:190} INFO - [2024-12-01T22:46:06.936+0000] {dag.py:3239} INFO - Sync 1 DAGs
[2024-12-01T22:46:06.942+0000] {logging_mixin.py:190} INFO - [2024-12-01T22:46:06.941+0000] {dag.py:4180} INFO - Setting next_dagrun for example_python_decorator to None, run_after=None
[2024-12-01T22:46:06.948+0000] {processor.py:208} INFO - Processing /home/airflow/.local/lib/python3.12/site-packages/airflow/example_dags/example_python_decorator.py took 0.035 seconds
[2024-12-01T22:46:38.258+0000] {processor.py:186} INFO - Started process (PID=480) to work on /home/airflow/.local/lib/python3.12/site-packages/airflow/example_dags/example_python_decorator.py
[2024-12-01T22:46:38.259+0000] {processor.py:914} INFO - Processing file /home/airflow/.local/lib/python3.12/site-packages/airflow/example_dags/example_python_decorator.py for tasks to queue
[2024-12-01T22:46:38.260+0000] {logging_mixin.py:190} INFO - [2024-12-01T22:46:38.260+0000] {dagbag.py:588} INFO - Filling up the DagBag from /home/airflow/.local/lib/python3.12/site-packages/airflow/example_dags/example_python_decorator.py
[2024-12-01T22:46:38.267+0000] {processor.py:925} INFO - DAG(s) 'example_python_decorator' retrieved from /home/airflow/.local/lib/python3.12/site-packages/airflow/example_dags/example_python_decorator.py
[2024-12-01T22:46:38.275+0000] {logging_mixin.py:190} INFO - [2024-12-01T22:46:38.275+0000] {dag.py:3239} INFO - Sync 1 DAGs
[2024-12-01T22:46:38.281+0000] {logging_mixin.py:190} INFO - [2024-12-01T22:46:38.281+0000] {dag.py:4180} INFO - Setting next_dagrun for example_python_decorator to None, run_after=None
[2024-12-01T22:46:38.289+0000] {processor.py:208} INFO - Processing /home/airflow/.local/lib/python3.12/site-packages/airflow/example_dags/example_python_decorator.py took 0.034 seconds
[2024-12-01T22:47:09.257+0000] {processor.py:186} INFO - Started process (PID=544) to work on /home/airflow/.local/lib/python3.12/site-packages/airflow/example_dags/example_python_decorator.py
[2024-12-01T22:47:09.259+0000] {processor.py:914} INFO - Processing file /home/airflow/.local/lib/python3.12/site-packages/airflow/example_dags/example_python_decorator.py for tasks to queue
[2024-12-01T22:47:09.261+0000] {logging_mixin.py:190} INFO - [2024-12-01T22:47:09.261+0000] {dagbag.py:588} INFO - Filling up the DagBag from /home/airflow/.local/lib/python3.12/site-packages/airflow/example_dags/example_python_decorator.py
[2024-12-01T22:47:09.267+0000] {processor.py:925} INFO - DAG(s) 'example_python_decorator' retrieved from /home/airflow/.local/lib/python3.12/site-packages/airflow/example_dags/example_python_decorator.py
[2024-12-01T22:47:09.276+0000] {logging_mixin.py:190} INFO - [2024-12-01T22:47:09.276+0000] {dag.py:3239} INFO - Sync 1 DAGs
[2024-12-01T22:47:09.281+0000] {logging_mixin.py:190} INFO - [2024-12-01T22:47:09.281+0000] {dag.py:4180} INFO - Setting next_dagrun for example_python_decorator to None, run_after=None
[2024-12-01T22:47:09.288+0000] {processor.py:208} INFO - Processing /home/airflow/.local/lib/python3.12/site-packages/airflow/example_dags/example_python_decorator.py took 0.033 seconds
[2024-12-01T22:47:40.507+0000] {processor.py:186} INFO - Started process (PID=608) to work on /home/airflow/.local/lib/python3.12/site-packages/airflow/example_dags/example_python_decorator.py
[2024-12-01T22:47:40.508+0000] {processor.py:914} INFO - Processing file /home/airflow/.local/lib/python3.12/site-packages/airflow/example_dags/example_python_decorator.py for tasks to queue
[2024-12-01T22:47:40.509+0000] {logging_mixin.py:190} INFO - [2024-12-01T22:47:40.509+0000] {dagbag.py:588} INFO - Filling up the DagBag from /home/airflow/.local/lib/python3.12/site-packages/airflow/example_dags/example_python_decorator.py
[2024-12-01T22:47:40.516+0000] {processor.py:925} INFO - DAG(s) 'example_python_decorator' retrieved from /home/airflow/.local/lib/python3.12/site-packages/airflow/example_dags/example_python_decorator.py
[2024-12-01T22:47:40.525+0000] {logging_mixin.py:190} INFO - [2024-12-01T22:47:40.525+0000] {dag.py:3239} INFO - Sync 1 DAGs
[2024-12-01T22:47:40.531+0000] {logging_mixin.py:190} INFO - [2024-12-01T22:47:40.530+0000] {dag.py:4180} INFO - Setting next_dagrun for example_python_decorator to None, run_after=None
[2024-12-01T22:47:40.537+0000] {processor.py:208} INFO - Processing /home/airflow/.local/lib/python3.12/site-packages/airflow/example_dags/example_python_decorator.py took 0.034 seconds
[2024-12-01T22:48:11.742+0000] {processor.py:186} INFO - Started process (PID=672) to work on /home/airflow/.local/lib/python3.12/site-packages/airflow/example_dags/example_python_decorator.py
[2024-12-01T22:48:11.742+0000] {processor.py:914} INFO - Processing file /home/airflow/.local/lib/python3.12/site-packages/airflow/example_dags/example_python_decorator.py for tasks to queue
[2024-12-01T22:48:11.743+0000] {logging_mixin.py:190} INFO - [2024-12-01T22:48:11.743+0000] {dagbag.py:588} INFO - Filling up the DagBag from /home/airflow/.local/lib/python3.12/site-packages/airflow/example_dags/example_python_decorator.py
[2024-12-01T22:48:11.749+0000] {processor.py:925} INFO - DAG(s) 'example_python_decorator' retrieved from /home/airflow/.local/lib/python3.12/site-packages/airflow/example_dags/example_python_decorator.py
[2024-12-01T22:48:11.757+0000] {logging_mixin.py:190} INFO - [2024-12-01T22:48:11.757+0000] {dag.py:3239} INFO - Sync 1 DAGs
[2024-12-01T22:48:11.763+0000] {logging_mixin.py:190} INFO - [2024-12-01T22:48:11.762+0000] {dag.py:4180} INFO - Setting next_dagrun for example_python_decorator to None, run_after=None
[2024-12-01T22:48:11.769+0000] {processor.py:208} INFO - Processing /home/airflow/.local/lib/python3.12/site-packages/airflow/example_dags/example_python_decorator.py took 0.030 seconds
[2024-12-01T22:48:42.976+0000] {processor.py:186} INFO - Started process (PID=736) to work on /home/airflow/.local/lib/python3.12/site-packages/airflow/example_dags/example_python_decorator.py
[2024-12-01T22:48:42.976+0000] {processor.py:914} INFO - Processing file /home/airflow/.local/lib/python3.12/site-packages/airflow/example_dags/example_python_decorator.py for tasks to queue
[2024-12-01T22:48:42.977+0000] {logging_mixin.py:190} INFO - [2024-12-01T22:48:42.977+0000] {dagbag.py:588} INFO - Filling up the DagBag from /home/airflow/.local/lib/python3.12/site-packages/airflow/example_dags/example_python_decorator.py
[2024-12-01T22:48:42.983+0000] {processor.py:925} INFO - DAG(s) 'example_python_decorator' retrieved from /home/airflow/.local/lib/python3.12/site-packages/airflow/example_dags/example_python_decorator.py
[2024-12-01T22:48:42.992+0000] {logging_mixin.py:190} INFO - [2024-12-01T22:48:42.991+0000] {dag.py:3239} INFO - Sync 1 DAGs
[2024-12-01T22:48:42.997+0000] {logging_mixin.py:190} INFO - [2024-12-01T22:48:42.996+0000] {dag.py:4180} INFO - Setting next_dagrun for example_python_decorator to None, run_after=None
[2024-12-01T22:48:43.003+0000] {processor.py:208} INFO - Processing /home/airflow/.local/lib/python3.12/site-packages/airflow/example_dags/example_python_decorator.py took 0.030 seconds
[2024-12-01T22:49:14.071+0000] {processor.py:186} INFO - Started process (PID=800) to work on /home/airflow/.local/lib/python3.12/site-packages/airflow/example_dags/example_python_decorator.py
[2024-12-01T22:49:14.072+0000] {processor.py:914} INFO - Processing file /home/airflow/.local/lib/python3.12/site-packages/airflow/example_dags/example_python_decorator.py for tasks to queue
[2024-12-01T22:49:14.074+0000] {logging_mixin.py:190} INFO - [2024-12-01T22:49:14.074+0000] {dagbag.py:588} INFO - Filling up the DagBag from /home/airflow/.local/lib/python3.12/site-packages/airflow/example_dags/example_python_decorator.py
[2024-12-01T22:49:14.081+0000] {processor.py:925} INFO - DAG(s) 'example_python_decorator' retrieved from /home/airflow/.local/lib/python3.12/site-packages/airflow/example_dags/example_python_decorator.py
[2024-12-01T22:49:14.091+0000] {logging_mixin.py:190} INFO - [2024-12-01T22:49:14.091+0000] {dag.py:3239} INFO - Sync 1 DAGs
[2024-12-01T22:49:14.096+0000] {logging_mixin.py:190} INFO - [2024-12-01T22:49:14.096+0000] {dag.py:4180} INFO - Setting next_dagrun for example_python_decorator to None, run_after=None
[2024-12-01T22:49:14.106+0000] {processor.py:208} INFO - Processing /home/airflow/.local/lib/python3.12/site-packages/airflow/example_dags/example_python_decorator.py took 0.037 seconds
