[2024-12-01T22:43:32.178+0000] {processor.py:186} INFO - Started process (PID=96) to work on /home/airflow/.local/lib/python3.12/site-packages/airflow/example_dags/example_branch_labels.py
[2024-12-01T22:43:32.179+0000] {processor.py:914} INFO - Processing file /home/airflow/.local/lib/python3.12/site-packages/airflow/example_dags/example_branch_labels.py for tasks to queue
[2024-12-01T22:43:32.181+0000] {logging_mixin.py:190} INFO - [2024-12-01T22:43:32.181+0000] {dagbag.py:588} INFO - Filling up the DagBag from /home/airflow/.local/lib/python3.12/site-packages/airflow/example_dags/example_branch_labels.py
[2024-12-01T22:43:32.186+0000] {processor.py:925} INFO - DAG(s) 'example_branch_labels' retrieved from /home/airflow/.local/lib/python3.12/site-packages/airflow/example_dags/example_branch_labels.py
[2024-12-01T22:43:32.197+0000] {logging_mixin.py:190} INFO - [2024-12-01T22:43:32.197+0000] {dag.py:3239} INFO - Sync 1 DAGs
[2024-12-01T22:43:32.213+0000] {logging_mixin.py:190} INFO - [2024-12-01T22:43:32.213+0000] {dag.py:4180} INFO - Setting next_dagrun for example_branch_labels to 2024-11-30 00:00:00+00:00, run_after=2024-12-01 00:00:00+00:00
[2024-12-01T22:43:32.221+0000] {processor.py:208} INFO - Processing /home/airflow/.local/lib/python3.12/site-packages/airflow/example_dags/example_branch_labels.py took 0.046 seconds
[2024-12-01T22:44:02.443+0000] {processor.py:186} INFO - Started process (PID=160) to work on /home/airflow/.local/lib/python3.12/site-packages/airflow/example_dags/example_branch_labels.py
[2024-12-01T22:44:02.446+0000] {processor.py:914} INFO - Processing file /home/airflow/.local/lib/python3.12/site-packages/airflow/example_dags/example_branch_labels.py for tasks to queue
[2024-12-01T22:44:02.448+0000] {logging_mixin.py:190} INFO - [2024-12-01T22:44:02.448+0000] {dagbag.py:588} INFO - Filling up the DagBag from /home/airflow/.local/lib/python3.12/site-packages/airflow/example_dags/example_branch_labels.py
[2024-12-01T22:44:02.452+0000] {processor.py:925} INFO - DAG(s) 'example_branch_labels' retrieved from /home/airflow/.local/lib/python3.12/site-packages/airflow/example_dags/example_branch_labels.py
[2024-12-01T22:44:02.466+0000] {logging_mixin.py:190} INFO - [2024-12-01T22:44:02.466+0000] {dag.py:3239} INFO - Sync 1 DAGs
[2024-12-01T22:44:02.477+0000] {logging_mixin.py:190} INFO - [2024-12-01T22:44:02.476+0000] {dag.py:4180} INFO - Setting next_dagrun for example_branch_labels to 2024-11-30 00:00:00+00:00, run_after=2024-12-01 00:00:00+00:00
[2024-12-01T22:44:02.486+0000] {processor.py:208} INFO - Processing /home/airflow/.local/lib/python3.12/site-packages/airflow/example_dags/example_branch_labels.py took 0.045 seconds
[2024-12-01T22:44:33.547+0000] {processor.py:186} INFO - Started process (PID=224) to work on /home/airflow/.local/lib/python3.12/site-packages/airflow/example_dags/example_branch_labels.py
[2024-12-01T22:44:33.547+0000] {processor.py:914} INFO - Processing file /home/airflow/.local/lib/python3.12/site-packages/airflow/example_dags/example_branch_labels.py for tasks to queue
[2024-12-01T22:44:33.549+0000] {logging_mixin.py:190} INFO - [2024-12-01T22:44:33.548+0000] {dagbag.py:588} INFO - Filling up the DagBag from /home/airflow/.local/lib/python3.12/site-packages/airflow/example_dags/example_branch_labels.py
[2024-12-01T22:44:33.553+0000] {processor.py:925} INFO - DAG(s) 'example_branch_labels' retrieved from /home/airflow/.local/lib/python3.12/site-packages/airflow/example_dags/example_branch_labels.py
[2024-12-01T22:44:33.564+0000] {logging_mixin.py:190} INFO - [2024-12-01T22:44:33.564+0000] {dag.py:3239} INFO - Sync 1 DAGs
[2024-12-01T22:44:33.576+0000] {logging_mixin.py:190} INFO - [2024-12-01T22:44:33.576+0000] {dag.py:4180} INFO - Setting next_dagrun for example_branch_labels to 2024-11-30 00:00:00+00:00, run_after=2024-12-01 00:00:00+00:00
[2024-12-01T22:44:33.585+0000] {processor.py:208} INFO - Processing /home/airflow/.local/lib/python3.12/site-packages/airflow/example_dags/example_branch_labels.py took 0.041 seconds
[2024-12-01T22:45:04.692+0000] {processor.py:186} INFO - Started process (PID=294) to work on /home/airflow/.local/lib/python3.12/site-packages/airflow/example_dags/example_branch_labels.py
[2024-12-01T22:45:04.693+0000] {processor.py:914} INFO - Processing file /home/airflow/.local/lib/python3.12/site-packages/airflow/example_dags/example_branch_labels.py for tasks to queue
[2024-12-01T22:45:04.694+0000] {logging_mixin.py:190} INFO - [2024-12-01T22:45:04.693+0000] {dagbag.py:588} INFO - Filling up the DagBag from /home/airflow/.local/lib/python3.12/site-packages/airflow/example_dags/example_branch_labels.py
[2024-12-01T22:45:04.698+0000] {processor.py:925} INFO - DAG(s) 'example_branch_labels' retrieved from /home/airflow/.local/lib/python3.12/site-packages/airflow/example_dags/example_branch_labels.py
[2024-12-01T22:45:04.708+0000] {logging_mixin.py:190} INFO - [2024-12-01T22:45:04.708+0000] {dag.py:3239} INFO - Sync 1 DAGs
[2024-12-01T22:45:04.718+0000] {logging_mixin.py:190} INFO - [2024-12-01T22:45:04.718+0000] {dag.py:4180} INFO - Setting next_dagrun for example_branch_labels to 2024-11-30 00:00:00+00:00, run_after=2024-12-01 00:00:00+00:00
[2024-12-01T22:45:04.728+0000] {processor.py:208} INFO - Processing /home/airflow/.local/lib/python3.12/site-packages/airflow/example_dags/example_branch_labels.py took 0.038 seconds
[2024-12-01T22:45:35.977+0000] {processor.py:186} INFO - Started process (PID=358) to work on /home/airflow/.local/lib/python3.12/site-packages/airflow/example_dags/example_branch_labels.py
[2024-12-01T22:45:35.978+0000] {processor.py:914} INFO - Processing file /home/airflow/.local/lib/python3.12/site-packages/airflow/example_dags/example_branch_labels.py for tasks to queue
[2024-12-01T22:45:35.979+0000] {logging_mixin.py:190} INFO - [2024-12-01T22:45:35.979+0000] {dagbag.py:588} INFO - Filling up the DagBag from /home/airflow/.local/lib/python3.12/site-packages/airflow/example_dags/example_branch_labels.py
[2024-12-01T22:45:35.983+0000] {processor.py:925} INFO - DAG(s) 'example_branch_labels' retrieved from /home/airflow/.local/lib/python3.12/site-packages/airflow/example_dags/example_branch_labels.py
[2024-12-01T22:45:35.993+0000] {logging_mixin.py:190} INFO - [2024-12-01T22:45:35.992+0000] {dag.py:3239} INFO - Sync 1 DAGs
[2024-12-01T22:45:36.002+0000] {logging_mixin.py:190} INFO - [2024-12-01T22:45:36.002+0000] {dag.py:4180} INFO - Setting next_dagrun for example_branch_labels to 2024-11-30 00:00:00+00:00, run_after=2024-12-01 00:00:00+00:00
[2024-12-01T22:45:36.008+0000] {processor.py:208} INFO - Processing /home/airflow/.local/lib/python3.12/site-packages/airflow/example_dags/example_branch_labels.py took 0.033 seconds
[2024-12-01T22:46:07.125+0000] {processor.py:186} INFO - Started process (PID=422) to work on /home/airflow/.local/lib/python3.12/site-packages/airflow/example_dags/example_branch_labels.py
[2024-12-01T22:46:07.125+0000] {processor.py:914} INFO - Processing file /home/airflow/.local/lib/python3.12/site-packages/airflow/example_dags/example_branch_labels.py for tasks to queue
[2024-12-01T22:46:07.126+0000] {logging_mixin.py:190} INFO - [2024-12-01T22:46:07.126+0000] {dagbag.py:588} INFO - Filling up the DagBag from /home/airflow/.local/lib/python3.12/site-packages/airflow/example_dags/example_branch_labels.py
[2024-12-01T22:46:07.130+0000] {processor.py:925} INFO - DAG(s) 'example_branch_labels' retrieved from /home/airflow/.local/lib/python3.12/site-packages/airflow/example_dags/example_branch_labels.py
[2024-12-01T22:46:07.139+0000] {logging_mixin.py:190} INFO - [2024-12-01T22:46:07.139+0000] {dag.py:3239} INFO - Sync 1 DAGs
[2024-12-01T22:46:07.149+0000] {logging_mixin.py:190} INFO - [2024-12-01T22:46:07.148+0000] {dag.py:4180} INFO - Setting next_dagrun for example_branch_labels to 2024-11-30 00:00:00+00:00, run_after=2024-12-01 00:00:00+00:00
[2024-12-01T22:46:07.159+0000] {processor.py:208} INFO - Processing /home/airflow/.local/lib/python3.12/site-packages/airflow/example_dags/example_branch_labels.py took 0.036 seconds
[2024-12-01T22:46:38.420+0000] {processor.py:186} INFO - Started process (PID=486) to work on /home/airflow/.local/lib/python3.12/site-packages/airflow/example_dags/example_branch_labels.py
[2024-12-01T22:46:38.422+0000] {processor.py:914} INFO - Processing file /home/airflow/.local/lib/python3.12/site-packages/airflow/example_dags/example_branch_labels.py for tasks to queue
[2024-12-01T22:46:38.423+0000] {logging_mixin.py:190} INFO - [2024-12-01T22:46:38.423+0000] {dagbag.py:588} INFO - Filling up the DagBag from /home/airflow/.local/lib/python3.12/site-packages/airflow/example_dags/example_branch_labels.py
[2024-12-01T22:46:38.427+0000] {processor.py:925} INFO - DAG(s) 'example_branch_labels' retrieved from /home/airflow/.local/lib/python3.12/site-packages/airflow/example_dags/example_branch_labels.py
[2024-12-01T22:46:38.437+0000] {logging_mixin.py:190} INFO - [2024-12-01T22:46:38.437+0000] {dag.py:3239} INFO - Sync 1 DAGs
[2024-12-01T22:46:38.448+0000] {logging_mixin.py:190} INFO - [2024-12-01T22:46:38.448+0000] {dag.py:4180} INFO - Setting next_dagrun for example_branch_labels to 2024-11-30 00:00:00+00:00, run_after=2024-12-01 00:00:00+00:00
[2024-12-01T22:46:38.454+0000] {processor.py:208} INFO - Processing /home/airflow/.local/lib/python3.12/site-packages/airflow/example_dags/example_branch_labels.py took 0.036 seconds
[2024-12-01T22:47:09.469+0000] {processor.py:186} INFO - Started process (PID=550) to work on /home/airflow/.local/lib/python3.12/site-packages/airflow/example_dags/example_branch_labels.py
[2024-12-01T22:47:09.470+0000] {processor.py:914} INFO - Processing file /home/airflow/.local/lib/python3.12/site-packages/airflow/example_dags/example_branch_labels.py for tasks to queue
[2024-12-01T22:47:09.471+0000] {logging_mixin.py:190} INFO - [2024-12-01T22:47:09.470+0000] {dagbag.py:588} INFO - Filling up the DagBag from /home/airflow/.local/lib/python3.12/site-packages/airflow/example_dags/example_branch_labels.py
[2024-12-01T22:47:09.475+0000] {processor.py:925} INFO - DAG(s) 'example_branch_labels' retrieved from /home/airflow/.local/lib/python3.12/site-packages/airflow/example_dags/example_branch_labels.py
[2024-12-01T22:47:09.486+0000] {logging_mixin.py:190} INFO - [2024-12-01T22:47:09.486+0000] {dag.py:3239} INFO - Sync 1 DAGs
[2024-12-01T22:47:09.495+0000] {logging_mixin.py:190} INFO - [2024-12-01T22:47:09.494+0000] {dag.py:4180} INFO - Setting next_dagrun for example_branch_labels to 2024-11-30 00:00:00+00:00, run_after=2024-12-01 00:00:00+00:00
[2024-12-01T22:47:09.507+0000] {processor.py:208} INFO - Processing /home/airflow/.local/lib/python3.12/site-packages/airflow/example_dags/example_branch_labels.py took 0.040 seconds
[2024-12-01T22:47:40.706+0000] {processor.py:186} INFO - Started process (PID=614) to work on /home/airflow/.local/lib/python3.12/site-packages/airflow/example_dags/example_branch_labels.py
[2024-12-01T22:47:40.706+0000] {processor.py:914} INFO - Processing file /home/airflow/.local/lib/python3.12/site-packages/airflow/example_dags/example_branch_labels.py for tasks to queue
[2024-12-01T22:47:40.707+0000] {logging_mixin.py:190} INFO - [2024-12-01T22:47:40.707+0000] {dagbag.py:588} INFO - Filling up the DagBag from /home/airflow/.local/lib/python3.12/site-packages/airflow/example_dags/example_branch_labels.py
[2024-12-01T22:47:40.712+0000] {processor.py:925} INFO - DAG(s) 'example_branch_labels' retrieved from /home/airflow/.local/lib/python3.12/site-packages/airflow/example_dags/example_branch_labels.py
[2024-12-01T22:47:40.721+0000] {logging_mixin.py:190} INFO - [2024-12-01T22:47:40.721+0000] {dag.py:3239} INFO - Sync 1 DAGs
[2024-12-01T22:47:40.729+0000] {logging_mixin.py:190} INFO - [2024-12-01T22:47:40.729+0000] {dag.py:4180} INFO - Setting next_dagrun for example_branch_labels to 2024-11-30 00:00:00+00:00, run_after=2024-12-01 00:00:00+00:00
[2024-12-01T22:47:40.736+0000] {processor.py:208} INFO - Processing /home/airflow/.local/lib/python3.12/site-packages/airflow/example_dags/example_branch_labels.py took 0.033 seconds
[2024-12-01T22:48:11.898+0000] {processor.py:186} INFO - Started process (PID=678) to work on /home/airflow/.local/lib/python3.12/site-packages/airflow/example_dags/example_branch_labels.py
[2024-12-01T22:48:11.899+0000] {processor.py:914} INFO - Processing file /home/airflow/.local/lib/python3.12/site-packages/airflow/example_dags/example_branch_labels.py for tasks to queue
[2024-12-01T22:48:11.900+0000] {logging_mixin.py:190} INFO - [2024-12-01T22:48:11.900+0000] {dagbag.py:588} INFO - Filling up the DagBag from /home/airflow/.local/lib/python3.12/site-packages/airflow/example_dags/example_branch_labels.py
[2024-12-01T22:48:11.904+0000] {processor.py:925} INFO - DAG(s) 'example_branch_labels' retrieved from /home/airflow/.local/lib/python3.12/site-packages/airflow/example_dags/example_branch_labels.py
[2024-12-01T22:48:11.913+0000] {logging_mixin.py:190} INFO - [2024-12-01T22:48:11.913+0000] {dag.py:3239} INFO - Sync 1 DAGs
[2024-12-01T22:48:11.924+0000] {logging_mixin.py:190} INFO - [2024-12-01T22:48:11.924+0000] {dag.py:4180} INFO - Setting next_dagrun for example_branch_labels to 2024-11-30 00:00:00+00:00, run_after=2024-12-01 00:00:00+00:00
[2024-12-01T22:48:11.931+0000] {processor.py:208} INFO - Processing /home/airflow/.local/lib/python3.12/site-packages/airflow/example_dags/example_branch_labels.py took 0.035 seconds
[2024-12-01T22:48:43.105+0000] {processor.py:186} INFO - Started process (PID=742) to work on /home/airflow/.local/lib/python3.12/site-packages/airflow/example_dags/example_branch_labels.py
[2024-12-01T22:48:43.107+0000] {processor.py:914} INFO - Processing file /home/airflow/.local/lib/python3.12/site-packages/airflow/example_dags/example_branch_labels.py for tasks to queue
[2024-12-01T22:48:43.109+0000] {logging_mixin.py:190} INFO - [2024-12-01T22:48:43.108+0000] {dagbag.py:588} INFO - Filling up the DagBag from /home/airflow/.local/lib/python3.12/site-packages/airflow/example_dags/example_branch_labels.py
[2024-12-01T22:48:43.112+0000] {processor.py:925} INFO - DAG(s) 'example_branch_labels' retrieved from /home/airflow/.local/lib/python3.12/site-packages/airflow/example_dags/example_branch_labels.py
[2024-12-01T22:48:43.122+0000] {logging_mixin.py:190} INFO - [2024-12-01T22:48:43.122+0000] {dag.py:3239} INFO - Sync 1 DAGs
[2024-12-01T22:48:43.130+0000] {logging_mixin.py:190} INFO - [2024-12-01T22:48:43.130+0000] {dag.py:4180} INFO - Setting next_dagrun for example_branch_labels to 2024-11-30 00:00:00+00:00, run_after=2024-12-01 00:00:00+00:00
[2024-12-01T22:48:43.138+0000] {processor.py:208} INFO - Processing /home/airflow/.local/lib/python3.12/site-packages/airflow/example_dags/example_branch_labels.py took 0.036 seconds
[2024-12-01T22:49:14.239+0000] {processor.py:186} INFO - Started process (PID=806) to work on /home/airflow/.local/lib/python3.12/site-packages/airflow/example_dags/example_branch_labels.py
[2024-12-01T22:49:14.240+0000] {processor.py:914} INFO - Processing file /home/airflow/.local/lib/python3.12/site-packages/airflow/example_dags/example_branch_labels.py for tasks to queue
[2024-12-01T22:49:14.241+0000] {logging_mixin.py:190} INFO - [2024-12-01T22:49:14.241+0000] {dagbag.py:588} INFO - Filling up the DagBag from /home/airflow/.local/lib/python3.12/site-packages/airflow/example_dags/example_branch_labels.py
[2024-12-01T22:49:14.245+0000] {processor.py:925} INFO - DAG(s) 'example_branch_labels' retrieved from /home/airflow/.local/lib/python3.12/site-packages/airflow/example_dags/example_branch_labels.py
[2024-12-01T22:49:14.255+0000] {logging_mixin.py:190} INFO - [2024-12-01T22:49:14.255+0000] {dag.py:3239} INFO - Sync 1 DAGs
[2024-12-01T22:49:14.263+0000] {logging_mixin.py:190} INFO - [2024-12-01T22:49:14.263+0000] {dag.py:4180} INFO - Setting next_dagrun for example_branch_labels to 2024-11-30 00:00:00+00:00, run_after=2024-12-01 00:00:00+00:00
[2024-12-01T22:49:14.269+0000] {processor.py:208} INFO - Processing /home/airflow/.local/lib/python3.12/site-packages/airflow/example_dags/example_branch_labels.py took 0.032 seconds
