[2024-12-03T00:03:57.048+0000] {processor.py:186} INFO - Started process (PID=3468) to work on /opt/airflow/dags/download_rocket_launch.py
[2024-12-03T00:03:57.050+0000] {processor.py:914} INFO - Processing file /opt/airflow/dags/download_rocket_launch.py for tasks to queue
[2024-12-03T00:03:57.052+0000] {logging_mixin.py:190} INFO - [2024-12-03T00:03:57.052+0000] {dagbag.py:588} INFO - Filling up the DagBag from /opt/airflow/dags/download_rocket_launch.py
[2024-12-03T00:03:57.061+0000] {processor.py:925} INFO - DAG(s) 'download_rocket_launches' retrieved from /opt/airflow/dags/download_rocket_launch.py
[2024-12-03T00:03:57.189+0000] {logging_mixin.py:190} INFO - [2024-12-03T00:03:57.189+0000] {dag.py:3239} INFO - Sync 1 DAGs
[2024-12-03T00:03:57.200+0000] {logging_mixin.py:190} INFO - [2024-12-03T00:03:57.200+0000] {dag.py:4180} INFO - Setting next_dagrun for download_rocket_launches to None, run_after=None
[2024-12-03T00:03:57.210+0000] {processor.py:208} INFO - Processing /opt/airflow/dags/download_rocket_launch.py took 0.172 seconds
[2024-12-03T00:04:27.801+0000] {processor.py:186} INFO - Started process (PID=3533) to work on /opt/airflow/dags/download_rocket_launch.py
[2024-12-03T00:04:27.801+0000] {processor.py:914} INFO - Processing file /opt/airflow/dags/download_rocket_launch.py for tasks to queue
[2024-12-03T00:04:27.804+0000] {logging_mixin.py:190} INFO - [2024-12-03T00:04:27.803+0000] {dagbag.py:588} INFO - Filling up the DagBag from /opt/airflow/dags/download_rocket_launch.py
[2024-12-03T00:04:27.811+0000] {processor.py:925} INFO - DAG(s) 'download_rocket_launches' retrieved from /opt/airflow/dags/download_rocket_launch.py
[2024-12-03T00:04:27.820+0000] {logging_mixin.py:190} INFO - [2024-12-03T00:04:27.820+0000] {dag.py:3239} INFO - Sync 1 DAGs
[2024-12-03T00:04:27.829+0000] {logging_mixin.py:190} INFO - [2024-12-03T00:04:27.829+0000] {dag.py:4180} INFO - Setting next_dagrun for download_rocket_launches to None, run_after=None
[2024-12-03T00:04:27.837+0000] {processor.py:208} INFO - Processing /opt/airflow/dags/download_rocket_launch.py took 0.039 seconds
[2024-12-03T00:04:58.088+0000] {processor.py:186} INFO - Started process (PID=3599) to work on /opt/airflow/dags/download_rocket_launch.py
[2024-12-03T00:04:58.089+0000] {processor.py:914} INFO - Processing file /opt/airflow/dags/download_rocket_launch.py for tasks to queue
[2024-12-03T00:04:58.090+0000] {logging_mixin.py:190} INFO - [2024-12-03T00:04:58.089+0000] {dagbag.py:588} INFO - Filling up the DagBag from /opt/airflow/dags/download_rocket_launch.py
[2024-12-03T00:04:58.093+0000] {processor.py:925} INFO - DAG(s) 'download_rocket_launches' retrieved from /opt/airflow/dags/download_rocket_launch.py
[2024-12-03T00:04:58.102+0000] {logging_mixin.py:190} INFO - [2024-12-03T00:04:58.101+0000] {dag.py:3239} INFO - Sync 1 DAGs
[2024-12-03T00:04:58.107+0000] {logging_mixin.py:190} INFO - [2024-12-03T00:04:58.107+0000] {dag.py:4180} INFO - Setting next_dagrun for download_rocket_launches to None, run_after=None
[2024-12-03T00:04:58.112+0000] {processor.py:208} INFO - Processing /opt/airflow/dags/download_rocket_launch.py took 0.027 seconds
[2024-12-03T00:05:28.267+0000] {processor.py:186} INFO - Started process (PID=3665) to work on /opt/airflow/dags/download_rocket_launch.py
[2024-12-03T00:05:28.267+0000] {processor.py:914} INFO - Processing file /opt/airflow/dags/download_rocket_launch.py for tasks to queue
[2024-12-03T00:05:28.268+0000] {logging_mixin.py:190} INFO - [2024-12-03T00:05:28.268+0000] {dagbag.py:588} INFO - Filling up the DagBag from /opt/airflow/dags/download_rocket_launch.py
[2024-12-03T00:05:28.275+0000] {processor.py:925} INFO - DAG(s) 'download_rocket_launches' retrieved from /opt/airflow/dags/download_rocket_launch.py
[2024-12-03T00:05:28.285+0000] {logging_mixin.py:190} INFO - [2024-12-03T00:05:28.285+0000] {dag.py:3239} INFO - Sync 1 DAGs
[2024-12-03T00:05:28.292+0000] {logging_mixin.py:190} INFO - [2024-12-03T00:05:28.291+0000] {dag.py:4180} INFO - Setting next_dagrun for download_rocket_launches to None, run_after=None
[2024-12-03T00:05:28.307+0000] {processor.py:208} INFO - Processing /opt/airflow/dags/download_rocket_launch.py took 0.044 seconds
[2024-12-03T00:05:58.374+0000] {processor.py:186} INFO - Started process (PID=3731) to work on /opt/airflow/dags/download_rocket_launch.py
[2024-12-03T00:05:58.374+0000] {processor.py:914} INFO - Processing file /opt/airflow/dags/download_rocket_launch.py for tasks to queue
[2024-12-03T00:05:58.375+0000] {logging_mixin.py:190} INFO - [2024-12-03T00:05:58.375+0000] {dagbag.py:588} INFO - Filling up the DagBag from /opt/airflow/dags/download_rocket_launch.py
[2024-12-03T00:05:58.379+0000] {processor.py:925} INFO - DAG(s) 'download_rocket_launches' retrieved from /opt/airflow/dags/download_rocket_launch.py
[2024-12-03T00:05:58.387+0000] {logging_mixin.py:190} INFO - [2024-12-03T00:05:58.386+0000] {dag.py:3239} INFO - Sync 1 DAGs
[2024-12-03T00:05:58.391+0000] {logging_mixin.py:190} INFO - [2024-12-03T00:05:58.391+0000] {dag.py:4180} INFO - Setting next_dagrun for download_rocket_launches to None, run_after=None
[2024-12-03T00:05:58.397+0000] {processor.py:208} INFO - Processing /opt/airflow/dags/download_rocket_launch.py took 0.026 seconds
[2024-12-03T00:06:28.482+0000] {processor.py:186} INFO - Started process (PID=3797) to work on /opt/airflow/dags/download_rocket_launch.py
[2024-12-03T00:06:28.483+0000] {processor.py:914} INFO - Processing file /opt/airflow/dags/download_rocket_launch.py for tasks to queue
[2024-12-03T00:06:28.484+0000] {logging_mixin.py:190} INFO - [2024-12-03T00:06:28.483+0000] {dagbag.py:588} INFO - Filling up the DagBag from /opt/airflow/dags/download_rocket_launch.py
[2024-12-03T00:06:28.487+0000] {processor.py:925} INFO - DAG(s) 'download_rocket_launches' retrieved from /opt/airflow/dags/download_rocket_launch.py
[2024-12-03T00:06:28.496+0000] {logging_mixin.py:190} INFO - [2024-12-03T00:06:28.496+0000] {dag.py:3239} INFO - Sync 1 DAGs
[2024-12-03T00:06:28.501+0000] {logging_mixin.py:190} INFO - [2024-12-03T00:06:28.501+0000] {dag.py:4180} INFO - Setting next_dagrun for download_rocket_launches to None, run_after=None
[2024-12-03T00:06:28.506+0000] {processor.py:208} INFO - Processing /opt/airflow/dags/download_rocket_launch.py took 0.027 seconds
[2024-12-03T00:06:58.593+0000] {processor.py:186} INFO - Started process (PID=3863) to work on /opt/airflow/dags/download_rocket_launch.py
[2024-12-03T00:06:58.594+0000] {processor.py:914} INFO - Processing file /opt/airflow/dags/download_rocket_launch.py for tasks to queue
[2024-12-03T00:06:58.599+0000] {logging_mixin.py:190} INFO - [2024-12-03T00:06:58.599+0000] {dagbag.py:588} INFO - Filling up the DagBag from /opt/airflow/dags/download_rocket_launch.py
[2024-12-03T00:06:58.604+0000] {processor.py:925} INFO - DAG(s) 'download_rocket_launches' retrieved from /opt/airflow/dags/download_rocket_launch.py
[2024-12-03T00:06:58.615+0000] {logging_mixin.py:190} INFO - [2024-12-03T00:06:58.615+0000] {dag.py:3239} INFO - Sync 1 DAGs
[2024-12-03T00:06:58.625+0000] {logging_mixin.py:190} INFO - [2024-12-03T00:06:58.625+0000] {dag.py:4180} INFO - Setting next_dagrun for download_rocket_launches to None, run_after=None
[2024-12-03T00:06:58.633+0000] {processor.py:208} INFO - Processing /opt/airflow/dags/download_rocket_launch.py took 0.046 seconds
[2024-12-03T00:07:28.710+0000] {processor.py:186} INFO - Started process (PID=3929) to work on /opt/airflow/dags/download_rocket_launch.py
[2024-12-03T00:07:28.711+0000] {processor.py:914} INFO - Processing file /opt/airflow/dags/download_rocket_launch.py for tasks to queue
[2024-12-03T00:07:28.712+0000] {logging_mixin.py:190} INFO - [2024-12-03T00:07:28.712+0000] {dagbag.py:588} INFO - Filling up the DagBag from /opt/airflow/dags/download_rocket_launch.py
[2024-12-03T00:07:28.719+0000] {processor.py:925} INFO - DAG(s) 'download_rocket_launches' retrieved from /opt/airflow/dags/download_rocket_launch.py
[2024-12-03T00:07:28.728+0000] {logging_mixin.py:190} INFO - [2024-12-03T00:07:28.728+0000] {dag.py:3239} INFO - Sync 1 DAGs
[2024-12-03T00:07:28.735+0000] {logging_mixin.py:190} INFO - [2024-12-03T00:07:28.735+0000] {dag.py:4180} INFO - Setting next_dagrun for download_rocket_launches to None, run_after=None
[2024-12-03T00:07:28.745+0000] {processor.py:208} INFO - Processing /opt/airflow/dags/download_rocket_launch.py took 0.040 seconds
[2024-12-03T00:07:59.726+0000] {processor.py:186} INFO - Started process (PID=4001) to work on /opt/airflow/dags/download_rocket_launch.py
[2024-12-03T00:07:59.727+0000] {processor.py:914} INFO - Processing file /opt/airflow/dags/download_rocket_launch.py for tasks to queue
[2024-12-03T00:07:59.729+0000] {logging_mixin.py:190} INFO - [2024-12-03T00:07:59.729+0000] {dagbag.py:588} INFO - Filling up the DagBag from /opt/airflow/dags/download_rocket_launch.py
[2024-12-03T00:07:59.738+0000] {processor.py:925} INFO - DAG(s) 'download_rocket_launches' retrieved from /opt/airflow/dags/download_rocket_launch.py
[2024-12-03T00:07:59.748+0000] {logging_mixin.py:190} INFO - [2024-12-03T00:07:59.748+0000] {dag.py:3239} INFO - Sync 1 DAGs
[2024-12-03T00:07:59.757+0000] {logging_mixin.py:190} INFO - [2024-12-03T00:07:59.756+0000] {dag.py:4180} INFO - Setting next_dagrun for download_rocket_launches to None, run_after=None
[2024-12-03T00:07:59.766+0000] {processor.py:208} INFO - Processing /opt/airflow/dags/download_rocket_launch.py took 0.044 seconds
[2024-12-03T00:08:29.809+0000] {processor.py:186} INFO - Started process (PID=4067) to work on /opt/airflow/dags/download_rocket_launch.py
[2024-12-03T00:08:29.810+0000] {processor.py:914} INFO - Processing file /opt/airflow/dags/download_rocket_launch.py for tasks to queue
[2024-12-03T00:08:29.811+0000] {logging_mixin.py:190} INFO - [2024-12-03T00:08:29.811+0000] {dagbag.py:588} INFO - Filling up the DagBag from /opt/airflow/dags/download_rocket_launch.py
[2024-12-03T00:08:29.821+0000] {processor.py:925} INFO - DAG(s) 'download_rocket_launches' retrieved from /opt/airflow/dags/download_rocket_launch.py
[2024-12-03T00:08:29.837+0000] {logging_mixin.py:190} INFO - [2024-12-03T00:08:29.837+0000] {dag.py:3239} INFO - Sync 1 DAGs
[2024-12-03T00:08:29.843+0000] {logging_mixin.py:190} INFO - [2024-12-03T00:08:29.843+0000] {dag.py:4180} INFO - Setting next_dagrun for download_rocket_launches to None, run_after=None
[2024-12-03T00:08:29.852+0000] {processor.py:208} INFO - Processing /opt/airflow/dags/download_rocket_launch.py took 0.048 seconds
[2024-12-03T00:09:00.132+0000] {processor.py:186} INFO - Started process (PID=4133) to work on /opt/airflow/dags/download_rocket_launch.py
[2024-12-03T00:09:00.133+0000] {processor.py:914} INFO - Processing file /opt/airflow/dags/download_rocket_launch.py for tasks to queue
[2024-12-03T00:09:00.135+0000] {logging_mixin.py:190} INFO - [2024-12-03T00:09:00.135+0000] {dagbag.py:588} INFO - Filling up the DagBag from /opt/airflow/dags/download_rocket_launch.py
[2024-12-03T00:09:00.143+0000] {processor.py:925} INFO - DAG(s) 'download_rocket_launches' retrieved from /opt/airflow/dags/download_rocket_launch.py
[2024-12-03T00:09:00.153+0000] {logging_mixin.py:190} INFO - [2024-12-03T00:09:00.153+0000] {dag.py:3239} INFO - Sync 1 DAGs
[2024-12-03T00:09:00.163+0000] {logging_mixin.py:190} INFO - [2024-12-03T00:09:00.163+0000] {dag.py:4180} INFO - Setting next_dagrun for download_rocket_launches to None, run_after=None
[2024-12-03T00:09:00.174+0000] {processor.py:208} INFO - Processing /opt/airflow/dags/download_rocket_launch.py took 0.045 seconds
[2024-12-03T00:09:30.393+0000] {processor.py:186} INFO - Started process (PID=4199) to work on /opt/airflow/dags/download_rocket_launch.py
[2024-12-03T00:09:30.394+0000] {processor.py:914} INFO - Processing file /opt/airflow/dags/download_rocket_launch.py for tasks to queue
[2024-12-03T00:09:30.395+0000] {logging_mixin.py:190} INFO - [2024-12-03T00:09:30.395+0000] {dagbag.py:588} INFO - Filling up the DagBag from /opt/airflow/dags/download_rocket_launch.py
[2024-12-03T00:09:30.401+0000] {processor.py:925} INFO - DAG(s) 'download_rocket_launches' retrieved from /opt/airflow/dags/download_rocket_launch.py
[2024-12-03T00:09:30.414+0000] {logging_mixin.py:190} INFO - [2024-12-03T00:09:30.414+0000] {dag.py:3239} INFO - Sync 1 DAGs
[2024-12-03T00:09:30.421+0000] {logging_mixin.py:190} INFO - [2024-12-03T00:09:30.421+0000] {dag.py:4180} INFO - Setting next_dagrun for download_rocket_launches to None, run_after=None
[2024-12-03T00:09:30.433+0000] {processor.py:208} INFO - Processing /opt/airflow/dags/download_rocket_launch.py took 0.044 seconds
[2024-12-03T00:10:00.627+0000] {processor.py:186} INFO - Started process (PID=4265) to work on /opt/airflow/dags/download_rocket_launch.py
[2024-12-03T00:10:00.628+0000] {processor.py:914} INFO - Processing file /opt/airflow/dags/download_rocket_launch.py for tasks to queue
[2024-12-03T00:10:00.629+0000] {logging_mixin.py:190} INFO - [2024-12-03T00:10:00.629+0000] {dagbag.py:588} INFO - Filling up the DagBag from /opt/airflow/dags/download_rocket_launch.py
[2024-12-03T00:10:00.639+0000] {processor.py:925} INFO - DAG(s) 'download_rocket_launches' retrieved from /opt/airflow/dags/download_rocket_launch.py
[2024-12-03T00:10:00.650+0000] {logging_mixin.py:190} INFO - [2024-12-03T00:10:00.650+0000] {dag.py:3239} INFO - Sync 1 DAGs
[2024-12-03T00:10:00.655+0000] {logging_mixin.py:190} INFO - [2024-12-03T00:10:00.655+0000] {dag.py:4180} INFO - Setting next_dagrun for download_rocket_launches to None, run_after=None
[2024-12-03T00:10:00.664+0000] {processor.py:208} INFO - Processing /opt/airflow/dags/download_rocket_launch.py took 0.041 seconds
[2024-12-03T00:10:30.975+0000] {processor.py:186} INFO - Started process (PID=4331) to work on /opt/airflow/dags/download_rocket_launch.py
[2024-12-03T00:10:30.976+0000] {processor.py:914} INFO - Processing file /opt/airflow/dags/download_rocket_launch.py for tasks to queue
[2024-12-03T00:10:30.977+0000] {logging_mixin.py:190} INFO - [2024-12-03T00:10:30.977+0000] {dagbag.py:588} INFO - Filling up the DagBag from /opt/airflow/dags/download_rocket_launch.py
[2024-12-03T00:10:30.987+0000] {processor.py:925} INFO - DAG(s) 'download_rocket_launches' retrieved from /opt/airflow/dags/download_rocket_launch.py
[2024-12-03T00:10:30.995+0000] {logging_mixin.py:190} INFO - [2024-12-03T00:10:30.995+0000] {dag.py:3239} INFO - Sync 1 DAGs
[2024-12-03T00:10:31.004+0000] {logging_mixin.py:190} INFO - [2024-12-03T00:10:31.004+0000] {dag.py:4180} INFO - Setting next_dagrun for download_rocket_launches to None, run_after=None
[2024-12-03T00:10:31.015+0000] {processor.py:208} INFO - Processing /opt/airflow/dags/download_rocket_launch.py took 0.044 seconds
[2024-12-03T00:11:01.214+0000] {processor.py:186} INFO - Started process (PID=4397) to work on /opt/airflow/dags/download_rocket_launch.py
[2024-12-03T00:11:01.215+0000] {processor.py:914} INFO - Processing file /opt/airflow/dags/download_rocket_launch.py for tasks to queue
[2024-12-03T00:11:01.217+0000] {logging_mixin.py:190} INFO - [2024-12-03T00:11:01.217+0000] {dagbag.py:588} INFO - Filling up the DagBag from /opt/airflow/dags/download_rocket_launch.py
[2024-12-03T00:11:01.227+0000] {processor.py:925} INFO - DAG(s) 'download_rocket_launches' retrieved from /opt/airflow/dags/download_rocket_launch.py
[2024-12-03T00:11:01.236+0000] {logging_mixin.py:190} INFO - [2024-12-03T00:11:01.236+0000] {dag.py:3239} INFO - Sync 1 DAGs
[2024-12-03T00:11:01.241+0000] {logging_mixin.py:190} INFO - [2024-12-03T00:11:01.241+0000] {dag.py:4180} INFO - Setting next_dagrun for download_rocket_launches to None, run_after=None
[2024-12-03T00:11:01.250+0000] {processor.py:208} INFO - Processing /opt/airflow/dags/download_rocket_launch.py took 0.040 seconds
[2024-12-03T00:11:31.394+0000] {processor.py:186} INFO - Started process (PID=4463) to work on /opt/airflow/dags/download_rocket_launch.py
[2024-12-03T00:11:31.394+0000] {processor.py:914} INFO - Processing file /opt/airflow/dags/download_rocket_launch.py for tasks to queue
[2024-12-03T00:11:31.396+0000] {logging_mixin.py:190} INFO - [2024-12-03T00:11:31.396+0000] {dagbag.py:588} INFO - Filling up the DagBag from /opt/airflow/dags/download_rocket_launch.py
[2024-12-03T00:11:31.406+0000] {processor.py:925} INFO - DAG(s) 'download_rocket_launches' retrieved from /opt/airflow/dags/download_rocket_launch.py
[2024-12-03T00:11:31.420+0000] {logging_mixin.py:190} INFO - [2024-12-03T00:11:31.420+0000] {dag.py:3239} INFO - Sync 1 DAGs
[2024-12-03T00:11:31.428+0000] {logging_mixin.py:190} INFO - [2024-12-03T00:11:31.428+0000] {dag.py:4180} INFO - Setting next_dagrun for download_rocket_launches to None, run_after=None
[2024-12-03T00:11:31.439+0000] {processor.py:208} INFO - Processing /opt/airflow/dags/download_rocket_launch.py took 0.050 seconds
[2024-12-03T00:12:01.644+0000] {processor.py:186} INFO - Started process (PID=4529) to work on /opt/airflow/dags/download_rocket_launch.py
[2024-12-03T00:12:01.645+0000] {processor.py:914} INFO - Processing file /opt/airflow/dags/download_rocket_launch.py for tasks to queue
[2024-12-03T00:12:01.648+0000] {logging_mixin.py:190} INFO - [2024-12-03T00:12:01.648+0000] {dagbag.py:588} INFO - Filling up the DagBag from /opt/airflow/dags/download_rocket_launch.py
[2024-12-03T00:12:01.654+0000] {processor.py:925} INFO - DAG(s) 'download_rocket_launches' retrieved from /opt/airflow/dags/download_rocket_launch.py
[2024-12-03T00:12:01.667+0000] {logging_mixin.py:190} INFO - [2024-12-03T00:12:01.667+0000] {dag.py:3239} INFO - Sync 1 DAGs
[2024-12-03T00:12:01.673+0000] {logging_mixin.py:190} INFO - [2024-12-03T00:12:01.673+0000] {dag.py:4180} INFO - Setting next_dagrun for download_rocket_launches to None, run_after=None
[2024-12-03T00:12:01.684+0000] {processor.py:208} INFO - Processing /opt/airflow/dags/download_rocket_launch.py took 0.044 seconds
[2024-12-03T00:12:31.816+0000] {processor.py:186} INFO - Started process (PID=4595) to work on /opt/airflow/dags/download_rocket_launch.py
[2024-12-03T00:12:31.817+0000] {processor.py:914} INFO - Processing file /opt/airflow/dags/download_rocket_launch.py for tasks to queue
[2024-12-03T00:12:31.819+0000] {logging_mixin.py:190} INFO - [2024-12-03T00:12:31.819+0000] {dagbag.py:588} INFO - Filling up the DagBag from /opt/airflow/dags/download_rocket_launch.py
[2024-12-03T00:12:31.822+0000] {processor.py:925} INFO - DAG(s) 'download_rocket_launches' retrieved from /opt/airflow/dags/download_rocket_launch.py
[2024-12-03T00:12:31.832+0000] {logging_mixin.py:190} INFO - [2024-12-03T00:12:31.832+0000] {dag.py:3239} INFO - Sync 1 DAGs
[2024-12-03T00:12:31.838+0000] {logging_mixin.py:190} INFO - [2024-12-03T00:12:31.837+0000] {dag.py:4180} INFO - Setting next_dagrun for download_rocket_launches to None, run_after=None
[2024-12-03T00:12:31.845+0000] {processor.py:208} INFO - Processing /opt/airflow/dags/download_rocket_launch.py took 0.031 seconds
[2024-12-03T00:13:02.153+0000] {processor.py:186} INFO - Started process (PID=4661) to work on /opt/airflow/dags/download_rocket_launch.py
[2024-12-03T00:13:02.154+0000] {processor.py:914} INFO - Processing file /opt/airflow/dags/download_rocket_launch.py for tasks to queue
[2024-12-03T00:13:02.158+0000] {logging_mixin.py:190} INFO - [2024-12-03T00:13:02.158+0000] {dagbag.py:588} INFO - Filling up the DagBag from /opt/airflow/dags/download_rocket_launch.py
[2024-12-03T00:13:02.165+0000] {processor.py:925} INFO - DAG(s) 'download_rocket_launches' retrieved from /opt/airflow/dags/download_rocket_launch.py
[2024-12-03T00:13:02.177+0000] {logging_mixin.py:190} INFO - [2024-12-03T00:13:02.177+0000] {dag.py:3239} INFO - Sync 1 DAGs
[2024-12-03T00:13:02.182+0000] {logging_mixin.py:190} INFO - [2024-12-03T00:13:02.182+0000] {dag.py:4180} INFO - Setting next_dagrun for download_rocket_launches to None, run_after=None
[2024-12-03T00:13:02.192+0000] {processor.py:208} INFO - Processing /opt/airflow/dags/download_rocket_launch.py took 0.044 seconds
[2024-12-03T00:13:32.352+0000] {processor.py:186} INFO - Started process (PID=4727) to work on /opt/airflow/dags/download_rocket_launch.py
[2024-12-03T00:13:32.353+0000] {processor.py:914} INFO - Processing file /opt/airflow/dags/download_rocket_launch.py for tasks to queue
[2024-12-03T00:13:32.354+0000] {logging_mixin.py:190} INFO - [2024-12-03T00:13:32.354+0000] {dagbag.py:588} INFO - Filling up the DagBag from /opt/airflow/dags/download_rocket_launch.py
[2024-12-03T00:13:32.363+0000] {processor.py:925} INFO - DAG(s) 'download_rocket_launches' retrieved from /opt/airflow/dags/download_rocket_launch.py
[2024-12-03T00:13:32.375+0000] {logging_mixin.py:190} INFO - [2024-12-03T00:13:32.374+0000] {dag.py:3239} INFO - Sync 1 DAGs
[2024-12-03T00:13:32.381+0000] {logging_mixin.py:190} INFO - [2024-12-03T00:13:32.381+0000] {dag.py:4180} INFO - Setting next_dagrun for download_rocket_launches to None, run_after=None
[2024-12-03T00:13:32.391+0000] {processor.py:208} INFO - Processing /opt/airflow/dags/download_rocket_launch.py took 0.043 seconds
[2024-12-03T00:14:02.787+0000] {processor.py:186} INFO - Started process (PID=4793) to work on /opt/airflow/dags/download_rocket_launch.py
[2024-12-03T00:14:02.788+0000] {processor.py:914} INFO - Processing file /opt/airflow/dags/download_rocket_launch.py for tasks to queue
[2024-12-03T00:14:02.791+0000] {logging_mixin.py:190} INFO - [2024-12-03T00:14:02.790+0000] {dagbag.py:588} INFO - Filling up the DagBag from /opt/airflow/dags/download_rocket_launch.py
[2024-12-03T00:14:02.798+0000] {processor.py:925} INFO - DAG(s) 'download_rocket_launches' retrieved from /opt/airflow/dags/download_rocket_launch.py
[2024-12-03T00:14:02.808+0000] {logging_mixin.py:190} INFO - [2024-12-03T00:14:02.808+0000] {dag.py:3239} INFO - Sync 1 DAGs
[2024-12-03T00:14:02.814+0000] {logging_mixin.py:190} INFO - [2024-12-03T00:14:02.814+0000] {dag.py:4180} INFO - Setting next_dagrun for download_rocket_launches to None, run_after=None
[2024-12-03T00:14:02.823+0000] {processor.py:208} INFO - Processing /opt/airflow/dags/download_rocket_launch.py took 0.040 seconds
[2024-12-03T00:14:32.996+0000] {processor.py:186} INFO - Started process (PID=4859) to work on /opt/airflow/dags/download_rocket_launch.py
[2024-12-03T00:14:32.996+0000] {processor.py:914} INFO - Processing file /opt/airflow/dags/download_rocket_launch.py for tasks to queue
[2024-12-03T00:14:32.998+0000] {logging_mixin.py:190} INFO - [2024-12-03T00:14:32.998+0000] {dagbag.py:588} INFO - Filling up the DagBag from /opt/airflow/dags/download_rocket_launch.py
[2024-12-03T00:14:33.009+0000] {processor.py:925} INFO - DAG(s) 'download_rocket_launches' retrieved from /opt/airflow/dags/download_rocket_launch.py
[2024-12-03T00:14:33.025+0000] {logging_mixin.py:190} INFO - [2024-12-03T00:14:33.025+0000] {dag.py:3239} INFO - Sync 1 DAGs
[2024-12-03T00:14:33.031+0000] {logging_mixin.py:190} INFO - [2024-12-03T00:14:33.030+0000] {dag.py:4180} INFO - Setting next_dagrun for download_rocket_launches to None, run_after=None
[2024-12-03T00:14:33.040+0000] {processor.py:208} INFO - Processing /opt/airflow/dags/download_rocket_launch.py took 0.049 seconds
[2024-12-03T00:15:03.343+0000] {processor.py:186} INFO - Started process (PID=4925) to work on /opt/airflow/dags/download_rocket_launch.py
[2024-12-03T00:15:03.344+0000] {processor.py:914} INFO - Processing file /opt/airflow/dags/download_rocket_launch.py for tasks to queue
[2024-12-03T00:15:03.346+0000] {logging_mixin.py:190} INFO - [2024-12-03T00:15:03.345+0000] {dagbag.py:588} INFO - Filling up the DagBag from /opt/airflow/dags/download_rocket_launch.py
[2024-12-03T00:15:03.357+0000] {processor.py:925} INFO - DAG(s) 'download_rocket_launches' retrieved from /opt/airflow/dags/download_rocket_launch.py
[2024-12-03T00:15:03.369+0000] {logging_mixin.py:190} INFO - [2024-12-03T00:15:03.369+0000] {dag.py:3239} INFO - Sync 1 DAGs
[2024-12-03T00:15:03.375+0000] {logging_mixin.py:190} INFO - [2024-12-03T00:15:03.375+0000] {dag.py:4180} INFO - Setting next_dagrun for download_rocket_launches to None, run_after=None
[2024-12-03T00:15:03.386+0000] {processor.py:208} INFO - Processing /opt/airflow/dags/download_rocket_launch.py took 0.047 seconds
[2024-12-03T00:15:33.875+0000] {processor.py:186} INFO - Started process (PID=4991) to work on /opt/airflow/dags/download_rocket_launch.py
[2024-12-03T00:15:33.876+0000] {processor.py:914} INFO - Processing file /opt/airflow/dags/download_rocket_launch.py for tasks to queue
[2024-12-03T00:15:33.877+0000] {logging_mixin.py:190} INFO - [2024-12-03T00:15:33.877+0000] {dagbag.py:588} INFO - Filling up the DagBag from /opt/airflow/dags/download_rocket_launch.py
[2024-12-03T00:15:33.887+0000] {processor.py:925} INFO - DAG(s) 'download_rocket_launches' retrieved from /opt/airflow/dags/download_rocket_launch.py
[2024-12-03T00:15:33.899+0000] {logging_mixin.py:190} INFO - [2024-12-03T00:15:33.899+0000] {dag.py:3239} INFO - Sync 1 DAGs
[2024-12-03T00:15:33.906+0000] {logging_mixin.py:190} INFO - [2024-12-03T00:15:33.906+0000] {dag.py:4180} INFO - Setting next_dagrun for download_rocket_launches to None, run_after=None
[2024-12-03T00:15:33.915+0000] {processor.py:208} INFO - Processing /opt/airflow/dags/download_rocket_launch.py took 0.049 seconds
[2024-12-03T00:16:04.608+0000] {processor.py:186} INFO - Started process (PID=5058) to work on /opt/airflow/dags/download_rocket_launch.py
[2024-12-03T00:16:04.609+0000] {processor.py:914} INFO - Processing file /opt/airflow/dags/download_rocket_launch.py for tasks to queue
[2024-12-03T00:16:04.612+0000] {logging_mixin.py:190} INFO - [2024-12-03T00:16:04.612+0000] {dagbag.py:588} INFO - Filling up the DagBag from /opt/airflow/dags/download_rocket_launch.py
[2024-12-03T00:16:04.620+0000] {processor.py:925} INFO - DAG(s) 'download_rocket_launches' retrieved from /opt/airflow/dags/download_rocket_launch.py
[2024-12-03T00:16:04.631+0000] {logging_mixin.py:190} INFO - [2024-12-03T00:16:04.631+0000] {dag.py:3239} INFO - Sync 1 DAGs
[2024-12-03T00:16:04.637+0000] {logging_mixin.py:190} INFO - [2024-12-03T00:16:04.637+0000] {dag.py:4180} INFO - Setting next_dagrun for download_rocket_launches to None, run_after=None
[2024-12-03T00:16:04.646+0000] {processor.py:208} INFO - Processing /opt/airflow/dags/download_rocket_launch.py took 0.041 seconds
[2024-12-03T00:16:34.924+0000] {processor.py:186} INFO - Started process (PID=5125) to work on /opt/airflow/dags/download_rocket_launch.py
[2024-12-03T00:16:34.926+0000] {processor.py:914} INFO - Processing file /opt/airflow/dags/download_rocket_launch.py for tasks to queue
[2024-12-03T00:16:34.927+0000] {logging_mixin.py:190} INFO - [2024-12-03T00:16:34.927+0000] {dagbag.py:588} INFO - Filling up the DagBag from /opt/airflow/dags/download_rocket_launch.py
[2024-12-03T00:16:34.934+0000] {processor.py:925} INFO - DAG(s) 'download_rocket_launches' retrieved from /opt/airflow/dags/download_rocket_launch.py
[2024-12-03T00:16:34.947+0000] {logging_mixin.py:190} INFO - [2024-12-03T00:16:34.947+0000] {dag.py:3239} INFO - Sync 1 DAGs
[2024-12-03T00:16:34.956+0000] {logging_mixin.py:190} INFO - [2024-12-03T00:16:34.956+0000] {dag.py:4180} INFO - Setting next_dagrun for download_rocket_launches to None, run_after=None
[2024-12-03T00:16:34.966+0000] {processor.py:208} INFO - Processing /opt/airflow/dags/download_rocket_launch.py took 0.046 seconds
[2024-12-03T00:17:05.305+0000] {processor.py:186} INFO - Started process (PID=5191) to work on /opt/airflow/dags/download_rocket_launch.py
[2024-12-03T00:17:05.306+0000] {processor.py:914} INFO - Processing file /opt/airflow/dags/download_rocket_launch.py for tasks to queue
[2024-12-03T00:17:05.308+0000] {logging_mixin.py:190} INFO - [2024-12-03T00:17:05.308+0000] {dagbag.py:588} INFO - Filling up the DagBag from /opt/airflow/dags/download_rocket_launch.py
[2024-12-03T00:17:05.317+0000] {processor.py:925} INFO - DAG(s) 'download_rocket_launches' retrieved from /opt/airflow/dags/download_rocket_launch.py
[2024-12-03T00:17:05.330+0000] {logging_mixin.py:190} INFO - [2024-12-03T00:17:05.329+0000] {dag.py:3239} INFO - Sync 1 DAGs
[2024-12-03T00:17:05.336+0000] {logging_mixin.py:190} INFO - [2024-12-03T00:17:05.336+0000] {dag.py:4180} INFO - Setting next_dagrun for download_rocket_launches to None, run_after=None
[2024-12-03T00:17:05.345+0000] {processor.py:208} INFO - Processing /opt/airflow/dags/download_rocket_launch.py took 0.044 seconds
[2024-12-03T00:17:35.609+0000] {processor.py:186} INFO - Started process (PID=5257) to work on /opt/airflow/dags/download_rocket_launch.py
[2024-12-03T00:17:35.610+0000] {processor.py:914} INFO - Processing file /opt/airflow/dags/download_rocket_launch.py for tasks to queue
[2024-12-03T00:17:35.612+0000] {logging_mixin.py:190} INFO - [2024-12-03T00:17:35.612+0000] {dagbag.py:588} INFO - Filling up the DagBag from /opt/airflow/dags/download_rocket_launch.py
[2024-12-03T00:17:35.620+0000] {processor.py:925} INFO - DAG(s) 'download_rocket_launches' retrieved from /opt/airflow/dags/download_rocket_launch.py
[2024-12-03T00:17:35.629+0000] {logging_mixin.py:190} INFO - [2024-12-03T00:17:35.629+0000] {dag.py:3239} INFO - Sync 1 DAGs
[2024-12-03T00:17:35.635+0000] {logging_mixin.py:190} INFO - [2024-12-03T00:17:35.635+0000] {dag.py:4180} INFO - Setting next_dagrun for download_rocket_launches to None, run_after=None
[2024-12-03T00:17:35.642+0000] {processor.py:208} INFO - Processing /opt/airflow/dags/download_rocket_launch.py took 0.036 seconds
[2024-12-03T00:18:05.960+0000] {processor.py:186} INFO - Started process (PID=5323) to work on /opt/airflow/dags/download_rocket_launch.py
[2024-12-03T00:18:05.961+0000] {processor.py:914} INFO - Processing file /opt/airflow/dags/download_rocket_launch.py for tasks to queue
[2024-12-03T00:18:05.966+0000] {logging_mixin.py:190} INFO - [2024-12-03T00:18:05.966+0000] {dagbag.py:588} INFO - Filling up the DagBag from /opt/airflow/dags/download_rocket_launch.py
[2024-12-03T00:18:05.971+0000] {processor.py:925} INFO - DAG(s) 'download_rocket_launches' retrieved from /opt/airflow/dags/download_rocket_launch.py
[2024-12-03T00:18:05.983+0000] {logging_mixin.py:190} INFO - [2024-12-03T00:18:05.982+0000] {dag.py:3239} INFO - Sync 1 DAGs
[2024-12-03T00:18:05.991+0000] {logging_mixin.py:190} INFO - [2024-12-03T00:18:05.991+0000] {dag.py:4180} INFO - Setting next_dagrun for download_rocket_launches to None, run_after=None
[2024-12-03T00:18:06.000+0000] {processor.py:208} INFO - Processing /opt/airflow/dags/download_rocket_launch.py took 0.045 seconds
[2024-12-03T00:18:36.365+0000] {processor.py:186} INFO - Started process (PID=5389) to work on /opt/airflow/dags/download_rocket_launch.py
[2024-12-03T00:18:36.366+0000] {processor.py:914} INFO - Processing file /opt/airflow/dags/download_rocket_launch.py for tasks to queue
[2024-12-03T00:18:36.369+0000] {logging_mixin.py:190} INFO - [2024-12-03T00:18:36.368+0000] {dagbag.py:588} INFO - Filling up the DagBag from /opt/airflow/dags/download_rocket_launch.py
[2024-12-03T00:18:36.377+0000] {processor.py:925} INFO - DAG(s) 'download_rocket_launches' retrieved from /opt/airflow/dags/download_rocket_launch.py
[2024-12-03T00:18:36.386+0000] {logging_mixin.py:190} INFO - [2024-12-03T00:18:36.386+0000] {dag.py:3239} INFO - Sync 1 DAGs
[2024-12-03T00:18:36.393+0000] {logging_mixin.py:190} INFO - [2024-12-03T00:18:36.393+0000] {dag.py:4180} INFO - Setting next_dagrun for download_rocket_launches to None, run_after=None
[2024-12-03T00:18:36.401+0000] {processor.py:208} INFO - Processing /opt/airflow/dags/download_rocket_launch.py took 0.040 seconds
[2024-12-03T00:19:06.641+0000] {processor.py:186} INFO - Started process (PID=5455) to work on /opt/airflow/dags/download_rocket_launch.py
[2024-12-03T00:19:06.642+0000] {processor.py:914} INFO - Processing file /opt/airflow/dags/download_rocket_launch.py for tasks to queue
[2024-12-03T00:19:06.645+0000] {logging_mixin.py:190} INFO - [2024-12-03T00:19:06.645+0000] {dagbag.py:588} INFO - Filling up the DagBag from /opt/airflow/dags/download_rocket_launch.py
[2024-12-03T00:19:06.652+0000] {processor.py:925} INFO - DAG(s) 'download_rocket_launches' retrieved from /opt/airflow/dags/download_rocket_launch.py
[2024-12-03T00:19:06.662+0000] {logging_mixin.py:190} INFO - [2024-12-03T00:19:06.662+0000] {dag.py:3239} INFO - Sync 1 DAGs
[2024-12-03T00:19:06.670+0000] {logging_mixin.py:190} INFO - [2024-12-03T00:19:06.670+0000] {dag.py:4180} INFO - Setting next_dagrun for download_rocket_launches to None, run_after=None
[2024-12-03T00:19:06.678+0000] {processor.py:208} INFO - Processing /opt/airflow/dags/download_rocket_launch.py took 0.041 seconds
[2024-12-03T00:19:36.866+0000] {processor.py:186} INFO - Started process (PID=5521) to work on /opt/airflow/dags/download_rocket_launch.py
[2024-12-03T00:19:36.867+0000] {processor.py:914} INFO - Processing file /opt/airflow/dags/download_rocket_launch.py for tasks to queue
[2024-12-03T00:19:36.869+0000] {logging_mixin.py:190} INFO - [2024-12-03T00:19:36.868+0000] {dagbag.py:588} INFO - Filling up the DagBag from /opt/airflow/dags/download_rocket_launch.py
[2024-12-03T00:19:36.878+0000] {processor.py:925} INFO - DAG(s) 'download_rocket_launches' retrieved from /opt/airflow/dags/download_rocket_launch.py
[2024-12-03T00:19:36.888+0000] {logging_mixin.py:190} INFO - [2024-12-03T00:19:36.888+0000] {dag.py:3239} INFO - Sync 1 DAGs
[2024-12-03T00:19:36.895+0000] {logging_mixin.py:190} INFO - [2024-12-03T00:19:36.895+0000] {dag.py:4180} INFO - Setting next_dagrun for download_rocket_launches to None, run_after=None
[2024-12-03T00:19:36.904+0000] {processor.py:208} INFO - Processing /opt/airflow/dags/download_rocket_launch.py took 0.043 seconds
[2024-12-03T00:20:07.155+0000] {processor.py:186} INFO - Started process (PID=5587) to work on /opt/airflow/dags/download_rocket_launch.py
[2024-12-03T00:20:07.157+0000] {processor.py:914} INFO - Processing file /opt/airflow/dags/download_rocket_launch.py for tasks to queue
[2024-12-03T00:20:07.158+0000] {logging_mixin.py:190} INFO - [2024-12-03T00:20:07.158+0000] {dagbag.py:588} INFO - Filling up the DagBag from /opt/airflow/dags/download_rocket_launch.py
[2024-12-03T00:20:07.168+0000] {processor.py:925} INFO - DAG(s) 'download_rocket_launches' retrieved from /opt/airflow/dags/download_rocket_launch.py
[2024-12-03T00:20:07.181+0000] {logging_mixin.py:190} INFO - [2024-12-03T00:20:07.181+0000] {dag.py:3239} INFO - Sync 1 DAGs
[2024-12-03T00:20:07.188+0000] {logging_mixin.py:190} INFO - [2024-12-03T00:20:07.188+0000] {dag.py:4180} INFO - Setting next_dagrun for download_rocket_launches to None, run_after=None
[2024-12-03T00:20:07.195+0000] {processor.py:208} INFO - Processing /opt/airflow/dags/download_rocket_launch.py took 0.044 seconds
[2024-12-03T00:20:37.388+0000] {processor.py:186} INFO - Started process (PID=5653) to work on /opt/airflow/dags/download_rocket_launch.py
[2024-12-03T00:20:37.389+0000] {processor.py:914} INFO - Processing file /opt/airflow/dags/download_rocket_launch.py for tasks to queue
[2024-12-03T00:20:37.390+0000] {logging_mixin.py:190} INFO - [2024-12-03T00:20:37.390+0000] {dagbag.py:588} INFO - Filling up the DagBag from /opt/airflow/dags/download_rocket_launch.py
[2024-12-03T00:20:37.396+0000] {processor.py:925} INFO - DAG(s) 'download_rocket_launches' retrieved from /opt/airflow/dags/download_rocket_launch.py
[2024-12-03T00:20:37.405+0000] {logging_mixin.py:190} INFO - [2024-12-03T00:20:37.405+0000] {dag.py:3239} INFO - Sync 1 DAGs
[2024-12-03T00:20:37.412+0000] {logging_mixin.py:190} INFO - [2024-12-03T00:20:37.411+0000] {dag.py:4180} INFO - Setting next_dagrun for download_rocket_launches to None, run_after=None
[2024-12-03T00:20:37.420+0000] {processor.py:208} INFO - Processing /opt/airflow/dags/download_rocket_launch.py took 0.035 seconds
[2024-12-03T00:21:07.718+0000] {processor.py:186} INFO - Started process (PID=5719) to work on /opt/airflow/dags/download_rocket_launch.py
[2024-12-03T00:21:07.719+0000] {processor.py:914} INFO - Processing file /opt/airflow/dags/download_rocket_launch.py for tasks to queue
[2024-12-03T00:21:07.721+0000] {logging_mixin.py:190} INFO - [2024-12-03T00:21:07.721+0000] {dagbag.py:588} INFO - Filling up the DagBag from /opt/airflow/dags/download_rocket_launch.py
[2024-12-03T00:21:07.732+0000] {processor.py:925} INFO - DAG(s) 'download_rocket_launches' retrieved from /opt/airflow/dags/download_rocket_launch.py
[2024-12-03T00:21:07.745+0000] {logging_mixin.py:190} INFO - [2024-12-03T00:21:07.744+0000] {dag.py:3239} INFO - Sync 1 DAGs
[2024-12-03T00:21:07.750+0000] {logging_mixin.py:190} INFO - [2024-12-03T00:21:07.750+0000] {dag.py:4180} INFO - Setting next_dagrun for download_rocket_launches to None, run_after=None
[2024-12-03T00:21:07.758+0000] {processor.py:208} INFO - Processing /opt/airflow/dags/download_rocket_launch.py took 0.046 seconds
[2024-12-03T00:21:38.112+0000] {processor.py:186} INFO - Started process (PID=5785) to work on /opt/airflow/dags/download_rocket_launch.py
[2024-12-03T00:21:38.113+0000] {processor.py:914} INFO - Processing file /opt/airflow/dags/download_rocket_launch.py for tasks to queue
[2024-12-03T00:21:38.115+0000] {logging_mixin.py:190} INFO - [2024-12-03T00:21:38.115+0000] {dagbag.py:588} INFO - Filling up the DagBag from /opt/airflow/dags/download_rocket_launch.py
[2024-12-03T00:21:38.123+0000] {processor.py:925} INFO - DAG(s) 'download_rocket_launches' retrieved from /opt/airflow/dags/download_rocket_launch.py
[2024-12-03T00:21:38.135+0000] {logging_mixin.py:190} INFO - [2024-12-03T00:21:38.134+0000] {dag.py:3239} INFO - Sync 1 DAGs
[2024-12-03T00:21:38.141+0000] {logging_mixin.py:190} INFO - [2024-12-03T00:21:38.141+0000] {dag.py:4180} INFO - Setting next_dagrun for download_rocket_launches to None, run_after=None
[2024-12-03T00:21:38.152+0000] {processor.py:208} INFO - Processing /opt/airflow/dags/download_rocket_launch.py took 0.046 seconds
[2024-12-03T00:22:08.551+0000] {processor.py:186} INFO - Started process (PID=5852) to work on /opt/airflow/dags/download_rocket_launch.py
[2024-12-03T00:22:08.552+0000] {processor.py:914} INFO - Processing file /opt/airflow/dags/download_rocket_launch.py for tasks to queue
[2024-12-03T00:22:08.554+0000] {logging_mixin.py:190} INFO - [2024-12-03T00:22:08.554+0000] {dagbag.py:588} INFO - Filling up the DagBag from /opt/airflow/dags/download_rocket_launch.py
[2024-12-03T00:22:08.563+0000] {processor.py:925} INFO - DAG(s) 'download_rocket_launches' retrieved from /opt/airflow/dags/download_rocket_launch.py
[2024-12-03T00:22:08.577+0000] {logging_mixin.py:190} INFO - [2024-12-03T00:22:08.577+0000] {dag.py:3239} INFO - Sync 1 DAGs
[2024-12-03T00:22:08.586+0000] {logging_mixin.py:190} INFO - [2024-12-03T00:22:08.586+0000] {dag.py:4180} INFO - Setting next_dagrun for download_rocket_launches to None, run_after=None
[2024-12-03T00:22:08.596+0000] {processor.py:208} INFO - Processing /opt/airflow/dags/download_rocket_launch.py took 0.050 seconds
[2024-12-03T00:22:39.045+0000] {processor.py:186} INFO - Started process (PID=5918) to work on /opt/airflow/dags/download_rocket_launch.py
[2024-12-03T00:22:39.046+0000] {processor.py:914} INFO - Processing file /opt/airflow/dags/download_rocket_launch.py for tasks to queue
[2024-12-03T00:22:39.048+0000] {logging_mixin.py:190} INFO - [2024-12-03T00:22:39.047+0000] {dagbag.py:588} INFO - Filling up the DagBag from /opt/airflow/dags/download_rocket_launch.py
[2024-12-03T00:22:39.057+0000] {processor.py:925} INFO - DAG(s) 'download_rocket_launches' retrieved from /opt/airflow/dags/download_rocket_launch.py
[2024-12-03T00:22:39.069+0000] {logging_mixin.py:190} INFO - [2024-12-03T00:22:39.069+0000] {dag.py:3239} INFO - Sync 1 DAGs
[2024-12-03T00:22:39.075+0000] {logging_mixin.py:190} INFO - [2024-12-03T00:22:39.075+0000] {dag.py:4180} INFO - Setting next_dagrun for download_rocket_launches to None, run_after=None
[2024-12-03T00:22:39.086+0000] {processor.py:208} INFO - Processing /opt/airflow/dags/download_rocket_launch.py took 0.047 seconds
[2024-12-03T00:23:09.420+0000] {processor.py:186} INFO - Started process (PID=5984) to work on /opt/airflow/dags/download_rocket_launch.py
[2024-12-03T00:23:09.420+0000] {processor.py:914} INFO - Processing file /opt/airflow/dags/download_rocket_launch.py for tasks to queue
[2024-12-03T00:23:09.422+0000] {logging_mixin.py:190} INFO - [2024-12-03T00:23:09.421+0000] {dagbag.py:588} INFO - Filling up the DagBag from /opt/airflow/dags/download_rocket_launch.py
[2024-12-03T00:23:09.427+0000] {processor.py:925} INFO - DAG(s) 'download_rocket_launches' retrieved from /opt/airflow/dags/download_rocket_launch.py
[2024-12-03T00:23:09.440+0000] {logging_mixin.py:190} INFO - [2024-12-03T00:23:09.440+0000] {dag.py:3239} INFO - Sync 1 DAGs
[2024-12-03T00:23:09.446+0000] {logging_mixin.py:190} INFO - [2024-12-03T00:23:09.446+0000] {dag.py:4180} INFO - Setting next_dagrun for download_rocket_launches to None, run_after=None
[2024-12-03T00:23:09.457+0000] {processor.py:208} INFO - Processing /opt/airflow/dags/download_rocket_launch.py took 0.040 seconds
[2024-12-03T00:23:39.630+0000] {processor.py:186} INFO - Started process (PID=6050) to work on /opt/airflow/dags/download_rocket_launch.py
[2024-12-03T00:23:39.631+0000] {processor.py:914} INFO - Processing file /opt/airflow/dags/download_rocket_launch.py for tasks to queue
[2024-12-03T00:23:39.632+0000] {logging_mixin.py:190} INFO - [2024-12-03T00:23:39.631+0000] {dagbag.py:588} INFO - Filling up the DagBag from /opt/airflow/dags/download_rocket_launch.py
[2024-12-03T00:23:39.636+0000] {processor.py:925} INFO - DAG(s) 'download_rocket_launches' retrieved from /opt/airflow/dags/download_rocket_launch.py
[2024-12-03T00:23:39.650+0000] {logging_mixin.py:190} INFO - [2024-12-03T00:23:39.650+0000] {dag.py:3239} INFO - Sync 1 DAGs
[2024-12-03T00:23:39.656+0000] {logging_mixin.py:190} INFO - [2024-12-03T00:23:39.656+0000] {dag.py:4180} INFO - Setting next_dagrun for download_rocket_launches to None, run_after=None
[2024-12-03T00:23:39.663+0000] {processor.py:208} INFO - Processing /opt/airflow/dags/download_rocket_launch.py took 0.036 seconds
[2024-12-03T00:24:10.044+0000] {processor.py:186} INFO - Started process (PID=6116) to work on /opt/airflow/dags/download_rocket_launch.py
[2024-12-03T00:24:10.045+0000] {processor.py:914} INFO - Processing file /opt/airflow/dags/download_rocket_launch.py for tasks to queue
[2024-12-03T00:24:10.047+0000] {logging_mixin.py:190} INFO - [2024-12-03T00:24:10.047+0000] {dagbag.py:588} INFO - Filling up the DagBag from /opt/airflow/dags/download_rocket_launch.py
[2024-12-03T00:24:10.053+0000] {processor.py:925} INFO - DAG(s) 'download_rocket_launches' retrieved from /opt/airflow/dags/download_rocket_launch.py
[2024-12-03T00:24:10.066+0000] {logging_mixin.py:190} INFO - [2024-12-03T00:24:10.066+0000] {dag.py:3239} INFO - Sync 1 DAGs
[2024-12-03T00:24:10.074+0000] {logging_mixin.py:190} INFO - [2024-12-03T00:24:10.074+0000] {dag.py:4180} INFO - Setting next_dagrun for download_rocket_launches to None, run_after=None
[2024-12-03T00:24:10.084+0000] {processor.py:208} INFO - Processing /opt/airflow/dags/download_rocket_launch.py took 0.044 seconds
[2024-12-03T00:24:40.402+0000] {processor.py:186} INFO - Started process (PID=6182) to work on /opt/airflow/dags/download_rocket_launch.py
[2024-12-03T00:24:40.404+0000] {processor.py:914} INFO - Processing file /opt/airflow/dags/download_rocket_launch.py for tasks to queue
[2024-12-03T00:24:40.405+0000] {logging_mixin.py:190} INFO - [2024-12-03T00:24:40.405+0000] {dagbag.py:588} INFO - Filling up the DagBag from /opt/airflow/dags/download_rocket_launch.py
[2024-12-03T00:24:40.413+0000] {processor.py:925} INFO - DAG(s) 'download_rocket_launches' retrieved from /opt/airflow/dags/download_rocket_launch.py
[2024-12-03T00:24:40.427+0000] {logging_mixin.py:190} INFO - [2024-12-03T00:24:40.427+0000] {dag.py:3239} INFO - Sync 1 DAGs
[2024-12-03T00:24:40.433+0000] {logging_mixin.py:190} INFO - [2024-12-03T00:24:40.432+0000] {dag.py:4180} INFO - Setting next_dagrun for download_rocket_launches to None, run_after=None
[2024-12-03T00:24:40.441+0000] {processor.py:208} INFO - Processing /opt/airflow/dags/download_rocket_launch.py took 0.044 seconds
[2024-12-03T00:25:10.699+0000] {processor.py:186} INFO - Started process (PID=6248) to work on /opt/airflow/dags/download_rocket_launch.py
[2024-12-03T00:25:10.700+0000] {processor.py:914} INFO - Processing file /opt/airflow/dags/download_rocket_launch.py for tasks to queue
[2024-12-03T00:25:10.706+0000] {logging_mixin.py:190} INFO - [2024-12-03T00:25:10.705+0000] {dagbag.py:588} INFO - Filling up the DagBag from /opt/airflow/dags/download_rocket_launch.py
[2024-12-03T00:25:10.711+0000] {processor.py:925} INFO - DAG(s) 'download_rocket_launches' retrieved from /opt/airflow/dags/download_rocket_launch.py
[2024-12-03T00:25:10.723+0000] {logging_mixin.py:190} INFO - [2024-12-03T00:25:10.723+0000] {dag.py:3239} INFO - Sync 1 DAGs
[2024-12-03T00:25:10.731+0000] {logging_mixin.py:190} INFO - [2024-12-03T00:25:10.731+0000] {dag.py:4180} INFO - Setting next_dagrun for download_rocket_launches to None, run_after=None
[2024-12-03T00:25:10.739+0000] {processor.py:208} INFO - Processing /opt/airflow/dags/download_rocket_launch.py took 0.045 seconds
[2024-12-03T00:25:40.999+0000] {processor.py:186} INFO - Started process (PID=6314) to work on /opt/airflow/dags/download_rocket_launch.py
[2024-12-03T00:25:41.000+0000] {processor.py:914} INFO - Processing file /opt/airflow/dags/download_rocket_launch.py for tasks to queue
[2024-12-03T00:25:41.001+0000] {logging_mixin.py:190} INFO - [2024-12-03T00:25:41.001+0000] {dagbag.py:588} INFO - Filling up the DagBag from /opt/airflow/dags/download_rocket_launch.py
[2024-12-03T00:25:41.012+0000] {processor.py:925} INFO - DAG(s) 'download_rocket_launches' retrieved from /opt/airflow/dags/download_rocket_launch.py
[2024-12-03T00:25:41.022+0000] {logging_mixin.py:190} INFO - [2024-12-03T00:25:41.022+0000] {dag.py:3239} INFO - Sync 1 DAGs
[2024-12-03T00:25:41.032+0000] {logging_mixin.py:190} INFO - [2024-12-03T00:25:41.032+0000] {dag.py:4180} INFO - Setting next_dagrun for download_rocket_launches to None, run_after=None
[2024-12-03T00:25:41.040+0000] {processor.py:208} INFO - Processing /opt/airflow/dags/download_rocket_launch.py took 0.045 seconds
[2024-12-03T00:26:11.309+0000] {processor.py:186} INFO - Started process (PID=6380) to work on /opt/airflow/dags/download_rocket_launch.py
[2024-12-03T00:26:11.310+0000] {processor.py:914} INFO - Processing file /opt/airflow/dags/download_rocket_launch.py for tasks to queue
[2024-12-03T00:26:11.315+0000] {logging_mixin.py:190} INFO - [2024-12-03T00:26:11.314+0000] {dagbag.py:588} INFO - Filling up the DagBag from /opt/airflow/dags/download_rocket_launch.py
[2024-12-03T00:26:11.320+0000] {processor.py:925} INFO - DAG(s) 'download_rocket_launches' retrieved from /opt/airflow/dags/download_rocket_launch.py
[2024-12-03T00:26:11.334+0000] {logging_mixin.py:190} INFO - [2024-12-03T00:26:11.334+0000] {dag.py:3239} INFO - Sync 1 DAGs
[2024-12-03T00:26:11.346+0000] {logging_mixin.py:190} INFO - [2024-12-03T00:26:11.346+0000] {dag.py:4180} INFO - Setting next_dagrun for download_rocket_launches to None, run_after=None
[2024-12-03T00:26:11.356+0000] {processor.py:208} INFO - Processing /opt/airflow/dags/download_rocket_launch.py took 0.053 seconds
[2024-12-03T00:26:41.636+0000] {processor.py:186} INFO - Started process (PID=6446) to work on /opt/airflow/dags/download_rocket_launch.py
[2024-12-03T00:26:41.637+0000] {processor.py:914} INFO - Processing file /opt/airflow/dags/download_rocket_launch.py for tasks to queue
[2024-12-03T00:26:41.639+0000] {logging_mixin.py:190} INFO - [2024-12-03T00:26:41.638+0000] {dagbag.py:588} INFO - Filling up the DagBag from /opt/airflow/dags/download_rocket_launch.py
[2024-12-03T00:26:41.649+0000] {processor.py:925} INFO - DAG(s) 'download_rocket_launches' retrieved from /opt/airflow/dags/download_rocket_launch.py
[2024-12-03T00:26:41.663+0000] {logging_mixin.py:190} INFO - [2024-12-03T00:26:41.663+0000] {dag.py:3239} INFO - Sync 1 DAGs
[2024-12-03T00:26:41.673+0000] {logging_mixin.py:190} INFO - [2024-12-03T00:26:41.673+0000] {dag.py:4180} INFO - Setting next_dagrun for download_rocket_launches to None, run_after=None
[2024-12-03T00:26:41.683+0000] {processor.py:208} INFO - Processing /opt/airflow/dags/download_rocket_launch.py took 0.051 seconds
[2024-12-03T00:27:12.000+0000] {processor.py:186} INFO - Started process (PID=6512) to work on /opt/airflow/dags/download_rocket_launch.py
[2024-12-03T00:27:12.001+0000] {processor.py:914} INFO - Processing file /opt/airflow/dags/download_rocket_launch.py for tasks to queue
[2024-12-03T00:27:12.002+0000] {logging_mixin.py:190} INFO - [2024-12-03T00:27:12.002+0000] {dagbag.py:588} INFO - Filling up the DagBag from /opt/airflow/dags/download_rocket_launch.py
[2024-12-03T00:27:12.012+0000] {processor.py:925} INFO - DAG(s) 'download_rocket_launches' retrieved from /opt/airflow/dags/download_rocket_launch.py
[2024-12-03T00:27:12.023+0000] {logging_mixin.py:190} INFO - [2024-12-03T00:27:12.023+0000] {dag.py:3239} INFO - Sync 1 DAGs
[2024-12-03T00:27:12.033+0000] {logging_mixin.py:190} INFO - [2024-12-03T00:27:12.033+0000] {dag.py:4180} INFO - Setting next_dagrun for download_rocket_launches to None, run_after=None
[2024-12-03T00:27:12.043+0000] {processor.py:208} INFO - Processing /opt/airflow/dags/download_rocket_launch.py took 0.048 seconds
[2024-12-03T00:27:42.524+0000] {processor.py:186} INFO - Started process (PID=6578) to work on /opt/airflow/dags/download_rocket_launch.py
[2024-12-03T00:27:42.525+0000] {processor.py:914} INFO - Processing file /opt/airflow/dags/download_rocket_launch.py for tasks to queue
[2024-12-03T00:27:42.527+0000] {logging_mixin.py:190} INFO - [2024-12-03T00:27:42.527+0000] {dagbag.py:588} INFO - Filling up the DagBag from /opt/airflow/dags/download_rocket_launch.py
[2024-12-03T00:27:42.537+0000] {processor.py:925} INFO - DAG(s) 'download_rocket_launches' retrieved from /opt/airflow/dags/download_rocket_launch.py
[2024-12-03T00:27:42.548+0000] {logging_mixin.py:190} INFO - [2024-12-03T00:27:42.547+0000] {dag.py:3239} INFO - Sync 1 DAGs
[2024-12-03T00:27:42.555+0000] {logging_mixin.py:190} INFO - [2024-12-03T00:27:42.555+0000] {dag.py:4180} INFO - Setting next_dagrun for download_rocket_launches to None, run_after=None
[2024-12-03T00:27:42.565+0000] {processor.py:208} INFO - Processing /opt/airflow/dags/download_rocket_launch.py took 0.048 seconds
[2024-12-03T00:28:12.960+0000] {processor.py:186} INFO - Started process (PID=6644) to work on /opt/airflow/dags/download_rocket_launch.py
[2024-12-03T00:28:12.964+0000] {processor.py:914} INFO - Processing file /opt/airflow/dags/download_rocket_launch.py for tasks to queue
[2024-12-03T00:28:12.966+0000] {logging_mixin.py:190} INFO - [2024-12-03T00:28:12.966+0000] {dagbag.py:588} INFO - Filling up the DagBag from /opt/airflow/dags/download_rocket_launch.py
[2024-12-03T00:28:12.977+0000] {processor.py:925} INFO - DAG(s) 'download_rocket_launches' retrieved from /opt/airflow/dags/download_rocket_launch.py
[2024-12-03T00:28:12.986+0000] {logging_mixin.py:190} INFO - [2024-12-03T00:28:12.986+0000] {dag.py:3239} INFO - Sync 1 DAGs
[2024-12-03T00:28:12.996+0000] {logging_mixin.py:190} INFO - [2024-12-03T00:28:12.996+0000] {dag.py:4180} INFO - Setting next_dagrun for download_rocket_launches to None, run_after=None
[2024-12-03T00:28:13.005+0000] {processor.py:208} INFO - Processing /opt/airflow/dags/download_rocket_launch.py took 0.049 seconds
[2024-12-03T00:28:43.354+0000] {processor.py:186} INFO - Started process (PID=6710) to work on /opt/airflow/dags/download_rocket_launch.py
[2024-12-03T00:28:43.354+0000] {processor.py:914} INFO - Processing file /opt/airflow/dags/download_rocket_launch.py for tasks to queue
[2024-12-03T00:28:43.360+0000] {logging_mixin.py:190} INFO - [2024-12-03T00:28:43.360+0000] {dagbag.py:588} INFO - Filling up the DagBag from /opt/airflow/dags/download_rocket_launch.py
[2024-12-03T00:28:43.365+0000] {processor.py:925} INFO - DAG(s) 'download_rocket_launches' retrieved from /opt/airflow/dags/download_rocket_launch.py
[2024-12-03T00:28:43.378+0000] {logging_mixin.py:190} INFO - [2024-12-03T00:28:43.378+0000] {dag.py:3239} INFO - Sync 1 DAGs
[2024-12-03T00:28:43.385+0000] {logging_mixin.py:190} INFO - [2024-12-03T00:28:43.385+0000] {dag.py:4180} INFO - Setting next_dagrun for download_rocket_launches to None, run_after=None
[2024-12-03T00:28:43.394+0000] {processor.py:208} INFO - Processing /opt/airflow/dags/download_rocket_launch.py took 0.047 seconds
[2024-12-03T00:29:13.759+0000] {processor.py:186} INFO - Started process (PID=6776) to work on /opt/airflow/dags/download_rocket_launch.py
[2024-12-03T00:29:13.760+0000] {processor.py:914} INFO - Processing file /opt/airflow/dags/download_rocket_launch.py for tasks to queue
[2024-12-03T00:29:13.761+0000] {logging_mixin.py:190} INFO - [2024-12-03T00:29:13.761+0000] {dagbag.py:588} INFO - Filling up the DagBag from /opt/airflow/dags/download_rocket_launch.py
[2024-12-03T00:29:13.770+0000] {processor.py:925} INFO - DAG(s) 'download_rocket_launches' retrieved from /opt/airflow/dags/download_rocket_launch.py
[2024-12-03T00:29:13.784+0000] {logging_mixin.py:190} INFO - [2024-12-03T00:29:13.784+0000] {dag.py:3239} INFO - Sync 1 DAGs
[2024-12-03T00:29:13.790+0000] {logging_mixin.py:190} INFO - [2024-12-03T00:29:13.790+0000] {dag.py:4180} INFO - Setting next_dagrun for download_rocket_launches to None, run_after=None
[2024-12-03T00:29:13.803+0000] {processor.py:208} INFO - Processing /opt/airflow/dags/download_rocket_launch.py took 0.049 seconds
[2024-12-03T00:29:44.131+0000] {processor.py:186} INFO - Started process (PID=6842) to work on /opt/airflow/dags/download_rocket_launch.py
[2024-12-03T00:29:44.134+0000] {processor.py:914} INFO - Processing file /opt/airflow/dags/download_rocket_launch.py for tasks to queue
[2024-12-03T00:29:44.136+0000] {logging_mixin.py:190} INFO - [2024-12-03T00:29:44.136+0000] {dagbag.py:588} INFO - Filling up the DagBag from /opt/airflow/dags/download_rocket_launch.py
[2024-12-03T00:29:44.144+0000] {processor.py:925} INFO - DAG(s) 'download_rocket_launches' retrieved from /opt/airflow/dags/download_rocket_launch.py
[2024-12-03T00:29:44.160+0000] {logging_mixin.py:190} INFO - [2024-12-03T00:29:44.160+0000] {dag.py:3239} INFO - Sync 1 DAGs
[2024-12-03T00:29:44.167+0000] {logging_mixin.py:190} INFO - [2024-12-03T00:29:44.167+0000] {dag.py:4180} INFO - Setting next_dagrun for download_rocket_launches to None, run_after=None
[2024-12-03T00:29:44.176+0000] {processor.py:208} INFO - Processing /opt/airflow/dags/download_rocket_launch.py took 0.049 seconds
[2024-12-03T00:30:14.786+0000] {processor.py:186} INFO - Started process (PID=6908) to work on /opt/airflow/dags/download_rocket_launch.py
[2024-12-03T00:30:14.788+0000] {processor.py:914} INFO - Processing file /opt/airflow/dags/download_rocket_launch.py for tasks to queue
[2024-12-03T00:30:14.790+0000] {logging_mixin.py:190} INFO - [2024-12-03T00:30:14.790+0000] {dagbag.py:588} INFO - Filling up the DagBag from /opt/airflow/dags/download_rocket_launch.py
[2024-12-03T00:30:14.799+0000] {processor.py:925} INFO - DAG(s) 'download_rocket_launches' retrieved from /opt/airflow/dags/download_rocket_launch.py
[2024-12-03T00:30:14.811+0000] {logging_mixin.py:190} INFO - [2024-12-03T00:30:14.811+0000] {dag.py:3239} INFO - Sync 1 DAGs
[2024-12-03T00:30:14.818+0000] {logging_mixin.py:190} INFO - [2024-12-03T00:30:14.818+0000] {dag.py:4180} INFO - Setting next_dagrun for download_rocket_launches to None, run_after=None
[2024-12-03T00:30:14.831+0000] {processor.py:208} INFO - Processing /opt/airflow/dags/download_rocket_launch.py took 0.050 seconds
[2024-12-03T00:30:45.253+0000] {processor.py:186} INFO - Started process (PID=6974) to work on /opt/airflow/dags/download_rocket_launch.py
[2024-12-03T00:30:45.254+0000] {processor.py:914} INFO - Processing file /opt/airflow/dags/download_rocket_launch.py for tasks to queue
[2024-12-03T00:30:45.256+0000] {logging_mixin.py:190} INFO - [2024-12-03T00:30:45.255+0000] {dagbag.py:588} INFO - Filling up the DagBag from /opt/airflow/dags/download_rocket_launch.py
[2024-12-03T00:30:45.265+0000] {processor.py:925} INFO - DAG(s) 'download_rocket_launches' retrieved from /opt/airflow/dags/download_rocket_launch.py
[2024-12-03T00:30:45.278+0000] {logging_mixin.py:190} INFO - [2024-12-03T00:30:45.278+0000] {dag.py:3239} INFO - Sync 1 DAGs
[2024-12-03T00:30:45.284+0000] {logging_mixin.py:190} INFO - [2024-12-03T00:30:45.284+0000] {dag.py:4180} INFO - Setting next_dagrun for download_rocket_launches to None, run_after=None
[2024-12-03T00:30:45.294+0000] {processor.py:208} INFO - Processing /opt/airflow/dags/download_rocket_launch.py took 0.045 seconds
[2024-12-03T00:31:15.734+0000] {processor.py:186} INFO - Started process (PID=7040) to work on /opt/airflow/dags/download_rocket_launch.py
[2024-12-03T00:31:15.736+0000] {processor.py:914} INFO - Processing file /opt/airflow/dags/download_rocket_launch.py for tasks to queue
[2024-12-03T00:31:15.739+0000] {logging_mixin.py:190} INFO - [2024-12-03T00:31:15.739+0000] {dagbag.py:588} INFO - Filling up the DagBag from /opt/airflow/dags/download_rocket_launch.py
[2024-12-03T00:31:15.752+0000] {processor.py:925} INFO - DAG(s) 'download_rocket_launches' retrieved from /opt/airflow/dags/download_rocket_launch.py
[2024-12-03T00:31:15.763+0000] {logging_mixin.py:190} INFO - [2024-12-03T00:31:15.763+0000] {dag.py:3239} INFO - Sync 1 DAGs
[2024-12-03T00:31:15.773+0000] {logging_mixin.py:190} INFO - [2024-12-03T00:31:15.773+0000] {dag.py:4180} INFO - Setting next_dagrun for download_rocket_launches to None, run_after=None
[2024-12-03T00:31:15.785+0000] {processor.py:208} INFO - Processing /opt/airflow/dags/download_rocket_launch.py took 0.057 seconds
[2024-12-03T00:31:46.173+0000] {processor.py:186} INFO - Started process (PID=7106) to work on /opt/airflow/dags/download_rocket_launch.py
[2024-12-03T00:31:46.173+0000] {processor.py:914} INFO - Processing file /opt/airflow/dags/download_rocket_launch.py for tasks to queue
[2024-12-03T00:31:46.175+0000] {logging_mixin.py:190} INFO - [2024-12-03T00:31:46.175+0000] {dagbag.py:588} INFO - Filling up the DagBag from /opt/airflow/dags/download_rocket_launch.py
[2024-12-03T00:31:46.185+0000] {processor.py:925} INFO - DAG(s) 'download_rocket_launches' retrieved from /opt/airflow/dags/download_rocket_launch.py
[2024-12-03T00:31:46.197+0000] {logging_mixin.py:190} INFO - [2024-12-03T00:31:46.197+0000] {dag.py:3239} INFO - Sync 1 DAGs
[2024-12-03T00:31:46.203+0000] {logging_mixin.py:190} INFO - [2024-12-03T00:31:46.203+0000] {dag.py:4180} INFO - Setting next_dagrun for download_rocket_launches to None, run_after=None
[2024-12-03T00:31:46.213+0000] {processor.py:208} INFO - Processing /opt/airflow/dags/download_rocket_launch.py took 0.046 seconds
[2024-12-03T00:32:16.667+0000] {processor.py:186} INFO - Started process (PID=7172) to work on /opt/airflow/dags/download_rocket_launch.py
[2024-12-03T00:32:16.668+0000] {processor.py:914} INFO - Processing file /opt/airflow/dags/download_rocket_launch.py for tasks to queue
[2024-12-03T00:32:16.671+0000] {logging_mixin.py:190} INFO - [2024-12-03T00:32:16.671+0000] {dagbag.py:588} INFO - Filling up the DagBag from /opt/airflow/dags/download_rocket_launch.py
[2024-12-03T00:32:16.679+0000] {processor.py:925} INFO - DAG(s) 'download_rocket_launches' retrieved from /opt/airflow/dags/download_rocket_launch.py
[2024-12-03T00:32:16.691+0000] {logging_mixin.py:190} INFO - [2024-12-03T00:32:16.690+0000] {dag.py:3239} INFO - Sync 1 DAGs
[2024-12-03T00:32:16.698+0000] {logging_mixin.py:190} INFO - [2024-12-03T00:32:16.698+0000] {dag.py:4180} INFO - Setting next_dagrun for download_rocket_launches to None, run_after=None
[2024-12-03T00:32:16.707+0000] {processor.py:208} INFO - Processing /opt/airflow/dags/download_rocket_launch.py took 0.044 seconds
[2024-12-03T00:32:47.066+0000] {processor.py:186} INFO - Started process (PID=7238) to work on /opt/airflow/dags/download_rocket_launch.py
[2024-12-03T00:32:47.067+0000] {processor.py:914} INFO - Processing file /opt/airflow/dags/download_rocket_launch.py for tasks to queue
[2024-12-03T00:32:47.069+0000] {logging_mixin.py:190} INFO - [2024-12-03T00:32:47.068+0000] {dagbag.py:588} INFO - Filling up the DagBag from /opt/airflow/dags/download_rocket_launch.py
[2024-12-03T00:32:47.081+0000] {processor.py:925} INFO - DAG(s) 'download_rocket_launches' retrieved from /opt/airflow/dags/download_rocket_launch.py
[2024-12-03T00:32:47.092+0000] {logging_mixin.py:190} INFO - [2024-12-03T00:32:47.092+0000] {dag.py:3239} INFO - Sync 1 DAGs
[2024-12-03T00:32:47.099+0000] {logging_mixin.py:190} INFO - [2024-12-03T00:32:47.099+0000] {dag.py:4180} INFO - Setting next_dagrun for download_rocket_launches to None, run_after=None
[2024-12-03T00:32:47.109+0000] {processor.py:208} INFO - Processing /opt/airflow/dags/download_rocket_launch.py took 0.049 seconds
[2024-12-03T00:33:17.392+0000] {processor.py:186} INFO - Started process (PID=7304) to work on /opt/airflow/dags/download_rocket_launch.py
[2024-12-03T00:33:17.393+0000] {processor.py:914} INFO - Processing file /opt/airflow/dags/download_rocket_launch.py for tasks to queue
[2024-12-03T00:33:17.395+0000] {logging_mixin.py:190} INFO - [2024-12-03T00:33:17.394+0000] {dagbag.py:588} INFO - Filling up the DagBag from /opt/airflow/dags/download_rocket_launch.py
[2024-12-03T00:33:17.401+0000] {processor.py:925} INFO - DAG(s) 'download_rocket_launches' retrieved from /opt/airflow/dags/download_rocket_launch.py
[2024-12-03T00:33:17.411+0000] {logging_mixin.py:190} INFO - [2024-12-03T00:33:17.411+0000] {dag.py:3239} INFO - Sync 1 DAGs
[2024-12-03T00:33:17.417+0000] {logging_mixin.py:190} INFO - [2024-12-03T00:33:17.417+0000] {dag.py:4180} INFO - Setting next_dagrun for download_rocket_launches to None, run_after=None
[2024-12-03T00:33:17.427+0000] {processor.py:208} INFO - Processing /opt/airflow/dags/download_rocket_launch.py took 0.039 seconds
[2024-12-03T00:33:47.634+0000] {processor.py:186} INFO - Started process (PID=7370) to work on /opt/airflow/dags/download_rocket_launch.py
[2024-12-03T00:33:47.635+0000] {processor.py:914} INFO - Processing file /opt/airflow/dags/download_rocket_launch.py for tasks to queue
[2024-12-03T00:33:47.637+0000] {logging_mixin.py:190} INFO - [2024-12-03T00:33:47.636+0000] {dagbag.py:588} INFO - Filling up the DagBag from /opt/airflow/dags/download_rocket_launch.py
[2024-12-03T00:33:47.646+0000] {processor.py:925} INFO - DAG(s) 'download_rocket_launches' retrieved from /opt/airflow/dags/download_rocket_launch.py
[2024-12-03T00:33:47.658+0000] {logging_mixin.py:190} INFO - [2024-12-03T00:33:47.658+0000] {dag.py:3239} INFO - Sync 1 DAGs
[2024-12-03T00:33:47.664+0000] {logging_mixin.py:190} INFO - [2024-12-03T00:33:47.664+0000] {dag.py:4180} INFO - Setting next_dagrun for download_rocket_launches to None, run_after=None
[2024-12-03T00:33:47.674+0000] {processor.py:208} INFO - Processing /opt/airflow/dags/download_rocket_launch.py took 0.045 seconds
[2024-12-03T00:34:17.922+0000] {processor.py:186} INFO - Started process (PID=7436) to work on /opt/airflow/dags/download_rocket_launch.py
[2024-12-03T00:34:17.923+0000] {processor.py:914} INFO - Processing file /opt/airflow/dags/download_rocket_launch.py for tasks to queue
[2024-12-03T00:34:17.925+0000] {logging_mixin.py:190} INFO - [2024-12-03T00:34:17.925+0000] {dagbag.py:588} INFO - Filling up the DagBag from /opt/airflow/dags/download_rocket_launch.py
[2024-12-03T00:34:17.933+0000] {processor.py:925} INFO - DAG(s) 'download_rocket_launches' retrieved from /opt/airflow/dags/download_rocket_launch.py
[2024-12-03T00:34:17.943+0000] {logging_mixin.py:190} INFO - [2024-12-03T00:34:17.943+0000] {dag.py:3239} INFO - Sync 1 DAGs
[2024-12-03T00:34:17.952+0000] {logging_mixin.py:190} INFO - [2024-12-03T00:34:17.952+0000] {dag.py:4180} INFO - Setting next_dagrun for download_rocket_launches to None, run_after=None
[2024-12-03T00:34:17.961+0000] {processor.py:208} INFO - Processing /opt/airflow/dags/download_rocket_launch.py took 0.044 seconds
[2024-12-03T00:34:48.165+0000] {processor.py:186} INFO - Started process (PID=7502) to work on /opt/airflow/dags/download_rocket_launch.py
[2024-12-03T00:34:48.166+0000] {processor.py:914} INFO - Processing file /opt/airflow/dags/download_rocket_launch.py for tasks to queue
[2024-12-03T00:34:48.169+0000] {logging_mixin.py:190} INFO - [2024-12-03T00:34:48.169+0000] {dagbag.py:588} INFO - Filling up the DagBag from /opt/airflow/dags/download_rocket_launch.py
[2024-12-03T00:34:48.178+0000] {processor.py:925} INFO - DAG(s) 'download_rocket_launches' retrieved from /opt/airflow/dags/download_rocket_launch.py
[2024-12-03T00:34:48.190+0000] {logging_mixin.py:190} INFO - [2024-12-03T00:34:48.190+0000] {dag.py:3239} INFO - Sync 1 DAGs
[2024-12-03T00:34:48.197+0000] {logging_mixin.py:190} INFO - [2024-12-03T00:34:48.197+0000] {dag.py:4180} INFO - Setting next_dagrun for download_rocket_launches to None, run_after=None
[2024-12-03T00:34:48.206+0000] {processor.py:208} INFO - Processing /opt/airflow/dags/download_rocket_launch.py took 0.046 seconds
[2024-12-03T00:35:18.509+0000] {processor.py:186} INFO - Started process (PID=7568) to work on /opt/airflow/dags/download_rocket_launch.py
[2024-12-03T00:35:18.512+0000] {processor.py:914} INFO - Processing file /opt/airflow/dags/download_rocket_launch.py for tasks to queue
[2024-12-03T00:35:18.513+0000] {logging_mixin.py:190} INFO - [2024-12-03T00:35:18.513+0000] {dagbag.py:588} INFO - Filling up the DagBag from /opt/airflow/dags/download_rocket_launch.py
[2024-12-03T00:35:18.522+0000] {processor.py:925} INFO - DAG(s) 'download_rocket_launches' retrieved from /opt/airflow/dags/download_rocket_launch.py
[2024-12-03T00:35:18.534+0000] {logging_mixin.py:190} INFO - [2024-12-03T00:35:18.534+0000] {dag.py:3239} INFO - Sync 1 DAGs
[2024-12-03T00:35:18.541+0000] {logging_mixin.py:190} INFO - [2024-12-03T00:35:18.541+0000] {dag.py:4180} INFO - Setting next_dagrun for download_rocket_launches to None, run_after=None
[2024-12-03T00:35:18.552+0000] {processor.py:208} INFO - Processing /opt/airflow/dags/download_rocket_launch.py took 0.047 seconds
[2024-12-03T00:35:48.847+0000] {processor.py:186} INFO - Started process (PID=7634) to work on /opt/airflow/dags/download_rocket_launch.py
[2024-12-03T00:35:48.848+0000] {processor.py:914} INFO - Processing file /opt/airflow/dags/download_rocket_launch.py for tasks to queue
[2024-12-03T00:35:48.853+0000] {logging_mixin.py:190} INFO - [2024-12-03T00:35:48.853+0000] {dagbag.py:588} INFO - Filling up the DagBag from /opt/airflow/dags/download_rocket_launch.py
[2024-12-03T00:35:48.858+0000] {processor.py:925} INFO - DAG(s) 'download_rocket_launches' retrieved from /opt/airflow/dags/download_rocket_launch.py
[2024-12-03T00:35:48.868+0000] {logging_mixin.py:190} INFO - [2024-12-03T00:35:48.868+0000] {dag.py:3239} INFO - Sync 1 DAGs
[2024-12-03T00:35:48.875+0000] {logging_mixin.py:190} INFO - [2024-12-03T00:35:48.875+0000] {dag.py:4180} INFO - Setting next_dagrun for download_rocket_launches to None, run_after=None
[2024-12-03T00:35:48.883+0000] {processor.py:208} INFO - Processing /opt/airflow/dags/download_rocket_launch.py took 0.040 seconds
[2024-12-03T00:36:19.151+0000] {processor.py:186} INFO - Started process (PID=7700) to work on /opt/airflow/dags/download_rocket_launch.py
[2024-12-03T00:36:19.153+0000] {processor.py:914} INFO - Processing file /opt/airflow/dags/download_rocket_launch.py for tasks to queue
[2024-12-03T00:36:19.154+0000] {logging_mixin.py:190} INFO - [2024-12-03T00:36:19.154+0000] {dagbag.py:588} INFO - Filling up the DagBag from /opt/airflow/dags/download_rocket_launch.py
[2024-12-03T00:36:19.162+0000] {processor.py:925} INFO - DAG(s) 'download_rocket_launches' retrieved from /opt/airflow/dags/download_rocket_launch.py
[2024-12-03T00:36:19.172+0000] {logging_mixin.py:190} INFO - [2024-12-03T00:36:19.172+0000] {dag.py:3239} INFO - Sync 1 DAGs
[2024-12-03T00:36:19.179+0000] {logging_mixin.py:190} INFO - [2024-12-03T00:36:19.179+0000] {dag.py:4180} INFO - Setting next_dagrun for download_rocket_launches to None, run_after=None
[2024-12-03T00:36:19.190+0000] {processor.py:208} INFO - Processing /opt/airflow/dags/download_rocket_launch.py took 0.043 seconds
[2024-12-03T00:36:49.399+0000] {processor.py:186} INFO - Started process (PID=7766) to work on /opt/airflow/dags/download_rocket_launch.py
[2024-12-03T00:36:49.401+0000] {processor.py:914} INFO - Processing file /opt/airflow/dags/download_rocket_launch.py for tasks to queue
[2024-12-03T00:36:49.403+0000] {logging_mixin.py:190} INFO - [2024-12-03T00:36:49.403+0000] {dagbag.py:588} INFO - Filling up the DagBag from /opt/airflow/dags/download_rocket_launch.py
[2024-12-03T00:36:49.414+0000] {processor.py:925} INFO - DAG(s) 'download_rocket_launches' retrieved from /opt/airflow/dags/download_rocket_launch.py
[2024-12-03T00:36:49.425+0000] {logging_mixin.py:190} INFO - [2024-12-03T00:36:49.425+0000] {dag.py:3239} INFO - Sync 1 DAGs
[2024-12-03T00:36:49.431+0000] {logging_mixin.py:190} INFO - [2024-12-03T00:36:49.431+0000] {dag.py:4180} INFO - Setting next_dagrun for download_rocket_launches to None, run_after=None
[2024-12-03T00:36:49.439+0000] {processor.py:208} INFO - Processing /opt/airflow/dags/download_rocket_launch.py took 0.045 seconds
[2024-12-03T00:37:19.644+0000] {processor.py:186} INFO - Started process (PID=7832) to work on /opt/airflow/dags/download_rocket_launch.py
[2024-12-03T00:37:19.645+0000] {processor.py:914} INFO - Processing file /opt/airflow/dags/download_rocket_launch.py for tasks to queue
[2024-12-03T00:37:19.648+0000] {logging_mixin.py:190} INFO - [2024-12-03T00:37:19.647+0000] {dagbag.py:588} INFO - Filling up the DagBag from /opt/airflow/dags/download_rocket_launch.py
[2024-12-03T00:37:19.656+0000] {processor.py:925} INFO - DAG(s) 'download_rocket_launches' retrieved from /opt/airflow/dags/download_rocket_launch.py
[2024-12-03T00:37:19.669+0000] {logging_mixin.py:190} INFO - [2024-12-03T00:37:19.669+0000] {dag.py:3239} INFO - Sync 1 DAGs
[2024-12-03T00:37:19.674+0000] {logging_mixin.py:190} INFO - [2024-12-03T00:37:19.674+0000] {dag.py:4180} INFO - Setting next_dagrun for download_rocket_launches to None, run_after=None
[2024-12-03T00:37:19.681+0000] {processor.py:208} INFO - Processing /opt/airflow/dags/download_rocket_launch.py took 0.043 seconds
[2024-12-03T00:37:49.943+0000] {processor.py:186} INFO - Started process (PID=7898) to work on /opt/airflow/dags/download_rocket_launch.py
[2024-12-03T00:37:49.945+0000] {processor.py:914} INFO - Processing file /opt/airflow/dags/download_rocket_launch.py for tasks to queue
[2024-12-03T00:37:49.951+0000] {logging_mixin.py:190} INFO - [2024-12-03T00:37:49.951+0000] {dagbag.py:588} INFO - Filling up the DagBag from /opt/airflow/dags/download_rocket_launch.py
[2024-12-03T00:37:49.961+0000] {processor.py:925} INFO - DAG(s) 'download_rocket_launches' retrieved from /opt/airflow/dags/download_rocket_launch.py
[2024-12-03T00:37:49.977+0000] {logging_mixin.py:190} INFO - [2024-12-03T00:37:49.977+0000] {dag.py:3239} INFO - Sync 1 DAGs
[2024-12-03T00:37:49.989+0000] {logging_mixin.py:190} INFO - [2024-12-03T00:37:49.989+0000] {dag.py:4180} INFO - Setting next_dagrun for download_rocket_launches to None, run_after=None
[2024-12-03T00:37:50.001+0000] {processor.py:208} INFO - Processing /opt/airflow/dags/download_rocket_launch.py took 0.064 seconds
