[2024-12-03T00:03:56.920+0000] {processor.py:186} INFO - Started process (PID=3466) to work on /opt/airflow/dags/incremental_data_processing.py
[2024-12-03T00:03:56.922+0000] {processor.py:914} INFO - Processing file /opt/airflow/dags/incremental_data_processing.py for tasks to queue
[2024-12-03T00:03:56.929+0000] {logging_mixin.py:190} INFO - [2024-12-03T00:03:56.928+0000] {dagbag.py:588} INFO - Filling up the DagBag from /opt/airflow/dags/incremental_data_processing.py
[2024-12-03T00:03:56.949+0000] {processor.py:925} INFO - DAG(s) 'incremental_data_processing' retrieved from /opt/airflow/dags/incremental_data_processing.py
[2024-12-03T00:03:56.970+0000] {logging_mixin.py:190} INFO - [2024-12-03T00:03:56.970+0000] {dag.py:3239} INFO - Sync 1 DAGs
[2024-12-03T00:03:56.992+0000] {logging_mixin.py:190} INFO - [2024-12-03T00:03:56.992+0000] {dag.py:4180} INFO - Setting next_dagrun for incremental_data_processing to 2024-12-02 00:00:00+00:00, run_after=2024-12-03 00:00:00+00:00
[2024-12-03T00:03:57.017+0000] {processor.py:208} INFO - Processing /opt/airflow/dags/incremental_data_processing.py took 0.110 seconds
[2024-12-03T00:04:27.744+0000] {processor.py:186} INFO - Started process (PID=3531) to work on /opt/airflow/dags/incremental_data_processing.py
[2024-12-03T00:04:27.744+0000] {processor.py:914} INFO - Processing file /opt/airflow/dags/incremental_data_processing.py for tasks to queue
[2024-12-03T00:04:27.747+0000] {logging_mixin.py:190} INFO - [2024-12-03T00:04:27.747+0000] {dagbag.py:588} INFO - Filling up the DagBag from /opt/airflow/dags/incremental_data_processing.py
[2024-12-03T00:04:27.758+0000] {processor.py:925} INFO - DAG(s) 'incremental_data_processing' retrieved from /opt/airflow/dags/incremental_data_processing.py
[2024-12-03T00:04:27.771+0000] {logging_mixin.py:190} INFO - [2024-12-03T00:04:27.771+0000] {dag.py:3239} INFO - Sync 1 DAGs
[2024-12-03T00:04:27.784+0000] {logging_mixin.py:190} INFO - [2024-12-03T00:04:27.784+0000] {dag.py:4180} INFO - Setting next_dagrun for incremental_data_processing to 2024-12-02 00:00:00+00:00, run_after=2024-12-03 00:00:00+00:00
[2024-12-03T00:04:27.795+0000] {processor.py:208} INFO - Processing /opt/airflow/dags/incremental_data_processing.py took 0.056 seconds
[2024-12-03T00:04:58.028+0000] {processor.py:186} INFO - Started process (PID=3597) to work on /opt/airflow/dags/incremental_data_processing.py
[2024-12-03T00:04:58.029+0000] {processor.py:914} INFO - Processing file /opt/airflow/dags/incremental_data_processing.py for tasks to queue
[2024-12-03T00:04:58.031+0000] {logging_mixin.py:190} INFO - [2024-12-03T00:04:58.031+0000] {dagbag.py:588} INFO - Filling up the DagBag from /opt/airflow/dags/incremental_data_processing.py
[2024-12-03T00:04:58.043+0000] {processor.py:925} INFO - DAG(s) 'incremental_data_processing' retrieved from /opt/airflow/dags/incremental_data_processing.py
[2024-12-03T00:04:58.056+0000] {logging_mixin.py:190} INFO - [2024-12-03T00:04:58.056+0000] {dag.py:3239} INFO - Sync 1 DAGs
[2024-12-03T00:04:58.068+0000] {logging_mixin.py:190} INFO - [2024-12-03T00:04:58.068+0000] {dag.py:4180} INFO - Setting next_dagrun for incremental_data_processing to 2024-12-02 00:00:00+00:00, run_after=2024-12-03 00:00:00+00:00
[2024-12-03T00:04:58.077+0000] {processor.py:208} INFO - Processing /opt/airflow/dags/incremental_data_processing.py took 0.056 seconds
[2024-12-03T00:05:28.212+0000] {processor.py:186} INFO - Started process (PID=3663) to work on /opt/airflow/dags/incremental_data_processing.py
[2024-12-03T00:05:28.213+0000] {processor.py:914} INFO - Processing file /opt/airflow/dags/incremental_data_processing.py for tasks to queue
[2024-12-03T00:05:28.214+0000] {logging_mixin.py:190} INFO - [2024-12-03T00:05:28.214+0000] {dagbag.py:588} INFO - Filling up the DagBag from /opt/airflow/dags/incremental_data_processing.py
[2024-12-03T00:05:28.226+0000] {processor.py:925} INFO - DAG(s) 'incremental_data_processing' retrieved from /opt/airflow/dags/incremental_data_processing.py
[2024-12-03T00:05:28.240+0000] {logging_mixin.py:190} INFO - [2024-12-03T00:05:28.240+0000] {dag.py:3239} INFO - Sync 1 DAGs
[2024-12-03T00:05:28.252+0000] {logging_mixin.py:190} INFO - [2024-12-03T00:05:28.252+0000] {dag.py:4180} INFO - Setting next_dagrun for incremental_data_processing to 2024-12-02 00:00:00+00:00, run_after=2024-12-03 00:00:00+00:00
[2024-12-03T00:05:28.260+0000] {processor.py:208} INFO - Processing /opt/airflow/dags/incremental_data_processing.py took 0.054 seconds
[2024-12-03T00:05:58.315+0000] {processor.py:186} INFO - Started process (PID=3729) to work on /opt/airflow/dags/incremental_data_processing.py
[2024-12-03T00:05:58.316+0000] {processor.py:914} INFO - Processing file /opt/airflow/dags/incremental_data_processing.py for tasks to queue
[2024-12-03T00:05:58.317+0000] {logging_mixin.py:190} INFO - [2024-12-03T00:05:58.317+0000] {dagbag.py:588} INFO - Filling up the DagBag from /opt/airflow/dags/incremental_data_processing.py
[2024-12-03T00:05:58.327+0000] {processor.py:925} INFO - DAG(s) 'incremental_data_processing' retrieved from /opt/airflow/dags/incremental_data_processing.py
[2024-12-03T00:05:58.340+0000] {logging_mixin.py:190} INFO - [2024-12-03T00:05:58.340+0000] {dag.py:3239} INFO - Sync 1 DAGs
[2024-12-03T00:05:58.354+0000] {logging_mixin.py:190} INFO - [2024-12-03T00:05:58.354+0000] {dag.py:4180} INFO - Setting next_dagrun for incremental_data_processing to 2024-12-02 00:00:00+00:00, run_after=2024-12-03 00:00:00+00:00
[2024-12-03T00:05:58.364+0000] {processor.py:208} INFO - Processing /opt/airflow/dags/incremental_data_processing.py took 0.055 seconds
[2024-12-03T00:06:28.422+0000] {processor.py:186} INFO - Started process (PID=3795) to work on /opt/airflow/dags/incremental_data_processing.py
[2024-12-03T00:06:28.423+0000] {processor.py:914} INFO - Processing file /opt/airflow/dags/incremental_data_processing.py for tasks to queue
[2024-12-03T00:06:28.424+0000] {logging_mixin.py:190} INFO - [2024-12-03T00:06:28.424+0000] {dagbag.py:588} INFO - Filling up the DagBag from /opt/airflow/dags/incremental_data_processing.py
[2024-12-03T00:06:28.433+0000] {processor.py:925} INFO - DAG(s) 'incremental_data_processing' retrieved from /opt/airflow/dags/incremental_data_processing.py
[2024-12-03T00:06:28.448+0000] {logging_mixin.py:190} INFO - [2024-12-03T00:06:28.448+0000] {dag.py:3239} INFO - Sync 1 DAGs
[2024-12-03T00:06:28.461+0000] {logging_mixin.py:190} INFO - [2024-12-03T00:06:28.461+0000] {dag.py:4180} INFO - Setting next_dagrun for incremental_data_processing to 2024-12-02 00:00:00+00:00, run_after=2024-12-03 00:00:00+00:00
[2024-12-03T00:06:28.470+0000] {processor.py:208} INFO - Processing /opt/airflow/dags/incremental_data_processing.py took 0.055 seconds
[2024-12-03T00:06:50.472+0000] {processor.py:186} INFO - Started process (PID=3861) to work on /opt/airflow/dags/incremental_data_processing.py
[2024-12-03T00:06:50.473+0000] {processor.py:914} INFO - Processing file /opt/airflow/dags/incremental_data_processing.py for tasks to queue
[2024-12-03T00:06:50.475+0000] {logging_mixin.py:190} INFO - [2024-12-03T00:06:50.475+0000] {dagbag.py:588} INFO - Filling up the DagBag from /opt/airflow/dags/incremental_data_processing.py
[2024-12-03T00:06:50.484+0000] {processor.py:925} INFO - DAG(s) 'incremental_data_processing' retrieved from /opt/airflow/dags/incremental_data_processing.py
[2024-12-03T00:06:50.537+0000] {logging_mixin.py:190} INFO - [2024-12-03T00:06:50.537+0000] {dag.py:3239} INFO - Sync 1 DAGs
[2024-12-03T00:06:50.545+0000] {logging_mixin.py:190} INFO - [2024-12-03T00:06:50.545+0000] {dag.py:4180} INFO - Setting next_dagrun for incremental_data_processing to 2024-12-02 23:00:00+00:00, run_after=2024-12-03 23:00:00+00:00
[2024-12-03T00:06:50.554+0000] {processor.py:208} INFO - Processing /opt/airflow/dags/incremental_data_processing.py took 0.087 seconds
[2024-12-03T00:07:20.609+0000] {processor.py:186} INFO - Started process (PID=3927) to work on /opt/airflow/dags/incremental_data_processing.py
[2024-12-03T00:07:20.611+0000] {processor.py:914} INFO - Processing file /opt/airflow/dags/incremental_data_processing.py for tasks to queue
[2024-12-03T00:07:20.613+0000] {logging_mixin.py:190} INFO - [2024-12-03T00:07:20.613+0000] {dagbag.py:588} INFO - Filling up the DagBag from /opt/airflow/dags/incremental_data_processing.py
[2024-12-03T00:07:20.620+0000] {processor.py:925} INFO - DAG(s) 'incremental_data_processing' retrieved from /opt/airflow/dags/incremental_data_processing.py
[2024-12-03T00:07:20.633+0000] {logging_mixin.py:190} INFO - [2024-12-03T00:07:20.632+0000] {dag.py:3239} INFO - Sync 1 DAGs
[2024-12-03T00:07:20.642+0000] {logging_mixin.py:190} INFO - [2024-12-03T00:07:20.642+0000] {dag.py:4180} INFO - Setting next_dagrun for incremental_data_processing to 2024-12-02 23:00:00+00:00, run_after=2024-12-03 23:00:00+00:00
[2024-12-03T00:07:20.648+0000] {processor.py:208} INFO - Processing /opt/airflow/dags/incremental_data_processing.py took 0.044 seconds
[2024-12-03T00:07:51.621+0000] {processor.py:186} INFO - Started process (PID=3993) to work on /opt/airflow/dags/incremental_data_processing.py
[2024-12-03T00:07:51.622+0000] {processor.py:914} INFO - Processing file /opt/airflow/dags/incremental_data_processing.py for tasks to queue
[2024-12-03T00:07:51.623+0000] {logging_mixin.py:190} INFO - [2024-12-03T00:07:51.623+0000] {dagbag.py:588} INFO - Filling up the DagBag from /opt/airflow/dags/incremental_data_processing.py
[2024-12-03T00:07:51.628+0000] {processor.py:925} INFO - DAG(s) 'incremental_data_processing' retrieved from /opt/airflow/dags/incremental_data_processing.py
[2024-12-03T00:07:51.638+0000] {logging_mixin.py:190} INFO - [2024-12-03T00:07:51.638+0000] {dag.py:3239} INFO - Sync 1 DAGs
[2024-12-03T00:07:51.659+0000] {logging_mixin.py:190} INFO - [2024-12-03T00:07:51.659+0000] {dag.py:4180} INFO - Setting next_dagrun for incremental_data_processing to 2024-12-02 23:00:00+00:00, run_after=2024-12-03 23:00:00+00:00
[2024-12-03T00:07:51.667+0000] {processor.py:208} INFO - Processing /opt/airflow/dags/incremental_data_processing.py took 0.051 seconds
[2024-12-03T00:08:22.683+0000] {processor.py:186} INFO - Started process (PID=4059) to work on /opt/airflow/dags/incremental_data_processing.py
[2024-12-03T00:08:22.683+0000] {processor.py:914} INFO - Processing file /opt/airflow/dags/incremental_data_processing.py for tasks to queue
[2024-12-03T00:08:22.685+0000] {logging_mixin.py:190} INFO - [2024-12-03T00:08:22.685+0000] {dagbag.py:588} INFO - Filling up the DagBag from /opt/airflow/dags/incremental_data_processing.py
[2024-12-03T00:08:22.692+0000] {processor.py:925} INFO - DAG(s) 'incremental_data_processing' retrieved from /opt/airflow/dags/incremental_data_processing.py
[2024-12-03T00:08:22.704+0000] {logging_mixin.py:190} INFO - [2024-12-03T00:08:22.703+0000] {dag.py:3239} INFO - Sync 1 DAGs
[2024-12-03T00:08:22.714+0000] {logging_mixin.py:190} INFO - [2024-12-03T00:08:22.714+0000] {dag.py:4180} INFO - Setting next_dagrun for incremental_data_processing to 2024-12-02 23:00:00+00:00, run_after=2024-12-03 23:00:00+00:00
[2024-12-03T00:08:22.720+0000] {processor.py:208} INFO - Processing /opt/airflow/dags/incremental_data_processing.py took 0.042 seconds
[2024-12-03T00:08:53.018+0000] {processor.py:186} INFO - Started process (PID=4125) to work on /opt/airflow/dags/incremental_data_processing.py
[2024-12-03T00:08:53.019+0000] {processor.py:914} INFO - Processing file /opt/airflow/dags/incremental_data_processing.py for tasks to queue
[2024-12-03T00:08:53.021+0000] {logging_mixin.py:190} INFO - [2024-12-03T00:08:53.021+0000] {dagbag.py:588} INFO - Filling up the DagBag from /opt/airflow/dags/incremental_data_processing.py
[2024-12-03T00:08:53.029+0000] {processor.py:925} INFO - DAG(s) 'incremental_data_processing' retrieved from /opt/airflow/dags/incremental_data_processing.py
[2024-12-03T00:08:53.041+0000] {logging_mixin.py:190} INFO - [2024-12-03T00:08:53.041+0000] {dag.py:3239} INFO - Sync 1 DAGs
[2024-12-03T00:08:53.052+0000] {logging_mixin.py:190} INFO - [2024-12-03T00:08:53.051+0000] {dag.py:4180} INFO - Setting next_dagrun for incremental_data_processing to 2024-12-02 23:00:00+00:00, run_after=2024-12-03 23:00:00+00:00
[2024-12-03T00:08:53.058+0000] {processor.py:208} INFO - Processing /opt/airflow/dags/incremental_data_processing.py took 0.046 seconds
[2024-12-03T00:09:23.295+0000] {processor.py:186} INFO - Started process (PID=4191) to work on /opt/airflow/dags/incremental_data_processing.py
[2024-12-03T00:09:23.297+0000] {processor.py:914} INFO - Processing file /opt/airflow/dags/incremental_data_processing.py for tasks to queue
[2024-12-03T00:09:23.299+0000] {logging_mixin.py:190} INFO - [2024-12-03T00:09:23.299+0000] {dagbag.py:588} INFO - Filling up the DagBag from /opt/airflow/dags/incremental_data_processing.py
[2024-12-03T00:09:23.305+0000] {processor.py:925} INFO - DAG(s) 'incremental_data_processing' retrieved from /opt/airflow/dags/incremental_data_processing.py
[2024-12-03T00:09:23.317+0000] {logging_mixin.py:190} INFO - [2024-12-03T00:09:23.317+0000] {dag.py:3239} INFO - Sync 1 DAGs
[2024-12-03T00:09:23.327+0000] {logging_mixin.py:190} INFO - [2024-12-03T00:09:23.327+0000] {dag.py:4180} INFO - Setting next_dagrun for incremental_data_processing to 2024-12-02 23:00:00+00:00, run_after=2024-12-03 23:00:00+00:00
[2024-12-03T00:09:23.334+0000] {processor.py:208} INFO - Processing /opt/airflow/dags/incremental_data_processing.py took 0.043 seconds
[2024-12-03T00:09:53.528+0000] {processor.py:186} INFO - Started process (PID=4257) to work on /opt/airflow/dags/incremental_data_processing.py
[2024-12-03T00:09:53.529+0000] {processor.py:914} INFO - Processing file /opt/airflow/dags/incremental_data_processing.py for tasks to queue
[2024-12-03T00:09:53.531+0000] {logging_mixin.py:190} INFO - [2024-12-03T00:09:53.531+0000] {dagbag.py:588} INFO - Filling up the DagBag from /opt/airflow/dags/incremental_data_processing.py
[2024-12-03T00:09:53.538+0000] {processor.py:925} INFO - DAG(s) 'incremental_data_processing' retrieved from /opt/airflow/dags/incremental_data_processing.py
[2024-12-03T00:09:53.550+0000] {logging_mixin.py:190} INFO - [2024-12-03T00:09:53.550+0000] {dag.py:3239} INFO - Sync 1 DAGs
[2024-12-03T00:09:53.559+0000] {logging_mixin.py:190} INFO - [2024-12-03T00:09:53.559+0000] {dag.py:4180} INFO - Setting next_dagrun for incremental_data_processing to 2024-12-02 23:00:00+00:00, run_after=2024-12-03 23:00:00+00:00
[2024-12-03T00:09:53.566+0000] {processor.py:208} INFO - Processing /opt/airflow/dags/incremental_data_processing.py took 0.043 seconds
[2024-12-03T00:10:23.867+0000] {processor.py:186} INFO - Started process (PID=4323) to work on /opt/airflow/dags/incremental_data_processing.py
[2024-12-03T00:10:23.868+0000] {processor.py:914} INFO - Processing file /opt/airflow/dags/incremental_data_processing.py for tasks to queue
[2024-12-03T00:10:23.870+0000] {logging_mixin.py:190} INFO - [2024-12-03T00:10:23.869+0000] {dagbag.py:588} INFO - Filling up the DagBag from /opt/airflow/dags/incremental_data_processing.py
[2024-12-03T00:10:23.876+0000] {processor.py:925} INFO - DAG(s) 'incremental_data_processing' retrieved from /opt/airflow/dags/incremental_data_processing.py
[2024-12-03T00:10:23.888+0000] {logging_mixin.py:190} INFO - [2024-12-03T00:10:23.888+0000] {dag.py:3239} INFO - Sync 1 DAGs
[2024-12-03T00:10:23.898+0000] {logging_mixin.py:190} INFO - [2024-12-03T00:10:23.898+0000] {dag.py:4180} INFO - Setting next_dagrun for incremental_data_processing to 2024-12-02 23:00:00+00:00, run_after=2024-12-03 23:00:00+00:00
[2024-12-03T00:10:23.904+0000] {processor.py:208} INFO - Processing /opt/airflow/dags/incremental_data_processing.py took 0.043 seconds
[2024-12-03T00:10:54.129+0000] {processor.py:186} INFO - Started process (PID=4389) to work on /opt/airflow/dags/incremental_data_processing.py
[2024-12-03T00:10:54.132+0000] {processor.py:914} INFO - Processing file /opt/airflow/dags/incremental_data_processing.py for tasks to queue
[2024-12-03T00:10:54.133+0000] {logging_mixin.py:190} INFO - [2024-12-03T00:10:54.133+0000] {dagbag.py:588} INFO - Filling up the DagBag from /opt/airflow/dags/incremental_data_processing.py
[2024-12-03T00:10:54.140+0000] {processor.py:925} INFO - DAG(s) 'incremental_data_processing' retrieved from /opt/airflow/dags/incremental_data_processing.py
[2024-12-03T00:10:54.151+0000] {logging_mixin.py:190} INFO - [2024-12-03T00:10:54.151+0000] {dag.py:3239} INFO - Sync 1 DAGs
[2024-12-03T00:10:54.161+0000] {logging_mixin.py:190} INFO - [2024-12-03T00:10:54.161+0000] {dag.py:4180} INFO - Setting next_dagrun for incremental_data_processing to 2024-12-02 23:00:00+00:00, run_after=2024-12-03 23:00:00+00:00
[2024-12-03T00:10:54.167+0000] {processor.py:208} INFO - Processing /opt/airflow/dags/incremental_data_processing.py took 0.043 seconds
[2024-12-03T00:11:24.291+0000] {processor.py:186} INFO - Started process (PID=4455) to work on /opt/airflow/dags/incremental_data_processing.py
[2024-12-03T00:11:24.293+0000] {processor.py:914} INFO - Processing file /opt/airflow/dags/incremental_data_processing.py for tasks to queue
[2024-12-03T00:11:24.295+0000] {logging_mixin.py:190} INFO - [2024-12-03T00:11:24.294+0000] {dagbag.py:588} INFO - Filling up the DagBag from /opt/airflow/dags/incremental_data_processing.py
[2024-12-03T00:11:24.301+0000] {processor.py:925} INFO - DAG(s) 'incremental_data_processing' retrieved from /opt/airflow/dags/incremental_data_processing.py
[2024-12-03T00:11:24.314+0000] {logging_mixin.py:190} INFO - [2024-12-03T00:11:24.314+0000] {dag.py:3239} INFO - Sync 1 DAGs
[2024-12-03T00:11:24.324+0000] {logging_mixin.py:190} INFO - [2024-12-03T00:11:24.324+0000] {dag.py:4180} INFO - Setting next_dagrun for incremental_data_processing to 2024-12-02 23:00:00+00:00, run_after=2024-12-03 23:00:00+00:00
[2024-12-03T00:11:24.331+0000] {processor.py:208} INFO - Processing /opt/airflow/dags/incremental_data_processing.py took 0.045 seconds
[2024-12-03T00:11:54.537+0000] {processor.py:186} INFO - Started process (PID=4521) to work on /opt/airflow/dags/incremental_data_processing.py
[2024-12-03T00:11:54.538+0000] {processor.py:914} INFO - Processing file /opt/airflow/dags/incremental_data_processing.py for tasks to queue
[2024-12-03T00:11:54.540+0000] {logging_mixin.py:190} INFO - [2024-12-03T00:11:54.539+0000] {dagbag.py:588} INFO - Filling up the DagBag from /opt/airflow/dags/incremental_data_processing.py
[2024-12-03T00:11:54.545+0000] {processor.py:925} INFO - DAG(s) 'incremental_data_processing' retrieved from /opt/airflow/dags/incremental_data_processing.py
[2024-12-03T00:11:54.555+0000] {logging_mixin.py:190} INFO - [2024-12-03T00:11:54.555+0000] {dag.py:3239} INFO - Sync 1 DAGs
[2024-12-03T00:11:54.566+0000] {logging_mixin.py:190} INFO - [2024-12-03T00:11:54.566+0000] {dag.py:4180} INFO - Setting next_dagrun for incremental_data_processing to 2024-12-02 23:00:00+00:00, run_after=2024-12-03 23:00:00+00:00
[2024-12-03T00:11:54.573+0000] {processor.py:208} INFO - Processing /opt/airflow/dags/incremental_data_processing.py took 0.040 seconds
[2024-12-03T00:12:24.734+0000] {processor.py:186} INFO - Started process (PID=4587) to work on /opt/airflow/dags/incremental_data_processing.py
[2024-12-03T00:12:24.735+0000] {processor.py:914} INFO - Processing file /opt/airflow/dags/incremental_data_processing.py for tasks to queue
[2024-12-03T00:12:24.737+0000] {logging_mixin.py:190} INFO - [2024-12-03T00:12:24.737+0000] {dagbag.py:588} INFO - Filling up the DagBag from /opt/airflow/dags/incremental_data_processing.py
[2024-12-03T00:12:24.743+0000] {processor.py:925} INFO - DAG(s) 'incremental_data_processing' retrieved from /opt/airflow/dags/incremental_data_processing.py
[2024-12-03T00:12:24.755+0000] {logging_mixin.py:190} INFO - [2024-12-03T00:12:24.755+0000] {dag.py:3239} INFO - Sync 1 DAGs
[2024-12-03T00:12:24.764+0000] {logging_mixin.py:190} INFO - [2024-12-03T00:12:24.764+0000] {dag.py:4180} INFO - Setting next_dagrun for incremental_data_processing to 2024-12-02 23:00:00+00:00, run_after=2024-12-03 23:00:00+00:00
[2024-12-03T00:12:24.771+0000] {processor.py:208} INFO - Processing /opt/airflow/dags/incremental_data_processing.py took 0.041 seconds
[2024-12-03T00:12:55.053+0000] {processor.py:186} INFO - Started process (PID=4653) to work on /opt/airflow/dags/incremental_data_processing.py
[2024-12-03T00:12:55.054+0000] {processor.py:914} INFO - Processing file /opt/airflow/dags/incremental_data_processing.py for tasks to queue
[2024-12-03T00:12:55.056+0000] {logging_mixin.py:190} INFO - [2024-12-03T00:12:55.056+0000] {dagbag.py:588} INFO - Filling up the DagBag from /opt/airflow/dags/incremental_data_processing.py
[2024-12-03T00:12:55.062+0000] {processor.py:925} INFO - DAG(s) 'incremental_data_processing' retrieved from /opt/airflow/dags/incremental_data_processing.py
[2024-12-03T00:12:55.074+0000] {logging_mixin.py:190} INFO - [2024-12-03T00:12:55.074+0000] {dag.py:3239} INFO - Sync 1 DAGs
[2024-12-03T00:12:55.084+0000] {logging_mixin.py:190} INFO - [2024-12-03T00:12:55.084+0000] {dag.py:4180} INFO - Setting next_dagrun for incremental_data_processing to 2024-12-02 23:00:00+00:00, run_after=2024-12-03 23:00:00+00:00
[2024-12-03T00:12:55.091+0000] {processor.py:208} INFO - Processing /opt/airflow/dags/incremental_data_processing.py took 0.043 seconds
[2024-12-03T00:13:25.258+0000] {processor.py:186} INFO - Started process (PID=4719) to work on /opt/airflow/dags/incremental_data_processing.py
[2024-12-03T00:13:25.260+0000] {processor.py:914} INFO - Processing file /opt/airflow/dags/incremental_data_processing.py for tasks to queue
[2024-12-03T00:13:25.262+0000] {logging_mixin.py:190} INFO - [2024-12-03T00:13:25.261+0000] {dagbag.py:588} INFO - Filling up the DagBag from /opt/airflow/dags/incremental_data_processing.py
[2024-12-03T00:13:25.268+0000] {processor.py:925} INFO - DAG(s) 'incremental_data_processing' retrieved from /opt/airflow/dags/incremental_data_processing.py
[2024-12-03T00:13:25.280+0000] {logging_mixin.py:190} INFO - [2024-12-03T00:13:25.279+0000] {dag.py:3239} INFO - Sync 1 DAGs
[2024-12-03T00:13:25.289+0000] {logging_mixin.py:190} INFO - [2024-12-03T00:13:25.289+0000] {dag.py:4180} INFO - Setting next_dagrun for incremental_data_processing to 2024-12-02 23:00:00+00:00, run_after=2024-12-03 23:00:00+00:00
[2024-12-03T00:13:25.296+0000] {processor.py:208} INFO - Processing /opt/airflow/dags/incremental_data_processing.py took 0.043 seconds
[2024-12-03T00:13:55.656+0000] {processor.py:186} INFO - Started process (PID=4785) to work on /opt/airflow/dags/incremental_data_processing.py
[2024-12-03T00:13:55.657+0000] {processor.py:914} INFO - Processing file /opt/airflow/dags/incremental_data_processing.py for tasks to queue
[2024-12-03T00:13:55.659+0000] {logging_mixin.py:190} INFO - [2024-12-03T00:13:55.659+0000] {dagbag.py:588} INFO - Filling up the DagBag from /opt/airflow/dags/incremental_data_processing.py
[2024-12-03T00:13:55.665+0000] {processor.py:925} INFO - DAG(s) 'incremental_data_processing' retrieved from /opt/airflow/dags/incremental_data_processing.py
[2024-12-03T00:13:55.677+0000] {logging_mixin.py:190} INFO - [2024-12-03T00:13:55.677+0000] {dag.py:3239} INFO - Sync 1 DAGs
[2024-12-03T00:13:55.686+0000] {logging_mixin.py:190} INFO - [2024-12-03T00:13:55.686+0000] {dag.py:4180} INFO - Setting next_dagrun for incremental_data_processing to 2024-12-02 23:00:00+00:00, run_after=2024-12-03 23:00:00+00:00
[2024-12-03T00:13:55.693+0000] {processor.py:208} INFO - Processing /opt/airflow/dags/incremental_data_processing.py took 0.042 seconds
[2024-12-03T00:14:25.892+0000] {processor.py:186} INFO - Started process (PID=4851) to work on /opt/airflow/dags/incremental_data_processing.py
[2024-12-03T00:14:25.894+0000] {processor.py:914} INFO - Processing file /opt/airflow/dags/incremental_data_processing.py for tasks to queue
[2024-12-03T00:14:25.896+0000] {logging_mixin.py:190} INFO - [2024-12-03T00:14:25.895+0000] {dagbag.py:588} INFO - Filling up the DagBag from /opt/airflow/dags/incremental_data_processing.py
[2024-12-03T00:14:25.902+0000] {processor.py:925} INFO - DAG(s) 'incremental_data_processing' retrieved from /opt/airflow/dags/incremental_data_processing.py
[2024-12-03T00:14:25.914+0000] {logging_mixin.py:190} INFO - [2024-12-03T00:14:25.914+0000] {dag.py:3239} INFO - Sync 1 DAGs
[2024-12-03T00:14:25.923+0000] {logging_mixin.py:190} INFO - [2024-12-03T00:14:25.923+0000] {dag.py:4180} INFO - Setting next_dagrun for incremental_data_processing to 2024-12-02 23:00:00+00:00, run_after=2024-12-03 23:00:00+00:00
[2024-12-03T00:14:25.930+0000] {processor.py:208} INFO - Processing /opt/airflow/dags/incremental_data_processing.py took 0.043 seconds
[2024-12-03T00:14:56.240+0000] {processor.py:186} INFO - Started process (PID=4917) to work on /opt/airflow/dags/incremental_data_processing.py
[2024-12-03T00:14:56.240+0000] {processor.py:914} INFO - Processing file /opt/airflow/dags/incremental_data_processing.py for tasks to queue
[2024-12-03T00:14:56.242+0000] {logging_mixin.py:190} INFO - [2024-12-03T00:14:56.242+0000] {dagbag.py:588} INFO - Filling up the DagBag from /opt/airflow/dags/incremental_data_processing.py
[2024-12-03T00:14:56.247+0000] {processor.py:925} INFO - DAG(s) 'incremental_data_processing' retrieved from /opt/airflow/dags/incremental_data_processing.py
[2024-12-03T00:14:56.257+0000] {logging_mixin.py:190} INFO - [2024-12-03T00:14:56.257+0000] {dag.py:3239} INFO - Sync 1 DAGs
[2024-12-03T00:14:56.267+0000] {logging_mixin.py:190} INFO - [2024-12-03T00:14:56.267+0000] {dag.py:4180} INFO - Setting next_dagrun for incremental_data_processing to 2024-12-02 23:00:00+00:00, run_after=2024-12-03 23:00:00+00:00
[2024-12-03T00:14:56.293+0000] {processor.py:208} INFO - Processing /opt/airflow/dags/incremental_data_processing.py took 0.059 seconds
[2024-12-03T00:15:26.750+0000] {processor.py:186} INFO - Started process (PID=4983) to work on /opt/airflow/dags/incremental_data_processing.py
[2024-12-03T00:15:26.752+0000] {processor.py:914} INFO - Processing file /opt/airflow/dags/incremental_data_processing.py for tasks to queue
[2024-12-03T00:15:26.754+0000] {logging_mixin.py:190} INFO - [2024-12-03T00:15:26.754+0000] {dagbag.py:588} INFO - Filling up the DagBag from /opt/airflow/dags/incremental_data_processing.py
[2024-12-03T00:15:26.761+0000] {processor.py:925} INFO - DAG(s) 'incremental_data_processing' retrieved from /opt/airflow/dags/incremental_data_processing.py
[2024-12-03T00:15:26.774+0000] {logging_mixin.py:190} INFO - [2024-12-03T00:15:26.774+0000] {dag.py:3239} INFO - Sync 1 DAGs
[2024-12-03T00:15:26.786+0000] {logging_mixin.py:190} INFO - [2024-12-03T00:15:26.785+0000] {dag.py:4180} INFO - Setting next_dagrun for incremental_data_processing to 2024-12-02 23:00:00+00:00, run_after=2024-12-03 23:00:00+00:00
[2024-12-03T00:15:26.793+0000] {processor.py:208} INFO - Processing /opt/airflow/dags/incremental_data_processing.py took 0.049 seconds
[2024-12-03T00:15:46.657+0000] {processor.py:186} INFO - Started process (PID=5030) to work on /opt/airflow/dags/incremental_data_processing.py
[2024-12-03T00:15:46.658+0000] {processor.py:914} INFO - Processing file /opt/airflow/dags/incremental_data_processing.py for tasks to queue
[2024-12-03T00:15:46.659+0000] {logging_mixin.py:190} INFO - [2024-12-03T00:15:46.659+0000] {dagbag.py:588} INFO - Filling up the DagBag from /opt/airflow/dags/incremental_data_processing.py
[2024-12-03T00:15:46.678+0000] {processor.py:925} INFO - DAG(s) 'incremental_data_processing' retrieved from /opt/airflow/dags/incremental_data_processing.py
[2024-12-03T00:15:46.729+0000] {logging_mixin.py:190} INFO - [2024-12-03T00:15:46.729+0000] {dag.py:3239} INFO - Sync 1 DAGs
[2024-12-03T00:15:46.738+0000] {logging_mixin.py:190} INFO - [2024-12-03T00:15:46.738+0000] {dag.py:4180} INFO - Setting next_dagrun for incremental_data_processing to 2024-12-02 23:00:00+00:00, run_after=2024-12-03 23:00:00+00:00
[2024-12-03T00:15:46.745+0000] {processor.py:208} INFO - Processing /opt/airflow/dags/incremental_data_processing.py took 0.090 seconds
[2024-12-03T00:15:55.479+0000] {processor.py:186} INFO - Started process (PID=5050) to work on /opt/airflow/dags/incremental_data_processing.py
[2024-12-03T00:15:55.480+0000] {processor.py:914} INFO - Processing file /opt/airflow/dags/incremental_data_processing.py for tasks to queue
[2024-12-03T00:15:55.483+0000] {logging_mixin.py:190} INFO - [2024-12-03T00:15:55.482+0000] {dagbag.py:588} INFO - Filling up the DagBag from /opt/airflow/dags/incremental_data_processing.py
[2024-12-03T00:15:55.491+0000] {processor.py:925} INFO - DAG(s) 'incremental_data_processing' retrieved from /opt/airflow/dags/incremental_data_processing.py
[2024-12-03T00:15:55.502+0000] {logging_mixin.py:190} INFO - [2024-12-03T00:15:55.502+0000] {dag.py:3239} INFO - Sync 1 DAGs
[2024-12-03T00:15:55.514+0000] {logging_mixin.py:190} INFO - [2024-12-03T00:15:55.514+0000] {dag.py:4180} INFO - Setting next_dagrun for incremental_data_processing to 2024-12-02 23:00:00+00:00, run_after=2024-12-03 23:00:00+00:00
[2024-12-03T00:15:55.523+0000] {processor.py:208} INFO - Processing /opt/airflow/dags/incremental_data_processing.py took 0.049 seconds
[2024-12-03T00:16:25.814+0000] {processor.py:186} INFO - Started process (PID=5116) to work on /opt/airflow/dags/incremental_data_processing.py
[2024-12-03T00:16:25.816+0000] {processor.py:914} INFO - Processing file /opt/airflow/dags/incremental_data_processing.py for tasks to queue
[2024-12-03T00:16:25.818+0000] {logging_mixin.py:190} INFO - [2024-12-03T00:16:25.818+0000] {dagbag.py:588} INFO - Filling up the DagBag from /opt/airflow/dags/incremental_data_processing.py
[2024-12-03T00:16:25.825+0000] {processor.py:925} INFO - DAG(s) 'incremental_data_processing' retrieved from /opt/airflow/dags/incremental_data_processing.py
[2024-12-03T00:16:25.837+0000] {logging_mixin.py:190} INFO - [2024-12-03T00:16:25.837+0000] {dag.py:3239} INFO - Sync 1 DAGs
[2024-12-03T00:16:25.846+0000] {logging_mixin.py:190} INFO - [2024-12-03T00:16:25.846+0000] {dag.py:4180} INFO - Setting next_dagrun for incremental_data_processing to 2024-12-02 23:00:00+00:00, run_after=2024-12-03 23:00:00+00:00
[2024-12-03T00:16:25.853+0000] {processor.py:208} INFO - Processing /opt/airflow/dags/incremental_data_processing.py took 0.044 seconds
[2024-12-03T00:16:27.831+0000] {processor.py:186} INFO - Started process (PID=5117) to work on /opt/airflow/dags/incremental_data_processing.py
[2024-12-03T00:16:27.832+0000] {processor.py:914} INFO - Processing file /opt/airflow/dags/incremental_data_processing.py for tasks to queue
[2024-12-03T00:16:27.832+0000] {logging_mixin.py:190} INFO - [2024-12-03T00:16:27.832+0000] {dagbag.py:588} INFO - Filling up the DagBag from /opt/airflow/dags/incremental_data_processing.py
[2024-12-03T00:16:27.837+0000] {processor.py:925} INFO - DAG(s) 'incremental_data_processing' retrieved from /opt/airflow/dags/incremental_data_processing.py
[2024-12-03T00:16:27.844+0000] {logging_mixin.py:190} INFO - [2024-12-03T00:16:27.844+0000] {dag.py:3239} INFO - Sync 1 DAGs
[2024-12-03T00:16:27.853+0000] {logging_mixin.py:190} INFO - [2024-12-03T00:16:27.853+0000] {dag.py:4180} INFO - Setting next_dagrun for incremental_data_processing to 2024-12-02 23:00:00+00:00, run_after=2024-12-03 23:00:00+00:00
[2024-12-03T00:16:27.859+0000] {processor.py:208} INFO - Processing /opt/airflow/dags/incremental_data_processing.py took 0.031 seconds
[2024-12-03T00:16:58.213+0000] {processor.py:186} INFO - Started process (PID=5183) to work on /opt/airflow/dags/incremental_data_processing.py
[2024-12-03T00:16:58.214+0000] {processor.py:914} INFO - Processing file /opt/airflow/dags/incremental_data_processing.py for tasks to queue
[2024-12-03T00:16:58.215+0000] {logging_mixin.py:190} INFO - [2024-12-03T00:16:58.215+0000] {dagbag.py:588} INFO - Filling up the DagBag from /opt/airflow/dags/incremental_data_processing.py
[2024-12-03T00:16:58.222+0000] {processor.py:925} INFO - DAG(s) 'incremental_data_processing' retrieved from /opt/airflow/dags/incremental_data_processing.py
[2024-12-03T00:16:58.234+0000] {logging_mixin.py:190} INFO - [2024-12-03T00:16:58.233+0000] {dag.py:3239} INFO - Sync 1 DAGs
[2024-12-03T00:16:58.243+0000] {logging_mixin.py:190} INFO - [2024-12-03T00:16:58.243+0000] {dag.py:4180} INFO - Setting next_dagrun for incremental_data_processing to 2024-12-02 23:00:00+00:00, run_after=2024-12-03 23:00:00+00:00
[2024-12-03T00:16:58.250+0000] {processor.py:208} INFO - Processing /opt/airflow/dags/incremental_data_processing.py took 0.043 seconds
[2024-12-03T00:17:28.544+0000] {processor.py:186} INFO - Started process (PID=5249) to work on /opt/airflow/dags/incremental_data_processing.py
[2024-12-03T00:17:28.545+0000] {processor.py:914} INFO - Processing file /opt/airflow/dags/incremental_data_processing.py for tasks to queue
[2024-12-03T00:17:28.547+0000] {logging_mixin.py:190} INFO - [2024-12-03T00:17:28.546+0000] {dagbag.py:588} INFO - Filling up the DagBag from /opt/airflow/dags/incremental_data_processing.py
[2024-12-03T00:17:28.553+0000] {processor.py:925} INFO - DAG(s) 'incremental_data_processing' retrieved from /opt/airflow/dags/incremental_data_processing.py
[2024-12-03T00:17:28.566+0000] {logging_mixin.py:190} INFO - [2024-12-03T00:17:28.565+0000] {dag.py:3239} INFO - Sync 1 DAGs
[2024-12-03T00:17:28.575+0000] {logging_mixin.py:190} INFO - [2024-12-03T00:17:28.575+0000] {dag.py:4180} INFO - Setting next_dagrun for incremental_data_processing to 2024-12-02 23:00:00+00:00, run_after=2024-12-03 23:00:00+00:00
[2024-12-03T00:17:28.582+0000] {processor.py:208} INFO - Processing /opt/airflow/dags/incremental_data_processing.py took 0.044 seconds
[2024-12-03T00:17:58.867+0000] {processor.py:186} INFO - Started process (PID=5315) to work on /opt/airflow/dags/incremental_data_processing.py
[2024-12-03T00:17:58.868+0000] {processor.py:914} INFO - Processing file /opt/airflow/dags/incremental_data_processing.py for tasks to queue
[2024-12-03T00:17:58.870+0000] {logging_mixin.py:190} INFO - [2024-12-03T00:17:58.870+0000] {dagbag.py:588} INFO - Filling up the DagBag from /opt/airflow/dags/incremental_data_processing.py
[2024-12-03T00:17:58.879+0000] {processor.py:925} INFO - DAG(s) 'incremental_data_processing' retrieved from /opt/airflow/dags/incremental_data_processing.py
[2024-12-03T00:17:58.891+0000] {logging_mixin.py:190} INFO - [2024-12-03T00:17:58.891+0000] {dag.py:3239} INFO - Sync 1 DAGs
[2024-12-03T00:17:58.900+0000] {logging_mixin.py:190} INFO - [2024-12-03T00:17:58.900+0000] {dag.py:4180} INFO - Setting next_dagrun for incremental_data_processing to 2024-12-02 23:00:00+00:00, run_after=2024-12-03 23:00:00+00:00
[2024-12-03T00:17:58.907+0000] {processor.py:208} INFO - Processing /opt/airflow/dags/incremental_data_processing.py took 0.046 seconds
[2024-12-03T00:18:29.294+0000] {processor.py:186} INFO - Started process (PID=5381) to work on /opt/airflow/dags/incremental_data_processing.py
[2024-12-03T00:18:29.295+0000] {processor.py:914} INFO - Processing file /opt/airflow/dags/incremental_data_processing.py for tasks to queue
[2024-12-03T00:18:29.296+0000] {logging_mixin.py:190} INFO - [2024-12-03T00:18:29.296+0000] {dagbag.py:588} INFO - Filling up the DagBag from /opt/airflow/dags/incremental_data_processing.py
[2024-12-03T00:18:29.300+0000] {processor.py:925} INFO - DAG(s) 'incremental_data_processing' retrieved from /opt/airflow/dags/incremental_data_processing.py
[2024-12-03T00:18:29.308+0000] {logging_mixin.py:190} INFO - [2024-12-03T00:18:29.308+0000] {dag.py:3239} INFO - Sync 1 DAGs
[2024-12-03T00:18:29.317+0000] {logging_mixin.py:190} INFO - [2024-12-03T00:18:29.316+0000] {dag.py:4180} INFO - Setting next_dagrun for incremental_data_processing to 2024-12-02 23:00:00+00:00, run_after=2024-12-03 23:00:00+00:00
[2024-12-03T00:18:29.323+0000] {processor.py:208} INFO - Processing /opt/airflow/dags/incremental_data_processing.py took 0.031 seconds
[2024-12-03T00:18:59.549+0000] {processor.py:186} INFO - Started process (PID=5447) to work on /opt/airflow/dags/incremental_data_processing.py
[2024-12-03T00:18:59.550+0000] {processor.py:914} INFO - Processing file /opt/airflow/dags/incremental_data_processing.py for tasks to queue
[2024-12-03T00:18:59.551+0000] {logging_mixin.py:190} INFO - [2024-12-03T00:18:59.551+0000] {dagbag.py:588} INFO - Filling up the DagBag from /opt/airflow/dags/incremental_data_processing.py
[2024-12-03T00:18:59.554+0000] {processor.py:925} INFO - DAG(s) 'incremental_data_processing' retrieved from /opt/airflow/dags/incremental_data_processing.py
[2024-12-03T00:18:59.561+0000] {logging_mixin.py:190} INFO - [2024-12-03T00:18:59.561+0000] {dag.py:3239} INFO - Sync 1 DAGs
[2024-12-03T00:18:59.569+0000] {logging_mixin.py:190} INFO - [2024-12-03T00:18:59.569+0000] {dag.py:4180} INFO - Setting next_dagrun for incremental_data_processing to 2024-12-02 23:00:00+00:00, run_after=2024-12-03 23:00:00+00:00
[2024-12-03T00:18:59.574+0000] {processor.py:208} INFO - Processing /opt/airflow/dags/incremental_data_processing.py took 0.028 seconds
[2024-12-03T00:19:29.771+0000] {processor.py:186} INFO - Started process (PID=5513) to work on /opt/airflow/dags/incremental_data_processing.py
[2024-12-03T00:19:29.772+0000] {processor.py:914} INFO - Processing file /opt/airflow/dags/incremental_data_processing.py for tasks to queue
[2024-12-03T00:19:29.774+0000] {logging_mixin.py:190} INFO - [2024-12-03T00:19:29.774+0000] {dagbag.py:588} INFO - Filling up the DagBag from /opt/airflow/dags/incremental_data_processing.py
[2024-12-03T00:19:29.780+0000] {processor.py:925} INFO - DAG(s) 'incremental_data_processing' retrieved from /opt/airflow/dags/incremental_data_processing.py
[2024-12-03T00:19:29.790+0000] {logging_mixin.py:190} INFO - [2024-12-03T00:19:29.790+0000] {dag.py:3239} INFO - Sync 1 DAGs
[2024-12-03T00:19:29.801+0000] {logging_mixin.py:190} INFO - [2024-12-03T00:19:29.801+0000] {dag.py:4180} INFO - Setting next_dagrun for incremental_data_processing to 2024-12-02 23:00:00+00:00, run_after=2024-12-03 23:00:00+00:00
[2024-12-03T00:19:29.808+0000] {processor.py:208} INFO - Processing /opt/airflow/dags/incremental_data_processing.py took 0.041 seconds
[2024-12-03T00:20:00.059+0000] {processor.py:186} INFO - Started process (PID=5579) to work on /opt/airflow/dags/incremental_data_processing.py
[2024-12-03T00:20:00.060+0000] {processor.py:914} INFO - Processing file /opt/airflow/dags/incremental_data_processing.py for tasks to queue
[2024-12-03T00:20:00.062+0000] {logging_mixin.py:190} INFO - [2024-12-03T00:20:00.062+0000] {dagbag.py:588} INFO - Filling up the DagBag from /opt/airflow/dags/incremental_data_processing.py
[2024-12-03T00:20:00.068+0000] {processor.py:925} INFO - DAG(s) 'incremental_data_processing' retrieved from /opt/airflow/dags/incremental_data_processing.py
[2024-12-03T00:20:00.080+0000] {logging_mixin.py:190} INFO - [2024-12-03T00:20:00.079+0000] {dag.py:3239} INFO - Sync 1 DAGs
[2024-12-03T00:20:00.089+0000] {logging_mixin.py:190} INFO - [2024-12-03T00:20:00.089+0000] {dag.py:4180} INFO - Setting next_dagrun for incremental_data_processing to 2024-12-02 23:00:00+00:00, run_after=2024-12-03 23:00:00+00:00
[2024-12-03T00:20:00.095+0000] {processor.py:208} INFO - Processing /opt/airflow/dags/incremental_data_processing.py took 0.041 seconds
[2024-12-03T00:20:30.324+0000] {processor.py:186} INFO - Started process (PID=5645) to work on /opt/airflow/dags/incremental_data_processing.py
[2024-12-03T00:20:30.325+0000] {processor.py:914} INFO - Processing file /opt/airflow/dags/incremental_data_processing.py for tasks to queue
[2024-12-03T00:20:30.327+0000] {logging_mixin.py:190} INFO - [2024-12-03T00:20:30.326+0000] {dagbag.py:588} INFO - Filling up the DagBag from /opt/airflow/dags/incremental_data_processing.py
[2024-12-03T00:20:30.333+0000] {processor.py:925} INFO - DAG(s) 'incremental_data_processing' retrieved from /opt/airflow/dags/incremental_data_processing.py
[2024-12-03T00:20:30.345+0000] {logging_mixin.py:190} INFO - [2024-12-03T00:20:30.345+0000] {dag.py:3239} INFO - Sync 1 DAGs
[2024-12-03T00:20:30.355+0000] {logging_mixin.py:190} INFO - [2024-12-03T00:20:30.355+0000] {dag.py:4180} INFO - Setting next_dagrun for incremental_data_processing to 2024-12-02 23:00:00+00:00, run_after=2024-12-03 23:00:00+00:00
[2024-12-03T00:20:30.361+0000] {processor.py:208} INFO - Processing /opt/airflow/dags/incremental_data_processing.py took 0.043 seconds
[2024-12-03T00:21:00.639+0000] {processor.py:186} INFO - Started process (PID=5717) to work on /opt/airflow/dags/incremental_data_processing.py
[2024-12-03T00:21:00.640+0000] {processor.py:914} INFO - Processing file /opt/airflow/dags/incremental_data_processing.py for tasks to queue
[2024-12-03T00:21:00.642+0000] {logging_mixin.py:190} INFO - [2024-12-03T00:21:00.642+0000] {dagbag.py:588} INFO - Filling up the DagBag from /opt/airflow/dags/incremental_data_processing.py
[2024-12-03T00:21:00.649+0000] {processor.py:925} INFO - DAG(s) 'incremental_data_processing' retrieved from /opt/airflow/dags/incremental_data_processing.py
[2024-12-03T00:21:00.660+0000] {logging_mixin.py:190} INFO - [2024-12-03T00:21:00.660+0000] {dag.py:3239} INFO - Sync 1 DAGs
[2024-12-03T00:21:00.670+0000] {logging_mixin.py:190} INFO - [2024-12-03T00:21:00.670+0000] {dag.py:4180} INFO - Setting next_dagrun for incremental_data_processing to 2024-12-02 23:00:00+00:00, run_after=2024-12-03 23:00:00+00:00
[2024-12-03T00:21:00.677+0000] {processor.py:208} INFO - Processing /opt/airflow/dags/incremental_data_processing.py took 0.042 seconds
[2024-12-03T00:21:31.017+0000] {processor.py:186} INFO - Started process (PID=5783) to work on /opt/airflow/dags/incremental_data_processing.py
[2024-12-03T00:21:31.018+0000] {processor.py:914} INFO - Processing file /opt/airflow/dags/incremental_data_processing.py for tasks to queue
[2024-12-03T00:21:31.020+0000] {logging_mixin.py:190} INFO - [2024-12-03T00:21:31.020+0000] {dagbag.py:588} INFO - Filling up the DagBag from /opt/airflow/dags/incremental_data_processing.py
[2024-12-03T00:21:31.028+0000] {processor.py:925} INFO - DAG(s) 'incremental_data_processing' retrieved from /opt/airflow/dags/incremental_data_processing.py
[2024-12-03T00:21:31.041+0000] {logging_mixin.py:190} INFO - [2024-12-03T00:21:31.041+0000] {dag.py:3239} INFO - Sync 1 DAGs
[2024-12-03T00:21:31.055+0000] {logging_mixin.py:190} INFO - [2024-12-03T00:21:31.055+0000] {dag.py:4180} INFO - Setting next_dagrun for incremental_data_processing to 2024-12-02 23:00:00+00:00, run_after=2024-12-03 23:00:00+00:00
[2024-12-03T00:21:31.063+0000] {processor.py:208} INFO - Processing /opt/airflow/dags/incremental_data_processing.py took 0.051 seconds
[2024-12-03T00:22:01.393+0000] {processor.py:186} INFO - Started process (PID=5849) to work on /opt/airflow/dags/incremental_data_processing.py
[2024-12-03T00:22:01.394+0000] {processor.py:914} INFO - Processing file /opt/airflow/dags/incremental_data_processing.py for tasks to queue
[2024-12-03T00:22:01.396+0000] {logging_mixin.py:190} INFO - [2024-12-03T00:22:01.396+0000] {dagbag.py:588} INFO - Filling up the DagBag from /opt/airflow/dags/incremental_data_processing.py
[2024-12-03T00:22:01.403+0000] {processor.py:925} INFO - DAG(s) 'incremental_data_processing' retrieved from /opt/airflow/dags/incremental_data_processing.py
[2024-12-03T00:22:01.415+0000] {logging_mixin.py:190} INFO - [2024-12-03T00:22:01.415+0000] {dag.py:3239} INFO - Sync 1 DAGs
[2024-12-03T00:22:01.425+0000] {logging_mixin.py:190} INFO - [2024-12-03T00:22:01.425+0000] {dag.py:4180} INFO - Setting next_dagrun for incremental_data_processing to 2024-12-02 23:00:00+00:00, run_after=2024-12-03 23:00:00+00:00
[2024-12-03T00:22:01.432+0000] {processor.py:208} INFO - Processing /opt/airflow/dags/incremental_data_processing.py took 0.044 seconds
[2024-12-03T00:22:02.425+0000] {processor.py:186} INFO - Started process (PID=5850) to work on /opt/airflow/dags/incremental_data_processing.py
[2024-12-03T00:22:02.426+0000] {processor.py:914} INFO - Processing file /opt/airflow/dags/incremental_data_processing.py for tasks to queue
[2024-12-03T00:22:02.428+0000] {logging_mixin.py:190} INFO - [2024-12-03T00:22:02.428+0000] {dagbag.py:588} INFO - Filling up the DagBag from /opt/airflow/dags/incremental_data_processing.py
[2024-12-03T00:22:02.437+0000] {processor.py:925} INFO - DAG(s) 'incremental_data_processing' retrieved from /opt/airflow/dags/incremental_data_processing.py
[2024-12-03T00:22:02.483+0000] {logging_mixin.py:190} INFO - [2024-12-03T00:22:02.483+0000] {dag.py:3239} INFO - Sync 1 DAGs
[2024-12-03T00:22:02.490+0000] {logging_mixin.py:190} INFO - [2024-12-03T00:22:02.490+0000] {dag.py:4180} INFO - Setting next_dagrun for incremental_data_processing to 2024-12-02 23:00:00+00:00, run_after=2024-12-03 23:00:00+00:00
[2024-12-03T00:22:02.496+0000] {processor.py:208} INFO - Processing /opt/airflow/dags/incremental_data_processing.py took 0.077 seconds
[2024-12-03T00:22:32.967+0000] {processor.py:186} INFO - Started process (PID=5916) to work on /opt/airflow/dags/incremental_data_processing.py
[2024-12-03T00:22:32.969+0000] {processor.py:914} INFO - Processing file /opt/airflow/dags/incremental_data_processing.py for tasks to queue
[2024-12-03T00:22:32.971+0000] {logging_mixin.py:190} INFO - [2024-12-03T00:22:32.971+0000] {dagbag.py:588} INFO - Filling up the DagBag from /opt/airflow/dags/incremental_data_processing.py
[2024-12-03T00:22:32.977+0000] {processor.py:925} INFO - DAG(s) 'incremental_data_processing' retrieved from /opt/airflow/dags/incremental_data_processing.py
[2024-12-03T00:22:32.987+0000] {logging_mixin.py:190} INFO - [2024-12-03T00:22:32.987+0000] {dag.py:3239} INFO - Sync 1 DAGs
[2024-12-03T00:22:32.998+0000] {logging_mixin.py:190} INFO - [2024-12-03T00:22:32.997+0000] {dag.py:4180} INFO - Setting next_dagrun for incremental_data_processing to 2024-12-02 23:00:00+00:00, run_after=2024-12-03 23:00:00+00:00
[2024-12-03T00:22:33.005+0000] {processor.py:208} INFO - Processing /opt/airflow/dags/incremental_data_processing.py took 0.044 seconds
[2024-12-03T00:23:03.352+0000] {processor.py:186} INFO - Started process (PID=5982) to work on /opt/airflow/dags/incremental_data_processing.py
[2024-12-03T00:23:03.353+0000] {processor.py:914} INFO - Processing file /opt/airflow/dags/incremental_data_processing.py for tasks to queue
[2024-12-03T00:23:03.355+0000] {logging_mixin.py:190} INFO - [2024-12-03T00:23:03.355+0000] {dagbag.py:588} INFO - Filling up the DagBag from /opt/airflow/dags/incremental_data_processing.py
[2024-12-03T00:23:03.362+0000] {processor.py:925} INFO - DAG(s) 'incremental_data_processing' retrieved from /opt/airflow/dags/incremental_data_processing.py
[2024-12-03T00:23:03.374+0000] {logging_mixin.py:190} INFO - [2024-12-03T00:23:03.374+0000] {dag.py:3239} INFO - Sync 1 DAGs
[2024-12-03T00:23:03.384+0000] {logging_mixin.py:190} INFO - [2024-12-03T00:23:03.384+0000] {dag.py:4180} INFO - Setting next_dagrun for incremental_data_processing to 2024-12-02 23:00:00+00:00, run_after=2024-12-03 23:00:00+00:00
[2024-12-03T00:23:03.390+0000] {processor.py:208} INFO - Processing /opt/airflow/dags/incremental_data_processing.py took 0.044 seconds
[2024-12-03T00:23:33.568+0000] {processor.py:186} INFO - Started process (PID=6048) to work on /opt/airflow/dags/incremental_data_processing.py
[2024-12-03T00:23:33.571+0000] {processor.py:914} INFO - Processing file /opt/airflow/dags/incremental_data_processing.py for tasks to queue
[2024-12-03T00:23:33.573+0000] {logging_mixin.py:190} INFO - [2024-12-03T00:23:33.573+0000] {dagbag.py:588} INFO - Filling up the DagBag from /opt/airflow/dags/incremental_data_processing.py
[2024-12-03T00:23:33.579+0000] {processor.py:925} INFO - DAG(s) 'incremental_data_processing' retrieved from /opt/airflow/dags/incremental_data_processing.py
[2024-12-03T00:23:33.592+0000] {logging_mixin.py:190} INFO - [2024-12-03T00:23:33.591+0000] {dag.py:3239} INFO - Sync 1 DAGs
[2024-12-03T00:23:33.602+0000] {logging_mixin.py:190} INFO - [2024-12-03T00:23:33.602+0000] {dag.py:4180} INFO - Setting next_dagrun for incremental_data_processing to 2024-12-02 23:00:00+00:00, run_after=2024-12-03 23:00:00+00:00
[2024-12-03T00:23:33.608+0000] {processor.py:208} INFO - Processing /opt/airflow/dags/incremental_data_processing.py took 0.045 seconds
[2024-12-03T00:24:03.978+0000] {processor.py:186} INFO - Started process (PID=6114) to work on /opt/airflow/dags/incremental_data_processing.py
[2024-12-03T00:24:03.979+0000] {processor.py:914} INFO - Processing file /opt/airflow/dags/incremental_data_processing.py for tasks to queue
[2024-12-03T00:24:03.981+0000] {logging_mixin.py:190} INFO - [2024-12-03T00:24:03.981+0000] {dagbag.py:588} INFO - Filling up the DagBag from /opt/airflow/dags/incremental_data_processing.py
[2024-12-03T00:24:03.989+0000] {processor.py:925} INFO - DAG(s) 'incremental_data_processing' retrieved from /opt/airflow/dags/incremental_data_processing.py
[2024-12-03T00:24:04.003+0000] {logging_mixin.py:190} INFO - [2024-12-03T00:24:04.003+0000] {dag.py:3239} INFO - Sync 1 DAGs
[2024-12-03T00:24:04.015+0000] {logging_mixin.py:190} INFO - [2024-12-03T00:24:04.015+0000] {dag.py:4180} INFO - Setting next_dagrun for incremental_data_processing to 2024-12-02 23:00:00+00:00, run_after=2024-12-03 23:00:00+00:00
[2024-12-03T00:24:04.022+0000] {processor.py:208} INFO - Processing /opt/airflow/dags/incremental_data_processing.py took 0.050 seconds
[2024-12-03T00:24:34.329+0000] {processor.py:186} INFO - Started process (PID=6180) to work on /opt/airflow/dags/incremental_data_processing.py
[2024-12-03T00:24:34.331+0000] {processor.py:914} INFO - Processing file /opt/airflow/dags/incremental_data_processing.py for tasks to queue
[2024-12-03T00:24:34.332+0000] {logging_mixin.py:190} INFO - [2024-12-03T00:24:34.332+0000] {dagbag.py:588} INFO - Filling up the DagBag from /opt/airflow/dags/incremental_data_processing.py
[2024-12-03T00:24:34.339+0000] {processor.py:925} INFO - DAG(s) 'incremental_data_processing' retrieved from /opt/airflow/dags/incremental_data_processing.py
[2024-12-03T00:24:34.352+0000] {logging_mixin.py:190} INFO - [2024-12-03T00:24:34.351+0000] {dag.py:3239} INFO - Sync 1 DAGs
[2024-12-03T00:24:34.362+0000] {logging_mixin.py:190} INFO - [2024-12-03T00:24:34.362+0000] {dag.py:4180} INFO - Setting next_dagrun for incremental_data_processing to 2024-12-02 23:00:00+00:00, run_after=2024-12-03 23:00:00+00:00
[2024-12-03T00:24:34.368+0000] {processor.py:208} INFO - Processing /opt/airflow/dags/incremental_data_processing.py took 0.044 seconds
[2024-12-03T00:25:04.610+0000] {processor.py:186} INFO - Started process (PID=6246) to work on /opt/airflow/dags/incremental_data_processing.py
[2024-12-03T00:25:04.611+0000] {processor.py:914} INFO - Processing file /opt/airflow/dags/incremental_data_processing.py for tasks to queue
[2024-12-03T00:25:04.613+0000] {logging_mixin.py:190} INFO - [2024-12-03T00:25:04.613+0000] {dagbag.py:588} INFO - Filling up the DagBag from /opt/airflow/dags/incremental_data_processing.py
[2024-12-03T00:25:04.620+0000] {processor.py:925} INFO - DAG(s) 'incremental_data_processing' retrieved from /opt/airflow/dags/incremental_data_processing.py
[2024-12-03T00:25:04.632+0000] {logging_mixin.py:190} INFO - [2024-12-03T00:25:04.632+0000] {dag.py:3239} INFO - Sync 1 DAGs
[2024-12-03T00:25:04.642+0000] {logging_mixin.py:190} INFO - [2024-12-03T00:25:04.642+0000] {dag.py:4180} INFO - Setting next_dagrun for incremental_data_processing to 2024-12-02 23:00:00+00:00, run_after=2024-12-03 23:00:00+00:00
[2024-12-03T00:25:04.649+0000] {processor.py:208} INFO - Processing /opt/airflow/dags/incremental_data_processing.py took 0.044 seconds
[2024-12-03T00:25:34.911+0000] {processor.py:186} INFO - Started process (PID=6312) to work on /opt/airflow/dags/incremental_data_processing.py
[2024-12-03T00:25:34.912+0000] {processor.py:914} INFO - Processing file /opt/airflow/dags/incremental_data_processing.py for tasks to queue
[2024-12-03T00:25:34.914+0000] {logging_mixin.py:190} INFO - [2024-12-03T00:25:34.914+0000] {dagbag.py:588} INFO - Filling up the DagBag from /opt/airflow/dags/incremental_data_processing.py
[2024-12-03T00:25:34.922+0000] {processor.py:925} INFO - DAG(s) 'incremental_data_processing' retrieved from /opt/airflow/dags/incremental_data_processing.py
[2024-12-03T00:25:34.935+0000] {logging_mixin.py:190} INFO - [2024-12-03T00:25:34.935+0000] {dag.py:3239} INFO - Sync 1 DAGs
[2024-12-03T00:25:34.946+0000] {logging_mixin.py:190} INFO - [2024-12-03T00:25:34.946+0000] {dag.py:4180} INFO - Setting next_dagrun for incremental_data_processing to 2024-12-02 23:00:00+00:00, run_after=2024-12-03 23:00:00+00:00
[2024-12-03T00:25:34.953+0000] {processor.py:208} INFO - Processing /opt/airflow/dags/incremental_data_processing.py took 0.048 seconds
[2024-12-03T00:26:05.214+0000] {processor.py:186} INFO - Started process (PID=6378) to work on /opt/airflow/dags/incremental_data_processing.py
[2024-12-03T00:26:05.215+0000] {processor.py:914} INFO - Processing file /opt/airflow/dags/incremental_data_processing.py for tasks to queue
[2024-12-03T00:26:05.218+0000] {logging_mixin.py:190} INFO - [2024-12-03T00:26:05.218+0000] {dagbag.py:588} INFO - Filling up the DagBag from /opt/airflow/dags/incremental_data_processing.py
[2024-12-03T00:26:05.229+0000] {processor.py:925} INFO - DAG(s) 'incremental_data_processing' retrieved from /opt/airflow/dags/incremental_data_processing.py
[2024-12-03T00:26:05.245+0000] {logging_mixin.py:190} INFO - [2024-12-03T00:26:05.245+0000] {dag.py:3239} INFO - Sync 1 DAGs
[2024-12-03T00:26:05.273+0000] {logging_mixin.py:190} INFO - [2024-12-03T00:26:05.273+0000] {dag.py:4180} INFO - Setting next_dagrun for incremental_data_processing to 2024-12-02 23:00:00+00:00, run_after=2024-12-03 23:00:00+00:00
[2024-12-03T00:26:05.284+0000] {processor.py:208} INFO - Processing /opt/airflow/dags/incremental_data_processing.py took 0.078 seconds
[2024-12-03T00:26:35.561+0000] {processor.py:186} INFO - Started process (PID=6444) to work on /opt/airflow/dags/incremental_data_processing.py
[2024-12-03T00:26:35.562+0000] {processor.py:914} INFO - Processing file /opt/airflow/dags/incremental_data_processing.py for tasks to queue
[2024-12-03T00:26:35.564+0000] {logging_mixin.py:190} INFO - [2024-12-03T00:26:35.564+0000] {dagbag.py:588} INFO - Filling up the DagBag from /opt/airflow/dags/incremental_data_processing.py
[2024-12-03T00:26:35.572+0000] {processor.py:925} INFO - DAG(s) 'incremental_data_processing' retrieved from /opt/airflow/dags/incremental_data_processing.py
[2024-12-03T00:26:35.586+0000] {logging_mixin.py:190} INFO - [2024-12-03T00:26:35.586+0000] {dag.py:3239} INFO - Sync 1 DAGs
[2024-12-03T00:26:35.598+0000] {logging_mixin.py:190} INFO - [2024-12-03T00:26:35.598+0000] {dag.py:4180} INFO - Setting next_dagrun for incremental_data_processing to 2024-12-02 23:00:00+00:00, run_after=2024-12-03 23:00:00+00:00
[2024-12-03T00:26:35.605+0000] {processor.py:208} INFO - Processing /opt/airflow/dags/incremental_data_processing.py took 0.051 seconds
[2024-12-03T00:27:05.910+0000] {processor.py:186} INFO - Started process (PID=6510) to work on /opt/airflow/dags/incremental_data_processing.py
[2024-12-03T00:27:05.911+0000] {processor.py:914} INFO - Processing file /opt/airflow/dags/incremental_data_processing.py for tasks to queue
[2024-12-03T00:27:05.913+0000] {logging_mixin.py:190} INFO - [2024-12-03T00:27:05.912+0000] {dagbag.py:588} INFO - Filling up the DagBag from /opt/airflow/dags/incremental_data_processing.py
[2024-12-03T00:27:05.919+0000] {processor.py:925} INFO - DAG(s) 'incremental_data_processing' retrieved from /opt/airflow/dags/incremental_data_processing.py
[2024-12-03T00:27:05.931+0000] {logging_mixin.py:190} INFO - [2024-12-03T00:27:05.931+0000] {dag.py:3239} INFO - Sync 1 DAGs
[2024-12-03T00:27:05.942+0000] {logging_mixin.py:190} INFO - [2024-12-03T00:27:05.942+0000] {dag.py:4180} INFO - Setting next_dagrun for incremental_data_processing to 2024-12-02 23:00:00+00:00, run_after=2024-12-03 23:00:00+00:00
[2024-12-03T00:27:05.948+0000] {processor.py:208} INFO - Processing /opt/airflow/dags/incremental_data_processing.py took 0.045 seconds
[2024-12-03T00:27:36.440+0000] {processor.py:186} INFO - Started process (PID=6576) to work on /opt/airflow/dags/incremental_data_processing.py
[2024-12-03T00:27:36.443+0000] {processor.py:914} INFO - Processing file /opt/airflow/dags/incremental_data_processing.py for tasks to queue
[2024-12-03T00:27:36.445+0000] {logging_mixin.py:190} INFO - [2024-12-03T00:27:36.444+0000] {dagbag.py:588} INFO - Filling up the DagBag from /opt/airflow/dags/incremental_data_processing.py
[2024-12-03T00:27:36.452+0000] {processor.py:925} INFO - DAG(s) 'incremental_data_processing' retrieved from /opt/airflow/dags/incremental_data_processing.py
[2024-12-03T00:27:36.466+0000] {logging_mixin.py:190} INFO - [2024-12-03T00:27:36.466+0000] {dag.py:3239} INFO - Sync 1 DAGs
[2024-12-03T00:27:36.477+0000] {logging_mixin.py:190} INFO - [2024-12-03T00:27:36.477+0000] {dag.py:4180} INFO - Setting next_dagrun for incremental_data_processing to 2024-12-02 23:00:00+00:00, run_after=2024-12-03 23:00:00+00:00
[2024-12-03T00:27:36.484+0000] {processor.py:208} INFO - Processing /opt/airflow/dags/incremental_data_processing.py took 0.051 seconds
[2024-12-03T00:28:06.862+0000] {processor.py:186} INFO - Started process (PID=6642) to work on /opt/airflow/dags/incremental_data_processing.py
[2024-12-03T00:28:06.864+0000] {processor.py:914} INFO - Processing file /opt/airflow/dags/incremental_data_processing.py for tasks to queue
[2024-12-03T00:28:06.866+0000] {logging_mixin.py:190} INFO - [2024-12-03T00:28:06.865+0000] {dagbag.py:588} INFO - Filling up the DagBag from /opt/airflow/dags/incremental_data_processing.py
[2024-12-03T00:28:06.873+0000] {processor.py:925} INFO - DAG(s) 'incremental_data_processing' retrieved from /opt/airflow/dags/incremental_data_processing.py
[2024-12-03T00:28:06.887+0000] {logging_mixin.py:190} INFO - [2024-12-03T00:28:06.887+0000] {dag.py:3239} INFO - Sync 1 DAGs
[2024-12-03T00:28:06.898+0000] {logging_mixin.py:190} INFO - [2024-12-03T00:28:06.898+0000] {dag.py:4180} INFO - Setting next_dagrun for incremental_data_processing to 2024-12-02 23:00:00+00:00, run_after=2024-12-03 23:00:00+00:00
[2024-12-03T00:28:06.905+0000] {processor.py:208} INFO - Processing /opt/airflow/dags/incremental_data_processing.py took 0.048 seconds
[2024-12-03T00:28:37.270+0000] {processor.py:186} INFO - Started process (PID=6708) to work on /opt/airflow/dags/incremental_data_processing.py
[2024-12-03T00:28:37.273+0000] {processor.py:914} INFO - Processing file /opt/airflow/dags/incremental_data_processing.py for tasks to queue
[2024-12-03T00:28:37.275+0000] {logging_mixin.py:190} INFO - [2024-12-03T00:28:37.274+0000] {dagbag.py:588} INFO - Filling up the DagBag from /opt/airflow/dags/incremental_data_processing.py
[2024-12-03T00:28:37.282+0000] {processor.py:925} INFO - DAG(s) 'incremental_data_processing' retrieved from /opt/airflow/dags/incremental_data_processing.py
[2024-12-03T00:28:37.294+0000] {logging_mixin.py:190} INFO - [2024-12-03T00:28:37.294+0000] {dag.py:3239} INFO - Sync 1 DAGs
[2024-12-03T00:28:37.304+0000] {logging_mixin.py:190} INFO - [2024-12-03T00:28:37.304+0000] {dag.py:4180} INFO - Setting next_dagrun for incremental_data_processing to 2024-12-02 23:00:00+00:00, run_after=2024-12-03 23:00:00+00:00
[2024-12-03T00:28:37.311+0000] {processor.py:208} INFO - Processing /opt/airflow/dags/incremental_data_processing.py took 0.047 seconds
[2024-12-03T00:29:07.682+0000] {processor.py:186} INFO - Started process (PID=6774) to work on /opt/airflow/dags/incremental_data_processing.py
[2024-12-03T00:29:07.683+0000] {processor.py:914} INFO - Processing file /opt/airflow/dags/incremental_data_processing.py for tasks to queue
[2024-12-03T00:29:07.684+0000] {logging_mixin.py:190} INFO - [2024-12-03T00:29:07.684+0000] {dagbag.py:588} INFO - Filling up the DagBag from /opt/airflow/dags/incremental_data_processing.py
[2024-12-03T00:29:07.689+0000] {processor.py:925} INFO - DAG(s) 'incremental_data_processing' retrieved from /opt/airflow/dags/incremental_data_processing.py
[2024-12-03T00:29:07.701+0000] {logging_mixin.py:190} INFO - [2024-12-03T00:29:07.701+0000] {dag.py:3239} INFO - Sync 1 DAGs
[2024-12-03T00:29:07.714+0000] {logging_mixin.py:190} INFO - [2024-12-03T00:29:07.714+0000] {dag.py:4180} INFO - Setting next_dagrun for incremental_data_processing to 2024-12-02 23:00:00+00:00, run_after=2024-12-03 23:00:00+00:00
[2024-12-03T00:29:07.721+0000] {processor.py:208} INFO - Processing /opt/airflow/dags/incremental_data_processing.py took 0.046 seconds
[2024-12-03T00:29:38.039+0000] {processor.py:186} INFO - Started process (PID=6840) to work on /opt/airflow/dags/incremental_data_processing.py
[2024-12-03T00:29:38.041+0000] {processor.py:914} INFO - Processing file /opt/airflow/dags/incremental_data_processing.py for tasks to queue
[2024-12-03T00:29:38.043+0000] {logging_mixin.py:190} INFO - [2024-12-03T00:29:38.043+0000] {dagbag.py:588} INFO - Filling up the DagBag from /opt/airflow/dags/incremental_data_processing.py
[2024-12-03T00:29:38.050+0000] {processor.py:925} INFO - DAG(s) 'incremental_data_processing' retrieved from /opt/airflow/dags/incremental_data_processing.py
[2024-12-03T00:29:38.062+0000] {logging_mixin.py:190} INFO - [2024-12-03T00:29:38.062+0000] {dag.py:3239} INFO - Sync 1 DAGs
[2024-12-03T00:29:38.072+0000] {logging_mixin.py:190} INFO - [2024-12-03T00:29:38.072+0000] {dag.py:4180} INFO - Setting next_dagrun for incremental_data_processing to 2024-12-02 23:00:00+00:00, run_after=2024-12-03 23:00:00+00:00
[2024-12-03T00:29:38.079+0000] {processor.py:208} INFO - Processing /opt/airflow/dags/incremental_data_processing.py took 0.045 seconds
[2024-12-03T00:30:08.705+0000] {processor.py:186} INFO - Started process (PID=6906) to work on /opt/airflow/dags/incremental_data_processing.py
[2024-12-03T00:30:08.706+0000] {processor.py:914} INFO - Processing file /opt/airflow/dags/incremental_data_processing.py for tasks to queue
[2024-12-03T00:30:08.709+0000] {logging_mixin.py:190} INFO - [2024-12-03T00:30:08.708+0000] {dagbag.py:588} INFO - Filling up the DagBag from /opt/airflow/dags/incremental_data_processing.py
[2024-12-03T00:30:08.718+0000] {processor.py:925} INFO - DAG(s) 'incremental_data_processing' retrieved from /opt/airflow/dags/incremental_data_processing.py
[2024-12-03T00:30:08.731+0000] {logging_mixin.py:190} INFO - [2024-12-03T00:30:08.731+0000] {dag.py:3239} INFO - Sync 1 DAGs
[2024-12-03T00:30:08.742+0000] {logging_mixin.py:190} INFO - [2024-12-03T00:30:08.742+0000] {dag.py:4180} INFO - Setting next_dagrun for incremental_data_processing to 2024-12-02 23:00:00+00:00, run_after=2024-12-03 23:00:00+00:00
[2024-12-03T00:30:08.749+0000] {processor.py:208} INFO - Processing /opt/airflow/dags/incremental_data_processing.py took 0.052 seconds
[2024-12-03T00:30:39.166+0000] {processor.py:186} INFO - Started process (PID=6972) to work on /opt/airflow/dags/incremental_data_processing.py
[2024-12-03T00:30:39.168+0000] {processor.py:914} INFO - Processing file /opt/airflow/dags/incremental_data_processing.py for tasks to queue
[2024-12-03T00:30:39.169+0000] {logging_mixin.py:190} INFO - [2024-12-03T00:30:39.169+0000] {dagbag.py:588} INFO - Filling up the DagBag from /opt/airflow/dags/incremental_data_processing.py
[2024-12-03T00:30:39.176+0000] {processor.py:925} INFO - DAG(s) 'incremental_data_processing' retrieved from /opt/airflow/dags/incremental_data_processing.py
[2024-12-03T00:30:39.189+0000] {logging_mixin.py:190} INFO - [2024-12-03T00:30:39.189+0000] {dag.py:3239} INFO - Sync 1 DAGs
[2024-12-03T00:30:39.199+0000] {logging_mixin.py:190} INFO - [2024-12-03T00:30:39.199+0000] {dag.py:4180} INFO - Setting next_dagrun for incremental_data_processing to 2024-12-02 23:00:00+00:00, run_after=2024-12-03 23:00:00+00:00
[2024-12-03T00:30:39.206+0000] {processor.py:208} INFO - Processing /opt/airflow/dags/incremental_data_processing.py took 0.048 seconds
[2024-12-03T00:31:09.648+0000] {processor.py:186} INFO - Started process (PID=7038) to work on /opt/airflow/dags/incremental_data_processing.py
[2024-12-03T00:31:09.650+0000] {processor.py:914} INFO - Processing file /opt/airflow/dags/incremental_data_processing.py for tasks to queue
[2024-12-03T00:31:09.651+0000] {logging_mixin.py:190} INFO - [2024-12-03T00:31:09.651+0000] {dagbag.py:588} INFO - Filling up the DagBag from /opt/airflow/dags/incremental_data_processing.py
[2024-12-03T00:31:09.659+0000] {processor.py:925} INFO - DAG(s) 'incremental_data_processing' retrieved from /opt/airflow/dags/incremental_data_processing.py
[2024-12-03T00:31:09.673+0000] {logging_mixin.py:190} INFO - [2024-12-03T00:31:09.673+0000] {dag.py:3239} INFO - Sync 1 DAGs
[2024-12-03T00:31:09.690+0000] {logging_mixin.py:190} INFO - [2024-12-03T00:31:09.690+0000] {dag.py:4180} INFO - Setting next_dagrun for incremental_data_processing to 2024-12-02 23:00:00+00:00, run_after=2024-12-03 23:00:00+00:00
[2024-12-03T00:31:09.697+0000] {processor.py:208} INFO - Processing /opt/airflow/dags/incremental_data_processing.py took 0.055 seconds
[2024-12-03T00:31:40.084+0000] {processor.py:186} INFO - Started process (PID=7104) to work on /opt/airflow/dags/incremental_data_processing.py
[2024-12-03T00:31:40.086+0000] {processor.py:914} INFO - Processing file /opt/airflow/dags/incremental_data_processing.py for tasks to queue
[2024-12-03T00:31:40.088+0000] {logging_mixin.py:190} INFO - [2024-12-03T00:31:40.088+0000] {dagbag.py:588} INFO - Filling up the DagBag from /opt/airflow/dags/incremental_data_processing.py
[2024-12-03T00:31:40.096+0000] {processor.py:925} INFO - DAG(s) 'incremental_data_processing' retrieved from /opt/airflow/dags/incremental_data_processing.py
[2024-12-03T00:31:40.109+0000] {logging_mixin.py:190} INFO - [2024-12-03T00:31:40.109+0000] {dag.py:3239} INFO - Sync 1 DAGs
[2024-12-03T00:31:40.120+0000] {logging_mixin.py:190} INFO - [2024-12-03T00:31:40.120+0000] {dag.py:4180} INFO - Setting next_dagrun for incremental_data_processing to 2024-12-02 23:00:00+00:00, run_after=2024-12-03 23:00:00+00:00
[2024-12-03T00:31:40.126+0000] {processor.py:208} INFO - Processing /opt/airflow/dags/incremental_data_processing.py took 0.048 seconds
[2024-12-03T00:32:10.578+0000] {processor.py:186} INFO - Started process (PID=7170) to work on /opt/airflow/dags/incremental_data_processing.py
[2024-12-03T00:32:10.579+0000] {processor.py:914} INFO - Processing file /opt/airflow/dags/incremental_data_processing.py for tasks to queue
[2024-12-03T00:32:10.581+0000] {logging_mixin.py:190} INFO - [2024-12-03T00:32:10.581+0000] {dagbag.py:588} INFO - Filling up the DagBag from /opt/airflow/dags/incremental_data_processing.py
[2024-12-03T00:32:10.588+0000] {processor.py:925} INFO - DAG(s) 'incremental_data_processing' retrieved from /opt/airflow/dags/incremental_data_processing.py
[2024-12-03T00:32:10.601+0000] {logging_mixin.py:190} INFO - [2024-12-03T00:32:10.601+0000] {dag.py:3239} INFO - Sync 1 DAGs
[2024-12-03T00:32:10.611+0000] {logging_mixin.py:190} INFO - [2024-12-03T00:32:10.611+0000] {dag.py:4180} INFO - Setting next_dagrun for incremental_data_processing to 2024-12-02 23:00:00+00:00, run_after=2024-12-03 23:00:00+00:00
[2024-12-03T00:32:10.618+0000] {processor.py:208} INFO - Processing /opt/airflow/dags/incremental_data_processing.py took 0.045 seconds
[2024-12-03T00:32:40.979+0000] {processor.py:186} INFO - Started process (PID=7236) to work on /opt/airflow/dags/incremental_data_processing.py
[2024-12-03T00:32:40.981+0000] {processor.py:914} INFO - Processing file /opt/airflow/dags/incremental_data_processing.py for tasks to queue
[2024-12-03T00:32:40.984+0000] {logging_mixin.py:190} INFO - [2024-12-03T00:32:40.983+0000] {dagbag.py:588} INFO - Filling up the DagBag from /opt/airflow/dags/incremental_data_processing.py
[2024-12-03T00:32:40.991+0000] {processor.py:925} INFO - DAG(s) 'incremental_data_processing' retrieved from /opt/airflow/dags/incremental_data_processing.py
[2024-12-03T00:32:41.005+0000] {logging_mixin.py:190} INFO - [2024-12-03T00:32:41.005+0000] {dag.py:3239} INFO - Sync 1 DAGs
[2024-12-03T00:32:41.018+0000] {logging_mixin.py:190} INFO - [2024-12-03T00:32:41.018+0000] {dag.py:4180} INFO - Setting next_dagrun for incremental_data_processing to 2024-12-02 23:00:00+00:00, run_after=2024-12-03 23:00:00+00:00
[2024-12-03T00:32:41.025+0000] {processor.py:208} INFO - Processing /opt/airflow/dags/incremental_data_processing.py took 0.052 seconds
[2024-12-03T00:33:11.317+0000] {processor.py:186} INFO - Started process (PID=7302) to work on /opt/airflow/dags/incremental_data_processing.py
[2024-12-03T00:33:11.319+0000] {processor.py:914} INFO - Processing file /opt/airflow/dags/incremental_data_processing.py for tasks to queue
[2024-12-03T00:33:11.321+0000] {logging_mixin.py:190} INFO - [2024-12-03T00:33:11.321+0000] {dagbag.py:588} INFO - Filling up the DagBag from /opt/airflow/dags/incremental_data_processing.py
[2024-12-03T00:33:11.329+0000] {processor.py:925} INFO - DAG(s) 'incremental_data_processing' retrieved from /opt/airflow/dags/incremental_data_processing.py
[2024-12-03T00:33:11.342+0000] {logging_mixin.py:190} INFO - [2024-12-03T00:33:11.342+0000] {dag.py:3239} INFO - Sync 1 DAGs
[2024-12-03T00:33:11.353+0000] {logging_mixin.py:190} INFO - [2024-12-03T00:33:11.353+0000] {dag.py:4180} INFO - Setting next_dagrun for incremental_data_processing to 2024-12-02 23:00:00+00:00, run_after=2024-12-03 23:00:00+00:00
[2024-12-03T00:33:11.359+0000] {processor.py:208} INFO - Processing /opt/airflow/dags/incremental_data_processing.py took 0.048 seconds
[2024-12-03T00:33:41.553+0000] {processor.py:186} INFO - Started process (PID=7368) to work on /opt/airflow/dags/incremental_data_processing.py
[2024-12-03T00:33:41.556+0000] {processor.py:914} INFO - Processing file /opt/airflow/dags/incremental_data_processing.py for tasks to queue
[2024-12-03T00:33:41.558+0000] {logging_mixin.py:190} INFO - [2024-12-03T00:33:41.558+0000] {dagbag.py:588} INFO - Filling up the DagBag from /opt/airflow/dags/incremental_data_processing.py
[2024-12-03T00:33:41.565+0000] {processor.py:925} INFO - DAG(s) 'incremental_data_processing' retrieved from /opt/airflow/dags/incremental_data_processing.py
[2024-12-03T00:33:41.579+0000] {logging_mixin.py:190} INFO - [2024-12-03T00:33:41.579+0000] {dag.py:3239} INFO - Sync 1 DAGs
[2024-12-03T00:33:41.592+0000] {logging_mixin.py:190} INFO - [2024-12-03T00:33:41.592+0000] {dag.py:4180} INFO - Setting next_dagrun for incremental_data_processing to 2024-12-02 23:00:00+00:00, run_after=2024-12-03 23:00:00+00:00
[2024-12-03T00:33:41.599+0000] {processor.py:208} INFO - Processing /opt/airflow/dags/incremental_data_processing.py took 0.053 seconds
[2024-12-03T00:34:11.839+0000] {processor.py:186} INFO - Started process (PID=7434) to work on /opt/airflow/dags/incremental_data_processing.py
[2024-12-03T00:34:11.840+0000] {processor.py:914} INFO - Processing file /opt/airflow/dags/incremental_data_processing.py for tasks to queue
[2024-12-03T00:34:11.842+0000] {logging_mixin.py:190} INFO - [2024-12-03T00:34:11.842+0000] {dagbag.py:588} INFO - Filling up the DagBag from /opt/airflow/dags/incremental_data_processing.py
[2024-12-03T00:34:11.850+0000] {processor.py:925} INFO - DAG(s) 'incremental_data_processing' retrieved from /opt/airflow/dags/incremental_data_processing.py
[2024-12-03T00:34:11.864+0000] {logging_mixin.py:190} INFO - [2024-12-03T00:34:11.863+0000] {dag.py:3239} INFO - Sync 1 DAGs
[2024-12-03T00:34:11.875+0000] {logging_mixin.py:190} INFO - [2024-12-03T00:34:11.875+0000] {dag.py:4180} INFO - Setting next_dagrun for incremental_data_processing to 2024-12-02 23:00:00+00:00, run_after=2024-12-03 23:00:00+00:00
[2024-12-03T00:34:11.882+0000] {processor.py:208} INFO - Processing /opt/airflow/dags/incremental_data_processing.py took 0.049 seconds
[2024-12-03T00:34:42.082+0000] {processor.py:186} INFO - Started process (PID=7500) to work on /opt/airflow/dags/incremental_data_processing.py
[2024-12-03T00:34:42.083+0000] {processor.py:914} INFO - Processing file /opt/airflow/dags/incremental_data_processing.py for tasks to queue
[2024-12-03T00:34:42.084+0000] {logging_mixin.py:190} INFO - [2024-12-03T00:34:42.084+0000] {dagbag.py:588} INFO - Filling up the DagBag from /opt/airflow/dags/incremental_data_processing.py
[2024-12-03T00:34:42.088+0000] {processor.py:925} INFO - DAG(s) 'incremental_data_processing' retrieved from /opt/airflow/dags/incremental_data_processing.py
[2024-12-03T00:34:42.097+0000] {logging_mixin.py:190} INFO - [2024-12-03T00:34:42.096+0000] {dag.py:3239} INFO - Sync 1 DAGs
[2024-12-03T00:34:42.105+0000] {logging_mixin.py:190} INFO - [2024-12-03T00:34:42.105+0000] {dag.py:4180} INFO - Setting next_dagrun for incremental_data_processing to 2024-12-02 23:00:00+00:00, run_after=2024-12-03 23:00:00+00:00
[2024-12-03T00:34:42.111+0000] {processor.py:208} INFO - Processing /opt/airflow/dags/incremental_data_processing.py took 0.032 seconds
[2024-12-03T00:35:12.426+0000] {processor.py:186} INFO - Started process (PID=7566) to work on /opt/airflow/dags/incremental_data_processing.py
[2024-12-03T00:35:12.428+0000] {processor.py:914} INFO - Processing file /opt/airflow/dags/incremental_data_processing.py for tasks to queue
[2024-12-03T00:35:12.429+0000] {logging_mixin.py:190} INFO - [2024-12-03T00:35:12.429+0000] {dagbag.py:588} INFO - Filling up the DagBag from /opt/airflow/dags/incremental_data_processing.py
[2024-12-03T00:35:12.435+0000] {processor.py:925} INFO - DAG(s) 'incremental_data_processing' retrieved from /opt/airflow/dags/incremental_data_processing.py
[2024-12-03T00:35:12.445+0000] {logging_mixin.py:190} INFO - [2024-12-03T00:35:12.445+0000] {dag.py:3239} INFO - Sync 1 DAGs
[2024-12-03T00:35:12.455+0000] {logging_mixin.py:190} INFO - [2024-12-03T00:35:12.455+0000] {dag.py:4180} INFO - Setting next_dagrun for incremental_data_processing to 2024-12-02 23:00:00+00:00, run_after=2024-12-03 23:00:00+00:00
[2024-12-03T00:35:12.461+0000] {processor.py:208} INFO - Processing /opt/airflow/dags/incremental_data_processing.py took 0.040 seconds
[2024-12-03T00:35:42.771+0000] {processor.py:186} INFO - Started process (PID=7632) to work on /opt/airflow/dags/incremental_data_processing.py
[2024-12-03T00:35:42.773+0000] {processor.py:914} INFO - Processing file /opt/airflow/dags/incremental_data_processing.py for tasks to queue
[2024-12-03T00:35:42.775+0000] {logging_mixin.py:190} INFO - [2024-12-03T00:35:42.775+0000] {dagbag.py:588} INFO - Filling up the DagBag from /opt/airflow/dags/incremental_data_processing.py
[2024-12-03T00:35:42.783+0000] {processor.py:925} INFO - DAG(s) 'incremental_data_processing' retrieved from /opt/airflow/dags/incremental_data_processing.py
[2024-12-03T00:35:42.796+0000] {logging_mixin.py:190} INFO - [2024-12-03T00:35:42.796+0000] {dag.py:3239} INFO - Sync 1 DAGs
[2024-12-03T00:35:42.807+0000] {logging_mixin.py:190} INFO - [2024-12-03T00:35:42.807+0000] {dag.py:4180} INFO - Setting next_dagrun for incremental_data_processing to 2024-12-02 23:00:00+00:00, run_after=2024-12-03 23:00:00+00:00
[2024-12-03T00:35:42.814+0000] {processor.py:208} INFO - Processing /opt/airflow/dags/incremental_data_processing.py took 0.050 seconds
[2024-12-03T00:36:13.084+0000] {processor.py:186} INFO - Started process (PID=7698) to work on /opt/airflow/dags/incremental_data_processing.py
[2024-12-03T00:36:13.085+0000] {processor.py:914} INFO - Processing file /opt/airflow/dags/incremental_data_processing.py for tasks to queue
[2024-12-03T00:36:13.087+0000] {logging_mixin.py:190} INFO - [2024-12-03T00:36:13.087+0000] {dagbag.py:588} INFO - Filling up the DagBag from /opt/airflow/dags/incremental_data_processing.py
[2024-12-03T00:36:13.093+0000] {processor.py:925} INFO - DAG(s) 'incremental_data_processing' retrieved from /opt/airflow/dags/incremental_data_processing.py
[2024-12-03T00:36:13.105+0000] {logging_mixin.py:190} INFO - [2024-12-03T00:36:13.105+0000] {dag.py:3239} INFO - Sync 1 DAGs
[2024-12-03T00:36:13.115+0000] {logging_mixin.py:190} INFO - [2024-12-03T00:36:13.114+0000] {dag.py:4180} INFO - Setting next_dagrun for incremental_data_processing to 2024-12-02 23:00:00+00:00, run_after=2024-12-03 23:00:00+00:00
[2024-12-03T00:36:13.121+0000] {processor.py:208} INFO - Processing /opt/airflow/dags/incremental_data_processing.py took 0.042 seconds
[2024-12-03T00:36:43.339+0000] {processor.py:186} INFO - Started process (PID=7764) to work on /opt/airflow/dags/incremental_data_processing.py
[2024-12-03T00:36:43.340+0000] {processor.py:914} INFO - Processing file /opt/airflow/dags/incremental_data_processing.py for tasks to queue
[2024-12-03T00:36:43.342+0000] {logging_mixin.py:190} INFO - [2024-12-03T00:36:43.341+0000] {dagbag.py:588} INFO - Filling up the DagBag from /opt/airflow/dags/incremental_data_processing.py
[2024-12-03T00:36:43.348+0000] {processor.py:925} INFO - DAG(s) 'incremental_data_processing' retrieved from /opt/airflow/dags/incremental_data_processing.py
[2024-12-03T00:36:43.359+0000] {logging_mixin.py:190} INFO - [2024-12-03T00:36:43.359+0000] {dag.py:3239} INFO - Sync 1 DAGs
[2024-12-03T00:36:43.370+0000] {logging_mixin.py:190} INFO - [2024-12-03T00:36:43.370+0000] {dag.py:4180} INFO - Setting next_dagrun for incremental_data_processing to 2024-12-02 23:00:00+00:00, run_after=2024-12-03 23:00:00+00:00
[2024-12-03T00:36:43.377+0000] {processor.py:208} INFO - Processing /opt/airflow/dags/incremental_data_processing.py took 0.044 seconds
[2024-12-03T00:37:13.572+0000] {processor.py:186} INFO - Started process (PID=7830) to work on /opt/airflow/dags/incremental_data_processing.py
[2024-12-03T00:37:13.574+0000] {processor.py:914} INFO - Processing file /opt/airflow/dags/incremental_data_processing.py for tasks to queue
[2024-12-03T00:37:13.575+0000] {logging_mixin.py:190} INFO - [2024-12-03T00:37:13.575+0000] {dagbag.py:588} INFO - Filling up the DagBag from /opt/airflow/dags/incremental_data_processing.py
[2024-12-03T00:37:13.582+0000] {processor.py:925} INFO - DAG(s) 'incremental_data_processing' retrieved from /opt/airflow/dags/incremental_data_processing.py
[2024-12-03T00:37:13.596+0000] {logging_mixin.py:190} INFO - [2024-12-03T00:37:13.595+0000] {dag.py:3239} INFO - Sync 1 DAGs
[2024-12-03T00:37:13.606+0000] {logging_mixin.py:190} INFO - [2024-12-03T00:37:13.606+0000] {dag.py:4180} INFO - Setting next_dagrun for incremental_data_processing to 2024-12-02 23:00:00+00:00, run_after=2024-12-03 23:00:00+00:00
[2024-12-03T00:37:13.612+0000] {processor.py:208} INFO - Processing /opt/airflow/dags/incremental_data_processing.py took 0.047 seconds
[2024-12-03T00:37:43.887+0000] {processor.py:186} INFO - Started process (PID=7896) to work on /opt/airflow/dags/incremental_data_processing.py
[2024-12-03T00:37:43.889+0000] {processor.py:914} INFO - Processing file /opt/airflow/dags/incremental_data_processing.py for tasks to queue
[2024-12-03T00:37:43.891+0000] {logging_mixin.py:190} INFO - [2024-12-03T00:37:43.891+0000] {dagbag.py:588} INFO - Filling up the DagBag from /opt/airflow/dags/incremental_data_processing.py
[2024-12-03T00:37:43.899+0000] {processor.py:925} INFO - DAG(s) 'incremental_data_processing' retrieved from /opt/airflow/dags/incremental_data_processing.py
[2024-12-03T00:37:43.916+0000] {logging_mixin.py:190} INFO - [2024-12-03T00:37:43.916+0000] {dag.py:3239} INFO - Sync 1 DAGs
[2024-12-03T00:37:43.937+0000] {logging_mixin.py:190} INFO - [2024-12-03T00:37:43.937+0000] {dag.py:4180} INFO - Setting next_dagrun for incremental_data_processing to 2024-12-02 23:00:00+00:00, run_after=2024-12-03 23:00:00+00:00
[2024-12-03T00:37:43.944+0000] {processor.py:208} INFO - Processing /opt/airflow/dags/incremental_data_processing.py took 0.064 seconds
