[2024-12-02T06:24:41.253+0000] {local_task_job_runner.py:123} INFO - ::group::Pre task execution logs
[2024-12-02T06:24:41.258+0000] {taskinstance.py:2613} INFO - Dependencies all met for dep_context=non-requeueable deps ti=<TaskInstance: 01_unschedulled.calculate_stats manual__2024-12-02T06:24:39.038948+00:00 [queued]>
[2024-12-02T06:24:41.260+0000] {taskinstance.py:2613} INFO - Dependencies all met for dep_context=requeueable deps ti=<TaskInstance: 01_unschedulled.calculate_stats manual__2024-12-02T06:24:39.038948+00:00 [queued]>
[2024-12-02T06:24:41.260+0000] {taskinstance.py:2866} INFO - Starting attempt 1 of 1
[2024-12-02T06:24:41.265+0000] {taskinstance.py:2889} INFO - Executing <Task(PythonOperator): calculate_stats> on 2024-12-02 06:24:39.038948+00:00
[2024-12-02T06:24:41.267+0000] {warnings.py:112} WARNING - /home/***/.local/lib/python3.12/site-packages/***/task/task_runner/standard_task_runner.py:70: DeprecationWarning: This process (pid=388) is multi-threaded, use of fork() may lead to deadlocks in the child.
  pid = os.fork()

[2024-12-02T06:24:41.268+0000] {standard_task_runner.py:72} INFO - Started process 389 to run task
[2024-12-02T06:24:41.268+0000] {standard_task_runner.py:104} INFO - Running: ['***', 'tasks', 'run', '01_unschedulled', 'calculate_stats', 'manual__2024-12-02T06:24:39.038948+00:00', '--job-id', '43', '--raw', '--subdir', 'DAGS_FOLDER/website_events.py', '--cfg-path', '/tmp/tmp89kpd7xj']
[2024-12-02T06:24:41.269+0000] {standard_task_runner.py:105} INFO - Job 43: Subtask calculate_stats
[2024-12-02T06:24:41.284+0000] {task_command.py:467} INFO - Running <TaskInstance: 01_unschedulled.calculate_stats manual__2024-12-02T06:24:39.038948+00:00 [running]> on host 5b399ecdbb69
[2024-12-02T06:24:41.308+0000] {taskinstance.py:3132} INFO - Exporting env vars: AIRFLOW_CTX_DAG_OWNER='***' AIRFLOW_CTX_DAG_ID='01_unschedulled' AIRFLOW_CTX_TASK_ID='calculate_stats' AIRFLOW_CTX_EXECUTION_DATE='2024-12-02T06:24:39.038948+00:00' AIRFLOW_CTX_TRY_NUMBER='1' AIRFLOW_CTX_DAG_RUN_ID='manual__2024-12-02T06:24:39.038948+00:00'
[2024-12-02T06:24:41.308+0000] {logging_mixin.py:190} INFO - Task instance is in running state
[2024-12-02T06:24:41.308+0000] {logging_mixin.py:190} INFO -  Previous state of the Task instance: queued
[2024-12-02T06:24:41.309+0000] {logging_mixin.py:190} INFO - Current task name:calculate_stats state:running start_date:2024-12-02 06:24:41.258659+00:00
[2024-12-02T06:24:41.309+0000] {logging_mixin.py:190} INFO - Dag name:01_unschedulled and current dag run status:running
[2024-12-02T06:24:41.309+0000] {taskinstance.py:731} INFO - ::endgroup::
[2024-12-02T06:24:41.344+0000] {python.py:240} INFO - Done. Returned value was: None
[2024-12-02T06:24:41.347+0000] {taskinstance.py:340} INFO - ::group::Post task execution logs
[2024-12-02T06:24:41.347+0000] {taskinstance.py:352} INFO - Marking task as SUCCESS. dag_id=01_unschedulled, task_id=calculate_stats, run_id=manual__2024-12-02T06:24:39.038948+00:00, execution_date=20241202T062439, start_date=20241202T062441, end_date=20241202T062441
[2024-12-02T06:24:41.350+0000] {logging_mixin.py:190} INFO - Task instance in success state
[2024-12-02T06:24:41.350+0000] {logging_mixin.py:190} INFO -  Previous state of the Task instance: running
[2024-12-02T06:24:41.350+0000] {logging_mixin.py:190} INFO - Dag name:01_unschedulled queued_at:2024-12-02 06:24:39.042637+00:00
[2024-12-02T06:24:41.350+0000] {logging_mixin.py:190} INFO - Task hostname:5b399ecdbb69 operator:PythonOperator
[2024-12-02T06:24:41.367+0000] {local_task_job_runner.py:266} INFO - Task exited with return code 0
[2024-12-02T06:24:41.372+0000] {taskinstance.py:3895} INFO - 0 downstream tasks scheduled from follow-on schedule check
[2024-12-02T06:24:41.373+0000] {local_task_job_runner.py:245} INFO - ::endgroup::
